[0.055s] Invoking command in '/home/kcg/Autonomous_kcg/ROS2Sample/build/tracked_lane_msgs': CMAKE_PREFIX_PATH=${CMAKE_PREFIX_PATH}:/home/kcg/Autonomous_kcg/ROS2Sample/install/python_publisher:/opt/ros/foxy /usr/bin/cmake --build /home/kcg/Autonomous_kcg/ROS2Sample/build/tracked_lane_msgs -- -j8 -l8
[0.141s] [  1%] Built target tracked_lane_msgs__cpp
[0.145s] [ 12%] Built target tracked_lane_msgs__rosidl_generator_c
[0.244s] [ 23%] Built target tracked_lane_msgs__rosidl_typesupport_introspection_cpp
[0.255s] [ 34%] Built target tracked_lane_msgs__rosidl_typesupport_cpp
[0.261s] [ 45%] Built target tracked_lane_msgs__rosidl_typesupport_fastrtps_cpp
[0.270s] [ 56%] Built target tracked_lane_msgs__rosidl_typesupport_c
[0.284s] [ 67%] Built target tracked_lane_msgs__rosidl_typesupport_introspection_c
[0.316s] [ 78%] Built target tracked_lane_msgs__rosidl_typesupport_fastrtps_c
[0.347s] [ 78%] Built target tracked_lane_msgs
[0.373s] [ 80%] Built target tracked_lane_msgs__py
[0.420s] [ 89%] Built target tracked_lane_msgs__python
[0.484s] [ 92%] Built target tracked_lane_msgs__rosidl_typesupport_fastrtps_c__pyext
[0.502s] [ 96%] Built target tracked_lane_msgs__rosidl_typesupport_c__pyext
[0.505s] [100%] Built target tracked_lane_msgs__rosidl_typesupport_introspection_c__pyext
[0.539s] Invoked command in '/home/kcg/Autonomous_kcg/ROS2Sample/build/tracked_lane_msgs' returned '0': CMAKE_PREFIX_PATH=${CMAKE_PREFIX_PATH}:/home/kcg/Autonomous_kcg/ROS2Sample/install/python_publisher:/opt/ros/foxy /usr/bin/cmake --build /home/kcg/Autonomous_kcg/ROS2Sample/build/tracked_lane_msgs -- -j8 -l8
[0.706s] Invoking command in '/home/kcg/Autonomous_kcg/ROS2Sample/build/tracked_lane_msgs': CMAKE_PREFIX_PATH=${CMAKE_PREFIX_PATH}:/home/kcg/Autonomous_kcg/ROS2Sample/install/python_publisher:/opt/ros/foxy /usr/bin/cmake --install /home/kcg/Autonomous_kcg/ROS2Sample/build/tracked_lane_msgs
[0.762s] -- Install configuration: ""
[0.762s] -- Up-to-date: /home/kcg/Autonomous_kcg/ROS2Sample/install/tracked_lane_msgs/share/ament_index/resource_index/rosidl_interfaces/tracked_lane_msgs
[0.763s] -- Up-to-date: /home/kcg/Autonomous_kcg/ROS2Sample/install/tracked_lane_msgs/include/tracked_lane_msgs
[0.763s] -- Up-to-date: /home/kcg/Autonomous_kcg/ROS2Sample/install/tracked_lane_msgs/include/tracked_lane_msgs/msg
[0.763s] -- Up-to-date: /home/kcg/Autonomous_kcg/ROS2Sample/install/tracked_lane_msgs/include/tracked_lane_msgs/msg/point.h
[0.763s] -- Up-to-date: /home/kcg/Autonomous_kcg/ROS2Sample/install/tracked_lane_msgs/include/tracked_lane_msgs/msg/rosidl_generator_c__visibility_control.h
[0.764s] -- Up-to-date: /home/kcg/Autonomous_kcg/ROS2Sample/install/tracked_lane_msgs/include/tracked_lane_msgs/msg/lane.h
[0.764s] -- Up-to-date: /home/kcg/Autonomous_kcg/ROS2Sample/install/tracked_lane_msgs/include/tracked_lane_msgs/msg/lane_results.h
[0.764s] -- Up-to-date: /home/kcg/Autonomous_kcg/ROS2Sample/install/tracked_lane_msgs/include/tracked_lane_msgs/msg/detail
[0.764s] -- Up-to-date: /home/kcg/Autonomous_kcg/ROS2Sample/install/tracked_lane_msgs/include/tracked_lane_msgs/msg/detail/lane__functions.h
[0.764s] -- Up-to-date: /home/kcg/Autonomous_kcg/ROS2Sample/install/tracked_lane_msgs/include/tracked_lane_msgs/msg/detail/point__type_support.h
[0.764s] -- Up-to-date: /home/kcg/Autonomous_kcg/ROS2Sample/install/tracked_lane_msgs/include/tracked_lane_msgs/msg/detail/lane__functions.c
[0.764s] -- Up-to-date: /home/kcg/Autonomous_kcg/ROS2Sample/install/tracked_lane_msgs/include/tracked_lane_msgs/msg/detail/point__functions.h
[0.765s] -- Up-to-date: /home/kcg/Autonomous_kcg/ROS2Sample/install/tracked_lane_msgs/include/tracked_lane_msgs/msg/detail/lane_results__functions.c
[0.765s] -- Up-to-date: /home/kcg/Autonomous_kcg/ROS2Sample/install/tracked_lane_msgs/include/tracked_lane_msgs/msg/detail/boundary__type_support.h
[0.765s] -- Up-to-date: /home/kcg/Autonomous_kcg/ROS2Sample/install/tracked_lane_msgs/include/tracked_lane_msgs/msg/detail/lane_results__struct.h
[0.765s] -- Up-to-date: /home/kcg/Autonomous_kcg/ROS2Sample/install/tracked_lane_msgs/include/tracked_lane_msgs/msg/detail/boundary__struct.h
[0.765s] -- Up-to-date: /home/kcg/Autonomous_kcg/ROS2Sample/install/tracked_lane_msgs/include/tracked_lane_msgs/msg/detail/boundary__functions.h
[0.765s] -- Up-to-date: /home/kcg/Autonomous_kcg/ROS2Sample/install/tracked_lane_msgs/include/tracked_lane_msgs/msg/detail/lane_results__type_support.h
[0.765s] -- Up-to-date: /home/kcg/Autonomous_kcg/ROS2Sample/install/tracked_lane_msgs/include/tracked_lane_msgs/msg/detail/point__struct.h
[0.765s] -- Up-to-date: /home/kcg/Autonomous_kcg/ROS2Sample/install/tracked_lane_msgs/include/tracked_lane_msgs/msg/detail/lane_results__functions.h
[0.765s] -- Up-to-date: /home/kcg/Autonomous_kcg/ROS2Sample/install/tracked_lane_msgs/include/tracked_lane_msgs/msg/detail/point__functions.c
[0.766s] -- Up-to-date: /home/kcg/Autonomous_kcg/ROS2Sample/install/tracked_lane_msgs/include/tracked_lane_msgs/msg/detail/lane__type_support.h
[0.766s] -- Up-to-date: /home/kcg/Autonomous_kcg/ROS2Sample/install/tracked_lane_msgs/include/tracked_lane_msgs/msg/detail/lane__struct.h
[0.766s] -- Up-to-date: /home/kcg/Autonomous_kcg/ROS2Sample/install/tracked_lane_msgs/include/tracked_lane_msgs/msg/detail/boundary__functions.c
[0.766s] -- Up-to-date: /home/kcg/Autonomous_kcg/ROS2Sample/install/tracked_lane_msgs/include/tracked_lane_msgs/msg/boundary.h
[0.766s] -- Up-to-date: /home/kcg/Autonomous_kcg/ROS2Sample/install/tracked_lane_msgs/share/tracked_lane_msgs/environment/library_path.sh
[0.766s] -- Up-to-date: /home/kcg/Autonomous_kcg/ROS2Sample/install/tracked_lane_msgs/share/tracked_lane_msgs/environment/library_path.dsv
[0.770s] -- Up-to-date: /home/kcg/Autonomous_kcg/ROS2Sample/install/tracked_lane_msgs/lib/libtracked_lane_msgs__rosidl_generator_c.so
[0.771s] -- Up-to-date: /home/kcg/Autonomous_kcg/ROS2Sample/install/tracked_lane_msgs/include/tracked_lane_msgs
[0.772s] -- Up-to-date: /home/kcg/Autonomous_kcg/ROS2Sample/install/tracked_lane_msgs/include/tracked_lane_msgs/msg
[0.775s] -- Up-to-date: /home/kcg/Autonomous_kcg/ROS2Sample/install/tracked_lane_msgs/include/tracked_lane_msgs/msg/rosidl_typesupport_fastrtps_c__visibility_control.h
[0.775s] -- Up-to-date: /home/kcg/Autonomous_kcg/ROS2Sample/install/tracked_lane_msgs/include/tracked_lane_msgs/msg/detail
[0.776s] -- Up-to-date: /home/kcg/Autonomous_kcg/ROS2Sample/install/tracked_lane_msgs/include/tracked_lane_msgs/msg/detail/lane_results__rosidl_typesupport_fastrtps_c.h
[0.777s] -- Up-to-date: /home/kcg/Autonomous_kcg/ROS2Sample/install/tracked_lane_msgs/include/tracked_lane_msgs/msg/detail/point__rosidl_typesupport_fastrtps_c.h
[0.777s] -- Up-to-date: /home/kcg/Autonomous_kcg/ROS2Sample/install/tracked_lane_msgs/include/tracked_lane_msgs/msg/detail/boundary__rosidl_typesupport_fastrtps_c.h
[0.777s] -- Up-to-date: /home/kcg/Autonomous_kcg/ROS2Sample/install/tracked_lane_msgs/include/tracked_lane_msgs/msg/detail/lane__rosidl_typesupport_fastrtps_c.h
[0.778s] -- Up-to-date: /home/kcg/Autonomous_kcg/ROS2Sample/install/tracked_lane_msgs/lib/libtracked_lane_msgs__rosidl_typesupport_fastrtps_c.so
[0.778s] -- Up-to-date: /home/kcg/Autonomous_kcg/ROS2Sample/install/tracked_lane_msgs/include/tracked_lane_msgs
[0.778s] -- Up-to-date: /home/kcg/Autonomous_kcg/ROS2Sample/install/tracked_lane_msgs/include/tracked_lane_msgs/msg
[0.780s] -- Up-to-date: /home/kcg/Autonomous_kcg/ROS2Sample/install/tracked_lane_msgs/include/tracked_lane_msgs/msg/detail
[0.781s] -- Up-to-date: /home/kcg/Autonomous_kcg/ROS2Sample/install/tracked_lane_msgs/include/tracked_lane_msgs/msg/detail/dds_fastrtps
[0.782s] -- Up-to-date: /home/kcg/Autonomous_kcg/ROS2Sample/install/tracked_lane_msgs/include/tracked_lane_msgs/msg/detail/point__rosidl_typesupport_fastrtps_cpp.hpp
[0.783s] -- Up-to-date: /home/kcg/Autonomous_kcg/ROS2Sample/install/tracked_lane_msgs/include/tracked_lane_msgs/msg/detail/lane__rosidl_typesupport_fastrtps_cpp.hpp
[0.785s] -- Up-to-date: /home/kcg/Autonomous_kcg/ROS2Sample/install/tracked_lane_msgs/include/tracked_lane_msgs/msg/detail/boundary__rosidl_typesupport_fastrtps_cpp.hpp
[0.791s] -- Up-to-date: /home/kcg/Autonomous_kcg/ROS2Sample/install/tracked_lane_msgs/include/tracked_lane_msgs/msg/detail/lane_results__rosidl_typesupport_fastrtps_cpp.hpp
[0.791s] -- Up-to-date: /home/kcg/Autonomous_kcg/ROS2Sample/install/tracked_lane_msgs/include/tracked_lane_msgs/msg/rosidl_typesupport_fastrtps_cpp__visibility_control.h
[0.792s] -- Up-to-date: /home/kcg/Autonomous_kcg/ROS2Sample/install/tracked_lane_msgs/lib/libtracked_lane_msgs__rosidl_typesupport_fastrtps_cpp.so
[0.792s] -- Up-to-date: /home/kcg/Autonomous_kcg/ROS2Sample/install/tracked_lane_msgs/include/tracked_lane_msgs
[0.792s] -- Up-to-date: /home/kcg/Autonomous_kcg/ROS2Sample/install/tracked_lane_msgs/include/tracked_lane_msgs/msg
[0.793s] -- Up-to-date: /home/kcg/Autonomous_kcg/ROS2Sample/install/tracked_lane_msgs/include/tracked_lane_msgs/msg/rosidl_typesupport_introspection_c__visibility_control.h
[0.793s] -- Up-to-date: /home/kcg/Autonomous_kcg/ROS2Sample/install/tracked_lane_msgs/include/tracked_lane_msgs/msg/detail
[0.793s] -- Up-to-date: /home/kcg/Autonomous_kcg/ROS2Sample/install/tracked_lane_msgs/include/tracked_lane_msgs/msg/detail/point__type_support.c
[0.793s] -- Up-to-date: /home/kcg/Autonomous_kcg/ROS2Sample/install/tracked_lane_msgs/include/tracked_lane_msgs/msg/detail/lane__rosidl_typesupport_introspection_c.h
[0.794s] -- Up-to-date: /home/kcg/Autonomous_kcg/ROS2Sample/install/tracked_lane_msgs/include/tracked_lane_msgs/msg/detail/boundary__rosidl_typesupport_introspection_c.h
[0.794s] -- Up-to-date: /home/kcg/Autonomous_kcg/ROS2Sample/install/tracked_lane_msgs/include/tracked_lane_msgs/msg/detail/lane__type_support.c
[0.794s] -- Up-to-date: /home/kcg/Autonomous_kcg/ROS2Sample/install/tracked_lane_msgs/include/tracked_lane_msgs/msg/detail/point__rosidl_typesupport_introspection_c.h
[0.794s] -- Up-to-date: /home/kcg/Autonomous_kcg/ROS2Sample/install/tracked_lane_msgs/include/tracked_lane_msgs/msg/detail/lane_results__rosidl_typesupport_introspection_c.h
[0.795s] -- Up-to-date: /home/kcg/Autonomous_kcg/ROS2Sample/install/tracked_lane_msgs/include/tracked_lane_msgs/msg/detail/lane_results__type_support.c
[0.795s] -- Up-to-date: /home/kcg/Autonomous_kcg/ROS2Sample/install/tracked_lane_msgs/include/tracked_lane_msgs/msg/detail/boundary__type_support.c
[0.795s] -- Up-to-date: /home/kcg/Autonomous_kcg/ROS2Sample/install/tracked_lane_msgs/lib/libtracked_lane_msgs__rosidl_typesupport_introspection_c.so
[0.795s] -- Up-to-date: /home/kcg/Autonomous_kcg/ROS2Sample/install/tracked_lane_msgs/lib/libtracked_lane_msgs__rosidl_typesupport_c.so
[0.795s] -- Up-to-date: /home/kcg/Autonomous_kcg/ROS2Sample/install/tracked_lane_msgs/include/tracked_lane_msgs
[0.796s] -- Up-to-date: /home/kcg/Autonomous_kcg/ROS2Sample/install/tracked_lane_msgs/include/tracked_lane_msgs/msg
[0.796s] -- Up-to-date: /home/kcg/Autonomous_kcg/ROS2Sample/install/tracked_lane_msgs/include/tracked_lane_msgs/msg/lane_results.hpp
[0.796s] -- Up-to-date: /home/kcg/Autonomous_kcg/ROS2Sample/install/tracked_lane_msgs/include/tracked_lane_msgs/msg/lane.hpp
[0.796s] -- Up-to-date: /home/kcg/Autonomous_kcg/ROS2Sample/install/tracked_lane_msgs/include/tracked_lane_msgs/msg/point.hpp
[0.796s] -- Up-to-date: /home/kcg/Autonomous_kcg/ROS2Sample/install/tracked_lane_msgs/include/tracked_lane_msgs/msg/boundary.hpp
[0.796s] -- Up-to-date: /home/kcg/Autonomous_kcg/ROS2Sample/install/tracked_lane_msgs/include/tracked_lane_msgs/msg/detail
[0.797s] -- Up-to-date: /home/kcg/Autonomous_kcg/ROS2Sample/install/tracked_lane_msgs/include/tracked_lane_msgs/msg/detail/point__builder.hpp
[0.797s] -- Up-to-date: /home/kcg/Autonomous_kcg/ROS2Sample/install/tracked_lane_msgs/include/tracked_lane_msgs/msg/detail/boundary__traits.hpp
[0.797s] -- Up-to-date: /home/kcg/Autonomous_kcg/ROS2Sample/install/tracked_lane_msgs/include/tracked_lane_msgs/msg/detail/lane__builder.hpp
[0.797s] -- Up-to-date: /home/kcg/Autonomous_kcg/ROS2Sample/install/tracked_lane_msgs/include/tracked_lane_msgs/msg/detail/boundary__struct.hpp
[0.797s] -- Up-to-date: /home/kcg/Autonomous_kcg/ROS2Sample/install/tracked_lane_msgs/include/tracked_lane_msgs/msg/detail/lane_results__struct.hpp
[0.797s] -- Up-to-date: /home/kcg/Autonomous_kcg/ROS2Sample/install/tracked_lane_msgs/include/tracked_lane_msgs/msg/detail/boundary__builder.hpp
[0.798s] -- Up-to-date: /home/kcg/Autonomous_kcg/ROS2Sample/install/tracked_lane_msgs/include/tracked_lane_msgs/msg/detail/lane_results__traits.hpp
[0.798s] -- Up-to-date: /home/kcg/Autonomous_kcg/ROS2Sample/install/tracked_lane_msgs/include/tracked_lane_msgs/msg/detail/point__struct.hpp
[0.798s] -- Up-to-date: /home/kcg/Autonomous_kcg/ROS2Sample/install/tracked_lane_msgs/include/tracked_lane_msgs/msg/detail/lane_results__builder.hpp
[0.801s] -- Up-to-date: /home/kcg/Autonomous_kcg/ROS2Sample/install/tracked_lane_msgs/include/tracked_lane_msgs/msg/detail/lane__traits.hpp
[0.802s] -- Up-to-date: /home/kcg/Autonomous_kcg/ROS2Sample/install/tracked_lane_msgs/include/tracked_lane_msgs/msg/detail/lane__struct.hpp
[0.802s] -- Up-to-date: /home/kcg/Autonomous_kcg/ROS2Sample/install/tracked_lane_msgs/include/tracked_lane_msgs/msg/detail/point__traits.hpp
[0.802s] -- Up-to-date: /home/kcg/Autonomous_kcg/ROS2Sample/install/tracked_lane_msgs/include/tracked_lane_msgs
[0.802s] -- Up-to-date: /home/kcg/Autonomous_kcg/ROS2Sample/install/tracked_lane_msgs/include/tracked_lane_msgs/msg
[0.803s] -- Up-to-date: /home/kcg/Autonomous_kcg/ROS2Sample/install/tracked_lane_msgs/include/tracked_lane_msgs/msg/detail
[0.803s] -- Up-to-date: /home/kcg/Autonomous_kcg/ROS2Sample/install/tracked_lane_msgs/include/tracked_lane_msgs/msg/detail/lane_results__type_support.cpp
[0.803s] -- Up-to-date: /home/kcg/Autonomous_kcg/ROS2Sample/install/tracked_lane_msgs/include/tracked_lane_msgs/msg/detail/point__type_support.cpp
[0.803s] -- Up-to-date: /home/kcg/Autonomous_kcg/ROS2Sample/install/tracked_lane_msgs/include/tracked_lane_msgs/msg/detail/point__rosidl_typesupport_introspection_cpp.hpp
[0.804s] -- Up-to-date: /home/kcg/Autonomous_kcg/ROS2Sample/install/tracked_lane_msgs/include/tracked_lane_msgs/msg/detail/lane_results__rosidl_typesupport_introspection_cpp.hpp
[0.804s] -- Up-to-date: /home/kcg/Autonomous_kcg/ROS2Sample/install/tracked_lane_msgs/include/tracked_lane_msgs/msg/detail/boundary__rosidl_typesupport_introspection_cpp.hpp
[0.804s] -- Up-to-date: /home/kcg/Autonomous_kcg/ROS2Sample/install/tracked_lane_msgs/include/tracked_lane_msgs/msg/detail/boundary__type_support.cpp
[0.807s] -- Up-to-date: /home/kcg/Autonomous_kcg/ROS2Sample/install/tracked_lane_msgs/include/tracked_lane_msgs/msg/detail/lane__type_support.cpp
[0.807s] -- Up-to-date: /home/kcg/Autonomous_kcg/ROS2Sample/install/tracked_lane_msgs/include/tracked_lane_msgs/msg/detail/lane__rosidl_typesupport_introspection_cpp.hpp
[0.808s] -- Up-to-date: /home/kcg/Autonomous_kcg/ROS2Sample/install/tracked_lane_msgs/lib/libtracked_lane_msgs__rosidl_typesupport_introspection_cpp.so
[0.808s] -- Up-to-date: /home/kcg/Autonomous_kcg/ROS2Sample/install/tracked_lane_msgs/lib/libtracked_lane_msgs__rosidl_typesupport_cpp.so
[0.808s] -- Up-to-date: /home/kcg/Autonomous_kcg/ROS2Sample/install/tracked_lane_msgs/share/tracked_lane_msgs/environment/pythonpath.sh
[0.808s] -- Up-to-date: /home/kcg/Autonomous_kcg/ROS2Sample/install/tracked_lane_msgs/share/tracked_lane_msgs/environment/pythonpath.dsv
[0.808s] -- Up-to-date: /home/kcg/Autonomous_kcg/ROS2Sample/install/tracked_lane_msgs/lib/python3.8/site-packages/tracked_lane_msgs/__init__.py
[0.837s] -- Up-to-date: /home/kcg/Autonomous_kcg/ROS2Sample/install/tracked_lane_msgs/lib/python3.8/site-packages/tracked_lane_msgs/msg
[0.838s] -- Up-to-date: /home/kcg/Autonomous_kcg/ROS2Sample/install/tracked_lane_msgs/lib/python3.8/site-packages/tracked_lane_msgs/msg/_lane.py
[0.838s] -- Up-to-date: /home/kcg/Autonomous_kcg/ROS2Sample/install/tracked_lane_msgs/lib/python3.8/site-packages/tracked_lane_msgs/msg/_lane_s.c
[0.838s] -- Up-to-date: /home/kcg/Autonomous_kcg/ROS2Sample/install/tracked_lane_msgs/lib/python3.8/site-packages/tracked_lane_msgs/msg/_point_s.c
[0.838s] -- Up-to-date: /home/kcg/Autonomous_kcg/ROS2Sample/install/tracked_lane_msgs/lib/python3.8/site-packages/tracked_lane_msgs/msg/_point.py
[0.838s] -- Up-to-date: /home/kcg/Autonomous_kcg/ROS2Sample/install/tracked_lane_msgs/lib/python3.8/site-packages/tracked_lane_msgs/msg/_lane_results_s.c
[0.839s] -- Up-to-date: /home/kcg/Autonomous_kcg/ROS2Sample/install/tracked_lane_msgs/lib/python3.8/site-packages/tracked_lane_msgs/msg/_boundary.py
[0.839s] -- Up-to-date: /home/kcg/Autonomous_kcg/ROS2Sample/install/tracked_lane_msgs/lib/python3.8/site-packages/tracked_lane_msgs/msg/_lane_results.py
[0.839s] -- Up-to-date: /home/kcg/Autonomous_kcg/ROS2Sample/install/tracked_lane_msgs/lib/python3.8/site-packages/tracked_lane_msgs/msg/__init__.py
[0.839s] -- Up-to-date: /home/kcg/Autonomous_kcg/ROS2Sample/install/tracked_lane_msgs/lib/python3.8/site-packages/tracked_lane_msgs/msg/_boundary_s.c
[0.839s] -- Up-to-date: /home/kcg/Autonomous_kcg/ROS2Sample/install/tracked_lane_msgs/lib/python3.8/site-packages/tracked_lane_msgs/tracked_lane_msgs_s__rosidl_typesupport_fastrtps_c.cpython-38-x86_64-linux-gnu.so
[0.839s] -- Up-to-date: /home/kcg/Autonomous_kcg/ROS2Sample/install/tracked_lane_msgs/lib/python3.8/site-packages/tracked_lane_msgs/tracked_lane_msgs_s__rosidl_typesupport_introspection_c.cpython-38-x86_64-linux-gnu.so
[0.840s] -- Up-to-date: /home/kcg/Autonomous_kcg/ROS2Sample/install/tracked_lane_msgs/lib/python3.8/site-packages/tracked_lane_msgs/tracked_lane_msgs_s__rosidl_typesupport_c.cpython-38-x86_64-linux-gnu.so
[0.840s] -- Up-to-date: /home/kcg/Autonomous_kcg/ROS2Sample/install/tracked_lane_msgs/lib/libtracked_lane_msgs__python.so
[0.840s] -- Up-to-date: /home/kcg/Autonomous_kcg/ROS2Sample/install/tracked_lane_msgs/share/tracked_lane_msgs/msg/LaneResults.idl
[0.840s] -- Up-to-date: /home/kcg/Autonomous_kcg/ROS2Sample/install/tracked_lane_msgs/share/tracked_lane_msgs/msg/Lane.idl
[0.843s] -- Up-to-date: /home/kcg/Autonomous_kcg/ROS2Sample/install/tracked_lane_msgs/share/tracked_lane_msgs/msg/Boundary.idl
[0.844s] -- Up-to-date: /home/kcg/Autonomous_kcg/ROS2Sample/install/tracked_lane_msgs/share/tracked_lane_msgs/msg/Point.idl
[0.844s] -- Up-to-date: /home/kcg/Autonomous_kcg/ROS2Sample/install/tracked_lane_msgs/share/tracked_lane_msgs/msg/LaneResults.msg
[0.844s] -- Up-to-date: /home/kcg/Autonomous_kcg/ROS2Sample/install/tracked_lane_msgs/share/tracked_lane_msgs/msg/Lane.msg
[0.845s] -- Up-to-date: /home/kcg/Autonomous_kcg/ROS2Sample/install/tracked_lane_msgs/share/tracked_lane_msgs/msg/Boundary.msg
[0.845s] -- Up-to-date: /home/kcg/Autonomous_kcg/ROS2Sample/install/tracked_lane_msgs/share/tracked_lane_msgs/msg/Point.msg
[0.845s] -- Up-to-date: /home/kcg/Autonomous_kcg/ROS2Sample/install/tracked_lane_msgs/share/ament_index/resource_index/package_run_dependencies/tracked_lane_msgs
[0.845s] -- Up-to-date: /home/kcg/Autonomous_kcg/ROS2Sample/install/tracked_lane_msgs/share/ament_index/resource_index/parent_prefix_path/tracked_lane_msgs
[0.845s] -- Up-to-date: /home/kcg/Autonomous_kcg/ROS2Sample/install/tracked_lane_msgs/share/tracked_lane_msgs/environment/ament_prefix_path.sh
[0.846s] -- Up-to-date: /home/kcg/Autonomous_kcg/ROS2Sample/install/tracked_lane_msgs/share/tracked_lane_msgs/environment/ament_prefix_path.dsv
[0.846s] -- Up-to-date: /home/kcg/Autonomous_kcg/ROS2Sample/install/tracked_lane_msgs/share/tracked_lane_msgs/environment/path.sh
[0.846s] -- Up-to-date: /home/kcg/Autonomous_kcg/ROS2Sample/install/tracked_lane_msgs/share/tracked_lane_msgs/environment/path.dsv
[0.847s] -- Up-to-date: /home/kcg/Autonomous_kcg/ROS2Sample/install/tracked_lane_msgs/share/tracked_lane_msgs/local_setup.bash
[0.847s] -- Up-to-date: /home/kcg/Autonomous_kcg/ROS2Sample/install/tracked_lane_msgs/share/tracked_lane_msgs/local_setup.sh
[0.847s] -- Up-to-date: /home/kcg/Autonomous_kcg/ROS2Sample/install/tracked_lane_msgs/share/tracked_lane_msgs/local_setup.zsh
[0.847s] -- Up-to-date: /home/kcg/Autonomous_kcg/ROS2Sample/install/tracked_lane_msgs/share/tracked_lane_msgs/local_setup.dsv
[0.850s] -- Installing: /home/kcg/Autonomous_kcg/ROS2Sample/install/tracked_lane_msgs/share/tracked_lane_msgs/package.dsv
[0.850s] -- Up-to-date: /home/kcg/Autonomous_kcg/ROS2Sample/install/tracked_lane_msgs/share/ament_index/resource_index/packages/tracked_lane_msgs
[0.850s] -- Up-to-date: /home/kcg/Autonomous_kcg/ROS2Sample/install/tracked_lane_msgs/share/tracked_lane_msgs/cmake/tracked_lane_msgs__rosidl_generator_cExport.cmake
[0.851s] -- Up-to-date: /home/kcg/Autonomous_kcg/ROS2Sample/install/tracked_lane_msgs/share/tracked_lane_msgs/cmake/tracked_lane_msgs__rosidl_generator_cExport-noconfig.cmake
[0.851s] -- Up-to-date: /home/kcg/Autonomous_kcg/ROS2Sample/install/tracked_lane_msgs/share/tracked_lane_msgs/cmake/tracked_lane_msgs__rosidl_typesupport_introspection_cExport.cmake
[0.851s] -- Up-to-date: /home/kcg/Autonomous_kcg/ROS2Sample/install/tracked_lane_msgs/share/tracked_lane_msgs/cmake/tracked_lane_msgs__rosidl_typesupport_introspection_cExport-noconfig.cmake
[0.852s] -- Up-to-date: /home/kcg/Autonomous_kcg/ROS2Sample/install/tracked_lane_msgs/share/tracked_lane_msgs/cmake/tracked_lane_msgs__rosidl_typesupport_cExport.cmake
[0.852s] -- Up-to-date: /home/kcg/Autonomous_kcg/ROS2Sample/install/tracked_lane_msgs/share/tracked_lane_msgs/cmake/tracked_lane_msgs__rosidl_typesupport_cExport-noconfig.cmake
[0.852s] -- Up-to-date: /home/kcg/Autonomous_kcg/ROS2Sample/install/tracked_lane_msgs/share/tracked_lane_msgs/cmake/tracked_lane_msgs__rosidl_generator_cppExport.cmake
[0.852s] -- Up-to-date: /home/kcg/Autonomous_kcg/ROS2Sample/install/tracked_lane_msgs/share/tracked_lane_msgs/cmake/tracked_lane_msgs__rosidl_typesupport_introspection_cppExport.cmake
[0.853s] -- Up-to-date: /home/kcg/Autonomous_kcg/ROS2Sample/install/tracked_lane_msgs/share/tracked_lane_msgs/cmake/tracked_lane_msgs__rosidl_typesupport_introspection_cppExport-noconfig.cmake
[0.853s] -- Up-to-date: /home/kcg/Autonomous_kcg/ROS2Sample/install/tracked_lane_msgs/share/tracked_lane_msgs/cmake/tracked_lane_msgs__rosidl_typesupport_cppExport.cmake
[0.853s] -- Up-to-date: /home/kcg/Autonomous_kcg/ROS2Sample/install/tracked_lane_msgs/share/tracked_lane_msgs/cmake/tracked_lane_msgs__rosidl_typesupport_cppExport-noconfig.cmake
[0.854s] -- Up-to-date: /home/kcg/Autonomous_kcg/ROS2Sample/install/tracked_lane_msgs/share/tracked_lane_msgs/cmake/rosidl_cmake-extras.cmake
[0.856s] -- Up-to-date: /home/kcg/Autonomous_kcg/ROS2Sample/install/tracked_lane_msgs/share/tracked_lane_msgs/cmake/ament_cmake_export_dependencies-extras.cmake
[0.856s] -- Up-to-date: /home/kcg/Autonomous_kcg/ROS2Sample/install/tracked_lane_msgs/share/tracked_lane_msgs/cmake/ament_cmake_export_libraries-extras.cmake
[0.856s] -- Up-to-date: /home/kcg/Autonomous_kcg/ROS2Sample/install/tracked_lane_msgs/share/tracked_lane_msgs/cmake/ament_cmake_export_targets-extras.cmake
[0.857s] -- Up-to-date: /home/kcg/Autonomous_kcg/ROS2Sample/install/tracked_lane_msgs/share/tracked_lane_msgs/cmake/ament_cmake_export_include_directories-extras.cmake
[0.857s] -- Up-to-date: /home/kcg/Autonomous_kcg/ROS2Sample/install/tracked_lane_msgs/share/tracked_lane_msgs/cmake/rosidl_cmake_export_typesupport_libraries-extras.cmake
[0.857s] -- Up-to-date: /home/kcg/Autonomous_kcg/ROS2Sample/install/tracked_lane_msgs/share/tracked_lane_msgs/cmake/rosidl_cmake_export_typesupport_targets-extras.cmake
[0.857s] -- Up-to-date: /home/kcg/Autonomous_kcg/ROS2Sample/install/tracked_lane_msgs/share/tracked_lane_msgs/cmake/tracked_lane_msgsConfig.cmake
[0.858s] -- Up-to-date: /home/kcg/Autonomous_kcg/ROS2Sample/install/tracked_lane_msgs/share/tracked_lane_msgs/cmake/tracked_lane_msgsConfig-version.cmake
[0.858s] -- Up-to-date: /home/kcg/Autonomous_kcg/ROS2Sample/install/tracked_lane_msgs/share/tracked_lane_msgs/package.xml
[0.873s] Invoked command in '/home/kcg/Autonomous_kcg/ROS2Sample/build/tracked_lane_msgs' returned '0': CMAKE_PREFIX_PATH=${CMAKE_PREFIX_PATH}:/home/kcg/Autonomous_kcg/ROS2Sample/install/python_publisher:/opt/ros/foxy /usr/bin/cmake --install /home/kcg/Autonomous_kcg/ROS2Sample/build/tracked_lane_msgs
