[0.554s] Invoking command in '/home/kcg/copy/ROS2Sample/src/python_publisher': AMENT_PREFIX_PATH=/home/kcg/copy/ROS2Sample/install/cognata_sdk_ros2:${AMENT_PREFIX_PATH} CMAKE_PREFIX_PATH=/home/kcg/copy/ROS2Sample/install/cognata_sdk_ros2 LD_LIBRARY_PATH=/home/kcg/copy/ROS2Sample/install/cognata_sdk_ros2/lib:${LD_LIBRARY_PATH} PYTHONPATH=/home/kcg/copy/ROS2Sample/install/python_publisher/lib/python3.8/site-packages:/home/kcg/copy/ROS2Sample/install/cognata_sdk_ros2/lib/python3.8/site-packages:${PYTHONPATH} /usr/bin/python3 setup.py egg_info --egg-base ../../build/python_publisher build --build-base /home/kcg/copy/ROS2Sample/build/python_publisher/build install --prefix /home/kcg/copy/ROS2Sample/install/python_publisher --record /home/kcg/copy/ROS2Sample/build/python_publisher/install.log --single-version-externally-managed
[0.688s] running egg_info
[0.689s] writing ../../build/python_publisher/python_publisher.egg-info/PKG-INFO
[0.689s] writing dependency_links to ../../build/python_publisher/python_publisher.egg-info/dependency_links.txt
[0.689s] writing entry points to ../../build/python_publisher/python_publisher.egg-info/entry_points.txt
[0.689s] writing requirements to ../../build/python_publisher/python_publisher.egg-info/requires.txt
[0.689s] writing top-level names to ../../build/python_publisher/python_publisher.egg-info/top_level.txt
[0.715s] reading manifest file '../../build/python_publisher/python_publisher.egg-info/SOURCES.txt'
[0.716s] writing manifest file '../../build/python_publisher/python_publisher.egg-info/SOURCES.txt'
[0.716s] running build
[0.716s] running build_py
[0.716s] running install
[0.717s] running install_lib
[0.718s] running install_data
[0.718s] running install_egg_info
[0.719s] removing '/home/kcg/copy/ROS2Sample/install/python_publisher/lib/python3.8/site-packages/python_publisher-0.0.0-py3.8.egg-info' (and everything under it)
[0.719s] Copying ../../build/python_publisher/python_publisher.egg-info to /home/kcg/copy/ROS2Sample/install/python_publisher/lib/python3.8/site-packages/python_publisher-0.0.0-py3.8.egg-info
[0.719s] running install_scripts
[0.730s] Installing acc script to /home/kcg/copy/ROS2Sample/install/python_publisher/lib/python_publisher
[0.730s] Installing gev script to /home/kcg/copy/ROS2Sample/install/python_publisher/lib/python_publisher
[0.730s] Installing pid script to /home/kcg/copy/ROS2Sample/install/python_publisher/lib/python_publisher
[0.730s] Installing publisher script to /home/kcg/copy/ROS2Sample/install/python_publisher/lib/python_publisher
[0.730s] Installing rcc script to /home/kcg/copy/ROS2Sample/install/python_publisher/lib/python_publisher
[0.730s] writing list of installed files to '/home/kcg/copy/ROS2Sample/build/python_publisher/install.log'
[0.742s] Invoked command in '/home/kcg/copy/ROS2Sample/src/python_publisher' returned '0': AMENT_PREFIX_PATH=/home/kcg/copy/ROS2Sample/install/cognata_sdk_ros2:${AMENT_PREFIX_PATH} CMAKE_PREFIX_PATH=/home/kcg/copy/ROS2Sample/install/cognata_sdk_ros2 LD_LIBRARY_PATH=/home/kcg/copy/ROS2Sample/install/cognata_sdk_ros2/lib:${LD_LIBRARY_PATH} PYTHONPATH=/home/kcg/copy/ROS2Sample/install/python_publisher/lib/python3.8/site-packages:/home/kcg/copy/ROS2Sample/install/cognata_sdk_ros2/lib/python3.8/site-packages:${PYTHONPATH} /usr/bin/python3 setup.py egg_info --egg-base ../../build/python_publisher build --build-base /home/kcg/copy/ROS2Sample/build/python_publisher/build install --prefix /home/kcg/copy/ROS2Sample/install/python_publisher --record /home/kcg/copy/ROS2Sample/build/python_publisher/install.log --single-version-externally-managed
