[0.120s] DEBUG:colcon:Command line arguments: ['/usr/bin/colcon', 'build']
[0.120s] DEBUG:colcon:Parsed command line arguments: Namespace(allow_overriding=[], ament_cmake_args=None, base_paths=['.'], build_base='build', catkin_cmake_args=None, catkin_skip_building_tests=False, cmake_args=None, cmake_clean_cache=False, cmake_clean_first=False, cmake_force_configure=False, cmake_target=None, cmake_target_skip_unavailable=False, continue_on_error=False, event_handlers=None, executor='parallel', ignore_user_meta=False, install_base='install', log_base=None, log_level=None, main=<bound method BuildVerb.main of <colcon_core.verb.build.BuildVerb object at 0x7fd105a467c0>>, merge_install=False, metas=['./colcon.meta'], packages_above=None, packages_above_and_dependencies=None, packages_above_depth=None, packages_end=None, packages_ignore=None, packages_ignore_regex=None, packages_select=None, packages_select_build_failed=False, packages_select_by_dep=None, packages_select_regex=None, packages_select_test_failures=False, packages_skip=None, packages_skip_build_finished=False, packages_skip_by_dep=None, packages_skip_regex=None, packages_skip_test_passed=False, packages_skip_up_to=None, packages_start=None, packages_up_to=None, packages_up_to_regex=None, parallel_workers=8, paths=None, symlink_install=False, test_result_base=None, verb_extension=<colcon_core.verb.build.BuildVerb object at 0x7fd105a467c0>, verb_name='build', verb_parser=<colcon_defaults.argument_parser.defaults.DefaultArgumentsDecorator object at 0x7fd105a46d30>)
[0.141s] Level 1:colcon.colcon_core.package_discovery:discover_packages(colcon_meta) check parameters
[0.141s] Level 1:colcon.colcon_core.package_discovery:discover_packages(recursive) check parameters
[0.141s] Level 1:colcon.colcon_core.package_discovery:discover_packages(ignore) check parameters
[0.141s] Level 1:colcon.colcon_core.package_discovery:discover_packages(path) check parameters
[0.141s] Level 1:colcon.colcon_core.package_discovery:discover_packages(colcon_meta) discover
[0.141s] Level 1:colcon.colcon_core.package_discovery:discover_packages(recursive) discover
[0.141s] INFO:colcon.colcon_core.package_discovery:Crawling recursively for packages in '/home/kcg/Autonomous_kcg/ROS2Sample'
[0.141s] Level 1:colcon.colcon_core.package_identification:_identify(.) by extensions ['ignore', 'ignore_ament_install']
[0.141s] Level 1:colcon.colcon_core.package_identification:_identify(.) by extension 'ignore'
[0.141s] Level 1:colcon.colcon_core.package_identification:_identify(.) by extension 'ignore_ament_install'
[0.141s] Level 1:colcon.colcon_core.package_identification:_identify(.) by extensions ['colcon_pkg']
[0.141s] Level 1:colcon.colcon_core.package_identification:_identify(.) by extension 'colcon_pkg'
[0.141s] Level 1:colcon.colcon_core.package_identification:_identify(.) by extensions ['colcon_meta']
[0.141s] Level 1:colcon.colcon_core.package_identification:_identify(.) by extension 'colcon_meta'
[0.141s] Level 1:colcon.colcon_core.package_identification:_identify(.) by extensions ['ros']
[0.141s] Level 1:colcon.colcon_core.package_identification:_identify(.) by extension 'ros'
[0.151s] Level 1:colcon.colcon_core.package_identification:_identify(.) by extensions ['cmake', 'python']
[0.151s] Level 1:colcon.colcon_core.package_identification:_identify(.) by extension 'cmake'
[0.151s] Level 1:colcon.colcon_core.package_identification:_identify(.) by extension 'python'
[0.151s] Level 1:colcon.colcon_core.package_identification:_identify(.) by extensions ['python_setup_py']
[0.151s] Level 1:colcon.colcon_core.package_identification:_identify(.) by extension 'python_setup_py'
[0.151s] Level 1:colcon.colcon_core.package_identification:_identify(build) by extensions ['ignore', 'ignore_ament_install']
[0.151s] Level 1:colcon.colcon_core.package_identification:_identify(build) by extension 'ignore'
[0.151s] Level 1:colcon.colcon_core.package_identification:_identify(build) ignored
[0.151s] Level 1:colcon.colcon_core.package_identification:_identify(install) by extensions ['ignore', 'ignore_ament_install']
[0.151s] Level 1:colcon.colcon_core.package_identification:_identify(install) by extension 'ignore'
[0.151s] Level 1:colcon.colcon_core.package_identification:_identify(install) ignored
[0.151s] Level 1:colcon.colcon_core.package_identification:_identify(log) by extensions ['ignore', 'ignore_ament_install']
[0.151s] Level 1:colcon.colcon_core.package_identification:_identify(log) by extension 'ignore'
[0.151s] Level 1:colcon.colcon_core.package_identification:_identify(log) ignored
[0.152s] Level 1:colcon.colcon_core.package_identification:_identify(rosbag2_2022_07_17-10_58_20) by extensions ['ignore', 'ignore_ament_install']
[0.152s] Level 1:colcon.colcon_core.package_identification:_identify(rosbag2_2022_07_17-10_58_20) by extension 'ignore'
[0.152s] Level 1:colcon.colcon_core.package_identification:_identify(rosbag2_2022_07_17-10_58_20) by extension 'ignore_ament_install'
[0.152s] Level 1:colcon.colcon_core.package_identification:_identify(rosbag2_2022_07_17-10_58_20) by extensions ['colcon_pkg']
[0.152s] Level 1:colcon.colcon_core.package_identification:_identify(rosbag2_2022_07_17-10_58_20) by extension 'colcon_pkg'
[0.152s] Level 1:colcon.colcon_core.package_identification:_identify(rosbag2_2022_07_17-10_58_20) by extensions ['colcon_meta']
[0.152s] Level 1:colcon.colcon_core.package_identification:_identify(rosbag2_2022_07_17-10_58_20) by extension 'colcon_meta'
[0.152s] Level 1:colcon.colcon_core.package_identification:_identify(rosbag2_2022_07_17-10_58_20) by extensions ['ros']
[0.152s] Level 1:colcon.colcon_core.package_identification:_identify(rosbag2_2022_07_17-10_58_20) by extension 'ros'
[0.152s] Level 1:colcon.colcon_core.package_identification:_identify(rosbag2_2022_07_17-10_58_20) by extensions ['cmake', 'python']
[0.152s] Level 1:colcon.colcon_core.package_identification:_identify(rosbag2_2022_07_17-10_58_20) by extension 'cmake'
[0.152s] Level 1:colcon.colcon_core.package_identification:_identify(rosbag2_2022_07_17-10_58_20) by extension 'python'
[0.152s] Level 1:colcon.colcon_core.package_identification:_identify(rosbag2_2022_07_17-10_58_20) by extensions ['python_setup_py']
[0.152s] Level 1:colcon.colcon_core.package_identification:_identify(rosbag2_2022_07_17-10_58_20) by extension 'python_setup_py'
[0.152s] Level 1:colcon.colcon_core.package_identification:_identify(src) by extensions ['ignore', 'ignore_ament_install']
[0.152s] Level 1:colcon.colcon_core.package_identification:_identify(src) by extension 'ignore'
[0.152s] Level 1:colcon.colcon_core.package_identification:_identify(src) by extension 'ignore_ament_install'
[0.152s] Level 1:colcon.colcon_core.package_identification:_identify(src) by extensions ['colcon_pkg']
[0.152s] Level 1:colcon.colcon_core.package_identification:_identify(src) by extension 'colcon_pkg'
[0.152s] Level 1:colcon.colcon_core.package_identification:_identify(src) by extensions ['colcon_meta']
[0.152s] Level 1:colcon.colcon_core.package_identification:_identify(src) by extension 'colcon_meta'
[0.152s] Level 1:colcon.colcon_core.package_identification:_identify(src) by extensions ['ros']
[0.152s] Level 1:colcon.colcon_core.package_identification:_identify(src) by extension 'ros'
[0.153s] Level 1:colcon.colcon_core.package_identification:_identify(src) by extensions ['cmake', 'python']
[0.153s] Level 1:colcon.colcon_core.package_identification:_identify(src) by extension 'cmake'
[0.153s] Level 1:colcon.colcon_core.package_identification:_identify(src) by extension 'python'
[0.153s] Level 1:colcon.colcon_core.package_identification:_identify(src) by extensions ['python_setup_py']
[0.153s] Level 1:colcon.colcon_core.package_identification:_identify(src) by extension 'python_setup_py'
[0.153s] Level 1:colcon.colcon_core.package_identification:_identify(src/build) by extensions ['ignore', 'ignore_ament_install']
[0.153s] Level 1:colcon.colcon_core.package_identification:_identify(src/build) by extension 'ignore'
[0.153s] Level 1:colcon.colcon_core.package_identification:_identify(src/build) ignored
[0.153s] Level 1:colcon.colcon_core.package_identification:_identify(src/cognata_sdk_ros2) by extensions ['ignore', 'ignore_ament_install']
[0.153s] Level 1:colcon.colcon_core.package_identification:_identify(src/cognata_sdk_ros2) by extension 'ignore'
[0.153s] Level 1:colcon.colcon_core.package_identification:_identify(src/cognata_sdk_ros2) by extension 'ignore_ament_install'
[0.153s] Level 1:colcon.colcon_core.package_identification:_identify(src/cognata_sdk_ros2) by extensions ['colcon_pkg']
[0.153s] Level 1:colcon.colcon_core.package_identification:_identify(src/cognata_sdk_ros2) by extension 'colcon_pkg'
[0.153s] Level 1:colcon.colcon_core.package_identification:_identify(src/cognata_sdk_ros2) by extensions ['colcon_meta']
[0.153s] Level 1:colcon.colcon_core.package_identification:_identify(src/cognata_sdk_ros2) by extension 'colcon_meta'
[0.153s] Level 1:colcon.colcon_core.package_identification:_identify(src/cognata_sdk_ros2) by extensions ['ros']
[0.153s] Level 1:colcon.colcon_core.package_identification:_identify(src/cognata_sdk_ros2) by extension 'ros'
[0.156s] DEBUG:colcon.colcon_core.package_identification:Package 'src/cognata_sdk_ros2' with type 'ros.ament_cmake' and name 'cognata_sdk_ros2'
[0.156s] Level 1:colcon.colcon_core.package_identification:_identify(src/install) by extensions ['ignore', 'ignore_ament_install']
[0.156s] Level 1:colcon.colcon_core.package_identification:_identify(src/install) by extension 'ignore'
[0.156s] Level 1:colcon.colcon_core.package_identification:_identify(src/install) ignored
[0.156s] Level 1:colcon.colcon_core.package_identification:_identify(src/log) by extensions ['ignore', 'ignore_ament_install']
[0.156s] Level 1:colcon.colcon_core.package_identification:_identify(src/log) by extension 'ignore'
[0.156s] Level 1:colcon.colcon_core.package_identification:_identify(src/log) ignored
[0.156s] Level 1:colcon.colcon_core.package_identification:_identify(src/python3) by extensions ['ignore', 'ignore_ament_install']
[0.156s] Level 1:colcon.colcon_core.package_identification:_identify(src/python3) by extension 'ignore'
[0.156s] Level 1:colcon.colcon_core.package_identification:_identify(src/python3) by extension 'ignore_ament_install'
[0.156s] Level 1:colcon.colcon_core.package_identification:_identify(src/python3) by extensions ['colcon_pkg']
[0.156s] Level 1:colcon.colcon_core.package_identification:_identify(src/python3) by extension 'colcon_pkg'
[0.156s] Level 1:colcon.colcon_core.package_identification:_identify(src/python3) by extensions ['colcon_meta']
[0.156s] Level 1:colcon.colcon_core.package_identification:_identify(src/python3) by extension 'colcon_meta'
[0.156s] Level 1:colcon.colcon_core.package_identification:_identify(src/python3) by extensions ['ros']
[0.156s] Level 1:colcon.colcon_core.package_identification:_identify(src/python3) by extension 'ros'
[0.156s] Level 1:colcon.colcon_core.package_identification:_identify(src/python3) by extensions ['cmake', 'python']
[0.156s] Level 1:colcon.colcon_core.package_identification:_identify(src/python3) by extension 'cmake'
[0.156s] Level 1:colcon.colcon_core.package_identification:_identify(src/python3) by extension 'python'
[0.157s] Level 1:colcon.colcon_core.package_identification:_identify(src/python3) by extensions ['python_setup_py']
[0.157s] Level 1:colcon.colcon_core.package_identification:_identify(src/python3) by extension 'python_setup_py'
[0.157s] Level 1:colcon.colcon_core.package_identification:_identify(src/python_publisher) by extensions ['ignore', 'ignore_ament_install']
[0.157s] Level 1:colcon.colcon_core.package_identification:_identify(src/python_publisher) by extension 'ignore'
[0.157s] Level 1:colcon.colcon_core.package_identification:_identify(src/python_publisher) by extension 'ignore_ament_install'
[0.157s] Level 1:colcon.colcon_core.package_identification:_identify(src/python_publisher) by extensions ['colcon_pkg']
[0.157s] Level 1:colcon.colcon_core.package_identification:_identify(src/python_publisher) by extension 'colcon_pkg'
[0.157s] Level 1:colcon.colcon_core.package_identification:_identify(src/python_publisher) by extensions ['colcon_meta']
[0.157s] Level 1:colcon.colcon_core.package_identification:_identify(src/python_publisher) by extension 'colcon_meta'
[0.157s] Level 1:colcon.colcon_core.package_identification:_identify(src/python_publisher) by extensions ['ros']
[0.157s] Level 1:colcon.colcon_core.package_identification:_identify(src/python_publisher) by extension 'ros'
[0.157s] DEBUG:colcon.colcon_core.package_identification:Package 'src/python_publisher' with type 'ros.ament_python' and name 'python_publisher'
[0.157s] Level 1:colcon.colcon_core.package_discovery:discover_packages(recursive) using defaults
[0.157s] Level 1:colcon.colcon_core.package_discovery:discover_packages(ignore) discover
[0.157s] Level 1:colcon.colcon_core.package_discovery:discover_packages(ignore) using defaults
[0.158s] Level 1:colcon.colcon_core.package_discovery:discover_packages(path) discover
[0.158s] Level 1:colcon.colcon_core.package_discovery:discover_packages(path) using defaults
[0.174s] Level 1:colcon.colcon_core.package_discovery:discover_packages(prefix_path) check parameters
[0.175s] Level 1:colcon.colcon_core.package_discovery:discover_packages(prefix_path) discover
[0.177s] DEBUG:colcon.colcon_installed_package_information.package_discovery:Found 256 installed packages in /opt/ros/foxy
[0.185s] Level 1:colcon.colcon_core.package_discovery:discover_packages(prefix_path) using defaults
[0.242s] Level 5:colcon.colcon_core.verb:set package 'cognata_sdk_ros2' build argument 'cmake_args' from command line to 'None'
[0.242s] Level 5:colcon.colcon_core.verb:set package 'cognata_sdk_ros2' build argument 'cmake_target' from command line to 'None'
[0.242s] Level 5:colcon.colcon_core.verb:set package 'cognata_sdk_ros2' build argument 'cmake_target_skip_unavailable' from command line to 'False'
[0.242s] Level 5:colcon.colcon_core.verb:set package 'cognata_sdk_ros2' build argument 'cmake_clean_cache' from command line to 'False'
[0.242s] Level 5:colcon.colcon_core.verb:set package 'cognata_sdk_ros2' build argument 'cmake_clean_first' from command line to 'False'
[0.242s] Level 5:colcon.colcon_core.verb:set package 'cognata_sdk_ros2' build argument 'cmake_force_configure' from command line to 'False'
[0.242s] Level 5:colcon.colcon_core.verb:set package 'cognata_sdk_ros2' build argument 'ament_cmake_args' from command line to 'None'
[0.242s] Level 5:colcon.colcon_core.verb:set package 'cognata_sdk_ros2' build argument 'catkin_cmake_args' from command line to 'None'
[0.242s] Level 5:colcon.colcon_core.verb:set package 'cognata_sdk_ros2' build argument 'catkin_skip_building_tests' from command line to 'False'
[0.242s] DEBUG:colcon.colcon_core.verb:Building package 'cognata_sdk_ros2' with the following arguments: {'ament_cmake_args': None, 'build_base': '/home/kcg/Autonomous_kcg/ROS2Sample/build/cognata_sdk_ros2', 'catkin_cmake_args': None, 'catkin_skip_building_tests': False, 'cmake_args': None, 'cmake_clean_cache': False, 'cmake_clean_first': False, 'cmake_force_configure': False, 'cmake_target': None, 'cmake_target_skip_unavailable': False, 'install_base': '/home/kcg/Autonomous_kcg/ROS2Sample/install/cognata_sdk_ros2', 'merge_install': False, 'path': '/home/kcg/Autonomous_kcg/ROS2Sample/src/cognata_sdk_ros2', 'symlink_install': False, 'test_result_base': None}
[0.243s] Level 5:colcon.colcon_core.verb:set package 'python_publisher' build argument 'cmake_args' from command line to 'None'
[0.243s] Level 5:colcon.colcon_core.verb:set package 'python_publisher' build argument 'cmake_target' from command line to 'None'
[0.243s] Level 5:colcon.colcon_core.verb:set package 'python_publisher' build argument 'cmake_target_skip_unavailable' from command line to 'False'
[0.243s] Level 5:colcon.colcon_core.verb:set package 'python_publisher' build argument 'cmake_clean_cache' from command line to 'False'
[0.243s] Level 5:colcon.colcon_core.verb:set package 'python_publisher' build argument 'cmake_clean_first' from command line to 'False'
[0.243s] Level 5:colcon.colcon_core.verb:set package 'python_publisher' build argument 'cmake_force_configure' from command line to 'False'
[0.243s] Level 5:colcon.colcon_core.verb:set package 'python_publisher' build argument 'ament_cmake_args' from command line to 'None'
[0.243s] Level 5:colcon.colcon_core.verb:set package 'python_publisher' build argument 'catkin_cmake_args' from command line to 'None'
[0.243s] Level 5:colcon.colcon_core.verb:set package 'python_publisher' build argument 'catkin_skip_building_tests' from command line to 'False'
[0.243s] DEBUG:colcon.colcon_core.verb:Building package 'python_publisher' with the following arguments: {'ament_cmake_args': None, 'build_base': '/home/kcg/Autonomous_kcg/ROS2Sample/build/python_publisher', 'catkin_cmake_args': None, 'catkin_skip_building_tests': False, 'cmake_args': None, 'cmake_clean_cache': False, 'cmake_clean_first': False, 'cmake_force_configure': False, 'cmake_target': None, 'cmake_target_skip_unavailable': False, 'install_base': '/home/kcg/Autonomous_kcg/ROS2Sample/install/python_publisher', 'merge_install': False, 'path': '/home/kcg/Autonomous_kcg/ROS2Sample/src/python_publisher', 'symlink_install': False, 'test_result_base': None}
[0.244s] INFO:colcon.colcon_core.executor:Executing jobs using 'parallel' executor
[0.247s] DEBUG:colcon.colcon_parallel_executor.executor.parallel:run_until_complete
[0.248s] INFO:colcon.colcon_ros.task.ament_cmake.build:Building ROS package in '/home/kcg/Autonomous_kcg/ROS2Sample/src/cognata_sdk_ros2' with build type 'ament_cmake'
[0.248s] INFO:colcon.colcon_cmake.task.cmake.build:Building CMake package in '/home/kcg/Autonomous_kcg/ROS2Sample/src/cognata_sdk_ros2'
[0.251s] INFO:colcon.colcon_core.plugin_system:Skipping extension 'colcon_core.shell.bat': Not used on non-Windows systems
[0.251s] INFO:colcon.colcon_core.shell:Skip shell extension 'powershell' for command environment: Not usable outside of PowerShell
[0.251s] DEBUG:colcon.colcon_core.shell:Skip shell extension 'dsv' for command environment
[0.260s] DEBUG:colcon.colcon_core.event_handler.log_command:Invoking command in '/home/kcg/Autonomous_kcg/ROS2Sample/build/cognata_sdk_ros2': CMAKE_PREFIX_PATH=/opt/ros/foxy /usr/bin/cmake /home/kcg/Autonomous_kcg/ROS2Sample/src/cognata_sdk_ros2 -DCMAKE_INSTALL_PREFIX=/home/kcg/Autonomous_kcg/ROS2Sample/install/cognata_sdk_ros2
[2.359s] DEBUG:colcon.colcon_core.event_handler.log_command:Invoked command in '/home/kcg/Autonomous_kcg/ROS2Sample/build/cognata_sdk_ros2' returned '0': CMAKE_PREFIX_PATH=/opt/ros/foxy /usr/bin/cmake /home/kcg/Autonomous_kcg/ROS2Sample/src/cognata_sdk_ros2 -DCMAKE_INSTALL_PREFIX=/home/kcg/Autonomous_kcg/ROS2Sample/install/cognata_sdk_ros2
[2.362s] DEBUG:colcon.colcon_core.event_handler.log_command:Invoking command in '/home/kcg/Autonomous_kcg/ROS2Sample/build/cognata_sdk_ros2': CMAKE_PREFIX_PATH=/opt/ros/foxy /usr/bin/cmake --build /home/kcg/Autonomous_kcg/ROS2Sample/build/cognata_sdk_ros2 -- -j8 -l8
[24.532s] DEBUG:colcon.colcon_core.event_handler.log_command:Invoked command in '/home/kcg/Autonomous_kcg/ROS2Sample/build/cognata_sdk_ros2' returned '0': CMAKE_PREFIX_PATH=/opt/ros/foxy /usr/bin/cmake --build /home/kcg/Autonomous_kcg/ROS2Sample/build/cognata_sdk_ros2 -- -j8 -l8
[24.688s] DEBUG:colcon.colcon_core.event_handler.log_command:Invoking command in '/home/kcg/Autonomous_kcg/ROS2Sample/build/cognata_sdk_ros2': CMAKE_PREFIX_PATH=/opt/ros/foxy /usr/bin/cmake --install /home/kcg/Autonomous_kcg/ROS2Sample/build/cognata_sdk_ros2
[24.785s] Level 1:colcon.colcon_core.environment:create_environment_scripts_only(cognata_sdk_ros2)
[24.786s] DEBUG:colcon.colcon_core.event_handler.log_command:Invoked command in '/home/kcg/Autonomous_kcg/ROS2Sample/build/cognata_sdk_ros2' returned '0': CMAKE_PREFIX_PATH=/opt/ros/foxy /usr/bin/cmake --install /home/kcg/Autonomous_kcg/ROS2Sample/build/cognata_sdk_ros2
[24.790s] Level 1:colcon.colcon_core.environment:checking '/home/kcg/Autonomous_kcg/ROS2Sample/install/cognata_sdk_ros2' for CMake module files
[24.790s] Level 1:colcon.colcon_core.environment:checking '/home/kcg/Autonomous_kcg/ROS2Sample/install/cognata_sdk_ros2' for CMake config files
[24.791s] Level 1:colcon.colcon_core.shell:create_environment_hook('cognata_sdk_ros2', 'cmake_prefix_path')
[24.792s] INFO:colcon.colcon_core.shell:Creating environment hook '/home/kcg/Autonomous_kcg/ROS2Sample/install/cognata_sdk_ros2/share/cognata_sdk_ros2/hook/cmake_prefix_path.ps1'
[24.793s] INFO:colcon.colcon_core.shell:Creating environment descriptor '/home/kcg/Autonomous_kcg/ROS2Sample/install/cognata_sdk_ros2/share/cognata_sdk_ros2/hook/cmake_prefix_path.dsv'
[24.793s] INFO:colcon.colcon_core.shell:Creating environment hook '/home/kcg/Autonomous_kcg/ROS2Sample/install/cognata_sdk_ros2/share/cognata_sdk_ros2/hook/cmake_prefix_path.sh'
[24.794s] Level 1:colcon.colcon_core.environment:checking '/home/kcg/Autonomous_kcg/ROS2Sample/install/cognata_sdk_ros2/lib'
[24.794s] Level 1:colcon.colcon_core.shell:create_environment_hook('cognata_sdk_ros2', 'ld_library_path_lib')
[24.795s] INFO:colcon.colcon_core.shell:Creating environment hook '/home/kcg/Autonomous_kcg/ROS2Sample/install/cognata_sdk_ros2/share/cognata_sdk_ros2/hook/ld_library_path_lib.ps1'
[24.795s] INFO:colcon.colcon_core.shell:Creating environment descriptor '/home/kcg/Autonomous_kcg/ROS2Sample/install/cognata_sdk_ros2/share/cognata_sdk_ros2/hook/ld_library_path_lib.dsv'
[24.796s] INFO:colcon.colcon_core.shell:Creating environment hook '/home/kcg/Autonomous_kcg/ROS2Sample/install/cognata_sdk_ros2/share/cognata_sdk_ros2/hook/ld_library_path_lib.sh'
[24.796s] Level 1:colcon.colcon_core.environment:checking '/home/kcg/Autonomous_kcg/ROS2Sample/install/cognata_sdk_ros2/bin'
[24.796s] Level 1:colcon.colcon_core.environment:checking '/home/kcg/Autonomous_kcg/ROS2Sample/install/cognata_sdk_ros2/lib/pkgconfig/cognata_sdk_ros2.pc'
[24.796s] Level 1:colcon.colcon_core.environment:checking '/home/kcg/Autonomous_kcg/ROS2Sample/install/cognata_sdk_ros2/lib/python3.8/site-packages'
[24.796s] Level 1:colcon.colcon_core.shell:create_environment_hook('cognata_sdk_ros2', 'pythonpath')
[24.797s] INFO:colcon.colcon_core.shell:Creating environment hook '/home/kcg/Autonomous_kcg/ROS2Sample/install/cognata_sdk_ros2/share/cognata_sdk_ros2/hook/pythonpath.ps1'
[24.797s] INFO:colcon.colcon_core.shell:Creating environment descriptor '/home/kcg/Autonomous_kcg/ROS2Sample/install/cognata_sdk_ros2/share/cognata_sdk_ros2/hook/pythonpath.dsv'
[24.798s] INFO:colcon.colcon_core.shell:Creating environment hook '/home/kcg/Autonomous_kcg/ROS2Sample/install/cognata_sdk_ros2/share/cognata_sdk_ros2/hook/pythonpath.sh'
[24.798s] Level 1:colcon.colcon_core.environment:checking '/home/kcg/Autonomous_kcg/ROS2Sample/install/cognata_sdk_ros2/bin'
[24.799s] INFO:colcon.colcon_core.shell:Creating package script '/home/kcg/Autonomous_kcg/ROS2Sample/install/cognata_sdk_ros2/share/cognata_sdk_ros2/package.ps1'
[24.800s] INFO:colcon.colcon_core.shell:Creating package descriptor '/home/kcg/Autonomous_kcg/ROS2Sample/install/cognata_sdk_ros2/share/cognata_sdk_ros2/package.dsv'
[24.800s] INFO:colcon.colcon_core.shell:Creating package script '/home/kcg/Autonomous_kcg/ROS2Sample/install/cognata_sdk_ros2/share/cognata_sdk_ros2/package.sh'
[24.801s] INFO:colcon.colcon_core.shell:Creating package script '/home/kcg/Autonomous_kcg/ROS2Sample/install/cognata_sdk_ros2/share/cognata_sdk_ros2/package.bash'
[24.801s] INFO:colcon.colcon_core.shell:Creating package script '/home/kcg/Autonomous_kcg/ROS2Sample/install/cognata_sdk_ros2/share/cognata_sdk_ros2/package.zsh'
[24.802s] Level 1:colcon.colcon_core.environment:create_file_with_runtime_dependencies(/home/kcg/Autonomous_kcg/ROS2Sample/install/cognata_sdk_ros2/share/colcon-core/packages/cognata_sdk_ros2)
[24.952s] Level 1:colcon.colcon_core.environment:create_environment_scripts_only(cognata_sdk_ros2)
[24.953s] Level 1:colcon.colcon_core.environment:checking '/home/kcg/Autonomous_kcg/ROS2Sample/install/cognata_sdk_ros2' for CMake module files
[24.954s] Level 1:colcon.colcon_core.environment:checking '/home/kcg/Autonomous_kcg/ROS2Sample/install/cognata_sdk_ros2' for CMake config files
[24.954s] Level 1:colcon.colcon_core.shell:create_environment_hook('cognata_sdk_ros2', 'cmake_prefix_path')
[24.955s] INFO:colcon.colcon_core.shell:Creating environment hook '/home/kcg/Autonomous_kcg/ROS2Sample/install/cognata_sdk_ros2/share/cognata_sdk_ros2/hook/cmake_prefix_path.ps1'
[24.956s] INFO:colcon.colcon_core.shell:Creating environment descriptor '/home/kcg/Autonomous_kcg/ROS2Sample/install/cognata_sdk_ros2/share/cognata_sdk_ros2/hook/cmake_prefix_path.dsv'
[24.956s] INFO:colcon.colcon_core.shell:Creating environment hook '/home/kcg/Autonomous_kcg/ROS2Sample/install/cognata_sdk_ros2/share/cognata_sdk_ros2/hook/cmake_prefix_path.sh'
[24.957s] Level 1:colcon.colcon_core.environment:checking '/home/kcg/Autonomous_kcg/ROS2Sample/install/cognata_sdk_ros2/lib'
[24.957s] Level 1:colcon.colcon_core.shell:create_environment_hook('cognata_sdk_ros2', 'ld_library_path_lib')
[24.958s] INFO:colcon.colcon_core.shell:Creating environment hook '/home/kcg/Autonomous_kcg/ROS2Sample/install/cognata_sdk_ros2/share/cognata_sdk_ros2/hook/ld_library_path_lib.ps1'
[24.958s] INFO:colcon.colcon_core.shell:Creating environment descriptor '/home/kcg/Autonomous_kcg/ROS2Sample/install/cognata_sdk_ros2/share/cognata_sdk_ros2/hook/ld_library_path_lib.dsv'
[24.958s] INFO:colcon.colcon_core.shell:Creating environment hook '/home/kcg/Autonomous_kcg/ROS2Sample/install/cognata_sdk_ros2/share/cognata_sdk_ros2/hook/ld_library_path_lib.sh'
[24.958s] Level 1:colcon.colcon_core.environment:checking '/home/kcg/Autonomous_kcg/ROS2Sample/install/cognata_sdk_ros2/bin'
[24.958s] Level 1:colcon.colcon_core.environment:checking '/home/kcg/Autonomous_kcg/ROS2Sample/install/cognata_sdk_ros2/lib/pkgconfig/cognata_sdk_ros2.pc'
[24.959s] Level 1:colcon.colcon_core.environment:checking '/home/kcg/Autonomous_kcg/ROS2Sample/install/cognata_sdk_ros2/lib/python3.8/site-packages'
[24.959s] Level 1:colcon.colcon_core.shell:create_environment_hook('cognata_sdk_ros2', 'pythonpath')
[24.960s] INFO:colcon.colcon_core.shell:Creating environment hook '/home/kcg/Autonomous_kcg/ROS2Sample/install/cognata_sdk_ros2/share/cognata_sdk_ros2/hook/pythonpath.ps1'
[24.960s] INFO:colcon.colcon_core.shell:Creating environment descriptor '/home/kcg/Autonomous_kcg/ROS2Sample/install/cognata_sdk_ros2/share/cognata_sdk_ros2/hook/pythonpath.dsv'
[24.960s] INFO:colcon.colcon_core.shell:Creating environment hook '/home/kcg/Autonomous_kcg/ROS2Sample/install/cognata_sdk_ros2/share/cognata_sdk_ros2/hook/pythonpath.sh'
[24.961s] Level 1:colcon.colcon_core.environment:checking '/home/kcg/Autonomous_kcg/ROS2Sample/install/cognata_sdk_ros2/bin'
[24.962s] INFO:colcon.colcon_core.shell:Creating package script '/home/kcg/Autonomous_kcg/ROS2Sample/install/cognata_sdk_ros2/share/cognata_sdk_ros2/package.ps1'
[24.962s] INFO:colcon.colcon_core.shell:Creating package descriptor '/home/kcg/Autonomous_kcg/ROS2Sample/install/cognata_sdk_ros2/share/cognata_sdk_ros2/package.dsv'
[24.962s] INFO:colcon.colcon_core.shell:Creating package script '/home/kcg/Autonomous_kcg/ROS2Sample/install/cognata_sdk_ros2/share/cognata_sdk_ros2/package.sh'
[24.963s] INFO:colcon.colcon_core.shell:Creating package script '/home/kcg/Autonomous_kcg/ROS2Sample/install/cognata_sdk_ros2/share/cognata_sdk_ros2/package.bash'
[24.963s] INFO:colcon.colcon_core.shell:Creating package script '/home/kcg/Autonomous_kcg/ROS2Sample/install/cognata_sdk_ros2/share/cognata_sdk_ros2/package.zsh'
[24.963s] Level 1:colcon.colcon_core.environment:create_file_with_runtime_dependencies(/home/kcg/Autonomous_kcg/ROS2Sample/install/cognata_sdk_ros2/share/colcon-core/packages/cognata_sdk_ros2)
[24.964s] INFO:colcon.colcon_ros.task.ament_python.build:Building ROS package in '/home/kcg/Autonomous_kcg/ROS2Sample/src/python_publisher' with build type 'ament_python'
[24.964s] Level 1:colcon.colcon_core.shell:create_environment_hook('python_publisher', 'ament_prefix_path')
[24.965s] INFO:colcon.colcon_core.shell:Creating environment hook '/home/kcg/Autonomous_kcg/ROS2Sample/install/python_publisher/share/python_publisher/hook/ament_prefix_path.ps1'
[24.966s] INFO:colcon.colcon_core.shell:Creating environment descriptor '/home/kcg/Autonomous_kcg/ROS2Sample/install/python_publisher/share/python_publisher/hook/ament_prefix_path.dsv'
[24.966s] INFO:colcon.colcon_core.shell:Creating environment hook '/home/kcg/Autonomous_kcg/ROS2Sample/install/python_publisher/share/python_publisher/hook/ament_prefix_path.sh'
[24.967s] INFO:colcon.colcon_core.shell:Skip shell extension 'powershell' for command environment: Not usable outside of PowerShell
[24.967s] DEBUG:colcon.colcon_core.shell:Skip shell extension 'dsv' for command environment
[25.146s] INFO:colcon.colcon_core.task.python.build:Building Python package in '/home/kcg/Autonomous_kcg/ROS2Sample/src/python_publisher'
[25.147s] INFO:colcon.colcon_core.shell:Skip shell extension 'powershell' for command environment: Not usable outside of PowerShell
[25.147s] DEBUG:colcon.colcon_core.shell:Skip shell extension 'dsv' for command environment
[25.690s] DEBUG:colcon.colcon_core.event_handler.log_command:Invoking command in '/home/kcg/Autonomous_kcg/ROS2Sample/src/python_publisher': AMENT_PREFIX_PATH=/home/kcg/Autonomous_kcg/ROS2Sample/install/cognata_sdk_ros2:${AMENT_PREFIX_PATH} CMAKE_PREFIX_PATH=/home/kcg/Autonomous_kcg/ROS2Sample/install/cognata_sdk_ros2 LD_LIBRARY_PATH=/home/kcg/Autonomous_kcg/ROS2Sample/install/cognata_sdk_ros2/lib:${LD_LIBRARY_PATH} PYTHONPATH=/home/kcg/Autonomous_kcg/ROS2Sample/install/python_publisher/lib/python3.8/site-packages:/home/kcg/Autonomous_kcg/ROS2Sample/install/cognata_sdk_ros2/lib/python3.8/site-packages:${PYTHONPATH} /usr/bin/python3 setup.py egg_info --egg-base ../../build/python_publisher build --build-base /home/kcg/Autonomous_kcg/ROS2Sample/build/python_publisher/build install --prefix /home/kcg/Autonomous_kcg/ROS2Sample/install/python_publisher --record /home/kcg/Autonomous_kcg/ROS2Sample/build/python_publisher/install.log --single-version-externally-managed
[25.923s] Level 1:colcon.colcon_core.environment:checking '/home/kcg/Autonomous_kcg/ROS2Sample/install/python_publisher' for CMake module files
[25.923s] DEBUG:colcon.colcon_core.event_handler.log_command:Invoked command in '/home/kcg/Autonomous_kcg/ROS2Sample/src/python_publisher' returned '0': AMENT_PREFIX_PATH=/home/kcg/Autonomous_kcg/ROS2Sample/install/cognata_sdk_ros2:${AMENT_PREFIX_PATH} CMAKE_PREFIX_PATH=/home/kcg/Autonomous_kcg/ROS2Sample/install/cognata_sdk_ros2 LD_LIBRARY_PATH=/home/kcg/Autonomous_kcg/ROS2Sample/install/cognata_sdk_ros2/lib:${LD_LIBRARY_PATH} PYTHONPATH=/home/kcg/Autonomous_kcg/ROS2Sample/install/python_publisher/lib/python3.8/site-packages:/home/kcg/Autonomous_kcg/ROS2Sample/install/cognata_sdk_ros2/lib/python3.8/site-packages:${PYTHONPATH} /usr/bin/python3 setup.py egg_info --egg-base ../../build/python_publisher build --build-base /home/kcg/Autonomous_kcg/ROS2Sample/build/python_publisher/build install --prefix /home/kcg/Autonomous_kcg/ROS2Sample/install/python_publisher --record /home/kcg/Autonomous_kcg/ROS2Sample/build/python_publisher/install.log --single-version-externally-managed
[25.923s] Level 1:colcon.colcon_core.environment:checking '/home/kcg/Autonomous_kcg/ROS2Sample/install/python_publisher' for CMake config files
[25.924s] Level 1:colcon.colcon_core.environment:checking '/home/kcg/Autonomous_kcg/ROS2Sample/install/python_publisher/lib'
[25.924s] Level 1:colcon.colcon_core.environment:checking '/home/kcg/Autonomous_kcg/ROS2Sample/install/python_publisher/bin'
[25.924s] Level 1:colcon.colcon_core.environment:checking '/home/kcg/Autonomous_kcg/ROS2Sample/install/python_publisher/lib/pkgconfig/python_publisher.pc'
[25.924s] Level 1:colcon.colcon_core.environment:checking '/home/kcg/Autonomous_kcg/ROS2Sample/install/python_publisher/lib/python3.8/site-packages'
[25.924s] Level 1:colcon.colcon_core.shell:create_environment_hook('python_publisher', 'pythonpath')
[25.925s] INFO:colcon.colcon_core.shell:Creating environment hook '/home/kcg/Autonomous_kcg/ROS2Sample/install/python_publisher/share/python_publisher/hook/pythonpath.ps1'
[25.926s] INFO:colcon.colcon_core.shell:Creating environment descriptor '/home/kcg/Autonomous_kcg/ROS2Sample/install/python_publisher/share/python_publisher/hook/pythonpath.dsv'
[25.926s] INFO:colcon.colcon_core.shell:Creating environment hook '/home/kcg/Autonomous_kcg/ROS2Sample/install/python_publisher/share/python_publisher/hook/pythonpath.sh'
[25.926s] Level 1:colcon.colcon_core.environment:checking '/home/kcg/Autonomous_kcg/ROS2Sample/install/python_publisher/bin'
[25.926s] Level 1:colcon.colcon_core.environment:create_environment_scripts_only(python_publisher)
[25.927s] INFO:colcon.colcon_core.shell:Creating package script '/home/kcg/Autonomous_kcg/ROS2Sample/install/python_publisher/share/python_publisher/package.ps1'
[25.928s] INFO:colcon.colcon_core.shell:Creating package descriptor '/home/kcg/Autonomous_kcg/ROS2Sample/install/python_publisher/share/python_publisher/package.dsv'
[25.928s] INFO:colcon.colcon_core.shell:Creating package script '/home/kcg/Autonomous_kcg/ROS2Sample/install/python_publisher/share/python_publisher/package.sh'
[25.928s] INFO:colcon.colcon_core.shell:Creating package script '/home/kcg/Autonomous_kcg/ROS2Sample/install/python_publisher/share/python_publisher/package.bash'
[25.929s] INFO:colcon.colcon_core.shell:Creating package script '/home/kcg/Autonomous_kcg/ROS2Sample/install/python_publisher/share/python_publisher/package.zsh'
[25.929s] Level 1:colcon.colcon_core.environment:create_file_with_runtime_dependencies(/home/kcg/Autonomous_kcg/ROS2Sample/install/python_publisher/share/colcon-core/packages/python_publisher)
[25.929s] DEBUG:colcon.colcon_parallel_executor.executor.parallel:closing loop
[25.929s] DEBUG:colcon.colcon_parallel_executor.executor.parallel:loop closed
[25.929s] DEBUG:colcon.colcon_parallel_executor.executor.parallel:run_until_complete finished with '0'
[25.929s] DEBUG:colcon.colcon_core.event_reactor:joining thread
[25.935s] INFO:colcon.colcon_core.plugin_system:Skipping extension 'colcon_notification.desktop_notification.terminal_notifier': Not used on non-Darwin systems
[25.935s] INFO:colcon.colcon_core.plugin_system:Skipping extension 'colcon_notification.desktop_notification.win32': Not used on non-Windows systems
[25.935s] INFO:colcon.colcon_notification.desktop_notification:Sending desktop notification using 'notify2'
[25.945s] DEBUG:colcon.colcon_core.event_reactor:joined thread
[25.947s] INFO:colcon.colcon_core.shell:Creating prefix script '/home/kcg/Autonomous_kcg/ROS2Sample/install/local_setup.ps1'
[25.948s] INFO:colcon.colcon_core.shell:Creating prefix util module '/home/kcg/Autonomous_kcg/ROS2Sample/install/_local_setup_util_ps1.py'
[25.949s] INFO:colcon.colcon_core.shell:Creating prefix chain script '/home/kcg/Autonomous_kcg/ROS2Sample/install/setup.ps1'
[25.950s] INFO:colcon.colcon_core.shell:Creating prefix script '/home/kcg/Autonomous_kcg/ROS2Sample/install/local_setup.sh'
[25.950s] INFO:colcon.colcon_core.shell:Creating prefix util module '/home/kcg/Autonomous_kcg/ROS2Sample/install/_local_setup_util_sh.py'
[25.950s] INFO:colcon.colcon_core.shell:Creating prefix chain script '/home/kcg/Autonomous_kcg/ROS2Sample/install/setup.sh'
[25.951s] INFO:colcon.colcon_core.shell:Creating prefix script '/home/kcg/Autonomous_kcg/ROS2Sample/install/local_setup.bash'
[25.951s] INFO:colcon.colcon_core.shell:Creating prefix chain script '/home/kcg/Autonomous_kcg/ROS2Sample/install/setup.bash'
[25.952s] INFO:colcon.colcon_core.shell:Creating prefix script '/home/kcg/Autonomous_kcg/ROS2Sample/install/local_setup.zsh'
[25.953s] INFO:colcon.colcon_core.shell:Creating prefix chain script '/home/kcg/Autonomous_kcg/ROS2Sample/install/setup.zsh'
