[0.017s] Invoking command in '/home/shovals/Documents/Autonomous_kcg/ROS2Sample/build/tracked_lane_msgs': CMAKE_PREFIX_PATH=/opt/ros/foxy /usr/bin/cmake /home/shovals/Documents/Autonomous_kcg/ROS2Sample/src/msgs/tracked_lane_msgs -DCMAKE_INSTALL_PREFIX=/home/shovals/Documents/Autonomous_kcg/ROS2Sample/install/tracked_lane_msgs
[0.055s] -- The C compiler identification is GNU 9.4.0
[0.093s] -- The CXX compiler identification is GNU 9.4.0
[0.097s] -- Check for working C compiler: /usr/bin/cc
[0.145s] -- Check for working C compiler: /usr/bin/cc -- works
[0.145s] -- Detecting C compiler ABI info
[0.194s] -- Detecting C compiler ABI info - done
[0.207s] -- Detecting C compile features
[0.208s] -- Detecting C compile features - done
[0.210s] -- Check for working CXX compiler: /usr/bin/c++
[0.265s] -- Check for working CXX compiler: /usr/bin/c++ -- works
[0.266s] -- Detecting CXX compiler ABI info
[0.320s] -- Detecting CXX compiler ABI info - done
[0.334s] -- Detecting CXX compile features
[0.335s] -- Detecting CXX compile features - done
[0.336s] -- Found ament_cmake: 0.9.9 (/opt/ros/foxy/share/ament_cmake/cmake)
[0.355s] -- Found PythonInterp: /usr/bin/python3 (found suitable version "3.8.10", minimum required is "3") 
[0.355s] -- Using PYTHON_EXECUTABLE: /usr/bin/python3
[0.496s] -- Found std_msgs: 2.0.5 (/opt/ros/foxy/share/std_msgs/cmake)
[0.514s] -- Using all available rosidl_typesupport_c: rosidl_typesupport_fastrtps_c;rosidl_typesupport_introspection_c
[0.517s] -- Found rosidl_adapter: 1.2.1 (/opt/ros/foxy/share/rosidl_adapter/cmake)
[0.575s] -- Found OpenSSL: /usr/lib/x86_64-linux-gnu/libcrypto.so (found version "1.1.1f")  
[0.594s] -- Found FastRTPS: /opt/ros/foxy/include  
[0.643s] -- Using all available rosidl_typesupport_cpp: rosidl_typesupport_fastrtps_cpp;rosidl_typesupport_introspection_cpp
[0.673s] -- Found rosidl_default_generators: 1.0.1 (/opt/ros/foxy/share/rosidl_default_generators/cmake)
[0.696s] -- Found PythonInterp: /usr/bin/python3 (found version "3.8.10") 
[0.807s] -- Found ament_cmake_ros: 0.9.2 (/opt/ros/foxy/share/ament_cmake_ros/cmake)
[0.924s] -- Using all available rosidl_typesupport_c: rosidl_typesupport_fastrtps_c;rosidl_typesupport_introspection_c
[0.962s] -- Using all available rosidl_typesupport_cpp: rosidl_typesupport_fastrtps_cpp;rosidl_typesupport_introspection_cpp
[0.980s] -- Found PythonInterp: /usr/bin/python3 (found suitable version "3.8.10", minimum required is "3.5") 
[0.980s] -- Found python_cmake_module: 0.8.1 (/opt/ros/foxy/share/python_cmake_module/cmake)
[1.000s] -- Found PythonLibs: /usr/lib/x86_64-linux-gnu/libpython3.8.so (found suitable version "3.8.10", minimum required is "3.5") 
[1.000s] -- Using PYTHON_EXECUTABLE: /usr/bin/python3
[1.000s] -- Using PYTHON_INCLUDE_DIRS: /usr/include/python3.8
[1.000s] -- Using PYTHON_LIBRARIES: /usr/lib/x86_64-linux-gnu/libpython3.8.so
[1.015s] -- Found PythonExtra: .so  
[1.053s] -- Found ament_lint_auto: 0.9.6 (/opt/ros/foxy/share/ament_lint_auto/cmake)
[1.064s] -- Added test 'copyright' to check source files copyright and LICENSE
[1.065s] -- Added test 'lint_cmake' to check CMake code style
[1.065s] -- Added test 'xmllint' to check XML markup files
[1.068s] -- Configuring done
[1.097s] -- Generating done
[1.099s] -- Build files have been written to: /home/shovals/Documents/Autonomous_kcg/ROS2Sample/build/tracked_lane_msgs
[1.105s] Invoked command in '/home/shovals/Documents/Autonomous_kcg/ROS2Sample/build/tracked_lane_msgs' returned '0': CMAKE_PREFIX_PATH=/opt/ros/foxy /usr/bin/cmake /home/shovals/Documents/Autonomous_kcg/ROS2Sample/src/msgs/tracked_lane_msgs -DCMAKE_INSTALL_PREFIX=/home/shovals/Documents/Autonomous_kcg/ROS2Sample/install/tracked_lane_msgs
[1.108s] Invoking command in '/home/shovals/Documents/Autonomous_kcg/ROS2Sample/build/tracked_lane_msgs': CMAKE_PREFIX_PATH=/opt/ros/foxy /usr/bin/cmake --build /home/shovals/Documents/Autonomous_kcg/ROS2Sample/build/tracked_lane_msgs -- -j16 -l16
[1.137s] [35m[1mScanning dependencies of target tracked_lane_msgs__cpp[0m
[1.137s] [  1%] [34m[1mGenerating C code for ROS interfaces[0m
[1.146s] [  3%] [34m[1mGenerating C++ code for ROS interfaces[0m
[1.467s] [  3%] Built target tracked_lane_msgs__cpp
[1.477s] [  5%] [34m[1mGenerating C++ introspection for ROS interfaces[0m
[1.477s] [  7%] [34m[1mGenerating C++ type support for eProsima Fast-RTPS[0m
[1.478s] [35m[1mScanning dependencies of target tracked_lane_msgs__rosidl_generator_c[0m
[1.478s] [  9%] [34m[1mGenerating C++ type support dispatch for ROS interfaces[0m
[1.485s] [ 10%] [32mBuilding C object CMakeFiles/tracked_lane_msgs__rosidl_generator_c.dir/rosidl_generator_c/tracked_lane_msgs/msg/detail/lane_results__functions.c.o[0m
[1.487s] [ 12%] [32mBuilding C object CMakeFiles/tracked_lane_msgs__rosidl_generator_c.dir/rosidl_generator_c/tracked_lane_msgs/msg/detail/lane__functions.c.o[0m
[1.487s] [ 14%] [32mBuilding C object CMakeFiles/tracked_lane_msgs__rosidl_generator_c.dir/rosidl_generator_c/tracked_lane_msgs/msg/detail/point__functions.c.o[0m
[1.487s] [ 16%] [32mBuilding C object CMakeFiles/tracked_lane_msgs__rosidl_generator_c.dir/rosidl_generator_c/tracked_lane_msgs/msg/detail/boundary__functions.c.o[0m
[1.529s] [ 18%] [32m[1mLinking C shared library libtracked_lane_msgs__rosidl_generator_c.so[0m
[1.571s] [ 18%] Built target tracked_lane_msgs__rosidl_generator_c
[1.582s] [ 21%] [34m[1mGenerating C type support dispatch for ROS interfaces[0m
[1.582s] [ 21%] [34m[1mGenerating C introspection for ROS interfaces[0m
[1.779s] [35m[1mScanning dependencies of target tracked_lane_msgs__rosidl_typesupport_cpp[0m
[1.793s] [ 25%] [32mBuilding CXX object CMakeFiles/tracked_lane_msgs__rosidl_typesupport_cpp.dir/rosidl_typesupport_cpp/tracked_lane_msgs/msg/point__type_support.cpp.o[0m
[1.793s] [ 25%] [32mBuilding CXX object CMakeFiles/tracked_lane_msgs__rosidl_typesupport_cpp.dir/rosidl_typesupport_cpp/tracked_lane_msgs/msg/lane_results__type_support.cpp.o[0m
[1.795s] [ 27%] [32mBuilding CXX object CMakeFiles/tracked_lane_msgs__rosidl_typesupport_cpp.dir/rosidl_typesupport_cpp/tracked_lane_msgs/msg/lane__type_support.cpp.o[0m
[1.796s] [35m[1mScanning dependencies of target tracked_lane_msgs__rosidl_typesupport_introspection_cpp[0m
[1.803s] [ 29%] [32mBuilding CXX object CMakeFiles/tracked_lane_msgs__rosidl_typesupport_cpp.dir/rosidl_typesupport_cpp/tracked_lane_msgs/msg/boundary__type_support.cpp.o[0m
[1.812s] [ 34%] [32mBuilding CXX object CMakeFiles/tracked_lane_msgs__rosidl_typesupport_introspection_cpp.dir/rosidl_typesupport_introspection_cpp/tracked_lane_msgs/msg/detail/boundary__type_support.cpp.o[0m
[1.814s] [ 34%] [32mBuilding CXX object CMakeFiles/tracked_lane_msgs__rosidl_typesupport_introspection_cpp.dir/rosidl_typesupport_introspection_cpp/tracked_lane_msgs/msg/detail/point__type_support.cpp.o[0m
[1.820s] [ 30%] [32mBuilding CXX object CMakeFiles/tracked_lane_msgs__rosidl_typesupport_introspection_cpp.dir/rosidl_typesupport_introspection_cpp/tracked_lane_msgs/msg/detail/lane__type_support.cpp.o[0m
[1.820s] [ 36%] [32mBuilding CXX object CMakeFiles/tracked_lane_msgs__rosidl_typesupport_introspection_cpp.dir/rosidl_typesupport_introspection_cpp/tracked_lane_msgs/msg/detail/lane_results__type_support.cpp.o[0m
[1.839s] [35m[1mScanning dependencies of target tracked_lane_msgs__rosidl_typesupport_fastrtps_cpp[0m
[1.867s] [ 38%] [32mBuilding CXX object CMakeFiles/tracked_lane_msgs__rosidl_typesupport_fastrtps_cpp.dir/rosidl_typesupport_fastrtps_cpp/tracked_lane_msgs/msg/detail/dds_fastrtps/lane__type_support.cpp.o[0m
[1.869s] [ 40%] [32mBuilding CXX object CMakeFiles/tracked_lane_msgs__rosidl_typesupport_fastrtps_cpp.dir/rosidl_typesupport_fastrtps_cpp/tracked_lane_msgs/msg/detail/dds_fastrtps/lane_results__type_support.cpp.o[0m
[1.877s] [ 41%] [32mBuilding CXX object CMakeFiles/tracked_lane_msgs__rosidl_typesupport_fastrtps_cpp.dir/rosidl_typesupport_fastrtps_cpp/tracked_lane_msgs/msg/detail/dds_fastrtps/boundary__type_support.cpp.o[0m
[1.892s] [ 43%] [32mBuilding CXX object CMakeFiles/tracked_lane_msgs__rosidl_typesupport_fastrtps_cpp.dir/rosidl_typesupport_fastrtps_cpp/tracked_lane_msgs/msg/detail/dds_fastrtps/point__type_support.cpp.o[0m
[2.168s] [ 45%] [32m[1mLinking CXX shared library libtracked_lane_msgs__rosidl_typesupport_cpp.so[0m
[2.191s] [35m[1mScanning dependencies of target tracked_lane_msgs__rosidl_typesupport_introspection_c[0m
[2.193s] [35m[1mScanning dependencies of target tracked_lane_msgs__rosidl_typesupport_c[0m
[2.207s] [ 49%] [32mBuilding CXX object CMakeFiles/tracked_lane_msgs__rosidl_typesupport_c.dir/rosidl_typesupport_c/tracked_lane_msgs/msg/lane__type_support.cpp.o[0m
[2.208s] [ 49%] [32mBuilding CXX object CMakeFiles/tracked_lane_msgs__rosidl_typesupport_c.dir/rosidl_typesupport_c/tracked_lane_msgs/msg/boundary__type_support.cpp.o[0m
[2.208s] [ 50%] [32mBuilding C object CMakeFiles/tracked_lane_msgs__rosidl_typesupport_introspection_c.dir/rosidl_typesupport_introspection_c/tracked_lane_msgs/msg/detail/lane_results__type_support.c.o[0m
[2.209s] [ 52%] [32mBuilding CXX object CMakeFiles/tracked_lane_msgs__rosidl_typesupport_c.dir/rosidl_typesupport_c/tracked_lane_msgs/msg/lane_results__type_support.cpp.o[0m
[2.213s] [ 54%] [32mBuilding CXX object CMakeFiles/tracked_lane_msgs__rosidl_typesupport_c.dir/rosidl_typesupport_c/tracked_lane_msgs/msg/point__type_support.cpp.o[0m
[2.215s] [ 56%] [32mBuilding C object CMakeFiles/tracked_lane_msgs__rosidl_typesupport_introspection_c.dir/rosidl_typesupport_introspection_c/tracked_lane_msgs/msg/detail/lane__type_support.c.o[0m
[2.216s] [ 56%] Built target tracked_lane_msgs__rosidl_typesupport_cpp
[2.232s] [ 58%] [32mBuilding C object CMakeFiles/tracked_lane_msgs__rosidl_typesupport_introspection_c.dir/rosidl_typesupport_introspection_c/tracked_lane_msgs/msg/detail/boundary__type_support.c.o[0m
[2.247s] [ 60%] [32m[1mLinking CXX shared library libtracked_lane_msgs__rosidl_typesupport_introspection_cpp.so[0m
[2.257s] [ 61%] [32mBuilding C object CMakeFiles/tracked_lane_msgs__rosidl_typesupport_introspection_c.dir/rosidl_typesupport_introspection_c/tracked_lane_msgs/msg/detail/point__type_support.c.o[0m
[2.260s] [ 63%] [32m[1mLinking CXX shared library libtracked_lane_msgs__rosidl_typesupport_c.so[0m
[2.299s] [ 65%] [32m[1mLinking C shared library libtracked_lane_msgs__rosidl_typesupport_introspection_c.so[0m
[2.330s] [ 65%] Built target tracked_lane_msgs__rosidl_typesupport_introspection_cpp
[2.443s] [ 65%] Built target tracked_lane_msgs__rosidl_typesupport_c
[2.443s] [ 65%] Built target tracked_lane_msgs__rosidl_typesupport_introspection_c
[2.493s] [ 67%] [32m[1mLinking CXX shared library libtracked_lane_msgs__rosidl_typesupport_fastrtps_cpp.so[0m
[2.561s] [ 67%] Built target tracked_lane_msgs__rosidl_typesupport_fastrtps_cpp
[2.568s] [ 69%] [34m[1mGenerating C type support for eProsima Fast-RTPS[0m
[2.949s] [35m[1mScanning dependencies of target tracked_lane_msgs__rosidl_typesupport_fastrtps_c[0m
[2.968s] [ 72%] [32mBuilding CXX object CMakeFiles/tracked_lane_msgs__rosidl_typesupport_fastrtps_c.dir/rosidl_typesupport_fastrtps_c/tracked_lane_msgs/msg/detail/lane__type_support_c.cpp.o[0m
[2.969s] [ 72%] [32mBuilding CXX object CMakeFiles/tracked_lane_msgs__rosidl_typesupport_fastrtps_c.dir/rosidl_typesupport_fastrtps_c/tracked_lane_msgs/msg/detail/lane_results__type_support_c.cpp.o[0m
[2.984s] [ 74%] [32mBuilding CXX object CMakeFiles/tracked_lane_msgs__rosidl_typesupport_fastrtps_c.dir/rosidl_typesupport_fastrtps_c/tracked_lane_msgs/msg/detail/point__type_support_c.cpp.o[0m
[2.985s] [ 76%] [32mBuilding CXX object CMakeFiles/tracked_lane_msgs__rosidl_typesupport_fastrtps_c.dir/rosidl_typesupport_fastrtps_c/tracked_lane_msgs/msg/detail/boundary__type_support_c.cpp.o[0m
[3.431s] [ 78%] [32m[1mLinking CXX shared library libtracked_lane_msgs__rosidl_typesupport_fastrtps_c.so[0m
[3.517s] [ 78%] Built target tracked_lane_msgs__rosidl_typesupport_fastrtps_c
[3.526s] [35m[1mScanning dependencies of target tracked_lane_msgs[0m
[3.537s] [ 78%] Built target tracked_lane_msgs
[3.548s] [35m[1mScanning dependencies of target tracked_lane_msgs__py[0m
[3.556s] [ 80%] [34m[1mGenerating Python code for ROS interfaces[0m
[4.702s] [ 80%] Built target tracked_lane_msgs__py
[4.740s] [35m[1mScanning dependencies of target tracked_lane_msgs__python[0m
[4.808s] [ 81%] [32mBuilding C object CMakeFiles/tracked_lane_msgs__python.dir/rosidl_generator_py/tracked_lane_msgs/msg/_lane_results_s.c.o[0m
[4.821s] [ 83%] [32mBuilding C object CMakeFiles/tracked_lane_msgs__python.dir/rosidl_generator_py/tracked_lane_msgs/msg/_lane_s.c.o[0m
[4.880s] [ 85%] [32mBuilding C object CMakeFiles/tracked_lane_msgs__python.dir/rosidl_generator_py/tracked_lane_msgs/msg/_boundary_s.c.o[0m
[4.885s] [ 87%] [32mBuilding C object CMakeFiles/tracked_lane_msgs__python.dir/rosidl_generator_py/tracked_lane_msgs/msg/_point_s.c.o[0m
[5.070s] [ 89%] [32m[1mLinking C shared library rosidl_generator_py/tracked_lane_msgs/libtracked_lane_msgs__python.so[0m
[5.173s] [ 89%] Built target tracked_lane_msgs__python
[5.199s] [35m[1mScanning dependencies of target tracked_lane_msgs__rosidl_typesupport_fastrtps_c__pyext[0m
[5.211s] [35m[1mScanning dependencies of target tracked_lane_msgs__rosidl_typesupport_c__pyext[0m
[5.214s] [35m[1mScanning dependencies of target tracked_lane_msgs__rosidl_typesupport_introspection_c__pyext[0m
[5.233s] [ 90%] [32mBuilding C object CMakeFiles/tracked_lane_msgs__rosidl_typesupport_c__pyext.dir/rosidl_generator_py/tracked_lane_msgs/_tracked_lane_msgs_s.ep.rosidl_typesupport_c.c.o[0m
[5.236s] [ 92%] [32mBuilding C object CMakeFiles/tracked_lane_msgs__rosidl_typesupport_fastrtps_c__pyext.dir/rosidl_generator_py/tracked_lane_msgs/_tracked_lane_msgs_s.ep.rosidl_typesupport_fastrtps_c.c.o[0m
[5.301s] [ 94%] [32mBuilding C object CMakeFiles/tracked_lane_msgs__rosidl_typesupport_introspection_c__pyext.dir/rosidl_generator_py/tracked_lane_msgs/_tracked_lane_msgs_s.ep.rosidl_typesupport_introspection_c.c.o[0m
[5.422s] [ 96%] [32m[1mLinking C shared library rosidl_generator_py/tracked_lane_msgs/tracked_lane_msgs_s__rosidl_typesupport_c.cpython-38-x86_64-linux-gnu.so[0m
[5.460s] [ 98%] [32m[1mLinking CXX shared library rosidl_generator_py/tracked_lane_msgs/tracked_lane_msgs_s__rosidl_typesupport_fastrtps_c.cpython-38-x86_64-linux-gnu.so[0m
[5.460s] [100%] [32m[1mLinking C shared library rosidl_generator_py/tracked_lane_msgs/tracked_lane_msgs_s__rosidl_typesupport_introspection_c.cpython-38-x86_64-linux-gnu.so[0m
[5.494s] [100%] Built target tracked_lane_msgs__rosidl_typesupport_c__pyext
[5.511s] [100%] Built target tracked_lane_msgs__rosidl_typesupport_introspection_c__pyext
[5.563s] [100%] Built target tracked_lane_msgs__rosidl_typesupport_fastrtps_c__pyext
[5.577s] Invoked command in '/home/shovals/Documents/Autonomous_kcg/ROS2Sample/build/tracked_lane_msgs' returned '0': CMAKE_PREFIX_PATH=/opt/ros/foxy /usr/bin/cmake --build /home/shovals/Documents/Autonomous_kcg/ROS2Sample/build/tracked_lane_msgs -- -j16 -l16
[5.664s] Invoking command in '/home/shovals/Documents/Autonomous_kcg/ROS2Sample/build/tracked_lane_msgs': CMAKE_PREFIX_PATH=/opt/ros/foxy /usr/bin/cmake --install /home/shovals/Documents/Autonomous_kcg/ROS2Sample/build/tracked_lane_msgs
[5.671s] -- Install configuration: ""
[5.671s] -- Installing: /home/shovals/Documents/Autonomous_kcg/ROS2Sample/install/tracked_lane_msgs/share/ament_index/resource_index/rosidl_interfaces/tracked_lane_msgs
[5.671s] -- Installing: /home/shovals/Documents/Autonomous_kcg/ROS2Sample/install/tracked_lane_msgs/include/tracked_lane_msgs
[5.671s] -- Installing: /home/shovals/Documents/Autonomous_kcg/ROS2Sample/install/tracked_lane_msgs/include/tracked_lane_msgs/msg
[5.671s] -- Installing: /home/shovals/Documents/Autonomous_kcg/ROS2Sample/install/tracked_lane_msgs/include/tracked_lane_msgs/msg/rosidl_generator_c__visibility_control.h
[5.671s] -- Installing: /home/shovals/Documents/Autonomous_kcg/ROS2Sample/install/tracked_lane_msgs/include/tracked_lane_msgs/msg/lane_results.h
[5.671s] -- Installing: /home/shovals/Documents/Autonomous_kcg/ROS2Sample/install/tracked_lane_msgs/include/tracked_lane_msgs/msg/lane.h
[5.671s] -- Installing: /home/shovals/Documents/Autonomous_kcg/ROS2Sample/install/tracked_lane_msgs/include/tracked_lane_msgs/msg/boundary.h
[5.671s] -- Installing: /home/shovals/Documents/Autonomous_kcg/ROS2Sample/install/tracked_lane_msgs/include/tracked_lane_msgs/msg/detail
[5.671s] -- Installing: /home/shovals/Documents/Autonomous_kcg/ROS2Sample/install/tracked_lane_msgs/include/tracked_lane_msgs/msg/detail/lane__functions.c
[5.672s] -- Installing: /home/shovals/Documents/Autonomous_kcg/ROS2Sample/install/tracked_lane_msgs/include/tracked_lane_msgs/msg/detail/boundary__functions.c
[5.672s] -- Installing: /home/shovals/Documents/Autonomous_kcg/ROS2Sample/install/tracked_lane_msgs/include/tracked_lane_msgs/msg/detail/boundary__type_support.h
[5.672s] -- Installing: /home/shovals/Documents/Autonomous_kcg/ROS2Sample/install/tracked_lane_msgs/include/tracked_lane_msgs/msg/detail/lane_results__functions.h
[5.672s] -- Installing: /home/shovals/Documents/Autonomous_kcg/ROS2Sample/install/tracked_lane_msgs/include/tracked_lane_msgs/msg/detail/boundary__struct.h
[5.672s] -- Installing: /home/shovals/Documents/Autonomous_kcg/ROS2Sample/install/tracked_lane_msgs/include/tracked_lane_msgs/msg/detail/lane__struct.h
[5.672s] -- Installing: /home/shovals/Documents/Autonomous_kcg/ROS2Sample/install/tracked_lane_msgs/include/tracked_lane_msgs/msg/detail/point__type_support.h
[5.672s] -- Installing: /home/shovals/Documents/Autonomous_kcg/ROS2Sample/install/tracked_lane_msgs/include/tracked_lane_msgs/msg/detail/lane_results__type_support.h
[5.672s] -- Installing: /home/shovals/Documents/Autonomous_kcg/ROS2Sample/install/tracked_lane_msgs/include/tracked_lane_msgs/msg/detail/point__functions.h
[5.672s] -- Installing: /home/shovals/Documents/Autonomous_kcg/ROS2Sample/install/tracked_lane_msgs/include/tracked_lane_msgs/msg/detail/point__struct.h
[5.672s] -- Installing: /home/shovals/Documents/Autonomous_kcg/ROS2Sample/install/tracked_lane_msgs/include/tracked_lane_msgs/msg/detail/lane__type_support.h
[5.673s] -- Installing: /home/shovals/Documents/Autonomous_kcg/ROS2Sample/install/tracked_lane_msgs/include/tracked_lane_msgs/msg/detail/lane_results__struct.h
[5.673s] -- Installing: /home/shovals/Documents/Autonomous_kcg/ROS2Sample/install/tracked_lane_msgs/include/tracked_lane_msgs/msg/detail/lane__functions.h
[5.673s] -- Installing: /home/shovals/Documents/Autonomous_kcg/ROS2Sample/install/tracked_lane_msgs/include/tracked_lane_msgs/msg/detail/boundary__functions.h
[5.673s] -- Installing: /home/shovals/Documents/Autonomous_kcg/ROS2Sample/install/tracked_lane_msgs/include/tracked_lane_msgs/msg/detail/lane_results__functions.c
[5.673s] -- Installing: /home/shovals/Documents/Autonomous_kcg/ROS2Sample/install/tracked_lane_msgs/include/tracked_lane_msgs/msg/detail/point__functions.c
[5.673s] -- Installing: /home/shovals/Documents/Autonomous_kcg/ROS2Sample/install/tracked_lane_msgs/include/tracked_lane_msgs/msg/point.h
[5.673s] -- Installing: /home/shovals/Documents/Autonomous_kcg/ROS2Sample/install/tracked_lane_msgs/share/tracked_lane_msgs/environment/library_path.sh
[5.673s] -- Installing: /home/shovals/Documents/Autonomous_kcg/ROS2Sample/install/tracked_lane_msgs/share/tracked_lane_msgs/environment/library_path.dsv
[5.673s] -- Installing: /home/shovals/Documents/Autonomous_kcg/ROS2Sample/install/tracked_lane_msgs/lib/libtracked_lane_msgs__rosidl_generator_c.so
[5.673s] -- Set runtime path of "/home/shovals/Documents/Autonomous_kcg/ROS2Sample/install/tracked_lane_msgs/lib/libtracked_lane_msgs__rosidl_generator_c.so" to ""
[5.674s] -- Up-to-date: /home/shovals/Documents/Autonomous_kcg/ROS2Sample/install/tracked_lane_msgs/include/tracked_lane_msgs
[5.674s] -- Up-to-date: /home/shovals/Documents/Autonomous_kcg/ROS2Sample/install/tracked_lane_msgs/include/tracked_lane_msgs/msg
[5.674s] -- Installing: /home/shovals/Documents/Autonomous_kcg/ROS2Sample/install/tracked_lane_msgs/include/tracked_lane_msgs/msg/rosidl_typesupport_fastrtps_c__visibility_control.h
[5.674s] -- Up-to-date: /home/shovals/Documents/Autonomous_kcg/ROS2Sample/install/tracked_lane_msgs/include/tracked_lane_msgs/msg/detail
[5.674s] -- Installing: /home/shovals/Documents/Autonomous_kcg/ROS2Sample/install/tracked_lane_msgs/include/tracked_lane_msgs/msg/detail/lane_results__rosidl_typesupport_fastrtps_c.h
[5.674s] -- Installing: /home/shovals/Documents/Autonomous_kcg/ROS2Sample/install/tracked_lane_msgs/include/tracked_lane_msgs/msg/detail/point__rosidl_typesupport_fastrtps_c.h
[5.674s] -- Installing: /home/shovals/Documents/Autonomous_kcg/ROS2Sample/install/tracked_lane_msgs/include/tracked_lane_msgs/msg/detail/lane__rosidl_typesupport_fastrtps_c.h
[5.674s] -- Installing: /home/shovals/Documents/Autonomous_kcg/ROS2Sample/install/tracked_lane_msgs/include/tracked_lane_msgs/msg/detail/boundary__rosidl_typesupport_fastrtps_c.h
[5.674s] -- Installing: /home/shovals/Documents/Autonomous_kcg/ROS2Sample/install/tracked_lane_msgs/lib/libtracked_lane_msgs__rosidl_typesupport_fastrtps_c.so
[5.674s] -- Set runtime path of "/home/shovals/Documents/Autonomous_kcg/ROS2Sample/install/tracked_lane_msgs/lib/libtracked_lane_msgs__rosidl_typesupport_fastrtps_c.so" to ""
[5.674s] -- Up-to-date: /home/shovals/Documents/Autonomous_kcg/ROS2Sample/install/tracked_lane_msgs/include/tracked_lane_msgs
[5.674s] -- Up-to-date: /home/shovals/Documents/Autonomous_kcg/ROS2Sample/install/tracked_lane_msgs/include/tracked_lane_msgs/msg
[5.674s] -- Installing: /home/shovals/Documents/Autonomous_kcg/ROS2Sample/install/tracked_lane_msgs/include/tracked_lane_msgs/msg/rosidl_typesupport_fastrtps_cpp__visibility_control.h
[5.675s] -- Up-to-date: /home/shovals/Documents/Autonomous_kcg/ROS2Sample/install/tracked_lane_msgs/include/tracked_lane_msgs/msg/detail
[5.675s] -- Installing: /home/shovals/Documents/Autonomous_kcg/ROS2Sample/install/tracked_lane_msgs/include/tracked_lane_msgs/msg/detail/boundary__rosidl_typesupport_fastrtps_cpp.hpp
[5.675s] -- Installing: /home/shovals/Documents/Autonomous_kcg/ROS2Sample/install/tracked_lane_msgs/include/tracked_lane_msgs/msg/detail/lane__rosidl_typesupport_fastrtps_cpp.hpp
[5.675s] -- Installing: /home/shovals/Documents/Autonomous_kcg/ROS2Sample/install/tracked_lane_msgs/include/tracked_lane_msgs/msg/detail/dds_fastrtps
[5.675s] -- Installing: /home/shovals/Documents/Autonomous_kcg/ROS2Sample/install/tracked_lane_msgs/include/tracked_lane_msgs/msg/detail/point__rosidl_typesupport_fastrtps_cpp.hpp
[5.675s] -- Installing: /home/shovals/Documents/Autonomous_kcg/ROS2Sample/install/tracked_lane_msgs/include/tracked_lane_msgs/msg/detail/lane_results__rosidl_typesupport_fastrtps_cpp.hpp
[5.675s] -- Installing: /home/shovals/Documents/Autonomous_kcg/ROS2Sample/install/tracked_lane_msgs/lib/libtracked_lane_msgs__rosidl_typesupport_fastrtps_cpp.so
[5.675s] -- Set runtime path of "/home/shovals/Documents/Autonomous_kcg/ROS2Sample/install/tracked_lane_msgs/lib/libtracked_lane_msgs__rosidl_typesupport_fastrtps_cpp.so" to ""
[5.675s] -- Up-to-date: /home/shovals/Documents/Autonomous_kcg/ROS2Sample/install/tracked_lane_msgs/include/tracked_lane_msgs
[5.675s] -- Up-to-date: /home/shovals/Documents/Autonomous_kcg/ROS2Sample/install/tracked_lane_msgs/include/tracked_lane_msgs/msg
[5.675s] -- Up-to-date: /home/shovals/Documents/Autonomous_kcg/ROS2Sample/install/tracked_lane_msgs/include/tracked_lane_msgs/msg/detail
[5.675s] -- Installing: /home/shovals/Documents/Autonomous_kcg/ROS2Sample/install/tracked_lane_msgs/include/tracked_lane_msgs/msg/detail/lane_results__type_support.c
[5.676s] -- Installing: /home/shovals/Documents/Autonomous_kcg/ROS2Sample/install/tracked_lane_msgs/include/tracked_lane_msgs/msg/detail/lane__type_support.c
[5.676s] -- Installing: /home/shovals/Documents/Autonomous_kcg/ROS2Sample/install/tracked_lane_msgs/include/tracked_lane_msgs/msg/detail/boundary__type_support.c
[5.676s] -- Installing: /home/shovals/Documents/Autonomous_kcg/ROS2Sample/install/tracked_lane_msgs/include/tracked_lane_msgs/msg/detail/point__rosidl_typesupport_introspection_c.h
[5.676s] -- Installing: /home/shovals/Documents/Autonomous_kcg/ROS2Sample/install/tracked_lane_msgs/include/tracked_lane_msgs/msg/detail/point__type_support.c
[5.676s] -- Installing: /home/shovals/Documents/Autonomous_kcg/ROS2Sample/install/tracked_lane_msgs/include/tracked_lane_msgs/msg/detail/lane_results__rosidl_typesupport_introspection_c.h
[5.676s] -- Installing: /home/shovals/Documents/Autonomous_kcg/ROS2Sample/install/tracked_lane_msgs/include/tracked_lane_msgs/msg/detail/lane__rosidl_typesupport_introspection_c.h
[5.676s] -- Installing: /home/shovals/Documents/Autonomous_kcg/ROS2Sample/install/tracked_lane_msgs/include/tracked_lane_msgs/msg/detail/boundary__rosidl_typesupport_introspection_c.h
[5.676s] -- Installing: /home/shovals/Documents/Autonomous_kcg/ROS2Sample/install/tracked_lane_msgs/include/tracked_lane_msgs/msg/rosidl_typesupport_introspection_c__visibility_control.h
[5.676s] -- Installing: /home/shovals/Documents/Autonomous_kcg/ROS2Sample/install/tracked_lane_msgs/lib/libtracked_lane_msgs__rosidl_typesupport_introspection_c.so
[5.676s] -- Set runtime path of "/home/shovals/Documents/Autonomous_kcg/ROS2Sample/install/tracked_lane_msgs/lib/libtracked_lane_msgs__rosidl_typesupport_introspection_c.so" to ""
[5.676s] -- Installing: /home/shovals/Documents/Autonomous_kcg/ROS2Sample/install/tracked_lane_msgs/lib/libtracked_lane_msgs__rosidl_typesupport_c.so
[5.677s] -- Set runtime path of "/home/shovals/Documents/Autonomous_kcg/ROS2Sample/install/tracked_lane_msgs/lib/libtracked_lane_msgs__rosidl_typesupport_c.so" to ""
[5.677s] -- Up-to-date: /home/shovals/Documents/Autonomous_kcg/ROS2Sample/install/tracked_lane_msgs/include/tracked_lane_msgs
[5.677s] -- Up-to-date: /home/shovals/Documents/Autonomous_kcg/ROS2Sample/install/tracked_lane_msgs/include/tracked_lane_msgs/msg
[5.677s] -- Installing: /home/shovals/Documents/Autonomous_kcg/ROS2Sample/install/tracked_lane_msgs/include/tracked_lane_msgs/msg/lane.hpp
[5.677s] -- Installing: /home/shovals/Documents/Autonomous_kcg/ROS2Sample/install/tracked_lane_msgs/include/tracked_lane_msgs/msg/boundary.hpp
[5.677s] -- Installing: /home/shovals/Documents/Autonomous_kcg/ROS2Sample/install/tracked_lane_msgs/include/tracked_lane_msgs/msg/lane_results.hpp
[5.677s] -- Up-to-date: /home/shovals/Documents/Autonomous_kcg/ROS2Sample/install/tracked_lane_msgs/include/tracked_lane_msgs/msg/detail
[5.677s] -- Installing: /home/shovals/Documents/Autonomous_kcg/ROS2Sample/install/tracked_lane_msgs/include/tracked_lane_msgs/msg/detail/lane__traits.hpp
[5.677s] -- Installing: /home/shovals/Documents/Autonomous_kcg/ROS2Sample/install/tracked_lane_msgs/include/tracked_lane_msgs/msg/detail/lane_results__traits.hpp
[5.677s] -- Installing: /home/shovals/Documents/Autonomous_kcg/ROS2Sample/install/tracked_lane_msgs/include/tracked_lane_msgs/msg/detail/point__struct.hpp
[5.677s] -- Installing: /home/shovals/Documents/Autonomous_kcg/ROS2Sample/install/tracked_lane_msgs/include/tracked_lane_msgs/msg/detail/lane_results__builder.hpp
[5.677s] -- Installing: /home/shovals/Documents/Autonomous_kcg/ROS2Sample/install/tracked_lane_msgs/include/tracked_lane_msgs/msg/detail/lane__struct.hpp
[5.678s] -- Installing: /home/shovals/Documents/Autonomous_kcg/ROS2Sample/install/tracked_lane_msgs/include/tracked_lane_msgs/msg/detail/point__traits.hpp
[5.678s] -- Installing: /home/shovals/Documents/Autonomous_kcg/ROS2Sample/install/tracked_lane_msgs/include/tracked_lane_msgs/msg/detail/boundary__builder.hpp
[5.678s] -- Installing: /home/shovals/Documents/Autonomous_kcg/ROS2Sample/install/tracked_lane_msgs/include/tracked_lane_msgs/msg/detail/boundary__traits.hpp
[5.678s] -- Installing: /home/shovals/Documents/Autonomous_kcg/ROS2Sample/install/tracked_lane_msgs/include/tracked_lane_msgs/msg/detail/boundary__struct.hpp
[5.678s] -- Installing: /home/shovals/Documents/Autonomous_kcg/ROS2Sample/install/tracked_lane_msgs/include/tracked_lane_msgs/msg/detail/lane__builder.hpp
[5.678s] -- Installing: /home/shovals/Documents/Autonomous_kcg/ROS2Sample/install/tracked_lane_msgs/include/tracked_lane_msgs/msg/detail/point__builder.hpp
[5.678s] -- Installing: /home/shovals/Documents/Autonomous_kcg/ROS2Sample/install/tracked_lane_msgs/include/tracked_lane_msgs/msg/detail/lane_results__struct.hpp
[5.678s] -- Installing: /home/shovals/Documents/Autonomous_kcg/ROS2Sample/install/tracked_lane_msgs/include/tracked_lane_msgs/msg/point.hpp
[5.678s] -- Up-to-date: /home/shovals/Documents/Autonomous_kcg/ROS2Sample/install/tracked_lane_msgs/include/tracked_lane_msgs
[5.678s] -- Up-to-date: /home/shovals/Documents/Autonomous_kcg/ROS2Sample/install/tracked_lane_msgs/include/tracked_lane_msgs/msg
[5.678s] -- Up-to-date: /home/shovals/Documents/Autonomous_kcg/ROS2Sample/install/tracked_lane_msgs/include/tracked_lane_msgs/msg/detail
[5.678s] -- Installing: /home/shovals/Documents/Autonomous_kcg/ROS2Sample/install/tracked_lane_msgs/include/tracked_lane_msgs/msg/detail/point__rosidl_typesupport_introspection_cpp.hpp
[5.679s] -- Installing: /home/shovals/Documents/Autonomous_kcg/ROS2Sample/install/tracked_lane_msgs/include/tracked_lane_msgs/msg/detail/lane__rosidl_typesupport_introspection_cpp.hpp
[5.679s] -- Installing: /home/shovals/Documents/Autonomous_kcg/ROS2Sample/install/tracked_lane_msgs/include/tracked_lane_msgs/msg/detail/lane__type_support.cpp
[5.679s] -- Installing: /home/shovals/Documents/Autonomous_kcg/ROS2Sample/install/tracked_lane_msgs/include/tracked_lane_msgs/msg/detail/point__type_support.cpp
[5.679s] -- Installing: /home/shovals/Documents/Autonomous_kcg/ROS2Sample/install/tracked_lane_msgs/include/tracked_lane_msgs/msg/detail/boundary__rosidl_typesupport_introspection_cpp.hpp
[5.679s] -- Installing: /home/shovals/Documents/Autonomous_kcg/ROS2Sample/install/tracked_lane_msgs/include/tracked_lane_msgs/msg/detail/boundary__type_support.cpp
[5.679s] -- Installing: /home/shovals/Documents/Autonomous_kcg/ROS2Sample/install/tracked_lane_msgs/include/tracked_lane_msgs/msg/detail/lane_results__rosidl_typesupport_introspection_cpp.hpp
[5.679s] -- Installing: /home/shovals/Documents/Autonomous_kcg/ROS2Sample/install/tracked_lane_msgs/include/tracked_lane_msgs/msg/detail/lane_results__type_support.cpp
[5.679s] -- Installing: /home/shovals/Documents/Autonomous_kcg/ROS2Sample/install/tracked_lane_msgs/lib/libtracked_lane_msgs__rosidl_typesupport_introspection_cpp.so
[5.679s] -- Set runtime path of "/home/shovals/Documents/Autonomous_kcg/ROS2Sample/install/tracked_lane_msgs/lib/libtracked_lane_msgs__rosidl_typesupport_introspection_cpp.so" to ""
[5.680s] -- Installing: /home/shovals/Documents/Autonomous_kcg/ROS2Sample/install/tracked_lane_msgs/lib/libtracked_lane_msgs__rosidl_typesupport_cpp.so
[5.680s] -- Set runtime path of "/home/shovals/Documents/Autonomous_kcg/ROS2Sample/install/tracked_lane_msgs/lib/libtracked_lane_msgs__rosidl_typesupport_cpp.so" to ""
[5.680s] -- Installing: /home/shovals/Documents/Autonomous_kcg/ROS2Sample/install/tracked_lane_msgs/share/tracked_lane_msgs/environment/pythonpath.sh
[5.680s] -- Installing: /home/shovals/Documents/Autonomous_kcg/ROS2Sample/install/tracked_lane_msgs/share/tracked_lane_msgs/environment/pythonpath.dsv
[5.680s] -- Installing: /home/shovals/Documents/Autonomous_kcg/ROS2Sample/install/tracked_lane_msgs/lib/python3.8/site-packages/tracked_lane_msgs/__init__.py
[5.704s] Compiling '/home/shovals/Documents/Autonomous_kcg/ROS2Sample/install/tracked_lane_msgs/lib/python3.8/site-packages/tracked_lane_msgs/__init__.py'...
[5.707s] -- Installing: /home/shovals/Documents/Autonomous_kcg/ROS2Sample/install/tracked_lane_msgs/lib/python3.8/site-packages/tracked_lane_msgs/msg
[5.707s] -- Installing: /home/shovals/Documents/Autonomous_kcg/ROS2Sample/install/tracked_lane_msgs/lib/python3.8/site-packages/tracked_lane_msgs/msg/_lane_results_s.c
[5.708s] -- Installing: /home/shovals/Documents/Autonomous_kcg/ROS2Sample/install/tracked_lane_msgs/lib/python3.8/site-packages/tracked_lane_msgs/msg/__init__.py
[5.708s] -- Installing: /home/shovals/Documents/Autonomous_kcg/ROS2Sample/install/tracked_lane_msgs/lib/python3.8/site-packages/tracked_lane_msgs/msg/_lane.py
[5.708s] -- Installing: /home/shovals/Documents/Autonomous_kcg/ROS2Sample/install/tracked_lane_msgs/lib/python3.8/site-packages/tracked_lane_msgs/msg/_lane_s.c
[5.708s] -- Installing: /home/shovals/Documents/Autonomous_kcg/ROS2Sample/install/tracked_lane_msgs/lib/python3.8/site-packages/tracked_lane_msgs/msg/_point.py
[5.708s] -- Installing: /home/shovals/Documents/Autonomous_kcg/ROS2Sample/install/tracked_lane_msgs/lib/python3.8/site-packages/tracked_lane_msgs/msg/_boundary_s.c
[5.708s] -- Installing: /home/shovals/Documents/Autonomous_kcg/ROS2Sample/install/tracked_lane_msgs/lib/python3.8/site-packages/tracked_lane_msgs/msg/_lane_results.py
[5.708s] -- Installing: /home/shovals/Documents/Autonomous_kcg/ROS2Sample/install/tracked_lane_msgs/lib/python3.8/site-packages/tracked_lane_msgs/msg/_point_s.c
[5.709s] -- Installing: /home/shovals/Documents/Autonomous_kcg/ROS2Sample/install/tracked_lane_msgs/lib/python3.8/site-packages/tracked_lane_msgs/msg/_boundary.py
[5.709s] -- Installing: /home/shovals/Documents/Autonomous_kcg/ROS2Sample/install/tracked_lane_msgs/lib/python3.8/site-packages/tracked_lane_msgs/tracked_lane_msgs_s__rosidl_typesupport_fastrtps_c.cpython-38-x86_64-linux-gnu.so
[5.709s] -- Set runtime path of "/home/shovals/Documents/Autonomous_kcg/ROS2Sample/install/tracked_lane_msgs/lib/python3.8/site-packages/tracked_lane_msgs/tracked_lane_msgs_s__rosidl_typesupport_fastrtps_c.cpython-38-x86_64-linux-gnu.so" to ""
[5.709s] -- Installing: /home/shovals/Documents/Autonomous_kcg/ROS2Sample/install/tracked_lane_msgs/lib/python3.8/site-packages/tracked_lane_msgs/tracked_lane_msgs_s__rosidl_typesupport_introspection_c.cpython-38-x86_64-linux-gnu.so
[5.709s] -- Set runtime path of "/home/shovals/Documents/Autonomous_kcg/ROS2Sample/install/tracked_lane_msgs/lib/python3.8/site-packages/tracked_lane_msgs/tracked_lane_msgs_s__rosidl_typesupport_introspection_c.cpython-38-x86_64-linux-gnu.so" to ""
[5.710s] -- Installing: /home/shovals/Documents/Autonomous_kcg/ROS2Sample/install/tracked_lane_msgs/lib/python3.8/site-packages/tracked_lane_msgs/tracked_lane_msgs_s__rosidl_typesupport_c.cpython-38-x86_64-linux-gnu.so
[5.710s] -- Set runtime path of "/home/shovals/Documents/Autonomous_kcg/ROS2Sample/install/tracked_lane_msgs/lib/python3.8/site-packages/tracked_lane_msgs/tracked_lane_msgs_s__rosidl_typesupport_c.cpython-38-x86_64-linux-gnu.so" to ""
[5.710s] -- Installing: /home/shovals/Documents/Autonomous_kcg/ROS2Sample/install/tracked_lane_msgs/lib/libtracked_lane_msgs__python.so
[5.710s] -- Set runtime path of "/home/shovals/Documents/Autonomous_kcg/ROS2Sample/install/tracked_lane_msgs/lib/libtracked_lane_msgs__python.so" to ""
[5.710s] -- Installing: /home/shovals/Documents/Autonomous_kcg/ROS2Sample/install/tracked_lane_msgs/share/tracked_lane_msgs/msg/LaneResults.idl
[5.710s] -- Installing: /home/shovals/Documents/Autonomous_kcg/ROS2Sample/install/tracked_lane_msgs/share/tracked_lane_msgs/msg/Lane.idl
[5.711s] -- Installing: /home/shovals/Documents/Autonomous_kcg/ROS2Sample/install/tracked_lane_msgs/share/tracked_lane_msgs/msg/Boundary.idl
[5.711s] -- Installing: /home/shovals/Documents/Autonomous_kcg/ROS2Sample/install/tracked_lane_msgs/share/tracked_lane_msgs/msg/Point.idl
[5.711s] -- Installing: /home/shovals/Documents/Autonomous_kcg/ROS2Sample/install/tracked_lane_msgs/share/tracked_lane_msgs/msg/LaneResults.msg
[5.711s] -- Installing: /home/shovals/Documents/Autonomous_kcg/ROS2Sample/install/tracked_lane_msgs/share/tracked_lane_msgs/msg/Lane.msg
[5.711s] -- Installing: /home/shovals/Documents/Autonomous_kcg/ROS2Sample/install/tracked_lane_msgs/share/tracked_lane_msgs/msg/Boundary.msg
[5.711s] -- Installing: /home/shovals/Documents/Autonomous_kcg/ROS2Sample/install/tracked_lane_msgs/share/tracked_lane_msgs/msg/Point.msg
[5.711s] -- Installing: /home/shovals/Documents/Autonomous_kcg/ROS2Sample/install/tracked_lane_msgs/share/ament_index/resource_index/package_run_dependencies/tracked_lane_msgs
[5.711s] -- Installing: /home/shovals/Documents/Autonomous_kcg/ROS2Sample/install/tracked_lane_msgs/share/ament_index/resource_index/parent_prefix_path/tracked_lane_msgs
[5.712s] -- Installing: /home/shovals/Documents/Autonomous_kcg/ROS2Sample/install/tracked_lane_msgs/share/tracked_lane_msgs/environment/ament_prefix_path.sh
[5.712s] -- Installing: /home/shovals/Documents/Autonomous_kcg/ROS2Sample/install/tracked_lane_msgs/share/tracked_lane_msgs/environment/ament_prefix_path.dsv
[5.712s] -- Installing: /home/shovals/Documents/Autonomous_kcg/ROS2Sample/install/tracked_lane_msgs/share/tracked_lane_msgs/environment/path.sh
[5.712s] -- Installing: /home/shovals/Documents/Autonomous_kcg/ROS2Sample/install/tracked_lane_msgs/share/tracked_lane_msgs/environment/path.dsv
[5.712s] -- Installing: /home/shovals/Documents/Autonomous_kcg/ROS2Sample/install/tracked_lane_msgs/share/tracked_lane_msgs/local_setup.bash
[5.712s] -- Installing: /home/shovals/Documents/Autonomous_kcg/ROS2Sample/install/tracked_lane_msgs/share/tracked_lane_msgs/local_setup.sh
[5.712s] -- Installing: /home/shovals/Documents/Autonomous_kcg/ROS2Sample/install/tracked_lane_msgs/share/tracked_lane_msgs/local_setup.zsh
[5.712s] -- Installing: /home/shovals/Documents/Autonomous_kcg/ROS2Sample/install/tracked_lane_msgs/share/tracked_lane_msgs/local_setup.dsv
[5.712s] -- Installing: /home/shovals/Documents/Autonomous_kcg/ROS2Sample/install/tracked_lane_msgs/share/tracked_lane_msgs/package.dsv
[5.712s] -- Installing: /home/shovals/Documents/Autonomous_kcg/ROS2Sample/install/tracked_lane_msgs/share/ament_index/resource_index/packages/tracked_lane_msgs
[5.712s] -- Installing: /home/shovals/Documents/Autonomous_kcg/ROS2Sample/install/tracked_lane_msgs/share/tracked_lane_msgs/cmake/tracked_lane_msgs__rosidl_generator_cExport.cmake
[5.712s] -- Installing: /home/shovals/Documents/Autonomous_kcg/ROS2Sample/install/tracked_lane_msgs/share/tracked_lane_msgs/cmake/tracked_lane_msgs__rosidl_generator_cExport-noconfig.cmake
[5.713s] -- Installing: /home/shovals/Documents/Autonomous_kcg/ROS2Sample/install/tracked_lane_msgs/share/tracked_lane_msgs/cmake/tracked_lane_msgs__rosidl_typesupport_introspection_cExport.cmake
[5.713s] -- Installing: /home/shovals/Documents/Autonomous_kcg/ROS2Sample/install/tracked_lane_msgs/share/tracked_lane_msgs/cmake/tracked_lane_msgs__rosidl_typesupport_introspection_cExport-noconfig.cmake
[5.713s] -- Installing: /home/shovals/Documents/Autonomous_kcg/ROS2Sample/install/tracked_lane_msgs/share/tracked_lane_msgs/cmake/tracked_lane_msgs__rosidl_typesupport_cExport.cmake
[5.713s] -- Installing: /home/shovals/Documents/Autonomous_kcg/ROS2Sample/install/tracked_lane_msgs/share/tracked_lane_msgs/cmake/tracked_lane_msgs__rosidl_typesupport_cExport-noconfig.cmake
[5.713s] -- Installing: /home/shovals/Documents/Autonomous_kcg/ROS2Sample/install/tracked_lane_msgs/share/tracked_lane_msgs/cmake/tracked_lane_msgs__rosidl_generator_cppExport.cmake
[5.713s] -- Installing: /home/shovals/Documents/Autonomous_kcg/ROS2Sample/install/tracked_lane_msgs/share/tracked_lane_msgs/cmake/tracked_lane_msgs__rosidl_typesupport_introspection_cppExport.cmake
[5.713s] -- Installing: /home/shovals/Documents/Autonomous_kcg/ROS2Sample/install/tracked_lane_msgs/share/tracked_lane_msgs/cmake/tracked_lane_msgs__rosidl_typesupport_introspection_cppExport-noconfig.cmake
[5.713s] -- Installing: /home/shovals/Documents/Autonomous_kcg/ROS2Sample/install/tracked_lane_msgs/share/tracked_lane_msgs/cmake/tracked_lane_msgs__rosidl_typesupport_cppExport.cmake
[5.713s] -- Installing: /home/shovals/Documents/Autonomous_kcg/ROS2Sample/install/tracked_lane_msgs/share/tracked_lane_msgs/cmake/tracked_lane_msgs__rosidl_typesupport_cppExport-noconfig.cmake
[5.713s] -- Installing: /home/shovals/Documents/Autonomous_kcg/ROS2Sample/install/tracked_lane_msgs/share/tracked_lane_msgs/cmake/rosidl_cmake-extras.cmake
[5.713s] -- Installing: /home/shovals/Documents/Autonomous_kcg/ROS2Sample/install/tracked_lane_msgs/share/tracked_lane_msgs/cmake/ament_cmake_export_dependencies-extras.cmake
[5.714s] -- Installing: /home/shovals/Documents/Autonomous_kcg/ROS2Sample/install/tracked_lane_msgs/share/tracked_lane_msgs/cmake/ament_cmake_export_libraries-extras.cmake
[5.714s] -- Installing: /home/shovals/Documents/Autonomous_kcg/ROS2Sample/install/tracked_lane_msgs/share/tracked_lane_msgs/cmake/ament_cmake_export_targets-extras.cmake
[5.714s] -- Installing: /home/shovals/Documents/Autonomous_kcg/ROS2Sample/install/tracked_lane_msgs/share/tracked_lane_msgs/cmake/ament_cmake_export_include_directories-extras.cmake
[5.714s] -- Installing: /home/shovals/Documents/Autonomous_kcg/ROS2Sample/install/tracked_lane_msgs/share/tracked_lane_msgs/cmake/rosidl_cmake_export_typesupport_libraries-extras.cmake
[5.714s] -- Installing: /home/shovals/Documents/Autonomous_kcg/ROS2Sample/install/tracked_lane_msgs/share/tracked_lane_msgs/cmake/rosidl_cmake_export_typesupport_targets-extras.cmake
[5.714s] -- Installing: /home/shovals/Documents/Autonomous_kcg/ROS2Sample/install/tracked_lane_msgs/share/tracked_lane_msgs/cmake/tracked_lane_msgsConfig.cmake
[5.714s] -- Installing: /home/shovals/Documents/Autonomous_kcg/ROS2Sample/install/tracked_lane_msgs/share/tracked_lane_msgs/cmake/tracked_lane_msgsConfig-version.cmake
[5.714s] -- Installing: /home/shovals/Documents/Autonomous_kcg/ROS2Sample/install/tracked_lane_msgs/share/tracked_lane_msgs/package.xml
[5.716s] Invoked command in '/home/shovals/Documents/Autonomous_kcg/ROS2Sample/build/tracked_lane_msgs' returned '0': CMAKE_PREFIX_PATH=/opt/ros/foxy /usr/bin/cmake --install /home/shovals/Documents/Autonomous_kcg/ROS2Sample/build/tracked_lane_msgs
