[0.012s] Invoking command in '/home/kcg/copy/idan_ros2_ws/build/idan_control_example': CMAKE_PREFIX_PATH=/opt/ros/foxy /usr/bin/cmake --build /home/kcg/copy/idan_ros2_ws/build/idan_control_example -- -j8 -l8
[0.032s] -- Found ament_cmake: 0.9.9 (/opt/ros/foxy/share/ament_cmake/cmake)
[0.049s] -- Using PYTHON_EXECUTABLE: /usr/bin/python3
[0.194s] -- Found rclcpp: 2.4.1 (/opt/ros/foxy/share/rclcpp/cmake)
[0.229s] -- Using all available rosidl_typesupport_c: rosidl_typesupport_fastrtps_c;rosidl_typesupport_introspection_c
[0.234s] -- Found rosidl_adapter: 1.2.1 (/opt/ros/foxy/share/rosidl_adapter/cmake)
[0.288s] -- Found OpenSSL: /usr/lib/x86_64-linux-gnu/libcrypto.so (found version "1.1.1f")  
[0.319s] -- Found FastRTPS: /opt/ros/foxy/include  
[0.381s] -- Using all available rosidl_typesupport_cpp: rosidl_typesupport_fastrtps_cpp;rosidl_typesupport_introspection_cpp
[0.428s] -- Found rmw_implementation_cmake: 1.0.3 (/opt/ros/foxy/share/rmw_implementation_cmake/cmake)
[0.429s] -- Using RMW implementation 'rmw_fastrtps_cpp' as default
[0.430s] -- Looking for pthread.h
[0.487s] -- Looking for pthread.h - found
[0.487s] -- Performing Test CMAKE_HAVE_LIBC_PTHREAD
[0.545s] -- Performing Test CMAKE_HAVE_LIBC_PTHREAD - Failed
[0.545s] -- Looking for pthread_create in pthreads
[0.592s] -- Looking for pthread_create in pthreads - not found
[0.592s] -- Looking for pthread_create in pthread
[0.647s] -- Looking for pthread_create in pthread - found
[0.648s] -- Found Threads: TRUE  
[0.777s] -- Found ament_lint_auto: 0.9.6 (/opt/ros/foxy/share/ament_lint_auto/cmake)
[0.828s] -- Added test 'copyright' to check source files copyright and LICENSE
[0.834s] -- Added test 'cppcheck' to perform static code analysis on C / C++ code
[0.834s] -- Configured cppcheck include dirs: 
[0.834s] -- Configured cppcheck exclude dirs and/or files: 
[0.840s] -- Added test 'cpplint' to check C / C++ code against the Google style
[0.840s] -- Configured cpplint exclude dirs and/or files: 
[0.841s] -- Added test 'flake8' to check Python code syntax and style conventions
[0.843s] -- Added test 'lint_cmake' to check CMake code style
[0.844s] -- Added test 'pep257' to check Python code against some of the style conventions in PEP 257
[0.850s] -- Added test 'uncrustify' to check C / C++ code style
[0.850s] -- Configured uncrustify additional arguments: 
[0.851s] -- Added test 'xmllint' to check XML markup files
[0.852s] -- Configuring done
[0.854s] -- Generating done
[0.855s] -- Build files have been written to: /home/kcg/copy/idan_ros2_ws/build/idan_control_example
[0.875s] Invoked command in '/home/kcg/copy/idan_ros2_ws/build/idan_control_example' returned '0': CMAKE_PREFIX_PATH=/opt/ros/foxy /usr/bin/cmake --build /home/kcg/copy/idan_ros2_ws/build/idan_control_example -- -j8 -l8
[0.900s] Invoking command in '/home/kcg/copy/idan_ros2_ws/build/idan_control_example': CMAKE_PREFIX_PATH=/opt/ros/foxy /usr/bin/cmake --install /home/kcg/copy/idan_ros2_ws/build/idan_control_example
[0.907s] -- Install configuration: ""
[0.907s] -- Up-to-date: /home/kcg/copy/idan_ros2_ws/install/idan_control_example/share/ament_index/resource_index/package_run_dependencies/idan_control_example
[0.907s] -- Installing: /home/kcg/copy/idan_ros2_ws/install/idan_control_example/share/ament_index/resource_index/parent_prefix_path/idan_control_example
[0.907s] -- Up-to-date: /home/kcg/copy/idan_ros2_ws/install/idan_control_example/share/idan_control_example/environment/ament_prefix_path.sh
[0.907s] -- Installing: /home/kcg/copy/idan_ros2_ws/install/idan_control_example/share/idan_control_example/environment/ament_prefix_path.dsv
[0.907s] -- Up-to-date: /home/kcg/copy/idan_ros2_ws/install/idan_control_example/share/idan_control_example/environment/path.sh
[0.907s] -- Installing: /home/kcg/copy/idan_ros2_ws/install/idan_control_example/share/idan_control_example/environment/path.dsv
[0.907s] -- Up-to-date: /home/kcg/copy/idan_ros2_ws/install/idan_control_example/share/idan_control_example/local_setup.bash
[0.907s] -- Up-to-date: /home/kcg/copy/idan_ros2_ws/install/idan_control_example/share/idan_control_example/local_setup.sh
[0.907s] -- Up-to-date: /home/kcg/copy/idan_ros2_ws/install/idan_control_example/share/idan_control_example/local_setup.zsh
[0.908s] -- Installing: /home/kcg/copy/idan_ros2_ws/install/idan_control_example/share/idan_control_example/local_setup.dsv
[0.908s] -- Installing: /home/kcg/copy/idan_ros2_ws/install/idan_control_example/share/idan_control_example/package.dsv
[0.908s] -- Up-to-date: /home/kcg/copy/idan_ros2_ws/install/idan_control_example/share/ament_index/resource_index/packages/idan_control_example
[0.908s] -- Up-to-date: /home/kcg/copy/idan_ros2_ws/install/idan_control_example/share/idan_control_example/cmake/idan_control_exampleConfig.cmake
[0.908s] -- Up-to-date: /home/kcg/copy/idan_ros2_ws/install/idan_control_example/share/idan_control_example/cmake/idan_control_exampleConfig-version.cmake
[0.908s] -- Up-to-date: /home/kcg/copy/idan_ros2_ws/install/idan_control_example/share/idan_control_example/package.xml
[0.909s] Invoked command in '/home/kcg/copy/idan_ros2_ws/build/idan_control_example' returned '0': CMAKE_PREFIX_PATH=/opt/ros/foxy /usr/bin/cmake --install /home/kcg/copy/idan_ros2_ws/build/idan_control_example
