[0.085s] Invoking command in '/home/kcg/copy/ROS2Sample/src/build/cognata_sdk_ros2': CMAKE_PREFIX_PATH=${CMAKE_PREFIX_PATH}:/home/kcg/copy/ROS2Sample/src/install/python_publisher:/opt/ros/foxy /usr/bin/cmake --build /home/kcg/copy/ROS2Sample/src/build/cognata_sdk_ros2 -- -j20 -l20
[0.648s] [ 12%] Built target cognata_sdk_ros2__rosidl_generator_c
[0.711s] [ 13%] Built target cognata_sdk_ros2__cpp
[0.780s] [ 24%] Built target cognata_sdk_ros2__rosidl_typesupport_c
[0.867s] [ 35%] Built target cognata_sdk_ros2__rosidl_typesupport_cpp
[0.952s] [ 47%] Built target cognata_sdk_ros2__rosidl_typesupport_introspection_cpp
[1.073s] [ 58%] Built target cognata_sdk_ros2__rosidl_typesupport_fastrtps_cpp
[1.137s] [ 70%] Built target cognata_sdk_ros2__rosidl_typesupport_introspection_c
[1.228s] [ 81%] Built target cognata_sdk_ros2__rosidl_typesupport_fastrtps_c
[1.280s] [ 81%] Built target cognata_sdk_ros2
[1.339s] [ 82%] Built target cognata_sdk_ros2__py
[1.624s] [ 85%] Built target ROS2SDK
[1.678s] [ 95%] Built target cognata_sdk_ros2__python
[1.725s] [ 97%] Built target cognata_sdk_ros2__rosidl_typesupport_fastrtps_c__pyext
[1.772s] [ 99%] Built target cognata_sdk_ros2__rosidl_typesupport_c__pyext
[1.823s] [100%] Built target cognata_sdk_ros2__rosidl_typesupport_introspection_c__pyext
[1.830s] Invoked command in '/home/kcg/copy/ROS2Sample/src/build/cognata_sdk_ros2' returned '0': CMAKE_PREFIX_PATH=${CMAKE_PREFIX_PATH}:/home/kcg/copy/ROS2Sample/src/install/python_publisher:/opt/ros/foxy /usr/bin/cmake --build /home/kcg/copy/ROS2Sample/src/build/cognata_sdk_ros2 -- -j20 -l20
[2.038s] Invoking command in '/home/kcg/copy/ROS2Sample/src/build/cognata_sdk_ros2': CMAKE_PREFIX_PATH=${CMAKE_PREFIX_PATH}:/home/kcg/copy/ROS2Sample/src/install/python_publisher:/opt/ros/foxy /usr/bin/cmake --install /home/kcg/copy/ROS2Sample/src/build/cognata_sdk_ros2
[2.056s] -- Install configuration: ""
[2.062s] -- Up-to-date: /home/kcg/copy/ROS2Sample/src/install/cognata_sdk_ros2/share/ament_index/resource_index/rosidl_interfaces/cognata_sdk_ros2
[2.068s] -- Up-to-date: /home/kcg/copy/ROS2Sample/src/install/cognata_sdk_ros2/include/cognata_sdk_ros2
[2.068s] -- Up-to-date: /home/kcg/copy/ROS2Sample/src/install/cognata_sdk_ros2/include/cognata_sdk_ros2/msg
[2.068s] -- Up-to-date: /home/kcg/copy/ROS2Sample/src/install/cognata_sdk_ros2/include/cognata_sdk_ros2/msg/bounding_box_msg.h
[2.068s] -- Up-to-date: /home/kcg/copy/ROS2Sample/src/install/cognata_sdk_ros2/include/cognata_sdk_ros2/msg/roi_and_dogt_output.h
[2.068s] -- Up-to-date: /home/kcg/copy/ROS2Sample/src/install/cognata_sdk_ros2/include/cognata_sdk_ros2/msg/radar_output_target.h
[2.069s] -- Up-to-date: /home/kcg/copy/ROS2Sample/src/install/cognata_sdk_ros2/include/cognata_sdk_ros2/msg/object_description.h
[2.069s] -- Up-to-date: /home/kcg/copy/ROS2Sample/src/install/cognata_sdk_ros2/include/cognata_sdk_ros2/msg/annotation_msg.h
[2.069s] -- Up-to-date: /home/kcg/copy/ROS2Sample/src/install/cognata_sdk_ros2/include/cognata_sdk_ros2/msg/traffic_light_msg.h
[2.069s] -- Up-to-date: /home/kcg/copy/ROS2Sample/src/install/cognata_sdk_ros2/include/cognata_sdk_ros2/msg/pedestrian_msg.h
[2.069s] -- Up-to-date: /home/kcg/copy/ROS2Sample/src/install/cognata_sdk_ros2/include/cognata_sdk_ros2/msg/radar_output_header.h
[2.069s] -- Up-to-date: /home/kcg/copy/ROS2Sample/src/install/cognata_sdk_ros2/include/cognata_sdk_ros2/msg/wheel_msg.h
[2.069s] -- Up-to-date: /home/kcg/copy/ROS2Sample/src/install/cognata_sdk_ros2/include/cognata_sdk_ros2/msg/car_telemetries_msg.h
[2.069s] -- Up-to-date: /home/kcg/copy/ROS2Sample/src/install/cognata_sdk_ros2/include/cognata_sdk_ros2/msg/wheel_telemetries.h
[2.069s] -- Up-to-date: /home/kcg/copy/ROS2Sample/src/install/cognata_sdk_ros2/include/cognata_sdk_ros2/msg/vehicle_msg.h
[2.069s] -- Up-to-date: /home/kcg/copy/ROS2Sample/src/install/cognata_sdk_ros2/include/cognata_sdk_ros2/msg/rosidl_generator_c__visibility_control.h
[2.069s] -- Up-to-date: /home/kcg/copy/ROS2Sample/src/install/cognata_sdk_ros2/include/cognata_sdk_ros2/msg/gps_additional_data.h
[2.069s] -- Up-to-date: /home/kcg/copy/ROS2Sample/src/install/cognata_sdk_ros2/include/cognata_sdk_ros2/msg/detail
[2.070s] -- Up-to-date: /home/kcg/copy/ROS2Sample/src/install/cognata_sdk_ros2/include/cognata_sdk_ros2/msg/detail/roi_and_dogt_output__type_support.h
[2.070s] -- Up-to-date: /home/kcg/copy/ROS2Sample/src/install/cognata_sdk_ros2/include/cognata_sdk_ros2/msg/detail/car_telemetries_msg__type_support.h
[2.070s] -- Up-to-date: /home/kcg/copy/ROS2Sample/src/install/cognata_sdk_ros2/include/cognata_sdk_ros2/msg/detail/wheel_telemetries__functions.c
[2.070s] -- Up-to-date: /home/kcg/copy/ROS2Sample/src/install/cognata_sdk_ros2/include/cognata_sdk_ros2/msg/detail/bounding_box_msg__functions.h
[2.070s] -- Up-to-date: /home/kcg/copy/ROS2Sample/src/install/cognata_sdk_ros2/include/cognata_sdk_ros2/msg/detail/wheel_msg__functions.h
[2.070s] -- Up-to-date: /home/kcg/copy/ROS2Sample/src/install/cognata_sdk_ros2/include/cognata_sdk_ros2/msg/detail/vehicle_msg__struct.h
[2.070s] -- Up-to-date: /home/kcg/copy/ROS2Sample/src/install/cognata_sdk_ros2/include/cognata_sdk_ros2/msg/detail/vehicle_msg__functions.h
[2.070s] -- Up-to-date: /home/kcg/copy/ROS2Sample/src/install/cognata_sdk_ros2/include/cognata_sdk_ros2/msg/detail/traffic_light_msg__type_support.h
[2.070s] -- Up-to-date: /home/kcg/copy/ROS2Sample/src/install/cognata_sdk_ros2/include/cognata_sdk_ros2/msg/detail/radar_output_header__functions.c
[2.070s] -- Up-to-date: /home/kcg/copy/ROS2Sample/src/install/cognata_sdk_ros2/include/cognata_sdk_ros2/msg/detail/bounding_box_msg__type_support.h
[2.070s] -- Up-to-date: /home/kcg/copy/ROS2Sample/src/install/cognata_sdk_ros2/include/cognata_sdk_ros2/msg/detail/roi_and_dogt_output__functions.c
[2.070s] -- Up-to-date: /home/kcg/copy/ROS2Sample/src/install/cognata_sdk_ros2/include/cognata_sdk_ros2/msg/detail/gps_additional_data__type_support.h
[2.070s] -- Up-to-date: /home/kcg/copy/ROS2Sample/src/install/cognata_sdk_ros2/include/cognata_sdk_ros2/msg/detail/wheel_telemetries__functions.h
[2.070s] -- Up-to-date: /home/kcg/copy/ROS2Sample/src/install/cognata_sdk_ros2/include/cognata_sdk_ros2/msg/detail/wheel_telemetries__type_support.h
[2.070s] -- Up-to-date: /home/kcg/copy/ROS2Sample/src/install/cognata_sdk_ros2/include/cognata_sdk_ros2/msg/detail/object_description__functions.c
[2.070s] -- Up-to-date: /home/kcg/copy/ROS2Sample/src/install/cognata_sdk_ros2/include/cognata_sdk_ros2/msg/detail/radar_output_header__functions.h
[2.070s] -- Up-to-date: /home/kcg/copy/ROS2Sample/src/install/cognata_sdk_ros2/include/cognata_sdk_ros2/msg/detail/roi_and_dogt_output__struct.h
[2.070s] -- Up-to-date: /home/kcg/copy/ROS2Sample/src/install/cognata_sdk_ros2/include/cognata_sdk_ros2/msg/detail/wheel_msg__functions.c
[2.070s] -- Up-to-date: /home/kcg/copy/ROS2Sample/src/install/cognata_sdk_ros2/include/cognata_sdk_ros2/msg/detail/traffic_light_msg__functions.c
[2.070s] -- Up-to-date: /home/kcg/copy/ROS2Sample/src/install/cognata_sdk_ros2/include/cognata_sdk_ros2/msg/detail/roi_and_dogt_output__functions.h
[2.070s] -- Up-to-date: /home/kcg/copy/ROS2Sample/src/install/cognata_sdk_ros2/include/cognata_sdk_ros2/msg/detail/car_telemetries_msg__struct.h
[2.070s] -- Up-to-date: /home/kcg/copy/ROS2Sample/src/install/cognata_sdk_ros2/include/cognata_sdk_ros2/msg/detail/object_description__struct.h
[2.070s] -- Up-to-date: /home/kcg/copy/ROS2Sample/src/install/cognata_sdk_ros2/include/cognata_sdk_ros2/msg/detail/wheel_telemetries__struct.h
[2.071s] -- Up-to-date: /home/kcg/copy/ROS2Sample/src/install/cognata_sdk_ros2/include/cognata_sdk_ros2/msg/detail/radar_output_target__struct.h
[2.071s] -- Up-to-date: /home/kcg/copy/ROS2Sample/src/install/cognata_sdk_ros2/include/cognata_sdk_ros2/msg/detail/radar_output_target__functions.c
[2.071s] -- Up-to-date: /home/kcg/copy/ROS2Sample/src/install/cognata_sdk_ros2/include/cognata_sdk_ros2/msg/detail/traffic_light_msg__struct.h
[2.071s] -- Up-to-date: /home/kcg/copy/ROS2Sample/src/install/cognata_sdk_ros2/include/cognata_sdk_ros2/msg/detail/car_telemetries_msg__functions.h
[2.071s] -- Up-to-date: /home/kcg/copy/ROS2Sample/src/install/cognata_sdk_ros2/include/cognata_sdk_ros2/msg/detail/gps_additional_data__struct.h
[2.071s] -- Up-to-date: /home/kcg/copy/ROS2Sample/src/install/cognata_sdk_ros2/include/cognata_sdk_ros2/msg/detail/object_description__functions.h
[2.071s] -- Up-to-date: /home/kcg/copy/ROS2Sample/src/install/cognata_sdk_ros2/include/cognata_sdk_ros2/msg/detail/radar_output_header__struct.h
[2.071s] -- Up-to-date: /home/kcg/copy/ROS2Sample/src/install/cognata_sdk_ros2/include/cognata_sdk_ros2/msg/detail/pedestrian_msg__struct.h
[2.071s] -- Up-to-date: /home/kcg/copy/ROS2Sample/src/install/cognata_sdk_ros2/include/cognata_sdk_ros2/msg/detail/annotation_msg__functions.h
[2.071s] -- Up-to-date: /home/kcg/copy/ROS2Sample/src/install/cognata_sdk_ros2/include/cognata_sdk_ros2/msg/detail/radar_output_target__functions.h
[2.071s] -- Up-to-date: /home/kcg/copy/ROS2Sample/src/install/cognata_sdk_ros2/include/cognata_sdk_ros2/msg/detail/annotation_msg__functions.c
[2.071s] -- Up-to-date: /home/kcg/copy/ROS2Sample/src/install/cognata_sdk_ros2/include/cognata_sdk_ros2/msg/detail/radar_output_target__type_support.h
[2.071s] -- Up-to-date: /home/kcg/copy/ROS2Sample/src/install/cognata_sdk_ros2/include/cognata_sdk_ros2/msg/detail/radar_output_header__type_support.h
[2.071s] -- Up-to-date: /home/kcg/copy/ROS2Sample/src/install/cognata_sdk_ros2/include/cognata_sdk_ros2/msg/detail/wheel_msg__struct.h
[2.071s] -- Up-to-date: /home/kcg/copy/ROS2Sample/src/install/cognata_sdk_ros2/include/cognata_sdk_ros2/msg/detail/object_description__type_support.h
[2.071s] -- Up-to-date: /home/kcg/copy/ROS2Sample/src/install/cognata_sdk_ros2/include/cognata_sdk_ros2/msg/detail/bounding_box_msg__struct.h
[2.071s] -- Up-to-date: /home/kcg/copy/ROS2Sample/src/install/cognata_sdk_ros2/include/cognata_sdk_ros2/msg/detail/wheel_msg__type_support.h
[2.071s] -- Up-to-date: /home/kcg/copy/ROS2Sample/src/install/cognata_sdk_ros2/include/cognata_sdk_ros2/msg/detail/gps_additional_data__functions.h
[2.071s] -- Up-to-date: /home/kcg/copy/ROS2Sample/src/install/cognata_sdk_ros2/include/cognata_sdk_ros2/msg/detail/pedestrian_msg__type_support.h
[2.071s] -- Up-to-date: /home/kcg/copy/ROS2Sample/src/install/cognata_sdk_ros2/include/cognata_sdk_ros2/msg/detail/vehicle_msg__functions.c
[2.071s] -- Up-to-date: /home/kcg/copy/ROS2Sample/src/install/cognata_sdk_ros2/include/cognata_sdk_ros2/msg/detail/annotation_msg__struct.h
[2.071s] -- Up-to-date: /home/kcg/copy/ROS2Sample/src/install/cognata_sdk_ros2/include/cognata_sdk_ros2/msg/detail/gps_additional_data__functions.c
[2.072s] -- Up-to-date: /home/kcg/copy/ROS2Sample/src/install/cognata_sdk_ros2/include/cognata_sdk_ros2/msg/detail/traffic_light_msg__functions.h
[2.072s] -- Up-to-date: /home/kcg/copy/ROS2Sample/src/install/cognata_sdk_ros2/include/cognata_sdk_ros2/msg/detail/car_telemetries_msg__functions.c
[2.072s] -- Up-to-date: /home/kcg/copy/ROS2Sample/src/install/cognata_sdk_ros2/include/cognata_sdk_ros2/msg/detail/pedestrian_msg__functions.c
[2.072s] -- Up-to-date: /home/kcg/copy/ROS2Sample/src/install/cognata_sdk_ros2/include/cognata_sdk_ros2/msg/detail/vehicle_msg__type_support.h
[2.072s] -- Up-to-date: /home/kcg/copy/ROS2Sample/src/install/cognata_sdk_ros2/include/cognata_sdk_ros2/msg/detail/annotation_msg__type_support.h
[2.072s] -- Up-to-date: /home/kcg/copy/ROS2Sample/src/install/cognata_sdk_ros2/include/cognata_sdk_ros2/msg/detail/bounding_box_msg__functions.c
[2.072s] -- Up-to-date: /home/kcg/copy/ROS2Sample/src/install/cognata_sdk_ros2/include/cognata_sdk_ros2/msg/detail/pedestrian_msg__functions.h
[2.072s] -- Up-to-date: /home/kcg/copy/ROS2Sample/src/install/cognata_sdk_ros2/share/cognata_sdk_ros2/environment/library_path.sh
[2.072s] -- Up-to-date: /home/kcg/copy/ROS2Sample/src/install/cognata_sdk_ros2/share/cognata_sdk_ros2/environment/library_path.dsv
[2.086s] -- Up-to-date: /home/kcg/copy/ROS2Sample/src/install/cognata_sdk_ros2/lib/libcognata_sdk_ros2__rosidl_generator_c.so
[2.087s] -- Up-to-date: /home/kcg/copy/ROS2Sample/src/install/cognata_sdk_ros2/include/cognata_sdk_ros2
[2.087s] -- Up-to-date: /home/kcg/copy/ROS2Sample/src/install/cognata_sdk_ros2/include/cognata_sdk_ros2/msg
[2.087s] -- Up-to-date: /home/kcg/copy/ROS2Sample/src/install/cognata_sdk_ros2/include/cognata_sdk_ros2/msg/rosidl_typesupport_fastrtps_c__visibility_control.h
[2.087s] -- Up-to-date: /home/kcg/copy/ROS2Sample/src/install/cognata_sdk_ros2/include/cognata_sdk_ros2/msg/detail
[2.092s] -- Up-to-date: /home/kcg/copy/ROS2Sample/src/install/cognata_sdk_ros2/include/cognata_sdk_ros2/msg/detail/radar_output_target__rosidl_typesupport_fastrtps_c.h
[2.092s] -- Up-to-date: /home/kcg/copy/ROS2Sample/src/install/cognata_sdk_ros2/include/cognata_sdk_ros2/msg/detail/wheel_telemetries__rosidl_typesupport_fastrtps_c.h
[2.092s] -- Up-to-date: /home/kcg/copy/ROS2Sample/src/install/cognata_sdk_ros2/include/cognata_sdk_ros2/msg/detail/annotation_msg__rosidl_typesupport_fastrtps_c.h
[2.092s] -- Up-to-date: /home/kcg/copy/ROS2Sample/src/install/cognata_sdk_ros2/include/cognata_sdk_ros2/msg/detail/bounding_box_msg__rosidl_typesupport_fastrtps_c.h
[2.092s] -- Up-to-date: /home/kcg/copy/ROS2Sample/src/install/cognata_sdk_ros2/include/cognata_sdk_ros2/msg/detail/wheel_msg__rosidl_typesupport_fastrtps_c.h
[2.092s] -- Up-to-date: /home/kcg/copy/ROS2Sample/src/install/cognata_sdk_ros2/include/cognata_sdk_ros2/msg/detail/traffic_light_msg__rosidl_typesupport_fastrtps_c.h
[2.092s] -- Up-to-date: /home/kcg/copy/ROS2Sample/src/install/cognata_sdk_ros2/include/cognata_sdk_ros2/msg/detail/radar_output_header__rosidl_typesupport_fastrtps_c.h
[2.092s] -- Up-to-date: /home/kcg/copy/ROS2Sample/src/install/cognata_sdk_ros2/include/cognata_sdk_ros2/msg/detail/car_telemetries_msg__rosidl_typesupport_fastrtps_c.h
[2.092s] -- Up-to-date: /home/kcg/copy/ROS2Sample/src/install/cognata_sdk_ros2/include/cognata_sdk_ros2/msg/detail/roi_and_dogt_output__rosidl_typesupport_fastrtps_c.h
[2.092s] -- Up-to-date: /home/kcg/copy/ROS2Sample/src/install/cognata_sdk_ros2/include/cognata_sdk_ros2/msg/detail/gps_additional_data__rosidl_typesupport_fastrtps_c.h
[2.092s] -- Up-to-date: /home/kcg/copy/ROS2Sample/src/install/cognata_sdk_ros2/include/cognata_sdk_ros2/msg/detail/pedestrian_msg__rosidl_typesupport_fastrtps_c.h
[2.092s] -- Up-to-date: /home/kcg/copy/ROS2Sample/src/install/cognata_sdk_ros2/include/cognata_sdk_ros2/msg/detail/vehicle_msg__rosidl_typesupport_fastrtps_c.h
[2.092s] -- Up-to-date: /home/kcg/copy/ROS2Sample/src/install/cognata_sdk_ros2/include/cognata_sdk_ros2/msg/detail/object_description__rosidl_typesupport_fastrtps_c.h
[2.109s] -- Up-to-date: /home/kcg/copy/ROS2Sample/src/install/cognata_sdk_ros2/lib/libcognata_sdk_ros2__rosidl_typesupport_fastrtps_c.so
[2.109s] -- Up-to-date: /home/kcg/copy/ROS2Sample/src/install/cognata_sdk_ros2/include/cognata_sdk_ros2
[2.109s] -- Up-to-date: /home/kcg/copy/ROS2Sample/src/install/cognata_sdk_ros2/include/cognata_sdk_ros2/msg
[2.109s] -- Up-to-date: /home/kcg/copy/ROS2Sample/src/install/cognata_sdk_ros2/include/cognata_sdk_ros2/msg/rosidl_typesupport_fastrtps_cpp__visibility_control.h
[2.109s] -- Up-to-date: /home/kcg/copy/ROS2Sample/src/install/cognata_sdk_ros2/include/cognata_sdk_ros2/msg/detail
[2.114s] -- Up-to-date: /home/kcg/copy/ROS2Sample/src/install/cognata_sdk_ros2/include/cognata_sdk_ros2/msg/detail/radar_output_header__rosidl_typesupport_fastrtps_cpp.hpp
[2.114s] -- Up-to-date: /home/kcg/copy/ROS2Sample/src/install/cognata_sdk_ros2/include/cognata_sdk_ros2/msg/detail/bounding_box_msg__rosidl_typesupport_fastrtps_cpp.hpp
[2.114s] -- Up-to-date: /home/kcg/copy/ROS2Sample/src/install/cognata_sdk_ros2/include/cognata_sdk_ros2/msg/detail/wheel_msg__rosidl_typesupport_fastrtps_cpp.hpp
[2.114s] -- Up-to-date: /home/kcg/copy/ROS2Sample/src/install/cognata_sdk_ros2/include/cognata_sdk_ros2/msg/detail/vehicle_msg__rosidl_typesupport_fastrtps_cpp.hpp
[2.114s] -- Up-to-date: /home/kcg/copy/ROS2Sample/src/install/cognata_sdk_ros2/include/cognata_sdk_ros2/msg/detail/pedestrian_msg__rosidl_typesupport_fastrtps_cpp.hpp
[2.114s] -- Up-to-date: /home/kcg/copy/ROS2Sample/src/install/cognata_sdk_ros2/include/cognata_sdk_ros2/msg/detail/radar_output_target__rosidl_typesupport_fastrtps_cpp.hpp
[2.114s] -- Up-to-date: /home/kcg/copy/ROS2Sample/src/install/cognata_sdk_ros2/include/cognata_sdk_ros2/msg/detail/object_description__rosidl_typesupport_fastrtps_cpp.hpp
[2.114s] -- Up-to-date: /home/kcg/copy/ROS2Sample/src/install/cognata_sdk_ros2/include/cognata_sdk_ros2/msg/detail/dds_fastrtps
[2.119s] -- Up-to-date: /home/kcg/copy/ROS2Sample/src/install/cognata_sdk_ros2/include/cognata_sdk_ros2/msg/detail/annotation_msg__rosidl_typesupport_fastrtps_cpp.hpp
[2.120s] -- Up-to-date: /home/kcg/copy/ROS2Sample/src/install/cognata_sdk_ros2/include/cognata_sdk_ros2/msg/detail/roi_and_dogt_output__rosidl_typesupport_fastrtps_cpp.hpp
[2.120s] -- Up-to-date: /home/kcg/copy/ROS2Sample/src/install/cognata_sdk_ros2/include/cognata_sdk_ros2/msg/detail/car_telemetries_msg__rosidl_typesupport_fastrtps_cpp.hpp
[2.120s] -- Up-to-date: /home/kcg/copy/ROS2Sample/src/install/cognata_sdk_ros2/include/cognata_sdk_ros2/msg/detail/wheel_telemetries__rosidl_typesupport_fastrtps_cpp.hpp
[2.120s] -- Up-to-date: /home/kcg/copy/ROS2Sample/src/install/cognata_sdk_ros2/include/cognata_sdk_ros2/msg/detail/traffic_light_msg__rosidl_typesupport_fastrtps_cpp.hpp
[2.120s] -- Up-to-date: /home/kcg/copy/ROS2Sample/src/install/cognata_sdk_ros2/include/cognata_sdk_ros2/msg/detail/gps_additional_data__rosidl_typesupport_fastrtps_cpp.hpp
[2.136s] -- Up-to-date: /home/kcg/copy/ROS2Sample/src/install/cognata_sdk_ros2/lib/libcognata_sdk_ros2__rosidl_typesupport_fastrtps_cpp.so
[2.139s] -- Up-to-date: /home/kcg/copy/ROS2Sample/src/install/cognata_sdk_ros2/include/cognata_sdk_ros2
[2.139s] -- Up-to-date: /home/kcg/copy/ROS2Sample/src/install/cognata_sdk_ros2/include/cognata_sdk_ros2/msg
[2.139s] -- Up-to-date: /home/kcg/copy/ROS2Sample/src/install/cognata_sdk_ros2/include/cognata_sdk_ros2/msg/rosidl_typesupport_introspection_c__visibility_control.h
[2.139s] -- Up-to-date: /home/kcg/copy/ROS2Sample/src/install/cognata_sdk_ros2/include/cognata_sdk_ros2/msg/detail
[2.139s] -- Up-to-date: /home/kcg/copy/ROS2Sample/src/install/cognata_sdk_ros2/include/cognata_sdk_ros2/msg/detail/vehicle_msg__rosidl_typesupport_introspection_c.h
[2.139s] -- Up-to-date: /home/kcg/copy/ROS2Sample/src/install/cognata_sdk_ros2/include/cognata_sdk_ros2/msg/detail/vehicle_msg__type_support.c
[2.139s] -- Up-to-date: /home/kcg/copy/ROS2Sample/src/install/cognata_sdk_ros2/include/cognata_sdk_ros2/msg/detail/annotation_msg__type_support.c
[2.139s] -- Up-to-date: /home/kcg/copy/ROS2Sample/src/install/cognata_sdk_ros2/include/cognata_sdk_ros2/msg/detail/gps_additional_data__rosidl_typesupport_introspection_c.h
[2.139s] -- Up-to-date: /home/kcg/copy/ROS2Sample/src/install/cognata_sdk_ros2/include/cognata_sdk_ros2/msg/detail/gps_additional_data__type_support.c
[2.139s] -- Up-to-date: /home/kcg/copy/ROS2Sample/src/install/cognata_sdk_ros2/include/cognata_sdk_ros2/msg/detail/wheel_msg__rosidl_typesupport_introspection_c.h
[2.139s] -- Up-to-date: /home/kcg/copy/ROS2Sample/src/install/cognata_sdk_ros2/include/cognata_sdk_ros2/msg/detail/radar_output_target__rosidl_typesupport_introspection_c.h
[2.140s] -- Up-to-date: /home/kcg/copy/ROS2Sample/src/install/cognata_sdk_ros2/include/cognata_sdk_ros2/msg/detail/car_telemetries_msg__rosidl_typesupport_introspection_c.h
[2.140s] -- Up-to-date: /home/kcg/copy/ROS2Sample/src/install/cognata_sdk_ros2/include/cognata_sdk_ros2/msg/detail/object_description__rosidl_typesupport_introspection_c.h
[2.140s] -- Up-to-date: /home/kcg/copy/ROS2Sample/src/install/cognata_sdk_ros2/include/cognata_sdk_ros2/msg/detail/traffic_light_msg__rosidl_typesupport_introspection_c.h
[2.140s] -- Up-to-date: /home/kcg/copy/ROS2Sample/src/install/cognata_sdk_ros2/include/cognata_sdk_ros2/msg/detail/pedestrian_msg__type_support.c
[2.140s] -- Up-to-date: /home/kcg/copy/ROS2Sample/src/install/cognata_sdk_ros2/include/cognata_sdk_ros2/msg/detail/car_telemetries_msg__type_support.c
[2.140s] -- Up-to-date: /home/kcg/copy/ROS2Sample/src/install/cognata_sdk_ros2/include/cognata_sdk_ros2/msg/detail/wheel_telemetries__rosidl_typesupport_introspection_c.h
[2.140s] -- Up-to-date: /home/kcg/copy/ROS2Sample/src/install/cognata_sdk_ros2/include/cognata_sdk_ros2/msg/detail/roi_and_dogt_output__rosidl_typesupport_introspection_c.h
[2.140s] -- Up-to-date: /home/kcg/copy/ROS2Sample/src/install/cognata_sdk_ros2/include/cognata_sdk_ros2/msg/detail/radar_output_target__type_support.c
[2.140s] -- Up-to-date: /home/kcg/copy/ROS2Sample/src/install/cognata_sdk_ros2/include/cognata_sdk_ros2/msg/detail/traffic_light_msg__type_support.c
[2.140s] -- Up-to-date: /home/kcg/copy/ROS2Sample/src/install/cognata_sdk_ros2/include/cognata_sdk_ros2/msg/detail/radar_output_header__type_support.c
[2.140s] -- Up-to-date: /home/kcg/copy/ROS2Sample/src/install/cognata_sdk_ros2/include/cognata_sdk_ros2/msg/detail/bounding_box_msg__rosidl_typesupport_introspection_c.h
[2.140s] -- Up-to-date: /home/kcg/copy/ROS2Sample/src/install/cognata_sdk_ros2/include/cognata_sdk_ros2/msg/detail/annotation_msg__rosidl_typesupport_introspection_c.h
[2.140s] -- Up-to-date: /home/kcg/copy/ROS2Sample/src/install/cognata_sdk_ros2/include/cognata_sdk_ros2/msg/detail/radar_output_header__rosidl_typesupport_introspection_c.h
[2.140s] -- Up-to-date: /home/kcg/copy/ROS2Sample/src/install/cognata_sdk_ros2/include/cognata_sdk_ros2/msg/detail/object_description__type_support.c
[2.140s] -- Up-to-date: /home/kcg/copy/ROS2Sample/src/install/cognata_sdk_ros2/include/cognata_sdk_ros2/msg/detail/roi_and_dogt_output__type_support.c
[2.140s] -- Up-to-date: /home/kcg/copy/ROS2Sample/src/install/cognata_sdk_ros2/include/cognata_sdk_ros2/msg/detail/bounding_box_msg__type_support.c
[2.140s] -- Up-to-date: /home/kcg/copy/ROS2Sample/src/install/cognata_sdk_ros2/include/cognata_sdk_ros2/msg/detail/wheel_telemetries__type_support.c
[2.140s] -- Up-to-date: /home/kcg/copy/ROS2Sample/src/install/cognata_sdk_ros2/include/cognata_sdk_ros2/msg/detail/wheel_msg__type_support.c
[2.141s] -- Up-to-date: /home/kcg/copy/ROS2Sample/src/install/cognata_sdk_ros2/include/cognata_sdk_ros2/msg/detail/pedestrian_msg__rosidl_typesupport_introspection_c.h
[2.144s] -- Up-to-date: /home/kcg/copy/ROS2Sample/src/install/cognata_sdk_ros2/lib/libcognata_sdk_ros2__rosidl_typesupport_introspection_c.so
[2.156s] -- Up-to-date: /home/kcg/copy/ROS2Sample/src/install/cognata_sdk_ros2/lib/libcognata_sdk_ros2__rosidl_typesupport_c.so
[2.157s] -- Up-to-date: /home/kcg/copy/ROS2Sample/src/install/cognata_sdk_ros2/include/cognata_sdk_ros2
[2.158s] -- Up-to-date: /home/kcg/copy/ROS2Sample/src/install/cognata_sdk_ros2/include/cognata_sdk_ros2/msg
[2.158s] -- Up-to-date: /home/kcg/copy/ROS2Sample/src/install/cognata_sdk_ros2/include/cognata_sdk_ros2/msg/wheel_msg.hpp
[2.158s] -- Up-to-date: /home/kcg/copy/ROS2Sample/src/install/cognata_sdk_ros2/include/cognata_sdk_ros2/msg/vehicle_msg.hpp
[2.158s] -- Up-to-date: /home/kcg/copy/ROS2Sample/src/install/cognata_sdk_ros2/include/cognata_sdk_ros2/msg/roi_and_dogt_output.hpp
[2.159s] -- Up-to-date: /home/kcg/copy/ROS2Sample/src/install/cognata_sdk_ros2/include/cognata_sdk_ros2/msg/wheel_telemetries.hpp
[2.159s] -- Up-to-date: /home/kcg/copy/ROS2Sample/src/install/cognata_sdk_ros2/include/cognata_sdk_ros2/msg/radar_output_target.hpp
[2.159s] -- Up-to-date: /home/kcg/copy/ROS2Sample/src/install/cognata_sdk_ros2/include/cognata_sdk_ros2/msg/gps_additional_data.hpp
[2.159s] -- Up-to-date: /home/kcg/copy/ROS2Sample/src/install/cognata_sdk_ros2/include/cognata_sdk_ros2/msg/traffic_light_msg.hpp
[2.159s] -- Up-to-date: /home/kcg/copy/ROS2Sample/src/install/cognata_sdk_ros2/include/cognata_sdk_ros2/msg/radar_output_header.hpp
[2.159s] -- Up-to-date: /home/kcg/copy/ROS2Sample/src/install/cognata_sdk_ros2/include/cognata_sdk_ros2/msg/annotation_msg.hpp
[2.159s] -- Up-to-date: /home/kcg/copy/ROS2Sample/src/install/cognata_sdk_ros2/include/cognata_sdk_ros2/msg/bounding_box_msg.hpp
[2.159s] -- Up-to-date: /home/kcg/copy/ROS2Sample/src/install/cognata_sdk_ros2/include/cognata_sdk_ros2/msg/object_description.hpp
[2.159s] -- Up-to-date: /home/kcg/copy/ROS2Sample/src/install/cognata_sdk_ros2/include/cognata_sdk_ros2/msg/car_telemetries_msg.hpp
[2.159s] -- Up-to-date: /home/kcg/copy/ROS2Sample/src/install/cognata_sdk_ros2/include/cognata_sdk_ros2/msg/detail
[2.159s] -- Up-to-date: /home/kcg/copy/ROS2Sample/src/install/cognata_sdk_ros2/include/cognata_sdk_ros2/msg/detail/annotation_msg__struct.hpp
[2.159s] -- Up-to-date: /home/kcg/copy/ROS2Sample/src/install/cognata_sdk_ros2/include/cognata_sdk_ros2/msg/detail/car_telemetries_msg__builder.hpp
[2.159s] -- Up-to-date: /home/kcg/copy/ROS2Sample/src/install/cognata_sdk_ros2/include/cognata_sdk_ros2/msg/detail/object_description__builder.hpp
[2.159s] -- Up-to-date: /home/kcg/copy/ROS2Sample/src/install/cognata_sdk_ros2/include/cognata_sdk_ros2/msg/detail/bounding_box_msg__builder.hpp
[2.159s] -- Up-to-date: /home/kcg/copy/ROS2Sample/src/install/cognata_sdk_ros2/include/cognata_sdk_ros2/msg/detail/radar_output_header__traits.hpp
[2.159s] -- Up-to-date: /home/kcg/copy/ROS2Sample/src/install/cognata_sdk_ros2/include/cognata_sdk_ros2/msg/detail/pedestrian_msg__traits.hpp
[2.159s] -- Up-to-date: /home/kcg/copy/ROS2Sample/src/install/cognata_sdk_ros2/include/cognata_sdk_ros2/msg/detail/wheel_msg__builder.hpp
[2.159s] -- Up-to-date: /home/kcg/copy/ROS2Sample/src/install/cognata_sdk_ros2/include/cognata_sdk_ros2/msg/detail/radar_output_header__builder.hpp
[2.159s] -- Up-to-date: /home/kcg/copy/ROS2Sample/src/install/cognata_sdk_ros2/include/cognata_sdk_ros2/msg/detail/gps_additional_data__traits.hpp
[2.159s] -- Up-to-date: /home/kcg/copy/ROS2Sample/src/install/cognata_sdk_ros2/include/cognata_sdk_ros2/msg/detail/traffic_light_msg__struct.hpp
[2.159s] -- Up-to-date: /home/kcg/copy/ROS2Sample/src/install/cognata_sdk_ros2/include/cognata_sdk_ros2/msg/detail/object_description__struct.hpp
[2.159s] -- Up-to-date: /home/kcg/copy/ROS2Sample/src/install/cognata_sdk_ros2/include/cognata_sdk_ros2/msg/detail/vehicle_msg__struct.hpp
[2.160s] -- Up-to-date: /home/kcg/copy/ROS2Sample/src/install/cognata_sdk_ros2/include/cognata_sdk_ros2/msg/detail/radar_output_target__struct.hpp
[2.160s] -- Up-to-date: /home/kcg/copy/ROS2Sample/src/install/cognata_sdk_ros2/include/cognata_sdk_ros2/msg/detail/roi_and_dogt_output__struct.hpp
[2.160s] -- Up-to-date: /home/kcg/copy/ROS2Sample/src/install/cognata_sdk_ros2/include/cognata_sdk_ros2/msg/detail/wheel_telemetries__struct.hpp
[2.160s] -- Up-to-date: /home/kcg/copy/ROS2Sample/src/install/cognata_sdk_ros2/include/cognata_sdk_ros2/msg/detail/vehicle_msg__builder.hpp
[2.160s] -- Up-to-date: /home/kcg/copy/ROS2Sample/src/install/cognata_sdk_ros2/include/cognata_sdk_ros2/msg/detail/car_telemetries_msg__traits.hpp
[2.160s] -- Up-to-date: /home/kcg/copy/ROS2Sample/src/install/cognata_sdk_ros2/include/cognata_sdk_ros2/msg/detail/wheel_msg__struct.hpp
[2.160s] -- Up-to-date: /home/kcg/copy/ROS2Sample/src/install/cognata_sdk_ros2/include/cognata_sdk_ros2/msg/detail/wheel_msg__traits.hpp
[2.160s] -- Up-to-date: /home/kcg/copy/ROS2Sample/src/install/cognata_sdk_ros2/include/cognata_sdk_ros2/msg/detail/radar_output_target__builder.hpp
[2.160s] -- Up-to-date: /home/kcg/copy/ROS2Sample/src/install/cognata_sdk_ros2/include/cognata_sdk_ros2/msg/detail/bounding_box_msg__traits.hpp
[2.160s] -- Up-to-date: /home/kcg/copy/ROS2Sample/src/install/cognata_sdk_ros2/include/cognata_sdk_ros2/msg/detail/annotation_msg__traits.hpp
[2.160s] -- Up-to-date: /home/kcg/copy/ROS2Sample/src/install/cognata_sdk_ros2/include/cognata_sdk_ros2/msg/detail/object_description__traits.hpp
[2.160s] -- Up-to-date: /home/kcg/copy/ROS2Sample/src/install/cognata_sdk_ros2/include/cognata_sdk_ros2/msg/detail/traffic_light_msg__traits.hpp
[2.160s] -- Up-to-date: /home/kcg/copy/ROS2Sample/src/install/cognata_sdk_ros2/include/cognata_sdk_ros2/msg/detail/wheel_telemetries__traits.hpp
[2.160s] -- Up-to-date: /home/kcg/copy/ROS2Sample/src/install/cognata_sdk_ros2/include/cognata_sdk_ros2/msg/detail/roi_and_dogt_output__traits.hpp
[2.160s] -- Up-to-date: /home/kcg/copy/ROS2Sample/src/install/cognata_sdk_ros2/include/cognata_sdk_ros2/msg/detail/vehicle_msg__traits.hpp
[2.160s] -- Up-to-date: /home/kcg/copy/ROS2Sample/src/install/cognata_sdk_ros2/include/cognata_sdk_ros2/msg/detail/roi_and_dogt_output__builder.hpp
[2.160s] -- Up-to-date: /home/kcg/copy/ROS2Sample/src/install/cognata_sdk_ros2/include/cognata_sdk_ros2/msg/detail/radar_output_header__struct.hpp
[2.160s] -- Up-to-date: /home/kcg/copy/ROS2Sample/src/install/cognata_sdk_ros2/include/cognata_sdk_ros2/msg/detail/radar_output_target__traits.hpp
[2.160s] -- Up-to-date: /home/kcg/copy/ROS2Sample/src/install/cognata_sdk_ros2/include/cognata_sdk_ros2/msg/detail/pedestrian_msg__struct.hpp
[2.160s] -- Up-to-date: /home/kcg/copy/ROS2Sample/src/install/cognata_sdk_ros2/include/cognata_sdk_ros2/msg/detail/gps_additional_data__builder.hpp
[2.160s] -- Up-to-date: /home/kcg/copy/ROS2Sample/src/install/cognata_sdk_ros2/include/cognata_sdk_ros2/msg/detail/gps_additional_data__struct.hpp
[2.161s] -- Up-to-date: /home/kcg/copy/ROS2Sample/src/install/cognata_sdk_ros2/include/cognata_sdk_ros2/msg/detail/traffic_light_msg__builder.hpp
[2.161s] -- Up-to-date: /home/kcg/copy/ROS2Sample/src/install/cognata_sdk_ros2/include/cognata_sdk_ros2/msg/detail/wheel_telemetries__builder.hpp
[2.161s] -- Up-to-date: /home/kcg/copy/ROS2Sample/src/install/cognata_sdk_ros2/include/cognata_sdk_ros2/msg/detail/bounding_box_msg__struct.hpp
[2.161s] -- Up-to-date: /home/kcg/copy/ROS2Sample/src/install/cognata_sdk_ros2/include/cognata_sdk_ros2/msg/detail/annotation_msg__builder.hpp
[2.161s] -- Up-to-date: /home/kcg/copy/ROS2Sample/src/install/cognata_sdk_ros2/include/cognata_sdk_ros2/msg/detail/pedestrian_msg__builder.hpp
[2.161s] -- Up-to-date: /home/kcg/copy/ROS2Sample/src/install/cognata_sdk_ros2/include/cognata_sdk_ros2/msg/detail/car_telemetries_msg__struct.hpp
[2.161s] -- Up-to-date: /home/kcg/copy/ROS2Sample/src/install/cognata_sdk_ros2/include/cognata_sdk_ros2/msg/pedestrian_msg.hpp
[2.161s] -- Up-to-date: /home/kcg/copy/ROS2Sample/src/install/cognata_sdk_ros2/include/cognata_sdk_ros2
[2.161s] -- Up-to-date: /home/kcg/copy/ROS2Sample/src/install/cognata_sdk_ros2/include/cognata_sdk_ros2/msg
[2.161s] -- Up-to-date: /home/kcg/copy/ROS2Sample/src/install/cognata_sdk_ros2/include/cognata_sdk_ros2/msg/detail
[2.168s] -- Up-to-date: /home/kcg/copy/ROS2Sample/src/install/cognata_sdk_ros2/include/cognata_sdk_ros2/msg/detail/traffic_light_msg__rosidl_typesupport_introspection_cpp.hpp
[2.169s] -- Up-to-date: /home/kcg/copy/ROS2Sample/src/install/cognata_sdk_ros2/include/cognata_sdk_ros2/msg/detail/gps_additional_data__type_support.cpp
[2.169s] -- Up-to-date: /home/kcg/copy/ROS2Sample/src/install/cognata_sdk_ros2/include/cognata_sdk_ros2/msg/detail/roi_and_dogt_output__rosidl_typesupport_introspection_cpp.hpp
[2.171s] -- Up-to-date: /home/kcg/copy/ROS2Sample/src/install/cognata_sdk_ros2/include/cognata_sdk_ros2/msg/detail/vehicle_msg__rosidl_typesupport_introspection_cpp.hpp
[2.171s] -- Up-to-date: /home/kcg/copy/ROS2Sample/src/install/cognata_sdk_ros2/include/cognata_sdk_ros2/msg/detail/bounding_box_msg__rosidl_typesupport_introspection_cpp.hpp
[2.171s] -- Up-to-date: /home/kcg/copy/ROS2Sample/src/install/cognata_sdk_ros2/include/cognata_sdk_ros2/msg/detail/wheel_msg__type_support.cpp
[2.172s] -- Up-to-date: /home/kcg/copy/ROS2Sample/src/install/cognata_sdk_ros2/include/cognata_sdk_ros2/msg/detail/bounding_box_msg__type_support.cpp
[2.172s] -- Up-to-date: /home/kcg/copy/ROS2Sample/src/install/cognata_sdk_ros2/include/cognata_sdk_ros2/msg/detail/radar_output_header__type_support.cpp
[2.172s] -- Up-to-date: /home/kcg/copy/ROS2Sample/src/install/cognata_sdk_ros2/include/cognata_sdk_ros2/msg/detail/radar_output_header__rosidl_typesupport_introspection_cpp.hpp
[2.172s] -- Up-to-date: /home/kcg/copy/ROS2Sample/src/install/cognata_sdk_ros2/include/cognata_sdk_ros2/msg/detail/pedestrian_msg__rosidl_typesupport_introspection_cpp.hpp
[2.172s] -- Up-to-date: /home/kcg/copy/ROS2Sample/src/install/cognata_sdk_ros2/include/cognata_sdk_ros2/msg/detail/annotation_msg__rosidl_typesupport_introspection_cpp.hpp
[2.172s] -- Up-to-date: /home/kcg/copy/ROS2Sample/src/install/cognata_sdk_ros2/include/cognata_sdk_ros2/msg/detail/wheel_telemetries__type_support.cpp
[2.172s] -- Up-to-date: /home/kcg/copy/ROS2Sample/src/install/cognata_sdk_ros2/include/cognata_sdk_ros2/msg/detail/radar_output_target__rosidl_typesupport_introspection_cpp.hpp
[2.172s] -- Up-to-date: /home/kcg/copy/ROS2Sample/src/install/cognata_sdk_ros2/include/cognata_sdk_ros2/msg/detail/gps_additional_data__rosidl_typesupport_introspection_cpp.hpp
[2.172s] -- Up-to-date: /home/kcg/copy/ROS2Sample/src/install/cognata_sdk_ros2/include/cognata_sdk_ros2/msg/detail/object_description__rosidl_typesupport_introspection_cpp.hpp
[2.172s] -- Up-to-date: /home/kcg/copy/ROS2Sample/src/install/cognata_sdk_ros2/include/cognata_sdk_ros2/msg/detail/traffic_light_msg__type_support.cpp
[2.172s] -- Up-to-date: /home/kcg/copy/ROS2Sample/src/install/cognata_sdk_ros2/include/cognata_sdk_ros2/msg/detail/pedestrian_msg__type_support.cpp
[2.172s] -- Up-to-date: /home/kcg/copy/ROS2Sample/src/install/cognata_sdk_ros2/include/cognata_sdk_ros2/msg/detail/car_telemetries_msg__type_support.cpp
[2.172s] -- Up-to-date: /home/kcg/copy/ROS2Sample/src/install/cognata_sdk_ros2/include/cognata_sdk_ros2/msg/detail/radar_output_target__type_support.cpp
[2.172s] -- Up-to-date: /home/kcg/copy/ROS2Sample/src/install/cognata_sdk_ros2/include/cognata_sdk_ros2/msg/detail/vehicle_msg__type_support.cpp
[2.172s] -- Up-to-date: /home/kcg/copy/ROS2Sample/src/install/cognata_sdk_ros2/include/cognata_sdk_ros2/msg/detail/car_telemetries_msg__rosidl_typesupport_introspection_cpp.hpp
[2.172s] -- Up-to-date: /home/kcg/copy/ROS2Sample/src/install/cognata_sdk_ros2/include/cognata_sdk_ros2/msg/detail/annotation_msg__type_support.cpp
[2.172s] -- Up-to-date: /home/kcg/copy/ROS2Sample/src/install/cognata_sdk_ros2/include/cognata_sdk_ros2/msg/detail/object_description__type_support.cpp
[2.172s] -- Up-to-date: /home/kcg/copy/ROS2Sample/src/install/cognata_sdk_ros2/include/cognata_sdk_ros2/msg/detail/wheel_msg__rosidl_typesupport_introspection_cpp.hpp
[2.173s] -- Up-to-date: /home/kcg/copy/ROS2Sample/src/install/cognata_sdk_ros2/include/cognata_sdk_ros2/msg/detail/wheel_telemetries__rosidl_typesupport_introspection_cpp.hpp
[2.173s] -- Up-to-date: /home/kcg/copy/ROS2Sample/src/install/cognata_sdk_ros2/include/cognata_sdk_ros2/msg/detail/roi_and_dogt_output__type_support.cpp
[2.176s] -- Up-to-date: /home/kcg/copy/ROS2Sample/src/install/cognata_sdk_ros2/lib/libcognata_sdk_ros2__rosidl_typesupport_introspection_cpp.so
[2.184s] -- Up-to-date: /home/kcg/copy/ROS2Sample/src/install/cognata_sdk_ros2/lib/libcognata_sdk_ros2__rosidl_typesupport_cpp.so
[2.184s] -- Up-to-date: /home/kcg/copy/ROS2Sample/src/install/cognata_sdk_ros2/share/cognata_sdk_ros2/environment/pythonpath.sh
[2.184s] -- Up-to-date: /home/kcg/copy/ROS2Sample/src/install/cognata_sdk_ros2/share/cognata_sdk_ros2/environment/pythonpath.dsv
[2.185s] -- Up-to-date: /home/kcg/copy/ROS2Sample/src/install/cognata_sdk_ros2/lib/python3.8/site-packages/cognata_sdk_ros2/__init__.py
[2.217s] -- Up-to-date: /home/kcg/copy/ROS2Sample/src/install/cognata_sdk_ros2/lib/python3.8/site-packages/cognata_sdk_ros2/msg
[2.218s] -- Up-to-date: /home/kcg/copy/ROS2Sample/src/install/cognata_sdk_ros2/lib/python3.8/site-packages/cognata_sdk_ros2/msg/__init__.py
[2.218s] -- Up-to-date: /home/kcg/copy/ROS2Sample/src/install/cognata_sdk_ros2/lib/python3.8/site-packages/cognata_sdk_ros2/msg/_roi_and_dogt_output.py
[2.218s] -- Up-to-date: /home/kcg/copy/ROS2Sample/src/install/cognata_sdk_ros2/lib/python3.8/site-packages/cognata_sdk_ros2/msg/_radar_output_header.py
[2.218s] -- Up-to-date: /home/kcg/copy/ROS2Sample/src/install/cognata_sdk_ros2/lib/python3.8/site-packages/cognata_sdk_ros2/msg/_traffic_light_msg_s.c
[2.218s] -- Up-to-date: /home/kcg/copy/ROS2Sample/src/install/cognata_sdk_ros2/lib/python3.8/site-packages/cognata_sdk_ros2/msg/_radar_output_target_s.c
[2.218s] -- Up-to-date: /home/kcg/copy/ROS2Sample/src/install/cognata_sdk_ros2/lib/python3.8/site-packages/cognata_sdk_ros2/msg/_gps_additional_data.py
[2.218s] -- Up-to-date: /home/kcg/copy/ROS2Sample/src/install/cognata_sdk_ros2/lib/python3.8/site-packages/cognata_sdk_ros2/msg/_wheel_msg.py
[2.218s] -- Up-to-date: /home/kcg/copy/ROS2Sample/src/install/cognata_sdk_ros2/lib/python3.8/site-packages/cognata_sdk_ros2/msg/_wheel_msg_s.c
[2.218s] -- Up-to-date: /home/kcg/copy/ROS2Sample/src/install/cognata_sdk_ros2/lib/python3.8/site-packages/cognata_sdk_ros2/msg/_vehicle_msg.py
[2.218s] -- Up-to-date: /home/kcg/copy/ROS2Sample/src/install/cognata_sdk_ros2/lib/python3.8/site-packages/cognata_sdk_ros2/msg/_gps_additional_data_s.c
[2.218s] -- Up-to-date: /home/kcg/copy/ROS2Sample/src/install/cognata_sdk_ros2/lib/python3.8/site-packages/cognata_sdk_ros2/msg/_object_description.py
[2.218s] -- Up-to-date: /home/kcg/copy/ROS2Sample/src/install/cognata_sdk_ros2/lib/python3.8/site-packages/cognata_sdk_ros2/msg/_object_description_s.c
[2.218s] -- Up-to-date: /home/kcg/copy/ROS2Sample/src/install/cognata_sdk_ros2/lib/python3.8/site-packages/cognata_sdk_ros2/msg/_bounding_box_msg.py
[2.218s] -- Up-to-date: /home/kcg/copy/ROS2Sample/src/install/cognata_sdk_ros2/lib/python3.8/site-packages/cognata_sdk_ros2/msg/_car_telemetries_msg.py
[2.218s] -- Up-to-date: /home/kcg/copy/ROS2Sample/src/install/cognata_sdk_ros2/lib/python3.8/site-packages/cognata_sdk_ros2/msg/_vehicle_msg_s.c
[2.218s] -- Up-to-date: /home/kcg/copy/ROS2Sample/src/install/cognata_sdk_ros2/lib/python3.8/site-packages/cognata_sdk_ros2/msg/_radar_output_header_s.c
[2.218s] -- Up-to-date: /home/kcg/copy/ROS2Sample/src/install/cognata_sdk_ros2/lib/python3.8/site-packages/cognata_sdk_ros2/msg/_annotation_msg.py
[2.218s] -- Up-to-date: /home/kcg/copy/ROS2Sample/src/install/cognata_sdk_ros2/lib/python3.8/site-packages/cognata_sdk_ros2/msg/_car_telemetries_msg_s.c
[2.219s] -- Up-to-date: /home/kcg/copy/ROS2Sample/src/install/cognata_sdk_ros2/lib/python3.8/site-packages/cognata_sdk_ros2/msg/_wheel_telemetries.py
[2.219s] -- Up-to-date: /home/kcg/copy/ROS2Sample/src/install/cognata_sdk_ros2/lib/python3.8/site-packages/cognata_sdk_ros2/msg/_bounding_box_msg_s.c
[2.219s] -- Up-to-date: /home/kcg/copy/ROS2Sample/src/install/cognata_sdk_ros2/lib/python3.8/site-packages/cognata_sdk_ros2/msg/_annotation_msg_s.c
[2.219s] -- Up-to-date: /home/kcg/copy/ROS2Sample/src/install/cognata_sdk_ros2/lib/python3.8/site-packages/cognata_sdk_ros2/msg/_wheel_telemetries_s.c
[2.219s] -- Up-to-date: /home/kcg/copy/ROS2Sample/src/install/cognata_sdk_ros2/lib/python3.8/site-packages/cognata_sdk_ros2/msg/_roi_and_dogt_output_s.c
[2.219s] -- Up-to-date: /home/kcg/copy/ROS2Sample/src/install/cognata_sdk_ros2/lib/python3.8/site-packages/cognata_sdk_ros2/msg/_pedestrian_msg_s.c
[2.219s] -- Up-to-date: /home/kcg/copy/ROS2Sample/src/install/cognata_sdk_ros2/lib/python3.8/site-packages/cognata_sdk_ros2/msg/_radar_output_target.py
[2.219s] -- Up-to-date: /home/kcg/copy/ROS2Sample/src/install/cognata_sdk_ros2/lib/python3.8/site-packages/cognata_sdk_ros2/msg/_traffic_light_msg.py
[2.219s] -- Up-to-date: /home/kcg/copy/ROS2Sample/src/install/cognata_sdk_ros2/lib/python3.8/site-packages/cognata_sdk_ros2/msg/_pedestrian_msg.py
[2.228s] -- Up-to-date: /home/kcg/copy/ROS2Sample/src/install/cognata_sdk_ros2/lib/python3.8/site-packages/cognata_sdk_ros2/cognata_sdk_ros2_s__rosidl_typesupport_fastrtps_c.cpython-38-x86_64-linux-gnu.so
[2.230s] -- Up-to-date: /home/kcg/copy/ROS2Sample/src/install/cognata_sdk_ros2/lib/python3.8/site-packages/cognata_sdk_ros2/cognata_sdk_ros2_s__rosidl_typesupport_introspection_c.cpython-38-x86_64-linux-gnu.so
[2.230s] -- Up-to-date: /home/kcg/copy/ROS2Sample/src/install/cognata_sdk_ros2/lib/python3.8/site-packages/cognata_sdk_ros2/cognata_sdk_ros2_s__rosidl_typesupport_c.cpython-38-x86_64-linux-gnu.so
[2.235s] -- Up-to-date: /home/kcg/copy/ROS2Sample/src/install/cognata_sdk_ros2/lib/libcognata_sdk_ros2__python.so
[2.240s] -- Up-to-date: /home/kcg/copy/ROS2Sample/src/install/cognata_sdk_ros2/share/cognata_sdk_ros2/msg/AnnotationMsg.idl
[2.240s] -- Up-to-date: /home/kcg/copy/ROS2Sample/src/install/cognata_sdk_ros2/share/cognata_sdk_ros2/msg/BoundingBoxMsg.idl
[2.240s] -- Up-to-date: /home/kcg/copy/ROS2Sample/src/install/cognata_sdk_ros2/share/cognata_sdk_ros2/msg/CarTelemetriesMsg.idl
[2.240s] -- Up-to-date: /home/kcg/copy/ROS2Sample/src/install/cognata_sdk_ros2/share/cognata_sdk_ros2/msg/GPSAdditionalData.idl
[2.240s] -- Up-to-date: /home/kcg/copy/ROS2Sample/src/install/cognata_sdk_ros2/share/cognata_sdk_ros2/msg/ObjectDescription.idl
[2.241s] -- Up-to-date: /home/kcg/copy/ROS2Sample/src/install/cognata_sdk_ros2/share/cognata_sdk_ros2/msg/PedestrianMsg.idl
[2.241s] -- Up-to-date: /home/kcg/copy/ROS2Sample/src/install/cognata_sdk_ros2/share/cognata_sdk_ros2/msg/RadarOutputHeader.idl
[2.241s] -- Up-to-date: /home/kcg/copy/ROS2Sample/src/install/cognata_sdk_ros2/share/cognata_sdk_ros2/msg/RadarOutputTarget.idl
[2.241s] -- Up-to-date: /home/kcg/copy/ROS2Sample/src/install/cognata_sdk_ros2/share/cognata_sdk_ros2/msg/ROIAndDOGTOutput.idl
[2.241s] -- Up-to-date: /home/kcg/copy/ROS2Sample/src/install/cognata_sdk_ros2/share/cognata_sdk_ros2/msg/TrafficLightMsg.idl
[2.241s] -- Up-to-date: /home/kcg/copy/ROS2Sample/src/install/cognata_sdk_ros2/share/cognata_sdk_ros2/msg/VehicleMsg.idl
[2.241s] -- Up-to-date: /home/kcg/copy/ROS2Sample/src/install/cognata_sdk_ros2/share/cognata_sdk_ros2/msg/WheelMsg.idl
[2.241s] -- Up-to-date: /home/kcg/copy/ROS2Sample/src/install/cognata_sdk_ros2/share/cognata_sdk_ros2/msg/WheelTelemetries.idl
[2.241s] -- Up-to-date: /home/kcg/copy/ROS2Sample/src/install/cognata_sdk_ros2/share/cognata_sdk_ros2/msg/AnnotationMsg.msg
[2.241s] -- Up-to-date: /home/kcg/copy/ROS2Sample/src/install/cognata_sdk_ros2/share/cognata_sdk_ros2/msg/BoundingBoxMsg.msg
[2.241s] -- Up-to-date: /home/kcg/copy/ROS2Sample/src/install/cognata_sdk_ros2/share/cognata_sdk_ros2/msg/CarTelemetriesMsg.msg
[2.241s] -- Up-to-date: /home/kcg/copy/ROS2Sample/src/install/cognata_sdk_ros2/share/cognata_sdk_ros2/msg/GPSAdditionalData.msg
[2.241s] -- Up-to-date: /home/kcg/copy/ROS2Sample/src/install/cognata_sdk_ros2/share/cognata_sdk_ros2/msg/ObjectDescription.msg
[2.241s] -- Up-to-date: /home/kcg/copy/ROS2Sample/src/install/cognata_sdk_ros2/share/cognata_sdk_ros2/msg/PedestrianMsg.msg
[2.241s] -- Up-to-date: /home/kcg/copy/ROS2Sample/src/install/cognata_sdk_ros2/share/cognata_sdk_ros2/msg/RadarOutputHeader.msg
[2.241s] -- Up-to-date: /home/kcg/copy/ROS2Sample/src/install/cognata_sdk_ros2/share/cognata_sdk_ros2/msg/RadarOutputTarget.msg
[2.241s] -- Up-to-date: /home/kcg/copy/ROS2Sample/src/install/cognata_sdk_ros2/share/cognata_sdk_ros2/msg/ROIAndDOGTOutput.msg
[2.241s] -- Up-to-date: /home/kcg/copy/ROS2Sample/src/install/cognata_sdk_ros2/share/cognata_sdk_ros2/msg/TrafficLightMsg.msg
[2.242s] -- Up-to-date: /home/kcg/copy/ROS2Sample/src/install/cognata_sdk_ros2/share/cognata_sdk_ros2/msg/VehicleMsg.msg
[2.242s] -- Up-to-date: /home/kcg/copy/ROS2Sample/src/install/cognata_sdk_ros2/share/cognata_sdk_ros2/msg/WheelMsg.msg
[2.242s] -- Up-to-date: /home/kcg/copy/ROS2Sample/src/install/cognata_sdk_ros2/share/cognata_sdk_ros2/msg/WheelTelemetries.msg
[2.243s] -- Up-to-date: /home/kcg/copy/ROS2Sample/src/install/cognata_sdk_ros2/lib/cognata_sdk_ros2/ROS2SDK
[2.243s] -- Up-to-date: /home/kcg/copy/ROS2Sample/src/install/cognata_sdk_ros2/share/ament_index/resource_index/package_run_dependencies/cognata_sdk_ros2
[2.243s] -- Up-to-date: /home/kcg/copy/ROS2Sample/src/install/cognata_sdk_ros2/share/ament_index/resource_index/parent_prefix_path/cognata_sdk_ros2
[2.243s] -- Up-to-date: /home/kcg/copy/ROS2Sample/src/install/cognata_sdk_ros2/share/cognata_sdk_ros2/environment/ament_prefix_path.sh
[2.243s] -- Up-to-date: /home/kcg/copy/ROS2Sample/src/install/cognata_sdk_ros2/share/cognata_sdk_ros2/environment/ament_prefix_path.dsv
[2.243s] -- Up-to-date: /home/kcg/copy/ROS2Sample/src/install/cognata_sdk_ros2/share/cognata_sdk_ros2/environment/path.sh
[2.243s] -- Up-to-date: /home/kcg/copy/ROS2Sample/src/install/cognata_sdk_ros2/share/cognata_sdk_ros2/environment/path.dsv
[2.243s] -- Up-to-date: /home/kcg/copy/ROS2Sample/src/install/cognata_sdk_ros2/share/cognata_sdk_ros2/local_setup.bash
[2.243s] -- Up-to-date: /home/kcg/copy/ROS2Sample/src/install/cognata_sdk_ros2/share/cognata_sdk_ros2/local_setup.sh
[2.243s] -- Up-to-date: /home/kcg/copy/ROS2Sample/src/install/cognata_sdk_ros2/share/cognata_sdk_ros2/local_setup.zsh
[2.243s] -- Up-to-date: /home/kcg/copy/ROS2Sample/src/install/cognata_sdk_ros2/share/cognata_sdk_ros2/local_setup.dsv
[2.243s] -- Installing: /home/kcg/copy/ROS2Sample/src/install/cognata_sdk_ros2/share/cognata_sdk_ros2/package.dsv
[2.245s] -- Up-to-date: /home/kcg/copy/ROS2Sample/src/install/cognata_sdk_ros2/share/ament_index/resource_index/packages/cognata_sdk_ros2
[2.245s] -- Up-to-date: /home/kcg/copy/ROS2Sample/src/install/cognata_sdk_ros2/share/cognata_sdk_ros2/cmake/cognata_sdk_ros2__rosidl_generator_cExport.cmake
[2.245s] -- Up-to-date: /home/kcg/copy/ROS2Sample/src/install/cognata_sdk_ros2/share/cognata_sdk_ros2/cmake/cognata_sdk_ros2__rosidl_generator_cExport-noconfig.cmake
[2.245s] -- Up-to-date: /home/kcg/copy/ROS2Sample/src/install/cognata_sdk_ros2/share/cognata_sdk_ros2/cmake/cognata_sdk_ros2__rosidl_typesupport_introspection_cExport.cmake
[2.246s] -- Up-to-date: /home/kcg/copy/ROS2Sample/src/install/cognata_sdk_ros2/share/cognata_sdk_ros2/cmake/cognata_sdk_ros2__rosidl_typesupport_introspection_cExport-noconfig.cmake
[2.246s] -- Up-to-date: /home/kcg/copy/ROS2Sample/src/install/cognata_sdk_ros2/share/cognata_sdk_ros2/cmake/cognata_sdk_ros2__rosidl_typesupport_cExport.cmake
[2.246s] -- Up-to-date: /home/kcg/copy/ROS2Sample/src/install/cognata_sdk_ros2/share/cognata_sdk_ros2/cmake/cognata_sdk_ros2__rosidl_typesupport_cExport-noconfig.cmake
[2.246s] -- Up-to-date: /home/kcg/copy/ROS2Sample/src/install/cognata_sdk_ros2/share/cognata_sdk_ros2/cmake/cognata_sdk_ros2__rosidl_generator_cppExport.cmake
[2.246s] -- Up-to-date: /home/kcg/copy/ROS2Sample/src/install/cognata_sdk_ros2/share/cognata_sdk_ros2/cmake/cognata_sdk_ros2__rosidl_typesupport_introspection_cppExport.cmake
[2.246s] -- Up-to-date: /home/kcg/copy/ROS2Sample/src/install/cognata_sdk_ros2/share/cognata_sdk_ros2/cmake/cognata_sdk_ros2__rosidl_typesupport_introspection_cppExport-noconfig.cmake
[2.246s] -- Up-to-date: /home/kcg/copy/ROS2Sample/src/install/cognata_sdk_ros2/share/cognata_sdk_ros2/cmake/cognata_sdk_ros2__rosidl_typesupport_cppExport.cmake
[2.246s] -- Up-to-date: /home/kcg/copy/ROS2Sample/src/install/cognata_sdk_ros2/share/cognata_sdk_ros2/cmake/cognata_sdk_ros2__rosidl_typesupport_cppExport-noconfig.cmake
[2.246s] -- Up-to-date: /home/kcg/copy/ROS2Sample/src/install/cognata_sdk_ros2/share/cognata_sdk_ros2/cmake/rosidl_cmake-extras.cmake
[2.246s] -- Up-to-date: /home/kcg/copy/ROS2Sample/src/install/cognata_sdk_ros2/share/cognata_sdk_ros2/cmake/ament_cmake_export_dependencies-extras.cmake
[2.246s] -- Up-to-date: /home/kcg/copy/ROS2Sample/src/install/cognata_sdk_ros2/share/cognata_sdk_ros2/cmake/ament_cmake_export_libraries-extras.cmake
[2.246s] -- Up-to-date: /home/kcg/copy/ROS2Sample/src/install/cognata_sdk_ros2/share/cognata_sdk_ros2/cmake/ament_cmake_export_targets-extras.cmake
[2.246s] -- Up-to-date: /home/kcg/copy/ROS2Sample/src/install/cognata_sdk_ros2/share/cognata_sdk_ros2/cmake/ament_cmake_export_include_directories-extras.cmake
[2.246s] -- Up-to-date: /home/kcg/copy/ROS2Sample/src/install/cognata_sdk_ros2/share/cognata_sdk_ros2/cmake/rosidl_cmake_export_typesupport_libraries-extras.cmake
[2.246s] -- Up-to-date: /home/kcg/copy/ROS2Sample/src/install/cognata_sdk_ros2/share/cognata_sdk_ros2/cmake/rosidl_cmake_export_typesupport_targets-extras.cmake
[2.246s] -- Up-to-date: /home/kcg/copy/ROS2Sample/src/install/cognata_sdk_ros2/share/cognata_sdk_ros2/cmake/cognata_sdk_ros2Config.cmake
[2.247s] -- Up-to-date: /home/kcg/copy/ROS2Sample/src/install/cognata_sdk_ros2/share/cognata_sdk_ros2/cmake/cognata_sdk_ros2Config-version.cmake
[2.247s] -- Up-to-date: /home/kcg/copy/ROS2Sample/src/install/cognata_sdk_ros2/share/cognata_sdk_ros2/package.xml
[2.250s] Invoked command in '/home/kcg/copy/ROS2Sample/src/build/cognata_sdk_ros2' returned '0': CMAKE_PREFIX_PATH=${CMAKE_PREFIX_PATH}:/home/kcg/copy/ROS2Sample/src/install/python_publisher:/opt/ros/foxy /usr/bin/cmake --install /home/kcg/copy/ROS2Sample/src/build/cognata_sdk_ros2
