[0.126s] DEBUG:colcon:Command line arguments: ['/usr/bin/colcon', 'build']
[0.126s] DEBUG:colcon:Parsed command line arguments: Namespace(allow_overriding=[], ament_cmake_args=None, base_paths=['.'], build_base='build', catkin_cmake_args=None, catkin_skip_building_tests=False, cmake_args=None, cmake_clean_cache=False, cmake_clean_first=False, cmake_force_configure=False, cmake_target=None, cmake_target_skip_unavailable=False, continue_on_error=False, event_handlers=None, executor='parallel', ignore_user_meta=False, install_base='install', log_base=None, log_level=None, main=<bound method BuildVerb.main of <colcon_core.verb.build.BuildVerb object at 0x7f5e79381850>>, merge_install=False, metas=['./colcon.meta'], packages_above=None, packages_above_and_dependencies=None, packages_above_depth=None, packages_end=None, packages_ignore=None, packages_ignore_regex=None, packages_select=None, packages_select_build_failed=False, packages_select_by_dep=None, packages_select_regex=None, packages_select_test_failures=False, packages_skip=None, packages_skip_build_finished=False, packages_skip_by_dep=None, packages_skip_regex=None, packages_skip_test_passed=False, packages_skip_up_to=None, packages_start=None, packages_up_to=None, packages_up_to_regex=None, parallel_workers=8, paths=None, symlink_install=False, test_result_base=None, verb_extension=<colcon_core.verb.build.BuildVerb object at 0x7f5e79381850>, verb_name='build', verb_parser=<colcon_defaults.argument_parser.defaults.DefaultArgumentsDecorator object at 0x7f5e79381dc0>)
[0.148s] Level 1:colcon.colcon_core.package_discovery:discover_packages(colcon_meta) check parameters
[0.148s] Level 1:colcon.colcon_core.package_discovery:discover_packages(recursive) check parameters
[0.148s] Level 1:colcon.colcon_core.package_discovery:discover_packages(ignore) check parameters
[0.148s] Level 1:colcon.colcon_core.package_discovery:discover_packages(path) check parameters
[0.148s] Level 1:colcon.colcon_core.package_discovery:discover_packages(colcon_meta) discover
[0.148s] Level 1:colcon.colcon_core.package_discovery:discover_packages(recursive) discover
[0.148s] INFO:colcon.colcon_core.package_discovery:Crawling recursively for packages in '/home/kcg/Autonomous_kcg/ROS2Sample'
[0.148s] Level 1:colcon.colcon_core.package_identification:_identify(.) by extensions ['ignore', 'ignore_ament_install']
[0.149s] Level 1:colcon.colcon_core.package_identification:_identify(.) by extension 'ignore'
[0.149s] Level 1:colcon.colcon_core.package_identification:_identify(.) by extension 'ignore_ament_install'
[0.149s] Level 1:colcon.colcon_core.package_identification:_identify(.) by extensions ['colcon_pkg']
[0.149s] Level 1:colcon.colcon_core.package_identification:_identify(.) by extension 'colcon_pkg'
[0.149s] Level 1:colcon.colcon_core.package_identification:_identify(.) by extensions ['colcon_meta']
[0.149s] Level 1:colcon.colcon_core.package_identification:_identify(.) by extension 'colcon_meta'
[0.149s] Level 1:colcon.colcon_core.package_identification:_identify(.) by extensions ['ros']
[0.149s] Level 1:colcon.colcon_core.package_identification:_identify(.) by extension 'ros'
[0.159s] Level 1:colcon.colcon_core.package_identification:_identify(.) by extensions ['cmake', 'python']
[0.159s] Level 1:colcon.colcon_core.package_identification:_identify(.) by extension 'cmake'
[0.159s] Level 1:colcon.colcon_core.package_identification:_identify(.) by extension 'python'
[0.159s] Level 1:colcon.colcon_core.package_identification:_identify(.) by extensions ['python_setup_py']
[0.159s] Level 1:colcon.colcon_core.package_identification:_identify(.) by extension 'python_setup_py'
[0.159s] Level 1:colcon.colcon_core.package_identification:_identify(build) by extensions ['ignore', 'ignore_ament_install']
[0.159s] Level 1:colcon.colcon_core.package_identification:_identify(build) by extension 'ignore'
[0.159s] Level 1:colcon.colcon_core.package_identification:_identify(build) ignored
[0.159s] Level 1:colcon.colcon_core.package_identification:_identify(install) by extensions ['ignore', 'ignore_ament_install']
[0.159s] Level 1:colcon.colcon_core.package_identification:_identify(install) by extension 'ignore'
[0.159s] Level 1:colcon.colcon_core.package_identification:_identify(install) ignored
[0.159s] Level 1:colcon.colcon_core.package_identification:_identify(log) by extensions ['ignore', 'ignore_ament_install']
[0.159s] Level 1:colcon.colcon_core.package_identification:_identify(log) by extension 'ignore'
[0.159s] Level 1:colcon.colcon_core.package_identification:_identify(log) ignored
[0.160s] Level 1:colcon.colcon_core.package_identification:_identify(rosbag2_2022_07_17-10_58_20) by extensions ['ignore', 'ignore_ament_install']
[0.160s] Level 1:colcon.colcon_core.package_identification:_identify(rosbag2_2022_07_17-10_58_20) by extension 'ignore'
[0.160s] Level 1:colcon.colcon_core.package_identification:_identify(rosbag2_2022_07_17-10_58_20) by extension 'ignore_ament_install'
[0.160s] Level 1:colcon.colcon_core.package_identification:_identify(rosbag2_2022_07_17-10_58_20) by extensions ['colcon_pkg']
[0.160s] Level 1:colcon.colcon_core.package_identification:_identify(rosbag2_2022_07_17-10_58_20) by extension 'colcon_pkg'
[0.160s] Level 1:colcon.colcon_core.package_identification:_identify(rosbag2_2022_07_17-10_58_20) by extensions ['colcon_meta']
[0.160s] Level 1:colcon.colcon_core.package_identification:_identify(rosbag2_2022_07_17-10_58_20) by extension 'colcon_meta'
[0.160s] Level 1:colcon.colcon_core.package_identification:_identify(rosbag2_2022_07_17-10_58_20) by extensions ['ros']
[0.160s] Level 1:colcon.colcon_core.package_identification:_identify(rosbag2_2022_07_17-10_58_20) by extension 'ros'
[0.160s] Level 1:colcon.colcon_core.package_identification:_identify(rosbag2_2022_07_17-10_58_20) by extensions ['cmake', 'python']
[0.160s] Level 1:colcon.colcon_core.package_identification:_identify(rosbag2_2022_07_17-10_58_20) by extension 'cmake'
[0.160s] Level 1:colcon.colcon_core.package_identification:_identify(rosbag2_2022_07_17-10_58_20) by extension 'python'
[0.160s] Level 1:colcon.colcon_core.package_identification:_identify(rosbag2_2022_07_17-10_58_20) by extensions ['python_setup_py']
[0.160s] Level 1:colcon.colcon_core.package_identification:_identify(rosbag2_2022_07_17-10_58_20) by extension 'python_setup_py'
[0.160s] Level 1:colcon.colcon_core.package_identification:_identify(src) by extensions ['ignore', 'ignore_ament_install']
[0.160s] Level 1:colcon.colcon_core.package_identification:_identify(src) by extension 'ignore'
[0.160s] Level 1:colcon.colcon_core.package_identification:_identify(src) by extension 'ignore_ament_install'
[0.160s] Level 1:colcon.colcon_core.package_identification:_identify(src) by extensions ['colcon_pkg']
[0.160s] Level 1:colcon.colcon_core.package_identification:_identify(src) by extension 'colcon_pkg'
[0.160s] Level 1:colcon.colcon_core.package_identification:_identify(src) by extensions ['colcon_meta']
[0.160s] Level 1:colcon.colcon_core.package_identification:_identify(src) by extension 'colcon_meta'
[0.161s] Level 1:colcon.colcon_core.package_identification:_identify(src) by extensions ['ros']
[0.161s] Level 1:colcon.colcon_core.package_identification:_identify(src) by extension 'ros'
[0.161s] Level 1:colcon.colcon_core.package_identification:_identify(src) by extensions ['cmake', 'python']
[0.161s] Level 1:colcon.colcon_core.package_identification:_identify(src) by extension 'cmake'
[0.161s] Level 1:colcon.colcon_core.package_identification:_identify(src) by extension 'python'
[0.161s] Level 1:colcon.colcon_core.package_identification:_identify(src) by extensions ['python_setup_py']
[0.161s] Level 1:colcon.colcon_core.package_identification:_identify(src) by extension 'python_setup_py'
[0.161s] Level 1:colcon.colcon_core.package_identification:_identify(src/build) by extensions ['ignore', 'ignore_ament_install']
[0.161s] Level 1:colcon.colcon_core.package_identification:_identify(src/build) by extension 'ignore'
[0.161s] Level 1:colcon.colcon_core.package_identification:_identify(src/build) ignored
[0.161s] Level 1:colcon.colcon_core.package_identification:_identify(src/cognata_sdk_ros2) by extensions ['ignore', 'ignore_ament_install']
[0.161s] Level 1:colcon.colcon_core.package_identification:_identify(src/cognata_sdk_ros2) by extension 'ignore'
[0.161s] Level 1:colcon.colcon_core.package_identification:_identify(src/cognata_sdk_ros2) by extension 'ignore_ament_install'
[0.161s] Level 1:colcon.colcon_core.package_identification:_identify(src/cognata_sdk_ros2) by extensions ['colcon_pkg']
[0.161s] Level 1:colcon.colcon_core.package_identification:_identify(src/cognata_sdk_ros2) by extension 'colcon_pkg'
[0.161s] Level 1:colcon.colcon_core.package_identification:_identify(src/cognata_sdk_ros2) by extensions ['colcon_meta']
[0.161s] Level 1:colcon.colcon_core.package_identification:_identify(src/cognata_sdk_ros2) by extension 'colcon_meta'
[0.161s] Level 1:colcon.colcon_core.package_identification:_identify(src/cognata_sdk_ros2) by extensions ['ros']
[0.161s] Level 1:colcon.colcon_core.package_identification:_identify(src/cognata_sdk_ros2) by extension 'ros'
[0.164s] DEBUG:colcon.colcon_core.package_identification:Package 'src/cognata_sdk_ros2' with type 'ros.ament_cmake' and name 'cognata_sdk_ros2'
[0.164s] Level 1:colcon.colcon_core.package_identification:_identify(src/install) by extensions ['ignore', 'ignore_ament_install']
[0.164s] Level 1:colcon.colcon_core.package_identification:_identify(src/install) by extension 'ignore'
[0.164s] Level 1:colcon.colcon_core.package_identification:_identify(src/install) ignored
[0.164s] Level 1:colcon.colcon_core.package_identification:_identify(src/log) by extensions ['ignore', 'ignore_ament_install']
[0.164s] Level 1:colcon.colcon_core.package_identification:_identify(src/log) by extension 'ignore'
[0.164s] Level 1:colcon.colcon_core.package_identification:_identify(src/log) ignored
[0.164s] Level 1:colcon.colcon_core.package_identification:_identify(src/msgs) by extensions ['ignore', 'ignore_ament_install']
[0.164s] Level 1:colcon.colcon_core.package_identification:_identify(src/msgs) by extension 'ignore'
[0.164s] Level 1:colcon.colcon_core.package_identification:_identify(src/msgs) by extension 'ignore_ament_install'
[0.164s] Level 1:colcon.colcon_core.package_identification:_identify(src/msgs) by extensions ['colcon_pkg']
[0.165s] Level 1:colcon.colcon_core.package_identification:_identify(src/msgs) by extension 'colcon_pkg'
[0.165s] Level 1:colcon.colcon_core.package_identification:_identify(src/msgs) by extensions ['colcon_meta']
[0.165s] Level 1:colcon.colcon_core.package_identification:_identify(src/msgs) by extension 'colcon_meta'
[0.165s] Level 1:colcon.colcon_core.package_identification:_identify(src/msgs) by extensions ['ros']
[0.165s] Level 1:colcon.colcon_core.package_identification:_identify(src/msgs) by extension 'ros'
[0.165s] Level 1:colcon.colcon_core.package_identification:_identify(src/msgs) by extensions ['cmake', 'python']
[0.165s] Level 1:colcon.colcon_core.package_identification:_identify(src/msgs) by extension 'cmake'
[0.165s] Level 1:colcon.colcon_core.package_identification:_identify(src/msgs) by extension 'python'
[0.165s] Level 1:colcon.colcon_core.package_identification:_identify(src/msgs) by extensions ['python_setup_py']
[0.165s] Level 1:colcon.colcon_core.package_identification:_identify(src/msgs) by extension 'python_setup_py'
[0.165s] Level 1:colcon.colcon_core.package_identification:_identify(src/msgs/additional_msgs) by extensions ['ignore', 'ignore_ament_install']
[0.165s] Level 1:colcon.colcon_core.package_identification:_identify(src/msgs/additional_msgs) by extension 'ignore'
[0.165s] Level 1:colcon.colcon_core.package_identification:_identify(src/msgs/additional_msgs) by extension 'ignore_ament_install'
[0.165s] Level 1:colcon.colcon_core.package_identification:_identify(src/msgs/additional_msgs) by extensions ['colcon_pkg']
[0.165s] Level 1:colcon.colcon_core.package_identification:_identify(src/msgs/additional_msgs) by extension 'colcon_pkg'
[0.165s] Level 1:colcon.colcon_core.package_identification:_identify(src/msgs/additional_msgs) by extensions ['colcon_meta']
[0.165s] Level 1:colcon.colcon_core.package_identification:_identify(src/msgs/additional_msgs) by extension 'colcon_meta'
[0.165s] Level 1:colcon.colcon_core.package_identification:_identify(src/msgs/additional_msgs) by extensions ['ros']
[0.165s] Level 1:colcon.colcon_core.package_identification:_identify(src/msgs/additional_msgs) by extension 'ros'
[0.166s] DEBUG:colcon.colcon_core.package_identification:Package 'src/msgs/additional_msgs' with type 'ros.ament_cmake' and name 'additional_msgs'
[0.166s] Level 1:colcon.colcon_core.package_identification:_identify(src/msgs/autoware_auto_msgs) by extensions ['ignore', 'ignore_ament_install']
[0.166s] Level 1:colcon.colcon_core.package_identification:_identify(src/msgs/autoware_auto_msgs) by extension 'ignore'
[0.166s] Level 1:colcon.colcon_core.package_identification:_identify(src/msgs/autoware_auto_msgs) by extension 'ignore_ament_install'
[0.166s] Level 1:colcon.colcon_core.package_identification:_identify(src/msgs/autoware_auto_msgs) by extensions ['colcon_pkg']
[0.166s] Level 1:colcon.colcon_core.package_identification:_identify(src/msgs/autoware_auto_msgs) by extension 'colcon_pkg'
[0.166s] Level 1:colcon.colcon_core.package_identification:_identify(src/msgs/autoware_auto_msgs) by extensions ['colcon_meta']
[0.166s] Level 1:colcon.colcon_core.package_identification:_identify(src/msgs/autoware_auto_msgs) by extension 'colcon_meta'
[0.166s] Level 1:colcon.colcon_core.package_identification:_identify(src/msgs/autoware_auto_msgs) by extensions ['ros']
[0.166s] Level 1:colcon.colcon_core.package_identification:_identify(src/msgs/autoware_auto_msgs) by extension 'ros'
[0.167s] DEBUG:colcon.colcon_core.package_identification:Package 'src/msgs/autoware_auto_msgs' with type 'ros.ament_cmake' and name 'autoware_auto_msgs'
[0.167s] Level 1:colcon.colcon_core.package_identification:_identify(src/msgs/tracked_lane_msgs) by extensions ['ignore', 'ignore_ament_install']
[0.167s] Level 1:colcon.colcon_core.package_identification:_identify(src/msgs/tracked_lane_msgs) by extension 'ignore'
[0.167s] Level 1:colcon.colcon_core.package_identification:_identify(src/msgs/tracked_lane_msgs) by extension 'ignore_ament_install'
[0.167s] Level 1:colcon.colcon_core.package_identification:_identify(src/msgs/tracked_lane_msgs) by extensions ['colcon_pkg']
[0.167s] Level 1:colcon.colcon_core.package_identification:_identify(src/msgs/tracked_lane_msgs) by extension 'colcon_pkg'
[0.167s] Level 1:colcon.colcon_core.package_identification:_identify(src/msgs/tracked_lane_msgs) by extensions ['colcon_meta']
[0.167s] Level 1:colcon.colcon_core.package_identification:_identify(src/msgs/tracked_lane_msgs) by extension 'colcon_meta'
[0.167s] Level 1:colcon.colcon_core.package_identification:_identify(src/msgs/tracked_lane_msgs) by extensions ['ros']
[0.167s] Level 1:colcon.colcon_core.package_identification:_identify(src/msgs/tracked_lane_msgs) by extension 'ros'
[0.168s] DEBUG:colcon.colcon_core.package_identification:Package 'src/msgs/tracked_lane_msgs' with type 'ros.ament_cmake' and name 'tracked_lane_msgs'
[0.168s] Level 1:colcon.colcon_core.package_identification:_identify(src/msgs/tracked_object_msgs) by extensions ['ignore', 'ignore_ament_install']
[0.168s] Level 1:colcon.colcon_core.package_identification:_identify(src/msgs/tracked_object_msgs) by extension 'ignore'
[0.168s] Level 1:colcon.colcon_core.package_identification:_identify(src/msgs/tracked_object_msgs) by extension 'ignore_ament_install'
[0.168s] Level 1:colcon.colcon_core.package_identification:_identify(src/msgs/tracked_object_msgs) by extensions ['colcon_pkg']
[0.168s] Level 1:colcon.colcon_core.package_identification:_identify(src/msgs/tracked_object_msgs) by extension 'colcon_pkg'
[0.168s] Level 1:colcon.colcon_core.package_identification:_identify(src/msgs/tracked_object_msgs) by extensions ['colcon_meta']
[0.168s] Level 1:colcon.colcon_core.package_identification:_identify(src/msgs/tracked_object_msgs) by extension 'colcon_meta'
[0.168s] Level 1:colcon.colcon_core.package_identification:_identify(src/msgs/tracked_object_msgs) by extensions ['ros']
[0.168s] Level 1:colcon.colcon_core.package_identification:_identify(src/msgs/tracked_object_msgs) by extension 'ros'
[0.173s] DEBUG:colcon.colcon_core.package_identification:Package 'src/msgs/tracked_object_msgs' with type 'ros.ament_cmake' and name 'tracked_object_msgs'
[0.173s] Level 1:colcon.colcon_core.package_identification:_identify(src/python3) by extensions ['ignore', 'ignore_ament_install']
[0.173s] Level 1:colcon.colcon_core.package_identification:_identify(src/python3) by extension 'ignore'
[0.173s] Level 1:colcon.colcon_core.package_identification:_identify(src/python3) by extension 'ignore_ament_install'
[0.173s] Level 1:colcon.colcon_core.package_identification:_identify(src/python3) by extensions ['colcon_pkg']
[0.173s] Level 1:colcon.colcon_core.package_identification:_identify(src/python3) by extension 'colcon_pkg'
[0.173s] Level 1:colcon.colcon_core.package_identification:_identify(src/python3) by extensions ['colcon_meta']
[0.173s] Level 1:colcon.colcon_core.package_identification:_identify(src/python3) by extension 'colcon_meta'
[0.173s] Level 1:colcon.colcon_core.package_identification:_identify(src/python3) by extensions ['ros']
[0.173s] Level 1:colcon.colcon_core.package_identification:_identify(src/python3) by extension 'ros'
[0.173s] Level 1:colcon.colcon_core.package_identification:_identify(src/python3) by extensions ['cmake', 'python']
[0.173s] Level 1:colcon.colcon_core.package_identification:_identify(src/python3) by extension 'cmake'
[0.173s] Level 1:colcon.colcon_core.package_identification:_identify(src/python3) by extension 'python'
[0.173s] Level 1:colcon.colcon_core.package_identification:_identify(src/python3) by extensions ['python_setup_py']
[0.173s] Level 1:colcon.colcon_core.package_identification:_identify(src/python3) by extension 'python_setup_py'
[0.173s] Level 1:colcon.colcon_core.package_identification:_identify(src/python_publisher) by extensions ['ignore', 'ignore_ament_install']
[0.173s] Level 1:colcon.colcon_core.package_identification:_identify(src/python_publisher) by extension 'ignore'
[0.174s] Level 1:colcon.colcon_core.package_identification:_identify(src/python_publisher) by extension 'ignore_ament_install'
[0.174s] Level 1:colcon.colcon_core.package_identification:_identify(src/python_publisher) by extensions ['colcon_pkg']
[0.174s] Level 1:colcon.colcon_core.package_identification:_identify(src/python_publisher) by extension 'colcon_pkg'
[0.174s] Level 1:colcon.colcon_core.package_identification:_identify(src/python_publisher) by extensions ['colcon_meta']
[0.174s] Level 1:colcon.colcon_core.package_identification:_identify(src/python_publisher) by extension 'colcon_meta'
[0.174s] Level 1:colcon.colcon_core.package_identification:_identify(src/python_publisher) by extensions ['ros']
[0.174s] Level 1:colcon.colcon_core.package_identification:_identify(src/python_publisher) by extension 'ros'
[0.174s] DEBUG:colcon.colcon_core.package_identification:Package 'src/python_publisher' with type 'ros.ament_python' and name 'python_publisher'
[0.174s] Level 1:colcon.colcon_core.package_discovery:discover_packages(recursive) using defaults
[0.174s] Level 1:colcon.colcon_core.package_discovery:discover_packages(ignore) discover
[0.174s] Level 1:colcon.colcon_core.package_discovery:discover_packages(ignore) using defaults
[0.174s] Level 1:colcon.colcon_core.package_discovery:discover_packages(path) discover
[0.174s] Level 1:colcon.colcon_core.package_discovery:discover_packages(path) using defaults
[0.200s] Level 1:colcon.colcon_core.package_discovery:discover_packages(prefix_path) check parameters
[0.200s] Level 1:colcon.colcon_core.package_discovery:discover_packages(prefix_path) discover
[0.203s] DEBUG:colcon.colcon_installed_package_information.package_discovery:Found 6 installed packages in /home/kcg/Autonomous_kcg/ROS2Sample/install
[0.204s] DEBUG:colcon.colcon_installed_package_information.package_discovery:Found 256 installed packages in /opt/ros/foxy
[0.205s] Level 1:colcon.colcon_core.package_discovery:discover_packages(prefix_path) using defaults
[0.266s] Level 5:colcon.colcon_core.verb:set package 'additional_msgs' build argument 'cmake_args' from command line to 'None'
[0.266s] Level 5:colcon.colcon_core.verb:set package 'additional_msgs' build argument 'cmake_target' from command line to 'None'
[0.266s] Level 5:colcon.colcon_core.verb:set package 'additional_msgs' build argument 'cmake_target_skip_unavailable' from command line to 'False'
[0.266s] Level 5:colcon.colcon_core.verb:set package 'additional_msgs' build argument 'cmake_clean_cache' from command line to 'False'
[0.266s] Level 5:colcon.colcon_core.verb:set package 'additional_msgs' build argument 'cmake_clean_first' from command line to 'False'
[0.266s] Level 5:colcon.colcon_core.verb:set package 'additional_msgs' build argument 'cmake_force_configure' from command line to 'False'
[0.266s] Level 5:colcon.colcon_core.verb:set package 'additional_msgs' build argument 'ament_cmake_args' from command line to 'None'
[0.266s] Level 5:colcon.colcon_core.verb:set package 'additional_msgs' build argument 'catkin_cmake_args' from command line to 'None'
[0.267s] Level 5:colcon.colcon_core.verb:set package 'additional_msgs' build argument 'catkin_skip_building_tests' from command line to 'False'
[0.267s] DEBUG:colcon.colcon_core.verb:Building package 'additional_msgs' with the following arguments: {'ament_cmake_args': None, 'build_base': '/home/kcg/Autonomous_kcg/ROS2Sample/build/additional_msgs', 'catkin_cmake_args': None, 'catkin_skip_building_tests': False, 'cmake_args': None, 'cmake_clean_cache': False, 'cmake_clean_first': False, 'cmake_force_configure': False, 'cmake_target': None, 'cmake_target_skip_unavailable': False, 'install_base': '/home/kcg/Autonomous_kcg/ROS2Sample/install/additional_msgs', 'merge_install': False, 'path': '/home/kcg/Autonomous_kcg/ROS2Sample/src/msgs/additional_msgs', 'symlink_install': False, 'test_result_base': None}
[0.267s] Level 5:colcon.colcon_core.verb:set package 'autoware_auto_msgs' build argument 'cmake_args' from command line to 'None'
[0.267s] Level 5:colcon.colcon_core.verb:set package 'autoware_auto_msgs' build argument 'cmake_target' from command line to 'None'
[0.267s] Level 5:colcon.colcon_core.verb:set package 'autoware_auto_msgs' build argument 'cmake_target_skip_unavailable' from command line to 'False'
[0.267s] Level 5:colcon.colcon_core.verb:set package 'autoware_auto_msgs' build argument 'cmake_clean_cache' from command line to 'False'
[0.267s] Level 5:colcon.colcon_core.verb:set package 'autoware_auto_msgs' build argument 'cmake_clean_first' from command line to 'False'
[0.268s] Level 5:colcon.colcon_core.verb:set package 'autoware_auto_msgs' build argument 'cmake_force_configure' from command line to 'False'
[0.268s] Level 5:colcon.colcon_core.verb:set package 'autoware_auto_msgs' build argument 'ament_cmake_args' from command line to 'None'
[0.268s] Level 5:colcon.colcon_core.verb:set package 'autoware_auto_msgs' build argument 'catkin_cmake_args' from command line to 'None'
[0.268s] Level 5:colcon.colcon_core.verb:set package 'autoware_auto_msgs' build argument 'catkin_skip_building_tests' from command line to 'False'
[0.268s] DEBUG:colcon.colcon_core.verb:Building package 'autoware_auto_msgs' with the following arguments: {'ament_cmake_args': None, 'build_base': '/home/kcg/Autonomous_kcg/ROS2Sample/build/autoware_auto_msgs', 'catkin_cmake_args': None, 'catkin_skip_building_tests': False, 'cmake_args': None, 'cmake_clean_cache': False, 'cmake_clean_first': False, 'cmake_force_configure': False, 'cmake_target': None, 'cmake_target_skip_unavailable': False, 'install_base': '/home/kcg/Autonomous_kcg/ROS2Sample/install/autoware_auto_msgs', 'merge_install': False, 'path': '/home/kcg/Autonomous_kcg/ROS2Sample/src/msgs/autoware_auto_msgs', 'symlink_install': False, 'test_result_base': None}
[0.268s] Level 5:colcon.colcon_core.verb:set package 'cognata_sdk_ros2' build argument 'cmake_args' from command line to 'None'
[0.268s] Level 5:colcon.colcon_core.verb:set package 'cognata_sdk_ros2' build argument 'cmake_target' from command line to 'None'
[0.269s] Level 5:colcon.colcon_core.verb:set package 'cognata_sdk_ros2' build argument 'cmake_target_skip_unavailable' from command line to 'False'
[0.269s] Level 5:colcon.colcon_core.verb:set package 'cognata_sdk_ros2' build argument 'cmake_clean_cache' from command line to 'False'
[0.269s] Level 5:colcon.colcon_core.verb:set package 'cognata_sdk_ros2' build argument 'cmake_clean_first' from command line to 'False'
[0.269s] Level 5:colcon.colcon_core.verb:set package 'cognata_sdk_ros2' build argument 'cmake_force_configure' from command line to 'False'
[0.269s] Level 5:colcon.colcon_core.verb:set package 'cognata_sdk_ros2' build argument 'ament_cmake_args' from command line to 'None'
[0.269s] Level 5:colcon.colcon_core.verb:set package 'cognata_sdk_ros2' build argument 'catkin_cmake_args' from command line to 'None'
[0.269s] Level 5:colcon.colcon_core.verb:set package 'cognata_sdk_ros2' build argument 'catkin_skip_building_tests' from command line to 'False'
[0.269s] DEBUG:colcon.colcon_core.verb:Building package 'cognata_sdk_ros2' with the following arguments: {'ament_cmake_args': None, 'build_base': '/home/kcg/Autonomous_kcg/ROS2Sample/build/cognata_sdk_ros2', 'catkin_cmake_args': None, 'catkin_skip_building_tests': False, 'cmake_args': None, 'cmake_clean_cache': False, 'cmake_clean_first': False, 'cmake_force_configure': False, 'cmake_target': None, 'cmake_target_skip_unavailable': False, 'install_base': '/home/kcg/Autonomous_kcg/ROS2Sample/install/cognata_sdk_ros2', 'merge_install': False, 'path': '/home/kcg/Autonomous_kcg/ROS2Sample/src/cognata_sdk_ros2', 'symlink_install': False, 'test_result_base': None}
[0.269s] Level 5:colcon.colcon_core.verb:set package 'tracked_lane_msgs' build argument 'cmake_args' from command line to 'None'
[0.270s] Level 5:colcon.colcon_core.verb:set package 'tracked_lane_msgs' build argument 'cmake_target' from command line to 'None'
[0.270s] Level 5:colcon.colcon_core.verb:set package 'tracked_lane_msgs' build argument 'cmake_target_skip_unavailable' from command line to 'False'
[0.270s] Level 5:colcon.colcon_core.verb:set package 'tracked_lane_msgs' build argument 'cmake_clean_cache' from command line to 'False'
[0.270s] Level 5:colcon.colcon_core.verb:set package 'tracked_lane_msgs' build argument 'cmake_clean_first' from command line to 'False'
[0.270s] Level 5:colcon.colcon_core.verb:set package 'tracked_lane_msgs' build argument 'cmake_force_configure' from command line to 'False'
[0.270s] Level 5:colcon.colcon_core.verb:set package 'tracked_lane_msgs' build argument 'ament_cmake_args' from command line to 'None'
[0.270s] Level 5:colcon.colcon_core.verb:set package 'tracked_lane_msgs' build argument 'catkin_cmake_args' from command line to 'None'
[0.270s] Level 5:colcon.colcon_core.verb:set package 'tracked_lane_msgs' build argument 'catkin_skip_building_tests' from command line to 'False'
[0.270s] DEBUG:colcon.colcon_core.verb:Building package 'tracked_lane_msgs' with the following arguments: {'ament_cmake_args': None, 'build_base': '/home/kcg/Autonomous_kcg/ROS2Sample/build/tracked_lane_msgs', 'catkin_cmake_args': None, 'catkin_skip_building_tests': False, 'cmake_args': None, 'cmake_clean_cache': False, 'cmake_clean_first': False, 'cmake_force_configure': False, 'cmake_target': None, 'cmake_target_skip_unavailable': False, 'install_base': '/home/kcg/Autonomous_kcg/ROS2Sample/install/tracked_lane_msgs', 'merge_install': False, 'path': '/home/kcg/Autonomous_kcg/ROS2Sample/src/msgs/tracked_lane_msgs', 'symlink_install': False, 'test_result_base': None}
[0.271s] Level 5:colcon.colcon_core.verb:set package 'tracked_object_msgs' build argument 'cmake_args' from command line to 'None'
[0.271s] Level 5:colcon.colcon_core.verb:set package 'tracked_object_msgs' build argument 'cmake_target' from command line to 'None'
[0.271s] Level 5:colcon.colcon_core.verb:set package 'tracked_object_msgs' build argument 'cmake_target_skip_unavailable' from command line to 'False'
[0.271s] Level 5:colcon.colcon_core.verb:set package 'tracked_object_msgs' build argument 'cmake_clean_cache' from command line to 'False'
[0.271s] Level 5:colcon.colcon_core.verb:set package 'tracked_object_msgs' build argument 'cmake_clean_first' from command line to 'False'
[0.271s] Level 5:colcon.colcon_core.verb:set package 'tracked_object_msgs' build argument 'cmake_force_configure' from command line to 'False'
[0.271s] Level 5:colcon.colcon_core.verb:set package 'tracked_object_msgs' build argument 'ament_cmake_args' from command line to 'None'
[0.271s] Level 5:colcon.colcon_core.verb:set package 'tracked_object_msgs' build argument 'catkin_cmake_args' from command line to 'None'
[0.271s] Level 5:colcon.colcon_core.verb:set package 'tracked_object_msgs' build argument 'catkin_skip_building_tests' from command line to 'False'
[0.271s] DEBUG:colcon.colcon_core.verb:Building package 'tracked_object_msgs' with the following arguments: {'ament_cmake_args': None, 'build_base': '/home/kcg/Autonomous_kcg/ROS2Sample/build/tracked_object_msgs', 'catkin_cmake_args': None, 'catkin_skip_building_tests': False, 'cmake_args': None, 'cmake_clean_cache': False, 'cmake_clean_first': False, 'cmake_force_configure': False, 'cmake_target': None, 'cmake_target_skip_unavailable': False, 'install_base': '/home/kcg/Autonomous_kcg/ROS2Sample/install/tracked_object_msgs', 'merge_install': False, 'path': '/home/kcg/Autonomous_kcg/ROS2Sample/src/msgs/tracked_object_msgs', 'symlink_install': False, 'test_result_base': None}
[0.272s] Level 5:colcon.colcon_core.verb:set package 'python_publisher' build argument 'cmake_args' from command line to 'None'
[0.272s] Level 5:colcon.colcon_core.verb:set package 'python_publisher' build argument 'cmake_target' from command line to 'None'
[0.272s] Level 5:colcon.colcon_core.verb:set package 'python_publisher' build argument 'cmake_target_skip_unavailable' from command line to 'False'
[0.272s] Level 5:colcon.colcon_core.verb:set package 'python_publisher' build argument 'cmake_clean_cache' from command line to 'False'
[0.272s] Level 5:colcon.colcon_core.verb:set package 'python_publisher' build argument 'cmake_clean_first' from command line to 'False'
[0.272s] Level 5:colcon.colcon_core.verb:set package 'python_publisher' build argument 'cmake_force_configure' from command line to 'False'
[0.272s] Level 5:colcon.colcon_core.verb:set package 'python_publisher' build argument 'ament_cmake_args' from command line to 'None'
[0.272s] Level 5:colcon.colcon_core.verb:set package 'python_publisher' build argument 'catkin_cmake_args' from command line to 'None'
[0.272s] Level 5:colcon.colcon_core.verb:set package 'python_publisher' build argument 'catkin_skip_building_tests' from command line to 'False'
[0.272s] DEBUG:colcon.colcon_core.verb:Building package 'python_publisher' with the following arguments: {'ament_cmake_args': None, 'build_base': '/home/kcg/Autonomous_kcg/ROS2Sample/build/python_publisher', 'catkin_cmake_args': None, 'catkin_skip_building_tests': False, 'cmake_args': None, 'cmake_clean_cache': False, 'cmake_clean_first': False, 'cmake_force_configure': False, 'cmake_target': None, 'cmake_target_skip_unavailable': False, 'install_base': '/home/kcg/Autonomous_kcg/ROS2Sample/install/python_publisher', 'merge_install': False, 'path': '/home/kcg/Autonomous_kcg/ROS2Sample/src/python_publisher', 'symlink_install': False, 'test_result_base': None}
[0.272s] INFO:colcon.colcon_core.executor:Executing jobs using 'parallel' executor
[0.276s] DEBUG:colcon.colcon_parallel_executor.executor.parallel:run_until_complete
[0.276s] INFO:colcon.colcon_ros.task.ament_cmake.build:Building ROS package in '/home/kcg/Autonomous_kcg/ROS2Sample/src/cognata_sdk_ros2' with build type 'ament_cmake'
[0.276s] INFO:colcon.colcon_cmake.task.cmake.build:Building CMake package in '/home/kcg/Autonomous_kcg/ROS2Sample/src/cognata_sdk_ros2'
[0.280s] INFO:colcon.colcon_core.plugin_system:Skipping extension 'colcon_core.shell.bat': Not used on non-Windows systems
[0.280s] INFO:colcon.colcon_core.shell:Skip shell extension 'powershell' for command environment: Not usable outside of PowerShell
[0.280s] DEBUG:colcon.colcon_core.shell:Skip shell extension 'dsv' for command environment
[0.286s] INFO:colcon.colcon_ros.task.ament_cmake.build:Building ROS package in '/home/kcg/Autonomous_kcg/ROS2Sample/src/msgs/tracked_lane_msgs' with build type 'ament_cmake'
[0.286s] INFO:colcon.colcon_cmake.task.cmake.build:Building CMake package in '/home/kcg/Autonomous_kcg/ROS2Sample/src/msgs/tracked_lane_msgs'
[0.288s] INFO:colcon.colcon_core.shell:Skip shell extension 'powershell' for command environment: Not usable outside of PowerShell
[0.288s] DEBUG:colcon.colcon_core.shell:Skip shell extension 'dsv' for command environment
[0.295s] INFO:colcon.colcon_ros.task.ament_cmake.build:Building ROS package in '/home/kcg/Autonomous_kcg/ROS2Sample/src/msgs/tracked_object_msgs' with build type 'ament_cmake'
[0.295s] INFO:colcon.colcon_cmake.task.cmake.build:Building CMake package in '/home/kcg/Autonomous_kcg/ROS2Sample/src/msgs/tracked_object_msgs'
[0.297s] INFO:colcon.colcon_core.shell:Skip shell extension 'powershell' for command environment: Not usable outside of PowerShell
[0.297s] DEBUG:colcon.colcon_core.shell:Skip shell extension 'dsv' for command environment
[0.303s] INFO:colcon.colcon_ros.task.ament_cmake.build:Building ROS package in '/home/kcg/Autonomous_kcg/ROS2Sample/src/msgs/additional_msgs' with build type 'ament_cmake'
[0.304s] INFO:colcon.colcon_cmake.task.cmake.build:Building CMake package in '/home/kcg/Autonomous_kcg/ROS2Sample/src/msgs/additional_msgs'
[0.306s] INFO:colcon.colcon_core.shell:Skip shell extension 'powershell' for command environment: Not usable outside of PowerShell
[0.306s] DEBUG:colcon.colcon_core.shell:Skip shell extension 'dsv' for command environment
[0.313s] INFO:colcon.colcon_ros.task.ament_cmake.build:Building ROS package in '/home/kcg/Autonomous_kcg/ROS2Sample/src/msgs/autoware_auto_msgs' with build type 'ament_cmake'
[0.313s] INFO:colcon.colcon_cmake.task.cmake.build:Building CMake package in '/home/kcg/Autonomous_kcg/ROS2Sample/src/msgs/autoware_auto_msgs'
[0.316s] INFO:colcon.colcon_core.shell:Skip shell extension 'powershell' for command environment: Not usable outside of PowerShell
[0.316s] DEBUG:colcon.colcon_core.shell:Skip shell extension 'dsv' for command environment
[0.329s] DEBUG:colcon.colcon_core.event_handler.log_command:Invoking command in '/home/kcg/Autonomous_kcg/ROS2Sample/build/cognata_sdk_ros2': CMAKE_PREFIX_PATH=${CMAKE_PREFIX_PATH}:/home/kcg/Autonomous_kcg/ROS2Sample/install/python_publisher:/opt/ros/foxy /usr/bin/cmake --build /home/kcg/Autonomous_kcg/ROS2Sample/build/cognata_sdk_ros2 -- -j8 -l8
[0.338s] DEBUG:colcon.colcon_core.event_handler.log_command:Invoking command in '/home/kcg/Autonomous_kcg/ROS2Sample/build/tracked_lane_msgs': CMAKE_PREFIX_PATH=${CMAKE_PREFIX_PATH}:/home/kcg/Autonomous_kcg/ROS2Sample/install/python_publisher:/opt/ros/foxy /usr/bin/cmake --build /home/kcg/Autonomous_kcg/ROS2Sample/build/tracked_lane_msgs -- -j8 -l8
[0.347s] DEBUG:colcon.colcon_core.event_handler.log_command:Invoking command in '/home/kcg/Autonomous_kcg/ROS2Sample/build/tracked_object_msgs': CMAKE_PREFIX_PATH=${CMAKE_PREFIX_PATH}:/home/kcg/Autonomous_kcg/ROS2Sample/install/python_publisher:/opt/ros/foxy /usr/bin/cmake --build /home/kcg/Autonomous_kcg/ROS2Sample/build/tracked_object_msgs -- -j8 -l8
[0.352s] DEBUG:colcon.colcon_core.event_handler.log_command:Invoking command in '/home/kcg/Autonomous_kcg/ROS2Sample/build/additional_msgs': CMAKE_PREFIX_PATH=${CMAKE_PREFIX_PATH}:/home/kcg/Autonomous_kcg/ROS2Sample/install/python_publisher:/opt/ros/foxy /usr/bin/cmake --build /home/kcg/Autonomous_kcg/ROS2Sample/build/additional_msgs -- -j8 -l8
[0.363s] DEBUG:colcon.colcon_core.event_handler.log_command:Invoking command in '/home/kcg/Autonomous_kcg/ROS2Sample/build/autoware_auto_msgs': CMAKE_PREFIX_PATH=${CMAKE_PREFIX_PATH}:/home/kcg/Autonomous_kcg/ROS2Sample/install/python_publisher:/opt/ros/foxy /usr/bin/cmake --build /home/kcg/Autonomous_kcg/ROS2Sample/build/autoware_auto_msgs -- -j8 -l8
[0.793s] DEBUG:colcon.colcon_core.event_handler.log_command:Invoked command in '/home/kcg/Autonomous_kcg/ROS2Sample/build/additional_msgs' returned '0': CMAKE_PREFIX_PATH=${CMAKE_PREFIX_PATH}:/home/kcg/Autonomous_kcg/ROS2Sample/install/python_publisher:/opt/ros/foxy /usr/bin/cmake --build /home/kcg/Autonomous_kcg/ROS2Sample/build/additional_msgs -- -j8 -l8
[0.809s] DEBUG:colcon.colcon_core.event_handler.log_command:Invoked command in '/home/kcg/Autonomous_kcg/ROS2Sample/build/tracked_lane_msgs' returned '0': CMAKE_PREFIX_PATH=${CMAKE_PREFIX_PATH}:/home/kcg/Autonomous_kcg/ROS2Sample/install/python_publisher:/opt/ros/foxy /usr/bin/cmake --build /home/kcg/Autonomous_kcg/ROS2Sample/build/tracked_lane_msgs -- -j8 -l8
[0.824s] DEBUG:colcon.colcon_core.event_handler.log_command:Invoked command in '/home/kcg/Autonomous_kcg/ROS2Sample/build/autoware_auto_msgs' returned '0': CMAKE_PREFIX_PATH=${CMAKE_PREFIX_PATH}:/home/kcg/Autonomous_kcg/ROS2Sample/install/python_publisher:/opt/ros/foxy /usr/bin/cmake --build /home/kcg/Autonomous_kcg/ROS2Sample/build/autoware_auto_msgs -- -j8 -l8
[0.829s] DEBUG:colcon.colcon_core.event_handler.log_command:Invoked command in '/home/kcg/Autonomous_kcg/ROS2Sample/build/cognata_sdk_ros2' returned '0': CMAKE_PREFIX_PATH=${CMAKE_PREFIX_PATH}:/home/kcg/Autonomous_kcg/ROS2Sample/install/python_publisher:/opt/ros/foxy /usr/bin/cmake --build /home/kcg/Autonomous_kcg/ROS2Sample/build/cognata_sdk_ros2 -- -j8 -l8
[0.836s] DEBUG:colcon.colcon_core.event_handler.log_command:Invoked command in '/home/kcg/Autonomous_kcg/ROS2Sample/build/tracked_object_msgs' returned '0': CMAKE_PREFIX_PATH=${CMAKE_PREFIX_PATH}:/home/kcg/Autonomous_kcg/ROS2Sample/install/python_publisher:/opt/ros/foxy /usr/bin/cmake --build /home/kcg/Autonomous_kcg/ROS2Sample/build/tracked_object_msgs -- -j8 -l8
[0.883s] DEBUG:colcon.colcon_core.event_handler.log_command:Invoking command in '/home/kcg/Autonomous_kcg/ROS2Sample/build/additional_msgs': CMAKE_PREFIX_PATH=${CMAKE_PREFIX_PATH}:/home/kcg/Autonomous_kcg/ROS2Sample/install/python_publisher:/opt/ros/foxy /usr/bin/cmake --install /home/kcg/Autonomous_kcg/ROS2Sample/build/additional_msgs
[0.897s] DEBUG:colcon.colcon_core.event_handler.log_command:Invoking command in '/home/kcg/Autonomous_kcg/ROS2Sample/build/autoware_auto_msgs': CMAKE_PREFIX_PATH=${CMAKE_PREFIX_PATH}:/home/kcg/Autonomous_kcg/ROS2Sample/install/python_publisher:/opt/ros/foxy /usr/bin/cmake --install /home/kcg/Autonomous_kcg/ROS2Sample/build/autoware_auto_msgs
[0.942s] DEBUG:colcon.colcon_core.event_handler.log_command:Invoking command in '/home/kcg/Autonomous_kcg/ROS2Sample/build/tracked_lane_msgs': CMAKE_PREFIX_PATH=${CMAKE_PREFIX_PATH}:/home/kcg/Autonomous_kcg/ROS2Sample/install/python_publisher:/opt/ros/foxy /usr/bin/cmake --install /home/kcg/Autonomous_kcg/ROS2Sample/build/tracked_lane_msgs
[0.952s] DEBUG:colcon.colcon_core.event_handler.log_command:Invoking command in '/home/kcg/Autonomous_kcg/ROS2Sample/build/tracked_object_msgs': CMAKE_PREFIX_PATH=${CMAKE_PREFIX_PATH}:/home/kcg/Autonomous_kcg/ROS2Sample/install/python_publisher:/opt/ros/foxy /usr/bin/cmake --install /home/kcg/Autonomous_kcg/ROS2Sample/build/tracked_object_msgs
[0.970s] Level 1:colcon.colcon_core.environment:create_environment_scripts_only(additional_msgs)
[0.987s] Level 1:colcon.colcon_core.environment:checking '/home/kcg/Autonomous_kcg/ROS2Sample/install/additional_msgs' for CMake module files
[0.990s] Level 1:colcon.colcon_core.environment:checking '/home/kcg/Autonomous_kcg/ROS2Sample/install/additional_msgs' for CMake config files
[0.995s] Level 1:colcon.colcon_core.shell:create_environment_hook('additional_msgs', 'cmake_prefix_path')
[0.998s] INFO:colcon.colcon_core.shell:Creating environment hook '/home/kcg/Autonomous_kcg/ROS2Sample/install/additional_msgs/share/additional_msgs/hook/cmake_prefix_path.ps1'
[0.999s] INFO:colcon.colcon_core.shell:Creating environment descriptor '/home/kcg/Autonomous_kcg/ROS2Sample/install/additional_msgs/share/additional_msgs/hook/cmake_prefix_path.dsv'
[1.000s] INFO:colcon.colcon_core.shell:Creating environment hook '/home/kcg/Autonomous_kcg/ROS2Sample/install/additional_msgs/share/additional_msgs/hook/cmake_prefix_path.sh'
[1.002s] Level 1:colcon.colcon_core.environment:checking '/home/kcg/Autonomous_kcg/ROS2Sample/install/additional_msgs/lib'
[1.002s] Level 1:colcon.colcon_core.shell:create_environment_hook('additional_msgs', 'ld_library_path_lib')
[1.005s] INFO:colcon.colcon_core.shell:Creating environment hook '/home/kcg/Autonomous_kcg/ROS2Sample/install/additional_msgs/share/additional_msgs/hook/ld_library_path_lib.ps1'
[1.006s] INFO:colcon.colcon_core.shell:Creating environment descriptor '/home/kcg/Autonomous_kcg/ROS2Sample/install/additional_msgs/share/additional_msgs/hook/ld_library_path_lib.dsv'
[1.007s] INFO:colcon.colcon_core.shell:Creating environment hook '/home/kcg/Autonomous_kcg/ROS2Sample/install/additional_msgs/share/additional_msgs/hook/ld_library_path_lib.sh'
[1.008s] Level 1:colcon.colcon_core.environment:checking '/home/kcg/Autonomous_kcg/ROS2Sample/install/additional_msgs/bin'
[1.008s] Level 1:colcon.colcon_core.environment:checking '/home/kcg/Autonomous_kcg/ROS2Sample/install/additional_msgs/lib/pkgconfig/additional_msgs.pc'
[1.008s] Level 1:colcon.colcon_core.environment:checking '/home/kcg/Autonomous_kcg/ROS2Sample/install/additional_msgs/lib/python3.8/site-packages'
[1.008s] Level 1:colcon.colcon_core.shell:create_environment_hook('additional_msgs', 'pythonpath')
[1.010s] INFO:colcon.colcon_core.shell:Creating environment hook '/home/kcg/Autonomous_kcg/ROS2Sample/install/additional_msgs/share/additional_msgs/hook/pythonpath.ps1'
[1.012s] INFO:colcon.colcon_core.shell:Creating environment descriptor '/home/kcg/Autonomous_kcg/ROS2Sample/install/additional_msgs/share/additional_msgs/hook/pythonpath.dsv'
[1.013s] INFO:colcon.colcon_core.shell:Creating environment hook '/home/kcg/Autonomous_kcg/ROS2Sample/install/additional_msgs/share/additional_msgs/hook/pythonpath.sh'
[1.014s] Level 1:colcon.colcon_core.environment:checking '/home/kcg/Autonomous_kcg/ROS2Sample/install/additional_msgs/bin'
[1.017s] INFO:colcon.colcon_core.shell:Creating package script '/home/kcg/Autonomous_kcg/ROS2Sample/install/additional_msgs/share/additional_msgs/package.ps1'
[1.019s] DEBUG:colcon.colcon_core.event_handler.log_command:Invoked command in '/home/kcg/Autonomous_kcg/ROS2Sample/build/additional_msgs' returned '0': CMAKE_PREFIX_PATH=${CMAKE_PREFIX_PATH}:/home/kcg/Autonomous_kcg/ROS2Sample/install/python_publisher:/opt/ros/foxy /usr/bin/cmake --install /home/kcg/Autonomous_kcg/ROS2Sample/build/additional_msgs
[1.019s] INFO:colcon.colcon_core.shell:Creating package descriptor '/home/kcg/Autonomous_kcg/ROS2Sample/install/additional_msgs/share/additional_msgs/package.dsv'
[1.021s] INFO:colcon.colcon_core.shell:Creating package script '/home/kcg/Autonomous_kcg/ROS2Sample/install/additional_msgs/share/additional_msgs/package.sh'
[1.023s] INFO:colcon.colcon_core.shell:Creating package script '/home/kcg/Autonomous_kcg/ROS2Sample/install/additional_msgs/share/additional_msgs/package.bash'
[1.025s] INFO:colcon.colcon_core.shell:Creating package script '/home/kcg/Autonomous_kcg/ROS2Sample/install/additional_msgs/share/additional_msgs/package.zsh'
[1.027s] Level 1:colcon.colcon_core.environment:create_file_with_runtime_dependencies(/home/kcg/Autonomous_kcg/ROS2Sample/install/additional_msgs/share/colcon-core/packages/additional_msgs)
[1.034s] Level 1:colcon.colcon_core.environment:create_environment_scripts_only(autoware_auto_msgs)
[1.036s] Level 1:colcon.colcon_core.environment:checking '/home/kcg/Autonomous_kcg/ROS2Sample/install/autoware_auto_msgs' for CMake module files
[1.039s] Level 1:colcon.colcon_core.environment:checking '/home/kcg/Autonomous_kcg/ROS2Sample/install/autoware_auto_msgs' for CMake config files
[1.043s] Level 1:colcon.colcon_core.shell:create_environment_hook('autoware_auto_msgs', 'cmake_prefix_path')
[1.046s] INFO:colcon.colcon_core.shell:Creating environment hook '/home/kcg/Autonomous_kcg/ROS2Sample/install/autoware_auto_msgs/share/autoware_auto_msgs/hook/cmake_prefix_path.ps1'
[1.047s] INFO:colcon.colcon_core.shell:Creating environment descriptor '/home/kcg/Autonomous_kcg/ROS2Sample/install/autoware_auto_msgs/share/autoware_auto_msgs/hook/cmake_prefix_path.dsv'
[1.048s] INFO:colcon.colcon_core.shell:Creating environment hook '/home/kcg/Autonomous_kcg/ROS2Sample/install/autoware_auto_msgs/share/autoware_auto_msgs/hook/cmake_prefix_path.sh'
[1.049s] Level 1:colcon.colcon_core.environment:checking '/home/kcg/Autonomous_kcg/ROS2Sample/install/autoware_auto_msgs/lib'
[1.050s] Level 1:colcon.colcon_core.shell:create_environment_hook('autoware_auto_msgs', 'ld_library_path_lib')
[1.052s] INFO:colcon.colcon_core.shell:Creating environment hook '/home/kcg/Autonomous_kcg/ROS2Sample/install/autoware_auto_msgs/share/autoware_auto_msgs/hook/ld_library_path_lib.ps1'
[1.053s] INFO:colcon.colcon_core.shell:Creating environment descriptor '/home/kcg/Autonomous_kcg/ROS2Sample/install/autoware_auto_msgs/share/autoware_auto_msgs/hook/ld_library_path_lib.dsv'
[1.054s] INFO:colcon.colcon_core.shell:Creating environment hook '/home/kcg/Autonomous_kcg/ROS2Sample/install/autoware_auto_msgs/share/autoware_auto_msgs/hook/ld_library_path_lib.sh'
[1.055s] Level 1:colcon.colcon_core.environment:checking '/home/kcg/Autonomous_kcg/ROS2Sample/install/autoware_auto_msgs/bin'
[1.055s] Level 1:colcon.colcon_core.environment:checking '/home/kcg/Autonomous_kcg/ROS2Sample/install/autoware_auto_msgs/lib/pkgconfig/autoware_auto_msgs.pc'
[1.055s] Level 1:colcon.colcon_core.environment:checking '/home/kcg/Autonomous_kcg/ROS2Sample/install/autoware_auto_msgs/lib/python3.8/site-packages'
[1.055s] Level 1:colcon.colcon_core.shell:create_environment_hook('autoware_auto_msgs', 'pythonpath')
[1.058s] INFO:colcon.colcon_core.shell:Creating environment hook '/home/kcg/Autonomous_kcg/ROS2Sample/install/autoware_auto_msgs/share/autoware_auto_msgs/hook/pythonpath.ps1'
[1.059s] INFO:colcon.colcon_core.shell:Creating environment descriptor '/home/kcg/Autonomous_kcg/ROS2Sample/install/autoware_auto_msgs/share/autoware_auto_msgs/hook/pythonpath.dsv'
[1.059s] INFO:colcon.colcon_core.shell:Creating environment hook '/home/kcg/Autonomous_kcg/ROS2Sample/install/autoware_auto_msgs/share/autoware_auto_msgs/hook/pythonpath.sh'
[1.060s] Level 1:colcon.colcon_core.environment:checking '/home/kcg/Autonomous_kcg/ROS2Sample/install/autoware_auto_msgs/bin'
[1.063s] INFO:colcon.colcon_core.shell:Creating package script '/home/kcg/Autonomous_kcg/ROS2Sample/install/autoware_auto_msgs/share/autoware_auto_msgs/package.ps1'
[1.065s] INFO:colcon.colcon_core.shell:Creating package descriptor '/home/kcg/Autonomous_kcg/ROS2Sample/install/autoware_auto_msgs/share/autoware_auto_msgs/package.dsv'
[1.066s] INFO:colcon.colcon_core.shell:Creating package script '/home/kcg/Autonomous_kcg/ROS2Sample/install/autoware_auto_msgs/share/autoware_auto_msgs/package.sh'
[1.067s] INFO:colcon.colcon_core.shell:Creating package script '/home/kcg/Autonomous_kcg/ROS2Sample/install/autoware_auto_msgs/share/autoware_auto_msgs/package.bash'
[1.067s] INFO:colcon.colcon_core.shell:Creating package script '/home/kcg/Autonomous_kcg/ROS2Sample/install/autoware_auto_msgs/share/autoware_auto_msgs/package.zsh'
[1.068s] Level 1:colcon.colcon_core.environment:create_file_with_runtime_dependencies(/home/kcg/Autonomous_kcg/ROS2Sample/install/autoware_auto_msgs/share/colcon-core/packages/autoware_auto_msgs)
[1.073s] Level 1:colcon.colcon_core.environment:create_environment_scripts_only(tracked_lane_msgs)
[1.076s] Level 1:colcon.colcon_core.environment:checking '/home/kcg/Autonomous_kcg/ROS2Sample/install/tracked_lane_msgs' for CMake module files
[1.079s] Level 1:colcon.colcon_core.environment:checking '/home/kcg/Autonomous_kcg/ROS2Sample/install/tracked_lane_msgs' for CMake config files
[1.085s] Level 1:colcon.colcon_core.shell:create_environment_hook('tracked_lane_msgs', 'cmake_prefix_path')
[1.088s] INFO:colcon.colcon_core.shell:Creating environment hook '/home/kcg/Autonomous_kcg/ROS2Sample/install/tracked_lane_msgs/share/tracked_lane_msgs/hook/cmake_prefix_path.ps1'
[1.089s] INFO:colcon.colcon_core.shell:Creating environment descriptor '/home/kcg/Autonomous_kcg/ROS2Sample/install/tracked_lane_msgs/share/tracked_lane_msgs/hook/cmake_prefix_path.dsv'
[1.090s] INFO:colcon.colcon_core.shell:Creating environment hook '/home/kcg/Autonomous_kcg/ROS2Sample/install/tracked_lane_msgs/share/tracked_lane_msgs/hook/cmake_prefix_path.sh'
[1.091s] Level 1:colcon.colcon_core.environment:checking '/home/kcg/Autonomous_kcg/ROS2Sample/install/tracked_lane_msgs/lib'
[1.091s] Level 1:colcon.colcon_core.shell:create_environment_hook('tracked_lane_msgs', 'ld_library_path_lib')
[1.094s] INFO:colcon.colcon_core.shell:Creating environment hook '/home/kcg/Autonomous_kcg/ROS2Sample/install/tracked_lane_msgs/share/tracked_lane_msgs/hook/ld_library_path_lib.ps1'
[1.095s] INFO:colcon.colcon_core.shell:Creating environment descriptor '/home/kcg/Autonomous_kcg/ROS2Sample/install/tracked_lane_msgs/share/tracked_lane_msgs/hook/ld_library_path_lib.dsv'
[1.096s] INFO:colcon.colcon_core.shell:Creating environment hook '/home/kcg/Autonomous_kcg/ROS2Sample/install/tracked_lane_msgs/share/tracked_lane_msgs/hook/ld_library_path_lib.sh'
[1.096s] DEBUG:colcon.colcon_core.event_handler.log_command:Invoked command in '/home/kcg/Autonomous_kcg/ROS2Sample/build/autoware_auto_msgs' returned '0': CMAKE_PREFIX_PATH=${CMAKE_PREFIX_PATH}:/home/kcg/Autonomous_kcg/ROS2Sample/install/python_publisher:/opt/ros/foxy /usr/bin/cmake --install /home/kcg/Autonomous_kcg/ROS2Sample/build/autoware_auto_msgs
[1.097s] DEBUG:colcon.colcon_core.event_handler.log_command:Invoked command in '/home/kcg/Autonomous_kcg/ROS2Sample/build/tracked_lane_msgs' returned '0': CMAKE_PREFIX_PATH=${CMAKE_PREFIX_PATH}:/home/kcg/Autonomous_kcg/ROS2Sample/install/python_publisher:/opt/ros/foxy /usr/bin/cmake --install /home/kcg/Autonomous_kcg/ROS2Sample/build/tracked_lane_msgs
[1.097s] Level 1:colcon.colcon_core.environment:checking '/home/kcg/Autonomous_kcg/ROS2Sample/install/tracked_lane_msgs/bin'
[1.097s] Level 1:colcon.colcon_core.environment:checking '/home/kcg/Autonomous_kcg/ROS2Sample/install/tracked_lane_msgs/lib/pkgconfig/tracked_lane_msgs.pc'
[1.098s] Level 1:colcon.colcon_core.environment:checking '/home/kcg/Autonomous_kcg/ROS2Sample/install/tracked_lane_msgs/lib/python3.8/site-packages'
[1.098s] Level 1:colcon.colcon_core.shell:create_environment_hook('tracked_lane_msgs', 'pythonpath')
[1.099s] INFO:colcon.colcon_core.shell:Creating environment hook '/home/kcg/Autonomous_kcg/ROS2Sample/install/tracked_lane_msgs/share/tracked_lane_msgs/hook/pythonpath.ps1'
[1.099s] INFO:colcon.colcon_core.shell:Creating environment descriptor '/home/kcg/Autonomous_kcg/ROS2Sample/install/tracked_lane_msgs/share/tracked_lane_msgs/hook/pythonpath.dsv'
[1.100s] INFO:colcon.colcon_core.shell:Creating environment hook '/home/kcg/Autonomous_kcg/ROS2Sample/install/tracked_lane_msgs/share/tracked_lane_msgs/hook/pythonpath.sh'
[1.100s] Level 1:colcon.colcon_core.environment:checking '/home/kcg/Autonomous_kcg/ROS2Sample/install/tracked_lane_msgs/bin'
[1.102s] INFO:colcon.colcon_core.shell:Creating package script '/home/kcg/Autonomous_kcg/ROS2Sample/install/tracked_lane_msgs/share/tracked_lane_msgs/package.ps1'
[1.103s] INFO:colcon.colcon_core.shell:Creating package descriptor '/home/kcg/Autonomous_kcg/ROS2Sample/install/tracked_lane_msgs/share/tracked_lane_msgs/package.dsv'
[1.103s] INFO:colcon.colcon_core.shell:Creating package script '/home/kcg/Autonomous_kcg/ROS2Sample/install/tracked_lane_msgs/share/tracked_lane_msgs/package.sh'
[1.104s] INFO:colcon.colcon_core.shell:Creating package script '/home/kcg/Autonomous_kcg/ROS2Sample/install/tracked_lane_msgs/share/tracked_lane_msgs/package.bash'
[1.104s] INFO:colcon.colcon_core.shell:Creating package script '/home/kcg/Autonomous_kcg/ROS2Sample/install/tracked_lane_msgs/share/tracked_lane_msgs/package.zsh'
[1.104s] Level 1:colcon.colcon_core.environment:create_file_with_runtime_dependencies(/home/kcg/Autonomous_kcg/ROS2Sample/install/tracked_lane_msgs/share/colcon-core/packages/tracked_lane_msgs)
[1.108s] Level 1:colcon.colcon_core.environment:create_environment_scripts_only(tracked_object_msgs)
[1.111s] Level 1:colcon.colcon_core.environment:checking '/home/kcg/Autonomous_kcg/ROS2Sample/install/tracked_object_msgs' for CMake module files
[1.112s] DEBUG:colcon.colcon_core.event_handler.log_command:Invoked command in '/home/kcg/Autonomous_kcg/ROS2Sample/build/tracked_object_msgs' returned '0': CMAKE_PREFIX_PATH=${CMAKE_PREFIX_PATH}:/home/kcg/Autonomous_kcg/ROS2Sample/install/python_publisher:/opt/ros/foxy /usr/bin/cmake --install /home/kcg/Autonomous_kcg/ROS2Sample/build/tracked_object_msgs
[1.113s] Level 1:colcon.colcon_core.environment:checking '/home/kcg/Autonomous_kcg/ROS2Sample/install/tracked_object_msgs' for CMake config files
[1.114s] Level 1:colcon.colcon_core.shell:create_environment_hook('tracked_object_msgs', 'cmake_prefix_path')
[1.115s] INFO:colcon.colcon_core.shell:Creating environment hook '/home/kcg/Autonomous_kcg/ROS2Sample/install/tracked_object_msgs/share/tracked_object_msgs/hook/cmake_prefix_path.ps1'
[1.116s] INFO:colcon.colcon_core.shell:Creating environment descriptor '/home/kcg/Autonomous_kcg/ROS2Sample/install/tracked_object_msgs/share/tracked_object_msgs/hook/cmake_prefix_path.dsv'
[1.116s] INFO:colcon.colcon_core.shell:Creating environment hook '/home/kcg/Autonomous_kcg/ROS2Sample/install/tracked_object_msgs/share/tracked_object_msgs/hook/cmake_prefix_path.sh'
[1.117s] Level 1:colcon.colcon_core.environment:checking '/home/kcg/Autonomous_kcg/ROS2Sample/install/tracked_object_msgs/lib'
[1.117s] Level 1:colcon.colcon_core.shell:create_environment_hook('tracked_object_msgs', 'ld_library_path_lib')
[1.119s] INFO:colcon.colcon_core.shell:Creating environment hook '/home/kcg/Autonomous_kcg/ROS2Sample/install/tracked_object_msgs/share/tracked_object_msgs/hook/ld_library_path_lib.ps1'
[1.119s] INFO:colcon.colcon_core.shell:Creating environment descriptor '/home/kcg/Autonomous_kcg/ROS2Sample/install/tracked_object_msgs/share/tracked_object_msgs/hook/ld_library_path_lib.dsv'
[1.119s] INFO:colcon.colcon_core.shell:Creating environment hook '/home/kcg/Autonomous_kcg/ROS2Sample/install/tracked_object_msgs/share/tracked_object_msgs/hook/ld_library_path_lib.sh'
[1.120s] Level 1:colcon.colcon_core.environment:checking '/home/kcg/Autonomous_kcg/ROS2Sample/install/tracked_object_msgs/bin'
[1.120s] Level 1:colcon.colcon_core.environment:checking '/home/kcg/Autonomous_kcg/ROS2Sample/install/tracked_object_msgs/lib/pkgconfig/tracked_object_msgs.pc'
[1.120s] Level 1:colcon.colcon_core.environment:checking '/home/kcg/Autonomous_kcg/ROS2Sample/install/tracked_object_msgs/lib/python3.8/site-packages'
[1.120s] Level 1:colcon.colcon_core.shell:create_environment_hook('tracked_object_msgs', 'pythonpath')
[1.122s] INFO:colcon.colcon_core.shell:Creating environment hook '/home/kcg/Autonomous_kcg/ROS2Sample/install/tracked_object_msgs/share/tracked_object_msgs/hook/pythonpath.ps1'
[1.123s] INFO:colcon.colcon_core.shell:Creating environment descriptor '/home/kcg/Autonomous_kcg/ROS2Sample/install/tracked_object_msgs/share/tracked_object_msgs/hook/pythonpath.dsv'
[1.123s] INFO:colcon.colcon_core.shell:Creating environment hook '/home/kcg/Autonomous_kcg/ROS2Sample/install/tracked_object_msgs/share/tracked_object_msgs/hook/pythonpath.sh'
[1.124s] Level 1:colcon.colcon_core.environment:checking '/home/kcg/Autonomous_kcg/ROS2Sample/install/tracked_object_msgs/bin'
[1.125s] INFO:colcon.colcon_core.shell:Creating package script '/home/kcg/Autonomous_kcg/ROS2Sample/install/tracked_object_msgs/share/tracked_object_msgs/package.ps1'
[1.126s] INFO:colcon.colcon_core.shell:Creating package descriptor '/home/kcg/Autonomous_kcg/ROS2Sample/install/tracked_object_msgs/share/tracked_object_msgs/package.dsv'
[1.126s] INFO:colcon.colcon_core.shell:Creating package script '/home/kcg/Autonomous_kcg/ROS2Sample/install/tracked_object_msgs/share/tracked_object_msgs/package.sh'
[1.127s] INFO:colcon.colcon_core.shell:Creating package script '/home/kcg/Autonomous_kcg/ROS2Sample/install/tracked_object_msgs/share/tracked_object_msgs/package.bash'
[1.127s] INFO:colcon.colcon_core.shell:Creating package script '/home/kcg/Autonomous_kcg/ROS2Sample/install/tracked_object_msgs/share/tracked_object_msgs/package.zsh'
[1.128s] Level 1:colcon.colcon_core.environment:create_file_with_runtime_dependencies(/home/kcg/Autonomous_kcg/ROS2Sample/install/tracked_object_msgs/share/colcon-core/packages/tracked_object_msgs)
[1.135s] Level 1:colcon.colcon_core.environment:create_environment_scripts_only(additional_msgs)
[1.138s] Level 1:colcon.colcon_core.environment:checking '/home/kcg/Autonomous_kcg/ROS2Sample/install/additional_msgs' for CMake module files
[1.139s] Level 1:colcon.colcon_core.environment:checking '/home/kcg/Autonomous_kcg/ROS2Sample/install/additional_msgs' for CMake config files
[1.140s] Level 1:colcon.colcon_core.shell:create_environment_hook('additional_msgs', 'cmake_prefix_path')
[1.141s] INFO:colcon.colcon_core.shell:Creating environment hook '/home/kcg/Autonomous_kcg/ROS2Sample/install/additional_msgs/share/additional_msgs/hook/cmake_prefix_path.ps1'
[1.142s] INFO:colcon.colcon_core.shell:Creating environment descriptor '/home/kcg/Autonomous_kcg/ROS2Sample/install/additional_msgs/share/additional_msgs/hook/cmake_prefix_path.dsv'
[1.142s] INFO:colcon.colcon_core.shell:Creating environment hook '/home/kcg/Autonomous_kcg/ROS2Sample/install/additional_msgs/share/additional_msgs/hook/cmake_prefix_path.sh'
[1.143s] Level 1:colcon.colcon_core.environment:checking '/home/kcg/Autonomous_kcg/ROS2Sample/install/additional_msgs/lib'
[1.143s] Level 1:colcon.colcon_core.shell:create_environment_hook('additional_msgs', 'ld_library_path_lib')
[1.144s] INFO:colcon.colcon_core.shell:Creating environment hook '/home/kcg/Autonomous_kcg/ROS2Sample/install/additional_msgs/share/additional_msgs/hook/ld_library_path_lib.ps1'
[1.145s] INFO:colcon.colcon_core.shell:Creating environment descriptor '/home/kcg/Autonomous_kcg/ROS2Sample/install/additional_msgs/share/additional_msgs/hook/ld_library_path_lib.dsv'
[1.145s] INFO:colcon.colcon_core.shell:Creating environment hook '/home/kcg/Autonomous_kcg/ROS2Sample/install/additional_msgs/share/additional_msgs/hook/ld_library_path_lib.sh'
[1.145s] Level 1:colcon.colcon_core.environment:checking '/home/kcg/Autonomous_kcg/ROS2Sample/install/additional_msgs/bin'
[1.145s] Level 1:colcon.colcon_core.environment:checking '/home/kcg/Autonomous_kcg/ROS2Sample/install/additional_msgs/lib/pkgconfig/additional_msgs.pc'
[1.146s] Level 1:colcon.colcon_core.environment:checking '/home/kcg/Autonomous_kcg/ROS2Sample/install/additional_msgs/lib/python3.8/site-packages'
[1.146s] Level 1:colcon.colcon_core.shell:create_environment_hook('additional_msgs', 'pythonpath')
[1.147s] INFO:colcon.colcon_core.shell:Creating environment hook '/home/kcg/Autonomous_kcg/ROS2Sample/install/additional_msgs/share/additional_msgs/hook/pythonpath.ps1'
[1.148s] INFO:colcon.colcon_core.shell:Creating environment descriptor '/home/kcg/Autonomous_kcg/ROS2Sample/install/additional_msgs/share/additional_msgs/hook/pythonpath.dsv'
[1.148s] INFO:colcon.colcon_core.shell:Creating environment hook '/home/kcg/Autonomous_kcg/ROS2Sample/install/additional_msgs/share/additional_msgs/hook/pythonpath.sh'
[1.148s] Level 1:colcon.colcon_core.environment:checking '/home/kcg/Autonomous_kcg/ROS2Sample/install/additional_msgs/bin'
[1.150s] INFO:colcon.colcon_core.shell:Creating package script '/home/kcg/Autonomous_kcg/ROS2Sample/install/additional_msgs/share/additional_msgs/package.ps1'
[1.151s] INFO:colcon.colcon_core.shell:Creating package descriptor '/home/kcg/Autonomous_kcg/ROS2Sample/install/additional_msgs/share/additional_msgs/package.dsv'
[1.151s] INFO:colcon.colcon_core.shell:Creating package script '/home/kcg/Autonomous_kcg/ROS2Sample/install/additional_msgs/share/additional_msgs/package.sh'
[1.152s] INFO:colcon.colcon_core.shell:Creating package script '/home/kcg/Autonomous_kcg/ROS2Sample/install/additional_msgs/share/additional_msgs/package.bash'
[1.152s] INFO:colcon.colcon_core.shell:Creating package script '/home/kcg/Autonomous_kcg/ROS2Sample/install/additional_msgs/share/additional_msgs/package.zsh'
[1.153s] Level 1:colcon.colcon_core.environment:create_file_with_runtime_dependencies(/home/kcg/Autonomous_kcg/ROS2Sample/install/additional_msgs/share/colcon-core/packages/additional_msgs)
[1.156s] Level 1:colcon.colcon_core.environment:create_environment_scripts_only(autoware_auto_msgs)
[1.158s] Level 1:colcon.colcon_core.environment:checking '/home/kcg/Autonomous_kcg/ROS2Sample/install/autoware_auto_msgs' for CMake module files
[1.159s] Level 1:colcon.colcon_core.environment:checking '/home/kcg/Autonomous_kcg/ROS2Sample/install/autoware_auto_msgs' for CMake config files
[1.159s] Level 1:colcon.colcon_core.shell:create_environment_hook('autoware_auto_msgs', 'cmake_prefix_path')
[1.160s] INFO:colcon.colcon_core.shell:Creating environment hook '/home/kcg/Autonomous_kcg/ROS2Sample/install/autoware_auto_msgs/share/autoware_auto_msgs/hook/cmake_prefix_path.ps1'
[1.161s] INFO:colcon.colcon_core.shell:Creating environment descriptor '/home/kcg/Autonomous_kcg/ROS2Sample/install/autoware_auto_msgs/share/autoware_auto_msgs/hook/cmake_prefix_path.dsv'
[1.161s] INFO:colcon.colcon_core.shell:Creating environment hook '/home/kcg/Autonomous_kcg/ROS2Sample/install/autoware_auto_msgs/share/autoware_auto_msgs/hook/cmake_prefix_path.sh'
[1.162s] Level 1:colcon.colcon_core.environment:checking '/home/kcg/Autonomous_kcg/ROS2Sample/install/autoware_auto_msgs/lib'
[1.162s] Level 1:colcon.colcon_core.shell:create_environment_hook('autoware_auto_msgs', 'ld_library_path_lib')
[1.163s] INFO:colcon.colcon_core.shell:Creating environment hook '/home/kcg/Autonomous_kcg/ROS2Sample/install/autoware_auto_msgs/share/autoware_auto_msgs/hook/ld_library_path_lib.ps1'
[1.163s] INFO:colcon.colcon_core.shell:Creating environment descriptor '/home/kcg/Autonomous_kcg/ROS2Sample/install/autoware_auto_msgs/share/autoware_auto_msgs/hook/ld_library_path_lib.dsv'
[1.163s] INFO:colcon.colcon_core.shell:Creating environment hook '/home/kcg/Autonomous_kcg/ROS2Sample/install/autoware_auto_msgs/share/autoware_auto_msgs/hook/ld_library_path_lib.sh'
[1.164s] Level 1:colcon.colcon_core.environment:checking '/home/kcg/Autonomous_kcg/ROS2Sample/install/autoware_auto_msgs/bin'
[1.164s] Level 1:colcon.colcon_core.environment:checking '/home/kcg/Autonomous_kcg/ROS2Sample/install/autoware_auto_msgs/lib/pkgconfig/autoware_auto_msgs.pc'
[1.164s] Level 1:colcon.colcon_core.environment:checking '/home/kcg/Autonomous_kcg/ROS2Sample/install/autoware_auto_msgs/lib/python3.8/site-packages'
[1.164s] Level 1:colcon.colcon_core.shell:create_environment_hook('autoware_auto_msgs', 'pythonpath')
[1.165s] INFO:colcon.colcon_core.shell:Creating environment hook '/home/kcg/Autonomous_kcg/ROS2Sample/install/autoware_auto_msgs/share/autoware_auto_msgs/hook/pythonpath.ps1'
[1.165s] INFO:colcon.colcon_core.shell:Creating environment descriptor '/home/kcg/Autonomous_kcg/ROS2Sample/install/autoware_auto_msgs/share/autoware_auto_msgs/hook/pythonpath.dsv'
[1.166s] INFO:colcon.colcon_core.shell:Creating environment hook '/home/kcg/Autonomous_kcg/ROS2Sample/install/autoware_auto_msgs/share/autoware_auto_msgs/hook/pythonpath.sh'
[1.166s] Level 1:colcon.colcon_core.environment:checking '/home/kcg/Autonomous_kcg/ROS2Sample/install/autoware_auto_msgs/bin'
[1.168s] INFO:colcon.colcon_core.shell:Creating package script '/home/kcg/Autonomous_kcg/ROS2Sample/install/autoware_auto_msgs/share/autoware_auto_msgs/package.ps1'
[1.168s] INFO:colcon.colcon_core.shell:Creating package descriptor '/home/kcg/Autonomous_kcg/ROS2Sample/install/autoware_auto_msgs/share/autoware_auto_msgs/package.dsv'
[1.169s] INFO:colcon.colcon_core.shell:Creating package script '/home/kcg/Autonomous_kcg/ROS2Sample/install/autoware_auto_msgs/share/autoware_auto_msgs/package.sh'
[1.169s] INFO:colcon.colcon_core.shell:Creating package script '/home/kcg/Autonomous_kcg/ROS2Sample/install/autoware_auto_msgs/share/autoware_auto_msgs/package.bash'
[1.169s] INFO:colcon.colcon_core.shell:Creating package script '/home/kcg/Autonomous_kcg/ROS2Sample/install/autoware_auto_msgs/share/autoware_auto_msgs/package.zsh'
[1.170s] Level 1:colcon.colcon_core.environment:create_file_with_runtime_dependencies(/home/kcg/Autonomous_kcg/ROS2Sample/install/autoware_auto_msgs/share/colcon-core/packages/autoware_auto_msgs)
[1.175s] DEBUG:colcon.colcon_core.event_handler.log_command:Invoking command in '/home/kcg/Autonomous_kcg/ROS2Sample/build/cognata_sdk_ros2': CMAKE_PREFIX_PATH=${CMAKE_PREFIX_PATH}:/home/kcg/Autonomous_kcg/ROS2Sample/install/python_publisher:/opt/ros/foxy /usr/bin/cmake --install /home/kcg/Autonomous_kcg/ROS2Sample/build/cognata_sdk_ros2
[1.226s] Level 1:colcon.colcon_core.environment:create_environment_scripts_only(tracked_lane_msgs)
[1.228s] Level 1:colcon.colcon_core.environment:checking '/home/kcg/Autonomous_kcg/ROS2Sample/install/tracked_lane_msgs' for CMake module files
[1.230s] Level 1:colcon.colcon_core.environment:checking '/home/kcg/Autonomous_kcg/ROS2Sample/install/tracked_lane_msgs' for CMake config files
[1.233s] Level 1:colcon.colcon_core.shell:create_environment_hook('tracked_lane_msgs', 'cmake_prefix_path')
[1.235s] INFO:colcon.colcon_core.shell:Creating environment hook '/home/kcg/Autonomous_kcg/ROS2Sample/install/tracked_lane_msgs/share/tracked_lane_msgs/hook/cmake_prefix_path.ps1'
[1.236s] INFO:colcon.colcon_core.shell:Creating environment descriptor '/home/kcg/Autonomous_kcg/ROS2Sample/install/tracked_lane_msgs/share/tracked_lane_msgs/hook/cmake_prefix_path.dsv'
[1.236s] INFO:colcon.colcon_core.shell:Creating environment hook '/home/kcg/Autonomous_kcg/ROS2Sample/install/tracked_lane_msgs/share/tracked_lane_msgs/hook/cmake_prefix_path.sh'
[1.237s] Level 1:colcon.colcon_core.environment:checking '/home/kcg/Autonomous_kcg/ROS2Sample/install/tracked_lane_msgs/lib'
[1.237s] Level 1:colcon.colcon_core.shell:create_environment_hook('tracked_lane_msgs', 'ld_library_path_lib')
[1.239s] INFO:colcon.colcon_core.shell:Creating environment hook '/home/kcg/Autonomous_kcg/ROS2Sample/install/tracked_lane_msgs/share/tracked_lane_msgs/hook/ld_library_path_lib.ps1'
[1.239s] INFO:colcon.colcon_core.shell:Creating environment descriptor '/home/kcg/Autonomous_kcg/ROS2Sample/install/tracked_lane_msgs/share/tracked_lane_msgs/hook/ld_library_path_lib.dsv'
[1.239s] INFO:colcon.colcon_core.shell:Creating environment hook '/home/kcg/Autonomous_kcg/ROS2Sample/install/tracked_lane_msgs/share/tracked_lane_msgs/hook/ld_library_path_lib.sh'
[1.240s] Level 1:colcon.colcon_core.environment:checking '/home/kcg/Autonomous_kcg/ROS2Sample/install/tracked_lane_msgs/bin'
[1.240s] Level 1:colcon.colcon_core.environment:checking '/home/kcg/Autonomous_kcg/ROS2Sample/install/tracked_lane_msgs/lib/pkgconfig/tracked_lane_msgs.pc'
[1.240s] Level 1:colcon.colcon_core.environment:checking '/home/kcg/Autonomous_kcg/ROS2Sample/install/tracked_lane_msgs/lib/python3.8/site-packages'
[1.240s] Level 1:colcon.colcon_core.shell:create_environment_hook('tracked_lane_msgs', 'pythonpath')
[1.241s] INFO:colcon.colcon_core.shell:Creating environment hook '/home/kcg/Autonomous_kcg/ROS2Sample/install/tracked_lane_msgs/share/tracked_lane_msgs/hook/pythonpath.ps1'
[1.242s] INFO:colcon.colcon_core.shell:Creating environment descriptor '/home/kcg/Autonomous_kcg/ROS2Sample/install/tracked_lane_msgs/share/tracked_lane_msgs/hook/pythonpath.dsv'
[1.242s] INFO:colcon.colcon_core.shell:Creating environment hook '/home/kcg/Autonomous_kcg/ROS2Sample/install/tracked_lane_msgs/share/tracked_lane_msgs/hook/pythonpath.sh'
[1.242s] Level 1:colcon.colcon_core.environment:checking '/home/kcg/Autonomous_kcg/ROS2Sample/install/tracked_lane_msgs/bin'
[1.243s] INFO:colcon.colcon_core.shell:Creating package script '/home/kcg/Autonomous_kcg/ROS2Sample/install/tracked_lane_msgs/share/tracked_lane_msgs/package.ps1'
[1.244s] INFO:colcon.colcon_core.shell:Creating package descriptor '/home/kcg/Autonomous_kcg/ROS2Sample/install/tracked_lane_msgs/share/tracked_lane_msgs/package.dsv'
[1.244s] INFO:colcon.colcon_core.shell:Creating package script '/home/kcg/Autonomous_kcg/ROS2Sample/install/tracked_lane_msgs/share/tracked_lane_msgs/package.sh'
[1.245s] INFO:colcon.colcon_core.shell:Creating package script '/home/kcg/Autonomous_kcg/ROS2Sample/install/tracked_lane_msgs/share/tracked_lane_msgs/package.bash'
[1.246s] INFO:colcon.colcon_core.shell:Creating package script '/home/kcg/Autonomous_kcg/ROS2Sample/install/tracked_lane_msgs/share/tracked_lane_msgs/package.zsh'
[1.247s] Level 1:colcon.colcon_core.environment:create_file_with_runtime_dependencies(/home/kcg/Autonomous_kcg/ROS2Sample/install/tracked_lane_msgs/share/colcon-core/packages/tracked_lane_msgs)
[1.251s] Level 1:colcon.colcon_core.environment:create_environment_scripts_only(tracked_object_msgs)
[1.253s] Level 1:colcon.colcon_core.environment:checking '/home/kcg/Autonomous_kcg/ROS2Sample/install/tracked_object_msgs' for CMake module files
[1.256s] Level 1:colcon.colcon_core.environment:checking '/home/kcg/Autonomous_kcg/ROS2Sample/install/tracked_object_msgs' for CMake config files
[1.260s] Level 1:colcon.colcon_core.shell:create_environment_hook('tracked_object_msgs', 'cmake_prefix_path')
[1.262s] INFO:colcon.colcon_core.shell:Creating environment hook '/home/kcg/Autonomous_kcg/ROS2Sample/install/tracked_object_msgs/share/tracked_object_msgs/hook/cmake_prefix_path.ps1'
[1.263s] INFO:colcon.colcon_core.shell:Creating environment descriptor '/home/kcg/Autonomous_kcg/ROS2Sample/install/tracked_object_msgs/share/tracked_object_msgs/hook/cmake_prefix_path.dsv'
[1.264s] INFO:colcon.colcon_core.shell:Creating environment hook '/home/kcg/Autonomous_kcg/ROS2Sample/install/tracked_object_msgs/share/tracked_object_msgs/hook/cmake_prefix_path.sh'
[1.265s] Level 1:colcon.colcon_core.environment:checking '/home/kcg/Autonomous_kcg/ROS2Sample/install/tracked_object_msgs/lib'
[1.266s] Level 1:colcon.colcon_core.shell:create_environment_hook('tracked_object_msgs', 'ld_library_path_lib')
[1.268s] INFO:colcon.colcon_core.shell:Creating environment hook '/home/kcg/Autonomous_kcg/ROS2Sample/install/tracked_object_msgs/share/tracked_object_msgs/hook/ld_library_path_lib.ps1'
[1.269s] INFO:colcon.colcon_core.shell:Creating environment descriptor '/home/kcg/Autonomous_kcg/ROS2Sample/install/tracked_object_msgs/share/tracked_object_msgs/hook/ld_library_path_lib.dsv'
[1.270s] INFO:colcon.colcon_core.shell:Creating environment hook '/home/kcg/Autonomous_kcg/ROS2Sample/install/tracked_object_msgs/share/tracked_object_msgs/hook/ld_library_path_lib.sh'
[1.271s] Level 1:colcon.colcon_core.environment:checking '/home/kcg/Autonomous_kcg/ROS2Sample/install/tracked_object_msgs/bin'
[1.271s] Level 1:colcon.colcon_core.environment:checking '/home/kcg/Autonomous_kcg/ROS2Sample/install/tracked_object_msgs/lib/pkgconfig/tracked_object_msgs.pc'
[1.271s] Level 1:colcon.colcon_core.environment:checking '/home/kcg/Autonomous_kcg/ROS2Sample/install/tracked_object_msgs/lib/python3.8/site-packages'
[1.271s] Level 1:colcon.colcon_core.shell:create_environment_hook('tracked_object_msgs', 'pythonpath')
[1.274s] INFO:colcon.colcon_core.shell:Creating environment hook '/home/kcg/Autonomous_kcg/ROS2Sample/install/tracked_object_msgs/share/tracked_object_msgs/hook/pythonpath.ps1'
[1.274s] INFO:colcon.colcon_core.shell:Creating environment descriptor '/home/kcg/Autonomous_kcg/ROS2Sample/install/tracked_object_msgs/share/tracked_object_msgs/hook/pythonpath.dsv'
[1.275s] INFO:colcon.colcon_core.shell:Creating environment hook '/home/kcg/Autonomous_kcg/ROS2Sample/install/tracked_object_msgs/share/tracked_object_msgs/hook/pythonpath.sh'
[1.276s] Level 1:colcon.colcon_core.environment:checking '/home/kcg/Autonomous_kcg/ROS2Sample/install/tracked_object_msgs/bin'
[1.279s] INFO:colcon.colcon_core.shell:Creating package script '/home/kcg/Autonomous_kcg/ROS2Sample/install/tracked_object_msgs/share/tracked_object_msgs/package.ps1'
[1.280s] INFO:colcon.colcon_core.shell:Creating package descriptor '/home/kcg/Autonomous_kcg/ROS2Sample/install/tracked_object_msgs/share/tracked_object_msgs/package.dsv'
[1.281s] INFO:colcon.colcon_core.shell:Creating package script '/home/kcg/Autonomous_kcg/ROS2Sample/install/tracked_object_msgs/share/tracked_object_msgs/package.sh'
[1.282s] INFO:colcon.colcon_core.shell:Creating package script '/home/kcg/Autonomous_kcg/ROS2Sample/install/tracked_object_msgs/share/tracked_object_msgs/package.bash'
[1.282s] INFO:colcon.colcon_core.shell:Creating package script '/home/kcg/Autonomous_kcg/ROS2Sample/install/tracked_object_msgs/share/tracked_object_msgs/package.zsh'
[1.282s] Level 1:colcon.colcon_core.environment:create_file_with_runtime_dependencies(/home/kcg/Autonomous_kcg/ROS2Sample/install/tracked_object_msgs/share/colcon-core/packages/tracked_object_msgs)
[1.283s] Level 1:colcon.colcon_core.environment:create_environment_scripts_only(cognata_sdk_ros2)
[1.287s] Level 1:colcon.colcon_core.environment:checking '/home/kcg/Autonomous_kcg/ROS2Sample/install/cognata_sdk_ros2' for CMake module files
[1.288s] DEBUG:colcon.colcon_core.event_handler.log_command:Invoked command in '/home/kcg/Autonomous_kcg/ROS2Sample/build/cognata_sdk_ros2' returned '0': CMAKE_PREFIX_PATH=${CMAKE_PREFIX_PATH}:/home/kcg/Autonomous_kcg/ROS2Sample/install/python_publisher:/opt/ros/foxy /usr/bin/cmake --install /home/kcg/Autonomous_kcg/ROS2Sample/build/cognata_sdk_ros2
[1.288s] Level 1:colcon.colcon_core.environment:checking '/home/kcg/Autonomous_kcg/ROS2Sample/install/cognata_sdk_ros2' for CMake config files
[1.289s] Level 1:colcon.colcon_core.shell:create_environment_hook('cognata_sdk_ros2', 'cmake_prefix_path')
[1.290s] INFO:colcon.colcon_core.shell:Creating environment hook '/home/kcg/Autonomous_kcg/ROS2Sample/install/cognata_sdk_ros2/share/cognata_sdk_ros2/hook/cmake_prefix_path.ps1'
[1.291s] INFO:colcon.colcon_core.shell:Creating environment descriptor '/home/kcg/Autonomous_kcg/ROS2Sample/install/cognata_sdk_ros2/share/cognata_sdk_ros2/hook/cmake_prefix_path.dsv'
[1.291s] INFO:colcon.colcon_core.shell:Creating environment hook '/home/kcg/Autonomous_kcg/ROS2Sample/install/cognata_sdk_ros2/share/cognata_sdk_ros2/hook/cmake_prefix_path.sh'
[1.291s] Level 1:colcon.colcon_core.environment:checking '/home/kcg/Autonomous_kcg/ROS2Sample/install/cognata_sdk_ros2/lib'
[1.291s] Level 1:colcon.colcon_core.shell:create_environment_hook('cognata_sdk_ros2', 'ld_library_path_lib')
[1.293s] INFO:colcon.colcon_core.shell:Creating environment hook '/home/kcg/Autonomous_kcg/ROS2Sample/install/cognata_sdk_ros2/share/cognata_sdk_ros2/hook/ld_library_path_lib.ps1'
[1.293s] INFO:colcon.colcon_core.shell:Creating environment descriptor '/home/kcg/Autonomous_kcg/ROS2Sample/install/cognata_sdk_ros2/share/cognata_sdk_ros2/hook/ld_library_path_lib.dsv'
[1.293s] INFO:colcon.colcon_core.shell:Creating environment hook '/home/kcg/Autonomous_kcg/ROS2Sample/install/cognata_sdk_ros2/share/cognata_sdk_ros2/hook/ld_library_path_lib.sh'
[1.293s] Level 1:colcon.colcon_core.environment:checking '/home/kcg/Autonomous_kcg/ROS2Sample/install/cognata_sdk_ros2/bin'
[1.293s] Level 1:colcon.colcon_core.environment:checking '/home/kcg/Autonomous_kcg/ROS2Sample/install/cognata_sdk_ros2/lib/pkgconfig/cognata_sdk_ros2.pc'
[1.294s] Level 1:colcon.colcon_core.environment:checking '/home/kcg/Autonomous_kcg/ROS2Sample/install/cognata_sdk_ros2/lib/python3.8/site-packages'
[1.294s] Level 1:colcon.colcon_core.shell:create_environment_hook('cognata_sdk_ros2', 'pythonpath')
[1.295s] INFO:colcon.colcon_core.shell:Creating environment hook '/home/kcg/Autonomous_kcg/ROS2Sample/install/cognata_sdk_ros2/share/cognata_sdk_ros2/hook/pythonpath.ps1'
[1.295s] INFO:colcon.colcon_core.shell:Creating environment descriptor '/home/kcg/Autonomous_kcg/ROS2Sample/install/cognata_sdk_ros2/share/cognata_sdk_ros2/hook/pythonpath.dsv'
[1.295s] INFO:colcon.colcon_core.shell:Creating environment hook '/home/kcg/Autonomous_kcg/ROS2Sample/install/cognata_sdk_ros2/share/cognata_sdk_ros2/hook/pythonpath.sh'
[1.296s] Level 1:colcon.colcon_core.environment:checking '/home/kcg/Autonomous_kcg/ROS2Sample/install/cognata_sdk_ros2/bin'
[1.297s] INFO:colcon.colcon_core.shell:Creating package script '/home/kcg/Autonomous_kcg/ROS2Sample/install/cognata_sdk_ros2/share/cognata_sdk_ros2/package.ps1'
[1.297s] INFO:colcon.colcon_core.shell:Creating package descriptor '/home/kcg/Autonomous_kcg/ROS2Sample/install/cognata_sdk_ros2/share/cognata_sdk_ros2/package.dsv'
[1.298s] INFO:colcon.colcon_core.shell:Creating package script '/home/kcg/Autonomous_kcg/ROS2Sample/install/cognata_sdk_ros2/share/cognata_sdk_ros2/package.sh'
[1.298s] INFO:colcon.colcon_core.shell:Creating package script '/home/kcg/Autonomous_kcg/ROS2Sample/install/cognata_sdk_ros2/share/cognata_sdk_ros2/package.bash'
[1.298s] INFO:colcon.colcon_core.shell:Creating package script '/home/kcg/Autonomous_kcg/ROS2Sample/install/cognata_sdk_ros2/share/cognata_sdk_ros2/package.zsh'
[1.299s] Level 1:colcon.colcon_core.environment:create_file_with_runtime_dependencies(/home/kcg/Autonomous_kcg/ROS2Sample/install/cognata_sdk_ros2/share/colcon-core/packages/cognata_sdk_ros2)
[1.584s] Level 1:colcon.colcon_core.environment:create_environment_scripts_only(cognata_sdk_ros2)
[1.586s] Level 1:colcon.colcon_core.environment:checking '/home/kcg/Autonomous_kcg/ROS2Sample/install/cognata_sdk_ros2' for CMake module files
[1.587s] Level 1:colcon.colcon_core.environment:checking '/home/kcg/Autonomous_kcg/ROS2Sample/install/cognata_sdk_ros2' for CMake config files
[1.587s] Level 1:colcon.colcon_core.shell:create_environment_hook('cognata_sdk_ros2', 'cmake_prefix_path')
[1.588s] INFO:colcon.colcon_core.shell:Creating environment hook '/home/kcg/Autonomous_kcg/ROS2Sample/install/cognata_sdk_ros2/share/cognata_sdk_ros2/hook/cmake_prefix_path.ps1'
[1.589s] INFO:colcon.colcon_core.shell:Creating environment descriptor '/home/kcg/Autonomous_kcg/ROS2Sample/install/cognata_sdk_ros2/share/cognata_sdk_ros2/hook/cmake_prefix_path.dsv'
[1.589s] INFO:colcon.colcon_core.shell:Creating environment hook '/home/kcg/Autonomous_kcg/ROS2Sample/install/cognata_sdk_ros2/share/cognata_sdk_ros2/hook/cmake_prefix_path.sh'
[1.590s] Level 1:colcon.colcon_core.environment:checking '/home/kcg/Autonomous_kcg/ROS2Sample/install/cognata_sdk_ros2/lib'
[1.590s] Level 1:colcon.colcon_core.shell:create_environment_hook('cognata_sdk_ros2', 'ld_library_path_lib')
[1.591s] INFO:colcon.colcon_core.shell:Creating environment hook '/home/kcg/Autonomous_kcg/ROS2Sample/install/cognata_sdk_ros2/share/cognata_sdk_ros2/hook/ld_library_path_lib.ps1'
[1.591s] INFO:colcon.colcon_core.shell:Creating environment descriptor '/home/kcg/Autonomous_kcg/ROS2Sample/install/cognata_sdk_ros2/share/cognata_sdk_ros2/hook/ld_library_path_lib.dsv'
[1.591s] INFO:colcon.colcon_core.shell:Creating environment hook '/home/kcg/Autonomous_kcg/ROS2Sample/install/cognata_sdk_ros2/share/cognata_sdk_ros2/hook/ld_library_path_lib.sh'
[1.592s] Level 1:colcon.colcon_core.environment:checking '/home/kcg/Autonomous_kcg/ROS2Sample/install/cognata_sdk_ros2/bin'
[1.592s] Level 1:colcon.colcon_core.environment:checking '/home/kcg/Autonomous_kcg/ROS2Sample/install/cognata_sdk_ros2/lib/pkgconfig/cognata_sdk_ros2.pc'
[1.592s] Level 1:colcon.colcon_core.environment:checking '/home/kcg/Autonomous_kcg/ROS2Sample/install/cognata_sdk_ros2/lib/python3.8/site-packages'
[1.592s] Level 1:colcon.colcon_core.shell:create_environment_hook('cognata_sdk_ros2', 'pythonpath')
[1.593s] INFO:colcon.colcon_core.shell:Creating environment hook '/home/kcg/Autonomous_kcg/ROS2Sample/install/cognata_sdk_ros2/share/cognata_sdk_ros2/hook/pythonpath.ps1'
[1.593s] INFO:colcon.colcon_core.shell:Creating environment descriptor '/home/kcg/Autonomous_kcg/ROS2Sample/install/cognata_sdk_ros2/share/cognata_sdk_ros2/hook/pythonpath.dsv'
[1.594s] INFO:colcon.colcon_core.shell:Creating environment hook '/home/kcg/Autonomous_kcg/ROS2Sample/install/cognata_sdk_ros2/share/cognata_sdk_ros2/hook/pythonpath.sh'
[1.594s] Level 1:colcon.colcon_core.environment:checking '/home/kcg/Autonomous_kcg/ROS2Sample/install/cognata_sdk_ros2/bin'
[1.595s] INFO:colcon.colcon_core.shell:Creating package script '/home/kcg/Autonomous_kcg/ROS2Sample/install/cognata_sdk_ros2/share/cognata_sdk_ros2/package.ps1'
[1.596s] INFO:colcon.colcon_core.shell:Creating package descriptor '/home/kcg/Autonomous_kcg/ROS2Sample/install/cognata_sdk_ros2/share/cognata_sdk_ros2/package.dsv'
[1.596s] INFO:colcon.colcon_core.shell:Creating package script '/home/kcg/Autonomous_kcg/ROS2Sample/install/cognata_sdk_ros2/share/cognata_sdk_ros2/package.sh'
[1.597s] INFO:colcon.colcon_core.shell:Creating package script '/home/kcg/Autonomous_kcg/ROS2Sample/install/cognata_sdk_ros2/share/cognata_sdk_ros2/package.bash'
[1.597s] INFO:colcon.colcon_core.shell:Creating package script '/home/kcg/Autonomous_kcg/ROS2Sample/install/cognata_sdk_ros2/share/cognata_sdk_ros2/package.zsh'
[1.597s] Level 1:colcon.colcon_core.environment:create_file_with_runtime_dependencies(/home/kcg/Autonomous_kcg/ROS2Sample/install/cognata_sdk_ros2/share/colcon-core/packages/cognata_sdk_ros2)
[1.598s] INFO:colcon.colcon_ros.task.ament_python.build:Building ROS package in '/home/kcg/Autonomous_kcg/ROS2Sample/src/python_publisher' with build type 'ament_python'
[1.598s] Level 1:colcon.colcon_core.shell:create_environment_hook('python_publisher', 'ament_prefix_path')
[1.599s] INFO:colcon.colcon_core.shell:Creating environment hook '/home/kcg/Autonomous_kcg/ROS2Sample/install/python_publisher/share/python_publisher/hook/ament_prefix_path.ps1'
[1.599s] INFO:colcon.colcon_core.shell:Creating environment descriptor '/home/kcg/Autonomous_kcg/ROS2Sample/install/python_publisher/share/python_publisher/hook/ament_prefix_path.dsv'
[1.600s] INFO:colcon.colcon_core.shell:Creating environment hook '/home/kcg/Autonomous_kcg/ROS2Sample/install/python_publisher/share/python_publisher/hook/ament_prefix_path.sh'
[1.601s] INFO:colcon.colcon_core.shell:Skip shell extension 'powershell' for command environment: Not usable outside of PowerShell
[1.601s] DEBUG:colcon.colcon_core.shell:Skip shell extension 'dsv' for command environment
[1.825s] INFO:colcon.colcon_core.task.python.build:Building Python package in '/home/kcg/Autonomous_kcg/ROS2Sample/src/python_publisher'
[1.827s] INFO:colcon.colcon_core.shell:Skip shell extension 'powershell' for command environment: Not usable outside of PowerShell
[1.827s] DEBUG:colcon.colcon_core.shell:Skip shell extension 'dsv' for command environment
[2.171s] DEBUG:colcon.colcon_core.event_handler.log_command:Invoking command in '/home/kcg/Autonomous_kcg/ROS2Sample/src/python_publisher': PYTHONPATH=/home/kcg/Autonomous_kcg/ROS2Sample/install/python_publisher/lib/python3.8/site-packages:/home/kcg/Autonomous_kcg/ROS2Sample/install/tracked_object_msgs/lib/python3.8/site-packages:/home/kcg/Autonomous_kcg/ROS2Sample/install/tracked_lane_msgs/lib/python3.8/site-packages:/home/kcg/Autonomous_kcg/ROS2Sample/install/cognata_sdk_ros2/lib/python3.8/site-packages:/home/kcg/Autonomous_kcg/ROS2Sample/install/python_publisher/lib/python3.8/site-packages:/home/kcg/Autonomous_kcg/ROS2Sample/install/autoware_auto_msgs/lib/python3.8/site-packages:/home/kcg/Autonomous_kcg/ROS2Sample/install/additional_msgs/lib/python3.8/site-packages:/opt/ros/foxy/lib/python3.8/site-packages /usr/bin/python3 setup.py egg_info --egg-base ../../build/python_publisher build --build-base /home/kcg/Autonomous_kcg/ROS2Sample/build/python_publisher/build install --prefix /home/kcg/Autonomous_kcg/ROS2Sample/install/python_publisher --record /home/kcg/Autonomous_kcg/ROS2Sample/build/python_publisher/install.log --single-version-externally-managed
[2.434s] Level 1:colcon.colcon_core.environment:checking '/home/kcg/Autonomous_kcg/ROS2Sample/install/python_publisher' for CMake module files
[2.435s] DEBUG:colcon.colcon_core.event_handler.log_command:Invoked command in '/home/kcg/Autonomous_kcg/ROS2Sample/src/python_publisher' returned '0': PYTHONPATH=/home/kcg/Autonomous_kcg/ROS2Sample/install/python_publisher/lib/python3.8/site-packages:/home/kcg/Autonomous_kcg/ROS2Sample/install/tracked_object_msgs/lib/python3.8/site-packages:/home/kcg/Autonomous_kcg/ROS2Sample/install/tracked_lane_msgs/lib/python3.8/site-packages:/home/kcg/Autonomous_kcg/ROS2Sample/install/cognata_sdk_ros2/lib/python3.8/site-packages:/home/kcg/Autonomous_kcg/ROS2Sample/install/python_publisher/lib/python3.8/site-packages:/home/kcg/Autonomous_kcg/ROS2Sample/install/autoware_auto_msgs/lib/python3.8/site-packages:/home/kcg/Autonomous_kcg/ROS2Sample/install/additional_msgs/lib/python3.8/site-packages:/opt/ros/foxy/lib/python3.8/site-packages /usr/bin/python3 setup.py egg_info --egg-base ../../build/python_publisher build --build-base /home/kcg/Autonomous_kcg/ROS2Sample/build/python_publisher/build install --prefix /home/kcg/Autonomous_kcg/ROS2Sample/install/python_publisher --record /home/kcg/Autonomous_kcg/ROS2Sample/build/python_publisher/install.log --single-version-externally-managed
[2.435s] Level 1:colcon.colcon_core.environment:checking '/home/kcg/Autonomous_kcg/ROS2Sample/install/python_publisher' for CMake config files
[2.436s] Level 1:colcon.colcon_core.environment:checking '/home/kcg/Autonomous_kcg/ROS2Sample/install/python_publisher/lib'
[2.436s] Level 1:colcon.colcon_core.environment:checking '/home/kcg/Autonomous_kcg/ROS2Sample/install/python_publisher/bin'
[2.436s] Level 1:colcon.colcon_core.environment:checking '/home/kcg/Autonomous_kcg/ROS2Sample/install/python_publisher/lib/pkgconfig/python_publisher.pc'
[2.436s] Level 1:colcon.colcon_core.environment:checking '/home/kcg/Autonomous_kcg/ROS2Sample/install/python_publisher/lib/python3.8/site-packages'
[2.436s] Level 1:colcon.colcon_core.shell:create_environment_hook('python_publisher', 'pythonpath')
[2.437s] INFO:colcon.colcon_core.shell:Creating environment hook '/home/kcg/Autonomous_kcg/ROS2Sample/install/python_publisher/share/python_publisher/hook/pythonpath.ps1'
[2.438s] INFO:colcon.colcon_core.shell:Creating environment descriptor '/home/kcg/Autonomous_kcg/ROS2Sample/install/python_publisher/share/python_publisher/hook/pythonpath.dsv'
[2.438s] INFO:colcon.colcon_core.shell:Creating environment hook '/home/kcg/Autonomous_kcg/ROS2Sample/install/python_publisher/share/python_publisher/hook/pythonpath.sh'
[2.439s] Level 1:colcon.colcon_core.environment:checking '/home/kcg/Autonomous_kcg/ROS2Sample/install/python_publisher/bin'
[2.439s] Level 1:colcon.colcon_core.environment:create_environment_scripts_only(python_publisher)
[2.440s] INFO:colcon.colcon_core.shell:Creating package script '/home/kcg/Autonomous_kcg/ROS2Sample/install/python_publisher/share/python_publisher/package.ps1'
[2.440s] INFO:colcon.colcon_core.shell:Creating package descriptor '/home/kcg/Autonomous_kcg/ROS2Sample/install/python_publisher/share/python_publisher/package.dsv'
[2.441s] INFO:colcon.colcon_core.shell:Creating package script '/home/kcg/Autonomous_kcg/ROS2Sample/install/python_publisher/share/python_publisher/package.sh'
[2.441s] INFO:colcon.colcon_core.shell:Creating package script '/home/kcg/Autonomous_kcg/ROS2Sample/install/python_publisher/share/python_publisher/package.bash'
[2.441s] INFO:colcon.colcon_core.shell:Creating package script '/home/kcg/Autonomous_kcg/ROS2Sample/install/python_publisher/share/python_publisher/package.zsh'
[2.441s] Level 1:colcon.colcon_core.environment:create_file_with_runtime_dependencies(/home/kcg/Autonomous_kcg/ROS2Sample/install/python_publisher/share/colcon-core/packages/python_publisher)
[2.442s] DEBUG:colcon.colcon_parallel_executor.executor.parallel:closing loop
[2.442s] DEBUG:colcon.colcon_parallel_executor.executor.parallel:loop closed
[2.442s] DEBUG:colcon.colcon_parallel_executor.executor.parallel:run_until_complete finished with '0'
[2.443s] DEBUG:colcon.colcon_core.event_reactor:joining thread
[2.451s] INFO:colcon.colcon_core.plugin_system:Skipping extension 'colcon_notification.desktop_notification.terminal_notifier': Not used on non-Darwin systems
[2.451s] INFO:colcon.colcon_core.plugin_system:Skipping extension 'colcon_notification.desktop_notification.win32': Not used on non-Windows systems
[2.451s] INFO:colcon.colcon_notification.desktop_notification:Sending desktop notification using 'notify2'
[2.463s] DEBUG:colcon.colcon_core.event_reactor:joined thread
[2.464s] INFO:colcon.colcon_core.shell:Creating prefix script '/home/kcg/Autonomous_kcg/ROS2Sample/install/local_setup.ps1'
[2.465s] INFO:colcon.colcon_core.shell:Creating prefix util module '/home/kcg/Autonomous_kcg/ROS2Sample/install/_local_setup_util_ps1.py'
[2.466s] INFO:colcon.colcon_core.shell:Creating prefix chain script '/home/kcg/Autonomous_kcg/ROS2Sample/install/setup.ps1'
[2.468s] INFO:colcon.colcon_core.shell:Creating prefix script '/home/kcg/Autonomous_kcg/ROS2Sample/install/local_setup.sh'
[2.469s] INFO:colcon.colcon_core.shell:Creating prefix util module '/home/kcg/Autonomous_kcg/ROS2Sample/install/_local_setup_util_sh.py'
[2.469s] INFO:colcon.colcon_core.shell:Creating prefix chain script '/home/kcg/Autonomous_kcg/ROS2Sample/install/setup.sh'
[2.471s] INFO:colcon.colcon_core.shell:Creating prefix script '/home/kcg/Autonomous_kcg/ROS2Sample/install/local_setup.bash'
[2.471s] INFO:colcon.colcon_core.shell:Creating prefix chain script '/home/kcg/Autonomous_kcg/ROS2Sample/install/setup.bash'
[2.473s] INFO:colcon.colcon_core.shell:Creating prefix script '/home/kcg/Autonomous_kcg/ROS2Sample/install/local_setup.zsh'
[2.473s] INFO:colcon.colcon_core.shell:Creating prefix chain script '/home/kcg/Autonomous_kcg/ROS2Sample/install/setup.zsh'
