[0.130s] DEBUG:colcon:Command line arguments: ['/usr/bin/colcon', 'build']
[0.130s] DEBUG:colcon:Parsed command line arguments: Namespace(allow_overriding=[], ament_cmake_args=None, base_paths=['.'], build_base='build', catkin_cmake_args=None, catkin_skip_building_tests=False, cmake_args=None, cmake_clean_cache=False, cmake_clean_first=False, cmake_force_configure=False, cmake_target=None, cmake_target_skip_unavailable=False, continue_on_error=False, event_handlers=None, executor='parallel', ignore_user_meta=False, install_base='install', log_base=None, log_level=None, main=<bound method BuildVerb.main of <colcon_core.verb.build.BuildVerb object at 0x7f5a9adc87f0>>, merge_install=False, metas=['./colcon.meta'], packages_above=None, packages_above_and_dependencies=None, packages_above_depth=None, packages_end=None, packages_ignore=None, packages_ignore_regex=None, packages_select=None, packages_select_build_failed=False, packages_select_by_dep=None, packages_select_regex=None, packages_select_test_failures=False, packages_skip=None, packages_skip_build_finished=False, packages_skip_by_dep=None, packages_skip_regex=None, packages_skip_test_passed=False, packages_skip_up_to=None, packages_start=None, packages_up_to=None, packages_up_to_regex=None, parallel_workers=8, paths=None, symlink_install=False, test_result_base=None, verb_extension=<colcon_core.verb.build.BuildVerb object at 0x7f5a9adc87f0>, verb_name='build', verb_parser=<colcon_defaults.argument_parser.defaults.DefaultArgumentsDecorator object at 0x7f5a9adc8d60>)
[0.153s] Level 1:colcon.colcon_core.package_discovery:discover_packages(colcon_meta) check parameters
[0.153s] Level 1:colcon.colcon_core.package_discovery:discover_packages(recursive) check parameters
[0.153s] Level 1:colcon.colcon_core.package_discovery:discover_packages(ignore) check parameters
[0.153s] Level 1:colcon.colcon_core.package_discovery:discover_packages(path) check parameters
[0.153s] Level 1:colcon.colcon_core.package_discovery:discover_packages(colcon_meta) discover
[0.153s] Level 1:colcon.colcon_core.package_discovery:discover_packages(recursive) discover
[0.153s] INFO:colcon.colcon_core.package_discovery:Crawling recursively for packages in '/home/kcg/Autonomous_kcg/ROS2Sample'
[0.153s] Level 1:colcon.colcon_core.package_identification:_identify(.) by extensions ['ignore', 'ignore_ament_install']
[0.153s] Level 1:colcon.colcon_core.package_identification:_identify(.) by extension 'ignore'
[0.153s] Level 1:colcon.colcon_core.package_identification:_identify(.) by extension 'ignore_ament_install'
[0.153s] Level 1:colcon.colcon_core.package_identification:_identify(.) by extensions ['colcon_pkg']
[0.153s] Level 1:colcon.colcon_core.package_identification:_identify(.) by extension 'colcon_pkg'
[0.153s] Level 1:colcon.colcon_core.package_identification:_identify(.) by extensions ['colcon_meta']
[0.153s] Level 1:colcon.colcon_core.package_identification:_identify(.) by extension 'colcon_meta'
[0.154s] Level 1:colcon.colcon_core.package_identification:_identify(.) by extensions ['ros']
[0.154s] Level 1:colcon.colcon_core.package_identification:_identify(.) by extension 'ros'
[0.167s] Level 1:colcon.colcon_core.package_identification:_identify(.) by extensions ['cmake', 'python']
[0.167s] Level 1:colcon.colcon_core.package_identification:_identify(.) by extension 'cmake'
[0.167s] Level 1:colcon.colcon_core.package_identification:_identify(.) by extension 'python'
[0.167s] Level 1:colcon.colcon_core.package_identification:_identify(.) by extensions ['python_setup_py']
[0.167s] Level 1:colcon.colcon_core.package_identification:_identify(.) by extension 'python_setup_py'
[0.167s] Level 1:colcon.colcon_core.package_identification:_identify(build) by extensions ['ignore', 'ignore_ament_install']
[0.167s] Level 1:colcon.colcon_core.package_identification:_identify(build) by extension 'ignore'
[0.167s] Level 1:colcon.colcon_core.package_identification:_identify(build) ignored
[0.167s] Level 1:colcon.colcon_core.package_identification:_identify(install) by extensions ['ignore', 'ignore_ament_install']
[0.168s] Level 1:colcon.colcon_core.package_identification:_identify(install) by extension 'ignore'
[0.168s] Level 1:colcon.colcon_core.package_identification:_identify(install) ignored
[0.168s] Level 1:colcon.colcon_core.package_identification:_identify(log) by extensions ['ignore', 'ignore_ament_install']
[0.168s] Level 1:colcon.colcon_core.package_identification:_identify(log) by extension 'ignore'
[0.168s] Level 1:colcon.colcon_core.package_identification:_identify(log) ignored
[0.168s] Level 1:colcon.colcon_core.package_identification:_identify(rosbag2_2022_07_17-10_58_20) by extensions ['ignore', 'ignore_ament_install']
[0.168s] Level 1:colcon.colcon_core.package_identification:_identify(rosbag2_2022_07_17-10_58_20) by extension 'ignore'
[0.168s] Level 1:colcon.colcon_core.package_identification:_identify(rosbag2_2022_07_17-10_58_20) by extension 'ignore_ament_install'
[0.168s] Level 1:colcon.colcon_core.package_identification:_identify(rosbag2_2022_07_17-10_58_20) by extensions ['colcon_pkg']
[0.168s] Level 1:colcon.colcon_core.package_identification:_identify(rosbag2_2022_07_17-10_58_20) by extension 'colcon_pkg'
[0.168s] Level 1:colcon.colcon_core.package_identification:_identify(rosbag2_2022_07_17-10_58_20) by extensions ['colcon_meta']
[0.168s] Level 1:colcon.colcon_core.package_identification:_identify(rosbag2_2022_07_17-10_58_20) by extension 'colcon_meta'
[0.168s] Level 1:colcon.colcon_core.package_identification:_identify(rosbag2_2022_07_17-10_58_20) by extensions ['ros']
[0.169s] Level 1:colcon.colcon_core.package_identification:_identify(rosbag2_2022_07_17-10_58_20) by extension 'ros'
[0.169s] Level 1:colcon.colcon_core.package_identification:_identify(rosbag2_2022_07_17-10_58_20) by extensions ['cmake', 'python']
[0.169s] Level 1:colcon.colcon_core.package_identification:_identify(rosbag2_2022_07_17-10_58_20) by extension 'cmake'
[0.169s] Level 1:colcon.colcon_core.package_identification:_identify(rosbag2_2022_07_17-10_58_20) by extension 'python'
[0.169s] Level 1:colcon.colcon_core.package_identification:_identify(rosbag2_2022_07_17-10_58_20) by extensions ['python_setup_py']
[0.169s] Level 1:colcon.colcon_core.package_identification:_identify(rosbag2_2022_07_17-10_58_20) by extension 'python_setup_py'
[0.169s] Level 1:colcon.colcon_core.package_identification:_identify(src) by extensions ['ignore', 'ignore_ament_install']
[0.169s] Level 1:colcon.colcon_core.package_identification:_identify(src) by extension 'ignore'
[0.169s] Level 1:colcon.colcon_core.package_identification:_identify(src) by extension 'ignore_ament_install'
[0.169s] Level 1:colcon.colcon_core.package_identification:_identify(src) by extensions ['colcon_pkg']
[0.169s] Level 1:colcon.colcon_core.package_identification:_identify(src) by extension 'colcon_pkg'
[0.169s] Level 1:colcon.colcon_core.package_identification:_identify(src) by extensions ['colcon_meta']
[0.169s] Level 1:colcon.colcon_core.package_identification:_identify(src) by extension 'colcon_meta'
[0.170s] Level 1:colcon.colcon_core.package_identification:_identify(src) by extensions ['ros']
[0.170s] Level 1:colcon.colcon_core.package_identification:_identify(src) by extension 'ros'
[0.170s] Level 1:colcon.colcon_core.package_identification:_identify(src) by extensions ['cmake', 'python']
[0.170s] Level 1:colcon.colcon_core.package_identification:_identify(src) by extension 'cmake'
[0.170s] Level 1:colcon.colcon_core.package_identification:_identify(src) by extension 'python'
[0.170s] Level 1:colcon.colcon_core.package_identification:_identify(src) by extensions ['python_setup_py']
[0.170s] Level 1:colcon.colcon_core.package_identification:_identify(src) by extension 'python_setup_py'
[0.170s] Level 1:colcon.colcon_core.package_identification:_identify(src/build) by extensions ['ignore', 'ignore_ament_install']
[0.170s] Level 1:colcon.colcon_core.package_identification:_identify(src/build) by extension 'ignore'
[0.170s] Level 1:colcon.colcon_core.package_identification:_identify(src/build) ignored
[0.170s] Level 1:colcon.colcon_core.package_identification:_identify(src/cognata_sdk_ros2) by extensions ['ignore', 'ignore_ament_install']
[0.170s] Level 1:colcon.colcon_core.package_identification:_identify(src/cognata_sdk_ros2) by extension 'ignore'
[0.170s] Level 1:colcon.colcon_core.package_identification:_identify(src/cognata_sdk_ros2) by extension 'ignore_ament_install'
[0.171s] Level 1:colcon.colcon_core.package_identification:_identify(src/cognata_sdk_ros2) by extensions ['colcon_pkg']
[0.171s] Level 1:colcon.colcon_core.package_identification:_identify(src/cognata_sdk_ros2) by extension 'colcon_pkg'
[0.171s] Level 1:colcon.colcon_core.package_identification:_identify(src/cognata_sdk_ros2) by extensions ['colcon_meta']
[0.171s] Level 1:colcon.colcon_core.package_identification:_identify(src/cognata_sdk_ros2) by extension 'colcon_meta'
[0.171s] Level 1:colcon.colcon_core.package_identification:_identify(src/cognata_sdk_ros2) by extensions ['ros']
[0.171s] Level 1:colcon.colcon_core.package_identification:_identify(src/cognata_sdk_ros2) by extension 'ros'
[0.175s] DEBUG:colcon.colcon_core.package_identification:Package 'src/cognata_sdk_ros2' with type 'ros.ament_cmake' and name 'cognata_sdk_ros2'
[0.175s] Level 1:colcon.colcon_core.package_identification:_identify(src/install) by extensions ['ignore', 'ignore_ament_install']
[0.175s] Level 1:colcon.colcon_core.package_identification:_identify(src/install) by extension 'ignore'
[0.175s] Level 1:colcon.colcon_core.package_identification:_identify(src/install) ignored
[0.175s] Level 1:colcon.colcon_core.package_identification:_identify(src/log) by extensions ['ignore', 'ignore_ament_install']
[0.175s] Level 1:colcon.colcon_core.package_identification:_identify(src/log) by extension 'ignore'
[0.175s] Level 1:colcon.colcon_core.package_identification:_identify(src/log) ignored
[0.176s] Level 1:colcon.colcon_core.package_identification:_identify(src/msgs) by extensions ['ignore', 'ignore_ament_install']
[0.176s] Level 1:colcon.colcon_core.package_identification:_identify(src/msgs) by extension 'ignore'
[0.176s] Level 1:colcon.colcon_core.package_identification:_identify(src/msgs) by extension 'ignore_ament_install'
[0.176s] Level 1:colcon.colcon_core.package_identification:_identify(src/msgs) by extensions ['colcon_pkg']
[0.176s] Level 1:colcon.colcon_core.package_identification:_identify(src/msgs) by extension 'colcon_pkg'
[0.176s] Level 1:colcon.colcon_core.package_identification:_identify(src/msgs) by extensions ['colcon_meta']
[0.176s] Level 1:colcon.colcon_core.package_identification:_identify(src/msgs) by extension 'colcon_meta'
[0.176s] Level 1:colcon.colcon_core.package_identification:_identify(src/msgs) by extensions ['ros']
[0.176s] Level 1:colcon.colcon_core.package_identification:_identify(src/msgs) by extension 'ros'
[0.176s] Level 1:colcon.colcon_core.package_identification:_identify(src/msgs) by extensions ['cmake', 'python']
[0.176s] Level 1:colcon.colcon_core.package_identification:_identify(src/msgs) by extension 'cmake'
[0.176s] Level 1:colcon.colcon_core.package_identification:_identify(src/msgs) by extension 'python'
[0.176s] Level 1:colcon.colcon_core.package_identification:_identify(src/msgs) by extensions ['python_setup_py']
[0.176s] Level 1:colcon.colcon_core.package_identification:_identify(src/msgs) by extension 'python_setup_py'
[0.177s] Level 1:colcon.colcon_core.package_identification:_identify(src/msgs/additional_msgs) by extensions ['ignore', 'ignore_ament_install']
[0.177s] Level 1:colcon.colcon_core.package_identification:_identify(src/msgs/additional_msgs) by extension 'ignore'
[0.177s] Level 1:colcon.colcon_core.package_identification:_identify(src/msgs/additional_msgs) by extension 'ignore_ament_install'
[0.177s] Level 1:colcon.colcon_core.package_identification:_identify(src/msgs/additional_msgs) by extensions ['colcon_pkg']
[0.177s] Level 1:colcon.colcon_core.package_identification:_identify(src/msgs/additional_msgs) by extension 'colcon_pkg'
[0.177s] Level 1:colcon.colcon_core.package_identification:_identify(src/msgs/additional_msgs) by extensions ['colcon_meta']
[0.177s] Level 1:colcon.colcon_core.package_identification:_identify(src/msgs/additional_msgs) by extension 'colcon_meta'
[0.177s] Level 1:colcon.colcon_core.package_identification:_identify(src/msgs/additional_msgs) by extensions ['ros']
[0.177s] Level 1:colcon.colcon_core.package_identification:_identify(src/msgs/additional_msgs) by extension 'ros'
[0.178s] DEBUG:colcon.colcon_core.package_identification:Package 'src/msgs/additional_msgs' with type 'ros.ament_cmake' and name 'additional_msgs'
[0.178s] Level 1:colcon.colcon_core.package_identification:_identify(src/msgs/autoware_auto_msgs) by extensions ['ignore', 'ignore_ament_install']
[0.178s] Level 1:colcon.colcon_core.package_identification:_identify(src/msgs/autoware_auto_msgs) by extension 'ignore'
[0.178s] Level 1:colcon.colcon_core.package_identification:_identify(src/msgs/autoware_auto_msgs) by extension 'ignore_ament_install'
[0.178s] Level 1:colcon.colcon_core.package_identification:_identify(src/msgs/autoware_auto_msgs) by extensions ['colcon_pkg']
[0.178s] Level 1:colcon.colcon_core.package_identification:_identify(src/msgs/autoware_auto_msgs) by extension 'colcon_pkg'
[0.178s] Level 1:colcon.colcon_core.package_identification:_identify(src/msgs/autoware_auto_msgs) by extensions ['colcon_meta']
[0.178s] Level 1:colcon.colcon_core.package_identification:_identify(src/msgs/autoware_auto_msgs) by extension 'colcon_meta'
[0.178s] Level 1:colcon.colcon_core.package_identification:_identify(src/msgs/autoware_auto_msgs) by extensions ['ros']
[0.179s] Level 1:colcon.colcon_core.package_identification:_identify(src/msgs/autoware_auto_msgs) by extension 'ros'
[0.180s] DEBUG:colcon.colcon_core.package_identification:Package 'src/msgs/autoware_auto_msgs' with type 'ros.ament_cmake' and name 'autoware_auto_msgs'
[0.180s] Level 1:colcon.colcon_core.package_identification:_identify(src/msgs/tracked_lane_msgs) by extensions ['ignore', 'ignore_ament_install']
[0.180s] Level 1:colcon.colcon_core.package_identification:_identify(src/msgs/tracked_lane_msgs) by extension 'ignore'
[0.180s] Level 1:colcon.colcon_core.package_identification:_identify(src/msgs/tracked_lane_msgs) by extension 'ignore_ament_install'
[0.180s] Level 1:colcon.colcon_core.package_identification:_identify(src/msgs/tracked_lane_msgs) by extensions ['colcon_pkg']
[0.180s] Level 1:colcon.colcon_core.package_identification:_identify(src/msgs/tracked_lane_msgs) by extension 'colcon_pkg'
[0.180s] Level 1:colcon.colcon_core.package_identification:_identify(src/msgs/tracked_lane_msgs) by extensions ['colcon_meta']
[0.180s] Level 1:colcon.colcon_core.package_identification:_identify(src/msgs/tracked_lane_msgs) by extension 'colcon_meta'
[0.180s] Level 1:colcon.colcon_core.package_identification:_identify(src/msgs/tracked_lane_msgs) by extensions ['ros']
[0.180s] Level 1:colcon.colcon_core.package_identification:_identify(src/msgs/tracked_lane_msgs) by extension 'ros'
[0.181s] DEBUG:colcon.colcon_core.package_identification:Package 'src/msgs/tracked_lane_msgs' with type 'ros.ament_cmake' and name 'tracked_lane_msgs'
[0.181s] Level 1:colcon.colcon_core.package_identification:_identify(src/msgs/tracked_object_msgs) by extensions ['ignore', 'ignore_ament_install']
[0.181s] Level 1:colcon.colcon_core.package_identification:_identify(src/msgs/tracked_object_msgs) by extension 'ignore'
[0.181s] Level 1:colcon.colcon_core.package_identification:_identify(src/msgs/tracked_object_msgs) by extension 'ignore_ament_install'
[0.181s] Level 1:colcon.colcon_core.package_identification:_identify(src/msgs/tracked_object_msgs) by extensions ['colcon_pkg']
[0.181s] Level 1:colcon.colcon_core.package_identification:_identify(src/msgs/tracked_object_msgs) by extension 'colcon_pkg'
[0.181s] Level 1:colcon.colcon_core.package_identification:_identify(src/msgs/tracked_object_msgs) by extensions ['colcon_meta']
[0.182s] Level 1:colcon.colcon_core.package_identification:_identify(src/msgs/tracked_object_msgs) by extension 'colcon_meta'
[0.182s] Level 1:colcon.colcon_core.package_identification:_identify(src/msgs/tracked_object_msgs) by extensions ['ros']
[0.182s] Level 1:colcon.colcon_core.package_identification:_identify(src/msgs/tracked_object_msgs) by extension 'ros'
[0.190s] DEBUG:colcon.colcon_core.package_identification:Package 'src/msgs/tracked_object_msgs' with type 'ros.ament_cmake' and name 'tracked_object_msgs'
[0.190s] Level 1:colcon.colcon_core.package_identification:_identify(src/python3) by extensions ['ignore', 'ignore_ament_install']
[0.190s] Level 1:colcon.colcon_core.package_identification:_identify(src/python3) by extension 'ignore'
[0.190s] Level 1:colcon.colcon_core.package_identification:_identify(src/python3) by extension 'ignore_ament_install'
[0.190s] Level 1:colcon.colcon_core.package_identification:_identify(src/python3) by extensions ['colcon_pkg']
[0.190s] Level 1:colcon.colcon_core.package_identification:_identify(src/python3) by extension 'colcon_pkg'
[0.190s] Level 1:colcon.colcon_core.package_identification:_identify(src/python3) by extensions ['colcon_meta']
[0.190s] Level 1:colcon.colcon_core.package_identification:_identify(src/python3) by extension 'colcon_meta'
[0.190s] Level 1:colcon.colcon_core.package_identification:_identify(src/python3) by extensions ['ros']
[0.190s] Level 1:colcon.colcon_core.package_identification:_identify(src/python3) by extension 'ros'
[0.190s] Level 1:colcon.colcon_core.package_identification:_identify(src/python3) by extensions ['cmake', 'python']
[0.190s] Level 1:colcon.colcon_core.package_identification:_identify(src/python3) by extension 'cmake'
[0.190s] Level 1:colcon.colcon_core.package_identification:_identify(src/python3) by extension 'python'
[0.190s] Level 1:colcon.colcon_core.package_identification:_identify(src/python3) by extensions ['python_setup_py']
[0.190s] Level 1:colcon.colcon_core.package_identification:_identify(src/python3) by extension 'python_setup_py'
[0.191s] Level 1:colcon.colcon_core.package_identification:_identify(src/python_publisher) by extensions ['ignore', 'ignore_ament_install']
[0.191s] Level 1:colcon.colcon_core.package_identification:_identify(src/python_publisher) by extension 'ignore'
[0.191s] Level 1:colcon.colcon_core.package_identification:_identify(src/python_publisher) by extension 'ignore_ament_install'
[0.191s] Level 1:colcon.colcon_core.package_identification:_identify(src/python_publisher) by extensions ['colcon_pkg']
[0.191s] Level 1:colcon.colcon_core.package_identification:_identify(src/python_publisher) by extension 'colcon_pkg'
[0.191s] Level 1:colcon.colcon_core.package_identification:_identify(src/python_publisher) by extensions ['colcon_meta']
[0.191s] Level 1:colcon.colcon_core.package_identification:_identify(src/python_publisher) by extension 'colcon_meta'
[0.191s] Level 1:colcon.colcon_core.package_identification:_identify(src/python_publisher) by extensions ['ros']
[0.191s] Level 1:colcon.colcon_core.package_identification:_identify(src/python_publisher) by extension 'ros'
[0.192s] DEBUG:colcon.colcon_core.package_identification:Package 'src/python_publisher' with type 'ros.ament_python' and name 'python_publisher'
[0.192s] Level 1:colcon.colcon_core.package_discovery:discover_packages(recursive) using defaults
[0.192s] Level 1:colcon.colcon_core.package_discovery:discover_packages(ignore) discover
[0.192s] Level 1:colcon.colcon_core.package_discovery:discover_packages(ignore) using defaults
[0.192s] Level 1:colcon.colcon_core.package_discovery:discover_packages(path) discover
[0.192s] Level 1:colcon.colcon_core.package_discovery:discover_packages(path) using defaults
[0.222s] Level 1:colcon.colcon_core.package_discovery:discover_packages(prefix_path) check parameters
[0.222s] Level 1:colcon.colcon_core.package_discovery:discover_packages(prefix_path) discover
[0.224s] DEBUG:colcon.colcon_installed_package_information.package_discovery:Found 6 installed packages in /home/kcg/Autonomous_kcg/ROS2Sample/install
[0.225s] DEBUG:colcon.colcon_installed_package_information.package_discovery:Found 2 installed packages in /home/kcg/Deliverables/colcon_workspace/install
[0.226s] DEBUG:colcon.colcon_installed_package_information.package_discovery:Found 2 installed packages in /home/kcg/Autonomous_kcg/switch_ws/Deliverables/colcon_workspace/install
[0.228s] DEBUG:colcon.colcon_installed_package_information.package_discovery:Found 256 installed packages in /opt/ros/foxy
[0.229s] Level 1:colcon.colcon_core.package_discovery:discover_packages(prefix_path) using defaults
[0.291s] Level 5:colcon.colcon_core.verb:set package 'additional_msgs' build argument 'cmake_args' from command line to 'None'
[0.291s] Level 5:colcon.colcon_core.verb:set package 'additional_msgs' build argument 'cmake_target' from command line to 'None'
[0.292s] Level 5:colcon.colcon_core.verb:set package 'additional_msgs' build argument 'cmake_target_skip_unavailable' from command line to 'False'
[0.292s] Level 5:colcon.colcon_core.verb:set package 'additional_msgs' build argument 'cmake_clean_cache' from command line to 'False'
[0.292s] Level 5:colcon.colcon_core.verb:set package 'additional_msgs' build argument 'cmake_clean_first' from command line to 'False'
[0.292s] Level 5:colcon.colcon_core.verb:set package 'additional_msgs' build argument 'cmake_force_configure' from command line to 'False'
[0.292s] Level 5:colcon.colcon_core.verb:set package 'additional_msgs' build argument 'ament_cmake_args' from command line to 'None'
[0.292s] Level 5:colcon.colcon_core.verb:set package 'additional_msgs' build argument 'catkin_cmake_args' from command line to 'None'
[0.292s] Level 5:colcon.colcon_core.verb:set package 'additional_msgs' build argument 'catkin_skip_building_tests' from command line to 'False'
[0.292s] DEBUG:colcon.colcon_core.verb:Building package 'additional_msgs' with the following arguments: {'ament_cmake_args': None, 'build_base': '/home/kcg/Autonomous_kcg/ROS2Sample/build/additional_msgs', 'catkin_cmake_args': None, 'catkin_skip_building_tests': False, 'cmake_args': None, 'cmake_clean_cache': False, 'cmake_clean_first': False, 'cmake_force_configure': False, 'cmake_target': None, 'cmake_target_skip_unavailable': False, 'install_base': '/home/kcg/Autonomous_kcg/ROS2Sample/install/additional_msgs', 'merge_install': False, 'path': '/home/kcg/Autonomous_kcg/ROS2Sample/src/msgs/additional_msgs', 'symlink_install': False, 'test_result_base': None}
[0.293s] Level 5:colcon.colcon_core.verb:set package 'autoware_auto_msgs' build argument 'cmake_args' from command line to 'None'
[0.293s] Level 5:colcon.colcon_core.verb:set package 'autoware_auto_msgs' build argument 'cmake_target' from command line to 'None'
[0.293s] Level 5:colcon.colcon_core.verb:set package 'autoware_auto_msgs' build argument 'cmake_target_skip_unavailable' from command line to 'False'
[0.293s] Level 5:colcon.colcon_core.verb:set package 'autoware_auto_msgs' build argument 'cmake_clean_cache' from command line to 'False'
[0.293s] Level 5:colcon.colcon_core.verb:set package 'autoware_auto_msgs' build argument 'cmake_clean_first' from command line to 'False'
[0.293s] Level 5:colcon.colcon_core.verb:set package 'autoware_auto_msgs' build argument 'cmake_force_configure' from command line to 'False'
[0.293s] Level 5:colcon.colcon_core.verb:set package 'autoware_auto_msgs' build argument 'ament_cmake_args' from command line to 'None'
[0.293s] Level 5:colcon.colcon_core.verb:set package 'autoware_auto_msgs' build argument 'catkin_cmake_args' from command line to 'None'
[0.293s] Level 5:colcon.colcon_core.verb:set package 'autoware_auto_msgs' build argument 'catkin_skip_building_tests' from command line to 'False'
[0.293s] DEBUG:colcon.colcon_core.verb:Building package 'autoware_auto_msgs' with the following arguments: {'ament_cmake_args': None, 'build_base': '/home/kcg/Autonomous_kcg/ROS2Sample/build/autoware_auto_msgs', 'catkin_cmake_args': None, 'catkin_skip_building_tests': False, 'cmake_args': None, 'cmake_clean_cache': False, 'cmake_clean_first': False, 'cmake_force_configure': False, 'cmake_target': None, 'cmake_target_skip_unavailable': False, 'install_base': '/home/kcg/Autonomous_kcg/ROS2Sample/install/autoware_auto_msgs', 'merge_install': False, 'path': '/home/kcg/Autonomous_kcg/ROS2Sample/src/msgs/autoware_auto_msgs', 'symlink_install': False, 'test_result_base': None}
[0.295s] Level 5:colcon.colcon_core.verb:set package 'cognata_sdk_ros2' build argument 'cmake_args' from command line to 'None'
[0.295s] Level 5:colcon.colcon_core.verb:set package 'cognata_sdk_ros2' build argument 'cmake_target' from command line to 'None'
[0.295s] Level 5:colcon.colcon_core.verb:set package 'cognata_sdk_ros2' build argument 'cmake_target_skip_unavailable' from command line to 'False'
[0.295s] Level 5:colcon.colcon_core.verb:set package 'cognata_sdk_ros2' build argument 'cmake_clean_cache' from command line to 'False'
[0.295s] Level 5:colcon.colcon_core.verb:set package 'cognata_sdk_ros2' build argument 'cmake_clean_first' from command line to 'False'
[0.295s] Level 5:colcon.colcon_core.verb:set package 'cognata_sdk_ros2' build argument 'cmake_force_configure' from command line to 'False'
[0.295s] Level 5:colcon.colcon_core.verb:set package 'cognata_sdk_ros2' build argument 'ament_cmake_args' from command line to 'None'
[0.295s] Level 5:colcon.colcon_core.verb:set package 'cognata_sdk_ros2' build argument 'catkin_cmake_args' from command line to 'None'
[0.295s] Level 5:colcon.colcon_core.verb:set package 'cognata_sdk_ros2' build argument 'catkin_skip_building_tests' from command line to 'False'
[0.295s] DEBUG:colcon.colcon_core.verb:Building package 'cognata_sdk_ros2' with the following arguments: {'ament_cmake_args': None, 'build_base': '/home/kcg/Autonomous_kcg/ROS2Sample/build/cognata_sdk_ros2', 'catkin_cmake_args': None, 'catkin_skip_building_tests': False, 'cmake_args': None, 'cmake_clean_cache': False, 'cmake_clean_first': False, 'cmake_force_configure': False, 'cmake_target': None, 'cmake_target_skip_unavailable': False, 'install_base': '/home/kcg/Autonomous_kcg/ROS2Sample/install/cognata_sdk_ros2', 'merge_install': False, 'path': '/home/kcg/Autonomous_kcg/ROS2Sample/src/cognata_sdk_ros2', 'symlink_install': False, 'test_result_base': None}
[0.297s] Level 5:colcon.colcon_core.verb:set package 'tracked_lane_msgs' build argument 'cmake_args' from command line to 'None'
[0.297s] Level 5:colcon.colcon_core.verb:set package 'tracked_lane_msgs' build argument 'cmake_target' from command line to 'None'
[0.297s] Level 5:colcon.colcon_core.verb:set package 'tracked_lane_msgs' build argument 'cmake_target_skip_unavailable' from command line to 'False'
[0.297s] Level 5:colcon.colcon_core.verb:set package 'tracked_lane_msgs' build argument 'cmake_clean_cache' from command line to 'False'
[0.297s] Level 5:colcon.colcon_core.verb:set package 'tracked_lane_msgs' build argument 'cmake_clean_first' from command line to 'False'
[0.297s] Level 5:colcon.colcon_core.verb:set package 'tracked_lane_msgs' build argument 'cmake_force_configure' from command line to 'False'
[0.297s] Level 5:colcon.colcon_core.verb:set package 'tracked_lane_msgs' build argument 'ament_cmake_args' from command line to 'None'
[0.297s] Level 5:colcon.colcon_core.verb:set package 'tracked_lane_msgs' build argument 'catkin_cmake_args' from command line to 'None'
[0.297s] Level 5:colcon.colcon_core.verb:set package 'tracked_lane_msgs' build argument 'catkin_skip_building_tests' from command line to 'False'
[0.297s] DEBUG:colcon.colcon_core.verb:Building package 'tracked_lane_msgs' with the following arguments: {'ament_cmake_args': None, 'build_base': '/home/kcg/Autonomous_kcg/ROS2Sample/build/tracked_lane_msgs', 'catkin_cmake_args': None, 'catkin_skip_building_tests': False, 'cmake_args': None, 'cmake_clean_cache': False, 'cmake_clean_first': False, 'cmake_force_configure': False, 'cmake_target': None, 'cmake_target_skip_unavailable': False, 'install_base': '/home/kcg/Autonomous_kcg/ROS2Sample/install/tracked_lane_msgs', 'merge_install': False, 'path': '/home/kcg/Autonomous_kcg/ROS2Sample/src/msgs/tracked_lane_msgs', 'symlink_install': False, 'test_result_base': None}
[0.299s] Level 5:colcon.colcon_core.verb:set package 'tracked_object_msgs' build argument 'cmake_args' from command line to 'None'
[0.299s] Level 5:colcon.colcon_core.verb:set package 'tracked_object_msgs' build argument 'cmake_target' from command line to 'None'
[0.299s] Level 5:colcon.colcon_core.verb:set package 'tracked_object_msgs' build argument 'cmake_target_skip_unavailable' from command line to 'False'
[0.299s] Level 5:colcon.colcon_core.verb:set package 'tracked_object_msgs' build argument 'cmake_clean_cache' from command line to 'False'
[0.299s] Level 5:colcon.colcon_core.verb:set package 'tracked_object_msgs' build argument 'cmake_clean_first' from command line to 'False'
[0.299s] Level 5:colcon.colcon_core.verb:set package 'tracked_object_msgs' build argument 'cmake_force_configure' from command line to 'False'
[0.299s] Level 5:colcon.colcon_core.verb:set package 'tracked_object_msgs' build argument 'ament_cmake_args' from command line to 'None'
[0.299s] Level 5:colcon.colcon_core.verb:set package 'tracked_object_msgs' build argument 'catkin_cmake_args' from command line to 'None'
[0.299s] Level 5:colcon.colcon_core.verb:set package 'tracked_object_msgs' build argument 'catkin_skip_building_tests' from command line to 'False'
[0.299s] DEBUG:colcon.colcon_core.verb:Building package 'tracked_object_msgs' with the following arguments: {'ament_cmake_args': None, 'build_base': '/home/kcg/Autonomous_kcg/ROS2Sample/build/tracked_object_msgs', 'catkin_cmake_args': None, 'catkin_skip_building_tests': False, 'cmake_args': None, 'cmake_clean_cache': False, 'cmake_clean_first': False, 'cmake_force_configure': False, 'cmake_target': None, 'cmake_target_skip_unavailable': False, 'install_base': '/home/kcg/Autonomous_kcg/ROS2Sample/install/tracked_object_msgs', 'merge_install': False, 'path': '/home/kcg/Autonomous_kcg/ROS2Sample/src/msgs/tracked_object_msgs', 'symlink_install': False, 'test_result_base': None}
[0.301s] Level 5:colcon.colcon_core.verb:set package 'python_publisher' build argument 'cmake_args' from command line to 'None'
[0.301s] Level 5:colcon.colcon_core.verb:set package 'python_publisher' build argument 'cmake_target' from command line to 'None'
[0.301s] Level 5:colcon.colcon_core.verb:set package 'python_publisher' build argument 'cmake_target_skip_unavailable' from command line to 'False'
[0.301s] Level 5:colcon.colcon_core.verb:set package 'python_publisher' build argument 'cmake_clean_cache' from command line to 'False'
[0.301s] Level 5:colcon.colcon_core.verb:set package 'python_publisher' build argument 'cmake_clean_first' from command line to 'False'
[0.301s] Level 5:colcon.colcon_core.verb:set package 'python_publisher' build argument 'cmake_force_configure' from command line to 'False'
[0.301s] Level 5:colcon.colcon_core.verb:set package 'python_publisher' build argument 'ament_cmake_args' from command line to 'None'
[0.301s] Level 5:colcon.colcon_core.verb:set package 'python_publisher' build argument 'catkin_cmake_args' from command line to 'None'
[0.301s] Level 5:colcon.colcon_core.verb:set package 'python_publisher' build argument 'catkin_skip_building_tests' from command line to 'False'
[0.301s] DEBUG:colcon.colcon_core.verb:Building package 'python_publisher' with the following arguments: {'ament_cmake_args': None, 'build_base': '/home/kcg/Autonomous_kcg/ROS2Sample/build/python_publisher', 'catkin_cmake_args': None, 'catkin_skip_building_tests': False, 'cmake_args': None, 'cmake_clean_cache': False, 'cmake_clean_first': False, 'cmake_force_configure': False, 'cmake_target': None, 'cmake_target_skip_unavailable': False, 'install_base': '/home/kcg/Autonomous_kcg/ROS2Sample/install/python_publisher', 'merge_install': False, 'path': '/home/kcg/Autonomous_kcg/ROS2Sample/src/python_publisher', 'symlink_install': False, 'test_result_base': None}
[0.303s] INFO:colcon.colcon_core.executor:Executing jobs using 'parallel' executor
[0.309s] DEBUG:colcon.colcon_parallel_executor.executor.parallel:run_until_complete
[0.309s] INFO:colcon.colcon_ros.task.ament_cmake.build:Building ROS package in '/home/kcg/Autonomous_kcg/ROS2Sample/src/cognata_sdk_ros2' with build type 'ament_cmake'
[0.309s] INFO:colcon.colcon_cmake.task.cmake.build:Building CMake package in '/home/kcg/Autonomous_kcg/ROS2Sample/src/cognata_sdk_ros2'
[0.313s] INFO:colcon.colcon_core.plugin_system:Skipping extension 'colcon_core.shell.bat': Not used on non-Windows systems
[0.313s] INFO:colcon.colcon_core.shell:Skip shell extension 'powershell' for command environment: Not usable outside of PowerShell
[0.314s] DEBUG:colcon.colcon_core.shell:Skip shell extension 'dsv' for command environment
[0.321s] INFO:colcon.colcon_ros.task.ament_cmake.build:Building ROS package in '/home/kcg/Autonomous_kcg/ROS2Sample/src/msgs/tracked_lane_msgs' with build type 'ament_cmake'
[0.322s] INFO:colcon.colcon_cmake.task.cmake.build:Building CMake package in '/home/kcg/Autonomous_kcg/ROS2Sample/src/msgs/tracked_lane_msgs'
[0.323s] INFO:colcon.colcon_core.shell:Skip shell extension 'powershell' for command environment: Not usable outside of PowerShell
[0.323s] DEBUG:colcon.colcon_core.shell:Skip shell extension 'dsv' for command environment
[0.332s] INFO:colcon.colcon_ros.task.ament_cmake.build:Building ROS package in '/home/kcg/Autonomous_kcg/ROS2Sample/src/msgs/tracked_object_msgs' with build type 'ament_cmake'
[0.332s] INFO:colcon.colcon_cmake.task.cmake.build:Building CMake package in '/home/kcg/Autonomous_kcg/ROS2Sample/src/msgs/tracked_object_msgs'
[0.334s] INFO:colcon.colcon_core.shell:Skip shell extension 'powershell' for command environment: Not usable outside of PowerShell
[0.334s] DEBUG:colcon.colcon_core.shell:Skip shell extension 'dsv' for command environment
[0.343s] INFO:colcon.colcon_ros.task.ament_cmake.build:Building ROS package in '/home/kcg/Autonomous_kcg/ROS2Sample/src/msgs/additional_msgs' with build type 'ament_cmake'
[0.344s] INFO:colcon.colcon_cmake.task.cmake.build:Building CMake package in '/home/kcg/Autonomous_kcg/ROS2Sample/src/msgs/additional_msgs'
[0.345s] INFO:colcon.colcon_core.shell:Skip shell extension 'powershell' for command environment: Not usable outside of PowerShell
[0.346s] DEBUG:colcon.colcon_core.shell:Skip shell extension 'dsv' for command environment
[0.354s] INFO:colcon.colcon_ros.task.ament_cmake.build:Building ROS package in '/home/kcg/Autonomous_kcg/ROS2Sample/src/msgs/autoware_auto_msgs' with build type 'ament_cmake'
[0.355s] INFO:colcon.colcon_cmake.task.cmake.build:Building CMake package in '/home/kcg/Autonomous_kcg/ROS2Sample/src/msgs/autoware_auto_msgs'
[0.357s] INFO:colcon.colcon_core.shell:Skip shell extension 'powershell' for command environment: Not usable outside of PowerShell
[0.357s] DEBUG:colcon.colcon_core.shell:Skip shell extension 'dsv' for command environment
[0.371s] DEBUG:colcon.colcon_core.event_handler.log_command:Invoking command in '/home/kcg/Autonomous_kcg/ROS2Sample/build/cognata_sdk_ros2': CMAKE_PREFIX_PATH=${CMAKE_PREFIX_PATH}:/home/kcg/Autonomous_kcg/ROS2Sample/install/python_publisher:/opt/ros/foxy /usr/bin/cmake --build /home/kcg/Autonomous_kcg/ROS2Sample/build/cognata_sdk_ros2 -- -j8 -l8
[0.382s] DEBUG:colcon.colcon_core.event_handler.log_command:Invoking command in '/home/kcg/Autonomous_kcg/ROS2Sample/build/tracked_lane_msgs': CMAKE_PREFIX_PATH=${CMAKE_PREFIX_PATH}:/home/kcg/Autonomous_kcg/ROS2Sample/install/python_publisher:/opt/ros/foxy /usr/bin/cmake --build /home/kcg/Autonomous_kcg/ROS2Sample/build/tracked_lane_msgs -- -j8 -l8
[0.387s] DEBUG:colcon.colcon_core.event_handler.log_command:Invoking command in '/home/kcg/Autonomous_kcg/ROS2Sample/build/tracked_object_msgs': CMAKE_PREFIX_PATH=${CMAKE_PREFIX_PATH}:/home/kcg/Autonomous_kcg/ROS2Sample/install/python_publisher:/opt/ros/foxy /usr/bin/cmake --build /home/kcg/Autonomous_kcg/ROS2Sample/build/tracked_object_msgs -- -j8 -l8
[0.399s] DEBUG:colcon.colcon_core.event_handler.log_command:Invoking command in '/home/kcg/Autonomous_kcg/ROS2Sample/build/additional_msgs': CMAKE_PREFIX_PATH=${CMAKE_PREFIX_PATH}:/home/kcg/Autonomous_kcg/ROS2Sample/install/python_publisher:/opt/ros/foxy /usr/bin/cmake --build /home/kcg/Autonomous_kcg/ROS2Sample/build/additional_msgs -- -j8 -l8
[0.406s] DEBUG:colcon.colcon_core.event_handler.log_command:Invoking command in '/home/kcg/Autonomous_kcg/ROS2Sample/build/autoware_auto_msgs': CMAKE_PREFIX_PATH=${CMAKE_PREFIX_PATH}:/home/kcg/Autonomous_kcg/ROS2Sample/install/python_publisher:/opt/ros/foxy /usr/bin/cmake --build /home/kcg/Autonomous_kcg/ROS2Sample/build/autoware_auto_msgs -- -j8 -l8
[0.835s] DEBUG:colcon.colcon_core.event_handler.log_command:Invoked command in '/home/kcg/Autonomous_kcg/ROS2Sample/build/additional_msgs' returned '0': CMAKE_PREFIX_PATH=${CMAKE_PREFIX_PATH}:/home/kcg/Autonomous_kcg/ROS2Sample/install/python_publisher:/opt/ros/foxy /usr/bin/cmake --build /home/kcg/Autonomous_kcg/ROS2Sample/build/additional_msgs -- -j8 -l8
[0.851s] DEBUG:colcon.colcon_core.event_handler.log_command:Invoked command in '/home/kcg/Autonomous_kcg/ROS2Sample/build/tracked_object_msgs' returned '0': CMAKE_PREFIX_PATH=${CMAKE_PREFIX_PATH}:/home/kcg/Autonomous_kcg/ROS2Sample/install/python_publisher:/opt/ros/foxy /usr/bin/cmake --build /home/kcg/Autonomous_kcg/ROS2Sample/build/tracked_object_msgs -- -j8 -l8
[0.865s] DEBUG:colcon.colcon_core.event_handler.log_command:Invoked command in '/home/kcg/Autonomous_kcg/ROS2Sample/build/tracked_lane_msgs' returned '0': CMAKE_PREFIX_PATH=${CMAKE_PREFIX_PATH}:/home/kcg/Autonomous_kcg/ROS2Sample/install/python_publisher:/opt/ros/foxy /usr/bin/cmake --build /home/kcg/Autonomous_kcg/ROS2Sample/build/tracked_lane_msgs -- -j8 -l8
[0.885s] DEBUG:colcon.colcon_core.event_handler.log_command:Invoked command in '/home/kcg/Autonomous_kcg/ROS2Sample/build/cognata_sdk_ros2' returned '0': CMAKE_PREFIX_PATH=${CMAKE_PREFIX_PATH}:/home/kcg/Autonomous_kcg/ROS2Sample/install/python_publisher:/opt/ros/foxy /usr/bin/cmake --build /home/kcg/Autonomous_kcg/ROS2Sample/build/cognata_sdk_ros2 -- -j8 -l8
[0.897s] DEBUG:colcon.colcon_core.event_handler.log_command:Invoked command in '/home/kcg/Autonomous_kcg/ROS2Sample/build/autoware_auto_msgs' returned '0': CMAKE_PREFIX_PATH=${CMAKE_PREFIX_PATH}:/home/kcg/Autonomous_kcg/ROS2Sample/install/python_publisher:/opt/ros/foxy /usr/bin/cmake --build /home/kcg/Autonomous_kcg/ROS2Sample/build/autoware_auto_msgs -- -j8 -l8
[0.945s] DEBUG:colcon.colcon_core.event_handler.log_command:Invoking command in '/home/kcg/Autonomous_kcg/ROS2Sample/build/additional_msgs': CMAKE_PREFIX_PATH=${CMAKE_PREFIX_PATH}:/home/kcg/Autonomous_kcg/ROS2Sample/install/python_publisher:/opt/ros/foxy /usr/bin/cmake --install /home/kcg/Autonomous_kcg/ROS2Sample/build/additional_msgs
[0.979s] DEBUG:colcon.colcon_core.event_handler.log_command:Invoking command in '/home/kcg/Autonomous_kcg/ROS2Sample/build/autoware_auto_msgs': CMAKE_PREFIX_PATH=${CMAKE_PREFIX_PATH}:/home/kcg/Autonomous_kcg/ROS2Sample/install/python_publisher:/opt/ros/foxy /usr/bin/cmake --install /home/kcg/Autonomous_kcg/ROS2Sample/build/autoware_auto_msgs
[0.989s] DEBUG:colcon.colcon_core.event_handler.log_command:Invoking command in '/home/kcg/Autonomous_kcg/ROS2Sample/build/tracked_object_msgs': CMAKE_PREFIX_PATH=${CMAKE_PREFIX_PATH}:/home/kcg/Autonomous_kcg/ROS2Sample/install/python_publisher:/opt/ros/foxy /usr/bin/cmake --install /home/kcg/Autonomous_kcg/ROS2Sample/build/tracked_object_msgs
[1.027s] DEBUG:colcon.colcon_core.event_handler.log_command:Invoking command in '/home/kcg/Autonomous_kcg/ROS2Sample/build/tracked_lane_msgs': CMAKE_PREFIX_PATH=${CMAKE_PREFIX_PATH}:/home/kcg/Autonomous_kcg/ROS2Sample/install/python_publisher:/opt/ros/foxy /usr/bin/cmake --install /home/kcg/Autonomous_kcg/ROS2Sample/build/tracked_lane_msgs
[1.035s] Level 1:colcon.colcon_core.environment:create_environment_scripts_only(additional_msgs)
[1.047s] DEBUG:colcon.colcon_core.event_handler.log_command:Invoked command in '/home/kcg/Autonomous_kcg/ROS2Sample/build/additional_msgs' returned '0': CMAKE_PREFIX_PATH=${CMAKE_PREFIX_PATH}:/home/kcg/Autonomous_kcg/ROS2Sample/install/python_publisher:/opt/ros/foxy /usr/bin/cmake --install /home/kcg/Autonomous_kcg/ROS2Sample/build/additional_msgs
[1.052s] Level 1:colcon.colcon_core.environment:checking '/home/kcg/Autonomous_kcg/ROS2Sample/install/additional_msgs' for CMake module files
[1.056s] Level 1:colcon.colcon_core.environment:checking '/home/kcg/Autonomous_kcg/ROS2Sample/install/additional_msgs' for CMake config files
[1.067s] Level 1:colcon.colcon_core.shell:create_environment_hook('additional_msgs', 'cmake_prefix_path')
[1.069s] INFO:colcon.colcon_core.shell:Creating environment hook '/home/kcg/Autonomous_kcg/ROS2Sample/install/additional_msgs/share/additional_msgs/hook/cmake_prefix_path.ps1'
[1.072s] INFO:colcon.colcon_core.shell:Creating environment descriptor '/home/kcg/Autonomous_kcg/ROS2Sample/install/additional_msgs/share/additional_msgs/hook/cmake_prefix_path.dsv'
[1.073s] INFO:colcon.colcon_core.shell:Creating environment hook '/home/kcg/Autonomous_kcg/ROS2Sample/install/additional_msgs/share/additional_msgs/hook/cmake_prefix_path.sh'
[1.076s] Level 1:colcon.colcon_core.environment:checking '/home/kcg/Autonomous_kcg/ROS2Sample/install/additional_msgs/lib'
[1.076s] Level 1:colcon.colcon_core.shell:create_environment_hook('additional_msgs', 'ld_library_path_lib')
[1.078s] INFO:colcon.colcon_core.shell:Creating environment hook '/home/kcg/Autonomous_kcg/ROS2Sample/install/additional_msgs/share/additional_msgs/hook/ld_library_path_lib.ps1'
[1.079s] INFO:colcon.colcon_core.shell:Creating environment descriptor '/home/kcg/Autonomous_kcg/ROS2Sample/install/additional_msgs/share/additional_msgs/hook/ld_library_path_lib.dsv'
[1.081s] INFO:colcon.colcon_core.shell:Creating environment hook '/home/kcg/Autonomous_kcg/ROS2Sample/install/additional_msgs/share/additional_msgs/hook/ld_library_path_lib.sh'
[1.082s] Level 1:colcon.colcon_core.environment:checking '/home/kcg/Autonomous_kcg/ROS2Sample/install/additional_msgs/bin'
[1.082s] Level 1:colcon.colcon_core.environment:checking '/home/kcg/Autonomous_kcg/ROS2Sample/install/additional_msgs/lib/pkgconfig/additional_msgs.pc'
[1.083s] Level 1:colcon.colcon_core.environment:checking '/home/kcg/Autonomous_kcg/ROS2Sample/install/additional_msgs/lib/python3.8/site-packages'
[1.083s] Level 1:colcon.colcon_core.shell:create_environment_hook('additional_msgs', 'pythonpath')
[1.085s] INFO:colcon.colcon_core.shell:Creating environment hook '/home/kcg/Autonomous_kcg/ROS2Sample/install/additional_msgs/share/additional_msgs/hook/pythonpath.ps1'
[1.085s] INFO:colcon.colcon_core.shell:Creating environment descriptor '/home/kcg/Autonomous_kcg/ROS2Sample/install/additional_msgs/share/additional_msgs/hook/pythonpath.dsv'
[1.086s] INFO:colcon.colcon_core.shell:Creating environment hook '/home/kcg/Autonomous_kcg/ROS2Sample/install/additional_msgs/share/additional_msgs/hook/pythonpath.sh'
[1.087s] Level 1:colcon.colcon_core.environment:checking '/home/kcg/Autonomous_kcg/ROS2Sample/install/additional_msgs/bin'
[1.089s] INFO:colcon.colcon_core.shell:Creating package script '/home/kcg/Autonomous_kcg/ROS2Sample/install/additional_msgs/share/additional_msgs/package.ps1'
[1.091s] INFO:colcon.colcon_core.shell:Creating package descriptor '/home/kcg/Autonomous_kcg/ROS2Sample/install/additional_msgs/share/additional_msgs/package.dsv'
[1.092s] INFO:colcon.colcon_core.shell:Creating package script '/home/kcg/Autonomous_kcg/ROS2Sample/install/additional_msgs/share/additional_msgs/package.sh'
[1.094s] INFO:colcon.colcon_core.shell:Creating package script '/home/kcg/Autonomous_kcg/ROS2Sample/install/additional_msgs/share/additional_msgs/package.bash'
[1.096s] INFO:colcon.colcon_core.shell:Creating package script '/home/kcg/Autonomous_kcg/ROS2Sample/install/additional_msgs/share/additional_msgs/package.zsh'
[1.097s] Level 1:colcon.colcon_core.environment:create_file_with_runtime_dependencies(/home/kcg/Autonomous_kcg/ROS2Sample/install/additional_msgs/share/colcon-core/packages/additional_msgs)
[1.103s] Level 1:colcon.colcon_core.environment:create_environment_scripts_only(autoware_auto_msgs)
[1.106s] Level 1:colcon.colcon_core.environment:checking '/home/kcg/Autonomous_kcg/ROS2Sample/install/autoware_auto_msgs' for CMake module files
[1.110s] Level 1:colcon.colcon_core.environment:checking '/home/kcg/Autonomous_kcg/ROS2Sample/install/autoware_auto_msgs' for CMake config files
[1.115s] Level 1:colcon.colcon_core.shell:create_environment_hook('autoware_auto_msgs', 'cmake_prefix_path')
[1.118s] INFO:colcon.colcon_core.shell:Creating environment hook '/home/kcg/Autonomous_kcg/ROS2Sample/install/autoware_auto_msgs/share/autoware_auto_msgs/hook/cmake_prefix_path.ps1'
[1.119s] INFO:colcon.colcon_core.shell:Creating environment descriptor '/home/kcg/Autonomous_kcg/ROS2Sample/install/autoware_auto_msgs/share/autoware_auto_msgs/hook/cmake_prefix_path.dsv'
[1.120s] INFO:colcon.colcon_core.shell:Creating environment hook '/home/kcg/Autonomous_kcg/ROS2Sample/install/autoware_auto_msgs/share/autoware_auto_msgs/hook/cmake_prefix_path.sh'
[1.121s] Level 1:colcon.colcon_core.environment:checking '/home/kcg/Autonomous_kcg/ROS2Sample/install/autoware_auto_msgs/lib'
[1.122s] Level 1:colcon.colcon_core.shell:create_environment_hook('autoware_auto_msgs', 'ld_library_path_lib')
[1.124s] INFO:colcon.colcon_core.shell:Creating environment hook '/home/kcg/Autonomous_kcg/ROS2Sample/install/autoware_auto_msgs/share/autoware_auto_msgs/hook/ld_library_path_lib.ps1'
[1.124s] DEBUG:colcon.colcon_core.event_handler.log_command:Invoked command in '/home/kcg/Autonomous_kcg/ROS2Sample/build/autoware_auto_msgs' returned '0': CMAKE_PREFIX_PATH=${CMAKE_PREFIX_PATH}:/home/kcg/Autonomous_kcg/ROS2Sample/install/python_publisher:/opt/ros/foxy /usr/bin/cmake --install /home/kcg/Autonomous_kcg/ROS2Sample/build/autoware_auto_msgs
[1.125s] INFO:colcon.colcon_core.shell:Creating environment descriptor '/home/kcg/Autonomous_kcg/ROS2Sample/install/autoware_auto_msgs/share/autoware_auto_msgs/hook/ld_library_path_lib.dsv'
[1.126s] INFO:colcon.colcon_core.shell:Creating environment hook '/home/kcg/Autonomous_kcg/ROS2Sample/install/autoware_auto_msgs/share/autoware_auto_msgs/hook/ld_library_path_lib.sh'
[1.127s] Level 1:colcon.colcon_core.environment:checking '/home/kcg/Autonomous_kcg/ROS2Sample/install/autoware_auto_msgs/bin'
[1.127s] Level 1:colcon.colcon_core.environment:checking '/home/kcg/Autonomous_kcg/ROS2Sample/install/autoware_auto_msgs/lib/pkgconfig/autoware_auto_msgs.pc'
[1.127s] Level 1:colcon.colcon_core.environment:checking '/home/kcg/Autonomous_kcg/ROS2Sample/install/autoware_auto_msgs/lib/python3.8/site-packages'
[1.128s] Level 1:colcon.colcon_core.shell:create_environment_hook('autoware_auto_msgs', 'pythonpath')
[1.129s] INFO:colcon.colcon_core.shell:Creating environment hook '/home/kcg/Autonomous_kcg/ROS2Sample/install/autoware_auto_msgs/share/autoware_auto_msgs/hook/pythonpath.ps1'
[1.130s] INFO:colcon.colcon_core.shell:Creating environment descriptor '/home/kcg/Autonomous_kcg/ROS2Sample/install/autoware_auto_msgs/share/autoware_auto_msgs/hook/pythonpath.dsv'
[1.131s] INFO:colcon.colcon_core.shell:Creating environment hook '/home/kcg/Autonomous_kcg/ROS2Sample/install/autoware_auto_msgs/share/autoware_auto_msgs/hook/pythonpath.sh'
[1.132s] Level 1:colcon.colcon_core.environment:checking '/home/kcg/Autonomous_kcg/ROS2Sample/install/autoware_auto_msgs/bin'
[1.134s] INFO:colcon.colcon_core.shell:Creating package script '/home/kcg/Autonomous_kcg/ROS2Sample/install/autoware_auto_msgs/share/autoware_auto_msgs/package.ps1'
[1.135s] INFO:colcon.colcon_core.shell:Creating package descriptor '/home/kcg/Autonomous_kcg/ROS2Sample/install/autoware_auto_msgs/share/autoware_auto_msgs/package.dsv'
[1.137s] INFO:colcon.colcon_core.shell:Creating package script '/home/kcg/Autonomous_kcg/ROS2Sample/install/autoware_auto_msgs/share/autoware_auto_msgs/package.sh'
[1.138s] INFO:colcon.colcon_core.shell:Creating package script '/home/kcg/Autonomous_kcg/ROS2Sample/install/autoware_auto_msgs/share/autoware_auto_msgs/package.bash'
[1.139s] INFO:colcon.colcon_core.shell:Creating package script '/home/kcg/Autonomous_kcg/ROS2Sample/install/autoware_auto_msgs/share/autoware_auto_msgs/package.zsh'
[1.140s] Level 1:colcon.colcon_core.environment:create_file_with_runtime_dependencies(/home/kcg/Autonomous_kcg/ROS2Sample/install/autoware_auto_msgs/share/colcon-core/packages/autoware_auto_msgs)
[1.144s] Level 1:colcon.colcon_core.environment:create_environment_scripts_only(tracked_object_msgs)
[1.148s] Level 1:colcon.colcon_core.environment:checking '/home/kcg/Autonomous_kcg/ROS2Sample/install/tracked_object_msgs' for CMake module files
[1.151s] Level 1:colcon.colcon_core.environment:checking '/home/kcg/Autonomous_kcg/ROS2Sample/install/tracked_object_msgs' for CMake config files
[1.152s] DEBUG:colcon.colcon_core.event_handler.log_command:Invoked command in '/home/kcg/Autonomous_kcg/ROS2Sample/build/tracked_object_msgs' returned '0': CMAKE_PREFIX_PATH=${CMAKE_PREFIX_PATH}:/home/kcg/Autonomous_kcg/ROS2Sample/install/python_publisher:/opt/ros/foxy /usr/bin/cmake --install /home/kcg/Autonomous_kcg/ROS2Sample/build/tracked_object_msgs
[1.153s] Level 1:colcon.colcon_core.shell:create_environment_hook('tracked_object_msgs', 'cmake_prefix_path')
[1.155s] INFO:colcon.colcon_core.shell:Creating environment hook '/home/kcg/Autonomous_kcg/ROS2Sample/install/tracked_object_msgs/share/tracked_object_msgs/hook/cmake_prefix_path.ps1'
[1.156s] INFO:colcon.colcon_core.shell:Creating environment descriptor '/home/kcg/Autonomous_kcg/ROS2Sample/install/tracked_object_msgs/share/tracked_object_msgs/hook/cmake_prefix_path.dsv'
[1.156s] INFO:colcon.colcon_core.shell:Creating environment hook '/home/kcg/Autonomous_kcg/ROS2Sample/install/tracked_object_msgs/share/tracked_object_msgs/hook/cmake_prefix_path.sh'
[1.157s] Level 1:colcon.colcon_core.environment:checking '/home/kcg/Autonomous_kcg/ROS2Sample/install/tracked_object_msgs/lib'
[1.157s] Level 1:colcon.colcon_core.shell:create_environment_hook('tracked_object_msgs', 'ld_library_path_lib')
[1.158s] INFO:colcon.colcon_core.shell:Creating environment hook '/home/kcg/Autonomous_kcg/ROS2Sample/install/tracked_object_msgs/share/tracked_object_msgs/hook/ld_library_path_lib.ps1'
[1.159s] INFO:colcon.colcon_core.shell:Creating environment descriptor '/home/kcg/Autonomous_kcg/ROS2Sample/install/tracked_object_msgs/share/tracked_object_msgs/hook/ld_library_path_lib.dsv'
[1.159s] INFO:colcon.colcon_core.shell:Creating environment hook '/home/kcg/Autonomous_kcg/ROS2Sample/install/tracked_object_msgs/share/tracked_object_msgs/hook/ld_library_path_lib.sh'
[1.159s] Level 1:colcon.colcon_core.environment:checking '/home/kcg/Autonomous_kcg/ROS2Sample/install/tracked_object_msgs/bin'
[1.160s] Level 1:colcon.colcon_core.environment:checking '/home/kcg/Autonomous_kcg/ROS2Sample/install/tracked_object_msgs/lib/pkgconfig/tracked_object_msgs.pc'
[1.160s] Level 1:colcon.colcon_core.environment:checking '/home/kcg/Autonomous_kcg/ROS2Sample/install/tracked_object_msgs/lib/python3.8/site-packages'
[1.160s] Level 1:colcon.colcon_core.shell:create_environment_hook('tracked_object_msgs', 'pythonpath')
[1.162s] INFO:colcon.colcon_core.shell:Creating environment hook '/home/kcg/Autonomous_kcg/ROS2Sample/install/tracked_object_msgs/share/tracked_object_msgs/hook/pythonpath.ps1'
[1.162s] INFO:colcon.colcon_core.shell:Creating environment descriptor '/home/kcg/Autonomous_kcg/ROS2Sample/install/tracked_object_msgs/share/tracked_object_msgs/hook/pythonpath.dsv'
[1.163s] INFO:colcon.colcon_core.shell:Creating environment hook '/home/kcg/Autonomous_kcg/ROS2Sample/install/tracked_object_msgs/share/tracked_object_msgs/hook/pythonpath.sh'
[1.163s] Level 1:colcon.colcon_core.environment:checking '/home/kcg/Autonomous_kcg/ROS2Sample/install/tracked_object_msgs/bin'
[1.165s] INFO:colcon.colcon_core.shell:Creating package script '/home/kcg/Autonomous_kcg/ROS2Sample/install/tracked_object_msgs/share/tracked_object_msgs/package.ps1'
[1.166s] INFO:colcon.colcon_core.shell:Creating package descriptor '/home/kcg/Autonomous_kcg/ROS2Sample/install/tracked_object_msgs/share/tracked_object_msgs/package.dsv'
[1.166s] INFO:colcon.colcon_core.shell:Creating package script '/home/kcg/Autonomous_kcg/ROS2Sample/install/tracked_object_msgs/share/tracked_object_msgs/package.sh'
[1.167s] INFO:colcon.colcon_core.shell:Creating package script '/home/kcg/Autonomous_kcg/ROS2Sample/install/tracked_object_msgs/share/tracked_object_msgs/package.bash'
[1.167s] INFO:colcon.colcon_core.shell:Creating package script '/home/kcg/Autonomous_kcg/ROS2Sample/install/tracked_object_msgs/share/tracked_object_msgs/package.zsh'
[1.167s] Level 1:colcon.colcon_core.environment:create_file_with_runtime_dependencies(/home/kcg/Autonomous_kcg/ROS2Sample/install/tracked_object_msgs/share/colcon-core/packages/tracked_object_msgs)
[1.172s] Level 1:colcon.colcon_core.environment:create_environment_scripts_only(tracked_lane_msgs)
[1.175s] Level 1:colcon.colcon_core.environment:checking '/home/kcg/Autonomous_kcg/ROS2Sample/install/tracked_lane_msgs' for CMake module files
[1.176s] DEBUG:colcon.colcon_core.event_handler.log_command:Invoked command in '/home/kcg/Autonomous_kcg/ROS2Sample/build/tracked_lane_msgs' returned '0': CMAKE_PREFIX_PATH=${CMAKE_PREFIX_PATH}:/home/kcg/Autonomous_kcg/ROS2Sample/install/python_publisher:/opt/ros/foxy /usr/bin/cmake --install /home/kcg/Autonomous_kcg/ROS2Sample/build/tracked_lane_msgs
[1.177s] Level 1:colcon.colcon_core.environment:checking '/home/kcg/Autonomous_kcg/ROS2Sample/install/tracked_lane_msgs' for CMake config files
[1.178s] Level 1:colcon.colcon_core.shell:create_environment_hook('tracked_lane_msgs', 'cmake_prefix_path')
[1.180s] INFO:colcon.colcon_core.shell:Creating environment hook '/home/kcg/Autonomous_kcg/ROS2Sample/install/tracked_lane_msgs/share/tracked_lane_msgs/hook/cmake_prefix_path.ps1'
[1.180s] INFO:colcon.colcon_core.shell:Creating environment descriptor '/home/kcg/Autonomous_kcg/ROS2Sample/install/tracked_lane_msgs/share/tracked_lane_msgs/hook/cmake_prefix_path.dsv'
[1.181s] INFO:colcon.colcon_core.shell:Creating environment hook '/home/kcg/Autonomous_kcg/ROS2Sample/install/tracked_lane_msgs/share/tracked_lane_msgs/hook/cmake_prefix_path.sh'
[1.181s] Level 1:colcon.colcon_core.environment:checking '/home/kcg/Autonomous_kcg/ROS2Sample/install/tracked_lane_msgs/lib'
[1.181s] Level 1:colcon.colcon_core.shell:create_environment_hook('tracked_lane_msgs', 'ld_library_path_lib')
[1.184s] INFO:colcon.colcon_core.shell:Creating environment hook '/home/kcg/Autonomous_kcg/ROS2Sample/install/tracked_lane_msgs/share/tracked_lane_msgs/hook/ld_library_path_lib.ps1'
[1.184s] INFO:colcon.colcon_core.shell:Creating environment descriptor '/home/kcg/Autonomous_kcg/ROS2Sample/install/tracked_lane_msgs/share/tracked_lane_msgs/hook/ld_library_path_lib.dsv'
[1.185s] INFO:colcon.colcon_core.shell:Creating environment hook '/home/kcg/Autonomous_kcg/ROS2Sample/install/tracked_lane_msgs/share/tracked_lane_msgs/hook/ld_library_path_lib.sh'
[1.185s] Level 1:colcon.colcon_core.environment:checking '/home/kcg/Autonomous_kcg/ROS2Sample/install/tracked_lane_msgs/bin'
[1.185s] Level 1:colcon.colcon_core.environment:checking '/home/kcg/Autonomous_kcg/ROS2Sample/install/tracked_lane_msgs/lib/pkgconfig/tracked_lane_msgs.pc'
[1.185s] Level 1:colcon.colcon_core.environment:checking '/home/kcg/Autonomous_kcg/ROS2Sample/install/tracked_lane_msgs/lib/python3.8/site-packages'
[1.186s] Level 1:colcon.colcon_core.shell:create_environment_hook('tracked_lane_msgs', 'pythonpath')
[1.188s] INFO:colcon.colcon_core.shell:Creating environment hook '/home/kcg/Autonomous_kcg/ROS2Sample/install/tracked_lane_msgs/share/tracked_lane_msgs/hook/pythonpath.ps1'
[1.188s] INFO:colcon.colcon_core.shell:Creating environment descriptor '/home/kcg/Autonomous_kcg/ROS2Sample/install/tracked_lane_msgs/share/tracked_lane_msgs/hook/pythonpath.dsv'
[1.188s] INFO:colcon.colcon_core.shell:Creating environment hook '/home/kcg/Autonomous_kcg/ROS2Sample/install/tracked_lane_msgs/share/tracked_lane_msgs/hook/pythonpath.sh'
[1.189s] Level 1:colcon.colcon_core.environment:checking '/home/kcg/Autonomous_kcg/ROS2Sample/install/tracked_lane_msgs/bin'
[1.191s] INFO:colcon.colcon_core.shell:Creating package script '/home/kcg/Autonomous_kcg/ROS2Sample/install/tracked_lane_msgs/share/tracked_lane_msgs/package.ps1'
[1.191s] INFO:colcon.colcon_core.shell:Creating package descriptor '/home/kcg/Autonomous_kcg/ROS2Sample/install/tracked_lane_msgs/share/tracked_lane_msgs/package.dsv'
[1.192s] INFO:colcon.colcon_core.shell:Creating package script '/home/kcg/Autonomous_kcg/ROS2Sample/install/tracked_lane_msgs/share/tracked_lane_msgs/package.sh'
[1.192s] INFO:colcon.colcon_core.shell:Creating package script '/home/kcg/Autonomous_kcg/ROS2Sample/install/tracked_lane_msgs/share/tracked_lane_msgs/package.bash'
[1.193s] INFO:colcon.colcon_core.shell:Creating package script '/home/kcg/Autonomous_kcg/ROS2Sample/install/tracked_lane_msgs/share/tracked_lane_msgs/package.zsh'
[1.193s] Level 1:colcon.colcon_core.environment:create_file_with_runtime_dependencies(/home/kcg/Autonomous_kcg/ROS2Sample/install/tracked_lane_msgs/share/colcon-core/packages/tracked_lane_msgs)
[1.201s] Level 1:colcon.colcon_core.environment:create_environment_scripts_only(additional_msgs)
[1.204s] Level 1:colcon.colcon_core.environment:checking '/home/kcg/Autonomous_kcg/ROS2Sample/install/additional_msgs' for CMake module files
[1.205s] Level 1:colcon.colcon_core.environment:checking '/home/kcg/Autonomous_kcg/ROS2Sample/install/additional_msgs' for CMake config files
[1.206s] Level 1:colcon.colcon_core.shell:create_environment_hook('additional_msgs', 'cmake_prefix_path')
[1.209s] INFO:colcon.colcon_core.shell:Creating environment hook '/home/kcg/Autonomous_kcg/ROS2Sample/install/additional_msgs/share/additional_msgs/hook/cmake_prefix_path.ps1'
[1.209s] INFO:colcon.colcon_core.shell:Creating environment descriptor '/home/kcg/Autonomous_kcg/ROS2Sample/install/additional_msgs/share/additional_msgs/hook/cmake_prefix_path.dsv'
[1.210s] INFO:colcon.colcon_core.shell:Creating environment hook '/home/kcg/Autonomous_kcg/ROS2Sample/install/additional_msgs/share/additional_msgs/hook/cmake_prefix_path.sh'
[1.211s] Level 1:colcon.colcon_core.environment:checking '/home/kcg/Autonomous_kcg/ROS2Sample/install/additional_msgs/lib'
[1.211s] Level 1:colcon.colcon_core.shell:create_environment_hook('additional_msgs', 'ld_library_path_lib')
[1.213s] INFO:colcon.colcon_core.shell:Creating environment hook '/home/kcg/Autonomous_kcg/ROS2Sample/install/additional_msgs/share/additional_msgs/hook/ld_library_path_lib.ps1'
[1.213s] INFO:colcon.colcon_core.shell:Creating environment descriptor '/home/kcg/Autonomous_kcg/ROS2Sample/install/additional_msgs/share/additional_msgs/hook/ld_library_path_lib.dsv'
[1.214s] INFO:colcon.colcon_core.shell:Creating environment hook '/home/kcg/Autonomous_kcg/ROS2Sample/install/additional_msgs/share/additional_msgs/hook/ld_library_path_lib.sh'
[1.214s] Level 1:colcon.colcon_core.environment:checking '/home/kcg/Autonomous_kcg/ROS2Sample/install/additional_msgs/bin'
[1.214s] Level 1:colcon.colcon_core.environment:checking '/home/kcg/Autonomous_kcg/ROS2Sample/install/additional_msgs/lib/pkgconfig/additional_msgs.pc'
[1.214s] Level 1:colcon.colcon_core.environment:checking '/home/kcg/Autonomous_kcg/ROS2Sample/install/additional_msgs/lib/python3.8/site-packages'
[1.215s] Level 1:colcon.colcon_core.shell:create_environment_hook('additional_msgs', 'pythonpath')
[1.216s] INFO:colcon.colcon_core.shell:Creating environment hook '/home/kcg/Autonomous_kcg/ROS2Sample/install/additional_msgs/share/additional_msgs/hook/pythonpath.ps1'
[1.217s] INFO:colcon.colcon_core.shell:Creating environment descriptor '/home/kcg/Autonomous_kcg/ROS2Sample/install/additional_msgs/share/additional_msgs/hook/pythonpath.dsv'
[1.217s] INFO:colcon.colcon_core.shell:Creating environment hook '/home/kcg/Autonomous_kcg/ROS2Sample/install/additional_msgs/share/additional_msgs/hook/pythonpath.sh'
[1.218s] Level 1:colcon.colcon_core.environment:checking '/home/kcg/Autonomous_kcg/ROS2Sample/install/additional_msgs/bin'
[1.220s] INFO:colcon.colcon_core.shell:Creating package script '/home/kcg/Autonomous_kcg/ROS2Sample/install/additional_msgs/share/additional_msgs/package.ps1'
[1.221s] INFO:colcon.colcon_core.shell:Creating package descriptor '/home/kcg/Autonomous_kcg/ROS2Sample/install/additional_msgs/share/additional_msgs/package.dsv'
[1.221s] INFO:colcon.colcon_core.shell:Creating package script '/home/kcg/Autonomous_kcg/ROS2Sample/install/additional_msgs/share/additional_msgs/package.sh'
[1.222s] INFO:colcon.colcon_core.shell:Creating package script '/home/kcg/Autonomous_kcg/ROS2Sample/install/additional_msgs/share/additional_msgs/package.bash'
[1.223s] INFO:colcon.colcon_core.shell:Creating package script '/home/kcg/Autonomous_kcg/ROS2Sample/install/additional_msgs/share/additional_msgs/package.zsh'
[1.223s] Level 1:colcon.colcon_core.environment:create_file_with_runtime_dependencies(/home/kcg/Autonomous_kcg/ROS2Sample/install/additional_msgs/share/colcon-core/packages/additional_msgs)
[1.227s] Level 1:colcon.colcon_core.environment:create_environment_scripts_only(autoware_auto_msgs)
[1.229s] Level 1:colcon.colcon_core.environment:checking '/home/kcg/Autonomous_kcg/ROS2Sample/install/autoware_auto_msgs' for CMake module files
[1.230s] Level 1:colcon.colcon_core.environment:checking '/home/kcg/Autonomous_kcg/ROS2Sample/install/autoware_auto_msgs' for CMake config files
[1.230s] Level 1:colcon.colcon_core.shell:create_environment_hook('autoware_auto_msgs', 'cmake_prefix_path')
[1.232s] INFO:colcon.colcon_core.shell:Creating environment hook '/home/kcg/Autonomous_kcg/ROS2Sample/install/autoware_auto_msgs/share/autoware_auto_msgs/hook/cmake_prefix_path.ps1'
[1.232s] INFO:colcon.colcon_core.shell:Creating environment descriptor '/home/kcg/Autonomous_kcg/ROS2Sample/install/autoware_auto_msgs/share/autoware_auto_msgs/hook/cmake_prefix_path.dsv'
[1.232s] INFO:colcon.colcon_core.shell:Creating environment hook '/home/kcg/Autonomous_kcg/ROS2Sample/install/autoware_auto_msgs/share/autoware_auto_msgs/hook/cmake_prefix_path.sh'
[1.233s] Level 1:colcon.colcon_core.environment:checking '/home/kcg/Autonomous_kcg/ROS2Sample/install/autoware_auto_msgs/lib'
[1.233s] Level 1:colcon.colcon_core.shell:create_environment_hook('autoware_auto_msgs', 'ld_library_path_lib')
[1.235s] INFO:colcon.colcon_core.shell:Creating environment hook '/home/kcg/Autonomous_kcg/ROS2Sample/install/autoware_auto_msgs/share/autoware_auto_msgs/hook/ld_library_path_lib.ps1'
[1.236s] INFO:colcon.colcon_core.shell:Creating environment descriptor '/home/kcg/Autonomous_kcg/ROS2Sample/install/autoware_auto_msgs/share/autoware_auto_msgs/hook/ld_library_path_lib.dsv'
[1.236s] INFO:colcon.colcon_core.shell:Creating environment hook '/home/kcg/Autonomous_kcg/ROS2Sample/install/autoware_auto_msgs/share/autoware_auto_msgs/hook/ld_library_path_lib.sh'
[1.236s] Level 1:colcon.colcon_core.environment:checking '/home/kcg/Autonomous_kcg/ROS2Sample/install/autoware_auto_msgs/bin'
[1.236s] Level 1:colcon.colcon_core.environment:checking '/home/kcg/Autonomous_kcg/ROS2Sample/install/autoware_auto_msgs/lib/pkgconfig/autoware_auto_msgs.pc'
[1.237s] Level 1:colcon.colcon_core.environment:checking '/home/kcg/Autonomous_kcg/ROS2Sample/install/autoware_auto_msgs/lib/python3.8/site-packages'
[1.237s] Level 1:colcon.colcon_core.shell:create_environment_hook('autoware_auto_msgs', 'pythonpath')
[1.238s] INFO:colcon.colcon_core.shell:Creating environment hook '/home/kcg/Autonomous_kcg/ROS2Sample/install/autoware_auto_msgs/share/autoware_auto_msgs/hook/pythonpath.ps1'
[1.239s] INFO:colcon.colcon_core.shell:Creating environment descriptor '/home/kcg/Autonomous_kcg/ROS2Sample/install/autoware_auto_msgs/share/autoware_auto_msgs/hook/pythonpath.dsv'
[1.239s] INFO:colcon.colcon_core.shell:Creating environment hook '/home/kcg/Autonomous_kcg/ROS2Sample/install/autoware_auto_msgs/share/autoware_auto_msgs/hook/pythonpath.sh'
[1.240s] Level 1:colcon.colcon_core.environment:checking '/home/kcg/Autonomous_kcg/ROS2Sample/install/autoware_auto_msgs/bin'
[1.242s] INFO:colcon.colcon_core.shell:Creating package script '/home/kcg/Autonomous_kcg/ROS2Sample/install/autoware_auto_msgs/share/autoware_auto_msgs/package.ps1'
[1.243s] INFO:colcon.colcon_core.shell:Creating package descriptor '/home/kcg/Autonomous_kcg/ROS2Sample/install/autoware_auto_msgs/share/autoware_auto_msgs/package.dsv'
[1.244s] INFO:colcon.colcon_core.shell:Creating package script '/home/kcg/Autonomous_kcg/ROS2Sample/install/autoware_auto_msgs/share/autoware_auto_msgs/package.sh'
[1.244s] INFO:colcon.colcon_core.shell:Creating package script '/home/kcg/Autonomous_kcg/ROS2Sample/install/autoware_auto_msgs/share/autoware_auto_msgs/package.bash'
[1.245s] INFO:colcon.colcon_core.shell:Creating package script '/home/kcg/Autonomous_kcg/ROS2Sample/install/autoware_auto_msgs/share/autoware_auto_msgs/package.zsh'
[1.245s] Level 1:colcon.colcon_core.environment:create_file_with_runtime_dependencies(/home/kcg/Autonomous_kcg/ROS2Sample/install/autoware_auto_msgs/share/colcon-core/packages/autoware_auto_msgs)
[1.253s] DEBUG:colcon.colcon_core.event_handler.log_command:Invoking command in '/home/kcg/Autonomous_kcg/ROS2Sample/build/cognata_sdk_ros2': CMAKE_PREFIX_PATH=${CMAKE_PREFIX_PATH}:/home/kcg/Autonomous_kcg/ROS2Sample/install/python_publisher:/opt/ros/foxy /usr/bin/cmake --install /home/kcg/Autonomous_kcg/ROS2Sample/build/cognata_sdk_ros2
[1.286s] Level 1:colcon.colcon_core.environment:create_environment_scripts_only(tracked_object_msgs)
[1.289s] Level 1:colcon.colcon_core.environment:checking '/home/kcg/Autonomous_kcg/ROS2Sample/install/tracked_object_msgs' for CMake module files
[1.292s] Level 1:colcon.colcon_core.environment:checking '/home/kcg/Autonomous_kcg/ROS2Sample/install/tracked_object_msgs' for CMake config files
[1.296s] Level 1:colcon.colcon_core.shell:create_environment_hook('tracked_object_msgs', 'cmake_prefix_path')
[1.298s] INFO:colcon.colcon_core.shell:Creating environment hook '/home/kcg/Autonomous_kcg/ROS2Sample/install/tracked_object_msgs/share/tracked_object_msgs/hook/cmake_prefix_path.ps1'
[1.299s] INFO:colcon.colcon_core.shell:Creating environment descriptor '/home/kcg/Autonomous_kcg/ROS2Sample/install/tracked_object_msgs/share/tracked_object_msgs/hook/cmake_prefix_path.dsv'
[1.300s] INFO:colcon.colcon_core.shell:Creating environment hook '/home/kcg/Autonomous_kcg/ROS2Sample/install/tracked_object_msgs/share/tracked_object_msgs/hook/cmake_prefix_path.sh'
[1.301s] Level 1:colcon.colcon_core.environment:checking '/home/kcg/Autonomous_kcg/ROS2Sample/install/tracked_object_msgs/lib'
[1.302s] Level 1:colcon.colcon_core.shell:create_environment_hook('tracked_object_msgs', 'ld_library_path_lib')
[1.304s] INFO:colcon.colcon_core.shell:Creating environment hook '/home/kcg/Autonomous_kcg/ROS2Sample/install/tracked_object_msgs/share/tracked_object_msgs/hook/ld_library_path_lib.ps1'
[1.305s] INFO:colcon.colcon_core.shell:Creating environment descriptor '/home/kcg/Autonomous_kcg/ROS2Sample/install/tracked_object_msgs/share/tracked_object_msgs/hook/ld_library_path_lib.dsv'
[1.306s] INFO:colcon.colcon_core.shell:Creating environment hook '/home/kcg/Autonomous_kcg/ROS2Sample/install/tracked_object_msgs/share/tracked_object_msgs/hook/ld_library_path_lib.sh'
[1.306s] Level 1:colcon.colcon_core.environment:checking '/home/kcg/Autonomous_kcg/ROS2Sample/install/tracked_object_msgs/bin'
[1.307s] Level 1:colcon.colcon_core.environment:checking '/home/kcg/Autonomous_kcg/ROS2Sample/install/tracked_object_msgs/lib/pkgconfig/tracked_object_msgs.pc'
[1.307s] Level 1:colcon.colcon_core.environment:checking '/home/kcg/Autonomous_kcg/ROS2Sample/install/tracked_object_msgs/lib/python3.8/site-packages'
[1.307s] Level 1:colcon.colcon_core.shell:create_environment_hook('tracked_object_msgs', 'pythonpath')
[1.309s] INFO:colcon.colcon_core.shell:Creating environment hook '/home/kcg/Autonomous_kcg/ROS2Sample/install/tracked_object_msgs/share/tracked_object_msgs/hook/pythonpath.ps1'
[1.310s] INFO:colcon.colcon_core.shell:Creating environment descriptor '/home/kcg/Autonomous_kcg/ROS2Sample/install/tracked_object_msgs/share/tracked_object_msgs/hook/pythonpath.dsv'
[1.311s] INFO:colcon.colcon_core.shell:Creating environment hook '/home/kcg/Autonomous_kcg/ROS2Sample/install/tracked_object_msgs/share/tracked_object_msgs/hook/pythonpath.sh'
[1.312s] Level 1:colcon.colcon_core.environment:checking '/home/kcg/Autonomous_kcg/ROS2Sample/install/tracked_object_msgs/bin'
[1.315s] INFO:colcon.colcon_core.shell:Creating package script '/home/kcg/Autonomous_kcg/ROS2Sample/install/tracked_object_msgs/share/tracked_object_msgs/package.ps1'
[1.316s] INFO:colcon.colcon_core.shell:Creating package descriptor '/home/kcg/Autonomous_kcg/ROS2Sample/install/tracked_object_msgs/share/tracked_object_msgs/package.dsv'
[1.317s] INFO:colcon.colcon_core.shell:Creating package script '/home/kcg/Autonomous_kcg/ROS2Sample/install/tracked_object_msgs/share/tracked_object_msgs/package.sh'
[1.319s] INFO:colcon.colcon_core.shell:Creating package script '/home/kcg/Autonomous_kcg/ROS2Sample/install/tracked_object_msgs/share/tracked_object_msgs/package.bash'
[1.319s] INFO:colcon.colcon_core.shell:Creating package script '/home/kcg/Autonomous_kcg/ROS2Sample/install/tracked_object_msgs/share/tracked_object_msgs/package.zsh'
[1.320s] Level 1:colcon.colcon_core.environment:create_file_with_runtime_dependencies(/home/kcg/Autonomous_kcg/ROS2Sample/install/tracked_object_msgs/share/colcon-core/packages/tracked_object_msgs)
[1.337s] Level 1:colcon.colcon_core.environment:create_environment_scripts_only(tracked_lane_msgs)
[1.341s] Level 1:colcon.colcon_core.environment:checking '/home/kcg/Autonomous_kcg/ROS2Sample/install/tracked_lane_msgs' for CMake module files
[1.345s] Level 1:colcon.colcon_core.environment:checking '/home/kcg/Autonomous_kcg/ROS2Sample/install/tracked_lane_msgs' for CMake config files
[1.350s] Level 1:colcon.colcon_core.shell:create_environment_hook('tracked_lane_msgs', 'cmake_prefix_path')
[1.353s] INFO:colcon.colcon_core.shell:Creating environment hook '/home/kcg/Autonomous_kcg/ROS2Sample/install/tracked_lane_msgs/share/tracked_lane_msgs/hook/cmake_prefix_path.ps1'
[1.354s] INFO:colcon.colcon_core.shell:Creating environment descriptor '/home/kcg/Autonomous_kcg/ROS2Sample/install/tracked_lane_msgs/share/tracked_lane_msgs/hook/cmake_prefix_path.dsv'
[1.354s] INFO:colcon.colcon_core.shell:Creating environment hook '/home/kcg/Autonomous_kcg/ROS2Sample/install/tracked_lane_msgs/share/tracked_lane_msgs/hook/cmake_prefix_path.sh'
[1.356s] Level 1:colcon.colcon_core.environment:checking '/home/kcg/Autonomous_kcg/ROS2Sample/install/tracked_lane_msgs/lib'
[1.356s] Level 1:colcon.colcon_core.shell:create_environment_hook('tracked_lane_msgs', 'ld_library_path_lib')
[1.358s] INFO:colcon.colcon_core.shell:Creating environment hook '/home/kcg/Autonomous_kcg/ROS2Sample/install/tracked_lane_msgs/share/tracked_lane_msgs/hook/ld_library_path_lib.ps1'
[1.359s] INFO:colcon.colcon_core.shell:Creating environment descriptor '/home/kcg/Autonomous_kcg/ROS2Sample/install/tracked_lane_msgs/share/tracked_lane_msgs/hook/ld_library_path_lib.dsv'
[1.360s] INFO:colcon.colcon_core.shell:Creating environment hook '/home/kcg/Autonomous_kcg/ROS2Sample/install/tracked_lane_msgs/share/tracked_lane_msgs/hook/ld_library_path_lib.sh'
[1.361s] Level 1:colcon.colcon_core.environment:checking '/home/kcg/Autonomous_kcg/ROS2Sample/install/tracked_lane_msgs/bin'
[1.361s] Level 1:colcon.colcon_core.environment:checking '/home/kcg/Autonomous_kcg/ROS2Sample/install/tracked_lane_msgs/lib/pkgconfig/tracked_lane_msgs.pc'
[1.361s] Level 1:colcon.colcon_core.environment:checking '/home/kcg/Autonomous_kcg/ROS2Sample/install/tracked_lane_msgs/lib/python3.8/site-packages'
[1.362s] Level 1:colcon.colcon_core.shell:create_environment_hook('tracked_lane_msgs', 'pythonpath')
[1.364s] INFO:colcon.colcon_core.shell:Creating environment hook '/home/kcg/Autonomous_kcg/ROS2Sample/install/tracked_lane_msgs/share/tracked_lane_msgs/hook/pythonpath.ps1'
[1.365s] INFO:colcon.colcon_core.shell:Creating environment descriptor '/home/kcg/Autonomous_kcg/ROS2Sample/install/tracked_lane_msgs/share/tracked_lane_msgs/hook/pythonpath.dsv'
[1.365s] INFO:colcon.colcon_core.shell:Creating environment hook '/home/kcg/Autonomous_kcg/ROS2Sample/install/tracked_lane_msgs/share/tracked_lane_msgs/hook/pythonpath.sh'
[1.366s] Level 1:colcon.colcon_core.environment:checking '/home/kcg/Autonomous_kcg/ROS2Sample/install/tracked_lane_msgs/bin'
[1.369s] INFO:colcon.colcon_core.shell:Creating package script '/home/kcg/Autonomous_kcg/ROS2Sample/install/tracked_lane_msgs/share/tracked_lane_msgs/package.ps1'
[1.370s] INFO:colcon.colcon_core.shell:Creating package descriptor '/home/kcg/Autonomous_kcg/ROS2Sample/install/tracked_lane_msgs/share/tracked_lane_msgs/package.dsv'
[1.371s] INFO:colcon.colcon_core.shell:Creating package script '/home/kcg/Autonomous_kcg/ROS2Sample/install/tracked_lane_msgs/share/tracked_lane_msgs/package.sh'
[1.372s] INFO:colcon.colcon_core.shell:Creating package script '/home/kcg/Autonomous_kcg/ROS2Sample/install/tracked_lane_msgs/share/tracked_lane_msgs/package.bash'
[1.372s] INFO:colcon.colcon_core.shell:Creating package script '/home/kcg/Autonomous_kcg/ROS2Sample/install/tracked_lane_msgs/share/tracked_lane_msgs/package.zsh'
[1.373s] Level 1:colcon.colcon_core.environment:create_file_with_runtime_dependencies(/home/kcg/Autonomous_kcg/ROS2Sample/install/tracked_lane_msgs/share/colcon-core/packages/tracked_lane_msgs)
[1.374s] Level 1:colcon.colcon_core.environment:create_environment_scripts_only(cognata_sdk_ros2)
[1.377s] Level 1:colcon.colcon_core.environment:checking '/home/kcg/Autonomous_kcg/ROS2Sample/install/cognata_sdk_ros2' for CMake module files
[1.378s] DEBUG:colcon.colcon_core.event_handler.log_command:Invoked command in '/home/kcg/Autonomous_kcg/ROS2Sample/build/cognata_sdk_ros2' returned '0': CMAKE_PREFIX_PATH=${CMAKE_PREFIX_PATH}:/home/kcg/Autonomous_kcg/ROS2Sample/install/python_publisher:/opt/ros/foxy /usr/bin/cmake --install /home/kcg/Autonomous_kcg/ROS2Sample/build/cognata_sdk_ros2
[1.378s] Level 1:colcon.colcon_core.environment:checking '/home/kcg/Autonomous_kcg/ROS2Sample/install/cognata_sdk_ros2' for CMake config files
[1.379s] Level 1:colcon.colcon_core.shell:create_environment_hook('cognata_sdk_ros2', 'cmake_prefix_path')
[1.381s] INFO:colcon.colcon_core.shell:Creating environment hook '/home/kcg/Autonomous_kcg/ROS2Sample/install/cognata_sdk_ros2/share/cognata_sdk_ros2/hook/cmake_prefix_path.ps1'
[1.381s] INFO:colcon.colcon_core.shell:Creating environment descriptor '/home/kcg/Autonomous_kcg/ROS2Sample/install/cognata_sdk_ros2/share/cognata_sdk_ros2/hook/cmake_prefix_path.dsv'
[1.381s] INFO:colcon.colcon_core.shell:Creating environment hook '/home/kcg/Autonomous_kcg/ROS2Sample/install/cognata_sdk_ros2/share/cognata_sdk_ros2/hook/cmake_prefix_path.sh'
[1.382s] Level 1:colcon.colcon_core.environment:checking '/home/kcg/Autonomous_kcg/ROS2Sample/install/cognata_sdk_ros2/lib'
[1.382s] Level 1:colcon.colcon_core.shell:create_environment_hook('cognata_sdk_ros2', 'ld_library_path_lib')
[1.384s] INFO:colcon.colcon_core.shell:Creating environment hook '/home/kcg/Autonomous_kcg/ROS2Sample/install/cognata_sdk_ros2/share/cognata_sdk_ros2/hook/ld_library_path_lib.ps1'
[1.385s] INFO:colcon.colcon_core.shell:Creating environment descriptor '/home/kcg/Autonomous_kcg/ROS2Sample/install/cognata_sdk_ros2/share/cognata_sdk_ros2/hook/ld_library_path_lib.dsv'
[1.385s] INFO:colcon.colcon_core.shell:Creating environment hook '/home/kcg/Autonomous_kcg/ROS2Sample/install/cognata_sdk_ros2/share/cognata_sdk_ros2/hook/ld_library_path_lib.sh'
[1.385s] Level 1:colcon.colcon_core.environment:checking '/home/kcg/Autonomous_kcg/ROS2Sample/install/cognata_sdk_ros2/bin'
[1.385s] Level 1:colcon.colcon_core.environment:checking '/home/kcg/Autonomous_kcg/ROS2Sample/install/cognata_sdk_ros2/lib/pkgconfig/cognata_sdk_ros2.pc'
[1.386s] Level 1:colcon.colcon_core.environment:checking '/home/kcg/Autonomous_kcg/ROS2Sample/install/cognata_sdk_ros2/lib/python3.8/site-packages'
[1.386s] Level 1:colcon.colcon_core.shell:create_environment_hook('cognata_sdk_ros2', 'pythonpath')
[1.388s] INFO:colcon.colcon_core.shell:Creating environment hook '/home/kcg/Autonomous_kcg/ROS2Sample/install/cognata_sdk_ros2/share/cognata_sdk_ros2/hook/pythonpath.ps1'
[1.388s] INFO:colcon.colcon_core.shell:Creating environment descriptor '/home/kcg/Autonomous_kcg/ROS2Sample/install/cognata_sdk_ros2/share/cognata_sdk_ros2/hook/pythonpath.dsv'
[1.389s] INFO:colcon.colcon_core.shell:Creating environment hook '/home/kcg/Autonomous_kcg/ROS2Sample/install/cognata_sdk_ros2/share/cognata_sdk_ros2/hook/pythonpath.sh'
[1.389s] Level 1:colcon.colcon_core.environment:checking '/home/kcg/Autonomous_kcg/ROS2Sample/install/cognata_sdk_ros2/bin'
[1.392s] INFO:colcon.colcon_core.shell:Creating package script '/home/kcg/Autonomous_kcg/ROS2Sample/install/cognata_sdk_ros2/share/cognata_sdk_ros2/package.ps1'
[1.392s] INFO:colcon.colcon_core.shell:Creating package descriptor '/home/kcg/Autonomous_kcg/ROS2Sample/install/cognata_sdk_ros2/share/cognata_sdk_ros2/package.dsv'
[1.393s] INFO:colcon.colcon_core.shell:Creating package script '/home/kcg/Autonomous_kcg/ROS2Sample/install/cognata_sdk_ros2/share/cognata_sdk_ros2/package.sh'
[1.393s] INFO:colcon.colcon_core.shell:Creating package script '/home/kcg/Autonomous_kcg/ROS2Sample/install/cognata_sdk_ros2/share/cognata_sdk_ros2/package.bash'
[1.394s] INFO:colcon.colcon_core.shell:Creating package script '/home/kcg/Autonomous_kcg/ROS2Sample/install/cognata_sdk_ros2/share/cognata_sdk_ros2/package.zsh'
[1.394s] Level 1:colcon.colcon_core.environment:create_file_with_runtime_dependencies(/home/kcg/Autonomous_kcg/ROS2Sample/install/cognata_sdk_ros2/share/colcon-core/packages/cognata_sdk_ros2)
[1.725s] Level 1:colcon.colcon_core.environment:create_environment_scripts_only(cognata_sdk_ros2)
[1.727s] Level 1:colcon.colcon_core.environment:checking '/home/kcg/Autonomous_kcg/ROS2Sample/install/cognata_sdk_ros2' for CMake module files
[1.728s] Level 1:colcon.colcon_core.environment:checking '/home/kcg/Autonomous_kcg/ROS2Sample/install/cognata_sdk_ros2' for CMake config files
[1.729s] Level 1:colcon.colcon_core.shell:create_environment_hook('cognata_sdk_ros2', 'cmake_prefix_path')
[1.730s] INFO:colcon.colcon_core.shell:Creating environment hook '/home/kcg/Autonomous_kcg/ROS2Sample/install/cognata_sdk_ros2/share/cognata_sdk_ros2/hook/cmake_prefix_path.ps1'
[1.730s] INFO:colcon.colcon_core.shell:Creating environment descriptor '/home/kcg/Autonomous_kcg/ROS2Sample/install/cognata_sdk_ros2/share/cognata_sdk_ros2/hook/cmake_prefix_path.dsv'
[1.731s] INFO:colcon.colcon_core.shell:Creating environment hook '/home/kcg/Autonomous_kcg/ROS2Sample/install/cognata_sdk_ros2/share/cognata_sdk_ros2/hook/cmake_prefix_path.sh'
[1.731s] Level 1:colcon.colcon_core.environment:checking '/home/kcg/Autonomous_kcg/ROS2Sample/install/cognata_sdk_ros2/lib'
[1.731s] Level 1:colcon.colcon_core.shell:create_environment_hook('cognata_sdk_ros2', 'ld_library_path_lib')
[1.732s] INFO:colcon.colcon_core.shell:Creating environment hook '/home/kcg/Autonomous_kcg/ROS2Sample/install/cognata_sdk_ros2/share/cognata_sdk_ros2/hook/ld_library_path_lib.ps1'
[1.733s] INFO:colcon.colcon_core.shell:Creating environment descriptor '/home/kcg/Autonomous_kcg/ROS2Sample/install/cognata_sdk_ros2/share/cognata_sdk_ros2/hook/ld_library_path_lib.dsv'
[1.733s] INFO:colcon.colcon_core.shell:Creating environment hook '/home/kcg/Autonomous_kcg/ROS2Sample/install/cognata_sdk_ros2/share/cognata_sdk_ros2/hook/ld_library_path_lib.sh'
[1.733s] Level 1:colcon.colcon_core.environment:checking '/home/kcg/Autonomous_kcg/ROS2Sample/install/cognata_sdk_ros2/bin'
[1.733s] Level 1:colcon.colcon_core.environment:checking '/home/kcg/Autonomous_kcg/ROS2Sample/install/cognata_sdk_ros2/lib/pkgconfig/cognata_sdk_ros2.pc'
[1.734s] Level 1:colcon.colcon_core.environment:checking '/home/kcg/Autonomous_kcg/ROS2Sample/install/cognata_sdk_ros2/lib/python3.8/site-packages'
[1.734s] Level 1:colcon.colcon_core.shell:create_environment_hook('cognata_sdk_ros2', 'pythonpath')
[1.735s] INFO:colcon.colcon_core.shell:Creating environment hook '/home/kcg/Autonomous_kcg/ROS2Sample/install/cognata_sdk_ros2/share/cognata_sdk_ros2/hook/pythonpath.ps1'
[1.736s] INFO:colcon.colcon_core.shell:Creating environment descriptor '/home/kcg/Autonomous_kcg/ROS2Sample/install/cognata_sdk_ros2/share/cognata_sdk_ros2/hook/pythonpath.dsv'
[1.736s] INFO:colcon.colcon_core.shell:Creating environment hook '/home/kcg/Autonomous_kcg/ROS2Sample/install/cognata_sdk_ros2/share/cognata_sdk_ros2/hook/pythonpath.sh'
[1.736s] Level 1:colcon.colcon_core.environment:checking '/home/kcg/Autonomous_kcg/ROS2Sample/install/cognata_sdk_ros2/bin'
[1.738s] INFO:colcon.colcon_core.shell:Creating package script '/home/kcg/Autonomous_kcg/ROS2Sample/install/cognata_sdk_ros2/share/cognata_sdk_ros2/package.ps1'
[1.738s] INFO:colcon.colcon_core.shell:Creating package descriptor '/home/kcg/Autonomous_kcg/ROS2Sample/install/cognata_sdk_ros2/share/cognata_sdk_ros2/package.dsv'
[1.739s] INFO:colcon.colcon_core.shell:Creating package script '/home/kcg/Autonomous_kcg/ROS2Sample/install/cognata_sdk_ros2/share/cognata_sdk_ros2/package.sh'
[1.739s] INFO:colcon.colcon_core.shell:Creating package script '/home/kcg/Autonomous_kcg/ROS2Sample/install/cognata_sdk_ros2/share/cognata_sdk_ros2/package.bash'
[1.740s] INFO:colcon.colcon_core.shell:Creating package script '/home/kcg/Autonomous_kcg/ROS2Sample/install/cognata_sdk_ros2/share/cognata_sdk_ros2/package.zsh'
[1.740s] Level 1:colcon.colcon_core.environment:create_file_with_runtime_dependencies(/home/kcg/Autonomous_kcg/ROS2Sample/install/cognata_sdk_ros2/share/colcon-core/packages/cognata_sdk_ros2)
[1.740s] INFO:colcon.colcon_ros.task.ament_python.build:Building ROS package in '/home/kcg/Autonomous_kcg/ROS2Sample/src/python_publisher' with build type 'ament_python'
[1.740s] Level 1:colcon.colcon_core.shell:create_environment_hook('python_publisher', 'ament_prefix_path')
[1.742s] INFO:colcon.colcon_core.shell:Creating environment hook '/home/kcg/Autonomous_kcg/ROS2Sample/install/python_publisher/share/python_publisher/hook/ament_prefix_path.ps1'
[1.742s] INFO:colcon.colcon_core.shell:Creating environment descriptor '/home/kcg/Autonomous_kcg/ROS2Sample/install/python_publisher/share/python_publisher/hook/ament_prefix_path.dsv'
[1.743s] INFO:colcon.colcon_core.shell:Creating environment hook '/home/kcg/Autonomous_kcg/ROS2Sample/install/python_publisher/share/python_publisher/hook/ament_prefix_path.sh'
[1.745s] INFO:colcon.colcon_core.shell:Skip shell extension 'powershell' for command environment: Not usable outside of PowerShell
[1.745s] DEBUG:colcon.colcon_core.shell:Skip shell extension 'dsv' for command environment
[1.965s] INFO:colcon.colcon_core.task.python.build:Building Python package in '/home/kcg/Autonomous_kcg/ROS2Sample/src/python_publisher'
[1.967s] INFO:colcon.colcon_core.shell:Skip shell extension 'powershell' for command environment: Not usable outside of PowerShell
[1.967s] DEBUG:colcon.colcon_core.shell:Skip shell extension 'dsv' for command environment
[2.320s] DEBUG:colcon.colcon_core.event_handler.log_command:Invoking command in '/home/kcg/Autonomous_kcg/ROS2Sample/src/python_publisher': CMAKE_PREFIX_PATH=/home/kcg/Autonomous_kcg/ROS2Sample/install/tracked_object_msgs:/home/kcg/Autonomous_kcg/ROS2Sample/install/tracked_lane_msgs:/home/kcg/Autonomous_kcg/ROS2Sample/install/cognata_sdk_ros2:/home/kcg/Deliverables/colcon_workspace/install/tracked_object_msgs:/home/kcg/Deliverables/colcon_workspace/install/tracked_lane_msgs:/home/kcg/Autonomous_kcg/ROS2Sample/install/autoware_auto_msgs:/home/kcg/Autonomous_kcg/ROS2Sample/install/additional_msgs:/home/kcg/Autonomous_kcg/switch_ws/Deliverables/colcon_workspace/install/tracked_object_msgs:/home/kcg/Autonomous_kcg/switch_ws/Deliverables/colcon_workspace/install/tracked_lane_msgs LD_LIBRARY_PATH=/home/kcg/Autonomous_kcg/ROS2Sample/install/tracked_object_msgs/lib:/home/kcg/Autonomous_kcg/ROS2Sample/install/tracked_lane_msgs/lib:/home/kcg/Autonomous_kcg/ROS2Sample/install/cognata_sdk_ros2/lib:/home/kcg/Deliverables/colcon_workspace/install/tracked_object_msgs/lib:/home/kcg/Deliverables/colcon_workspace/install/tracked_lane_msgs/lib:/home/kcg/Autonomous_kcg/ROS2Sample/install/autoware_auto_msgs/lib:/home/kcg/Autonomous_kcg/ROS2Sample/install/additional_msgs/lib:/home/kcg/Autonomous_kcg/switch_ws/Deliverables/colcon_workspace/install/tracked_object_msgs/lib:/home/kcg/Autonomous_kcg/switch_ws/Deliverables/colcon_workspace/install/tracked_lane_msgs/lib:/opt/ros/foxy/opt/yaml_cpp_vendor/lib:/opt/ros/foxy/opt/rviz_ogre_vendor/lib:/opt/ros/foxy/lib/x86_64-linux-gnu:/opt/ros/foxy/lib PYTHONPATH=/home/kcg/Autonomous_kcg/ROS2Sample/install/python_publisher/lib/python3.8/site-packages:/home/kcg/Autonomous_kcg/ROS2Sample/install/tracked_object_msgs/lib/python3.8/site-packages:/home/kcg/Autonomous_kcg/ROS2Sample/install/tracked_lane_msgs/lib/python3.8/site-packages:/home/kcg/Autonomous_kcg/ROS2Sample/install/cognata_sdk_ros2/lib/python3.8/site-packages:/home/kcg/Deliverables/colcon_workspace/install/tracked_object_msgs/lib/python3.8/site-packages:/home/kcg/Deliverables/colcon_workspace/install/tracked_lane_msgs/lib/python3.8/site-packages:/home/kcg/Autonomous_kcg/ROS2Sample/install/python_publisher/lib/python3.8/site-packages:/home/kcg/Autonomous_kcg/ROS2Sample/install/autoware_auto_msgs/lib/python3.8/site-packages:/home/kcg/Autonomous_kcg/ROS2Sample/install/additional_msgs/lib/python3.8/site-packages:/home/kcg/Autonomous_kcg/switch_ws/Deliverables/colcon_workspace/install/tracked_object_msgs/lib/python3.8/site-packages:/home/kcg/Autonomous_kcg/switch_ws/Deliverables/colcon_workspace/install/tracked_lane_msgs/lib/python3.8/site-packages:/opt/ros/foxy/lib/python3.8/site-packages /usr/bin/python3 setup.py egg_info --egg-base ../../build/python_publisher build --build-base /home/kcg/Autonomous_kcg/ROS2Sample/build/python_publisher/build install --prefix /home/kcg/Autonomous_kcg/ROS2Sample/install/python_publisher --record /home/kcg/Autonomous_kcg/ROS2Sample/build/python_publisher/install.log --single-version-externally-managed
[2.588s] Level 1:colcon.colcon_core.environment:checking '/home/kcg/Autonomous_kcg/ROS2Sample/install/python_publisher' for CMake module files
[2.588s] DEBUG:colcon.colcon_core.event_handler.log_command:Invoked command in '/home/kcg/Autonomous_kcg/ROS2Sample/src/python_publisher' returned '0': CMAKE_PREFIX_PATH=/home/kcg/Autonomous_kcg/ROS2Sample/install/tracked_object_msgs:/home/kcg/Autonomous_kcg/ROS2Sample/install/tracked_lane_msgs:/home/kcg/Autonomous_kcg/ROS2Sample/install/cognata_sdk_ros2:/home/kcg/Deliverables/colcon_workspace/install/tracked_object_msgs:/home/kcg/Deliverables/colcon_workspace/install/tracked_lane_msgs:/home/kcg/Autonomous_kcg/ROS2Sample/install/autoware_auto_msgs:/home/kcg/Autonomous_kcg/ROS2Sample/install/additional_msgs:/home/kcg/Autonomous_kcg/switch_ws/Deliverables/colcon_workspace/install/tracked_object_msgs:/home/kcg/Autonomous_kcg/switch_ws/Deliverables/colcon_workspace/install/tracked_lane_msgs LD_LIBRARY_PATH=/home/kcg/Autonomous_kcg/ROS2Sample/install/tracked_object_msgs/lib:/home/kcg/Autonomous_kcg/ROS2Sample/install/tracked_lane_msgs/lib:/home/kcg/Autonomous_kcg/ROS2Sample/install/cognata_sdk_ros2/lib:/home/kcg/Deliverables/colcon_workspace/install/tracked_object_msgs/lib:/home/kcg/Deliverables/colcon_workspace/install/tracked_lane_msgs/lib:/home/kcg/Autonomous_kcg/ROS2Sample/install/autoware_auto_msgs/lib:/home/kcg/Autonomous_kcg/ROS2Sample/install/additional_msgs/lib:/home/kcg/Autonomous_kcg/switch_ws/Deliverables/colcon_workspace/install/tracked_object_msgs/lib:/home/kcg/Autonomous_kcg/switch_ws/Deliverables/colcon_workspace/install/tracked_lane_msgs/lib:/opt/ros/foxy/opt/yaml_cpp_vendor/lib:/opt/ros/foxy/opt/rviz_ogre_vendor/lib:/opt/ros/foxy/lib/x86_64-linux-gnu:/opt/ros/foxy/lib PYTHONPATH=/home/kcg/Autonomous_kcg/ROS2Sample/install/python_publisher/lib/python3.8/site-packages:/home/kcg/Autonomous_kcg/ROS2Sample/install/tracked_object_msgs/lib/python3.8/site-packages:/home/kcg/Autonomous_kcg/ROS2Sample/install/tracked_lane_msgs/lib/python3.8/site-packages:/home/kcg/Autonomous_kcg/ROS2Sample/install/cognata_sdk_ros2/lib/python3.8/site-packages:/home/kcg/Deliverables/colcon_workspace/install/tracked_object_msgs/lib/python3.8/site-packages:/home/kcg/Deliverables/colcon_workspace/install/tracked_lane_msgs/lib/python3.8/site-packages:/home/kcg/Autonomous_kcg/ROS2Sample/install/python_publisher/lib/python3.8/site-packages:/home/kcg/Autonomous_kcg/ROS2Sample/install/autoware_auto_msgs/lib/python3.8/site-packages:/home/kcg/Autonomous_kcg/ROS2Sample/install/additional_msgs/lib/python3.8/site-packages:/home/kcg/Autonomous_kcg/switch_ws/Deliverables/colcon_workspace/install/tracked_object_msgs/lib/python3.8/site-packages:/home/kcg/Autonomous_kcg/switch_ws/Deliverables/colcon_workspace/install/tracked_lane_msgs/lib/python3.8/site-packages:/opt/ros/foxy/lib/python3.8/site-packages /usr/bin/python3 setup.py egg_info --egg-base ../../build/python_publisher build --build-base /home/kcg/Autonomous_kcg/ROS2Sample/build/python_publisher/build install --prefix /home/kcg/Autonomous_kcg/ROS2Sample/install/python_publisher --record /home/kcg/Autonomous_kcg/ROS2Sample/build/python_publisher/install.log --single-version-externally-managed
[2.589s] Level 1:colcon.colcon_core.environment:checking '/home/kcg/Autonomous_kcg/ROS2Sample/install/python_publisher' for CMake config files
[2.589s] Level 1:colcon.colcon_core.environment:checking '/home/kcg/Autonomous_kcg/ROS2Sample/install/python_publisher/lib'
[2.590s] Level 1:colcon.colcon_core.environment:checking '/home/kcg/Autonomous_kcg/ROS2Sample/install/python_publisher/bin'
[2.590s] Level 1:colcon.colcon_core.environment:checking '/home/kcg/Autonomous_kcg/ROS2Sample/install/python_publisher/lib/pkgconfig/python_publisher.pc'
[2.590s] Level 1:colcon.colcon_core.environment:checking '/home/kcg/Autonomous_kcg/ROS2Sample/install/python_publisher/lib/python3.8/site-packages'
[2.590s] Level 1:colcon.colcon_core.shell:create_environment_hook('python_publisher', 'pythonpath')
[2.591s] INFO:colcon.colcon_core.shell:Creating environment hook '/home/kcg/Autonomous_kcg/ROS2Sample/install/python_publisher/share/python_publisher/hook/pythonpath.ps1'
[2.592s] INFO:colcon.colcon_core.shell:Creating environment descriptor '/home/kcg/Autonomous_kcg/ROS2Sample/install/python_publisher/share/python_publisher/hook/pythonpath.dsv'
[2.592s] INFO:colcon.colcon_core.shell:Creating environment hook '/home/kcg/Autonomous_kcg/ROS2Sample/install/python_publisher/share/python_publisher/hook/pythonpath.sh'
[2.592s] Level 1:colcon.colcon_core.environment:checking '/home/kcg/Autonomous_kcg/ROS2Sample/install/python_publisher/bin'
[2.592s] Level 1:colcon.colcon_core.environment:create_environment_scripts_only(python_publisher)
[2.594s] INFO:colcon.colcon_core.shell:Creating package script '/home/kcg/Autonomous_kcg/ROS2Sample/install/python_publisher/share/python_publisher/package.ps1'
[2.594s] INFO:colcon.colcon_core.shell:Creating package descriptor '/home/kcg/Autonomous_kcg/ROS2Sample/install/python_publisher/share/python_publisher/package.dsv'
[2.594s] INFO:colcon.colcon_core.shell:Creating package script '/home/kcg/Autonomous_kcg/ROS2Sample/install/python_publisher/share/python_publisher/package.sh'
[2.595s] INFO:colcon.colcon_core.shell:Creating package script '/home/kcg/Autonomous_kcg/ROS2Sample/install/python_publisher/share/python_publisher/package.bash'
[2.595s] INFO:colcon.colcon_core.shell:Creating package script '/home/kcg/Autonomous_kcg/ROS2Sample/install/python_publisher/share/python_publisher/package.zsh'
[2.595s] Level 1:colcon.colcon_core.environment:create_file_with_runtime_dependencies(/home/kcg/Autonomous_kcg/ROS2Sample/install/python_publisher/share/colcon-core/packages/python_publisher)
[2.596s] DEBUG:colcon.colcon_parallel_executor.executor.parallel:closing loop
[2.596s] DEBUG:colcon.colcon_parallel_executor.executor.parallel:loop closed
[2.596s] DEBUG:colcon.colcon_parallel_executor.executor.parallel:run_until_complete finished with '0'
[2.596s] DEBUG:colcon.colcon_core.event_reactor:joining thread
[2.605s] INFO:colcon.colcon_core.plugin_system:Skipping extension 'colcon_notification.desktop_notification.terminal_notifier': Not used on non-Darwin systems
[2.606s] INFO:colcon.colcon_core.plugin_system:Skipping extension 'colcon_notification.desktop_notification.win32': Not used on non-Windows systems
[2.606s] INFO:colcon.colcon_notification.desktop_notification:Sending desktop notification using 'notify2'
[2.618s] DEBUG:colcon.colcon_core.event_reactor:joined thread
[2.619s] INFO:colcon.colcon_core.shell:Creating prefix script '/home/kcg/Autonomous_kcg/ROS2Sample/install/local_setup.ps1'
[2.620s] INFO:colcon.colcon_core.shell:Creating prefix util module '/home/kcg/Autonomous_kcg/ROS2Sample/install/_local_setup_util_ps1.py'
[2.621s] INFO:colcon.colcon_core.shell:Creating prefix chain script '/home/kcg/Autonomous_kcg/ROS2Sample/install/setup.ps1'
[2.623s] INFO:colcon.colcon_core.shell:Creating prefix script '/home/kcg/Autonomous_kcg/ROS2Sample/install/local_setup.sh'
[2.624s] INFO:colcon.colcon_core.shell:Creating prefix util module '/home/kcg/Autonomous_kcg/ROS2Sample/install/_local_setup_util_sh.py'
[2.624s] INFO:colcon.colcon_core.shell:Creating prefix chain script '/home/kcg/Autonomous_kcg/ROS2Sample/install/setup.sh'
[2.626s] INFO:colcon.colcon_core.shell:Creating prefix script '/home/kcg/Autonomous_kcg/ROS2Sample/install/local_setup.bash'
[2.627s] INFO:colcon.colcon_core.shell:Creating prefix chain script '/home/kcg/Autonomous_kcg/ROS2Sample/install/setup.bash'
[2.628s] INFO:colcon.colcon_core.shell:Creating prefix script '/home/kcg/Autonomous_kcg/ROS2Sample/install/local_setup.zsh'
[2.629s] INFO:colcon.colcon_core.shell:Creating prefix chain script '/home/kcg/Autonomous_kcg/ROS2Sample/install/setup.zsh'
