[0.061s] Invoking command in '/home/kcg/Autonomous_kcg/ROS2Sample/build/tracked_object_msgs': CMAKE_PREFIX_PATH=${CMAKE_PREFIX_PATH}:/home/kcg/Autonomous_kcg/ROS2Sample/install/python_publisher:/opt/ros/foxy /usr/bin/cmake --build /home/kcg/Autonomous_kcg/ROS2Sample/build/tracked_object_msgs -- -j8 -l8
[0.175s] [  2%] Built target tracked_object_msgs__cpp
[0.184s] [ 12%] Built target tracked_object_msgs__rosidl_generator_c
[0.325s] [ 23%] Built target tracked_object_msgs__rosidl_typesupport_fastrtps_cpp
[0.335s] [ 44%] Built target tracked_object_msgs__rosidl_typesupport_cpp
[0.336s] [ 55%] Built target tracked_object_msgs__rosidl_typesupport_introspection_c
[0.336s] [ 44%] Built target tracked_object_msgs__rosidl_typesupport_introspection_cpp
[0.348s] [ 65%] Built target tracked_object_msgs__rosidl_typesupport_c
[0.388s] [ 76%] Built target tracked_object_msgs__rosidl_typesupport_fastrtps_c
[0.425s] [ 76%] Built target tracked_object_msgs
[0.457s] [ 78%] Built target tracked_object_msgs__py
[0.518s] [ 87%] Built target tracked_object_msgs__python
[0.583s] [ 91%] Built target tracked_object_msgs__rosidl_typesupport_fastrtps_c__pyext
[0.583s] [ 95%] Built target tracked_object_msgs__rosidl_typesupport_introspection_c__pyext
[0.585s] [100%] Built target tracked_object_msgs__rosidl_typesupport_c__pyext
[0.605s] Invoked command in '/home/kcg/Autonomous_kcg/ROS2Sample/build/tracked_object_msgs' returned '0': CMAKE_PREFIX_PATH=${CMAKE_PREFIX_PATH}:/home/kcg/Autonomous_kcg/ROS2Sample/install/python_publisher:/opt/ros/foxy /usr/bin/cmake --build /home/kcg/Autonomous_kcg/ROS2Sample/build/tracked_object_msgs -- -j8 -l8
[0.744s] Invoking command in '/home/kcg/Autonomous_kcg/ROS2Sample/build/tracked_object_msgs': CMAKE_PREFIX_PATH=${CMAKE_PREFIX_PATH}:/home/kcg/Autonomous_kcg/ROS2Sample/install/python_publisher:/opt/ros/foxy /usr/bin/cmake --install /home/kcg/Autonomous_kcg/ROS2Sample/build/tracked_object_msgs
[0.759s] -- Install configuration: ""
[0.759s] -- Up-to-date: /home/kcg/Autonomous_kcg/ROS2Sample/install/tracked_object_msgs/share/ament_index/resource_index/rosidl_interfaces/tracked_object_msgs
[0.759s] -- Up-to-date: /home/kcg/Autonomous_kcg/ROS2Sample/install/tracked_object_msgs/include/tracked_object_msgs
[0.759s] -- Up-to-date: /home/kcg/Autonomous_kcg/ROS2Sample/install/tracked_object_msgs/include/tracked_object_msgs/msg
[0.759s] -- Up-to-date: /home/kcg/Autonomous_kcg/ROS2Sample/install/tracked_object_msgs/include/tracked_object_msgs/msg/tracked_object_array.h
[0.760s] -- Up-to-date: /home/kcg/Autonomous_kcg/ROS2Sample/install/tracked_object_msgs/include/tracked_object_msgs/msg/rosidl_generator_c__visibility_control.h
[0.760s] -- Up-to-date: /home/kcg/Autonomous_kcg/ROS2Sample/install/tracked_object_msgs/include/tracked_object_msgs/msg/object_types.h
[0.760s] -- Up-to-date: /home/kcg/Autonomous_kcg/ROS2Sample/install/tracked_object_msgs/include/tracked_object_msgs/msg/tracked_object.h
[0.760s] -- Up-to-date: /home/kcg/Autonomous_kcg/ROS2Sample/install/tracked_object_msgs/include/tracked_object_msgs/msg/detail
[0.761s] -- Up-to-date: /home/kcg/Autonomous_kcg/ROS2Sample/install/tracked_object_msgs/include/tracked_object_msgs/msg/detail/tracked_object_array__functions.c
[0.761s] -- Up-to-date: /home/kcg/Autonomous_kcg/ROS2Sample/install/tracked_object_msgs/include/tracked_object_msgs/msg/detail/tracked_object__functions.c
[0.761s] -- Up-to-date: /home/kcg/Autonomous_kcg/ROS2Sample/install/tracked_object_msgs/include/tracked_object_msgs/msg/detail/object_types__type_support.h
[0.761s] -- Up-to-date: /home/kcg/Autonomous_kcg/ROS2Sample/install/tracked_object_msgs/include/tracked_object_msgs/msg/detail/object_types__functions.h
[0.761s] -- Up-to-date: /home/kcg/Autonomous_kcg/ROS2Sample/install/tracked_object_msgs/include/tracked_object_msgs/msg/detail/tracked_object_array__functions.h
[0.762s] -- Up-to-date: /home/kcg/Autonomous_kcg/ROS2Sample/install/tracked_object_msgs/include/tracked_object_msgs/msg/detail/tracked_object_array__type_support.h
[0.762s] -- Up-to-date: /home/kcg/Autonomous_kcg/ROS2Sample/install/tracked_object_msgs/include/tracked_object_msgs/msg/detail/object_types__struct.h
[0.762s] -- Up-to-date: /home/kcg/Autonomous_kcg/ROS2Sample/install/tracked_object_msgs/include/tracked_object_msgs/msg/detail/object_types__functions.c
[0.762s] -- Up-to-date: /home/kcg/Autonomous_kcg/ROS2Sample/install/tracked_object_msgs/include/tracked_object_msgs/msg/detail/tracked_object__struct.h
[0.763s] -- Up-to-date: /home/kcg/Autonomous_kcg/ROS2Sample/install/tracked_object_msgs/include/tracked_object_msgs/msg/detail/tracked_object__functions.h
[0.763s] -- Up-to-date: /home/kcg/Autonomous_kcg/ROS2Sample/install/tracked_object_msgs/include/tracked_object_msgs/msg/detail/tracked_object__type_support.h
[0.763s] -- Up-to-date: /home/kcg/Autonomous_kcg/ROS2Sample/install/tracked_object_msgs/include/tracked_object_msgs/msg/detail/tracked_object_array__struct.h
[0.763s] -- Up-to-date: /home/kcg/Autonomous_kcg/ROS2Sample/install/tracked_object_msgs/share/tracked_object_msgs/environment/library_path.sh
[0.763s] -- Up-to-date: /home/kcg/Autonomous_kcg/ROS2Sample/install/tracked_object_msgs/share/tracked_object_msgs/environment/library_path.dsv
[0.764s] -- Up-to-date: /home/kcg/Autonomous_kcg/ROS2Sample/install/tracked_object_msgs/lib/libtracked_object_msgs__rosidl_generator_c.so
[0.764s] -- Up-to-date: /home/kcg/Autonomous_kcg/ROS2Sample/install/tracked_object_msgs/include/tracked_object_msgs
[0.764s] -- Up-to-date: /home/kcg/Autonomous_kcg/ROS2Sample/install/tracked_object_msgs/include/tracked_object_msgs/msg
[0.764s] -- Up-to-date: /home/kcg/Autonomous_kcg/ROS2Sample/install/tracked_object_msgs/include/tracked_object_msgs/msg/rosidl_typesupport_fastrtps_c__visibility_control.h
[0.765s] -- Up-to-date: /home/kcg/Autonomous_kcg/ROS2Sample/install/tracked_object_msgs/include/tracked_object_msgs/msg/detail
[0.765s] -- Up-to-date: /home/kcg/Autonomous_kcg/ROS2Sample/install/tracked_object_msgs/include/tracked_object_msgs/msg/detail/tracked_object_array__rosidl_typesupport_fastrtps_c.h
[0.765s] -- Up-to-date: /home/kcg/Autonomous_kcg/ROS2Sample/install/tracked_object_msgs/include/tracked_object_msgs/msg/detail/object_types__rosidl_typesupport_fastrtps_c.h
[0.765s] -- Up-to-date: /home/kcg/Autonomous_kcg/ROS2Sample/install/tracked_object_msgs/include/tracked_object_msgs/msg/detail/tracked_object__rosidl_typesupport_fastrtps_c.h
[0.765s] -- Up-to-date: /home/kcg/Autonomous_kcg/ROS2Sample/install/tracked_object_msgs/lib/libtracked_object_msgs__rosidl_typesupport_fastrtps_c.so
[0.766s] -- Up-to-date: /home/kcg/Autonomous_kcg/ROS2Sample/install/tracked_object_msgs/include/tracked_object_msgs
[0.766s] -- Up-to-date: /home/kcg/Autonomous_kcg/ROS2Sample/install/tracked_object_msgs/include/tracked_object_msgs/msg
[0.766s] -- Up-to-date: /home/kcg/Autonomous_kcg/ROS2Sample/install/tracked_object_msgs/include/tracked_object_msgs/msg/detail
[0.766s] -- Up-to-date: /home/kcg/Autonomous_kcg/ROS2Sample/install/tracked_object_msgs/include/tracked_object_msgs/msg/detail/object_types__rosidl_typesupport_fastrtps_cpp.hpp
[0.766s] -- Up-to-date: /home/kcg/Autonomous_kcg/ROS2Sample/install/tracked_object_msgs/include/tracked_object_msgs/msg/detail/dds_fastrtps
[0.766s] -- Up-to-date: /home/kcg/Autonomous_kcg/ROS2Sample/install/tracked_object_msgs/include/tracked_object_msgs/msg/detail/tracked_object_array__rosidl_typesupport_fastrtps_cpp.hpp
[0.766s] -- Up-to-date: /home/kcg/Autonomous_kcg/ROS2Sample/install/tracked_object_msgs/include/tracked_object_msgs/msg/detail/tracked_object__rosidl_typesupport_fastrtps_cpp.hpp
[0.767s] -- Up-to-date: /home/kcg/Autonomous_kcg/ROS2Sample/install/tracked_object_msgs/include/tracked_object_msgs/msg/rosidl_typesupport_fastrtps_cpp__visibility_control.h
[0.767s] -- Up-to-date: /home/kcg/Autonomous_kcg/ROS2Sample/install/tracked_object_msgs/lib/libtracked_object_msgs__rosidl_typesupport_fastrtps_cpp.so
[0.768s] -- Up-to-date: /home/kcg/Autonomous_kcg/ROS2Sample/install/tracked_object_msgs/include/tracked_object_msgs
[0.768s] -- Up-to-date: /home/kcg/Autonomous_kcg/ROS2Sample/install/tracked_object_msgs/include/tracked_object_msgs/msg
[0.768s] -- Up-to-date: /home/kcg/Autonomous_kcg/ROS2Sample/install/tracked_object_msgs/include/tracked_object_msgs/msg/rosidl_typesupport_introspection_c__visibility_control.h
[0.768s] -- Up-to-date: /home/kcg/Autonomous_kcg/ROS2Sample/install/tracked_object_msgs/include/tracked_object_msgs/msg/detail
[0.768s] -- Up-to-date: /home/kcg/Autonomous_kcg/ROS2Sample/install/tracked_object_msgs/include/tracked_object_msgs/msg/detail/tracked_object__type_support.c
[0.768s] -- Up-to-date: /home/kcg/Autonomous_kcg/ROS2Sample/install/tracked_object_msgs/include/tracked_object_msgs/msg/detail/object_types__type_support.c
[0.769s] -- Up-to-date: /home/kcg/Autonomous_kcg/ROS2Sample/install/tracked_object_msgs/include/tracked_object_msgs/msg/detail/tracked_object__rosidl_typesupport_introspection_c.h
[0.769s] -- Up-to-date: /home/kcg/Autonomous_kcg/ROS2Sample/install/tracked_object_msgs/include/tracked_object_msgs/msg/detail/tracked_object_array__rosidl_typesupport_introspection_c.h
[0.769s] -- Up-to-date: /home/kcg/Autonomous_kcg/ROS2Sample/install/tracked_object_msgs/include/tracked_object_msgs/msg/detail/tracked_object_array__type_support.c
[0.769s] -- Up-to-date: /home/kcg/Autonomous_kcg/ROS2Sample/install/tracked_object_msgs/include/tracked_object_msgs/msg/detail/object_types__rosidl_typesupport_introspection_c.h
[0.769s] -- Up-to-date: /home/kcg/Autonomous_kcg/ROS2Sample/install/tracked_object_msgs/lib/libtracked_object_msgs__rosidl_typesupport_introspection_c.so
[0.770s] -- Up-to-date: /home/kcg/Autonomous_kcg/ROS2Sample/install/tracked_object_msgs/lib/libtracked_object_msgs__rosidl_typesupport_c.so
[0.770s] -- Up-to-date: /home/kcg/Autonomous_kcg/ROS2Sample/install/tracked_object_msgs/include/tracked_object_msgs
[0.771s] -- Up-to-date: /home/kcg/Autonomous_kcg/ROS2Sample/install/tracked_object_msgs/include/tracked_object_msgs/msg
[0.772s] -- Up-to-date: /home/kcg/Autonomous_kcg/ROS2Sample/install/tracked_object_msgs/include/tracked_object_msgs/msg/tracked_object_array.hpp
[0.775s] -- Up-to-date: /home/kcg/Autonomous_kcg/ROS2Sample/install/tracked_object_msgs/include/tracked_object_msgs/msg/tracked_object.hpp
[0.776s] -- Up-to-date: /home/kcg/Autonomous_kcg/ROS2Sample/install/tracked_object_msgs/include/tracked_object_msgs/msg/object_types.hpp
[0.776s] -- Up-to-date: /home/kcg/Autonomous_kcg/ROS2Sample/install/tracked_object_msgs/include/tracked_object_msgs/msg/detail
[0.776s] -- Up-to-date: /home/kcg/Autonomous_kcg/ROS2Sample/install/tracked_object_msgs/include/tracked_object_msgs/msg/detail/object_types__struct.hpp
[0.776s] -- Up-to-date: /home/kcg/Autonomous_kcg/ROS2Sample/install/tracked_object_msgs/include/tracked_object_msgs/msg/detail/tracked_object_array__traits.hpp
[0.776s] -- Up-to-date: /home/kcg/Autonomous_kcg/ROS2Sample/install/tracked_object_msgs/include/tracked_object_msgs/msg/detail/tracked_object_array__struct.hpp
[0.776s] -- Up-to-date: /home/kcg/Autonomous_kcg/ROS2Sample/install/tracked_object_msgs/include/tracked_object_msgs/msg/detail/object_types__traits.hpp
[0.777s] -- Up-to-date: /home/kcg/Autonomous_kcg/ROS2Sample/install/tracked_object_msgs/include/tracked_object_msgs/msg/detail/object_types__builder.hpp
[0.777s] -- Up-to-date: /home/kcg/Autonomous_kcg/ROS2Sample/install/tracked_object_msgs/include/tracked_object_msgs/msg/detail/tracked_object__traits.hpp
[0.777s] -- Up-to-date: /home/kcg/Autonomous_kcg/ROS2Sample/install/tracked_object_msgs/include/tracked_object_msgs/msg/detail/tracked_object__struct.hpp
[0.777s] -- Up-to-date: /home/kcg/Autonomous_kcg/ROS2Sample/install/tracked_object_msgs/include/tracked_object_msgs/msg/detail/tracked_object__builder.hpp
[0.777s] -- Up-to-date: /home/kcg/Autonomous_kcg/ROS2Sample/install/tracked_object_msgs/include/tracked_object_msgs/msg/detail/tracked_object_array__builder.hpp
[0.777s] -- Up-to-date: /home/kcg/Autonomous_kcg/ROS2Sample/install/tracked_object_msgs/include/tracked_object_msgs
[0.777s] -- Up-to-date: /home/kcg/Autonomous_kcg/ROS2Sample/install/tracked_object_msgs/include/tracked_object_msgs/msg
[0.778s] -- Up-to-date: /home/kcg/Autonomous_kcg/ROS2Sample/install/tracked_object_msgs/include/tracked_object_msgs/msg/detail
[0.778s] -- Up-to-date: /home/kcg/Autonomous_kcg/ROS2Sample/install/tracked_object_msgs/include/tracked_object_msgs/msg/detail/tracked_object__type_support.cpp
[0.778s] -- Up-to-date: /home/kcg/Autonomous_kcg/ROS2Sample/install/tracked_object_msgs/include/tracked_object_msgs/msg/detail/tracked_object_array__rosidl_typesupport_introspection_cpp.hpp
[0.778s] -- Up-to-date: /home/kcg/Autonomous_kcg/ROS2Sample/install/tracked_object_msgs/include/tracked_object_msgs/msg/detail/tracked_object_array__type_support.cpp
[0.778s] -- Up-to-date: /home/kcg/Autonomous_kcg/ROS2Sample/install/tracked_object_msgs/include/tracked_object_msgs/msg/detail/object_types__rosidl_typesupport_introspection_cpp.hpp
[0.778s] -- Up-to-date: /home/kcg/Autonomous_kcg/ROS2Sample/install/tracked_object_msgs/include/tracked_object_msgs/msg/detail/object_types__type_support.cpp
[0.779s] -- Up-to-date: /home/kcg/Autonomous_kcg/ROS2Sample/install/tracked_object_msgs/include/tracked_object_msgs/msg/detail/tracked_object__rosidl_typesupport_introspection_cpp.hpp
[0.779s] -- Up-to-date: /home/kcg/Autonomous_kcg/ROS2Sample/install/tracked_object_msgs/lib/libtracked_object_msgs__rosidl_typesupport_introspection_cpp.so
[0.779s] -- Up-to-date: /home/kcg/Autonomous_kcg/ROS2Sample/install/tracked_object_msgs/lib/libtracked_object_msgs__rosidl_typesupport_cpp.so
[0.779s] -- Up-to-date: /home/kcg/Autonomous_kcg/ROS2Sample/install/tracked_object_msgs/share/tracked_object_msgs/environment/pythonpath.sh
[0.779s] -- Up-to-date: /home/kcg/Autonomous_kcg/ROS2Sample/install/tracked_object_msgs/share/tracked_object_msgs/environment/pythonpath.dsv
[0.779s] -- Up-to-date: /home/kcg/Autonomous_kcg/ROS2Sample/install/tracked_object_msgs/lib/python3.8/site-packages/tracked_object_msgs/__init__.py
[0.867s] -- Up-to-date: /home/kcg/Autonomous_kcg/ROS2Sample/install/tracked_object_msgs/lib/python3.8/site-packages/tracked_object_msgs/msg
[0.867s] -- Up-to-date: /home/kcg/Autonomous_kcg/ROS2Sample/install/tracked_object_msgs/lib/python3.8/site-packages/tracked_object_msgs/msg/_tracked_object_array_s.c
[0.867s] -- Up-to-date: /home/kcg/Autonomous_kcg/ROS2Sample/install/tracked_object_msgs/lib/python3.8/site-packages/tracked_object_msgs/msg/_object_types.py
[0.868s] -- Up-to-date: /home/kcg/Autonomous_kcg/ROS2Sample/install/tracked_object_msgs/lib/python3.8/site-packages/tracked_object_msgs/msg/_tracked_object.py
[0.868s] -- Up-to-date: /home/kcg/Autonomous_kcg/ROS2Sample/install/tracked_object_msgs/lib/python3.8/site-packages/tracked_object_msgs/msg/_object_types_s.c
[0.868s] -- Up-to-date: /home/kcg/Autonomous_kcg/ROS2Sample/install/tracked_object_msgs/lib/python3.8/site-packages/tracked_object_msgs/msg/_tracked_object_s.c
[0.868s] -- Up-to-date: /home/kcg/Autonomous_kcg/ROS2Sample/install/tracked_object_msgs/lib/python3.8/site-packages/tracked_object_msgs/msg/__init__.py
[0.868s] -- Up-to-date: /home/kcg/Autonomous_kcg/ROS2Sample/install/tracked_object_msgs/lib/python3.8/site-packages/tracked_object_msgs/msg/_tracked_object_array.py
[0.871s] -- Up-to-date: /home/kcg/Autonomous_kcg/ROS2Sample/install/tracked_object_msgs/lib/python3.8/site-packages/tracked_object_msgs/tracked_object_msgs_s__rosidl_typesupport_fastrtps_c.cpython-38-x86_64-linux-gnu.so
[0.872s] -- Up-to-date: /home/kcg/Autonomous_kcg/ROS2Sample/install/tracked_object_msgs/lib/python3.8/site-packages/tracked_object_msgs/tracked_object_msgs_s__rosidl_typesupport_introspection_c.cpython-38-x86_64-linux-gnu.so
[0.872s] -- Up-to-date: /home/kcg/Autonomous_kcg/ROS2Sample/install/tracked_object_msgs/lib/python3.8/site-packages/tracked_object_msgs/tracked_object_msgs_s__rosidl_typesupport_c.cpython-38-x86_64-linux-gnu.so
[0.872s] -- Up-to-date: /home/kcg/Autonomous_kcg/ROS2Sample/install/tracked_object_msgs/lib/libtracked_object_msgs__python.so
[0.873s] -- Up-to-date: /home/kcg/Autonomous_kcg/ROS2Sample/install/tracked_object_msgs/share/tracked_object_msgs/msg/ObjectTypes.idl
[0.873s] -- Up-to-date: /home/kcg/Autonomous_kcg/ROS2Sample/install/tracked_object_msgs/share/tracked_object_msgs/msg/TrackedObject.idl
[0.873s] -- Up-to-date: /home/kcg/Autonomous_kcg/ROS2Sample/install/tracked_object_msgs/share/tracked_object_msgs/msg/TrackedObjectArray.idl
[0.874s] -- Up-to-date: /home/kcg/Autonomous_kcg/ROS2Sample/install/tracked_object_msgs/share/tracked_object_msgs/msg/ObjectTypes.msg
[0.874s] -- Up-to-date: /home/kcg/Autonomous_kcg/ROS2Sample/install/tracked_object_msgs/share/tracked_object_msgs/msg/TrackedObject.msg
[0.874s] -- Up-to-date: /home/kcg/Autonomous_kcg/ROS2Sample/install/tracked_object_msgs/share/tracked_object_msgs/msg/TrackedObjectArray.msg
[0.874s] -- Up-to-date: /home/kcg/Autonomous_kcg/ROS2Sample/install/tracked_object_msgs/share/ament_index/resource_index/package_run_dependencies/tracked_object_msgs
[0.875s] -- Up-to-date: /home/kcg/Autonomous_kcg/ROS2Sample/install/tracked_object_msgs/share/ament_index/resource_index/parent_prefix_path/tracked_object_msgs
[0.877s] -- Up-to-date: /home/kcg/Autonomous_kcg/ROS2Sample/install/tracked_object_msgs/share/tracked_object_msgs/environment/ament_prefix_path.sh
[0.877s] -- Up-to-date: /home/kcg/Autonomous_kcg/ROS2Sample/install/tracked_object_msgs/share/tracked_object_msgs/environment/ament_prefix_path.dsv
[0.878s] -- Up-to-date: /home/kcg/Autonomous_kcg/ROS2Sample/install/tracked_object_msgs/share/tracked_object_msgs/environment/path.sh
[0.878s] -- Up-to-date: /home/kcg/Autonomous_kcg/ROS2Sample/install/tracked_object_msgs/share/tracked_object_msgs/environment/path.dsv
[0.878s] -- Up-to-date: /home/kcg/Autonomous_kcg/ROS2Sample/install/tracked_object_msgs/share/tracked_object_msgs/local_setup.bash
[0.878s] -- Up-to-date: /home/kcg/Autonomous_kcg/ROS2Sample/install/tracked_object_msgs/share/tracked_object_msgs/local_setup.sh
[0.879s] -- Up-to-date: /home/kcg/Autonomous_kcg/ROS2Sample/install/tracked_object_msgs/share/tracked_object_msgs/local_setup.zsh
[0.879s] -- Up-to-date: /home/kcg/Autonomous_kcg/ROS2Sample/install/tracked_object_msgs/share/tracked_object_msgs/local_setup.dsv
[0.879s] -- Installing: /home/kcg/Autonomous_kcg/ROS2Sample/install/tracked_object_msgs/share/tracked_object_msgs/package.dsv
[0.879s] -- Up-to-date: /home/kcg/Autonomous_kcg/ROS2Sample/install/tracked_object_msgs/share/ament_index/resource_index/packages/tracked_object_msgs
[0.879s] -- Up-to-date: /home/kcg/Autonomous_kcg/ROS2Sample/install/tracked_object_msgs/share/tracked_object_msgs/cmake/tracked_object_msgs__rosidl_generator_cExport.cmake
[0.880s] -- Up-to-date: /home/kcg/Autonomous_kcg/ROS2Sample/install/tracked_object_msgs/share/tracked_object_msgs/cmake/tracked_object_msgs__rosidl_generator_cExport-noconfig.cmake
[0.880s] -- Up-to-date: /home/kcg/Autonomous_kcg/ROS2Sample/install/tracked_object_msgs/share/tracked_object_msgs/cmake/tracked_object_msgs__rosidl_typesupport_introspection_cExport.cmake
[0.880s] -- Up-to-date: /home/kcg/Autonomous_kcg/ROS2Sample/install/tracked_object_msgs/share/tracked_object_msgs/cmake/tracked_object_msgs__rosidl_typesupport_introspection_cExport-noconfig.cmake
[0.881s] -- Up-to-date: /home/kcg/Autonomous_kcg/ROS2Sample/install/tracked_object_msgs/share/tracked_object_msgs/cmake/tracked_object_msgs__rosidl_typesupport_cExport.cmake
[0.884s] -- Up-to-date: /home/kcg/Autonomous_kcg/ROS2Sample/install/tracked_object_msgs/share/tracked_object_msgs/cmake/tracked_object_msgs__rosidl_typesupport_cExport-noconfig.cmake
[0.884s] -- Up-to-date: /home/kcg/Autonomous_kcg/ROS2Sample/install/tracked_object_msgs/share/tracked_object_msgs/cmake/tracked_object_msgs__rosidl_generator_cppExport.cmake
[0.884s] -- Up-to-date: /home/kcg/Autonomous_kcg/ROS2Sample/install/tracked_object_msgs/share/tracked_object_msgs/cmake/tracked_object_msgs__rosidl_typesupport_introspection_cppExport.cmake
[0.884s] -- Up-to-date: /home/kcg/Autonomous_kcg/ROS2Sample/install/tracked_object_msgs/share/tracked_object_msgs/cmake/tracked_object_msgs__rosidl_typesupport_introspection_cppExport-noconfig.cmake
[0.885s] -- Up-to-date: /home/kcg/Autonomous_kcg/ROS2Sample/install/tracked_object_msgs/share/tracked_object_msgs/cmake/tracked_object_msgs__rosidl_typesupport_cppExport.cmake
[0.885s] -- Up-to-date: /home/kcg/Autonomous_kcg/ROS2Sample/install/tracked_object_msgs/share/tracked_object_msgs/cmake/tracked_object_msgs__rosidl_typesupport_cppExport-noconfig.cmake
[0.885s] -- Up-to-date: /home/kcg/Autonomous_kcg/ROS2Sample/install/tracked_object_msgs/share/tracked_object_msgs/cmake/rosidl_cmake-extras.cmake
[0.885s] -- Up-to-date: /home/kcg/Autonomous_kcg/ROS2Sample/install/tracked_object_msgs/share/tracked_object_msgs/cmake/ament_cmake_export_dependencies-extras.cmake
[0.885s] -- Up-to-date: /home/kcg/Autonomous_kcg/ROS2Sample/install/tracked_object_msgs/share/tracked_object_msgs/cmake/ament_cmake_export_libraries-extras.cmake
[0.886s] -- Up-to-date: /home/kcg/Autonomous_kcg/ROS2Sample/install/tracked_object_msgs/share/tracked_object_msgs/cmake/ament_cmake_export_targets-extras.cmake
[0.886s] -- Up-to-date: /home/kcg/Autonomous_kcg/ROS2Sample/install/tracked_object_msgs/share/tracked_object_msgs/cmake/ament_cmake_export_include_directories-extras.cmake
[0.890s] -- Up-to-date: /home/kcg/Autonomous_kcg/ROS2Sample/install/tracked_object_msgs/share/tracked_object_msgs/cmake/rosidl_cmake_export_typesupport_libraries-extras.cmake
[0.890s] -- Up-to-date: /home/kcg/Autonomous_kcg/ROS2Sample/install/tracked_object_msgs/share/tracked_object_msgs/cmake/rosidl_cmake_export_typesupport_targets-extras.cmake
[0.890s] -- Up-to-date: /home/kcg/Autonomous_kcg/ROS2Sample/install/tracked_object_msgs/share/tracked_object_msgs/cmake/tracked_object_msgsConfig.cmake
[0.891s] -- Up-to-date: /home/kcg/Autonomous_kcg/ROS2Sample/install/tracked_object_msgs/share/tracked_object_msgs/cmake/tracked_object_msgsConfig-version.cmake
[0.891s] -- Up-to-date: /home/kcg/Autonomous_kcg/ROS2Sample/install/tracked_object_msgs/share/tracked_object_msgs/package.xml
[0.915s] Invoked command in '/home/kcg/Autonomous_kcg/ROS2Sample/build/tracked_object_msgs' returned '0': CMAKE_PREFIX_PATH=${CMAKE_PREFIX_PATH}:/home/kcg/Autonomous_kcg/ROS2Sample/install/python_publisher:/opt/ros/foxy /usr/bin/cmake --install /home/kcg/Autonomous_kcg/ROS2Sample/build/tracked_object_msgs
