[0.053s] Invoking command in '/home/kcg/Autonomous_kcg/ROS2Sample/build/cognata_sdk_ros2': CMAKE_PREFIX_PATH=${CMAKE_PREFIX_PATH}:/home/kcg/Autonomous_kcg/ROS2Sample/install/python_publisher:/opt/ros/foxy /usr/bin/cmake --build /home/kcg/Autonomous_kcg/ROS2Sample/build/cognata_sdk_ros2 -- -j8 -l8
[0.148s] [  1%] Built target cognata_sdk_ros2__cpp
[0.165s] [ 13%] Built target cognata_sdk_ros2__rosidl_generator_c
[0.246s] [ 24%] Built target cognata_sdk_ros2__rosidl_typesupport_fastrtps_cpp
[0.253s] [ 35%] Built target cognata_sdk_ros2__rosidl_typesupport_cpp
[0.260s] [ 47%] Built target cognata_sdk_ros2__rosidl_typesupport_introspection_cpp
[0.283s] [ 58%] Built target cognata_sdk_ros2__rosidl_typesupport_c
[0.287s] [ 70%] Built target cognata_sdk_ros2__rosidl_typesupport_introspection_c
[0.345s] [ 81%] Built target cognata_sdk_ros2__rosidl_typesupport_fastrtps_c
[0.373s] [ 81%] Built target cognata_sdk_ros2
[0.408s] [ 82%] Built target cognata_sdk_ros2__py
[0.451s] [ 85%] Built target ROS2SDK
[0.477s] [ 95%] Built target cognata_sdk_ros2__python
[0.523s] [ 97%] Built target cognata_sdk_ros2__rosidl_typesupport_c__pyext
[0.534s] [ 98%] Built target cognata_sdk_ros2__rosidl_typesupport_introspection_c__pyext
[0.535s] [100%] Built target cognata_sdk_ros2__rosidl_typesupport_fastrtps_c__pyext
[0.553s] Invoked command in '/home/kcg/Autonomous_kcg/ROS2Sample/build/cognata_sdk_ros2' returned '0': CMAKE_PREFIX_PATH=${CMAKE_PREFIX_PATH}:/home/kcg/Autonomous_kcg/ROS2Sample/install/python_publisher:/opt/ros/foxy /usr/bin/cmake --build /home/kcg/Autonomous_kcg/ROS2Sample/build/cognata_sdk_ros2 -- -j8 -l8
[0.900s] Invoking command in '/home/kcg/Autonomous_kcg/ROS2Sample/build/cognata_sdk_ros2': CMAKE_PREFIX_PATH=${CMAKE_PREFIX_PATH}:/home/kcg/Autonomous_kcg/ROS2Sample/install/python_publisher:/opt/ros/foxy /usr/bin/cmake --install /home/kcg/Autonomous_kcg/ROS2Sample/build/cognata_sdk_ros2
[0.928s] -- Install configuration: ""
[0.928s] -- Up-to-date: /home/kcg/Autonomous_kcg/ROS2Sample/install/cognata_sdk_ros2/share/ament_index/resource_index/rosidl_interfaces/cognata_sdk_ros2
[0.928s] -- Up-to-date: /home/kcg/Autonomous_kcg/ROS2Sample/install/cognata_sdk_ros2/include/cognata_sdk_ros2
[0.929s] -- Up-to-date: /home/kcg/Autonomous_kcg/ROS2Sample/install/cognata_sdk_ros2/include/cognata_sdk_ros2/msg
[0.929s] -- Up-to-date: /home/kcg/Autonomous_kcg/ROS2Sample/install/cognata_sdk_ros2/include/cognata_sdk_ros2/msg/roi_and_dogt_output.h
[0.929s] -- Up-to-date: /home/kcg/Autonomous_kcg/ROS2Sample/install/cognata_sdk_ros2/include/cognata_sdk_ros2/msg/wheel_telemetries.h
[0.930s] -- Up-to-date: /home/kcg/Autonomous_kcg/ROS2Sample/install/cognata_sdk_ros2/include/cognata_sdk_ros2/msg/bounding_box_msg.h
[0.931s] -- Up-to-date: /home/kcg/Autonomous_kcg/ROS2Sample/install/cognata_sdk_ros2/include/cognata_sdk_ros2/msg/vehicle_msg.h
[0.931s] -- Up-to-date: /home/kcg/Autonomous_kcg/ROS2Sample/install/cognata_sdk_ros2/include/cognata_sdk_ros2/msg/annotation_msg.h
[0.931s] -- Up-to-date: /home/kcg/Autonomous_kcg/ROS2Sample/install/cognata_sdk_ros2/include/cognata_sdk_ros2/msg/radar_output_target.h
[0.931s] -- Up-to-date: /home/kcg/Autonomous_kcg/ROS2Sample/install/cognata_sdk_ros2/include/cognata_sdk_ros2/msg/gps_additional_data.h
[0.932s] -- Up-to-date: /home/kcg/Autonomous_kcg/ROS2Sample/install/cognata_sdk_ros2/include/cognata_sdk_ros2/msg/rosidl_generator_c__visibility_control.h
[0.932s] -- Up-to-date: /home/kcg/Autonomous_kcg/ROS2Sample/install/cognata_sdk_ros2/include/cognata_sdk_ros2/msg/wheel_msg.h
[0.932s] -- Up-to-date: /home/kcg/Autonomous_kcg/ROS2Sample/install/cognata_sdk_ros2/include/cognata_sdk_ros2/msg/car_telemetries_msg.h
[0.932s] -- Up-to-date: /home/kcg/Autonomous_kcg/ROS2Sample/install/cognata_sdk_ros2/include/cognata_sdk_ros2/msg/radar_output_header.h
[0.932s] -- Up-to-date: /home/kcg/Autonomous_kcg/ROS2Sample/install/cognata_sdk_ros2/include/cognata_sdk_ros2/msg/traffic_light_msg.h
[0.932s] -- Up-to-date: /home/kcg/Autonomous_kcg/ROS2Sample/install/cognata_sdk_ros2/include/cognata_sdk_ros2/msg/detail
[0.933s] -- Up-to-date: /home/kcg/Autonomous_kcg/ROS2Sample/install/cognata_sdk_ros2/include/cognata_sdk_ros2/msg/detail/wheel_telemetries__struct.h
[0.933s] -- Up-to-date: /home/kcg/Autonomous_kcg/ROS2Sample/install/cognata_sdk_ros2/include/cognata_sdk_ros2/msg/detail/gps_additional_data__functions.c
[0.933s] -- Up-to-date: /home/kcg/Autonomous_kcg/ROS2Sample/install/cognata_sdk_ros2/include/cognata_sdk_ros2/msg/detail/pedestrian_msg__functions.h
[0.933s] -- Up-to-date: /home/kcg/Autonomous_kcg/ROS2Sample/install/cognata_sdk_ros2/include/cognata_sdk_ros2/msg/detail/wheel_msg__functions.c
[0.933s] -- Up-to-date: /home/kcg/Autonomous_kcg/ROS2Sample/install/cognata_sdk_ros2/include/cognata_sdk_ros2/msg/detail/annotation_msg__struct.h
[0.933s] -- Up-to-date: /home/kcg/Autonomous_kcg/ROS2Sample/install/cognata_sdk_ros2/include/cognata_sdk_ros2/msg/detail/traffic_light_msg__struct.h
[0.934s] -- Up-to-date: /home/kcg/Autonomous_kcg/ROS2Sample/install/cognata_sdk_ros2/include/cognata_sdk_ros2/msg/detail/object_description__functions.c
[0.934s] -- Up-to-date: /home/kcg/Autonomous_kcg/ROS2Sample/install/cognata_sdk_ros2/include/cognata_sdk_ros2/msg/detail/wheel_msg__struct.h
[0.934s] -- Up-to-date: /home/kcg/Autonomous_kcg/ROS2Sample/install/cognata_sdk_ros2/include/cognata_sdk_ros2/msg/detail/radar_output_target__struct.h
[0.934s] -- Up-to-date: /home/kcg/Autonomous_kcg/ROS2Sample/install/cognata_sdk_ros2/include/cognata_sdk_ros2/msg/detail/vehicle_msg__functions.h
[0.934s] -- Up-to-date: /home/kcg/Autonomous_kcg/ROS2Sample/install/cognata_sdk_ros2/include/cognata_sdk_ros2/msg/detail/bounding_box_msg__functions.h
[0.934s] -- Up-to-date: /home/kcg/Autonomous_kcg/ROS2Sample/install/cognata_sdk_ros2/include/cognata_sdk_ros2/msg/detail/radar_output_target__type_support.h
[0.935s] -- Up-to-date: /home/kcg/Autonomous_kcg/ROS2Sample/install/cognata_sdk_ros2/include/cognata_sdk_ros2/msg/detail/radar_output_header__type_support.h
[0.935s] -- Up-to-date: /home/kcg/Autonomous_kcg/ROS2Sample/install/cognata_sdk_ros2/include/cognata_sdk_ros2/msg/detail/gps_additional_data__functions.h
[0.935s] -- Up-to-date: /home/kcg/Autonomous_kcg/ROS2Sample/install/cognata_sdk_ros2/include/cognata_sdk_ros2/msg/detail/car_telemetries_msg__struct.h
[0.935s] -- Up-to-date: /home/kcg/Autonomous_kcg/ROS2Sample/install/cognata_sdk_ros2/include/cognata_sdk_ros2/msg/detail/bounding_box_msg__type_support.h
[0.936s] -- Up-to-date: /home/kcg/Autonomous_kcg/ROS2Sample/install/cognata_sdk_ros2/include/cognata_sdk_ros2/msg/detail/annotation_msg__functions.c
[0.936s] -- Up-to-date: /home/kcg/Autonomous_kcg/ROS2Sample/install/cognata_sdk_ros2/include/cognata_sdk_ros2/msg/detail/traffic_light_msg__functions.h
[0.936s] -- Up-to-date: /home/kcg/Autonomous_kcg/ROS2Sample/install/cognata_sdk_ros2/include/cognata_sdk_ros2/msg/detail/traffic_light_msg__functions.c
[0.936s] -- Up-to-date: /home/kcg/Autonomous_kcg/ROS2Sample/install/cognata_sdk_ros2/include/cognata_sdk_ros2/msg/detail/car_telemetries_msg__type_support.h
[0.936s] -- Up-to-date: /home/kcg/Autonomous_kcg/ROS2Sample/install/cognata_sdk_ros2/include/cognata_sdk_ros2/msg/detail/wheel_telemetries__functions.h
[0.936s] -- Up-to-date: /home/kcg/Autonomous_kcg/ROS2Sample/install/cognata_sdk_ros2/include/cognata_sdk_ros2/msg/detail/bounding_box_msg__functions.c
[0.936s] -- Up-to-date: /home/kcg/Autonomous_kcg/ROS2Sample/install/cognata_sdk_ros2/include/cognata_sdk_ros2/msg/detail/car_telemetries_msg__functions.c
[0.937s] -- Up-to-date: /home/kcg/Autonomous_kcg/ROS2Sample/install/cognata_sdk_ros2/include/cognata_sdk_ros2/msg/detail/object_description__type_support.h
[0.937s] -- Up-to-date: /home/kcg/Autonomous_kcg/ROS2Sample/install/cognata_sdk_ros2/include/cognata_sdk_ros2/msg/detail/pedestrian_msg__struct.h
[0.937s] -- Up-to-date: /home/kcg/Autonomous_kcg/ROS2Sample/install/cognata_sdk_ros2/include/cognata_sdk_ros2/msg/detail/roi_and_dogt_output__type_support.h
[0.937s] -- Up-to-date: /home/kcg/Autonomous_kcg/ROS2Sample/install/cognata_sdk_ros2/include/cognata_sdk_ros2/msg/detail/bounding_box_msg__struct.h
[0.937s] -- Up-to-date: /home/kcg/Autonomous_kcg/ROS2Sample/install/cognata_sdk_ros2/include/cognata_sdk_ros2/msg/detail/gps_additional_data__type_support.h
[0.937s] -- Up-to-date: /home/kcg/Autonomous_kcg/ROS2Sample/install/cognata_sdk_ros2/include/cognata_sdk_ros2/msg/detail/annotation_msg__type_support.h
[0.937s] -- Up-to-date: /home/kcg/Autonomous_kcg/ROS2Sample/install/cognata_sdk_ros2/include/cognata_sdk_ros2/msg/detail/wheel_msg__functions.h
[0.938s] -- Up-to-date: /home/kcg/Autonomous_kcg/ROS2Sample/install/cognata_sdk_ros2/include/cognata_sdk_ros2/msg/detail/radar_output_target__functions.c
[0.938s] -- Up-to-date: /home/kcg/Autonomous_kcg/ROS2Sample/install/cognata_sdk_ros2/include/cognata_sdk_ros2/msg/detail/radar_output_header__struct.h
[0.938s] -- Up-to-date: /home/kcg/Autonomous_kcg/ROS2Sample/install/cognata_sdk_ros2/include/cognata_sdk_ros2/msg/detail/pedestrian_msg__functions.c
[0.938s] -- Up-to-date: /home/kcg/Autonomous_kcg/ROS2Sample/install/cognata_sdk_ros2/include/cognata_sdk_ros2/msg/detail/vehicle_msg__type_support.h
[0.938s] -- Up-to-date: /home/kcg/Autonomous_kcg/ROS2Sample/install/cognata_sdk_ros2/include/cognata_sdk_ros2/msg/detail/object_description__struct.h
[0.938s] -- Up-to-date: /home/kcg/Autonomous_kcg/ROS2Sample/install/cognata_sdk_ros2/include/cognata_sdk_ros2/msg/detail/roi_and_dogt_output__struct.h
[0.939s] -- Up-to-date: /home/kcg/Autonomous_kcg/ROS2Sample/install/cognata_sdk_ros2/include/cognata_sdk_ros2/msg/detail/wheel_telemetries__functions.c
[0.939s] -- Up-to-date: /home/kcg/Autonomous_kcg/ROS2Sample/install/cognata_sdk_ros2/include/cognata_sdk_ros2/msg/detail/radar_output_target__functions.h
[0.939s] -- Up-to-date: /home/kcg/Autonomous_kcg/ROS2Sample/install/cognata_sdk_ros2/include/cognata_sdk_ros2/msg/detail/car_telemetries_msg__functions.h
[0.939s] -- Up-to-date: /home/kcg/Autonomous_kcg/ROS2Sample/install/cognata_sdk_ros2/include/cognata_sdk_ros2/msg/detail/radar_output_header__functions.c
[0.939s] -- Up-to-date: /home/kcg/Autonomous_kcg/ROS2Sample/install/cognata_sdk_ros2/include/cognata_sdk_ros2/msg/detail/pedestrian_msg__type_support.h
[0.940s] -- Up-to-date: /home/kcg/Autonomous_kcg/ROS2Sample/install/cognata_sdk_ros2/include/cognata_sdk_ros2/msg/detail/traffic_light_msg__type_support.h
[0.940s] -- Up-to-date: /home/kcg/Autonomous_kcg/ROS2Sample/install/cognata_sdk_ros2/include/cognata_sdk_ros2/msg/detail/vehicle_msg__functions.c
[0.940s] -- Up-to-date: /home/kcg/Autonomous_kcg/ROS2Sample/install/cognata_sdk_ros2/include/cognata_sdk_ros2/msg/detail/gps_additional_data__struct.h
[0.940s] -- Up-to-date: /home/kcg/Autonomous_kcg/ROS2Sample/install/cognata_sdk_ros2/include/cognata_sdk_ros2/msg/detail/object_description__functions.h
[0.940s] -- Up-to-date: /home/kcg/Autonomous_kcg/ROS2Sample/install/cognata_sdk_ros2/include/cognata_sdk_ros2/msg/detail/wheel_telemetries__type_support.h
[0.940s] -- Up-to-date: /home/kcg/Autonomous_kcg/ROS2Sample/install/cognata_sdk_ros2/include/cognata_sdk_ros2/msg/detail/roi_and_dogt_output__functions.h
[0.941s] -- Up-to-date: /home/kcg/Autonomous_kcg/ROS2Sample/install/cognata_sdk_ros2/include/cognata_sdk_ros2/msg/detail/vehicle_msg__struct.h
[0.941s] -- Up-to-date: /home/kcg/Autonomous_kcg/ROS2Sample/install/cognata_sdk_ros2/include/cognata_sdk_ros2/msg/detail/annotation_msg__functions.h
[0.941s] -- Up-to-date: /home/kcg/Autonomous_kcg/ROS2Sample/install/cognata_sdk_ros2/include/cognata_sdk_ros2/msg/detail/radar_output_header__functions.h
[0.941s] -- Up-to-date: /home/kcg/Autonomous_kcg/ROS2Sample/install/cognata_sdk_ros2/include/cognata_sdk_ros2/msg/detail/wheel_msg__type_support.h
[0.941s] -- Up-to-date: /home/kcg/Autonomous_kcg/ROS2Sample/install/cognata_sdk_ros2/include/cognata_sdk_ros2/msg/detail/roi_and_dogt_output__functions.c
[0.941s] -- Up-to-date: /home/kcg/Autonomous_kcg/ROS2Sample/install/cognata_sdk_ros2/include/cognata_sdk_ros2/msg/pedestrian_msg.h
[0.941s] -- Up-to-date: /home/kcg/Autonomous_kcg/ROS2Sample/install/cognata_sdk_ros2/include/cognata_sdk_ros2/msg/object_description.h
[0.942s] -- Up-to-date: /home/kcg/Autonomous_kcg/ROS2Sample/install/cognata_sdk_ros2/share/cognata_sdk_ros2/environment/library_path.sh
[0.942s] -- Up-to-date: /home/kcg/Autonomous_kcg/ROS2Sample/install/cognata_sdk_ros2/share/cognata_sdk_ros2/environment/library_path.dsv
[0.942s] -- Up-to-date: /home/kcg/Autonomous_kcg/ROS2Sample/install/cognata_sdk_ros2/lib/libcognata_sdk_ros2__rosidl_generator_c.so
[0.942s] -- Up-to-date: /home/kcg/Autonomous_kcg/ROS2Sample/install/cognata_sdk_ros2/include/cognata_sdk_ros2
[0.942s] -- Up-to-date: /home/kcg/Autonomous_kcg/ROS2Sample/install/cognata_sdk_ros2/include/cognata_sdk_ros2/msg
[0.942s] -- Up-to-date: /home/kcg/Autonomous_kcg/ROS2Sample/install/cognata_sdk_ros2/include/cognata_sdk_ros2/msg/rosidl_typesupport_fastrtps_c__visibility_control.h
[0.942s] -- Up-to-date: /home/kcg/Autonomous_kcg/ROS2Sample/install/cognata_sdk_ros2/include/cognata_sdk_ros2/msg/detail
[0.943s] -- Up-to-date: /home/kcg/Autonomous_kcg/ROS2Sample/install/cognata_sdk_ros2/include/cognata_sdk_ros2/msg/detail/gps_additional_data__rosidl_typesupport_fastrtps_c.h
[0.943s] -- Up-to-date: /home/kcg/Autonomous_kcg/ROS2Sample/install/cognata_sdk_ros2/include/cognata_sdk_ros2/msg/detail/pedestrian_msg__rosidl_typesupport_fastrtps_c.h
[0.943s] -- Up-to-date: /home/kcg/Autonomous_kcg/ROS2Sample/install/cognata_sdk_ros2/include/cognata_sdk_ros2/msg/detail/radar_output_target__rosidl_typesupport_fastrtps_c.h
[0.943s] -- Up-to-date: /home/kcg/Autonomous_kcg/ROS2Sample/install/cognata_sdk_ros2/include/cognata_sdk_ros2/msg/detail/annotation_msg__rosidl_typesupport_fastrtps_c.h
[0.943s] -- Up-to-date: /home/kcg/Autonomous_kcg/ROS2Sample/install/cognata_sdk_ros2/include/cognata_sdk_ros2/msg/detail/car_telemetries_msg__rosidl_typesupport_fastrtps_c.h
[0.944s] -- Up-to-date: /home/kcg/Autonomous_kcg/ROS2Sample/install/cognata_sdk_ros2/include/cognata_sdk_ros2/msg/detail/roi_and_dogt_output__rosidl_typesupport_fastrtps_c.h
[0.944s] -- Up-to-date: /home/kcg/Autonomous_kcg/ROS2Sample/install/cognata_sdk_ros2/include/cognata_sdk_ros2/msg/detail/object_description__rosidl_typesupport_fastrtps_c.h
[0.944s] -- Up-to-date: /home/kcg/Autonomous_kcg/ROS2Sample/install/cognata_sdk_ros2/include/cognata_sdk_ros2/msg/detail/bounding_box_msg__rosidl_typesupport_fastrtps_c.h
[0.944s] -- Up-to-date: /home/kcg/Autonomous_kcg/ROS2Sample/install/cognata_sdk_ros2/include/cognata_sdk_ros2/msg/detail/wheel_msg__rosidl_typesupport_fastrtps_c.h
[0.944s] -- Up-to-date: /home/kcg/Autonomous_kcg/ROS2Sample/install/cognata_sdk_ros2/include/cognata_sdk_ros2/msg/detail/vehicle_msg__rosidl_typesupport_fastrtps_c.h
[0.944s] -- Up-to-date: /home/kcg/Autonomous_kcg/ROS2Sample/install/cognata_sdk_ros2/include/cognata_sdk_ros2/msg/detail/traffic_light_msg__rosidl_typesupport_fastrtps_c.h
[0.945s] -- Up-to-date: /home/kcg/Autonomous_kcg/ROS2Sample/install/cognata_sdk_ros2/include/cognata_sdk_ros2/msg/detail/wheel_telemetries__rosidl_typesupport_fastrtps_c.h
[0.945s] -- Up-to-date: /home/kcg/Autonomous_kcg/ROS2Sample/install/cognata_sdk_ros2/include/cognata_sdk_ros2/msg/detail/radar_output_header__rosidl_typesupport_fastrtps_c.h
[0.945s] -- Up-to-date: /home/kcg/Autonomous_kcg/ROS2Sample/install/cognata_sdk_ros2/lib/libcognata_sdk_ros2__rosidl_typesupport_fastrtps_c.so
[0.945s] -- Up-to-date: /home/kcg/Autonomous_kcg/ROS2Sample/install/cognata_sdk_ros2/include/cognata_sdk_ros2
[0.945s] -- Up-to-date: /home/kcg/Autonomous_kcg/ROS2Sample/install/cognata_sdk_ros2/include/cognata_sdk_ros2/msg
[0.945s] -- Up-to-date: /home/kcg/Autonomous_kcg/ROS2Sample/install/cognata_sdk_ros2/include/cognata_sdk_ros2/msg/detail
[0.945s] -- Up-to-date: /home/kcg/Autonomous_kcg/ROS2Sample/install/cognata_sdk_ros2/include/cognata_sdk_ros2/msg/detail/wheel_msg__rosidl_typesupport_fastrtps_cpp.hpp
[0.946s] -- Up-to-date: /home/kcg/Autonomous_kcg/ROS2Sample/install/cognata_sdk_ros2/include/cognata_sdk_ros2/msg/detail/bounding_box_msg__rosidl_typesupport_fastrtps_cpp.hpp
[0.946s] -- Up-to-date: /home/kcg/Autonomous_kcg/ROS2Sample/install/cognata_sdk_ros2/include/cognata_sdk_ros2/msg/detail/object_description__rosidl_typesupport_fastrtps_cpp.hpp
[0.946s] -- Up-to-date: /home/kcg/Autonomous_kcg/ROS2Sample/install/cognata_sdk_ros2/include/cognata_sdk_ros2/msg/detail/gps_additional_data__rosidl_typesupport_fastrtps_cpp.hpp
[0.947s] -- Up-to-date: /home/kcg/Autonomous_kcg/ROS2Sample/install/cognata_sdk_ros2/include/cognata_sdk_ros2/msg/detail/radar_output_target__rosidl_typesupport_fastrtps_cpp.hpp
[0.947s] -- Up-to-date: /home/kcg/Autonomous_kcg/ROS2Sample/install/cognata_sdk_ros2/include/cognata_sdk_ros2/msg/detail/roi_and_dogt_output__rosidl_typesupport_fastrtps_cpp.hpp
[0.950s] -- Up-to-date: /home/kcg/Autonomous_kcg/ROS2Sample/install/cognata_sdk_ros2/include/cognata_sdk_ros2/msg/detail/dds_fastrtps
[0.954s] -- Up-to-date: /home/kcg/Autonomous_kcg/ROS2Sample/install/cognata_sdk_ros2/include/cognata_sdk_ros2/msg/detail/radar_output_header__rosidl_typesupport_fastrtps_cpp.hpp
[0.954s] -- Up-to-date: /home/kcg/Autonomous_kcg/ROS2Sample/install/cognata_sdk_ros2/include/cognata_sdk_ros2/msg/detail/vehicle_msg__rosidl_typesupport_fastrtps_cpp.hpp
[0.955s] -- Up-to-date: /home/kcg/Autonomous_kcg/ROS2Sample/install/cognata_sdk_ros2/include/cognata_sdk_ros2/msg/detail/car_telemetries_msg__rosidl_typesupport_fastrtps_cpp.hpp
[0.955s] -- Up-to-date: /home/kcg/Autonomous_kcg/ROS2Sample/install/cognata_sdk_ros2/include/cognata_sdk_ros2/msg/detail/traffic_light_msg__rosidl_typesupport_fastrtps_cpp.hpp
[0.955s] -- Up-to-date: /home/kcg/Autonomous_kcg/ROS2Sample/install/cognata_sdk_ros2/include/cognata_sdk_ros2/msg/detail/annotation_msg__rosidl_typesupport_fastrtps_cpp.hpp
[0.955s] -- Up-to-date: /home/kcg/Autonomous_kcg/ROS2Sample/install/cognata_sdk_ros2/include/cognata_sdk_ros2/msg/detail/wheel_telemetries__rosidl_typesupport_fastrtps_cpp.hpp
[0.955s] -- Up-to-date: /home/kcg/Autonomous_kcg/ROS2Sample/install/cognata_sdk_ros2/include/cognata_sdk_ros2/msg/detail/pedestrian_msg__rosidl_typesupport_fastrtps_cpp.hpp
[0.955s] -- Up-to-date: /home/kcg/Autonomous_kcg/ROS2Sample/install/cognata_sdk_ros2/include/cognata_sdk_ros2/msg/rosidl_typesupport_fastrtps_cpp__visibility_control.h
[0.956s] -- Up-to-date: /home/kcg/Autonomous_kcg/ROS2Sample/install/cognata_sdk_ros2/lib/libcognata_sdk_ros2__rosidl_typesupport_fastrtps_cpp.so
[0.956s] -- Up-to-date: /home/kcg/Autonomous_kcg/ROS2Sample/install/cognata_sdk_ros2/include/cognata_sdk_ros2
[0.956s] -- Up-to-date: /home/kcg/Autonomous_kcg/ROS2Sample/install/cognata_sdk_ros2/include/cognata_sdk_ros2/msg
[0.956s] -- Up-to-date: /home/kcg/Autonomous_kcg/ROS2Sample/install/cognata_sdk_ros2/include/cognata_sdk_ros2/msg/rosidl_typesupport_introspection_c__visibility_control.h
[0.956s] -- Up-to-date: /home/kcg/Autonomous_kcg/ROS2Sample/install/cognata_sdk_ros2/include/cognata_sdk_ros2/msg/detail
[0.956s] -- Up-to-date: /home/kcg/Autonomous_kcg/ROS2Sample/install/cognata_sdk_ros2/include/cognata_sdk_ros2/msg/detail/radar_output_header__type_support.c
[0.956s] -- Up-to-date: /home/kcg/Autonomous_kcg/ROS2Sample/install/cognata_sdk_ros2/include/cognata_sdk_ros2/msg/detail/vehicle_msg__type_support.c
[0.957s] -- Up-to-date: /home/kcg/Autonomous_kcg/ROS2Sample/install/cognata_sdk_ros2/include/cognata_sdk_ros2/msg/detail/traffic_light_msg__rosidl_typesupport_introspection_c.h
[0.957s] -- Up-to-date: /home/kcg/Autonomous_kcg/ROS2Sample/install/cognata_sdk_ros2/include/cognata_sdk_ros2/msg/detail/radar_output_target__type_support.c
[0.957s] -- Up-to-date: /home/kcg/Autonomous_kcg/ROS2Sample/install/cognata_sdk_ros2/include/cognata_sdk_ros2/msg/detail/car_telemetries_msg__rosidl_typesupport_introspection_c.h
[0.957s] -- Up-to-date: /home/kcg/Autonomous_kcg/ROS2Sample/install/cognata_sdk_ros2/include/cognata_sdk_ros2/msg/detail/gps_additional_data__type_support.c
[0.957s] -- Up-to-date: /home/kcg/Autonomous_kcg/ROS2Sample/install/cognata_sdk_ros2/include/cognata_sdk_ros2/msg/detail/traffic_light_msg__type_support.c
[0.957s] -- Up-to-date: /home/kcg/Autonomous_kcg/ROS2Sample/install/cognata_sdk_ros2/include/cognata_sdk_ros2/msg/detail/annotation_msg__type_support.c
[0.958s] -- Up-to-date: /home/kcg/Autonomous_kcg/ROS2Sample/install/cognata_sdk_ros2/include/cognata_sdk_ros2/msg/detail/object_description__rosidl_typesupport_introspection_c.h
[0.958s] -- Up-to-date: /home/kcg/Autonomous_kcg/ROS2Sample/install/cognata_sdk_ros2/include/cognata_sdk_ros2/msg/detail/object_description__type_support.c
[0.958s] -- Up-to-date: /home/kcg/Autonomous_kcg/ROS2Sample/install/cognata_sdk_ros2/include/cognata_sdk_ros2/msg/detail/wheel_msg__rosidl_typesupport_introspection_c.h
[0.958s] -- Up-to-date: /home/kcg/Autonomous_kcg/ROS2Sample/install/cognata_sdk_ros2/include/cognata_sdk_ros2/msg/detail/wheel_telemetries__type_support.c
[0.958s] -- Up-to-date: /home/kcg/Autonomous_kcg/ROS2Sample/install/cognata_sdk_ros2/include/cognata_sdk_ros2/msg/detail/radar_output_header__rosidl_typesupport_introspection_c.h
[0.959s] -- Up-to-date: /home/kcg/Autonomous_kcg/ROS2Sample/install/cognata_sdk_ros2/include/cognata_sdk_ros2/msg/detail/annotation_msg__rosidl_typesupport_introspection_c.h
[0.959s] -- Up-to-date: /home/kcg/Autonomous_kcg/ROS2Sample/install/cognata_sdk_ros2/include/cognata_sdk_ros2/msg/detail/wheel_telemetries__rosidl_typesupport_introspection_c.h
[0.959s] -- Up-to-date: /home/kcg/Autonomous_kcg/ROS2Sample/install/cognata_sdk_ros2/include/cognata_sdk_ros2/msg/detail/bounding_box_msg__rosidl_typesupport_introspection_c.h
[0.959s] -- Up-to-date: /home/kcg/Autonomous_kcg/ROS2Sample/install/cognata_sdk_ros2/include/cognata_sdk_ros2/msg/detail/vehicle_msg__rosidl_typesupport_introspection_c.h
[0.959s] -- Up-to-date: /home/kcg/Autonomous_kcg/ROS2Sample/install/cognata_sdk_ros2/include/cognata_sdk_ros2/msg/detail/bounding_box_msg__type_support.c
[0.960s] -- Up-to-date: /home/kcg/Autonomous_kcg/ROS2Sample/install/cognata_sdk_ros2/include/cognata_sdk_ros2/msg/detail/roi_and_dogt_output__rosidl_typesupport_introspection_c.h
[0.960s] -- Up-to-date: /home/kcg/Autonomous_kcg/ROS2Sample/install/cognata_sdk_ros2/include/cognata_sdk_ros2/msg/detail/gps_additional_data__rosidl_typesupport_introspection_c.h
[0.963s] -- Up-to-date: /home/kcg/Autonomous_kcg/ROS2Sample/install/cognata_sdk_ros2/include/cognata_sdk_ros2/msg/detail/roi_and_dogt_output__type_support.c
[0.963s] -- Up-to-date: /home/kcg/Autonomous_kcg/ROS2Sample/install/cognata_sdk_ros2/include/cognata_sdk_ros2/msg/detail/pedestrian_msg__type_support.c
[0.963s] -- Up-to-date: /home/kcg/Autonomous_kcg/ROS2Sample/install/cognata_sdk_ros2/include/cognata_sdk_ros2/msg/detail/wheel_msg__type_support.c
[0.963s] -- Up-to-date: /home/kcg/Autonomous_kcg/ROS2Sample/install/cognata_sdk_ros2/include/cognata_sdk_ros2/msg/detail/radar_output_target__rosidl_typesupport_introspection_c.h
[0.964s] -- Up-to-date: /home/kcg/Autonomous_kcg/ROS2Sample/install/cognata_sdk_ros2/include/cognata_sdk_ros2/msg/detail/car_telemetries_msg__type_support.c
[0.964s] -- Up-to-date: /home/kcg/Autonomous_kcg/ROS2Sample/install/cognata_sdk_ros2/include/cognata_sdk_ros2/msg/detail/pedestrian_msg__rosidl_typesupport_introspection_c.h
[0.964s] -- Up-to-date: /home/kcg/Autonomous_kcg/ROS2Sample/install/cognata_sdk_ros2/lib/libcognata_sdk_ros2__rosidl_typesupport_introspection_c.so
[0.964s] -- Up-to-date: /home/kcg/Autonomous_kcg/ROS2Sample/install/cognata_sdk_ros2/lib/libcognata_sdk_ros2__rosidl_typesupport_c.so
[0.965s] -- Up-to-date: /home/kcg/Autonomous_kcg/ROS2Sample/install/cognata_sdk_ros2/include/cognata_sdk_ros2
[0.965s] -- Up-to-date: /home/kcg/Autonomous_kcg/ROS2Sample/install/cognata_sdk_ros2/include/cognata_sdk_ros2/msg
[0.965s] -- Up-to-date: /home/kcg/Autonomous_kcg/ROS2Sample/install/cognata_sdk_ros2/include/cognata_sdk_ros2/msg/radar_output_target.hpp
[0.966s] -- Up-to-date: /home/kcg/Autonomous_kcg/ROS2Sample/install/cognata_sdk_ros2/include/cognata_sdk_ros2/msg/object_description.hpp
[0.966s] -- Up-to-date: /home/kcg/Autonomous_kcg/ROS2Sample/install/cognata_sdk_ros2/include/cognata_sdk_ros2/msg/annotation_msg.hpp
[0.966s] -- Up-to-date: /home/kcg/Autonomous_kcg/ROS2Sample/install/cognata_sdk_ros2/include/cognata_sdk_ros2/msg/gps_additional_data.hpp
[0.969s] -- Up-to-date: /home/kcg/Autonomous_kcg/ROS2Sample/install/cognata_sdk_ros2/include/cognata_sdk_ros2/msg/wheel_msg.hpp
[0.969s] -- Up-to-date: /home/kcg/Autonomous_kcg/ROS2Sample/install/cognata_sdk_ros2/include/cognata_sdk_ros2/msg/car_telemetries_msg.hpp
[0.970s] -- Up-to-date: /home/kcg/Autonomous_kcg/ROS2Sample/install/cognata_sdk_ros2/include/cognata_sdk_ros2/msg/bounding_box_msg.hpp
[0.970s] -- Up-to-date: /home/kcg/Autonomous_kcg/ROS2Sample/install/cognata_sdk_ros2/include/cognata_sdk_ros2/msg/radar_output_header.hpp
[0.970s] -- Up-to-date: /home/kcg/Autonomous_kcg/ROS2Sample/install/cognata_sdk_ros2/include/cognata_sdk_ros2/msg/wheel_telemetries.hpp
[0.970s] -- Up-to-date: /home/kcg/Autonomous_kcg/ROS2Sample/install/cognata_sdk_ros2/include/cognata_sdk_ros2/msg/vehicle_msg.hpp
[0.970s] -- Up-to-date: /home/kcg/Autonomous_kcg/ROS2Sample/install/cognata_sdk_ros2/include/cognata_sdk_ros2/msg/detail
[0.971s] -- Up-to-date: /home/kcg/Autonomous_kcg/ROS2Sample/install/cognata_sdk_ros2/include/cognata_sdk_ros2/msg/detail/roi_and_dogt_output__builder.hpp
[0.971s] -- Up-to-date: /home/kcg/Autonomous_kcg/ROS2Sample/install/cognata_sdk_ros2/include/cognata_sdk_ros2/msg/detail/bounding_box_msg__traits.hpp
[0.971s] -- Up-to-date: /home/kcg/Autonomous_kcg/ROS2Sample/install/cognata_sdk_ros2/include/cognata_sdk_ros2/msg/detail/wheel_msg__builder.hpp
[0.972s] -- Up-to-date: /home/kcg/Autonomous_kcg/ROS2Sample/install/cognata_sdk_ros2/include/cognata_sdk_ros2/msg/detail/roi_and_dogt_output__struct.hpp
[0.974s] -- Up-to-date: /home/kcg/Autonomous_kcg/ROS2Sample/install/cognata_sdk_ros2/include/cognata_sdk_ros2/msg/detail/pedestrian_msg__builder.hpp
[0.975s] -- Up-to-date: /home/kcg/Autonomous_kcg/ROS2Sample/install/cognata_sdk_ros2/include/cognata_sdk_ros2/msg/detail/pedestrian_msg__traits.hpp
[0.975s] -- Up-to-date: /home/kcg/Autonomous_kcg/ROS2Sample/install/cognata_sdk_ros2/include/cognata_sdk_ros2/msg/detail/traffic_light_msg__builder.hpp
[0.975s] -- Up-to-date: /home/kcg/Autonomous_kcg/ROS2Sample/install/cognata_sdk_ros2/include/cognata_sdk_ros2/msg/detail/object_description__traits.hpp
[0.975s] -- Up-to-date: /home/kcg/Autonomous_kcg/ROS2Sample/install/cognata_sdk_ros2/include/cognata_sdk_ros2/msg/detail/vehicle_msg__builder.hpp
[0.976s] -- Up-to-date: /home/kcg/Autonomous_kcg/ROS2Sample/install/cognata_sdk_ros2/include/cognata_sdk_ros2/msg/detail/gps_additional_data__builder.hpp
[0.976s] -- Up-to-date: /home/kcg/Autonomous_kcg/ROS2Sample/install/cognata_sdk_ros2/include/cognata_sdk_ros2/msg/detail/object_description__struct.hpp
[0.976s] -- Up-to-date: /home/kcg/Autonomous_kcg/ROS2Sample/install/cognata_sdk_ros2/include/cognata_sdk_ros2/msg/detail/car_telemetries_msg__traits.hpp
[0.976s] -- Up-to-date: /home/kcg/Autonomous_kcg/ROS2Sample/install/cognata_sdk_ros2/include/cognata_sdk_ros2/msg/detail/annotation_msg__builder.hpp
[0.977s] -- Up-to-date: /home/kcg/Autonomous_kcg/ROS2Sample/install/cognata_sdk_ros2/include/cognata_sdk_ros2/msg/detail/wheel_telemetries__builder.hpp
[0.977s] -- Up-to-date: /home/kcg/Autonomous_kcg/ROS2Sample/install/cognata_sdk_ros2/include/cognata_sdk_ros2/msg/detail/radar_output_target__builder.hpp
[0.980s] -- Up-to-date: /home/kcg/Autonomous_kcg/ROS2Sample/install/cognata_sdk_ros2/include/cognata_sdk_ros2/msg/detail/traffic_light_msg__traits.hpp
[0.981s] -- Up-to-date: /home/kcg/Autonomous_kcg/ROS2Sample/install/cognata_sdk_ros2/include/cognata_sdk_ros2/msg/detail/wheel_msg__traits.hpp
[0.981s] -- Up-to-date: /home/kcg/Autonomous_kcg/ROS2Sample/install/cognata_sdk_ros2/include/cognata_sdk_ros2/msg/detail/vehicle_msg__traits.hpp
[0.982s] -- Up-to-date: /home/kcg/Autonomous_kcg/ROS2Sample/install/cognata_sdk_ros2/include/cognata_sdk_ros2/msg/detail/radar_output_header__builder.hpp
[0.982s] -- Up-to-date: /home/kcg/Autonomous_kcg/ROS2Sample/install/cognata_sdk_ros2/include/cognata_sdk_ros2/msg/detail/gps_additional_data__struct.hpp
[0.983s] -- Up-to-date: /home/kcg/Autonomous_kcg/ROS2Sample/install/cognata_sdk_ros2/include/cognata_sdk_ros2/msg/detail/wheel_msg__struct.hpp
[0.983s] -- Up-to-date: /home/kcg/Autonomous_kcg/ROS2Sample/install/cognata_sdk_ros2/include/cognata_sdk_ros2/msg/detail/car_telemetries_msg__builder.hpp
[0.983s] -- Up-to-date: /home/kcg/Autonomous_kcg/ROS2Sample/install/cognata_sdk_ros2/include/cognata_sdk_ros2/msg/detail/annotation_msg__traits.hpp
[0.984s] -- Up-to-date: /home/kcg/Autonomous_kcg/ROS2Sample/install/cognata_sdk_ros2/include/cognata_sdk_ros2/msg/detail/bounding_box_msg__builder.hpp
[0.984s] -- Up-to-date: /home/kcg/Autonomous_kcg/ROS2Sample/install/cognata_sdk_ros2/include/cognata_sdk_ros2/msg/detail/gps_additional_data__traits.hpp
[0.985s] -- Up-to-date: /home/kcg/Autonomous_kcg/ROS2Sample/install/cognata_sdk_ros2/include/cognata_sdk_ros2/msg/detail/radar_output_target__traits.hpp
[0.985s] -- Up-to-date: /home/kcg/Autonomous_kcg/ROS2Sample/install/cognata_sdk_ros2/include/cognata_sdk_ros2/msg/detail/object_description__builder.hpp
[0.985s] -- Up-to-date: /home/kcg/Autonomous_kcg/ROS2Sample/install/cognata_sdk_ros2/include/cognata_sdk_ros2/msg/detail/wheel_telemetries__struct.hpp
[0.986s] -- Up-to-date: /home/kcg/Autonomous_kcg/ROS2Sample/install/cognata_sdk_ros2/include/cognata_sdk_ros2/msg/detail/radar_output_target__struct.hpp
[0.987s] -- Up-to-date: /home/kcg/Autonomous_kcg/ROS2Sample/install/cognata_sdk_ros2/include/cognata_sdk_ros2/msg/detail/radar_output_header__struct.hpp
[0.987s] -- Up-to-date: /home/kcg/Autonomous_kcg/ROS2Sample/install/cognata_sdk_ros2/include/cognata_sdk_ros2/msg/detail/wheel_telemetries__traits.hpp
[0.988s] -- Up-to-date: /home/kcg/Autonomous_kcg/ROS2Sample/install/cognata_sdk_ros2/include/cognata_sdk_ros2/msg/detail/bounding_box_msg__struct.hpp
[0.988s] -- Up-to-date: /home/kcg/Autonomous_kcg/ROS2Sample/install/cognata_sdk_ros2/include/cognata_sdk_ros2/msg/detail/traffic_light_msg__struct.hpp
[0.988s] -- Up-to-date: /home/kcg/Autonomous_kcg/ROS2Sample/install/cognata_sdk_ros2/include/cognata_sdk_ros2/msg/detail/radar_output_header__traits.hpp
[0.989s] -- Up-to-date: /home/kcg/Autonomous_kcg/ROS2Sample/install/cognata_sdk_ros2/include/cognata_sdk_ros2/msg/detail/pedestrian_msg__struct.hpp
[0.989s] -- Up-to-date: /home/kcg/Autonomous_kcg/ROS2Sample/install/cognata_sdk_ros2/include/cognata_sdk_ros2/msg/detail/car_telemetries_msg__struct.hpp
[0.989s] -- Up-to-date: /home/kcg/Autonomous_kcg/ROS2Sample/install/cognata_sdk_ros2/include/cognata_sdk_ros2/msg/detail/vehicle_msg__struct.hpp
[0.989s] -- Up-to-date: /home/kcg/Autonomous_kcg/ROS2Sample/install/cognata_sdk_ros2/include/cognata_sdk_ros2/msg/detail/annotation_msg__struct.hpp
[0.989s] -- Up-to-date: /home/kcg/Autonomous_kcg/ROS2Sample/install/cognata_sdk_ros2/include/cognata_sdk_ros2/msg/detail/roi_and_dogt_output__traits.hpp
[0.989s] -- Up-to-date: /home/kcg/Autonomous_kcg/ROS2Sample/install/cognata_sdk_ros2/include/cognata_sdk_ros2/msg/roi_and_dogt_output.hpp
[0.989s] -- Up-to-date: /home/kcg/Autonomous_kcg/ROS2Sample/install/cognata_sdk_ros2/include/cognata_sdk_ros2/msg/traffic_light_msg.hpp
[0.990s] -- Up-to-date: /home/kcg/Autonomous_kcg/ROS2Sample/install/cognata_sdk_ros2/include/cognata_sdk_ros2/msg/pedestrian_msg.hpp
[0.990s] -- Up-to-date: /home/kcg/Autonomous_kcg/ROS2Sample/install/cognata_sdk_ros2/include/cognata_sdk_ros2
[0.990s] -- Up-to-date: /home/kcg/Autonomous_kcg/ROS2Sample/install/cognata_sdk_ros2/include/cognata_sdk_ros2/msg
[0.990s] -- Up-to-date: /home/kcg/Autonomous_kcg/ROS2Sample/install/cognata_sdk_ros2/include/cognata_sdk_ros2/msg/detail
[0.990s] -- Up-to-date: /home/kcg/Autonomous_kcg/ROS2Sample/install/cognata_sdk_ros2/include/cognata_sdk_ros2/msg/detail/annotation_msg__rosidl_typesupport_introspection_cpp.hpp
[0.990s] -- Up-to-date: /home/kcg/Autonomous_kcg/ROS2Sample/install/cognata_sdk_ros2/include/cognata_sdk_ros2/msg/detail/object_description__rosidl_typesupport_introspection_cpp.hpp
[0.991s] -- Up-to-date: /home/kcg/Autonomous_kcg/ROS2Sample/install/cognata_sdk_ros2/include/cognata_sdk_ros2/msg/detail/wheel_telemetries__type_support.cpp
[0.991s] -- Up-to-date: /home/kcg/Autonomous_kcg/ROS2Sample/install/cognata_sdk_ros2/include/cognata_sdk_ros2/msg/detail/vehicle_msg__type_support.cpp
[0.991s] -- Up-to-date: /home/kcg/Autonomous_kcg/ROS2Sample/install/cognata_sdk_ros2/include/cognata_sdk_ros2/msg/detail/gps_additional_data__type_support.cpp
[0.991s] -- Up-to-date: /home/kcg/Autonomous_kcg/ROS2Sample/install/cognata_sdk_ros2/include/cognata_sdk_ros2/msg/detail/bounding_box_msg__type_support.cpp
[0.991s] -- Up-to-date: /home/kcg/Autonomous_kcg/ROS2Sample/install/cognata_sdk_ros2/include/cognata_sdk_ros2/msg/detail/object_description__type_support.cpp
[0.991s] -- Up-to-date: /home/kcg/Autonomous_kcg/ROS2Sample/install/cognata_sdk_ros2/include/cognata_sdk_ros2/msg/detail/radar_output_target__rosidl_typesupport_introspection_cpp.hpp
[0.991s] -- Up-to-date: /home/kcg/Autonomous_kcg/ROS2Sample/install/cognata_sdk_ros2/include/cognata_sdk_ros2/msg/detail/annotation_msg__type_support.cpp
[0.991s] -- Up-to-date: /home/kcg/Autonomous_kcg/ROS2Sample/install/cognata_sdk_ros2/include/cognata_sdk_ros2/msg/detail/roi_and_dogt_output__rosidl_typesupport_introspection_cpp.hpp
[0.992s] -- Up-to-date: /home/kcg/Autonomous_kcg/ROS2Sample/install/cognata_sdk_ros2/include/cognata_sdk_ros2/msg/detail/wheel_telemetries__rosidl_typesupport_introspection_cpp.hpp
[0.992s] -- Up-to-date: /home/kcg/Autonomous_kcg/ROS2Sample/install/cognata_sdk_ros2/include/cognata_sdk_ros2/msg/detail/vehicle_msg__rosidl_typesupport_introspection_cpp.hpp
[0.992s] -- Up-to-date: /home/kcg/Autonomous_kcg/ROS2Sample/install/cognata_sdk_ros2/include/cognata_sdk_ros2/msg/detail/traffic_light_msg__rosidl_typesupport_introspection_cpp.hpp
[0.992s] -- Up-to-date: /home/kcg/Autonomous_kcg/ROS2Sample/install/cognata_sdk_ros2/include/cognata_sdk_ros2/msg/detail/wheel_msg__type_support.cpp
[0.992s] -- Up-to-date: /home/kcg/Autonomous_kcg/ROS2Sample/install/cognata_sdk_ros2/include/cognata_sdk_ros2/msg/detail/radar_output_target__type_support.cpp
[0.992s] -- Up-to-date: /home/kcg/Autonomous_kcg/ROS2Sample/install/cognata_sdk_ros2/include/cognata_sdk_ros2/msg/detail/car_telemetries_msg__rosidl_typesupport_introspection_cpp.hpp
[0.992s] -- Up-to-date: /home/kcg/Autonomous_kcg/ROS2Sample/install/cognata_sdk_ros2/include/cognata_sdk_ros2/msg/detail/radar_output_header__type_support.cpp
[0.993s] -- Up-to-date: /home/kcg/Autonomous_kcg/ROS2Sample/install/cognata_sdk_ros2/include/cognata_sdk_ros2/msg/detail/gps_additional_data__rosidl_typesupport_introspection_cpp.hpp
[0.997s] -- Up-to-date: /home/kcg/Autonomous_kcg/ROS2Sample/install/cognata_sdk_ros2/include/cognata_sdk_ros2/msg/detail/wheel_msg__rosidl_typesupport_introspection_cpp.hpp
[0.998s] -- Up-to-date: /home/kcg/Autonomous_kcg/ROS2Sample/install/cognata_sdk_ros2/include/cognata_sdk_ros2/msg/detail/bounding_box_msg__rosidl_typesupport_introspection_cpp.hpp
[0.998s] -- Up-to-date: /home/kcg/Autonomous_kcg/ROS2Sample/install/cognata_sdk_ros2/include/cognata_sdk_ros2/msg/detail/car_telemetries_msg__type_support.cpp
[0.998s] -- Up-to-date: /home/kcg/Autonomous_kcg/ROS2Sample/install/cognata_sdk_ros2/include/cognata_sdk_ros2/msg/detail/traffic_light_msg__type_support.cpp
[0.999s] -- Up-to-date: /home/kcg/Autonomous_kcg/ROS2Sample/install/cognata_sdk_ros2/include/cognata_sdk_ros2/msg/detail/radar_output_header__rosidl_typesupport_introspection_cpp.hpp
[0.999s] -- Up-to-date: /home/kcg/Autonomous_kcg/ROS2Sample/install/cognata_sdk_ros2/include/cognata_sdk_ros2/msg/detail/pedestrian_msg__rosidl_typesupport_introspection_cpp.hpp
[0.999s] -- Up-to-date: /home/kcg/Autonomous_kcg/ROS2Sample/install/cognata_sdk_ros2/include/cognata_sdk_ros2/msg/detail/pedestrian_msg__type_support.cpp
[0.999s] -- Up-to-date: /home/kcg/Autonomous_kcg/ROS2Sample/install/cognata_sdk_ros2/include/cognata_sdk_ros2/msg/detail/roi_and_dogt_output__type_support.cpp
[0.999s] -- Up-to-date: /home/kcg/Autonomous_kcg/ROS2Sample/install/cognata_sdk_ros2/lib/libcognata_sdk_ros2__rosidl_typesupport_introspection_cpp.so
[1.000s] -- Up-to-date: /home/kcg/Autonomous_kcg/ROS2Sample/install/cognata_sdk_ros2/lib/libcognata_sdk_ros2__rosidl_typesupport_cpp.so
[1.000s] -- Up-to-date: /home/kcg/Autonomous_kcg/ROS2Sample/install/cognata_sdk_ros2/share/cognata_sdk_ros2/environment/pythonpath.sh
[1.000s] -- Up-to-date: /home/kcg/Autonomous_kcg/ROS2Sample/install/cognata_sdk_ros2/share/cognata_sdk_ros2/environment/pythonpath.dsv
[1.000s] -- Up-to-date: /home/kcg/Autonomous_kcg/ROS2Sample/install/cognata_sdk_ros2/lib/python3.8/site-packages/cognata_sdk_ros2/__init__.py
[1.000s] -- Up-to-date: /home/kcg/Autonomous_kcg/ROS2Sample/install/cognata_sdk_ros2/lib/python3.8/site-packages/cognata_sdk_ros2/msg
[1.001s] -- Up-to-date: /home/kcg/Autonomous_kcg/ROS2Sample/install/cognata_sdk_ros2/lib/python3.8/site-packages/cognata_sdk_ros2/msg/_radar_output_header_s.c
[1.001s] -- Up-to-date: /home/kcg/Autonomous_kcg/ROS2Sample/install/cognata_sdk_ros2/lib/python3.8/site-packages/cognata_sdk_ros2/msg/_traffic_light_msg.py
[1.001s] -- Up-to-date: /home/kcg/Autonomous_kcg/ROS2Sample/install/cognata_sdk_ros2/lib/python3.8/site-packages/cognata_sdk_ros2/msg/_roi_and_dogt_output.py
[1.001s] -- Up-to-date: /home/kcg/Autonomous_kcg/ROS2Sample/install/cognata_sdk_ros2/lib/python3.8/site-packages/cognata_sdk_ros2/msg/_wheel_msg.py
[1.001s] -- Up-to-date: /home/kcg/Autonomous_kcg/ROS2Sample/install/cognata_sdk_ros2/lib/python3.8/site-packages/cognata_sdk_ros2/msg/_car_telemetries_msg_s.c
[1.002s] -- Up-to-date: /home/kcg/Autonomous_kcg/ROS2Sample/install/cognata_sdk_ros2/lib/python3.8/site-packages/cognata_sdk_ros2/msg/_wheel_telemetries_s.c
[1.002s] -- Up-to-date: /home/kcg/Autonomous_kcg/ROS2Sample/install/cognata_sdk_ros2/lib/python3.8/site-packages/cognata_sdk_ros2/msg/_roi_and_dogt_output_s.c
[1.002s] -- Up-to-date: /home/kcg/Autonomous_kcg/ROS2Sample/install/cognata_sdk_ros2/lib/python3.8/site-packages/cognata_sdk_ros2/msg/_radar_output_target_s.c
[1.002s] -- Up-to-date: /home/kcg/Autonomous_kcg/ROS2Sample/install/cognata_sdk_ros2/lib/python3.8/site-packages/cognata_sdk_ros2/msg/_car_telemetries_msg.py
[1.002s] -- Up-to-date: /home/kcg/Autonomous_kcg/ROS2Sample/install/cognata_sdk_ros2/lib/python3.8/site-packages/cognata_sdk_ros2/msg/_pedestrian_msg_s.c
[1.003s] -- Up-to-date: /home/kcg/Autonomous_kcg/ROS2Sample/install/cognata_sdk_ros2/lib/python3.8/site-packages/cognata_sdk_ros2/msg/_gps_additional_data_s.c
[1.003s] -- Up-to-date: /home/kcg/Autonomous_kcg/ROS2Sample/install/cognata_sdk_ros2/lib/python3.8/site-packages/cognata_sdk_ros2/msg/_wheel_msg_s.c
[1.003s] -- Up-to-date: /home/kcg/Autonomous_kcg/ROS2Sample/install/cognata_sdk_ros2/lib/python3.8/site-packages/cognata_sdk_ros2/msg/_radar_output_header.py
[1.003s] -- Up-to-date: /home/kcg/Autonomous_kcg/ROS2Sample/install/cognata_sdk_ros2/lib/python3.8/site-packages/cognata_sdk_ros2/msg/_object_description.py
[1.003s] -- Up-to-date: /home/kcg/Autonomous_kcg/ROS2Sample/install/cognata_sdk_ros2/lib/python3.8/site-packages/cognata_sdk_ros2/msg/_pedestrian_msg.py
[1.003s] -- Up-to-date: /home/kcg/Autonomous_kcg/ROS2Sample/install/cognata_sdk_ros2/lib/python3.8/site-packages/cognata_sdk_ros2/msg/_annotation_msg_s.c
[1.003s] -- Up-to-date: /home/kcg/Autonomous_kcg/ROS2Sample/install/cognata_sdk_ros2/lib/python3.8/site-packages/cognata_sdk_ros2/msg/_radar_output_target.py
[1.004s] -- Up-to-date: /home/kcg/Autonomous_kcg/ROS2Sample/install/cognata_sdk_ros2/lib/python3.8/site-packages/cognata_sdk_ros2/msg/_object_description_s.c
[1.004s] -- Up-to-date: /home/kcg/Autonomous_kcg/ROS2Sample/install/cognata_sdk_ros2/lib/python3.8/site-packages/cognata_sdk_ros2/msg/__init__.py
[1.004s] -- Up-to-date: /home/kcg/Autonomous_kcg/ROS2Sample/install/cognata_sdk_ros2/lib/python3.8/site-packages/cognata_sdk_ros2/msg/_vehicle_msg_s.c
[1.004s] -- Up-to-date: /home/kcg/Autonomous_kcg/ROS2Sample/install/cognata_sdk_ros2/lib/python3.8/site-packages/cognata_sdk_ros2/msg/_vehicle_msg.py
[1.004s] -- Up-to-date: /home/kcg/Autonomous_kcg/ROS2Sample/install/cognata_sdk_ros2/lib/python3.8/site-packages/cognata_sdk_ros2/msg/_traffic_light_msg_s.c
[1.004s] -- Up-to-date: /home/kcg/Autonomous_kcg/ROS2Sample/install/cognata_sdk_ros2/lib/python3.8/site-packages/cognata_sdk_ros2/msg/_bounding_box_msg.py
[1.004s] -- Up-to-date: /home/kcg/Autonomous_kcg/ROS2Sample/install/cognata_sdk_ros2/lib/python3.8/site-packages/cognata_sdk_ros2/msg/_bounding_box_msg_s.c
[1.005s] -- Up-to-date: /home/kcg/Autonomous_kcg/ROS2Sample/install/cognata_sdk_ros2/lib/python3.8/site-packages/cognata_sdk_ros2/msg/_gps_additional_data.py
[1.005s] -- Up-to-date: /home/kcg/Autonomous_kcg/ROS2Sample/install/cognata_sdk_ros2/lib/python3.8/site-packages/cognata_sdk_ros2/msg/_annotation_msg.py
[1.005s] -- Up-to-date: /home/kcg/Autonomous_kcg/ROS2Sample/install/cognata_sdk_ros2/lib/python3.8/site-packages/cognata_sdk_ros2/msg/_wheel_telemetries.py
[1.005s] -- Up-to-date: /home/kcg/Autonomous_kcg/ROS2Sample/install/cognata_sdk_ros2/lib/python3.8/site-packages/cognata_sdk_ros2/cognata_sdk_ros2_s__rosidl_typesupport_fastrtps_c.cpython-38-x86_64-linux-gnu.so
[1.005s] -- Up-to-date: /home/kcg/Autonomous_kcg/ROS2Sample/install/cognata_sdk_ros2/lib/python3.8/site-packages/cognata_sdk_ros2/cognata_sdk_ros2_s__rosidl_typesupport_introspection_c.cpython-38-x86_64-linux-gnu.so
[1.005s] -- Up-to-date: /home/kcg/Autonomous_kcg/ROS2Sample/install/cognata_sdk_ros2/lib/python3.8/site-packages/cognata_sdk_ros2/cognata_sdk_ros2_s__rosidl_typesupport_c.cpython-38-x86_64-linux-gnu.so
[1.005s] -- Up-to-date: /home/kcg/Autonomous_kcg/ROS2Sample/install/cognata_sdk_ros2/lib/libcognata_sdk_ros2__python.so
[1.006s] -- Up-to-date: /home/kcg/Autonomous_kcg/ROS2Sample/install/cognata_sdk_ros2/share/cognata_sdk_ros2/msg/AnnotationMsg.idl
[1.007s] -- Up-to-date: /home/kcg/Autonomous_kcg/ROS2Sample/install/cognata_sdk_ros2/share/cognata_sdk_ros2/msg/BoundingBoxMsg.idl
[1.007s] -- Up-to-date: /home/kcg/Autonomous_kcg/ROS2Sample/install/cognata_sdk_ros2/share/cognata_sdk_ros2/msg/CarTelemetriesMsg.idl
[1.007s] -- Up-to-date: /home/kcg/Autonomous_kcg/ROS2Sample/install/cognata_sdk_ros2/share/cognata_sdk_ros2/msg/GPSAdditionalData.idl
[1.008s] -- Up-to-date: /home/kcg/Autonomous_kcg/ROS2Sample/install/cognata_sdk_ros2/share/cognata_sdk_ros2/msg/ObjectDescription.idl
[1.008s] -- Up-to-date: /home/kcg/Autonomous_kcg/ROS2Sample/install/cognata_sdk_ros2/share/cognata_sdk_ros2/msg/PedestrianMsg.idl
[1.008s] -- Up-to-date: /home/kcg/Autonomous_kcg/ROS2Sample/install/cognata_sdk_ros2/share/cognata_sdk_ros2/msg/RadarOutputHeader.idl
[1.008s] -- Up-to-date: /home/kcg/Autonomous_kcg/ROS2Sample/install/cognata_sdk_ros2/share/cognata_sdk_ros2/msg/RadarOutputTarget.idl
[1.008s] -- Up-to-date: /home/kcg/Autonomous_kcg/ROS2Sample/install/cognata_sdk_ros2/share/cognata_sdk_ros2/msg/ROIAndDOGTOutput.idl
[1.009s] -- Up-to-date: /home/kcg/Autonomous_kcg/ROS2Sample/install/cognata_sdk_ros2/share/cognata_sdk_ros2/msg/TrafficLightMsg.idl
[1.009s] -- Up-to-date: /home/kcg/Autonomous_kcg/ROS2Sample/install/cognata_sdk_ros2/share/cognata_sdk_ros2/msg/VehicleMsg.idl
[1.009s] -- Up-to-date: /home/kcg/Autonomous_kcg/ROS2Sample/install/cognata_sdk_ros2/share/cognata_sdk_ros2/msg/WheelMsg.idl
[1.009s] -- Up-to-date: /home/kcg/Autonomous_kcg/ROS2Sample/install/cognata_sdk_ros2/share/cognata_sdk_ros2/msg/WheelTelemetries.idl
[1.010s] -- Up-to-date: /home/kcg/Autonomous_kcg/ROS2Sample/install/cognata_sdk_ros2/share/cognata_sdk_ros2/msg/AnnotationMsg.msg
[1.010s] -- Up-to-date: /home/kcg/Autonomous_kcg/ROS2Sample/install/cognata_sdk_ros2/share/cognata_sdk_ros2/msg/BoundingBoxMsg.msg
[1.011s] -- Up-to-date: /home/kcg/Autonomous_kcg/ROS2Sample/install/cognata_sdk_ros2/share/cognata_sdk_ros2/msg/CarTelemetriesMsg.msg
[1.011s] -- Up-to-date: /home/kcg/Autonomous_kcg/ROS2Sample/install/cognata_sdk_ros2/share/cognata_sdk_ros2/msg/GPSAdditionalData.msg
[1.011s] -- Up-to-date: /home/kcg/Autonomous_kcg/ROS2Sample/install/cognata_sdk_ros2/share/cognata_sdk_ros2/msg/ObjectDescription.msg
[1.012s] -- Up-to-date: /home/kcg/Autonomous_kcg/ROS2Sample/install/cognata_sdk_ros2/share/cognata_sdk_ros2/msg/PedestrianMsg.msg
[1.012s] -- Up-to-date: /home/kcg/Autonomous_kcg/ROS2Sample/install/cognata_sdk_ros2/share/cognata_sdk_ros2/msg/RadarOutputHeader.msg
[1.012s] -- Up-to-date: /home/kcg/Autonomous_kcg/ROS2Sample/install/cognata_sdk_ros2/share/cognata_sdk_ros2/msg/RadarOutputTarget.msg
[1.012s] -- Up-to-date: /home/kcg/Autonomous_kcg/ROS2Sample/install/cognata_sdk_ros2/share/cognata_sdk_ros2/msg/ROIAndDOGTOutput.msg
[1.015s] -- Up-to-date: /home/kcg/Autonomous_kcg/ROS2Sample/install/cognata_sdk_ros2/share/cognata_sdk_ros2/msg/TrafficLightMsg.msg
[1.015s] -- Up-to-date: /home/kcg/Autonomous_kcg/ROS2Sample/install/cognata_sdk_ros2/share/cognata_sdk_ros2/msg/VehicleMsg.msg
[1.016s] -- Up-to-date: /home/kcg/Autonomous_kcg/ROS2Sample/install/cognata_sdk_ros2/share/cognata_sdk_ros2/msg/WheelMsg.msg
[1.016s] -- Up-to-date: /home/kcg/Autonomous_kcg/ROS2Sample/install/cognata_sdk_ros2/share/cognata_sdk_ros2/msg/WheelTelemetries.msg
[1.016s] -- Up-to-date: /home/kcg/Autonomous_kcg/ROS2Sample/install/cognata_sdk_ros2/lib/cognata_sdk_ros2/ROS2SDK
[1.016s] -- Up-to-date: /home/kcg/Autonomous_kcg/ROS2Sample/install/cognata_sdk_ros2/share/ament_index/resource_index/package_run_dependencies/cognata_sdk_ros2
[1.016s] -- Up-to-date: /home/kcg/Autonomous_kcg/ROS2Sample/install/cognata_sdk_ros2/share/ament_index/resource_index/parent_prefix_path/cognata_sdk_ros2
[1.017s] -- Up-to-date: /home/kcg/Autonomous_kcg/ROS2Sample/install/cognata_sdk_ros2/share/cognata_sdk_ros2/environment/ament_prefix_path.sh
[1.017s] -- Up-to-date: /home/kcg/Autonomous_kcg/ROS2Sample/install/cognata_sdk_ros2/share/cognata_sdk_ros2/environment/ament_prefix_path.dsv
[1.017s] -- Up-to-date: /home/kcg/Autonomous_kcg/ROS2Sample/install/cognata_sdk_ros2/share/cognata_sdk_ros2/environment/path.sh
[1.017s] -- Up-to-date: /home/kcg/Autonomous_kcg/ROS2Sample/install/cognata_sdk_ros2/share/cognata_sdk_ros2/environment/path.dsv
[1.019s] -- Up-to-date: /home/kcg/Autonomous_kcg/ROS2Sample/install/cognata_sdk_ros2/share/cognata_sdk_ros2/local_setup.bash
[1.020s] -- Up-to-date: /home/kcg/Autonomous_kcg/ROS2Sample/install/cognata_sdk_ros2/share/cognata_sdk_ros2/local_setup.sh
[1.020s] -- Up-to-date: /home/kcg/Autonomous_kcg/ROS2Sample/install/cognata_sdk_ros2/share/cognata_sdk_ros2/local_setup.zsh
[1.020s] -- Up-to-date: /home/kcg/Autonomous_kcg/ROS2Sample/install/cognata_sdk_ros2/share/cognata_sdk_ros2/local_setup.dsv
[1.020s] -- Installing: /home/kcg/Autonomous_kcg/ROS2Sample/install/cognata_sdk_ros2/share/cognata_sdk_ros2/package.dsv
[1.021s] -- Up-to-date: /home/kcg/Autonomous_kcg/ROS2Sample/install/cognata_sdk_ros2/share/ament_index/resource_index/packages/cognata_sdk_ros2
[1.021s] -- Up-to-date: /home/kcg/Autonomous_kcg/ROS2Sample/install/cognata_sdk_ros2/share/cognata_sdk_ros2/cmake/cognata_sdk_ros2__rosidl_generator_cExport.cmake
[1.021s] -- Up-to-date: /home/kcg/Autonomous_kcg/ROS2Sample/install/cognata_sdk_ros2/share/cognata_sdk_ros2/cmake/cognata_sdk_ros2__rosidl_generator_cExport-noconfig.cmake
[1.021s] -- Up-to-date: /home/kcg/Autonomous_kcg/ROS2Sample/install/cognata_sdk_ros2/share/cognata_sdk_ros2/cmake/cognata_sdk_ros2__rosidl_typesupport_introspection_cExport.cmake
[1.022s] -- Up-to-date: /home/kcg/Autonomous_kcg/ROS2Sample/install/cognata_sdk_ros2/share/cognata_sdk_ros2/cmake/cognata_sdk_ros2__rosidl_typesupport_introspection_cExport-noconfig.cmake
[1.022s] -- Up-to-date: /home/kcg/Autonomous_kcg/ROS2Sample/install/cognata_sdk_ros2/share/cognata_sdk_ros2/cmake/cognata_sdk_ros2__rosidl_typesupport_cExport.cmake
[1.022s] -- Up-to-date: /home/kcg/Autonomous_kcg/ROS2Sample/install/cognata_sdk_ros2/share/cognata_sdk_ros2/cmake/cognata_sdk_ros2__rosidl_typesupport_cExport-noconfig.cmake
[1.022s] -- Up-to-date: /home/kcg/Autonomous_kcg/ROS2Sample/install/cognata_sdk_ros2/share/cognata_sdk_ros2/cmake/cognata_sdk_ros2__rosidl_generator_cppExport.cmake
[1.023s] -- Up-to-date: /home/kcg/Autonomous_kcg/ROS2Sample/install/cognata_sdk_ros2/share/cognata_sdk_ros2/cmake/cognata_sdk_ros2__rosidl_typesupport_introspection_cppExport.cmake
[1.023s] -- Up-to-date: /home/kcg/Autonomous_kcg/ROS2Sample/install/cognata_sdk_ros2/share/cognata_sdk_ros2/cmake/cognata_sdk_ros2__rosidl_typesupport_introspection_cppExport-noconfig.cmake
[1.023s] -- Up-to-date: /home/kcg/Autonomous_kcg/ROS2Sample/install/cognata_sdk_ros2/share/cognata_sdk_ros2/cmake/cognata_sdk_ros2__rosidl_typesupport_cppExport.cmake
[1.023s] -- Up-to-date: /home/kcg/Autonomous_kcg/ROS2Sample/install/cognata_sdk_ros2/share/cognata_sdk_ros2/cmake/cognata_sdk_ros2__rosidl_typesupport_cppExport-noconfig.cmake
[1.023s] -- Up-to-date: /home/kcg/Autonomous_kcg/ROS2Sample/install/cognata_sdk_ros2/share/cognata_sdk_ros2/cmake/rosidl_cmake-extras.cmake
[1.024s] -- Up-to-date: /home/kcg/Autonomous_kcg/ROS2Sample/install/cognata_sdk_ros2/share/cognata_sdk_ros2/cmake/ament_cmake_export_dependencies-extras.cmake
[1.028s] -- Up-to-date: /home/kcg/Autonomous_kcg/ROS2Sample/install/cognata_sdk_ros2/share/cognata_sdk_ros2/cmake/ament_cmake_export_libraries-extras.cmake
[1.028s] -- Up-to-date: /home/kcg/Autonomous_kcg/ROS2Sample/install/cognata_sdk_ros2/share/cognata_sdk_ros2/cmake/ament_cmake_export_targets-extras.cmake
[1.028s] -- Up-to-date: /home/kcg/Autonomous_kcg/ROS2Sample/install/cognata_sdk_ros2/share/cognata_sdk_ros2/cmake/ament_cmake_export_include_directories-extras.cmake
[1.029s] -- Up-to-date: /home/kcg/Autonomous_kcg/ROS2Sample/install/cognata_sdk_ros2/share/cognata_sdk_ros2/cmake/rosidl_cmake_export_typesupport_libraries-extras.cmake
[1.029s] -- Up-to-date: /home/kcg/Autonomous_kcg/ROS2Sample/install/cognata_sdk_ros2/share/cognata_sdk_ros2/cmake/rosidl_cmake_export_typesupport_targets-extras.cmake
[1.029s] -- Up-to-date: /home/kcg/Autonomous_kcg/ROS2Sample/install/cognata_sdk_ros2/share/cognata_sdk_ros2/cmake/cognata_sdk_ros2Config.cmake
[1.029s] -- Up-to-date: /home/kcg/Autonomous_kcg/ROS2Sample/install/cognata_sdk_ros2/share/cognata_sdk_ros2/cmake/cognata_sdk_ros2Config-version.cmake
[1.029s] -- Up-to-date: /home/kcg/Autonomous_kcg/ROS2Sample/install/cognata_sdk_ros2/share/cognata_sdk_ros2/package.xml
[1.030s] Invoked command in '/home/kcg/Autonomous_kcg/ROS2Sample/build/cognata_sdk_ros2' returned '0': CMAKE_PREFIX_PATH=${CMAKE_PREFIX_PATH}:/home/kcg/Autonomous_kcg/ROS2Sample/install/python_publisher:/opt/ros/foxy /usr/bin/cmake --install /home/kcg/Autonomous_kcg/ROS2Sample/build/cognata_sdk_ros2
