[0.032s] Invoking command in '/home/kcg/ROS2Sample/src/build/cognata_sdk_ros2': CMAKE_PREFIX_PATH=${CMAKE_PREFIX_PATH}:/home/kcg/ROS2Sample/src/install/python_publisher:/opt/ros/foxy /usr/bin/cmake --build /home/kcg/ROS2Sample/src/build/cognata_sdk_ros2 -- -j20 -l20
[0.098s] [ 12%] Built target cognata_sdk_ros2__rosidl_generator_c
[0.119s] [ 13%] Built target cognata_sdk_ros2__cpp
[0.158s] [ 24%] Built target cognata_sdk_ros2__rosidl_typesupport_c
[0.192s] [ 35%] Built target cognata_sdk_ros2__rosidl_typesupport_cpp
[0.225s] [ 47%] Built target cognata_sdk_ros2__rosidl_typesupport_introspection_cpp
[0.273s] [ 58%] Built target cognata_sdk_ros2__rosidl_typesupport_fastrtps_cpp
[0.301s] [ 70%] Built target cognata_sdk_ros2__rosidl_typesupport_introspection_c
[0.347s] [ 81%] Built target cognata_sdk_ros2__rosidl_typesupport_fastrtps_c
[0.363s] [ 81%] Built target cognata_sdk_ros2
[0.397s] [ 82%] Built target cognata_sdk_ros2__py
[0.456s] [ 85%] Built target ROS2SDK
[0.506s] [ 95%] Built target cognata_sdk_ros2__python
[0.528s] [ 97%] Built target cognata_sdk_ros2__rosidl_typesupport_fastrtps_c__pyext
[0.559s] [ 99%] Built target cognata_sdk_ros2__rosidl_typesupport_c__pyext
[0.593s] [100%] Built target cognata_sdk_ros2__rosidl_typesupport_introspection_c__pyext
[0.608s] Invoked command in '/home/kcg/ROS2Sample/src/build/cognata_sdk_ros2' returned '0': CMAKE_PREFIX_PATH=${CMAKE_PREFIX_PATH}:/home/kcg/ROS2Sample/src/install/python_publisher:/opt/ros/foxy /usr/bin/cmake --build /home/kcg/ROS2Sample/src/build/cognata_sdk_ros2 -- -j20 -l20
[1.095s] Invoking command in '/home/kcg/ROS2Sample/src/build/cognata_sdk_ros2': CMAKE_PREFIX_PATH=${CMAKE_PREFIX_PATH}:/home/kcg/ROS2Sample/src/install/python_publisher:/opt/ros/foxy /usr/bin/cmake --install /home/kcg/ROS2Sample/src/build/cognata_sdk_ros2
[1.110s] -- Install configuration: ""
[1.110s] -- Up-to-date: /home/kcg/ROS2Sample/src/install/cognata_sdk_ros2/share/ament_index/resource_index/rosidl_interfaces/cognata_sdk_ros2
[1.110s] -- Up-to-date: /home/kcg/ROS2Sample/src/install/cognata_sdk_ros2/include/cognata_sdk_ros2
[1.110s] -- Up-to-date: /home/kcg/ROS2Sample/src/install/cognata_sdk_ros2/include/cognata_sdk_ros2/msg
[1.110s] -- Up-to-date: /home/kcg/ROS2Sample/src/install/cognata_sdk_ros2/include/cognata_sdk_ros2/msg/bounding_box_msg.h
[1.110s] -- Up-to-date: /home/kcg/ROS2Sample/src/install/cognata_sdk_ros2/include/cognata_sdk_ros2/msg/roi_and_dogt_output.h
[1.110s] -- Up-to-date: /home/kcg/ROS2Sample/src/install/cognata_sdk_ros2/include/cognata_sdk_ros2/msg/radar_output_target.h
[1.111s] -- Up-to-date: /home/kcg/ROS2Sample/src/install/cognata_sdk_ros2/include/cognata_sdk_ros2/msg/object_description.h
[1.111s] -- Up-to-date: /home/kcg/ROS2Sample/src/install/cognata_sdk_ros2/include/cognata_sdk_ros2/msg/annotation_msg.h
[1.111s] -- Up-to-date: /home/kcg/ROS2Sample/src/install/cognata_sdk_ros2/include/cognata_sdk_ros2/msg/traffic_light_msg.h
[1.111s] -- Up-to-date: /home/kcg/ROS2Sample/src/install/cognata_sdk_ros2/include/cognata_sdk_ros2/msg/pedestrian_msg.h
[1.111s] -- Up-to-date: /home/kcg/ROS2Sample/src/install/cognata_sdk_ros2/include/cognata_sdk_ros2/msg/radar_output_header.h
[1.111s] -- Up-to-date: /home/kcg/ROS2Sample/src/install/cognata_sdk_ros2/include/cognata_sdk_ros2/msg/wheel_msg.h
[1.111s] -- Up-to-date: /home/kcg/ROS2Sample/src/install/cognata_sdk_ros2/include/cognata_sdk_ros2/msg/car_telemetries_msg.h
[1.111s] -- Up-to-date: /home/kcg/ROS2Sample/src/install/cognata_sdk_ros2/include/cognata_sdk_ros2/msg/wheel_telemetries.h
[1.111s] -- Up-to-date: /home/kcg/ROS2Sample/src/install/cognata_sdk_ros2/include/cognata_sdk_ros2/msg/vehicle_msg.h
[1.111s] -- Up-to-date: /home/kcg/ROS2Sample/src/install/cognata_sdk_ros2/include/cognata_sdk_ros2/msg/rosidl_generator_c__visibility_control.h
[1.111s] -- Up-to-date: /home/kcg/ROS2Sample/src/install/cognata_sdk_ros2/include/cognata_sdk_ros2/msg/gps_additional_data.h
[1.111s] -- Up-to-date: /home/kcg/ROS2Sample/src/install/cognata_sdk_ros2/include/cognata_sdk_ros2/msg/detail
[1.111s] -- Up-to-date: /home/kcg/ROS2Sample/src/install/cognata_sdk_ros2/include/cognata_sdk_ros2/msg/detail/roi_and_dogt_output__type_support.h
[1.111s] -- Up-to-date: /home/kcg/ROS2Sample/src/install/cognata_sdk_ros2/include/cognata_sdk_ros2/msg/detail/car_telemetries_msg__type_support.h
[1.112s] -- Up-to-date: /home/kcg/ROS2Sample/src/install/cognata_sdk_ros2/include/cognata_sdk_ros2/msg/detail/wheel_telemetries__functions.c
[1.112s] -- Up-to-date: /home/kcg/ROS2Sample/src/install/cognata_sdk_ros2/include/cognata_sdk_ros2/msg/detail/bounding_box_msg__functions.h
[1.112s] -- Up-to-date: /home/kcg/ROS2Sample/src/install/cognata_sdk_ros2/include/cognata_sdk_ros2/msg/detail/wheel_msg__functions.h
[1.112s] -- Up-to-date: /home/kcg/ROS2Sample/src/install/cognata_sdk_ros2/include/cognata_sdk_ros2/msg/detail/vehicle_msg__struct.h
[1.112s] -- Up-to-date: /home/kcg/ROS2Sample/src/install/cognata_sdk_ros2/include/cognata_sdk_ros2/msg/detail/vehicle_msg__functions.h
[1.112s] -- Up-to-date: /home/kcg/ROS2Sample/src/install/cognata_sdk_ros2/include/cognata_sdk_ros2/msg/detail/traffic_light_msg__type_support.h
[1.112s] -- Up-to-date: /home/kcg/ROS2Sample/src/install/cognata_sdk_ros2/include/cognata_sdk_ros2/msg/detail/radar_output_header__functions.c
[1.112s] -- Up-to-date: /home/kcg/ROS2Sample/src/install/cognata_sdk_ros2/include/cognata_sdk_ros2/msg/detail/bounding_box_msg__type_support.h
[1.112s] -- Up-to-date: /home/kcg/ROS2Sample/src/install/cognata_sdk_ros2/include/cognata_sdk_ros2/msg/detail/roi_and_dogt_output__functions.c
[1.112s] -- Up-to-date: /home/kcg/ROS2Sample/src/install/cognata_sdk_ros2/include/cognata_sdk_ros2/msg/detail/gps_additional_data__type_support.h
[1.112s] -- Up-to-date: /home/kcg/ROS2Sample/src/install/cognata_sdk_ros2/include/cognata_sdk_ros2/msg/detail/wheel_telemetries__functions.h
[1.112s] -- Up-to-date: /home/kcg/ROS2Sample/src/install/cognata_sdk_ros2/include/cognata_sdk_ros2/msg/detail/wheel_telemetries__type_support.h
[1.112s] -- Up-to-date: /home/kcg/ROS2Sample/src/install/cognata_sdk_ros2/include/cognata_sdk_ros2/msg/detail/object_description__functions.c
[1.112s] -- Up-to-date: /home/kcg/ROS2Sample/src/install/cognata_sdk_ros2/include/cognata_sdk_ros2/msg/detail/radar_output_header__functions.h
[1.113s] -- Up-to-date: /home/kcg/ROS2Sample/src/install/cognata_sdk_ros2/include/cognata_sdk_ros2/msg/detail/roi_and_dogt_output__struct.h
[1.113s] -- Up-to-date: /home/kcg/ROS2Sample/src/install/cognata_sdk_ros2/include/cognata_sdk_ros2/msg/detail/wheel_msg__functions.c
[1.113s] -- Up-to-date: /home/kcg/ROS2Sample/src/install/cognata_sdk_ros2/include/cognata_sdk_ros2/msg/detail/traffic_light_msg__functions.c
[1.113s] -- Up-to-date: /home/kcg/ROS2Sample/src/install/cognata_sdk_ros2/include/cognata_sdk_ros2/msg/detail/roi_and_dogt_output__functions.h
[1.113s] -- Up-to-date: /home/kcg/ROS2Sample/src/install/cognata_sdk_ros2/include/cognata_sdk_ros2/msg/detail/car_telemetries_msg__struct.h
[1.113s] -- Up-to-date: /home/kcg/ROS2Sample/src/install/cognata_sdk_ros2/include/cognata_sdk_ros2/msg/detail/object_description__struct.h
[1.113s] -- Up-to-date: /home/kcg/ROS2Sample/src/install/cognata_sdk_ros2/include/cognata_sdk_ros2/msg/detail/wheel_telemetries__struct.h
[1.113s] -- Up-to-date: /home/kcg/ROS2Sample/src/install/cognata_sdk_ros2/include/cognata_sdk_ros2/msg/detail/radar_output_target__struct.h
[1.113s] -- Up-to-date: /home/kcg/ROS2Sample/src/install/cognata_sdk_ros2/include/cognata_sdk_ros2/msg/detail/radar_output_target__functions.c
[1.113s] -- Up-to-date: /home/kcg/ROS2Sample/src/install/cognata_sdk_ros2/include/cognata_sdk_ros2/msg/detail/traffic_light_msg__struct.h
[1.113s] -- Up-to-date: /home/kcg/ROS2Sample/src/install/cognata_sdk_ros2/include/cognata_sdk_ros2/msg/detail/car_telemetries_msg__functions.h
[1.113s] -- Up-to-date: /home/kcg/ROS2Sample/src/install/cognata_sdk_ros2/include/cognata_sdk_ros2/msg/detail/gps_additional_data__struct.h
[1.113s] -- Up-to-date: /home/kcg/ROS2Sample/src/install/cognata_sdk_ros2/include/cognata_sdk_ros2/msg/detail/object_description__functions.h
[1.114s] -- Up-to-date: /home/kcg/ROS2Sample/src/install/cognata_sdk_ros2/include/cognata_sdk_ros2/msg/detail/radar_output_header__struct.h
[1.114s] -- Up-to-date: /home/kcg/ROS2Sample/src/install/cognata_sdk_ros2/include/cognata_sdk_ros2/msg/detail/pedestrian_msg__struct.h
[1.114s] -- Up-to-date: /home/kcg/ROS2Sample/src/install/cognata_sdk_ros2/include/cognata_sdk_ros2/msg/detail/annotation_msg__functions.h
[1.114s] -- Up-to-date: /home/kcg/ROS2Sample/src/install/cognata_sdk_ros2/include/cognata_sdk_ros2/msg/detail/radar_output_target__functions.h
[1.114s] -- Up-to-date: /home/kcg/ROS2Sample/src/install/cognata_sdk_ros2/include/cognata_sdk_ros2/msg/detail/annotation_msg__functions.c
[1.114s] -- Up-to-date: /home/kcg/ROS2Sample/src/install/cognata_sdk_ros2/include/cognata_sdk_ros2/msg/detail/radar_output_target__type_support.h
[1.114s] -- Up-to-date: /home/kcg/ROS2Sample/src/install/cognata_sdk_ros2/include/cognata_sdk_ros2/msg/detail/radar_output_header__type_support.h
[1.114s] -- Up-to-date: /home/kcg/ROS2Sample/src/install/cognata_sdk_ros2/include/cognata_sdk_ros2/msg/detail/wheel_msg__struct.h
[1.114s] -- Up-to-date: /home/kcg/ROS2Sample/src/install/cognata_sdk_ros2/include/cognata_sdk_ros2/msg/detail/object_description__type_support.h
[1.114s] -- Up-to-date: /home/kcg/ROS2Sample/src/install/cognata_sdk_ros2/include/cognata_sdk_ros2/msg/detail/bounding_box_msg__struct.h
[1.114s] -- Up-to-date: /home/kcg/ROS2Sample/src/install/cognata_sdk_ros2/include/cognata_sdk_ros2/msg/detail/wheel_msg__type_support.h
[1.114s] -- Up-to-date: /home/kcg/ROS2Sample/src/install/cognata_sdk_ros2/include/cognata_sdk_ros2/msg/detail/gps_additional_data__functions.h
[1.114s] -- Up-to-date: /home/kcg/ROS2Sample/src/install/cognata_sdk_ros2/include/cognata_sdk_ros2/msg/detail/pedestrian_msg__type_support.h
[1.114s] -- Up-to-date: /home/kcg/ROS2Sample/src/install/cognata_sdk_ros2/include/cognata_sdk_ros2/msg/detail/vehicle_msg__functions.c
[1.115s] -- Up-to-date: /home/kcg/ROS2Sample/src/install/cognata_sdk_ros2/include/cognata_sdk_ros2/msg/detail/annotation_msg__struct.h
[1.115s] -- Up-to-date: /home/kcg/ROS2Sample/src/install/cognata_sdk_ros2/include/cognata_sdk_ros2/msg/detail/gps_additional_data__functions.c
[1.115s] -- Up-to-date: /home/kcg/ROS2Sample/src/install/cognata_sdk_ros2/include/cognata_sdk_ros2/msg/detail/traffic_light_msg__functions.h
[1.115s] -- Up-to-date: /home/kcg/ROS2Sample/src/install/cognata_sdk_ros2/include/cognata_sdk_ros2/msg/detail/car_telemetries_msg__functions.c
[1.115s] -- Up-to-date: /home/kcg/ROS2Sample/src/install/cognata_sdk_ros2/include/cognata_sdk_ros2/msg/detail/pedestrian_msg__functions.c
[1.115s] -- Up-to-date: /home/kcg/ROS2Sample/src/install/cognata_sdk_ros2/include/cognata_sdk_ros2/msg/detail/vehicle_msg__type_support.h
[1.115s] -- Up-to-date: /home/kcg/ROS2Sample/src/install/cognata_sdk_ros2/include/cognata_sdk_ros2/msg/detail/annotation_msg__type_support.h
[1.115s] -- Up-to-date: /home/kcg/ROS2Sample/src/install/cognata_sdk_ros2/include/cognata_sdk_ros2/msg/detail/bounding_box_msg__functions.c
[1.115s] -- Up-to-date: /home/kcg/ROS2Sample/src/install/cognata_sdk_ros2/include/cognata_sdk_ros2/msg/detail/pedestrian_msg__functions.h
[1.115s] -- Up-to-date: /home/kcg/ROS2Sample/src/install/cognata_sdk_ros2/share/cognata_sdk_ros2/environment/library_path.sh
[1.115s] -- Up-to-date: /home/kcg/ROS2Sample/src/install/cognata_sdk_ros2/share/cognata_sdk_ros2/environment/library_path.dsv
[1.115s] -- Up-to-date: /home/kcg/ROS2Sample/src/install/cognata_sdk_ros2/lib/libcognata_sdk_ros2__rosidl_generator_c.so
[1.115s] -- Up-to-date: /home/kcg/ROS2Sample/src/install/cognata_sdk_ros2/include/cognata_sdk_ros2
[1.115s] -- Up-to-date: /home/kcg/ROS2Sample/src/install/cognata_sdk_ros2/include/cognata_sdk_ros2/msg
[1.116s] -- Up-to-date: /home/kcg/ROS2Sample/src/install/cognata_sdk_ros2/include/cognata_sdk_ros2/msg/rosidl_typesupport_fastrtps_c__visibility_control.h
[1.116s] -- Up-to-date: /home/kcg/ROS2Sample/src/install/cognata_sdk_ros2/include/cognata_sdk_ros2/msg/detail
[1.116s] -- Up-to-date: /home/kcg/ROS2Sample/src/install/cognata_sdk_ros2/include/cognata_sdk_ros2/msg/detail/radar_output_target__rosidl_typesupport_fastrtps_c.h
[1.116s] -- Up-to-date: /home/kcg/ROS2Sample/src/install/cognata_sdk_ros2/include/cognata_sdk_ros2/msg/detail/wheel_telemetries__rosidl_typesupport_fastrtps_c.h
[1.116s] -- Up-to-date: /home/kcg/ROS2Sample/src/install/cognata_sdk_ros2/include/cognata_sdk_ros2/msg/detail/annotation_msg__rosidl_typesupport_fastrtps_c.h
[1.116s] -- Up-to-date: /home/kcg/ROS2Sample/src/install/cognata_sdk_ros2/include/cognata_sdk_ros2/msg/detail/bounding_box_msg__rosidl_typesupport_fastrtps_c.h
[1.116s] -- Up-to-date: /home/kcg/ROS2Sample/src/install/cognata_sdk_ros2/include/cognata_sdk_ros2/msg/detail/wheel_msg__rosidl_typesupport_fastrtps_c.h
[1.116s] -- Up-to-date: /home/kcg/ROS2Sample/src/install/cognata_sdk_ros2/include/cognata_sdk_ros2/msg/detail/traffic_light_msg__rosidl_typesupport_fastrtps_c.h
[1.116s] -- Up-to-date: /home/kcg/ROS2Sample/src/install/cognata_sdk_ros2/include/cognata_sdk_ros2/msg/detail/radar_output_header__rosidl_typesupport_fastrtps_c.h
[1.116s] -- Up-to-date: /home/kcg/ROS2Sample/src/install/cognata_sdk_ros2/include/cognata_sdk_ros2/msg/detail/car_telemetries_msg__rosidl_typesupport_fastrtps_c.h
[1.116s] -- Up-to-date: /home/kcg/ROS2Sample/src/install/cognata_sdk_ros2/include/cognata_sdk_ros2/msg/detail/roi_and_dogt_output__rosidl_typesupport_fastrtps_c.h
[1.116s] -- Up-to-date: /home/kcg/ROS2Sample/src/install/cognata_sdk_ros2/include/cognata_sdk_ros2/msg/detail/gps_additional_data__rosidl_typesupport_fastrtps_c.h
[1.117s] -- Up-to-date: /home/kcg/ROS2Sample/src/install/cognata_sdk_ros2/include/cognata_sdk_ros2/msg/detail/pedestrian_msg__rosidl_typesupport_fastrtps_c.h
[1.117s] -- Up-to-date: /home/kcg/ROS2Sample/src/install/cognata_sdk_ros2/include/cognata_sdk_ros2/msg/detail/vehicle_msg__rosidl_typesupport_fastrtps_c.h
[1.117s] -- Up-to-date: /home/kcg/ROS2Sample/src/install/cognata_sdk_ros2/include/cognata_sdk_ros2/msg/detail/object_description__rosidl_typesupport_fastrtps_c.h
[1.117s] -- Up-to-date: /home/kcg/ROS2Sample/src/install/cognata_sdk_ros2/lib/libcognata_sdk_ros2__rosidl_typesupport_fastrtps_c.so
[1.117s] -- Up-to-date: /home/kcg/ROS2Sample/src/install/cognata_sdk_ros2/include/cognata_sdk_ros2
[1.117s] -- Up-to-date: /home/kcg/ROS2Sample/src/install/cognata_sdk_ros2/include/cognata_sdk_ros2/msg
[1.117s] -- Up-to-date: /home/kcg/ROS2Sample/src/install/cognata_sdk_ros2/include/cognata_sdk_ros2/msg/rosidl_typesupport_fastrtps_cpp__visibility_control.h
[1.118s] -- Up-to-date: /home/kcg/ROS2Sample/src/install/cognata_sdk_ros2/include/cognata_sdk_ros2/msg/detail
[1.118s] -- Up-to-date: /home/kcg/ROS2Sample/src/install/cognata_sdk_ros2/include/cognata_sdk_ros2/msg/detail/radar_output_header__rosidl_typesupport_fastrtps_cpp.hpp
[1.118s] -- Up-to-date: /home/kcg/ROS2Sample/src/install/cognata_sdk_ros2/include/cognata_sdk_ros2/msg/detail/bounding_box_msg__rosidl_typesupport_fastrtps_cpp.hpp
[1.118s] -- Up-to-date: /home/kcg/ROS2Sample/src/install/cognata_sdk_ros2/include/cognata_sdk_ros2/msg/detail/wheel_msg__rosidl_typesupport_fastrtps_cpp.hpp
[1.118s] -- Up-to-date: /home/kcg/ROS2Sample/src/install/cognata_sdk_ros2/include/cognata_sdk_ros2/msg/detail/vehicle_msg__rosidl_typesupport_fastrtps_cpp.hpp
[1.118s] -- Up-to-date: /home/kcg/ROS2Sample/src/install/cognata_sdk_ros2/include/cognata_sdk_ros2/msg/detail/pedestrian_msg__rosidl_typesupport_fastrtps_cpp.hpp
[1.118s] -- Up-to-date: /home/kcg/ROS2Sample/src/install/cognata_sdk_ros2/include/cognata_sdk_ros2/msg/detail/radar_output_target__rosidl_typesupport_fastrtps_cpp.hpp
[1.118s] -- Up-to-date: /home/kcg/ROS2Sample/src/install/cognata_sdk_ros2/include/cognata_sdk_ros2/msg/detail/object_description__rosidl_typesupport_fastrtps_cpp.hpp
[1.118s] -- Up-to-date: /home/kcg/ROS2Sample/src/install/cognata_sdk_ros2/include/cognata_sdk_ros2/msg/detail/dds_fastrtps
[1.118s] -- Up-to-date: /home/kcg/ROS2Sample/src/install/cognata_sdk_ros2/include/cognata_sdk_ros2/msg/detail/annotation_msg__rosidl_typesupport_fastrtps_cpp.hpp
[1.119s] -- Up-to-date: /home/kcg/ROS2Sample/src/install/cognata_sdk_ros2/include/cognata_sdk_ros2/msg/detail/roi_and_dogt_output__rosidl_typesupport_fastrtps_cpp.hpp
[1.119s] -- Up-to-date: /home/kcg/ROS2Sample/src/install/cognata_sdk_ros2/include/cognata_sdk_ros2/msg/detail/car_telemetries_msg__rosidl_typesupport_fastrtps_cpp.hpp
[1.119s] -- Up-to-date: /home/kcg/ROS2Sample/src/install/cognata_sdk_ros2/include/cognata_sdk_ros2/msg/detail/wheel_telemetries__rosidl_typesupport_fastrtps_cpp.hpp
[1.119s] -- Up-to-date: /home/kcg/ROS2Sample/src/install/cognata_sdk_ros2/include/cognata_sdk_ros2/msg/detail/traffic_light_msg__rosidl_typesupport_fastrtps_cpp.hpp
[1.119s] -- Up-to-date: /home/kcg/ROS2Sample/src/install/cognata_sdk_ros2/include/cognata_sdk_ros2/msg/detail/gps_additional_data__rosidl_typesupport_fastrtps_cpp.hpp
[1.119s] -- Up-to-date: /home/kcg/ROS2Sample/src/install/cognata_sdk_ros2/lib/libcognata_sdk_ros2__rosidl_typesupport_fastrtps_cpp.so
[1.119s] -- Up-to-date: /home/kcg/ROS2Sample/src/install/cognata_sdk_ros2/include/cognata_sdk_ros2
[1.119s] -- Up-to-date: /home/kcg/ROS2Sample/src/install/cognata_sdk_ros2/include/cognata_sdk_ros2/msg
[1.120s] -- Up-to-date: /home/kcg/ROS2Sample/src/install/cognata_sdk_ros2/include/cognata_sdk_ros2/msg/rosidl_typesupport_introspection_c__visibility_control.h
[1.120s] -- Up-to-date: /home/kcg/ROS2Sample/src/install/cognata_sdk_ros2/include/cognata_sdk_ros2/msg/detail
[1.120s] -- Up-to-date: /home/kcg/ROS2Sample/src/install/cognata_sdk_ros2/include/cognata_sdk_ros2/msg/detail/vehicle_msg__rosidl_typesupport_introspection_c.h
[1.120s] -- Up-to-date: /home/kcg/ROS2Sample/src/install/cognata_sdk_ros2/include/cognata_sdk_ros2/msg/detail/vehicle_msg__type_support.c
[1.120s] -- Up-to-date: /home/kcg/ROS2Sample/src/install/cognata_sdk_ros2/include/cognata_sdk_ros2/msg/detail/annotation_msg__type_support.c
[1.120s] -- Up-to-date: /home/kcg/ROS2Sample/src/install/cognata_sdk_ros2/include/cognata_sdk_ros2/msg/detail/gps_additional_data__rosidl_typesupport_introspection_c.h
[1.120s] -- Up-to-date: /home/kcg/ROS2Sample/src/install/cognata_sdk_ros2/include/cognata_sdk_ros2/msg/detail/gps_additional_data__type_support.c
[1.120s] -- Up-to-date: /home/kcg/ROS2Sample/src/install/cognata_sdk_ros2/include/cognata_sdk_ros2/msg/detail/wheel_msg__rosidl_typesupport_introspection_c.h
[1.120s] -- Up-to-date: /home/kcg/ROS2Sample/src/install/cognata_sdk_ros2/include/cognata_sdk_ros2/msg/detail/radar_output_target__rosidl_typesupport_introspection_c.h
[1.120s] -- Up-to-date: /home/kcg/ROS2Sample/src/install/cognata_sdk_ros2/include/cognata_sdk_ros2/msg/detail/car_telemetries_msg__rosidl_typesupport_introspection_c.h
[1.120s] -- Up-to-date: /home/kcg/ROS2Sample/src/install/cognata_sdk_ros2/include/cognata_sdk_ros2/msg/detail/object_description__rosidl_typesupport_introspection_c.h
[1.120s] -- Up-to-date: /home/kcg/ROS2Sample/src/install/cognata_sdk_ros2/include/cognata_sdk_ros2/msg/detail/traffic_light_msg__rosidl_typesupport_introspection_c.h
[1.121s] -- Up-to-date: /home/kcg/ROS2Sample/src/install/cognata_sdk_ros2/include/cognata_sdk_ros2/msg/detail/pedestrian_msg__type_support.c
[1.121s] -- Up-to-date: /home/kcg/ROS2Sample/src/install/cognata_sdk_ros2/include/cognata_sdk_ros2/msg/detail/car_telemetries_msg__type_support.c
[1.121s] -- Up-to-date: /home/kcg/ROS2Sample/src/install/cognata_sdk_ros2/include/cognata_sdk_ros2/msg/detail/wheel_telemetries__rosidl_typesupport_introspection_c.h
[1.121s] -- Up-to-date: /home/kcg/ROS2Sample/src/install/cognata_sdk_ros2/include/cognata_sdk_ros2/msg/detail/roi_and_dogt_output__rosidl_typesupport_introspection_c.h
[1.121s] -- Up-to-date: /home/kcg/ROS2Sample/src/install/cognata_sdk_ros2/include/cognata_sdk_ros2/msg/detail/radar_output_target__type_support.c
[1.121s] -- Up-to-date: /home/kcg/ROS2Sample/src/install/cognata_sdk_ros2/include/cognata_sdk_ros2/msg/detail/traffic_light_msg__type_support.c
[1.121s] -- Up-to-date: /home/kcg/ROS2Sample/src/install/cognata_sdk_ros2/include/cognata_sdk_ros2/msg/detail/radar_output_header__type_support.c
[1.121s] -- Up-to-date: /home/kcg/ROS2Sample/src/install/cognata_sdk_ros2/include/cognata_sdk_ros2/msg/detail/bounding_box_msg__rosidl_typesupport_introspection_c.h
[1.121s] -- Up-to-date: /home/kcg/ROS2Sample/src/install/cognata_sdk_ros2/include/cognata_sdk_ros2/msg/detail/annotation_msg__rosidl_typesupport_introspection_c.h
[1.121s] -- Up-to-date: /home/kcg/ROS2Sample/src/install/cognata_sdk_ros2/include/cognata_sdk_ros2/msg/detail/radar_output_header__rosidl_typesupport_introspection_c.h
[1.121s] -- Up-to-date: /home/kcg/ROS2Sample/src/install/cognata_sdk_ros2/include/cognata_sdk_ros2/msg/detail/object_description__type_support.c
[1.121s] -- Up-to-date: /home/kcg/ROS2Sample/src/install/cognata_sdk_ros2/include/cognata_sdk_ros2/msg/detail/roi_and_dogt_output__type_support.c
[1.121s] -- Up-to-date: /home/kcg/ROS2Sample/src/install/cognata_sdk_ros2/include/cognata_sdk_ros2/msg/detail/bounding_box_msg__type_support.c
[1.122s] -- Up-to-date: /home/kcg/ROS2Sample/src/install/cognata_sdk_ros2/include/cognata_sdk_ros2/msg/detail/wheel_telemetries__type_support.c
[1.122s] -- Up-to-date: /home/kcg/ROS2Sample/src/install/cognata_sdk_ros2/include/cognata_sdk_ros2/msg/detail/wheel_msg__type_support.c
[1.122s] -- Up-to-date: /home/kcg/ROS2Sample/src/install/cognata_sdk_ros2/include/cognata_sdk_ros2/msg/detail/pedestrian_msg__rosidl_typesupport_introspection_c.h
[1.122s] -- Up-to-date: /home/kcg/ROS2Sample/src/install/cognata_sdk_ros2/lib/libcognata_sdk_ros2__rosidl_typesupport_introspection_c.so
[1.122s] -- Up-to-date: /home/kcg/ROS2Sample/src/install/cognata_sdk_ros2/lib/libcognata_sdk_ros2__rosidl_typesupport_c.so
[1.122s] -- Up-to-date: /home/kcg/ROS2Sample/src/install/cognata_sdk_ros2/include/cognata_sdk_ros2
[1.122s] -- Up-to-date: /home/kcg/ROS2Sample/src/install/cognata_sdk_ros2/include/cognata_sdk_ros2/msg
[1.122s] -- Up-to-date: /home/kcg/ROS2Sample/src/install/cognata_sdk_ros2/include/cognata_sdk_ros2/msg/wheel_msg.hpp
[1.122s] -- Up-to-date: /home/kcg/ROS2Sample/src/install/cognata_sdk_ros2/include/cognata_sdk_ros2/msg/vehicle_msg.hpp
[1.122s] -- Up-to-date: /home/kcg/ROS2Sample/src/install/cognata_sdk_ros2/include/cognata_sdk_ros2/msg/roi_and_dogt_output.hpp
[1.122s] -- Up-to-date: /home/kcg/ROS2Sample/src/install/cognata_sdk_ros2/include/cognata_sdk_ros2/msg/wheel_telemetries.hpp
[1.122s] -- Up-to-date: /home/kcg/ROS2Sample/src/install/cognata_sdk_ros2/include/cognata_sdk_ros2/msg/radar_output_target.hpp
[1.122s] -- Up-to-date: /home/kcg/ROS2Sample/src/install/cognata_sdk_ros2/include/cognata_sdk_ros2/msg/gps_additional_data.hpp
[1.122s] -- Up-to-date: /home/kcg/ROS2Sample/src/install/cognata_sdk_ros2/include/cognata_sdk_ros2/msg/traffic_light_msg.hpp
[1.123s] -- Up-to-date: /home/kcg/ROS2Sample/src/install/cognata_sdk_ros2/include/cognata_sdk_ros2/msg/radar_output_header.hpp
[1.123s] -- Up-to-date: /home/kcg/ROS2Sample/src/install/cognata_sdk_ros2/include/cognata_sdk_ros2/msg/annotation_msg.hpp
[1.123s] -- Up-to-date: /home/kcg/ROS2Sample/src/install/cognata_sdk_ros2/include/cognata_sdk_ros2/msg/bounding_box_msg.hpp
[1.123s] -- Up-to-date: /home/kcg/ROS2Sample/src/install/cognata_sdk_ros2/include/cognata_sdk_ros2/msg/object_description.hpp
[1.123s] -- Up-to-date: /home/kcg/ROS2Sample/src/install/cognata_sdk_ros2/include/cognata_sdk_ros2/msg/car_telemetries_msg.hpp
[1.123s] -- Up-to-date: /home/kcg/ROS2Sample/src/install/cognata_sdk_ros2/include/cognata_sdk_ros2/msg/detail
[1.123s] -- Up-to-date: /home/kcg/ROS2Sample/src/install/cognata_sdk_ros2/include/cognata_sdk_ros2/msg/detail/annotation_msg__struct.hpp
[1.123s] -- Up-to-date: /home/kcg/ROS2Sample/src/install/cognata_sdk_ros2/include/cognata_sdk_ros2/msg/detail/car_telemetries_msg__builder.hpp
[1.123s] -- Up-to-date: /home/kcg/ROS2Sample/src/install/cognata_sdk_ros2/include/cognata_sdk_ros2/msg/detail/object_description__builder.hpp
[1.123s] -- Up-to-date: /home/kcg/ROS2Sample/src/install/cognata_sdk_ros2/include/cognata_sdk_ros2/msg/detail/bounding_box_msg__builder.hpp
[1.123s] -- Up-to-date: /home/kcg/ROS2Sample/src/install/cognata_sdk_ros2/include/cognata_sdk_ros2/msg/detail/radar_output_header__traits.hpp
[1.123s] -- Up-to-date: /home/kcg/ROS2Sample/src/install/cognata_sdk_ros2/include/cognata_sdk_ros2/msg/detail/pedestrian_msg__traits.hpp
[1.123s] -- Up-to-date: /home/kcg/ROS2Sample/src/install/cognata_sdk_ros2/include/cognata_sdk_ros2/msg/detail/wheel_msg__builder.hpp
[1.124s] -- Up-to-date: /home/kcg/ROS2Sample/src/install/cognata_sdk_ros2/include/cognata_sdk_ros2/msg/detail/radar_output_header__builder.hpp
[1.124s] -- Up-to-date: /home/kcg/ROS2Sample/src/install/cognata_sdk_ros2/include/cognata_sdk_ros2/msg/detail/gps_additional_data__traits.hpp
[1.124s] -- Up-to-date: /home/kcg/ROS2Sample/src/install/cognata_sdk_ros2/include/cognata_sdk_ros2/msg/detail/traffic_light_msg__struct.hpp
[1.124s] -- Up-to-date: /home/kcg/ROS2Sample/src/install/cognata_sdk_ros2/include/cognata_sdk_ros2/msg/detail/object_description__struct.hpp
[1.124s] -- Up-to-date: /home/kcg/ROS2Sample/src/install/cognata_sdk_ros2/include/cognata_sdk_ros2/msg/detail/vehicle_msg__struct.hpp
[1.124s] -- Up-to-date: /home/kcg/ROS2Sample/src/install/cognata_sdk_ros2/include/cognata_sdk_ros2/msg/detail/radar_output_target__struct.hpp
[1.124s] -- Up-to-date: /home/kcg/ROS2Sample/src/install/cognata_sdk_ros2/include/cognata_sdk_ros2/msg/detail/roi_and_dogt_output__struct.hpp
[1.124s] -- Up-to-date: /home/kcg/ROS2Sample/src/install/cognata_sdk_ros2/include/cognata_sdk_ros2/msg/detail/wheel_telemetries__struct.hpp
[1.124s] -- Up-to-date: /home/kcg/ROS2Sample/src/install/cognata_sdk_ros2/include/cognata_sdk_ros2/msg/detail/vehicle_msg__builder.hpp
[1.124s] -- Up-to-date: /home/kcg/ROS2Sample/src/install/cognata_sdk_ros2/include/cognata_sdk_ros2/msg/detail/car_telemetries_msg__traits.hpp
[1.124s] -- Up-to-date: /home/kcg/ROS2Sample/src/install/cognata_sdk_ros2/include/cognata_sdk_ros2/msg/detail/wheel_msg__struct.hpp
[1.124s] -- Up-to-date: /home/kcg/ROS2Sample/src/install/cognata_sdk_ros2/include/cognata_sdk_ros2/msg/detail/wheel_msg__traits.hpp
[1.125s] -- Up-to-date: /home/kcg/ROS2Sample/src/install/cognata_sdk_ros2/include/cognata_sdk_ros2/msg/detail/radar_output_target__builder.hpp
[1.125s] -- Up-to-date: /home/kcg/ROS2Sample/src/install/cognata_sdk_ros2/include/cognata_sdk_ros2/msg/detail/bounding_box_msg__traits.hpp
[1.125s] -- Up-to-date: /home/kcg/ROS2Sample/src/install/cognata_sdk_ros2/include/cognata_sdk_ros2/msg/detail/annotation_msg__traits.hpp
[1.125s] -- Up-to-date: /home/kcg/ROS2Sample/src/install/cognata_sdk_ros2/include/cognata_sdk_ros2/msg/detail/object_description__traits.hpp
[1.125s] -- Up-to-date: /home/kcg/ROS2Sample/src/install/cognata_sdk_ros2/include/cognata_sdk_ros2/msg/detail/traffic_light_msg__traits.hpp
[1.125s] -- Up-to-date: /home/kcg/ROS2Sample/src/install/cognata_sdk_ros2/include/cognata_sdk_ros2/msg/detail/wheel_telemetries__traits.hpp
[1.125s] -- Up-to-date: /home/kcg/ROS2Sample/src/install/cognata_sdk_ros2/include/cognata_sdk_ros2/msg/detail/roi_and_dogt_output__traits.hpp
[1.125s] -- Up-to-date: /home/kcg/ROS2Sample/src/install/cognata_sdk_ros2/include/cognata_sdk_ros2/msg/detail/vehicle_msg__traits.hpp
[1.125s] -- Up-to-date: /home/kcg/ROS2Sample/src/install/cognata_sdk_ros2/include/cognata_sdk_ros2/msg/detail/roi_and_dogt_output__builder.hpp
[1.125s] -- Up-to-date: /home/kcg/ROS2Sample/src/install/cognata_sdk_ros2/include/cognata_sdk_ros2/msg/detail/radar_output_header__struct.hpp
[1.125s] -- Up-to-date: /home/kcg/ROS2Sample/src/install/cognata_sdk_ros2/include/cognata_sdk_ros2/msg/detail/radar_output_target__traits.hpp
[1.125s] -- Up-to-date: /home/kcg/ROS2Sample/src/install/cognata_sdk_ros2/include/cognata_sdk_ros2/msg/detail/pedestrian_msg__struct.hpp
[1.125s] -- Up-to-date: /home/kcg/ROS2Sample/src/install/cognata_sdk_ros2/include/cognata_sdk_ros2/msg/detail/gps_additional_data__builder.hpp
[1.126s] -- Up-to-date: /home/kcg/ROS2Sample/src/install/cognata_sdk_ros2/include/cognata_sdk_ros2/msg/detail/gps_additional_data__struct.hpp
[1.126s] -- Up-to-date: /home/kcg/ROS2Sample/src/install/cognata_sdk_ros2/include/cognata_sdk_ros2/msg/detail/traffic_light_msg__builder.hpp
[1.126s] -- Up-to-date: /home/kcg/ROS2Sample/src/install/cognata_sdk_ros2/include/cognata_sdk_ros2/msg/detail/wheel_telemetries__builder.hpp
[1.126s] -- Up-to-date: /home/kcg/ROS2Sample/src/install/cognata_sdk_ros2/include/cognata_sdk_ros2/msg/detail/bounding_box_msg__struct.hpp
[1.126s] -- Up-to-date: /home/kcg/ROS2Sample/src/install/cognata_sdk_ros2/include/cognata_sdk_ros2/msg/detail/annotation_msg__builder.hpp
[1.126s] -- Up-to-date: /home/kcg/ROS2Sample/src/install/cognata_sdk_ros2/include/cognata_sdk_ros2/msg/detail/pedestrian_msg__builder.hpp
[1.126s] -- Up-to-date: /home/kcg/ROS2Sample/src/install/cognata_sdk_ros2/include/cognata_sdk_ros2/msg/detail/car_telemetries_msg__struct.hpp
[1.126s] -- Up-to-date: /home/kcg/ROS2Sample/src/install/cognata_sdk_ros2/include/cognata_sdk_ros2/msg/pedestrian_msg.hpp
[1.126s] -- Up-to-date: /home/kcg/ROS2Sample/src/install/cognata_sdk_ros2/include/cognata_sdk_ros2
[1.126s] -- Up-to-date: /home/kcg/ROS2Sample/src/install/cognata_sdk_ros2/include/cognata_sdk_ros2/msg
[1.126s] -- Up-to-date: /home/kcg/ROS2Sample/src/install/cognata_sdk_ros2/include/cognata_sdk_ros2/msg/detail
[1.126s] -- Up-to-date: /home/kcg/ROS2Sample/src/install/cognata_sdk_ros2/include/cognata_sdk_ros2/msg/detail/traffic_light_msg__rosidl_typesupport_introspection_cpp.hpp
[1.126s] -- Up-to-date: /home/kcg/ROS2Sample/src/install/cognata_sdk_ros2/include/cognata_sdk_ros2/msg/detail/gps_additional_data__type_support.cpp
[1.126s] -- Up-to-date: /home/kcg/ROS2Sample/src/install/cognata_sdk_ros2/include/cognata_sdk_ros2/msg/detail/roi_and_dogt_output__rosidl_typesupport_introspection_cpp.hpp
[1.126s] -- Up-to-date: /home/kcg/ROS2Sample/src/install/cognata_sdk_ros2/include/cognata_sdk_ros2/msg/detail/vehicle_msg__rosidl_typesupport_introspection_cpp.hpp
[1.126s] -- Up-to-date: /home/kcg/ROS2Sample/src/install/cognata_sdk_ros2/include/cognata_sdk_ros2/msg/detail/bounding_box_msg__rosidl_typesupport_introspection_cpp.hpp
[1.126s] -- Up-to-date: /home/kcg/ROS2Sample/src/install/cognata_sdk_ros2/include/cognata_sdk_ros2/msg/detail/wheel_msg__type_support.cpp
[1.127s] -- Up-to-date: /home/kcg/ROS2Sample/src/install/cognata_sdk_ros2/include/cognata_sdk_ros2/msg/detail/bounding_box_msg__type_support.cpp
[1.127s] -- Up-to-date: /home/kcg/ROS2Sample/src/install/cognata_sdk_ros2/include/cognata_sdk_ros2/msg/detail/radar_output_header__type_support.cpp
[1.127s] -- Up-to-date: /home/kcg/ROS2Sample/src/install/cognata_sdk_ros2/include/cognata_sdk_ros2/msg/detail/radar_output_header__rosidl_typesupport_introspection_cpp.hpp
[1.127s] -- Up-to-date: /home/kcg/ROS2Sample/src/install/cognata_sdk_ros2/include/cognata_sdk_ros2/msg/detail/pedestrian_msg__rosidl_typesupport_introspection_cpp.hpp
[1.127s] -- Up-to-date: /home/kcg/ROS2Sample/src/install/cognata_sdk_ros2/include/cognata_sdk_ros2/msg/detail/annotation_msg__rosidl_typesupport_introspection_cpp.hpp
[1.127s] -- Up-to-date: /home/kcg/ROS2Sample/src/install/cognata_sdk_ros2/include/cognata_sdk_ros2/msg/detail/wheel_telemetries__type_support.cpp
[1.127s] -- Up-to-date: /home/kcg/ROS2Sample/src/install/cognata_sdk_ros2/include/cognata_sdk_ros2/msg/detail/radar_output_target__rosidl_typesupport_introspection_cpp.hpp
[1.127s] -- Up-to-date: /home/kcg/ROS2Sample/src/install/cognata_sdk_ros2/include/cognata_sdk_ros2/msg/detail/gps_additional_data__rosidl_typesupport_introspection_cpp.hpp
[1.127s] -- Up-to-date: /home/kcg/ROS2Sample/src/install/cognata_sdk_ros2/include/cognata_sdk_ros2/msg/detail/object_description__rosidl_typesupport_introspection_cpp.hpp
[1.127s] -- Up-to-date: /home/kcg/ROS2Sample/src/install/cognata_sdk_ros2/include/cognata_sdk_ros2/msg/detail/traffic_light_msg__type_support.cpp
[1.127s] -- Up-to-date: /home/kcg/ROS2Sample/src/install/cognata_sdk_ros2/include/cognata_sdk_ros2/msg/detail/pedestrian_msg__type_support.cpp
[1.127s] -- Up-to-date: /home/kcg/ROS2Sample/src/install/cognata_sdk_ros2/include/cognata_sdk_ros2/msg/detail/car_telemetries_msg__type_support.cpp
[1.127s] -- Up-to-date: /home/kcg/ROS2Sample/src/install/cognata_sdk_ros2/include/cognata_sdk_ros2/msg/detail/radar_output_target__type_support.cpp
[1.128s] -- Up-to-date: /home/kcg/ROS2Sample/src/install/cognata_sdk_ros2/include/cognata_sdk_ros2/msg/detail/vehicle_msg__type_support.cpp
[1.128s] -- Up-to-date: /home/kcg/ROS2Sample/src/install/cognata_sdk_ros2/include/cognata_sdk_ros2/msg/detail/car_telemetries_msg__rosidl_typesupport_introspection_cpp.hpp
[1.128s] -- Up-to-date: /home/kcg/ROS2Sample/src/install/cognata_sdk_ros2/include/cognata_sdk_ros2/msg/detail/annotation_msg__type_support.cpp
[1.128s] -- Up-to-date: /home/kcg/ROS2Sample/src/install/cognata_sdk_ros2/include/cognata_sdk_ros2/msg/detail/object_description__type_support.cpp
[1.128s] -- Up-to-date: /home/kcg/ROS2Sample/src/install/cognata_sdk_ros2/include/cognata_sdk_ros2/msg/detail/wheel_msg__rosidl_typesupport_introspection_cpp.hpp
[1.128s] -- Up-to-date: /home/kcg/ROS2Sample/src/install/cognata_sdk_ros2/include/cognata_sdk_ros2/msg/detail/wheel_telemetries__rosidl_typesupport_introspection_cpp.hpp
[1.128s] -- Up-to-date: /home/kcg/ROS2Sample/src/install/cognata_sdk_ros2/include/cognata_sdk_ros2/msg/detail/roi_and_dogt_output__type_support.cpp
[1.128s] -- Up-to-date: /home/kcg/ROS2Sample/src/install/cognata_sdk_ros2/lib/libcognata_sdk_ros2__rosidl_typesupport_introspection_cpp.so
[1.128s] -- Up-to-date: /home/kcg/ROS2Sample/src/install/cognata_sdk_ros2/lib/libcognata_sdk_ros2__rosidl_typesupport_cpp.so
[1.128s] -- Up-to-date: /home/kcg/ROS2Sample/src/install/cognata_sdk_ros2/share/cognata_sdk_ros2/environment/pythonpath.sh
[1.128s] -- Up-to-date: /home/kcg/ROS2Sample/src/install/cognata_sdk_ros2/share/cognata_sdk_ros2/environment/pythonpath.dsv
[1.128s] -- Up-to-date: /home/kcg/ROS2Sample/src/install/cognata_sdk_ros2/lib/python3.8/site-packages/cognata_sdk_ros2/__init__.py
[1.153s] -- Up-to-date: /home/kcg/ROS2Sample/src/install/cognata_sdk_ros2/lib/python3.8/site-packages/cognata_sdk_ros2/msg
[1.154s] -- Up-to-date: /home/kcg/ROS2Sample/src/install/cognata_sdk_ros2/lib/python3.8/site-packages/cognata_sdk_ros2/msg/__init__.py
[1.154s] -- Up-to-date: /home/kcg/ROS2Sample/src/install/cognata_sdk_ros2/lib/python3.8/site-packages/cognata_sdk_ros2/msg/_roi_and_dogt_output.py
[1.154s] -- Up-to-date: /home/kcg/ROS2Sample/src/install/cognata_sdk_ros2/lib/python3.8/site-packages/cognata_sdk_ros2/msg/_radar_output_header.py
[1.154s] -- Up-to-date: /home/kcg/ROS2Sample/src/install/cognata_sdk_ros2/lib/python3.8/site-packages/cognata_sdk_ros2/msg/_traffic_light_msg_s.c
[1.154s] -- Up-to-date: /home/kcg/ROS2Sample/src/install/cognata_sdk_ros2/lib/python3.8/site-packages/cognata_sdk_ros2/msg/_radar_output_target_s.c
[1.154s] -- Up-to-date: /home/kcg/ROS2Sample/src/install/cognata_sdk_ros2/lib/python3.8/site-packages/cognata_sdk_ros2/msg/_gps_additional_data.py
[1.154s] -- Up-to-date: /home/kcg/ROS2Sample/src/install/cognata_sdk_ros2/lib/python3.8/site-packages/cognata_sdk_ros2/msg/_wheel_msg.py
[1.154s] -- Up-to-date: /home/kcg/ROS2Sample/src/install/cognata_sdk_ros2/lib/python3.8/site-packages/cognata_sdk_ros2/msg/_wheel_msg_s.c
[1.154s] -- Up-to-date: /home/kcg/ROS2Sample/src/install/cognata_sdk_ros2/lib/python3.8/site-packages/cognata_sdk_ros2/msg/_vehicle_msg.py
[1.154s] -- Up-to-date: /home/kcg/ROS2Sample/src/install/cognata_sdk_ros2/lib/python3.8/site-packages/cognata_sdk_ros2/msg/_gps_additional_data_s.c
[1.154s] -- Up-to-date: /home/kcg/ROS2Sample/src/install/cognata_sdk_ros2/lib/python3.8/site-packages/cognata_sdk_ros2/msg/_object_description.py
[1.154s] -- Up-to-date: /home/kcg/ROS2Sample/src/install/cognata_sdk_ros2/lib/python3.8/site-packages/cognata_sdk_ros2/msg/_object_description_s.c
[1.154s] -- Up-to-date: /home/kcg/ROS2Sample/src/install/cognata_sdk_ros2/lib/python3.8/site-packages/cognata_sdk_ros2/msg/_bounding_box_msg.py
[1.154s] -- Up-to-date: /home/kcg/ROS2Sample/src/install/cognata_sdk_ros2/lib/python3.8/site-packages/cognata_sdk_ros2/msg/_car_telemetries_msg.py
[1.154s] -- Up-to-date: /home/kcg/ROS2Sample/src/install/cognata_sdk_ros2/lib/python3.8/site-packages/cognata_sdk_ros2/msg/_vehicle_msg_s.c
[1.154s] -- Up-to-date: /home/kcg/ROS2Sample/src/install/cognata_sdk_ros2/lib/python3.8/site-packages/cognata_sdk_ros2/msg/_radar_output_header_s.c
[1.154s] -- Up-to-date: /home/kcg/ROS2Sample/src/install/cognata_sdk_ros2/lib/python3.8/site-packages/cognata_sdk_ros2/msg/_annotation_msg.py
[1.155s] -- Up-to-date: /home/kcg/ROS2Sample/src/install/cognata_sdk_ros2/lib/python3.8/site-packages/cognata_sdk_ros2/msg/_car_telemetries_msg_s.c
[1.155s] -- Up-to-date: /home/kcg/ROS2Sample/src/install/cognata_sdk_ros2/lib/python3.8/site-packages/cognata_sdk_ros2/msg/_wheel_telemetries.py
[1.155s] -- Up-to-date: /home/kcg/ROS2Sample/src/install/cognata_sdk_ros2/lib/python3.8/site-packages/cognata_sdk_ros2/msg/_bounding_box_msg_s.c
[1.155s] -- Up-to-date: /home/kcg/ROS2Sample/src/install/cognata_sdk_ros2/lib/python3.8/site-packages/cognata_sdk_ros2/msg/_annotation_msg_s.c
[1.155s] -- Up-to-date: /home/kcg/ROS2Sample/src/install/cognata_sdk_ros2/lib/python3.8/site-packages/cognata_sdk_ros2/msg/_wheel_telemetries_s.c
[1.155s] -- Up-to-date: /home/kcg/ROS2Sample/src/install/cognata_sdk_ros2/lib/python3.8/site-packages/cognata_sdk_ros2/msg/_roi_and_dogt_output_s.c
[1.155s] -- Up-to-date: /home/kcg/ROS2Sample/src/install/cognata_sdk_ros2/lib/python3.8/site-packages/cognata_sdk_ros2/msg/_pedestrian_msg_s.c
[1.155s] -- Up-to-date: /home/kcg/ROS2Sample/src/install/cognata_sdk_ros2/lib/python3.8/site-packages/cognata_sdk_ros2/msg/_radar_output_target.py
[1.155s] -- Up-to-date: /home/kcg/ROS2Sample/src/install/cognata_sdk_ros2/lib/python3.8/site-packages/cognata_sdk_ros2/msg/_traffic_light_msg.py
[1.155s] -- Up-to-date: /home/kcg/ROS2Sample/src/install/cognata_sdk_ros2/lib/python3.8/site-packages/cognata_sdk_ros2/msg/_pedestrian_msg.py
[1.155s] -- Up-to-date: /home/kcg/ROS2Sample/src/install/cognata_sdk_ros2/lib/python3.8/site-packages/cognata_sdk_ros2/cognata_sdk_ros2_s__rosidl_typesupport_fastrtps_c.cpython-38-x86_64-linux-gnu.so
[1.155s] -- Up-to-date: /home/kcg/ROS2Sample/src/install/cognata_sdk_ros2/lib/python3.8/site-packages/cognata_sdk_ros2/cognata_sdk_ros2_s__rosidl_typesupport_introspection_c.cpython-38-x86_64-linux-gnu.so
[1.160s] -- Up-to-date: /home/kcg/ROS2Sample/src/install/cognata_sdk_ros2/lib/python3.8/site-packages/cognata_sdk_ros2/cognata_sdk_ros2_s__rosidl_typesupport_c.cpython-38-x86_64-linux-gnu.so
[1.161s] -- Up-to-date: /home/kcg/ROS2Sample/src/install/cognata_sdk_ros2/lib/libcognata_sdk_ros2__python.so
[1.161s] -- Up-to-date: /home/kcg/ROS2Sample/src/install/cognata_sdk_ros2/share/cognata_sdk_ros2/msg/AnnotationMsg.idl
[1.161s] -- Up-to-date: /home/kcg/ROS2Sample/src/install/cognata_sdk_ros2/share/cognata_sdk_ros2/msg/BoundingBoxMsg.idl
[1.161s] -- Up-to-date: /home/kcg/ROS2Sample/src/install/cognata_sdk_ros2/share/cognata_sdk_ros2/msg/CarTelemetriesMsg.idl
[1.161s] -- Up-to-date: /home/kcg/ROS2Sample/src/install/cognata_sdk_ros2/share/cognata_sdk_ros2/msg/GPSAdditionalData.idl
[1.161s] -- Up-to-date: /home/kcg/ROS2Sample/src/install/cognata_sdk_ros2/share/cognata_sdk_ros2/msg/ObjectDescription.idl
[1.161s] -- Up-to-date: /home/kcg/ROS2Sample/src/install/cognata_sdk_ros2/share/cognata_sdk_ros2/msg/PedestrianMsg.idl
[1.161s] -- Up-to-date: /home/kcg/ROS2Sample/src/install/cognata_sdk_ros2/share/cognata_sdk_ros2/msg/RadarOutputHeader.idl
[1.161s] -- Up-to-date: /home/kcg/ROS2Sample/src/install/cognata_sdk_ros2/share/cognata_sdk_ros2/msg/RadarOutputTarget.idl
[1.161s] -- Up-to-date: /home/kcg/ROS2Sample/src/install/cognata_sdk_ros2/share/cognata_sdk_ros2/msg/ROIAndDOGTOutput.idl
[1.161s] -- Up-to-date: /home/kcg/ROS2Sample/src/install/cognata_sdk_ros2/share/cognata_sdk_ros2/msg/TrafficLightMsg.idl
[1.161s] -- Up-to-date: /home/kcg/ROS2Sample/src/install/cognata_sdk_ros2/share/cognata_sdk_ros2/msg/VehicleMsg.idl
[1.161s] -- Up-to-date: /home/kcg/ROS2Sample/src/install/cognata_sdk_ros2/share/cognata_sdk_ros2/msg/WheelMsg.idl
[1.161s] -- Up-to-date: /home/kcg/ROS2Sample/src/install/cognata_sdk_ros2/share/cognata_sdk_ros2/msg/WheelTelemetries.idl
[1.161s] -- Up-to-date: /home/kcg/ROS2Sample/src/install/cognata_sdk_ros2/share/cognata_sdk_ros2/msg/AnnotationMsg.msg
[1.161s] -- Up-to-date: /home/kcg/ROS2Sample/src/install/cognata_sdk_ros2/share/cognata_sdk_ros2/msg/BoundingBoxMsg.msg
[1.161s] -- Up-to-date: /home/kcg/ROS2Sample/src/install/cognata_sdk_ros2/share/cognata_sdk_ros2/msg/CarTelemetriesMsg.msg
[1.161s] -- Up-to-date: /home/kcg/ROS2Sample/src/install/cognata_sdk_ros2/share/cognata_sdk_ros2/msg/GPSAdditionalData.msg
[1.161s] -- Up-to-date: /home/kcg/ROS2Sample/src/install/cognata_sdk_ros2/share/cognata_sdk_ros2/msg/ObjectDescription.msg
[1.162s] -- Up-to-date: /home/kcg/ROS2Sample/src/install/cognata_sdk_ros2/share/cognata_sdk_ros2/msg/PedestrianMsg.msg
[1.162s] -- Up-to-date: /home/kcg/ROS2Sample/src/install/cognata_sdk_ros2/share/cognata_sdk_ros2/msg/RadarOutputHeader.msg
[1.162s] -- Up-to-date: /home/kcg/ROS2Sample/src/install/cognata_sdk_ros2/share/cognata_sdk_ros2/msg/RadarOutputTarget.msg
[1.162s] -- Up-to-date: /home/kcg/ROS2Sample/src/install/cognata_sdk_ros2/share/cognata_sdk_ros2/msg/ROIAndDOGTOutput.msg
[1.162s] -- Up-to-date: /home/kcg/ROS2Sample/src/install/cognata_sdk_ros2/share/cognata_sdk_ros2/msg/TrafficLightMsg.msg
[1.162s] -- Up-to-date: /home/kcg/ROS2Sample/src/install/cognata_sdk_ros2/share/cognata_sdk_ros2/msg/VehicleMsg.msg
[1.162s] -- Up-to-date: /home/kcg/ROS2Sample/src/install/cognata_sdk_ros2/share/cognata_sdk_ros2/msg/WheelMsg.msg
[1.162s] -- Up-to-date: /home/kcg/ROS2Sample/src/install/cognata_sdk_ros2/share/cognata_sdk_ros2/msg/WheelTelemetries.msg
[1.162s] -- Up-to-date: /home/kcg/ROS2Sample/src/install/cognata_sdk_ros2/lib/cognata_sdk_ros2/ROS2SDK
[1.162s] -- Up-to-date: /home/kcg/ROS2Sample/src/install/cognata_sdk_ros2/share/ament_index/resource_index/package_run_dependencies/cognata_sdk_ros2
[1.162s] -- Up-to-date: /home/kcg/ROS2Sample/src/install/cognata_sdk_ros2/share/ament_index/resource_index/parent_prefix_path/cognata_sdk_ros2
[1.162s] -- Up-to-date: /home/kcg/ROS2Sample/src/install/cognata_sdk_ros2/share/cognata_sdk_ros2/environment/ament_prefix_path.sh
[1.162s] -- Up-to-date: /home/kcg/ROS2Sample/src/install/cognata_sdk_ros2/share/cognata_sdk_ros2/environment/ament_prefix_path.dsv
[1.162s] -- Up-to-date: /home/kcg/ROS2Sample/src/install/cognata_sdk_ros2/share/cognata_sdk_ros2/environment/path.sh
[1.162s] -- Up-to-date: /home/kcg/ROS2Sample/src/install/cognata_sdk_ros2/share/cognata_sdk_ros2/environment/path.dsv
[1.162s] -- Up-to-date: /home/kcg/ROS2Sample/src/install/cognata_sdk_ros2/share/cognata_sdk_ros2/local_setup.bash
[1.162s] -- Up-to-date: /home/kcg/ROS2Sample/src/install/cognata_sdk_ros2/share/cognata_sdk_ros2/local_setup.sh
[1.162s] -- Up-to-date: /home/kcg/ROS2Sample/src/install/cognata_sdk_ros2/share/cognata_sdk_ros2/local_setup.zsh
[1.162s] -- Up-to-date: /home/kcg/ROS2Sample/src/install/cognata_sdk_ros2/share/cognata_sdk_ros2/local_setup.dsv
[1.162s] -- Installing: /home/kcg/ROS2Sample/src/install/cognata_sdk_ros2/share/cognata_sdk_ros2/package.dsv
[1.163s] -- Up-to-date: /home/kcg/ROS2Sample/src/install/cognata_sdk_ros2/share/ament_index/resource_index/packages/cognata_sdk_ros2
[1.163s] -- Up-to-date: /home/kcg/ROS2Sample/src/install/cognata_sdk_ros2/share/cognata_sdk_ros2/cmake/cognata_sdk_ros2__rosidl_generator_cExport.cmake
[1.163s] -- Up-to-date: /home/kcg/ROS2Sample/src/install/cognata_sdk_ros2/share/cognata_sdk_ros2/cmake/cognata_sdk_ros2__rosidl_generator_cExport-noconfig.cmake
[1.163s] -- Up-to-date: /home/kcg/ROS2Sample/src/install/cognata_sdk_ros2/share/cognata_sdk_ros2/cmake/cognata_sdk_ros2__rosidl_typesupport_introspection_cExport.cmake
[1.163s] -- Up-to-date: /home/kcg/ROS2Sample/src/install/cognata_sdk_ros2/share/cognata_sdk_ros2/cmake/cognata_sdk_ros2__rosidl_typesupport_introspection_cExport-noconfig.cmake
[1.163s] -- Up-to-date: /home/kcg/ROS2Sample/src/install/cognata_sdk_ros2/share/cognata_sdk_ros2/cmake/cognata_sdk_ros2__rosidl_typesupport_cExport.cmake
[1.163s] -- Up-to-date: /home/kcg/ROS2Sample/src/install/cognata_sdk_ros2/share/cognata_sdk_ros2/cmake/cognata_sdk_ros2__rosidl_typesupport_cExport-noconfig.cmake
[1.163s] -- Up-to-date: /home/kcg/ROS2Sample/src/install/cognata_sdk_ros2/share/cognata_sdk_ros2/cmake/cognata_sdk_ros2__rosidl_generator_cppExport.cmake
[1.163s] -- Up-to-date: /home/kcg/ROS2Sample/src/install/cognata_sdk_ros2/share/cognata_sdk_ros2/cmake/cognata_sdk_ros2__rosidl_typesupport_introspection_cppExport.cmake
[1.163s] -- Up-to-date: /home/kcg/ROS2Sample/src/install/cognata_sdk_ros2/share/cognata_sdk_ros2/cmake/cognata_sdk_ros2__rosidl_typesupport_introspection_cppExport-noconfig.cmake
[1.163s] -- Up-to-date: /home/kcg/ROS2Sample/src/install/cognata_sdk_ros2/share/cognata_sdk_ros2/cmake/cognata_sdk_ros2__rosidl_typesupport_cppExport.cmake
[1.163s] -- Up-to-date: /home/kcg/ROS2Sample/src/install/cognata_sdk_ros2/share/cognata_sdk_ros2/cmake/cognata_sdk_ros2__rosidl_typesupport_cppExport-noconfig.cmake
[1.163s] -- Up-to-date: /home/kcg/ROS2Sample/src/install/cognata_sdk_ros2/share/cognata_sdk_ros2/cmake/rosidl_cmake-extras.cmake
[1.163s] -- Up-to-date: /home/kcg/ROS2Sample/src/install/cognata_sdk_ros2/share/cognata_sdk_ros2/cmake/ament_cmake_export_dependencies-extras.cmake
[1.163s] -- Up-to-date: /home/kcg/ROS2Sample/src/install/cognata_sdk_ros2/share/cognata_sdk_ros2/cmake/ament_cmake_export_libraries-extras.cmake
[1.163s] -- Up-to-date: /home/kcg/ROS2Sample/src/install/cognata_sdk_ros2/share/cognata_sdk_ros2/cmake/ament_cmake_export_targets-extras.cmake
[1.163s] -- Up-to-date: /home/kcg/ROS2Sample/src/install/cognata_sdk_ros2/share/cognata_sdk_ros2/cmake/ament_cmake_export_include_directories-extras.cmake
[1.163s] -- Up-to-date: /home/kcg/ROS2Sample/src/install/cognata_sdk_ros2/share/cognata_sdk_ros2/cmake/rosidl_cmake_export_typesupport_libraries-extras.cmake
[1.163s] -- Up-to-date: /home/kcg/ROS2Sample/src/install/cognata_sdk_ros2/share/cognata_sdk_ros2/cmake/rosidl_cmake_export_typesupport_targets-extras.cmake
[1.164s] -- Up-to-date: /home/kcg/ROS2Sample/src/install/cognata_sdk_ros2/share/cognata_sdk_ros2/cmake/cognata_sdk_ros2Config.cmake
[1.164s] -- Up-to-date: /home/kcg/ROS2Sample/src/install/cognata_sdk_ros2/share/cognata_sdk_ros2/cmake/cognata_sdk_ros2Config-version.cmake
[1.164s] -- Up-to-date: /home/kcg/ROS2Sample/src/install/cognata_sdk_ros2/share/cognata_sdk_ros2/package.xml
[1.171s] Invoked command in '/home/kcg/ROS2Sample/src/build/cognata_sdk_ros2' returned '0': CMAKE_PREFIX_PATH=${CMAKE_PREFIX_PATH}:/home/kcg/ROS2Sample/src/install/python_publisher:/opt/ros/foxy /usr/bin/cmake --install /home/kcg/ROS2Sample/src/build/cognata_sdk_ros2
