[0.598s] Invoking command in '/home/kcg/Autonomous_kcg/ROS2Sample/src/python_publisher': PYTHONPATH=/home/kcg/Autonomous_kcg/ROS2Sample/install/python_publisher/lib/python3.8/site-packages:/home/kcg/Autonomous_kcg/ROS2Sample/install/cognata_sdk_ros2/lib/python3.8/site-packages:/home/kcg/Autonomous_kcg/ROS2Sample/install/python_publisher/lib/python3.8/site-packages:/home/kcg/Autonomous_kcg/ROS2Sample/install/autoware_auto_msgs/lib/python3.8/site-packages:/home/kcg/Autonomous_kcg/ROS2Sample/install/additional_msgs/lib/python3.8/site-packages:/opt/ros/foxy/lib/python3.8/site-packages /usr/bin/python3 setup.py egg_info --egg-base ../../build/python_publisher build --build-base /home/kcg/Autonomous_kcg/ROS2Sample/build/python_publisher/build install --prefix /home/kcg/Autonomous_kcg/ROS2Sample/install/python_publisher --record /home/kcg/Autonomous_kcg/ROS2Sample/build/python_publisher/install.log --single-version-externally-managed
[0.812s] running egg_info
[0.812s] writing ../../build/python_publisher/python_publisher.egg-info/PKG-INFO
[0.812s] writing dependency_links to ../../build/python_publisher/python_publisher.egg-info/dependency_links.txt
[0.813s] writing entry points to ../../build/python_publisher/python_publisher.egg-info/entry_points.txt
[0.813s] writing requirements to ../../build/python_publisher/python_publisher.egg-info/requires.txt
[0.813s] writing top-level names to ../../build/python_publisher/python_publisher.egg-info/top_level.txt
[0.854s] reading manifest file '../../build/python_publisher/python_publisher.egg-info/SOURCES.txt'
[0.855s] writing manifest file '../../build/python_publisher/python_publisher.egg-info/SOURCES.txt'
[0.856s] running build
[0.856s] running build_py
[0.856s] copying python_publisher/adaptive_cruise_control_vaya.py -> /home/kcg/Autonomous_kcg/ROS2Sample/build/python_publisher/build/lib/python_publisher
[0.857s] running install
[0.859s] running install_lib
[0.860s] copying /home/kcg/Autonomous_kcg/ROS2Sample/build/python_publisher/build/lib/python_publisher/adaptive_cruise_control_vaya.py -> /home/kcg/Autonomous_kcg/ROS2Sample/install/python_publisher/lib/python3.8/site-packages/python_publisher
[0.861s] byte-compiling /home/kcg/Autonomous_kcg/ROS2Sample/install/python_publisher/lib/python3.8/site-packages/python_publisher/adaptive_cruise_control_vaya.py to adaptive_cruise_control_vaya.cpython-38.pyc
[0.865s] running install_data
[0.866s] running install_egg_info
[0.868s] removing '/home/kcg/Autonomous_kcg/ROS2Sample/install/python_publisher/lib/python3.8/site-packages/python_publisher-0.0.0-py3.8.egg-info' (and everything under it)
[0.868s] Copying ../../build/python_publisher/python_publisher.egg-info to /home/kcg/Autonomous_kcg/ROS2Sample/install/python_publisher/lib/python3.8/site-packages/python_publisher-0.0.0-py3.8.egg-info
[0.869s] running install_scripts
[0.885s] Installing acc script to /home/kcg/Autonomous_kcg/ROS2Sample/install/python_publisher/lib/python_publisher
[0.885s] Installing gev script to /home/kcg/Autonomous_kcg/ROS2Sample/install/python_publisher/lib/python_publisher
[0.885s] Installing pid script to /home/kcg/Autonomous_kcg/ROS2Sample/install/python_publisher/lib/python_publisher
[0.886s] Installing publisher script to /home/kcg/Autonomous_kcg/ROS2Sample/install/python_publisher/lib/python_publisher
[0.886s] Installing rcc script to /home/kcg/Autonomous_kcg/ROS2Sample/install/python_publisher/lib/python_publisher
[0.886s] writing list of installed files to '/home/kcg/Autonomous_kcg/ROS2Sample/build/python_publisher/install.log'
[0.910s] Invoked command in '/home/kcg/Autonomous_kcg/ROS2Sample/src/python_publisher' returned '0': PYTHONPATH=/home/kcg/Autonomous_kcg/ROS2Sample/install/python_publisher/lib/python3.8/site-packages:/home/kcg/Autonomous_kcg/ROS2Sample/install/cognata_sdk_ros2/lib/python3.8/site-packages:/home/kcg/Autonomous_kcg/ROS2Sample/install/python_publisher/lib/python3.8/site-packages:/home/kcg/Autonomous_kcg/ROS2Sample/install/autoware_auto_msgs/lib/python3.8/site-packages:/home/kcg/Autonomous_kcg/ROS2Sample/install/additional_msgs/lib/python3.8/site-packages:/opt/ros/foxy/lib/python3.8/site-packages /usr/bin/python3 setup.py egg_info --egg-base ../../build/python_publisher build --build-base /home/kcg/Autonomous_kcg/ROS2Sample/build/python_publisher/build install --prefix /home/kcg/Autonomous_kcg/ROS2Sample/install/python_publisher --record /home/kcg/Autonomous_kcg/ROS2Sample/build/python_publisher/install.log --single-version-externally-managed
