[0.383s] DEBUG:colcon:Command line arguments: ['/home/kcg/.local/bin/colcon', 'build']
[0.383s] DEBUG:colcon:Parsed command line arguments: Namespace(allow_overriding=[], ament_cmake_args=None, base_paths=['.'], build_base='build', catkin_cmake_args=None, catkin_skip_building_tests=False, cmake_args=None, cmake_clean_cache=False, cmake_clean_first=False, cmake_force_configure=False, cmake_target=None, cmake_target_skip_unavailable=False, continue_on_error=False, event_handlers=None, executor='parallel', ignore_user_meta=False, install_base='install', log_base=None, log_level=None, main=<bound method BuildVerb.main of <colcon_core.verb.build.BuildVerb object at 0x7f257f5036a0>>, merge_install=False, metas=['./colcon.meta'], packages_above=None, packages_above_and_dependencies=None, packages_above_depth=None, packages_end=None, packages_ignore=None, packages_ignore_regex=None, packages_select=None, packages_select_build_failed=False, packages_select_by_dep=None, packages_select_regex=None, packages_select_test_failures=False, packages_skip=None, packages_skip_build_finished=False, packages_skip_by_dep=None, packages_skip_regex=None, packages_skip_test_passed=False, packages_skip_up_to=None, packages_start=None, packages_up_to=None, packages_up_to_regex=None, parallel_workers=20, paths=None, symlink_install=False, test_result_base=None, verb_extension=<colcon_core.verb.build.BuildVerb object at 0x7f257f5036a0>, verb_name='build', verb_parser=<colcon_defaults.argument_parser.defaults.DefaultArgumentsDecorator object at 0x7f257f503be0>)
[0.393s] Level 1:colcon.colcon_core.package_discovery:discover_packages(colcon_meta) check parameters
[0.393s] Level 1:colcon.colcon_core.package_discovery:discover_packages(recursive) check parameters
[0.393s] Level 1:colcon.colcon_core.package_discovery:discover_packages(ignore) check parameters
[0.393s] Level 1:colcon.colcon_core.package_discovery:discover_packages(path) check parameters
[0.393s] Level 1:colcon.colcon_core.package_discovery:discover_packages(colcon_meta) discover
[0.393s] Level 1:colcon.colcon_core.package_discovery:discover_packages(recursive) discover
[0.393s] INFO:colcon.colcon_core.package_discovery:Crawling recursively for packages in '/home/kcg/copy/idan_driver_ws/idan_driver'
[0.393s] Level 1:colcon.colcon_core.package_identification:_identify(.) by extensions ['ignore', 'ignore_ament_install']
[0.393s] Level 1:colcon.colcon_core.package_identification:_identify(.) by extension 'ignore'
[0.393s] Level 1:colcon.colcon_core.package_identification:_identify(.) by extension 'ignore_ament_install'
[0.393s] Level 1:colcon.colcon_core.package_identification:_identify(.) by extensions ['colcon_pkg']
[0.393s] Level 1:colcon.colcon_core.package_identification:_identify(.) by extension 'colcon_pkg'
[0.393s] Level 1:colcon.colcon_core.package_identification:_identify(.) by extensions ['colcon_meta']
[0.393s] Level 1:colcon.colcon_core.package_identification:_identify(.) by extension 'colcon_meta'
[0.393s] Level 1:colcon.colcon_core.package_identification:_identify(.) by extensions ['ros']
[0.393s] Level 1:colcon.colcon_core.package_identification:_identify(.) by extension 'ros'
[0.408s] DEBUG:colcon.colcon_core.package_identification:Package '.' with type 'ros.ament_cmake' and name 'idan_driver'
[0.408s] Level 1:colcon.colcon_core.package_discovery:discover_packages(recursive) using defaults
[0.408s] Level 1:colcon.colcon_core.package_discovery:discover_packages(ignore) discover
[0.408s] Level 1:colcon.colcon_core.package_discovery:discover_packages(ignore) using defaults
[0.408s] Level 1:colcon.colcon_core.package_discovery:discover_packages(path) discover
[0.408s] Level 1:colcon.colcon_core.package_discovery:discover_packages(path) using defaults
[0.428s] Level 1:colcon.colcon_core.package_discovery:discover_packages(prefix_path) check parameters
[0.428s] Level 1:colcon.colcon_core.package_discovery:discover_packages(prefix_path) discover
[0.435s] DEBUG:colcon.colcon_installed_package_information.package_discovery:Found 257 installed packages in /opt/ros/foxy
[0.436s] Level 1:colcon.colcon_core.package_discovery:discover_packages(prefix_path) using defaults
[0.530s] Level 5:colcon.colcon_core.verb:set package 'idan_driver' build argument 'cmake_args' from command line to 'None'
[0.530s] Level 5:colcon.colcon_core.verb:set package 'idan_driver' build argument 'cmake_target' from command line to 'None'
[0.530s] Level 5:colcon.colcon_core.verb:set package 'idan_driver' build argument 'cmake_target_skip_unavailable' from command line to 'False'
[0.530s] Level 5:colcon.colcon_core.verb:set package 'idan_driver' build argument 'cmake_clean_cache' from command line to 'False'
[0.530s] Level 5:colcon.colcon_core.verb:set package 'idan_driver' build argument 'cmake_clean_first' from command line to 'False'
[0.530s] Level 5:colcon.colcon_core.verb:set package 'idan_driver' build argument 'cmake_force_configure' from command line to 'False'
[0.530s] Level 5:colcon.colcon_core.verb:set package 'idan_driver' build argument 'ament_cmake_args' from command line to 'None'
[0.530s] Level 5:colcon.colcon_core.verb:set package 'idan_driver' build argument 'catkin_cmake_args' from command line to 'None'
[0.530s] Level 5:colcon.colcon_core.verb:set package 'idan_driver' build argument 'catkin_skip_building_tests' from command line to 'False'
[0.530s] DEBUG:colcon.colcon_core.verb:Building package 'idan_driver' with the following arguments: {'ament_cmake_args': None, 'build_base': '/home/kcg/copy/idan_driver_ws/idan_driver/build/idan_driver', 'catkin_cmake_args': None, 'catkin_skip_building_tests': False, 'cmake_args': None, 'cmake_clean_cache': False, 'cmake_clean_first': False, 'cmake_force_configure': False, 'cmake_target': None, 'cmake_target_skip_unavailable': False, 'install_base': '/home/kcg/copy/idan_driver_ws/idan_driver/install/idan_driver', 'merge_install': False, 'path': '/home/kcg/copy/idan_driver_ws/idan_driver', 'symlink_install': False, 'test_result_base': None}
[0.537s] INFO:colcon.colcon_core.executor:Executing jobs using 'parallel' executor
[0.546s] DEBUG:colcon.colcon_parallel_executor.executor.parallel:run_until_complete
[0.546s] INFO:colcon.colcon_ros.task.ament_cmake.build:Building ROS package in '/home/kcg/copy/idan_driver_ws/idan_driver' with build type 'ament_cmake'
[0.546s] INFO:colcon.colcon_cmake.task.cmake.build:Building CMake package in '/home/kcg/copy/idan_driver_ws/idan_driver'
[0.552s] INFO:colcon.colcon_core.plugin_system:Skipping extension 'colcon_core.shell.bat': Not used on non-Windows systems
[0.552s] INFO:colcon.colcon_core.shell:Skip shell extension 'powershell' for command environment: Not usable outside of PowerShell
[0.552s] DEBUG:colcon.colcon_core.shell:Skip shell extension 'dsv' for command environment
[0.563s] DEBUG:colcon.colcon_core.event_handler.log_command:Invoking command in '/home/kcg/copy/idan_driver_ws/idan_driver/build/idan_driver': CMAKE_PREFIX_PATH=/opt/ros/foxy /usr/bin/cmake /home/kcg/copy/idan_driver_ws/idan_driver -DCMAKE_INSTALL_PREFIX=/home/kcg/copy/idan_driver_ws/idan_driver/install/idan_driver
[1.143s] DEBUG:colcon.colcon_core.event_handler.log_command:Invoked command in '/home/kcg/copy/idan_driver_ws/idan_driver/build/idan_driver' returned '1': CMAKE_PREFIX_PATH=/opt/ros/foxy /usr/bin/cmake /home/kcg/copy/idan_driver_ws/idan_driver -DCMAKE_INSTALL_PREFIX=/home/kcg/copy/idan_driver_ws/idan_driver/install/idan_driver
[1.152s] Level 1:colcon.colcon_core.environment:create_environment_scripts_only(idan_driver)
[1.158s] Level 1:colcon.colcon_core.environment:checking '/home/kcg/copy/idan_driver_ws/idan_driver/install/idan_driver' for CMake module files
[1.158s] Level 1:colcon.colcon_core.environment:checking '/home/kcg/copy/idan_driver_ws/idan_driver/install/idan_driver' for CMake config files
[1.158s] Level 1:colcon.colcon_core.environment:checking '/home/kcg/copy/idan_driver_ws/idan_driver/install/idan_driver/bin'
[1.158s] Level 1:colcon.colcon_core.environment:checking '/home/kcg/copy/idan_driver_ws/idan_driver/install/idan_driver/lib/pkgconfig/idan_driver.pc'
[1.159s] Level 1:colcon.colcon_core.environment:checking '/home/kcg/copy/idan_driver_ws/idan_driver/install/idan_driver/lib/python3.8/site-packages'
[1.162s] INFO:colcon.colcon_core.shell:Creating package script '/home/kcg/copy/idan_driver_ws/idan_driver/install/idan_driver/share/idan_driver/package.ps1'
[1.163s] INFO:colcon.colcon_core.shell:Creating package descriptor '/home/kcg/copy/idan_driver_ws/idan_driver/install/idan_driver/share/idan_driver/package.dsv'
[1.163s] INFO:colcon.colcon_core.shell:Creating package script '/home/kcg/copy/idan_driver_ws/idan_driver/install/idan_driver/share/idan_driver/package.sh'
[1.163s] INFO:colcon.colcon_core.shell:Creating package script '/home/kcg/copy/idan_driver_ws/idan_driver/install/idan_driver/share/idan_driver/package.bash'
[1.164s] INFO:colcon.colcon_core.shell:Creating package script '/home/kcg/copy/idan_driver_ws/idan_driver/install/idan_driver/share/idan_driver/package.zsh'
[1.164s] Level 1:colcon.colcon_core.environment:create_file_with_runtime_dependencies(/home/kcg/copy/idan_driver_ws/idan_driver/install/idan_driver/share/colcon-core/packages/idan_driver)
[1.175s] DEBUG:colcon.colcon_parallel_executor.executor.parallel:closing loop
[1.175s] DEBUG:colcon.colcon_parallel_executor.executor.parallel:loop closed
[1.175s] DEBUG:colcon.colcon_parallel_executor.executor.parallel:run_until_complete finished with '1'
[1.175s] DEBUG:colcon.colcon_core.event_reactor:joining thread
[1.181s] INFO:colcon.colcon_core.plugin_system:Skipping extension 'colcon_notification.desktop_notification.terminal_notifier': Not used on non-Darwin systems
[1.181s] INFO:colcon.colcon_core.plugin_system:Skipping extension 'colcon_notification.desktop_notification.win32': Not used on non-Windows systems
[1.181s] INFO:colcon.colcon_notification.desktop_notification:Sending desktop notification using 'notify2'
[1.192s] DEBUG:colcon.colcon_core.event_reactor:joined thread
[1.196s] INFO:colcon.colcon_core.shell:Creating prefix script '/home/kcg/copy/idan_driver_ws/idan_driver/install/local_setup.ps1'
[1.196s] INFO:colcon.colcon_core.shell:Creating prefix util module '/home/kcg/copy/idan_driver_ws/idan_driver/install/_local_setup_util_ps1.py'
[1.197s] INFO:colcon.colcon_core.shell:Creating prefix chain script '/home/kcg/copy/idan_driver_ws/idan_driver/install/setup.ps1'
[1.200s] INFO:colcon.colcon_core.shell:Creating prefix script '/home/kcg/copy/idan_driver_ws/idan_driver/install/local_setup.sh'
[1.201s] INFO:colcon.colcon_core.shell:Creating prefix util module '/home/kcg/copy/idan_driver_ws/idan_driver/install/_local_setup_util_sh.py'
[1.201s] INFO:colcon.colcon_core.shell:Creating prefix chain script '/home/kcg/copy/idan_driver_ws/idan_driver/install/setup.sh'
[1.205s] INFO:colcon.colcon_core.shell:Creating prefix script '/home/kcg/copy/idan_driver_ws/idan_driver/install/local_setup.bash'
[1.206s] INFO:colcon.colcon_core.shell:Creating prefix chain script '/home/kcg/copy/idan_driver_ws/idan_driver/install/setup.bash'
[1.209s] INFO:colcon.colcon_core.shell:Creating prefix script '/home/kcg/copy/idan_driver_ws/idan_driver/install/local_setup.zsh'
[1.209s] INFO:colcon.colcon_core.shell:Creating prefix chain script '/home/kcg/copy/idan_driver_ws/idan_driver/install/setup.zsh'
