[0.458s] Invoking command in '/home/shovals/copy/ROS2Sample/src/python_publisher': AMENT_PREFIX_PATH=/home/shovals/copy/ROS2Sample/src/install/cognata_sdk_ros2:${AMENT_PREFIX_PATH} CMAKE_PREFIX_PATH=/home/shovals/copy/ROS2Sample/src/install/cognata_sdk_ros2 LD_LIBRARY_PATH=/home/shovals/copy/ROS2Sample/src/install/cognata_sdk_ros2/lib:${LD_LIBRARY_PATH} PYTHONPATH=/home/shovals/copy/ROS2Sample/src/install/python_publisher/lib/python3.8/site-packages:/home/shovals/copy/ROS2Sample/src/install/cognata_sdk_ros2/lib/python3.8/site-packages:${PYTHONPATH} /usr/bin/python3 setup.py egg_info --egg-base ../build/python_publisher build --build-base /home/shovals/copy/ROS2Sample/src/build/python_publisher/build install --prefix /home/shovals/copy/ROS2Sample/src/install/python_publisher --record /home/shovals/copy/ROS2Sample/src/build/python_publisher/install.log --single-version-externally-managed
[0.601s] running egg_info
[0.601s] creating ../build/python_publisher/python_publisher.egg-info
[0.601s] writing ../build/python_publisher/python_publisher.egg-info/PKG-INFO
[0.601s] writing dependency_links to ../build/python_publisher/python_publisher.egg-info/dependency_links.txt
[0.601s] writing entry points to ../build/python_publisher/python_publisher.egg-info/entry_points.txt
[0.601s] writing requirements to ../build/python_publisher/python_publisher.egg-info/requires.txt
[0.601s] writing top-level names to ../build/python_publisher/python_publisher.egg-info/top_level.txt
[0.602s] writing manifest file '../build/python_publisher/python_publisher.egg-info/SOURCES.txt'
[0.629s] reading manifest file '../build/python_publisher/python_publisher.egg-info/SOURCES.txt'
[0.629s] writing manifest file '../build/python_publisher/python_publisher.egg-info/SOURCES.txt'
[0.629s] running build
[0.630s] running build_py
[0.630s] creating /home/shovals/copy/ROS2Sample/src/build/python_publisher/build
[0.630s] creating /home/shovals/copy/ROS2Sample/src/build/python_publisher/build/lib
[0.630s] creating /home/shovals/copy/ROS2Sample/src/build/python_publisher/build/lib/python_publisher
[0.630s] copying python_publisher/__init__.py -> /home/shovals/copy/ROS2Sample/src/build/python_publisher/build/lib/python_publisher
[0.630s] copying python_publisher/controllerPID.py -> /home/shovals/copy/ROS2Sample/src/build/python_publisher/build/lib/python_publisher
[0.630s] copying python_publisher/controllerPID_test.py -> /home/shovals/copy/ROS2Sample/src/build/python_publisher/build/lib/python_publisher
[0.630s] copying python_publisher/adaptive_cruise_control.py -> /home/shovals/copy/ROS2Sample/src/build/python_publisher/build/lib/python_publisher
[0.630s] copying python_publisher/steertry.py -> /home/shovals/copy/ROS2Sample/src/build/python_publisher/build/lib/python_publisher
[0.630s] copying python_publisher/record_sub.py -> /home/shovals/copy/ROS2Sample/src/build/python_publisher/build/lib/python_publisher
[0.630s] creating /home/shovals/copy/ROS2Sample/src/build/python_publisher/build/lib/python_publisher/submodules
[0.631s] copying python_publisher/submodules/Pure_Pursuit.py -> /home/shovals/copy/ROS2Sample/src/build/python_publisher/build/lib/python_publisher/submodules
[0.631s] copying python_publisher/submodules/__init__.py -> /home/shovals/copy/ROS2Sample/src/build/python_publisher/build/lib/python_publisher/submodules
[0.631s] running install
[0.631s] running install_lib
[0.632s] creating /home/shovals/copy/ROS2Sample/src/install/python_publisher/lib/python3.8/site-packages/python_publisher
[0.632s] creating /home/shovals/copy/ROS2Sample/src/install/python_publisher/lib/python3.8/site-packages/python_publisher/submodules
[0.632s] copying /home/shovals/copy/ROS2Sample/src/build/python_publisher/build/lib/python_publisher/submodules/Pure_Pursuit.py -> /home/shovals/copy/ROS2Sample/src/install/python_publisher/lib/python3.8/site-packages/python_publisher/submodules
[0.632s] copying /home/shovals/copy/ROS2Sample/src/build/python_publisher/build/lib/python_publisher/submodules/__init__.py -> /home/shovals/copy/ROS2Sample/src/install/python_publisher/lib/python3.8/site-packages/python_publisher/submodules
[0.632s] copying /home/shovals/copy/ROS2Sample/src/build/python_publisher/build/lib/python_publisher/__init__.py -> /home/shovals/copy/ROS2Sample/src/install/python_publisher/lib/python3.8/site-packages/python_publisher
[0.632s] copying /home/shovals/copy/ROS2Sample/src/build/python_publisher/build/lib/python_publisher/controllerPID.py -> /home/shovals/copy/ROS2Sample/src/install/python_publisher/lib/python3.8/site-packages/python_publisher
[0.632s] copying /home/shovals/copy/ROS2Sample/src/build/python_publisher/build/lib/python_publisher/controllerPID_test.py -> /home/shovals/copy/ROS2Sample/src/install/python_publisher/lib/python3.8/site-packages/python_publisher
[0.632s] copying /home/shovals/copy/ROS2Sample/src/build/python_publisher/build/lib/python_publisher/adaptive_cruise_control.py -> /home/shovals/copy/ROS2Sample/src/install/python_publisher/lib/python3.8/site-packages/python_publisher
[0.632s] copying /home/shovals/copy/ROS2Sample/src/build/python_publisher/build/lib/python_publisher/steertry.py -> /home/shovals/copy/ROS2Sample/src/install/python_publisher/lib/python3.8/site-packages/python_publisher
[0.632s] copying /home/shovals/copy/ROS2Sample/src/build/python_publisher/build/lib/python_publisher/record_sub.py -> /home/shovals/copy/ROS2Sample/src/install/python_publisher/lib/python3.8/site-packages/python_publisher
[0.633s] byte-compiling /home/shovals/copy/ROS2Sample/src/install/python_publisher/lib/python3.8/site-packages/python_publisher/submodules/Pure_Pursuit.py to Pure_Pursuit.cpython-38.pyc
[0.634s] byte-compiling /home/shovals/copy/ROS2Sample/src/install/python_publisher/lib/python3.8/site-packages/python_publisher/submodules/__init__.py to __init__.cpython-38.pyc
[0.635s] byte-compiling /home/shovals/copy/ROS2Sample/src/install/python_publisher/lib/python3.8/site-packages/python_publisher/__init__.py to __init__.cpython-38.pyc
[0.635s] byte-compiling /home/shovals/copy/ROS2Sample/src/install/python_publisher/lib/python3.8/site-packages/python_publisher/controllerPID.py to controllerPID.cpython-38.pyc
[0.635s] byte-compiling /home/shovals/copy/ROS2Sample/src/install/python_publisher/lib/python3.8/site-packages/python_publisher/controllerPID_test.py to controllerPID_test.cpython-38.pyc
[0.636s] byte-compiling /home/shovals/copy/ROS2Sample/src/install/python_publisher/lib/python3.8/site-packages/python_publisher/adaptive_cruise_control.py to adaptive_cruise_control.cpython-38.pyc
[0.637s] byte-compiling /home/shovals/copy/ROS2Sample/src/install/python_publisher/lib/python3.8/site-packages/python_publisher/steertry.py to steertry.cpython-38.pyc
[0.638s] byte-compiling /home/shovals/copy/ROS2Sample/src/install/python_publisher/lib/python3.8/site-packages/python_publisher/record_sub.py to record_sub.cpython-38.pyc
[0.638s] running install_data
[0.638s] creating /home/shovals/copy/ROS2Sample/src/install/python_publisher/share/ament_index
[0.638s] creating /home/shovals/copy/ROS2Sample/src/install/python_publisher/share/ament_index/resource_index
[0.639s] creating /home/shovals/copy/ROS2Sample/src/install/python_publisher/share/ament_index/resource_index/packages
[0.639s] copying resource/python_publisher -> /home/shovals/copy/ROS2Sample/src/install/python_publisher/share/ament_index/resource_index/packages
[0.639s] copying package.xml -> /home/shovals/copy/ROS2Sample/src/install/python_publisher/share/python_publisher
[0.639s] running install_egg_info
[0.640s] Copying ../build/python_publisher/python_publisher.egg-info to /home/shovals/copy/ROS2Sample/src/install/python_publisher/lib/python3.8/site-packages/python_publisher-0.0.0-py3.8.egg-info
[0.641s] running install_scripts
[0.653s] Installing acc script to /home/shovals/copy/ROS2Sample/src/install/python_publisher/lib/python_publisher
[0.654s] Installing pid script to /home/shovals/copy/ROS2Sample/src/install/python_publisher/lib/python_publisher
[0.654s] Installing publisher script to /home/shovals/copy/ROS2Sample/src/install/python_publisher/lib/python_publisher
[0.654s] Installing rcc script to /home/shovals/copy/ROS2Sample/src/install/python_publisher/lib/python_publisher
[0.654s] writing list of installed files to '/home/shovals/copy/ROS2Sample/src/build/python_publisher/install.log'
[0.669s] Invoked command in '/home/shovals/copy/ROS2Sample/src/python_publisher' returned '0': AMENT_PREFIX_PATH=/home/shovals/copy/ROS2Sample/src/install/cognata_sdk_ros2:${AMENT_PREFIX_PATH} CMAKE_PREFIX_PATH=/home/shovals/copy/ROS2Sample/src/install/cognata_sdk_ros2 LD_LIBRARY_PATH=/home/shovals/copy/ROS2Sample/src/install/cognata_sdk_ros2/lib:${LD_LIBRARY_PATH} PYTHONPATH=/home/shovals/copy/ROS2Sample/src/install/python_publisher/lib/python3.8/site-packages:/home/shovals/copy/ROS2Sample/src/install/cognata_sdk_ros2/lib/python3.8/site-packages:${PYTHONPATH} /usr/bin/python3 setup.py egg_info --egg-base ../build/python_publisher build --build-base /home/shovals/copy/ROS2Sample/src/build/python_publisher/build install --prefix /home/shovals/copy/ROS2Sample/src/install/python_publisher --record /home/shovals/copy/ROS2Sample/src/build/python_publisher/install.log --single-version-externally-managed
