[0.097s] Invoking command in '/home/kcg/Autonomous_kcg/ROS2Sample/build/tracked_object_msgs': CMAKE_PREFIX_PATH=${CMAKE_PREFIX_PATH}:/home/kcg/Autonomous_kcg/ROS2Sample/install/python_publisher:/opt/ros/foxy /usr/bin/cmake --build /home/kcg/Autonomous_kcg/ROS2Sample/build/tracked_object_msgs -- -j8 -l8
[0.220s] [  2%] Built target tracked_object_msgs__cpp
[0.237s] [ 12%] Built target tracked_object_msgs__rosidl_generator_c
[0.392s] [ 23%] Built target tracked_object_msgs__rosidl_typesupport_introspection_cpp
[0.416s] [ 34%] Built target tracked_object_msgs__rosidl_typesupport_cpp
[0.418s] [ 44%] Built target tracked_object_msgs__rosidl_typesupport_c
[0.431s] [ 55%] Built target tracked_object_msgs__rosidl_typesupport_fastrtps_cpp
[0.451s] [ 65%] Built target tracked_object_msgs__rosidl_typesupport_introspection_c
[0.512s] [ 76%] Built target tracked_object_msgs__rosidl_typesupport_fastrtps_c
[0.570s] [ 76%] Built target tracked_object_msgs
[0.628s] [ 78%] Built target tracked_object_msgs__py
[0.698s] [ 87%] Built target tracked_object_msgs__python
[0.793s] [ 91%] Built target tracked_object_msgs__rosidl_typesupport_introspection_c__pyext
[0.813s] [ 95%] Built target tracked_object_msgs__rosidl_typesupport_fastrtps_c__pyext
[0.815s] [100%] Built target tracked_object_msgs__rosidl_typesupport_c__pyext
[0.850s] Invoked command in '/home/kcg/Autonomous_kcg/ROS2Sample/build/tracked_object_msgs' returned '0': CMAKE_PREFIX_PATH=${CMAKE_PREFIX_PATH}:/home/kcg/Autonomous_kcg/ROS2Sample/install/python_publisher:/opt/ros/foxy /usr/bin/cmake --build /home/kcg/Autonomous_kcg/ROS2Sample/build/tracked_object_msgs -- -j8 -l8
[1.040s] Invoking command in '/home/kcg/Autonomous_kcg/ROS2Sample/build/tracked_object_msgs': CMAKE_PREFIX_PATH=${CMAKE_PREFIX_PATH}:/home/kcg/Autonomous_kcg/ROS2Sample/install/python_publisher:/opt/ros/foxy /usr/bin/cmake --install /home/kcg/Autonomous_kcg/ROS2Sample/build/tracked_object_msgs
[1.053s] -- Install configuration: ""
[1.054s] -- Up-to-date: /home/kcg/Autonomous_kcg/ROS2Sample/install/tracked_object_msgs/share/ament_index/resource_index/rosidl_interfaces/tracked_object_msgs
[1.054s] -- Up-to-date: /home/kcg/Autonomous_kcg/ROS2Sample/install/tracked_object_msgs/include/tracked_object_msgs
[1.054s] -- Up-to-date: /home/kcg/Autonomous_kcg/ROS2Sample/install/tracked_object_msgs/include/tracked_object_msgs/msg
[1.054s] -- Up-to-date: /home/kcg/Autonomous_kcg/ROS2Sample/install/tracked_object_msgs/include/tracked_object_msgs/msg/tracked_object_array.h
[1.055s] -- Up-to-date: /home/kcg/Autonomous_kcg/ROS2Sample/install/tracked_object_msgs/include/tracked_object_msgs/msg/rosidl_generator_c__visibility_control.h
[1.055s] -- Up-to-date: /home/kcg/Autonomous_kcg/ROS2Sample/install/tracked_object_msgs/include/tracked_object_msgs/msg/object_types.h
[1.055s] -- Up-to-date: /home/kcg/Autonomous_kcg/ROS2Sample/install/tracked_object_msgs/include/tracked_object_msgs/msg/tracked_object.h
[1.056s] -- Up-to-date: /home/kcg/Autonomous_kcg/ROS2Sample/install/tracked_object_msgs/include/tracked_object_msgs/msg/detail
[1.056s] -- Up-to-date: /home/kcg/Autonomous_kcg/ROS2Sample/install/tracked_object_msgs/include/tracked_object_msgs/msg/detail/tracked_object_array__functions.c
[1.056s] -- Up-to-date: /home/kcg/Autonomous_kcg/ROS2Sample/install/tracked_object_msgs/include/tracked_object_msgs/msg/detail/tracked_object__functions.c
[1.056s] -- Up-to-date: /home/kcg/Autonomous_kcg/ROS2Sample/install/tracked_object_msgs/include/tracked_object_msgs/msg/detail/object_types__type_support.h
[1.056s] -- Up-to-date: /home/kcg/Autonomous_kcg/ROS2Sample/install/tracked_object_msgs/include/tracked_object_msgs/msg/detail/object_types__functions.h
[1.056s] -- Up-to-date: /home/kcg/Autonomous_kcg/ROS2Sample/install/tracked_object_msgs/include/tracked_object_msgs/msg/detail/tracked_object_array__functions.h
[1.057s] -- Up-to-date: /home/kcg/Autonomous_kcg/ROS2Sample/install/tracked_object_msgs/include/tracked_object_msgs/msg/detail/tracked_object_array__type_support.h
[1.057s] -- Up-to-date: /home/kcg/Autonomous_kcg/ROS2Sample/install/tracked_object_msgs/include/tracked_object_msgs/msg/detail/object_types__struct.h
[1.057s] -- Up-to-date: /home/kcg/Autonomous_kcg/ROS2Sample/install/tracked_object_msgs/include/tracked_object_msgs/msg/detail/object_types__functions.c
[1.057s] -- Up-to-date: /home/kcg/Autonomous_kcg/ROS2Sample/install/tracked_object_msgs/include/tracked_object_msgs/msg/detail/tracked_object__struct.h
[1.058s] -- Up-to-date: /home/kcg/Autonomous_kcg/ROS2Sample/install/tracked_object_msgs/include/tracked_object_msgs/msg/detail/tracked_object__functions.h
[1.058s] -- Up-to-date: /home/kcg/Autonomous_kcg/ROS2Sample/install/tracked_object_msgs/include/tracked_object_msgs/msg/detail/tracked_object__type_support.h
[1.058s] -- Up-to-date: /home/kcg/Autonomous_kcg/ROS2Sample/install/tracked_object_msgs/include/tracked_object_msgs/msg/detail/tracked_object_array__struct.h
[1.058s] -- Up-to-date: /home/kcg/Autonomous_kcg/ROS2Sample/install/tracked_object_msgs/share/tracked_object_msgs/environment/library_path.sh
[1.058s] -- Up-to-date: /home/kcg/Autonomous_kcg/ROS2Sample/install/tracked_object_msgs/share/tracked_object_msgs/environment/library_path.dsv
[1.058s] -- Up-to-date: /home/kcg/Autonomous_kcg/ROS2Sample/install/tracked_object_msgs/lib/libtracked_object_msgs__rosidl_generator_c.so
[1.059s] -- Up-to-date: /home/kcg/Autonomous_kcg/ROS2Sample/install/tracked_object_msgs/include/tracked_object_msgs
[1.059s] -- Up-to-date: /home/kcg/Autonomous_kcg/ROS2Sample/install/tracked_object_msgs/include/tracked_object_msgs/msg
[1.059s] -- Up-to-date: /home/kcg/Autonomous_kcg/ROS2Sample/install/tracked_object_msgs/include/tracked_object_msgs/msg/rosidl_typesupport_fastrtps_c__visibility_control.h
[1.059s] -- Up-to-date: /home/kcg/Autonomous_kcg/ROS2Sample/install/tracked_object_msgs/include/tracked_object_msgs/msg/detail
[1.059s] -- Up-to-date: /home/kcg/Autonomous_kcg/ROS2Sample/install/tracked_object_msgs/include/tracked_object_msgs/msg/detail/tracked_object_array__rosidl_typesupport_fastrtps_c.h
[1.059s] -- Up-to-date: /home/kcg/Autonomous_kcg/ROS2Sample/install/tracked_object_msgs/include/tracked_object_msgs/msg/detail/object_types__rosidl_typesupport_fastrtps_c.h
[1.059s] -- Up-to-date: /home/kcg/Autonomous_kcg/ROS2Sample/install/tracked_object_msgs/include/tracked_object_msgs/msg/detail/tracked_object__rosidl_typesupport_fastrtps_c.h
[1.060s] -- Up-to-date: /home/kcg/Autonomous_kcg/ROS2Sample/install/tracked_object_msgs/lib/libtracked_object_msgs__rosidl_typesupport_fastrtps_c.so
[1.060s] -- Up-to-date: /home/kcg/Autonomous_kcg/ROS2Sample/install/tracked_object_msgs/include/tracked_object_msgs
[1.060s] -- Up-to-date: /home/kcg/Autonomous_kcg/ROS2Sample/install/tracked_object_msgs/include/tracked_object_msgs/msg
[1.060s] -- Up-to-date: /home/kcg/Autonomous_kcg/ROS2Sample/install/tracked_object_msgs/include/tracked_object_msgs/msg/detail
[1.060s] -- Up-to-date: /home/kcg/Autonomous_kcg/ROS2Sample/install/tracked_object_msgs/include/tracked_object_msgs/msg/detail/object_types__rosidl_typesupport_fastrtps_cpp.hpp
[1.061s] -- Up-to-date: /home/kcg/Autonomous_kcg/ROS2Sample/install/tracked_object_msgs/include/tracked_object_msgs/msg/detail/dds_fastrtps
[1.061s] -- Up-to-date: /home/kcg/Autonomous_kcg/ROS2Sample/install/tracked_object_msgs/include/tracked_object_msgs/msg/detail/tracked_object_array__rosidl_typesupport_fastrtps_cpp.hpp
[1.061s] -- Up-to-date: /home/kcg/Autonomous_kcg/ROS2Sample/install/tracked_object_msgs/include/tracked_object_msgs/msg/detail/tracked_object__rosidl_typesupport_fastrtps_cpp.hpp
[1.061s] -- Up-to-date: /home/kcg/Autonomous_kcg/ROS2Sample/install/tracked_object_msgs/include/tracked_object_msgs/msg/rosidl_typesupport_fastrtps_cpp__visibility_control.h
[1.061s] -- Up-to-date: /home/kcg/Autonomous_kcg/ROS2Sample/install/tracked_object_msgs/lib/libtracked_object_msgs__rosidl_typesupport_fastrtps_cpp.so
[1.061s] -- Up-to-date: /home/kcg/Autonomous_kcg/ROS2Sample/install/tracked_object_msgs/include/tracked_object_msgs
[1.061s] -- Up-to-date: /home/kcg/Autonomous_kcg/ROS2Sample/install/tracked_object_msgs/include/tracked_object_msgs/msg
[1.062s] -- Up-to-date: /home/kcg/Autonomous_kcg/ROS2Sample/install/tracked_object_msgs/include/tracked_object_msgs/msg/rosidl_typesupport_introspection_c__visibility_control.h
[1.062s] -- Up-to-date: /home/kcg/Autonomous_kcg/ROS2Sample/install/tracked_object_msgs/include/tracked_object_msgs/msg/detail
[1.062s] -- Up-to-date: /home/kcg/Autonomous_kcg/ROS2Sample/install/tracked_object_msgs/include/tracked_object_msgs/msg/detail/tracked_object__type_support.c
[1.062s] -- Up-to-date: /home/kcg/Autonomous_kcg/ROS2Sample/install/tracked_object_msgs/include/tracked_object_msgs/msg/detail/object_types__type_support.c
[1.062s] -- Up-to-date: /home/kcg/Autonomous_kcg/ROS2Sample/install/tracked_object_msgs/include/tracked_object_msgs/msg/detail/tracked_object__rosidl_typesupport_introspection_c.h
[1.062s] -- Up-to-date: /home/kcg/Autonomous_kcg/ROS2Sample/install/tracked_object_msgs/include/tracked_object_msgs/msg/detail/tracked_object_array__rosidl_typesupport_introspection_c.h
[1.062s] -- Up-to-date: /home/kcg/Autonomous_kcg/ROS2Sample/install/tracked_object_msgs/include/tracked_object_msgs/msg/detail/tracked_object_array__type_support.c
[1.063s] -- Up-to-date: /home/kcg/Autonomous_kcg/ROS2Sample/install/tracked_object_msgs/include/tracked_object_msgs/msg/detail/object_types__rosidl_typesupport_introspection_c.h
[1.063s] -- Up-to-date: /home/kcg/Autonomous_kcg/ROS2Sample/install/tracked_object_msgs/lib/libtracked_object_msgs__rosidl_typesupport_introspection_c.so
[1.063s] -- Up-to-date: /home/kcg/Autonomous_kcg/ROS2Sample/install/tracked_object_msgs/lib/libtracked_object_msgs__rosidl_typesupport_c.so
[1.064s] -- Up-to-date: /home/kcg/Autonomous_kcg/ROS2Sample/install/tracked_object_msgs/include/tracked_object_msgs
[1.064s] -- Up-to-date: /home/kcg/Autonomous_kcg/ROS2Sample/install/tracked_object_msgs/include/tracked_object_msgs/msg
[1.064s] -- Up-to-date: /home/kcg/Autonomous_kcg/ROS2Sample/install/tracked_object_msgs/include/tracked_object_msgs/msg/tracked_object_array.hpp
[1.064s] -- Up-to-date: /home/kcg/Autonomous_kcg/ROS2Sample/install/tracked_object_msgs/include/tracked_object_msgs/msg/tracked_object.hpp
[1.065s] -- Up-to-date: /home/kcg/Autonomous_kcg/ROS2Sample/install/tracked_object_msgs/include/tracked_object_msgs/msg/object_types.hpp
[1.065s] -- Up-to-date: /home/kcg/Autonomous_kcg/ROS2Sample/install/tracked_object_msgs/include/tracked_object_msgs/msg/detail
[1.065s] -- Up-to-date: /home/kcg/Autonomous_kcg/ROS2Sample/install/tracked_object_msgs/include/tracked_object_msgs/msg/detail/object_types__struct.hpp
[1.065s] -- Up-to-date: /home/kcg/Autonomous_kcg/ROS2Sample/install/tracked_object_msgs/include/tracked_object_msgs/msg/detail/tracked_object_array__traits.hpp
[1.065s] -- Up-to-date: /home/kcg/Autonomous_kcg/ROS2Sample/install/tracked_object_msgs/include/tracked_object_msgs/msg/detail/tracked_object_array__struct.hpp
[1.066s] -- Up-to-date: /home/kcg/Autonomous_kcg/ROS2Sample/install/tracked_object_msgs/include/tracked_object_msgs/msg/detail/object_types__traits.hpp
[1.067s] -- Up-to-date: /home/kcg/Autonomous_kcg/ROS2Sample/install/tracked_object_msgs/include/tracked_object_msgs/msg/detail/object_types__builder.hpp
[1.068s] -- Up-to-date: /home/kcg/Autonomous_kcg/ROS2Sample/install/tracked_object_msgs/include/tracked_object_msgs/msg/detail/tracked_object__traits.hpp
[1.068s] -- Up-to-date: /home/kcg/Autonomous_kcg/ROS2Sample/install/tracked_object_msgs/include/tracked_object_msgs/msg/detail/tracked_object__struct.hpp
[1.068s] -- Up-to-date: /home/kcg/Autonomous_kcg/ROS2Sample/install/tracked_object_msgs/include/tracked_object_msgs/msg/detail/tracked_object__builder.hpp
[1.068s] -- Up-to-date: /home/kcg/Autonomous_kcg/ROS2Sample/install/tracked_object_msgs/include/tracked_object_msgs/msg/detail/tracked_object_array__builder.hpp
[1.068s] -- Up-to-date: /home/kcg/Autonomous_kcg/ROS2Sample/install/tracked_object_msgs/include/tracked_object_msgs
[1.069s] -- Up-to-date: /home/kcg/Autonomous_kcg/ROS2Sample/install/tracked_object_msgs/include/tracked_object_msgs/msg
[1.069s] -- Up-to-date: /home/kcg/Autonomous_kcg/ROS2Sample/install/tracked_object_msgs/include/tracked_object_msgs/msg/detail
[1.069s] -- Up-to-date: /home/kcg/Autonomous_kcg/ROS2Sample/install/tracked_object_msgs/include/tracked_object_msgs/msg/detail/tracked_object__type_support.cpp
[1.069s] -- Up-to-date: /home/kcg/Autonomous_kcg/ROS2Sample/install/tracked_object_msgs/include/tracked_object_msgs/msg/detail/tracked_object_array__rosidl_typesupport_introspection_cpp.hpp
[1.069s] -- Up-to-date: /home/kcg/Autonomous_kcg/ROS2Sample/install/tracked_object_msgs/include/tracked_object_msgs/msg/detail/tracked_object_array__type_support.cpp
[1.069s] -- Up-to-date: /home/kcg/Autonomous_kcg/ROS2Sample/install/tracked_object_msgs/include/tracked_object_msgs/msg/detail/object_types__rosidl_typesupport_introspection_cpp.hpp
[1.069s] -- Up-to-date: /home/kcg/Autonomous_kcg/ROS2Sample/install/tracked_object_msgs/include/tracked_object_msgs/msg/detail/object_types__type_support.cpp
[1.069s] -- Up-to-date: /home/kcg/Autonomous_kcg/ROS2Sample/install/tracked_object_msgs/include/tracked_object_msgs/msg/detail/tracked_object__rosidl_typesupport_introspection_cpp.hpp
[1.069s] -- Up-to-date: /home/kcg/Autonomous_kcg/ROS2Sample/install/tracked_object_msgs/lib/libtracked_object_msgs__rosidl_typesupport_introspection_cpp.so
[1.069s] -- Up-to-date: /home/kcg/Autonomous_kcg/ROS2Sample/install/tracked_object_msgs/lib/libtracked_object_msgs__rosidl_typesupport_cpp.so
[1.070s] -- Up-to-date: /home/kcg/Autonomous_kcg/ROS2Sample/install/tracked_object_msgs/share/tracked_object_msgs/environment/pythonpath.sh
[1.070s] -- Up-to-date: /home/kcg/Autonomous_kcg/ROS2Sample/install/tracked_object_msgs/share/tracked_object_msgs/environment/pythonpath.dsv
[1.070s] -- Up-to-date: /home/kcg/Autonomous_kcg/ROS2Sample/install/tracked_object_msgs/lib/python3.8/site-packages/tracked_object_msgs/__init__.py
[1.151s] -- Up-to-date: /home/kcg/Autonomous_kcg/ROS2Sample/install/tracked_object_msgs/lib/python3.8/site-packages/tracked_object_msgs/msg
[1.152s] -- Up-to-date: /home/kcg/Autonomous_kcg/ROS2Sample/install/tracked_object_msgs/lib/python3.8/site-packages/tracked_object_msgs/msg/_tracked_object_array_s.c
[1.152s] -- Up-to-date: /home/kcg/Autonomous_kcg/ROS2Sample/install/tracked_object_msgs/lib/python3.8/site-packages/tracked_object_msgs/msg/_object_types.py
[1.152s] -- Up-to-date: /home/kcg/Autonomous_kcg/ROS2Sample/install/tracked_object_msgs/lib/python3.8/site-packages/tracked_object_msgs/msg/_tracked_object.py
[1.152s] -- Up-to-date: /home/kcg/Autonomous_kcg/ROS2Sample/install/tracked_object_msgs/lib/python3.8/site-packages/tracked_object_msgs/msg/_object_types_s.c
[1.152s] -- Up-to-date: /home/kcg/Autonomous_kcg/ROS2Sample/install/tracked_object_msgs/lib/python3.8/site-packages/tracked_object_msgs/msg/_tracked_object_s.c
[1.153s] -- Up-to-date: /home/kcg/Autonomous_kcg/ROS2Sample/install/tracked_object_msgs/lib/python3.8/site-packages/tracked_object_msgs/msg/__init__.py
[1.153s] -- Up-to-date: /home/kcg/Autonomous_kcg/ROS2Sample/install/tracked_object_msgs/lib/python3.8/site-packages/tracked_object_msgs/msg/_tracked_object_array.py
[1.153s] -- Up-to-date: /home/kcg/Autonomous_kcg/ROS2Sample/install/tracked_object_msgs/lib/python3.8/site-packages/tracked_object_msgs/tracked_object_msgs_s__rosidl_typesupport_fastrtps_c.cpython-38-x86_64-linux-gnu.so
[1.153s] -- Up-to-date: /home/kcg/Autonomous_kcg/ROS2Sample/install/tracked_object_msgs/lib/python3.8/site-packages/tracked_object_msgs/tracked_object_msgs_s__rosidl_typesupport_introspection_c.cpython-38-x86_64-linux-gnu.so
[1.158s] -- Up-to-date: /home/kcg/Autonomous_kcg/ROS2Sample/install/tracked_object_msgs/lib/python3.8/site-packages/tracked_object_msgs/tracked_object_msgs_s__rosidl_typesupport_c.cpython-38-x86_64-linux-gnu.so
[1.159s] -- Up-to-date: /home/kcg/Autonomous_kcg/ROS2Sample/install/tracked_object_msgs/lib/libtracked_object_msgs__python.so
[1.160s] -- Up-to-date: /home/kcg/Autonomous_kcg/ROS2Sample/install/tracked_object_msgs/share/tracked_object_msgs/msg/ObjectTypes.idl
[1.161s] -- Up-to-date: /home/kcg/Autonomous_kcg/ROS2Sample/install/tracked_object_msgs/share/tracked_object_msgs/msg/TrackedObject.idl
[1.162s] -- Up-to-date: /home/kcg/Autonomous_kcg/ROS2Sample/install/tracked_object_msgs/share/tracked_object_msgs/msg/TrackedObjectArray.idl
[1.162s] -- Up-to-date: /home/kcg/Autonomous_kcg/ROS2Sample/install/tracked_object_msgs/share/tracked_object_msgs/msg/ObjectTypes.msg
[1.162s] -- Up-to-date: /home/kcg/Autonomous_kcg/ROS2Sample/install/tracked_object_msgs/share/tracked_object_msgs/msg/TrackedObject.msg
[1.162s] -- Up-to-date: /home/kcg/Autonomous_kcg/ROS2Sample/install/tracked_object_msgs/share/tracked_object_msgs/msg/TrackedObjectArray.msg
[1.162s] -- Up-to-date: /home/kcg/Autonomous_kcg/ROS2Sample/install/tracked_object_msgs/share/ament_index/resource_index/package_run_dependencies/tracked_object_msgs
[1.163s] -- Up-to-date: /home/kcg/Autonomous_kcg/ROS2Sample/install/tracked_object_msgs/share/ament_index/resource_index/parent_prefix_path/tracked_object_msgs
[1.163s] -- Up-to-date: /home/kcg/Autonomous_kcg/ROS2Sample/install/tracked_object_msgs/share/tracked_object_msgs/environment/ament_prefix_path.sh
[1.163s] -- Up-to-date: /home/kcg/Autonomous_kcg/ROS2Sample/install/tracked_object_msgs/share/tracked_object_msgs/environment/ament_prefix_path.dsv
[1.163s] -- Up-to-date: /home/kcg/Autonomous_kcg/ROS2Sample/install/tracked_object_msgs/share/tracked_object_msgs/environment/path.sh
[1.163s] -- Up-to-date: /home/kcg/Autonomous_kcg/ROS2Sample/install/tracked_object_msgs/share/tracked_object_msgs/environment/path.dsv
[1.164s] -- Up-to-date: /home/kcg/Autonomous_kcg/ROS2Sample/install/tracked_object_msgs/share/tracked_object_msgs/local_setup.bash
[1.164s] -- Up-to-date: /home/kcg/Autonomous_kcg/ROS2Sample/install/tracked_object_msgs/share/tracked_object_msgs/local_setup.sh
[1.164s] -- Up-to-date: /home/kcg/Autonomous_kcg/ROS2Sample/install/tracked_object_msgs/share/tracked_object_msgs/local_setup.zsh
[1.164s] -- Up-to-date: /home/kcg/Autonomous_kcg/ROS2Sample/install/tracked_object_msgs/share/tracked_object_msgs/local_setup.dsv
[1.164s] -- Installing: /home/kcg/Autonomous_kcg/ROS2Sample/install/tracked_object_msgs/share/tracked_object_msgs/package.dsv
[1.164s] -- Up-to-date: /home/kcg/Autonomous_kcg/ROS2Sample/install/tracked_object_msgs/share/ament_index/resource_index/packages/tracked_object_msgs
[1.165s] -- Up-to-date: /home/kcg/Autonomous_kcg/ROS2Sample/install/tracked_object_msgs/share/tracked_object_msgs/cmake/tracked_object_msgs__rosidl_generator_cExport.cmake
[1.165s] -- Up-to-date: /home/kcg/Autonomous_kcg/ROS2Sample/install/tracked_object_msgs/share/tracked_object_msgs/cmake/tracked_object_msgs__rosidl_generator_cExport-noconfig.cmake
[1.165s] -- Up-to-date: /home/kcg/Autonomous_kcg/ROS2Sample/install/tracked_object_msgs/share/tracked_object_msgs/cmake/tracked_object_msgs__rosidl_typesupport_introspection_cExport.cmake
[1.165s] -- Up-to-date: /home/kcg/Autonomous_kcg/ROS2Sample/install/tracked_object_msgs/share/tracked_object_msgs/cmake/tracked_object_msgs__rosidl_typesupport_introspection_cExport-noconfig.cmake
[1.166s] -- Up-to-date: /home/kcg/Autonomous_kcg/ROS2Sample/install/tracked_object_msgs/share/tracked_object_msgs/cmake/tracked_object_msgs__rosidl_typesupport_cExport.cmake
[1.166s] -- Up-to-date: /home/kcg/Autonomous_kcg/ROS2Sample/install/tracked_object_msgs/share/tracked_object_msgs/cmake/tracked_object_msgs__rosidl_typesupport_cExport-noconfig.cmake
[1.167s] -- Up-to-date: /home/kcg/Autonomous_kcg/ROS2Sample/install/tracked_object_msgs/share/tracked_object_msgs/cmake/tracked_object_msgs__rosidl_generator_cppExport.cmake
[1.167s] -- Up-to-date: /home/kcg/Autonomous_kcg/ROS2Sample/install/tracked_object_msgs/share/tracked_object_msgs/cmake/tracked_object_msgs__rosidl_typesupport_introspection_cppExport.cmake
[1.167s] -- Up-to-date: /home/kcg/Autonomous_kcg/ROS2Sample/install/tracked_object_msgs/share/tracked_object_msgs/cmake/tracked_object_msgs__rosidl_typesupport_introspection_cppExport-noconfig.cmake
[1.168s] -- Up-to-date: /home/kcg/Autonomous_kcg/ROS2Sample/install/tracked_object_msgs/share/tracked_object_msgs/cmake/tracked_object_msgs__rosidl_typesupport_cppExport.cmake
[1.169s] -- Up-to-date: /home/kcg/Autonomous_kcg/ROS2Sample/install/tracked_object_msgs/share/tracked_object_msgs/cmake/tracked_object_msgs__rosidl_typesupport_cppExport-noconfig.cmake
[1.169s] -- Up-to-date: /home/kcg/Autonomous_kcg/ROS2Sample/install/tracked_object_msgs/share/tracked_object_msgs/cmake/rosidl_cmake-extras.cmake
[1.169s] -- Up-to-date: /home/kcg/Autonomous_kcg/ROS2Sample/install/tracked_object_msgs/share/tracked_object_msgs/cmake/ament_cmake_export_dependencies-extras.cmake
[1.169s] -- Up-to-date: /home/kcg/Autonomous_kcg/ROS2Sample/install/tracked_object_msgs/share/tracked_object_msgs/cmake/ament_cmake_export_libraries-extras.cmake
[1.169s] -- Up-to-date: /home/kcg/Autonomous_kcg/ROS2Sample/install/tracked_object_msgs/share/tracked_object_msgs/cmake/ament_cmake_export_targets-extras.cmake
[1.169s] -- Up-to-date: /home/kcg/Autonomous_kcg/ROS2Sample/install/tracked_object_msgs/share/tracked_object_msgs/cmake/ament_cmake_export_include_directories-extras.cmake
[1.170s] -- Up-to-date: /home/kcg/Autonomous_kcg/ROS2Sample/install/tracked_object_msgs/share/tracked_object_msgs/cmake/rosidl_cmake_export_typesupport_libraries-extras.cmake
[1.170s] -- Up-to-date: /home/kcg/Autonomous_kcg/ROS2Sample/install/tracked_object_msgs/share/tracked_object_msgs/cmake/rosidl_cmake_export_typesupport_targets-extras.cmake
[1.170s] -- Up-to-date: /home/kcg/Autonomous_kcg/ROS2Sample/install/tracked_object_msgs/share/tracked_object_msgs/cmake/tracked_object_msgsConfig.cmake
[1.170s] -- Up-to-date: /home/kcg/Autonomous_kcg/ROS2Sample/install/tracked_object_msgs/share/tracked_object_msgs/cmake/tracked_object_msgsConfig-version.cmake
[1.170s] -- Up-to-date: /home/kcg/Autonomous_kcg/ROS2Sample/install/tracked_object_msgs/share/tracked_object_msgs/package.xml
[1.236s] Invoked command in '/home/kcg/Autonomous_kcg/ROS2Sample/build/tracked_object_msgs' returned '0': CMAKE_PREFIX_PATH=${CMAKE_PREFIX_PATH}:/home/kcg/Autonomous_kcg/ROS2Sample/install/python_publisher:/opt/ros/foxy /usr/bin/cmake --install /home/kcg/Autonomous_kcg/ROS2Sample/build/tracked_object_msgs
