[0.666s] Invoking command in '/home/kcg/copy/ROS2Sample/src/python_publisher': PYTHONPATH=/home/kcg/copy/ROS2Sample/src/install/python_publisher/lib/python3.8/site-packages:/home/kcg/copy/ROS2Sample/src/install/cognata_sdk_ros2/lib/python3.8/site-packages:/home/kcg/copy/ROS2Sample/src/install/python_publisher/lib/python3.8/site-packages:/opt/ros/foxy/lib/python3.8/site-packages /usr/bin/python3 setup.py egg_info --egg-base ../build/python_publisher build --build-base /home/kcg/copy/ROS2Sample/src/build/python_publisher/build install --prefix /home/kcg/copy/ROS2Sample/src/install/python_publisher --record /home/kcg/copy/ROS2Sample/src/build/python_publisher/install.log --single-version-externally-managed
[0.881s] running egg_info
[0.882s] writing ../build/python_publisher/python_publisher.egg-info/PKG-INFO
[0.882s] writing dependency_links to ../build/python_publisher/python_publisher.egg-info/dependency_links.txt
[0.882s] writing entry points to ../build/python_publisher/python_publisher.egg-info/entry_points.txt
[0.883s] writing requirements to ../build/python_publisher/python_publisher.egg-info/requires.txt
[0.883s] writing top-level names to ../build/python_publisher/python_publisher.egg-info/top_level.txt
[0.908s] reading manifest file '../build/python_publisher/python_publisher.egg-info/SOURCES.txt'
[0.909s] writing manifest file '../build/python_publisher/python_publisher.egg-info/SOURCES.txt'
[0.910s] running build
[0.910s] running build_py
[0.910s] copying python_publisher/adaptive_cruise_control.py -> /home/kcg/copy/ROS2Sample/src/build/python_publisher/build/lib/python_publisher
[0.910s] running install
[0.911s] running install_lib
[0.911s] copying /home/kcg/copy/ROS2Sample/src/build/python_publisher/build/lib/python_publisher/adaptive_cruise_control.py -> /home/kcg/copy/ROS2Sample/src/install/python_publisher/lib/python3.8/site-packages/python_publisher
[0.912s] byte-compiling /home/kcg/copy/ROS2Sample/src/install/python_publisher/lib/python3.8/site-packages/python_publisher/adaptive_cruise_control.py to adaptive_cruise_control.cpython-38.pyc
[0.914s] running install_data
[0.914s] running install_egg_info
[0.915s] removing '/home/kcg/copy/ROS2Sample/src/install/python_publisher/lib/python3.8/site-packages/python_publisher-0.0.0-py3.8.egg-info' (and everything under it)
[0.915s] Copying ../build/python_publisher/python_publisher.egg-info to /home/kcg/copy/ROS2Sample/src/install/python_publisher/lib/python3.8/site-packages/python_publisher-0.0.0-py3.8.egg-info
[0.918s] running install_scripts
[0.929s] Installing acc script to /home/kcg/copy/ROS2Sample/src/install/python_publisher/lib/python_publisher
[0.929s] Installing pid script to /home/kcg/copy/ROS2Sample/src/install/python_publisher/lib/python_publisher
[0.929s] Installing publisher script to /home/kcg/copy/ROS2Sample/src/install/python_publisher/lib/python_publisher
[0.929s] Installing rcc script to /home/kcg/copy/ROS2Sample/src/install/python_publisher/lib/python_publisher
[0.930s] writing list of installed files to '/home/kcg/copy/ROS2Sample/src/build/python_publisher/install.log'
[0.947s] Invoked command in '/home/kcg/copy/ROS2Sample/src/python_publisher' returned '0': PYTHONPATH=/home/kcg/copy/ROS2Sample/src/install/python_publisher/lib/python3.8/site-packages:/home/kcg/copy/ROS2Sample/src/install/cognata_sdk_ros2/lib/python3.8/site-packages:/home/kcg/copy/ROS2Sample/src/install/python_publisher/lib/python3.8/site-packages:/opt/ros/foxy/lib/python3.8/site-packages /usr/bin/python3 setup.py egg_info --egg-base ../build/python_publisher build --build-base /home/kcg/copy/ROS2Sample/src/build/python_publisher/build install --prefix /home/kcg/copy/ROS2Sample/src/install/python_publisher --record /home/kcg/copy/ROS2Sample/src/build/python_publisher/install.log --single-version-externally-managed
