[0.015s] Invoking command in '/home/kcg/AlonBarak-Joy/ros2_ws/build/ros_g29_force_feedback': CMAKE_PREFIX_PATH=/opt/ros/foxy /usr/bin/cmake --build /home/kcg/AlonBarak-Joy/ros2_ws/build/ros_g29_force_feedback -- -j20 -l20
[0.044s] [  3%] Built target ros_g29_force_feedback__cpp
[0.046s] [ 12%] Built target ros_g29_force_feedback__rosidl_generator_c
[0.058s] [ 21%] Built target ros_g29_force_feedback__rosidl_typesupport_cpp
[0.058s] [ 30%] Built target ros_g29_force_feedback__rosidl_typesupport_introspection_cpp
[0.059s] [ 39%] Built target ros_g29_force_feedback__rosidl_typesupport_c
[0.059s] [ 48%] Built target ros_g29_force_feedback__rosidl_typesupport_introspection_c
[0.060s] [ 57%] Built target ros_g29_force_feedback__rosidl_typesupport_fastrtps_cpp
[0.075s] [ 66%] Built target ros_g29_force_feedback__rosidl_typesupport_fastrtps_c
[0.087s] [ 66%] Built target ros_g29_force_feedback
[0.094s] [35m[1mScanning dependencies of target g29_force_feedback[0m
[0.100s] [ 69%] Built target ros_g29_force_feedback__py
[0.110s] [ 72%] [32mBuilding CXX object CMakeFiles/g29_force_feedback.dir/src/g29_force_feedback.cpp.o[0m
[0.117s] [ 78%] Built target ros_g29_force_feedback__python
[0.133s] [ 96%] Built target ros_g29_force_feedback__rosidl_typesupport_introspection_c__pyext
[0.133s] [ 96%] Built target ros_g29_force_feedback__rosidl_typesupport_fastrtps_c__pyext
[0.133s] [ 96%] Built target ros_g29_force_feedback__rosidl_typesupport_c__pyext
[3.167s] [100%] [32m[1mLinking CXX executable g29_force_feedback[0m
[3.293s] [100%] Built target g29_force_feedback
[3.300s] Invoked command in '/home/kcg/AlonBarak-Joy/ros2_ws/build/ros_g29_force_feedback' returned '0': CMAKE_PREFIX_PATH=/opt/ros/foxy /usr/bin/cmake --build /home/kcg/AlonBarak-Joy/ros2_ws/build/ros_g29_force_feedback -- -j20 -l20
[3.333s] Invoking command in '/home/kcg/AlonBarak-Joy/ros2_ws/build/ros_g29_force_feedback': CMAKE_PREFIX_PATH=/opt/ros/foxy /usr/bin/cmake --install /home/kcg/AlonBarak-Joy/ros2_ws/build/ros_g29_force_feedback
[3.338s] -- Install configuration: ""
[3.338s] -- Up-to-date: /home/kcg/AlonBarak-Joy/ros2_ws/install/ros_g29_force_feedback/share/ament_index/resource_index/rosidl_interfaces/ros_g29_force_feedback
[3.338s] -- Up-to-date: /home/kcg/AlonBarak-Joy/ros2_ws/install/ros_g29_force_feedback/include/ros_g29_force_feedback
[3.338s] -- Up-to-date: /home/kcg/AlonBarak-Joy/ros2_ws/install/ros_g29_force_feedback/include/ros_g29_force_feedback/msg
[3.338s] -- Up-to-date: /home/kcg/AlonBarak-Joy/ros2_ws/install/ros_g29_force_feedback/include/ros_g29_force_feedback/msg/rosidl_generator_c__visibility_control.h
[3.338s] -- Up-to-date: /home/kcg/AlonBarak-Joy/ros2_ws/install/ros_g29_force_feedback/include/ros_g29_force_feedback/msg/force_feedback.h
[3.338s] -- Up-to-date: /home/kcg/AlonBarak-Joy/ros2_ws/install/ros_g29_force_feedback/include/ros_g29_force_feedback/msg/detail
[3.338s] -- Up-to-date: /home/kcg/AlonBarak-Joy/ros2_ws/install/ros_g29_force_feedback/include/ros_g29_force_feedback/msg/detail/force_feedback__functions.h
[3.338s] -- Up-to-date: /home/kcg/AlonBarak-Joy/ros2_ws/install/ros_g29_force_feedback/include/ros_g29_force_feedback/msg/detail/force_feedback__struct.h
[3.338s] -- Up-to-date: /home/kcg/AlonBarak-Joy/ros2_ws/install/ros_g29_force_feedback/include/ros_g29_force_feedback/msg/detail/force_feedback__type_support.h
[3.339s] -- Up-to-date: /home/kcg/AlonBarak-Joy/ros2_ws/install/ros_g29_force_feedback/include/ros_g29_force_feedback/msg/detail/force_feedback__functions.c
[3.339s] -- Up-to-date: /home/kcg/AlonBarak-Joy/ros2_ws/install/ros_g29_force_feedback/share/ros_g29_force_feedback/environment/library_path.sh
[3.339s] -- Up-to-date: /home/kcg/AlonBarak-Joy/ros2_ws/install/ros_g29_force_feedback/share/ros_g29_force_feedback/environment/library_path.dsv
[3.339s] -- Up-to-date: /home/kcg/AlonBarak-Joy/ros2_ws/install/ros_g29_force_feedback/lib/libros_g29_force_feedback__rosidl_generator_c.so
[3.339s] -- Up-to-date: /home/kcg/AlonBarak-Joy/ros2_ws/install/ros_g29_force_feedback/include/ros_g29_force_feedback
[3.339s] -- Up-to-date: /home/kcg/AlonBarak-Joy/ros2_ws/install/ros_g29_force_feedback/include/ros_g29_force_feedback/msg
[3.339s] -- Up-to-date: /home/kcg/AlonBarak-Joy/ros2_ws/install/ros_g29_force_feedback/include/ros_g29_force_feedback/msg/rosidl_typesupport_fastrtps_c__visibility_control.h
[3.339s] -- Up-to-date: /home/kcg/AlonBarak-Joy/ros2_ws/install/ros_g29_force_feedback/include/ros_g29_force_feedback/msg/detail
[3.339s] -- Up-to-date: /home/kcg/AlonBarak-Joy/ros2_ws/install/ros_g29_force_feedback/include/ros_g29_force_feedback/msg/detail/force_feedback__rosidl_typesupport_fastrtps_c.h
[3.339s] -- Up-to-date: /home/kcg/AlonBarak-Joy/ros2_ws/install/ros_g29_force_feedback/lib/libros_g29_force_feedback__rosidl_typesupport_fastrtps_c.so
[3.339s] -- Up-to-date: /home/kcg/AlonBarak-Joy/ros2_ws/install/ros_g29_force_feedback/include/ros_g29_force_feedback
[3.339s] -- Up-to-date: /home/kcg/AlonBarak-Joy/ros2_ws/install/ros_g29_force_feedback/include/ros_g29_force_feedback/msg
[3.339s] -- Up-to-date: /home/kcg/AlonBarak-Joy/ros2_ws/install/ros_g29_force_feedback/include/ros_g29_force_feedback/msg/rosidl_typesupport_fastrtps_cpp__visibility_control.h
[3.339s] -- Up-to-date: /home/kcg/AlonBarak-Joy/ros2_ws/install/ros_g29_force_feedback/include/ros_g29_force_feedback/msg/detail
[3.339s] -- Up-to-date: /home/kcg/AlonBarak-Joy/ros2_ws/install/ros_g29_force_feedback/include/ros_g29_force_feedback/msg/detail/dds_fastrtps
[3.339s] -- Up-to-date: /home/kcg/AlonBarak-Joy/ros2_ws/install/ros_g29_force_feedback/include/ros_g29_force_feedback/msg/detail/force_feedback__rosidl_typesupport_fastrtps_cpp.hpp
[3.340s] -- Up-to-date: /home/kcg/AlonBarak-Joy/ros2_ws/install/ros_g29_force_feedback/lib/libros_g29_force_feedback__rosidl_typesupport_fastrtps_cpp.so
[3.340s] -- Up-to-date: /home/kcg/AlonBarak-Joy/ros2_ws/install/ros_g29_force_feedback/include/ros_g29_force_feedback
[3.340s] -- Up-to-date: /home/kcg/AlonBarak-Joy/ros2_ws/install/ros_g29_force_feedback/include/ros_g29_force_feedback/msg
[3.340s] -- Up-to-date: /home/kcg/AlonBarak-Joy/ros2_ws/install/ros_g29_force_feedback/include/ros_g29_force_feedback/msg/rosidl_typesupport_introspection_c__visibility_control.h
[3.340s] -- Up-to-date: /home/kcg/AlonBarak-Joy/ros2_ws/install/ros_g29_force_feedback/include/ros_g29_force_feedback/msg/detail
[3.340s] -- Up-to-date: /home/kcg/AlonBarak-Joy/ros2_ws/install/ros_g29_force_feedback/include/ros_g29_force_feedback/msg/detail/force_feedback__rosidl_typesupport_introspection_c.h
[3.340s] -- Up-to-date: /home/kcg/AlonBarak-Joy/ros2_ws/install/ros_g29_force_feedback/include/ros_g29_force_feedback/msg/detail/force_feedback__type_support.c
[3.340s] -- Up-to-date: /home/kcg/AlonBarak-Joy/ros2_ws/install/ros_g29_force_feedback/lib/libros_g29_force_feedback__rosidl_typesupport_introspection_c.so
[3.340s] -- Up-to-date: /home/kcg/AlonBarak-Joy/ros2_ws/install/ros_g29_force_feedback/lib/libros_g29_force_feedback__rosidl_typesupport_c.so
[3.340s] -- Up-to-date: /home/kcg/AlonBarak-Joy/ros2_ws/install/ros_g29_force_feedback/include/ros_g29_force_feedback
[3.340s] -- Up-to-date: /home/kcg/AlonBarak-Joy/ros2_ws/install/ros_g29_force_feedback/include/ros_g29_force_feedback/msg
[3.340s] -- Up-to-date: /home/kcg/AlonBarak-Joy/ros2_ws/install/ros_g29_force_feedback/include/ros_g29_force_feedback/msg/force_feedback.hpp
[3.340s] -- Up-to-date: /home/kcg/AlonBarak-Joy/ros2_ws/install/ros_g29_force_feedback/include/ros_g29_force_feedback/msg/detail
[3.340s] -- Up-to-date: /home/kcg/AlonBarak-Joy/ros2_ws/install/ros_g29_force_feedback/include/ros_g29_force_feedback/msg/detail/force_feedback__builder.hpp
[3.340s] -- Up-to-date: /home/kcg/AlonBarak-Joy/ros2_ws/install/ros_g29_force_feedback/include/ros_g29_force_feedback/msg/detail/force_feedback__traits.hpp
[3.340s] -- Up-to-date: /home/kcg/AlonBarak-Joy/ros2_ws/install/ros_g29_force_feedback/include/ros_g29_force_feedback/msg/detail/force_feedback__struct.hpp
[3.340s] -- Up-to-date: /home/kcg/AlonBarak-Joy/ros2_ws/install/ros_g29_force_feedback/include/ros_g29_force_feedback
[3.340s] -- Up-to-date: /home/kcg/AlonBarak-Joy/ros2_ws/install/ros_g29_force_feedback/include/ros_g29_force_feedback/msg
[3.340s] -- Up-to-date: /home/kcg/AlonBarak-Joy/ros2_ws/install/ros_g29_force_feedback/include/ros_g29_force_feedback/msg/detail
[3.340s] -- Up-to-date: /home/kcg/AlonBarak-Joy/ros2_ws/install/ros_g29_force_feedback/include/ros_g29_force_feedback/msg/detail/force_feedback__type_support.cpp
[3.340s] -- Up-to-date: /home/kcg/AlonBarak-Joy/ros2_ws/install/ros_g29_force_feedback/include/ros_g29_force_feedback/msg/detail/force_feedback__rosidl_typesupport_introspection_cpp.hpp
[3.341s] -- Up-to-date: /home/kcg/AlonBarak-Joy/ros2_ws/install/ros_g29_force_feedback/lib/libros_g29_force_feedback__rosidl_typesupport_introspection_cpp.so
[3.341s] -- Up-to-date: /home/kcg/AlonBarak-Joy/ros2_ws/install/ros_g29_force_feedback/lib/libros_g29_force_feedback__rosidl_typesupport_cpp.so
[3.341s] -- Up-to-date: /home/kcg/AlonBarak-Joy/ros2_ws/install/ros_g29_force_feedback/share/ros_g29_force_feedback/environment/pythonpath.sh
[3.341s] -- Up-to-date: /home/kcg/AlonBarak-Joy/ros2_ws/install/ros_g29_force_feedback/share/ros_g29_force_feedback/environment/pythonpath.dsv
[3.341s] -- Up-to-date: /home/kcg/AlonBarak-Joy/ros2_ws/install/ros_g29_force_feedback/lib/python3.8/site-packages/ros_g29_force_feedback/__init__.py
[3.361s] -- Up-to-date: /home/kcg/AlonBarak-Joy/ros2_ws/install/ros_g29_force_feedback/lib/python3.8/site-packages/ros_g29_force_feedback/msg
[3.361s] -- Up-to-date: /home/kcg/AlonBarak-Joy/ros2_ws/install/ros_g29_force_feedback/lib/python3.8/site-packages/ros_g29_force_feedback/msg/__init__.py
[3.361s] -- Up-to-date: /home/kcg/AlonBarak-Joy/ros2_ws/install/ros_g29_force_feedback/lib/python3.8/site-packages/ros_g29_force_feedback/msg/_force_feedback_s.c
[3.361s] -- Up-to-date: /home/kcg/AlonBarak-Joy/ros2_ws/install/ros_g29_force_feedback/lib/python3.8/site-packages/ros_g29_force_feedback/msg/_force_feedback.py
[3.361s] -- Up-to-date: /home/kcg/AlonBarak-Joy/ros2_ws/install/ros_g29_force_feedback/lib/python3.8/site-packages/ros_g29_force_feedback/ros_g29_force_feedback_s__rosidl_typesupport_fastrtps_c.cpython-38-x86_64-linux-gnu.so
[3.362s] -- Up-to-date: /home/kcg/AlonBarak-Joy/ros2_ws/install/ros_g29_force_feedback/lib/python3.8/site-packages/ros_g29_force_feedback/ros_g29_force_feedback_s__rosidl_typesupport_introspection_c.cpython-38-x86_64-linux-gnu.so
[3.362s] -- Up-to-date: /home/kcg/AlonBarak-Joy/ros2_ws/install/ros_g29_force_feedback/lib/python3.8/site-packages/ros_g29_force_feedback/ros_g29_force_feedback_s__rosidl_typesupport_c.cpython-38-x86_64-linux-gnu.so
[3.362s] -- Up-to-date: /home/kcg/AlonBarak-Joy/ros2_ws/install/ros_g29_force_feedback/lib/libros_g29_force_feedback__python.so
[3.363s] -- Up-to-date: /home/kcg/AlonBarak-Joy/ros2_ws/install/ros_g29_force_feedback/share/ros_g29_force_feedback/msg/ForceFeedback.idl
[3.363s] -- Up-to-date: /home/kcg/AlonBarak-Joy/ros2_ws/install/ros_g29_force_feedback/share/ros_g29_force_feedback/msg/ForceFeedback.msg
[3.363s] -- Installing: /home/kcg/AlonBarak-Joy/ros2_ws/install/ros_g29_force_feedback/lib/ros_g29_force_feedback/g29_force_feedback
[3.364s] -- Set runtime path of "/home/kcg/AlonBarak-Joy/ros2_ws/install/ros_g29_force_feedback/lib/ros_g29_force_feedback/g29_force_feedback" to ""
[3.364s] -- Up-to-date: /home/kcg/AlonBarak-Joy/ros2_ws/install/ros_g29_force_feedback/share/ros_g29_force_feedback/config
[3.364s] -- Up-to-date: /home/kcg/AlonBarak-Joy/ros2_ws/install/ros_g29_force_feedback/share/ros_g29_force_feedback/config/g29.yaml
[3.364s] -- Up-to-date: /home/kcg/AlonBarak-Joy/ros2_ws/install/ros_g29_force_feedback/share/ros_g29_force_feedback/launch
[3.364s] -- Up-to-date: /home/kcg/AlonBarak-Joy/ros2_ws/install/ros_g29_force_feedback/share/ros_g29_force_feedback/launch/g29_feedback.launch.py
[3.364s] -- Up-to-date: /home/kcg/AlonBarak-Joy/ros2_ws/install/ros_g29_force_feedback/share/ament_index/resource_index/package_run_dependencies/ros_g29_force_feedback
[3.364s] -- Up-to-date: /home/kcg/AlonBarak-Joy/ros2_ws/install/ros_g29_force_feedback/share/ament_index/resource_index/parent_prefix_path/ros_g29_force_feedback
[3.364s] -- Up-to-date: /home/kcg/AlonBarak-Joy/ros2_ws/install/ros_g29_force_feedback/share/ros_g29_force_feedback/environment/ament_prefix_path.sh
[3.365s] -- Up-to-date: /home/kcg/AlonBarak-Joy/ros2_ws/install/ros_g29_force_feedback/share/ros_g29_force_feedback/environment/ament_prefix_path.dsv
[3.365s] -- Up-to-date: /home/kcg/AlonBarak-Joy/ros2_ws/install/ros_g29_force_feedback/share/ros_g29_force_feedback/environment/path.sh
[3.365s] -- Up-to-date: /home/kcg/AlonBarak-Joy/ros2_ws/install/ros_g29_force_feedback/share/ros_g29_force_feedback/environment/path.dsv
[3.365s] -- Up-to-date: /home/kcg/AlonBarak-Joy/ros2_ws/install/ros_g29_force_feedback/share/ros_g29_force_feedback/local_setup.bash
[3.365s] -- Up-to-date: /home/kcg/AlonBarak-Joy/ros2_ws/install/ros_g29_force_feedback/share/ros_g29_force_feedback/local_setup.sh
[3.365s] -- Up-to-date: /home/kcg/AlonBarak-Joy/ros2_ws/install/ros_g29_force_feedback/share/ros_g29_force_feedback/local_setup.zsh
[3.365s] -- Up-to-date: /home/kcg/AlonBarak-Joy/ros2_ws/install/ros_g29_force_feedback/share/ros_g29_force_feedback/local_setup.dsv
[3.365s] -- Installing: /home/kcg/AlonBarak-Joy/ros2_ws/install/ros_g29_force_feedback/share/ros_g29_force_feedback/package.dsv
[3.365s] -- Up-to-date: /home/kcg/AlonBarak-Joy/ros2_ws/install/ros_g29_force_feedback/share/ament_index/resource_index/packages/ros_g29_force_feedback
[3.365s] -- Up-to-date: /home/kcg/AlonBarak-Joy/ros2_ws/install/ros_g29_force_feedback/share/ros_g29_force_feedback/cmake/ros_g29_force_feedback__rosidl_generator_cExport.cmake
[3.365s] -- Up-to-date: /home/kcg/AlonBarak-Joy/ros2_ws/install/ros_g29_force_feedback/share/ros_g29_force_feedback/cmake/ros_g29_force_feedback__rosidl_generator_cExport-noconfig.cmake
[3.365s] -- Up-to-date: /home/kcg/AlonBarak-Joy/ros2_ws/install/ros_g29_force_feedback/share/ros_g29_force_feedback/cmake/ros_g29_force_feedback__rosidl_typesupport_introspection_cExport.cmake
[3.365s] -- Up-to-date: /home/kcg/AlonBarak-Joy/ros2_ws/install/ros_g29_force_feedback/share/ros_g29_force_feedback/cmake/ros_g29_force_feedback__rosidl_typesupport_introspection_cExport-noconfig.cmake
[3.365s] -- Up-to-date: /home/kcg/AlonBarak-Joy/ros2_ws/install/ros_g29_force_feedback/share/ros_g29_force_feedback/cmake/ros_g29_force_feedback__rosidl_typesupport_cExport.cmake
[3.365s] -- Up-to-date: /home/kcg/AlonBarak-Joy/ros2_ws/install/ros_g29_force_feedback/share/ros_g29_force_feedback/cmake/ros_g29_force_feedback__rosidl_typesupport_cExport-noconfig.cmake
[3.365s] -- Up-to-date: /home/kcg/AlonBarak-Joy/ros2_ws/install/ros_g29_force_feedback/share/ros_g29_force_feedback/cmake/ros_g29_force_feedback__rosidl_generator_cppExport.cmake
[3.365s] -- Up-to-date: /home/kcg/AlonBarak-Joy/ros2_ws/install/ros_g29_force_feedback/share/ros_g29_force_feedback/cmake/ros_g29_force_feedback__rosidl_typesupport_introspection_cppExport.cmake
[3.365s] -- Up-to-date: /home/kcg/AlonBarak-Joy/ros2_ws/install/ros_g29_force_feedback/share/ros_g29_force_feedback/cmake/ros_g29_force_feedback__rosidl_typesupport_introspection_cppExport-noconfig.cmake
[3.365s] -- Up-to-date: /home/kcg/AlonBarak-Joy/ros2_ws/install/ros_g29_force_feedback/share/ros_g29_force_feedback/cmake/ros_g29_force_feedback__rosidl_typesupport_cppExport.cmake
[3.365s] -- Up-to-date: /home/kcg/AlonBarak-Joy/ros2_ws/install/ros_g29_force_feedback/share/ros_g29_force_feedback/cmake/ros_g29_force_feedback__rosidl_typesupport_cppExport-noconfig.cmake
[3.366s] -- Up-to-date: /home/kcg/AlonBarak-Joy/ros2_ws/install/ros_g29_force_feedback/share/ros_g29_force_feedback/cmake/rosidl_cmake-extras.cmake
[3.366s] -- Up-to-date: /home/kcg/AlonBarak-Joy/ros2_ws/install/ros_g29_force_feedback/share/ros_g29_force_feedback/cmake/ament_cmake_export_dependencies-extras.cmake
[3.366s] -- Up-to-date: /home/kcg/AlonBarak-Joy/ros2_ws/install/ros_g29_force_feedback/share/ros_g29_force_feedback/cmake/ament_cmake_export_libraries-extras.cmake
[3.366s] -- Up-to-date: /home/kcg/AlonBarak-Joy/ros2_ws/install/ros_g29_force_feedback/share/ros_g29_force_feedback/cmake/ament_cmake_export_targets-extras.cmake
[3.366s] -- Up-to-date: /home/kcg/AlonBarak-Joy/ros2_ws/install/ros_g29_force_feedback/share/ros_g29_force_feedback/cmake/ament_cmake_export_include_directories-extras.cmake
[3.366s] -- Up-to-date: /home/kcg/AlonBarak-Joy/ros2_ws/install/ros_g29_force_feedback/share/ros_g29_force_feedback/cmake/rosidl_cmake_export_typesupport_libraries-extras.cmake
[3.366s] -- Up-to-date: /home/kcg/AlonBarak-Joy/ros2_ws/install/ros_g29_force_feedback/share/ros_g29_force_feedback/cmake/rosidl_cmake_export_typesupport_targets-extras.cmake
[3.366s] -- Up-to-date: /home/kcg/AlonBarak-Joy/ros2_ws/install/ros_g29_force_feedback/share/ros_g29_force_feedback/cmake/ros_g29_force_feedbackConfig.cmake
[3.366s] -- Up-to-date: /home/kcg/AlonBarak-Joy/ros2_ws/install/ros_g29_force_feedback/share/ros_g29_force_feedback/cmake/ros_g29_force_feedbackConfig-version.cmake
[3.366s] -- Up-to-date: /home/kcg/AlonBarak-Joy/ros2_ws/install/ros_g29_force_feedback/share/ros_g29_force_feedback/package.xml
[3.368s] Invoked command in '/home/kcg/AlonBarak-Joy/ros2_ws/build/ros_g29_force_feedback' returned '0': CMAKE_PREFIX_PATH=/opt/ros/foxy /usr/bin/cmake --install /home/kcg/AlonBarak-Joy/ros2_ws/build/ros_g29_force_feedback
