[0.748s] Invoking command in '/home/kcg/Autonomous_kcg/ROS2Sample/src/python_publisher': PYTHONPATH=/home/kcg/Autonomous_kcg/ROS2Sample/install/python_publisher/lib/python3.8/site-packages:/home/kcg/Autonomous_kcg/ROS2Sample/install/tracked_object_msgs/lib/python3.8/site-packages:/home/kcg/Autonomous_kcg/ROS2Sample/install/tracked_lane_msgs/lib/python3.8/site-packages:/home/kcg/Autonomous_kcg/ROS2Sample/install/cognata_sdk_ros2/lib/python3.8/site-packages:/home/kcg/Autonomous_kcg/ROS2Sample/install/python_publisher/lib/python3.8/site-packages:/home/kcg/Autonomous_kcg/ROS2Sample/install/autoware_auto_msgs/lib/python3.8/site-packages:/home/kcg/Autonomous_kcg/ROS2Sample/install/additional_msgs/lib/python3.8/site-packages:/home/kcg/Deliverables/colcon_workspace/install/tracked_object_msgs/lib/python3.8/site-packages:/home/kcg/Deliverables/colcon_workspace/install/tracked_lane_msgs/lib/python3.8/site-packages:/home/kcg/Autonomous_kcg/switch_ws/Deliverables/colcon_workspace/install/tracked_object_msgs/lib/python3.8/site-packages:/home/kcg/Autonomous_kcg/switch_ws/Deliverables/colcon_workspace/install/tracked_lane_msgs/lib/python3.8/site-packages:/opt/ros/foxy/lib/python3.8/site-packages /usr/bin/python3 setup.py egg_info --egg-base ../../build/python_publisher build --build-base /home/kcg/Autonomous_kcg/ROS2Sample/build/python_publisher/build install --prefix /home/kcg/Autonomous_kcg/ROS2Sample/install/python_publisher --record /home/kcg/Autonomous_kcg/ROS2Sample/build/python_publisher/install.log --single-version-externally-managed
[0.976s] running egg_info
[0.977s] writing ../../build/python_publisher/python_publisher.egg-info/PKG-INFO
[0.977s] writing dependency_links to ../../build/python_publisher/python_publisher.egg-info/dependency_links.txt
[0.977s] writing entry points to ../../build/python_publisher/python_publisher.egg-info/entry_points.txt
[0.978s] writing requirements to ../../build/python_publisher/python_publisher.egg-info/requires.txt
[0.978s] writing top-level names to ../../build/python_publisher/python_publisher.egg-info/top_level.txt
[1.013s] reading manifest file '../../build/python_publisher/python_publisher.egg-info/SOURCES.txt'
[1.015s] writing manifest file '../../build/python_publisher/python_publisher.egg-info/SOURCES.txt'
[1.015s] running build
[1.015s] running build_py
[1.016s] copying python_publisher/adaptive_cruise_control_vaya.py -> /home/kcg/Autonomous_kcg/ROS2Sample/build/python_publisher/build/lib/python_publisher
[1.017s] running install
[1.018s] running install_lib
[1.019s] copying /home/kcg/Autonomous_kcg/ROS2Sample/build/python_publisher/build/lib/python_publisher/adaptive_cruise_control_vaya.py -> /home/kcg/Autonomous_kcg/ROS2Sample/install/python_publisher/lib/python3.8/site-packages/python_publisher
[1.020s] byte-compiling /home/kcg/Autonomous_kcg/ROS2Sample/install/python_publisher/lib/python3.8/site-packages/python_publisher/adaptive_cruise_control_vaya.py to adaptive_cruise_control_vaya.cpython-38.pyc
[1.025s] running install_data
[1.026s] running install_egg_info
[1.028s] removing '/home/kcg/Autonomous_kcg/ROS2Sample/install/python_publisher/lib/python3.8/site-packages/python_publisher-0.0.0-py3.8.egg-info' (and everything under it)
[1.028s] Copying ../../build/python_publisher/python_publisher.egg-info to /home/kcg/Autonomous_kcg/ROS2Sample/install/python_publisher/lib/python3.8/site-packages/python_publisher-0.0.0-py3.8.egg-info
[1.030s] running install_scripts
[1.054s] Installing acc script to /home/kcg/Autonomous_kcg/ROS2Sample/install/python_publisher/lib/python_publisher
[1.054s] Installing acc_vaya script to /home/kcg/Autonomous_kcg/ROS2Sample/install/python_publisher/lib/python_publisher
[1.054s] Installing gev script to /home/kcg/Autonomous_kcg/ROS2Sample/install/python_publisher/lib/python_publisher
[1.054s] Installing pid script to /home/kcg/Autonomous_kcg/ROS2Sample/install/python_publisher/lib/python_publisher
[1.054s] Installing publisher script to /home/kcg/Autonomous_kcg/ROS2Sample/install/python_publisher/lib/python_publisher
[1.054s] Installing rcc script to /home/kcg/Autonomous_kcg/ROS2Sample/install/python_publisher/lib/python_publisher
[1.055s] writing list of installed files to '/home/kcg/Autonomous_kcg/ROS2Sample/build/python_publisher/install.log'
[1.085s] Invoked command in '/home/kcg/Autonomous_kcg/ROS2Sample/src/python_publisher' returned '0': PYTHONPATH=/home/kcg/Autonomous_kcg/ROS2Sample/install/python_publisher/lib/python3.8/site-packages:/home/kcg/Autonomous_kcg/ROS2Sample/install/tracked_object_msgs/lib/python3.8/site-packages:/home/kcg/Autonomous_kcg/ROS2Sample/install/tracked_lane_msgs/lib/python3.8/site-packages:/home/kcg/Autonomous_kcg/ROS2Sample/install/cognata_sdk_ros2/lib/python3.8/site-packages:/home/kcg/Autonomous_kcg/ROS2Sample/install/python_publisher/lib/python3.8/site-packages:/home/kcg/Autonomous_kcg/ROS2Sample/install/autoware_auto_msgs/lib/python3.8/site-packages:/home/kcg/Autonomous_kcg/ROS2Sample/install/additional_msgs/lib/python3.8/site-packages:/home/kcg/Deliverables/colcon_workspace/install/tracked_object_msgs/lib/python3.8/site-packages:/home/kcg/Deliverables/colcon_workspace/install/tracked_lane_msgs/lib/python3.8/site-packages:/home/kcg/Autonomous_kcg/switch_ws/Deliverables/colcon_workspace/install/tracked_object_msgs/lib/python3.8/site-packages:/home/kcg/Autonomous_kcg/switch_ws/Deliverables/colcon_workspace/install/tracked_lane_msgs/lib/python3.8/site-packages:/opt/ros/foxy/lib/python3.8/site-packages /usr/bin/python3 setup.py egg_info --egg-base ../../build/python_publisher build --build-base /home/kcg/Autonomous_kcg/ROS2Sample/build/python_publisher/build install --prefix /home/kcg/Autonomous_kcg/ROS2Sample/install/python_publisher --record /home/kcg/Autonomous_kcg/ROS2Sample/build/python_publisher/install.log --single-version-externally-managed
