[0.055s] Invoking command in '/home/kcg/Autonomous_kcg/ROS2Sample/build/autoware_auto_msgs': CMAKE_PREFIX_PATH=${CMAKE_PREFIX_PATH}:/home/kcg/Autonomous_kcg/ROS2Sample/install/python_publisher:/opt/ros/foxy /usr/bin/cmake --build /home/kcg/Autonomous_kcg/ROS2Sample/build/autoware_auto_msgs -- -j8 -l8
[0.192s] [  9%] Built target autoware_auto_msgs__rosidl_generator_c
[0.194s] [ 12%] Built target autoware_auto_msgs__cpp
[0.284s] [ 22%] Built target autoware_auto_msgs__rosidl_typesupport_introspection_cpp
[0.285s] [ 32%] Built target autoware_auto_msgs__rosidl_typesupport_introspection_c
[0.307s] [ 41%] Built target autoware_auto_msgs__rosidl_typesupport_c
[0.345s] [ 51%] Built target autoware_auto_msgs__rosidl_typesupport_cpp
[0.351s] [ 61%] Built target autoware_auto_msgs__rosidl_typesupport_fastrtps_cpp
[0.391s] [ 70%] Built target autoware_auto_msgs__rosidl_typesupport_fastrtps_c
[0.428s] [ 70%] Built target autoware_auto_msgs
[0.467s] [ 74%] Built target autoware_auto_msgs__py
[0.513s] [ 80%] Built target autoware_auto_msgs__python
[0.575s] [ 87%] Built target autoware_auto_msgs__rosidl_typesupport_c__pyext
[0.577s] [ 93%] Built target autoware_auto_msgs__rosidl_typesupport_introspection_c__pyext
[0.581s] [100%] Built target autoware_auto_msgs__rosidl_typesupport_fastrtps_c__pyext
[0.609s] Invoked command in '/home/kcg/Autonomous_kcg/ROS2Sample/build/autoware_auto_msgs' returned '0': CMAKE_PREFIX_PATH=${CMAKE_PREFIX_PATH}:/home/kcg/Autonomous_kcg/ROS2Sample/install/python_publisher:/opt/ros/foxy /usr/bin/cmake --build /home/kcg/Autonomous_kcg/ROS2Sample/build/autoware_auto_msgs -- -j8 -l8
[0.703s] Invoking command in '/home/kcg/Autonomous_kcg/ROS2Sample/build/autoware_auto_msgs': CMAKE_PREFIX_PATH=${CMAKE_PREFIX_PATH}:/home/kcg/Autonomous_kcg/ROS2Sample/install/python_publisher:/opt/ros/foxy /usr/bin/cmake --install /home/kcg/Autonomous_kcg/ROS2Sample/build/autoware_auto_msgs
[0.724s] -- Install configuration: ""
[0.725s] -- Up-to-date: /home/kcg/Autonomous_kcg/ROS2Sample/install/autoware_auto_msgs/share/ament_index/resource_index/rosidl_interfaces/autoware_auto_msgs
[0.725s] -- Up-to-date: /home/kcg/Autonomous_kcg/ROS2Sample/install/autoware_auto_msgs/include/autoware_auto_msgs
[0.726s] -- Up-to-date: /home/kcg/Autonomous_kcg/ROS2Sample/install/autoware_auto_msgs/include/autoware_auto_msgs/msg
[0.726s] -- Up-to-date: /home/kcg/Autonomous_kcg/ROS2Sample/install/autoware_auto_msgs/include/autoware_auto_msgs/msg/rosidl_generator_c__visibility_control.h
[0.726s] -- Up-to-date: /home/kcg/Autonomous_kcg/ROS2Sample/install/autoware_auto_msgs/include/autoware_auto_msgs/msg/vehicle_control_command.h
[0.726s] -- Up-to-date: /home/kcg/Autonomous_kcg/ROS2Sample/install/autoware_auto_msgs/include/autoware_auto_msgs/msg/detail
[0.726s] -- Up-to-date: /home/kcg/Autonomous_kcg/ROS2Sample/install/autoware_auto_msgs/include/autoware_auto_msgs/msg/detail/vehicle_control_command__struct.h
[0.727s] -- Up-to-date: /home/kcg/Autonomous_kcg/ROS2Sample/install/autoware_auto_msgs/include/autoware_auto_msgs/msg/detail/vehicle_control_command__functions.h
[0.727s] -- Up-to-date: /home/kcg/Autonomous_kcg/ROS2Sample/install/autoware_auto_msgs/include/autoware_auto_msgs/msg/detail/vehicle_control_command__functions.c
[0.727s] -- Up-to-date: /home/kcg/Autonomous_kcg/ROS2Sample/install/autoware_auto_msgs/include/autoware_auto_msgs/msg/detail/vehicle_control_command__type_support.h
[0.727s] -- Up-to-date: /home/kcg/Autonomous_kcg/ROS2Sample/install/autoware_auto_msgs/share/autoware_auto_msgs/environment/library_path.sh
[0.728s] -- Up-to-date: /home/kcg/Autonomous_kcg/ROS2Sample/install/autoware_auto_msgs/share/autoware_auto_msgs/environment/library_path.dsv
[0.728s] -- Up-to-date: /home/kcg/Autonomous_kcg/ROS2Sample/install/autoware_auto_msgs/lib/libautoware_auto_msgs__rosidl_generator_c.so
[0.728s] -- Up-to-date: /home/kcg/Autonomous_kcg/ROS2Sample/install/autoware_auto_msgs/include/autoware_auto_msgs
[0.728s] -- Up-to-date: /home/kcg/Autonomous_kcg/ROS2Sample/install/autoware_auto_msgs/include/autoware_auto_msgs/msg
[0.728s] -- Up-to-date: /home/kcg/Autonomous_kcg/ROS2Sample/install/autoware_auto_msgs/include/autoware_auto_msgs/msg/rosidl_typesupport_fastrtps_c__visibility_control.h
[0.728s] -- Up-to-date: /home/kcg/Autonomous_kcg/ROS2Sample/install/autoware_auto_msgs/include/autoware_auto_msgs/msg/detail
[0.729s] -- Up-to-date: /home/kcg/Autonomous_kcg/ROS2Sample/install/autoware_auto_msgs/include/autoware_auto_msgs/msg/detail/vehicle_control_command__rosidl_typesupport_fastrtps_c.h
[0.729s] -- Up-to-date: /home/kcg/Autonomous_kcg/ROS2Sample/install/autoware_auto_msgs/lib/libautoware_auto_msgs__rosidl_typesupport_fastrtps_c.so
[0.729s] -- Up-to-date: /home/kcg/Autonomous_kcg/ROS2Sample/install/autoware_auto_msgs/include/autoware_auto_msgs
[0.729s] -- Up-to-date: /home/kcg/Autonomous_kcg/ROS2Sample/install/autoware_auto_msgs/include/autoware_auto_msgs/msg
[0.730s] -- Up-to-date: /home/kcg/Autonomous_kcg/ROS2Sample/install/autoware_auto_msgs/include/autoware_auto_msgs/msg/detail
[0.730s] -- Up-to-date: /home/kcg/Autonomous_kcg/ROS2Sample/install/autoware_auto_msgs/include/autoware_auto_msgs/msg/detail/dds_fastrtps
[0.730s] -- Up-to-date: /home/kcg/Autonomous_kcg/ROS2Sample/install/autoware_auto_msgs/include/autoware_auto_msgs/msg/detail/vehicle_control_command__rosidl_typesupport_fastrtps_cpp.hpp
[0.730s] -- Up-to-date: /home/kcg/Autonomous_kcg/ROS2Sample/install/autoware_auto_msgs/include/autoware_auto_msgs/msg/rosidl_typesupport_fastrtps_cpp__visibility_control.h
[0.730s] -- Up-to-date: /home/kcg/Autonomous_kcg/ROS2Sample/install/autoware_auto_msgs/lib/libautoware_auto_msgs__rosidl_typesupport_fastrtps_cpp.so
[0.730s] -- Up-to-date: /home/kcg/Autonomous_kcg/ROS2Sample/install/autoware_auto_msgs/include/autoware_auto_msgs
[0.731s] -- Up-to-date: /home/kcg/Autonomous_kcg/ROS2Sample/install/autoware_auto_msgs/include/autoware_auto_msgs/msg
[0.731s] -- Up-to-date: /home/kcg/Autonomous_kcg/ROS2Sample/install/autoware_auto_msgs/include/autoware_auto_msgs/msg/rosidl_typesupport_introspection_c__visibility_control.h
[0.731s] -- Up-to-date: /home/kcg/Autonomous_kcg/ROS2Sample/install/autoware_auto_msgs/include/autoware_auto_msgs/msg/detail
[0.731s] -- Up-to-date: /home/kcg/Autonomous_kcg/ROS2Sample/install/autoware_auto_msgs/include/autoware_auto_msgs/msg/detail/vehicle_control_command__type_support.c
[0.731s] -- Up-to-date: /home/kcg/Autonomous_kcg/ROS2Sample/install/autoware_auto_msgs/include/autoware_auto_msgs/msg/detail/vehicle_control_command__rosidl_typesupport_introspection_c.h
[0.732s] -- Up-to-date: /home/kcg/Autonomous_kcg/ROS2Sample/install/autoware_auto_msgs/lib/libautoware_auto_msgs__rosidl_typesupport_introspection_c.so
[0.732s] -- Up-to-date: /home/kcg/Autonomous_kcg/ROS2Sample/install/autoware_auto_msgs/lib/libautoware_auto_msgs__rosidl_typesupport_c.so
[0.732s] -- Up-to-date: /home/kcg/Autonomous_kcg/ROS2Sample/install/autoware_auto_msgs/include/autoware_auto_msgs
[0.732s] -- Up-to-date: /home/kcg/Autonomous_kcg/ROS2Sample/install/autoware_auto_msgs/include/autoware_auto_msgs/msg
[0.732s] -- Up-to-date: /home/kcg/Autonomous_kcg/ROS2Sample/install/autoware_auto_msgs/include/autoware_auto_msgs/msg/detail
[0.733s] -- Up-to-date: /home/kcg/Autonomous_kcg/ROS2Sample/install/autoware_auto_msgs/include/autoware_auto_msgs/msg/detail/vehicle_control_command__builder.hpp
[0.733s] -- Up-to-date: /home/kcg/Autonomous_kcg/ROS2Sample/install/autoware_auto_msgs/include/autoware_auto_msgs/msg/detail/vehicle_control_command__struct.hpp
[0.733s] -- Up-to-date: /home/kcg/Autonomous_kcg/ROS2Sample/install/autoware_auto_msgs/include/autoware_auto_msgs/msg/detail/vehicle_control_command__traits.hpp
[0.733s] -- Up-to-date: /home/kcg/Autonomous_kcg/ROS2Sample/install/autoware_auto_msgs/include/autoware_auto_msgs/msg/vehicle_control_command.hpp
[0.733s] -- Up-to-date: /home/kcg/Autonomous_kcg/ROS2Sample/install/autoware_auto_msgs/include/autoware_auto_msgs
[0.733s] -- Up-to-date: /home/kcg/Autonomous_kcg/ROS2Sample/install/autoware_auto_msgs/include/autoware_auto_msgs/msg
[0.734s] -- Up-to-date: /home/kcg/Autonomous_kcg/ROS2Sample/install/autoware_auto_msgs/include/autoware_auto_msgs/msg/detail
[0.734s] -- Up-to-date: /home/kcg/Autonomous_kcg/ROS2Sample/install/autoware_auto_msgs/include/autoware_auto_msgs/msg/detail/vehicle_control_command__rosidl_typesupport_introspection_cpp.hpp
[0.734s] -- Up-to-date: /home/kcg/Autonomous_kcg/ROS2Sample/install/autoware_auto_msgs/include/autoware_auto_msgs/msg/detail/vehicle_control_command__type_support.cpp
[0.734s] -- Up-to-date: /home/kcg/Autonomous_kcg/ROS2Sample/install/autoware_auto_msgs/lib/libautoware_auto_msgs__rosidl_typesupport_introspection_cpp.so
[0.734s] -- Up-to-date: /home/kcg/Autonomous_kcg/ROS2Sample/install/autoware_auto_msgs/lib/libautoware_auto_msgs__rosidl_typesupport_cpp.so
[0.735s] -- Up-to-date: /home/kcg/Autonomous_kcg/ROS2Sample/install/autoware_auto_msgs/share/autoware_auto_msgs/environment/pythonpath.sh
[0.738s] -- Up-to-date: /home/kcg/Autonomous_kcg/ROS2Sample/install/autoware_auto_msgs/share/autoware_auto_msgs/environment/pythonpath.dsv
[0.739s] -- Up-to-date: /home/kcg/Autonomous_kcg/ROS2Sample/install/autoware_auto_msgs/lib/python3.8/site-packages/autoware_auto_msgs/__init__.py
[0.789s] -- Up-to-date: /home/kcg/Autonomous_kcg/ROS2Sample/install/autoware_auto_msgs/lib/python3.8/site-packages/autoware_auto_msgs/msg
[0.792s] -- Up-to-date: /home/kcg/Autonomous_kcg/ROS2Sample/install/autoware_auto_msgs/lib/python3.8/site-packages/autoware_auto_msgs/msg/_vehicle_control_command.py
[0.794s] -- Up-to-date: /home/kcg/Autonomous_kcg/ROS2Sample/install/autoware_auto_msgs/lib/python3.8/site-packages/autoware_auto_msgs/msg/_vehicle_control_command_s.c
[0.794s] -- Up-to-date: /home/kcg/Autonomous_kcg/ROS2Sample/install/autoware_auto_msgs/lib/python3.8/site-packages/autoware_auto_msgs/msg/__init__.py
[0.794s] -- Up-to-date: /home/kcg/Autonomous_kcg/ROS2Sample/install/autoware_auto_msgs/lib/python3.8/site-packages/autoware_auto_msgs/autoware_auto_msgs_s__rosidl_typesupport_fastrtps_c.cpython-38-x86_64-linux-gnu.so
[0.795s] -- Up-to-date: /home/kcg/Autonomous_kcg/ROS2Sample/install/autoware_auto_msgs/lib/python3.8/site-packages/autoware_auto_msgs/autoware_auto_msgs_s__rosidl_typesupport_introspection_c.cpython-38-x86_64-linux-gnu.so
[0.795s] -- Up-to-date: /home/kcg/Autonomous_kcg/ROS2Sample/install/autoware_auto_msgs/lib/python3.8/site-packages/autoware_auto_msgs/autoware_auto_msgs_s__rosidl_typesupport_c.cpython-38-x86_64-linux-gnu.so
[0.796s] -- Up-to-date: /home/kcg/Autonomous_kcg/ROS2Sample/install/autoware_auto_msgs/lib/libautoware_auto_msgs__python.so
[0.796s] -- Up-to-date: /home/kcg/Autonomous_kcg/ROS2Sample/install/autoware_auto_msgs/share/autoware_auto_msgs/msg/VehicleControlCommand.idl
[0.797s] -- Up-to-date: /home/kcg/Autonomous_kcg/ROS2Sample/install/autoware_auto_msgs/share/ament_index/resource_index/package_run_dependencies/autoware_auto_msgs
[0.797s] -- Up-to-date: /home/kcg/Autonomous_kcg/ROS2Sample/install/autoware_auto_msgs/share/ament_index/resource_index/parent_prefix_path/autoware_auto_msgs
[0.798s] -- Up-to-date: /home/kcg/Autonomous_kcg/ROS2Sample/install/autoware_auto_msgs/share/autoware_auto_msgs/environment/ament_prefix_path.sh
[0.798s] -- Up-to-date: /home/kcg/Autonomous_kcg/ROS2Sample/install/autoware_auto_msgs/share/autoware_auto_msgs/environment/ament_prefix_path.dsv
[0.799s] -- Up-to-date: /home/kcg/Autonomous_kcg/ROS2Sample/install/autoware_auto_msgs/share/autoware_auto_msgs/environment/path.sh
[0.799s] -- Up-to-date: /home/kcg/Autonomous_kcg/ROS2Sample/install/autoware_auto_msgs/share/autoware_auto_msgs/environment/path.dsv
[0.800s] -- Up-to-date: /home/kcg/Autonomous_kcg/ROS2Sample/install/autoware_auto_msgs/share/autoware_auto_msgs/local_setup.bash
[0.800s] -- Up-to-date: /home/kcg/Autonomous_kcg/ROS2Sample/install/autoware_auto_msgs/share/autoware_auto_msgs/local_setup.sh
[0.800s] -- Up-to-date: /home/kcg/Autonomous_kcg/ROS2Sample/install/autoware_auto_msgs/share/autoware_auto_msgs/local_setup.zsh
[0.801s] -- Up-to-date: /home/kcg/Autonomous_kcg/ROS2Sample/install/autoware_auto_msgs/share/autoware_auto_msgs/local_setup.dsv
[0.801s] -- Installing: /home/kcg/Autonomous_kcg/ROS2Sample/install/autoware_auto_msgs/share/autoware_auto_msgs/package.dsv
[0.802s] -- Up-to-date: /home/kcg/Autonomous_kcg/ROS2Sample/install/autoware_auto_msgs/share/ament_index/resource_index/packages/autoware_auto_msgs
[0.802s] -- Up-to-date: /home/kcg/Autonomous_kcg/ROS2Sample/install/autoware_auto_msgs/share/autoware_auto_msgs/cmake/autoware_auto_msgs__rosidl_generator_cExport.cmake
[0.802s] -- Up-to-date: /home/kcg/Autonomous_kcg/ROS2Sample/install/autoware_auto_msgs/share/autoware_auto_msgs/cmake/autoware_auto_msgs__rosidl_generator_cExport-noconfig.cmake
[0.802s] -- Up-to-date: /home/kcg/Autonomous_kcg/ROS2Sample/install/autoware_auto_msgs/share/autoware_auto_msgs/cmake/autoware_auto_msgs__rosidl_typesupport_introspection_cExport.cmake
[0.803s] -- Up-to-date: /home/kcg/Autonomous_kcg/ROS2Sample/install/autoware_auto_msgs/share/autoware_auto_msgs/cmake/autoware_auto_msgs__rosidl_typesupport_introspection_cExport-noconfig.cmake
[0.805s] -- Up-to-date: /home/kcg/Autonomous_kcg/ROS2Sample/install/autoware_auto_msgs/share/autoware_auto_msgs/cmake/autoware_auto_msgs__rosidl_typesupport_cExport.cmake
[0.806s] -- Up-to-date: /home/kcg/Autonomous_kcg/ROS2Sample/install/autoware_auto_msgs/share/autoware_auto_msgs/cmake/autoware_auto_msgs__rosidl_typesupport_cExport-noconfig.cmake
[0.806s] -- Up-to-date: /home/kcg/Autonomous_kcg/ROS2Sample/install/autoware_auto_msgs/share/autoware_auto_msgs/cmake/autoware_auto_msgs__rosidl_generator_cppExport.cmake
[0.806s] -- Up-to-date: /home/kcg/Autonomous_kcg/ROS2Sample/install/autoware_auto_msgs/share/autoware_auto_msgs/cmake/autoware_auto_msgs__rosidl_typesupport_introspection_cppExport.cmake
[0.810s] -- Up-to-date: /home/kcg/Autonomous_kcg/ROS2Sample/install/autoware_auto_msgs/share/autoware_auto_msgs/cmake/autoware_auto_msgs__rosidl_typesupport_introspection_cppExport-noconfig.cmake
[0.811s] -- Up-to-date: /home/kcg/Autonomous_kcg/ROS2Sample/install/autoware_auto_msgs/share/autoware_auto_msgs/cmake/autoware_auto_msgs__rosidl_typesupport_cppExport.cmake
[0.811s] -- Up-to-date: /home/kcg/Autonomous_kcg/ROS2Sample/install/autoware_auto_msgs/share/autoware_auto_msgs/cmake/autoware_auto_msgs__rosidl_typesupport_cppExport-noconfig.cmake
[0.811s] -- Up-to-date: /home/kcg/Autonomous_kcg/ROS2Sample/install/autoware_auto_msgs/share/autoware_auto_msgs/cmake/rosidl_cmake-extras.cmake
[0.811s] -- Up-to-date: /home/kcg/Autonomous_kcg/ROS2Sample/install/autoware_auto_msgs/share/autoware_auto_msgs/cmake/ament_cmake_export_dependencies-extras.cmake
[0.813s] -- Up-to-date: /home/kcg/Autonomous_kcg/ROS2Sample/install/autoware_auto_msgs/share/autoware_auto_msgs/cmake/ament_cmake_export_libraries-extras.cmake
[0.814s] -- Up-to-date: /home/kcg/Autonomous_kcg/ROS2Sample/install/autoware_auto_msgs/share/autoware_auto_msgs/cmake/ament_cmake_export_targets-extras.cmake
[0.816s] -- Up-to-date: /home/kcg/Autonomous_kcg/ROS2Sample/install/autoware_auto_msgs/share/autoware_auto_msgs/cmake/ament_cmake_export_include_directories-extras.cmake
[0.817s] -- Up-to-date: /home/kcg/Autonomous_kcg/ROS2Sample/install/autoware_auto_msgs/share/autoware_auto_msgs/cmake/rosidl_cmake_export_typesupport_libraries-extras.cmake
[0.824s] -- Up-to-date: /home/kcg/Autonomous_kcg/ROS2Sample/install/autoware_auto_msgs/share/autoware_auto_msgs/cmake/rosidl_cmake_export_typesupport_targets-extras.cmake
[0.824s] -- Up-to-date: /home/kcg/Autonomous_kcg/ROS2Sample/install/autoware_auto_msgs/share/autoware_auto_msgs/cmake/autoware_auto_msgsConfig.cmake
[0.825s] -- Up-to-date: /home/kcg/Autonomous_kcg/ROS2Sample/install/autoware_auto_msgs/share/autoware_auto_msgs/cmake/autoware_auto_msgsConfig-version.cmake
[0.825s] -- Up-to-date: /home/kcg/Autonomous_kcg/ROS2Sample/install/autoware_auto_msgs/share/autoware_auto_msgs/package.xml
[0.852s] Invoked command in '/home/kcg/Autonomous_kcg/ROS2Sample/build/autoware_auto_msgs' returned '0': CMAKE_PREFIX_PATH=${CMAKE_PREFIX_PATH}:/home/kcg/Autonomous_kcg/ROS2Sample/install/python_publisher:/opt/ros/foxy /usr/bin/cmake --install /home/kcg/Autonomous_kcg/ROS2Sample/build/autoware_auto_msgs
