[1.497s] Invoking command in '/home/kcg/copy/ROS2Sample/src/python_publisher': PYTHONPATH=/home/kcg/copy/ROS2Sample/install/python_publisher/lib/python3.8/site-packages:/home/kcg/copy/ROS2Sample/install/cognata_sdk_ros2/lib/python3.8/site-packages:/home/kcg/copy/ROS2Sample/install/python_publisher/lib/python3.8/site-packages:/opt/ros/foxy/lib/python3.8/site-packages /usr/bin/python3 setup.py egg_info --egg-base ../../build/python_publisher build --build-base /home/kcg/copy/ROS2Sample/build/python_publisher/build install --prefix /home/kcg/copy/ROS2Sample/install/python_publisher --record /home/kcg/copy/ROS2Sample/build/python_publisher/install.log --single-version-externally-managed
[1.658s] running egg_info
[1.659s] writing ../../build/python_publisher/python_publisher.egg-info/PKG-INFO
[1.659s] writing dependency_links to ../../build/python_publisher/python_publisher.egg-info/dependency_links.txt
[1.659s] writing entry points to ../../build/python_publisher/python_publisher.egg-info/entry_points.txt
[1.659s] writing requirements to ../../build/python_publisher/python_publisher.egg-info/requires.txt
[1.659s] writing top-level names to ../../build/python_publisher/python_publisher.egg-info/top_level.txt
[1.680s] reading manifest file '../../build/python_publisher/python_publisher.egg-info/SOURCES.txt'
[1.681s] writing manifest file '../../build/python_publisher/python_publisher.egg-info/SOURCES.txt'
[1.681s] running build
[1.681s] running build_py
[1.681s] copying python_publisher/adaptive_cruise_control.py -> /home/kcg/copy/ROS2Sample/build/python_publisher/build/lib/python_publisher
[1.681s] running install
[1.682s] running install_lib
[1.682s] copying /home/kcg/copy/ROS2Sample/build/python_publisher/build/lib/python_publisher/adaptive_cruise_control.py -> /home/kcg/copy/ROS2Sample/install/python_publisher/lib/python3.8/site-packages/python_publisher
[1.683s] byte-compiling /home/kcg/copy/ROS2Sample/install/python_publisher/lib/python3.8/site-packages/python_publisher/adaptive_cruise_control.py to adaptive_cruise_control.cpython-38.pyc
[1.685s] running install_data
[1.685s] running install_egg_info
[1.686s] removing '/home/kcg/copy/ROS2Sample/install/python_publisher/lib/python3.8/site-packages/python_publisher-0.0.0-py3.8.egg-info' (and everything under it)
[1.686s] Copying ../../build/python_publisher/python_publisher.egg-info to /home/kcg/copy/ROS2Sample/install/python_publisher/lib/python3.8/site-packages/python_publisher-0.0.0-py3.8.egg-info
[1.687s] running install_scripts
[1.696s] Installing acc script to /home/kcg/copy/ROS2Sample/install/python_publisher/lib/python_publisher
[1.697s] Installing pid script to /home/kcg/copy/ROS2Sample/install/python_publisher/lib/python_publisher
[1.697s] Installing publisher script to /home/kcg/copy/ROS2Sample/install/python_publisher/lib/python_publisher
[1.697s] Installing rcc script to /home/kcg/copy/ROS2Sample/install/python_publisher/lib/python_publisher
[1.697s] writing list of installed files to '/home/kcg/copy/ROS2Sample/build/python_publisher/install.log'
[1.712s] Invoked command in '/home/kcg/copy/ROS2Sample/src/python_publisher' returned '0': PYTHONPATH=/home/kcg/copy/ROS2Sample/install/python_publisher/lib/python3.8/site-packages:/home/kcg/copy/ROS2Sample/install/cognata_sdk_ros2/lib/python3.8/site-packages:/home/kcg/copy/ROS2Sample/install/python_publisher/lib/python3.8/site-packages:/opt/ros/foxy/lib/python3.8/site-packages /usr/bin/python3 setup.py egg_info --egg-base ../../build/python_publisher build --build-base /home/kcg/copy/ROS2Sample/build/python_publisher/build install --prefix /home/kcg/copy/ROS2Sample/install/python_publisher --record /home/kcg/copy/ROS2Sample/build/python_publisher/install.log --single-version-externally-managed
