[0.015s] Invoking command in '/home/kcg/copy/ROS2Sample/build/cognata_sdk_ros2': CMAKE_PREFIX_PATH=/opt/ros/foxy /usr/bin/cmake /home/kcg/copy/ROS2Sample/src/cognata_sdk_ros2 -DCMAKE_INSTALL_PREFIX=/home/kcg/copy/ROS2Sample/install/cognata_sdk_ros2
[0.047s] -- The C compiler identification is GNU 9.4.0
[0.079s] -- The CXX compiler identification is GNU 9.4.0
[0.081s] -- Check for working C compiler: /usr/bin/cc
[0.127s] -- Check for working C compiler: /usr/bin/cc -- works
[0.127s] -- Detecting C compiler ABI info
[0.194s] -- Detecting C compiler ABI info - done
[0.214s] -- Detecting C compile features
[0.215s] -- Detecting C compile features - done
[0.219s] -- Check for working CXX compiler: /usr/bin/c++
[0.307s] -- Check for working CXX compiler: /usr/bin/c++ -- works
[0.308s] -- Detecting CXX compiler ABI info
[0.377s] -- Detecting CXX compiler ABI info - done
[0.390s] -- Detecting CXX compile features
[0.390s] -- Detecting CXX compile features - done
[0.392s] -- Found ament_cmake: 0.9.9 (/opt/ros/foxy/share/ament_cmake/cmake)
[0.417s] -- Found PythonInterp: /usr/bin/python3 (found suitable version "3.8.10", minimum required is "3") 
[0.417s] -- Using PYTHON_EXECUTABLE: /usr/bin/python3
[0.563s] -- Found rclcpp: 2.4.1 (/opt/ros/foxy/share/rclcpp/cmake)
[0.588s] -- Using all available rosidl_typesupport_c: rosidl_typesupport_fastrtps_c;rosidl_typesupport_introspection_c
[0.592s] -- Found rosidl_adapter: 1.2.1 (/opt/ros/foxy/share/rosidl_adapter/cmake)
[0.633s] -- Found OpenSSL: /usr/lib/x86_64-linux-gnu/libcrypto.so (found version "1.1.1f")  
[0.650s] -- Found FastRTPS: /opt/ros/foxy/include  
[0.695s] -- Using all available rosidl_typesupport_cpp: rosidl_typesupport_fastrtps_cpp;rosidl_typesupport_introspection_cpp
[0.730s] -- Found rmw_implementation_cmake: 1.0.3 (/opt/ros/foxy/share/rmw_implementation_cmake/cmake)
[0.731s] -- Using RMW implementation 'rmw_fastrtps_cpp' as default
[0.731s] -- Looking for pthread.h
[0.772s] -- Looking for pthread.h - found
[0.772s] -- Performing Test CMAKE_HAVE_LIBC_PTHREAD
[0.814s] -- Performing Test CMAKE_HAVE_LIBC_PTHREAD - Failed
[0.814s] -- Looking for pthread_create in pthreads
[0.850s] -- Looking for pthread_create in pthreads - not found
[0.850s] -- Looking for pthread_create in pthread
[0.902s] -- Looking for pthread_create in pthread - found
[0.903s] -- Found Threads: TRUE  
[1.022s] -- Found sensor_msgs: 2.0.5 (/opt/ros/foxy/share/sensor_msgs/cmake)
[1.095s] -- Found common_interfaces: 2.0.5 (/opt/ros/foxy/share/common_interfaces/cmake)
[1.096s] -- Found nav_msgs: 2.0.5 (/opt/ros/foxy/share/nav_msgs/cmake)
[1.142s] -- Found rosidl_default_generators: 1.0.1 (/opt/ros/foxy/share/rosidl_default_generators/cmake)
[1.164s] -- Found PythonInterp: /usr/bin/python3 (found version "3.8.10") 
[1.324s] -- Found ament_cmake_ros: 0.9.2 (/opt/ros/foxy/share/ament_cmake_ros/cmake)
[1.475s] -- Using all available rosidl_typesupport_c: rosidl_typesupport_fastrtps_c;rosidl_typesupport_introspection_c
[1.550s] -- Using all available rosidl_typesupport_cpp: rosidl_typesupport_fastrtps_cpp;rosidl_typesupport_introspection_cpp
[1.567s] -- Found PythonInterp: /usr/bin/python3 (found suitable version "3.8.10", minimum required is "3.5") 
[1.568s] -- Found python_cmake_module: 0.8.1 (/opt/ros/foxy/share/python_cmake_module/cmake)
[1.585s] -- Found PythonLibs: /usr/lib/x86_64-linux-gnu/libpython3.8.so (found suitable version "3.8.10", minimum required is "3.5") 
[1.585s] -- Using PYTHON_EXECUTABLE: /usr/bin/python3
[1.585s] -- Using PYTHON_INCLUDE_DIRS: /usr/include/python3.8
[1.585s] -- Using PYTHON_LIBRARIES: /usr/lib/x86_64-linux-gnu/libpython3.8.so
[1.599s] -- Found PythonExtra: .so  
[1.656s] -- Configuring done
[1.710s] -- Generating done
[1.712s] -- Build files have been written to: /home/kcg/copy/ROS2Sample/build/cognata_sdk_ros2
[1.717s] Invoked command in '/home/kcg/copy/ROS2Sample/build/cognata_sdk_ros2' returned '0': CMAKE_PREFIX_PATH=/opt/ros/foxy /usr/bin/cmake /home/kcg/copy/ROS2Sample/src/cognata_sdk_ros2 -DCMAKE_INSTALL_PREFIX=/home/kcg/copy/ROS2Sample/install/cognata_sdk_ros2
[1.720s] Invoking command in '/home/kcg/copy/ROS2Sample/build/cognata_sdk_ros2': CMAKE_PREFIX_PATH=/opt/ros/foxy /usr/bin/cmake --build /home/kcg/copy/ROS2Sample/build/cognata_sdk_ros2 -- -j20 -l20
[1.747s] [35m[1mScanning dependencies of target cognata_sdk_ros2__cpp[0m
[1.747s] [  1%] [34m[1mGenerating C code for ROS interfaces[0m
[1.753s] [  2%] [34m[1mGenerating C++ code for ROS interfaces[0m
[2.281s] [  2%] Built target cognata_sdk_ros2__cpp
[2.288s] [35m[1mScanning dependencies of target cognata_sdk_ros2__rosidl_generator_c[0m
[2.288s] [  3%] [34m[1mGenerating C++ type support dispatch for ROS interfaces[0m
[2.288s] [  4%] [34m[1mGenerating C++ type support for eProsima Fast-RTPS[0m
[2.288s] [  4%] [34m[1mGenerating C++ introspection for ROS interfaces[0m
[2.300s] [  6%] [32mBuilding C object CMakeFiles/cognata_sdk_ros2__rosidl_generator_c.dir/rosidl_generator_c/cognata_sdk_ros2/msg/detail/object_description__functions.c.o[0m
[2.300s] [  6%] [32mBuilding C object CMakeFiles/cognata_sdk_ros2__rosidl_generator_c.dir/rosidl_generator_c/cognata_sdk_ros2/msg/detail/pedestrian_msg__functions.c.o[0m
[2.301s] [  7%] [32mBuilding C object CMakeFiles/cognata_sdk_ros2__rosidl_generator_c.dir/rosidl_generator_c/cognata_sdk_ros2/msg/detail/annotation_msg__functions.c.o[0m
[2.301s] [  7%] [32mBuilding C object CMakeFiles/cognata_sdk_ros2__rosidl_generator_c.dir/rosidl_generator_c/cognata_sdk_ros2/msg/detail/car_telemetries_msg__functions.c.o[0m
[2.301s] [  8%] [32mBuilding C object CMakeFiles/cognata_sdk_ros2__rosidl_generator_c.dir/rosidl_generator_c/cognata_sdk_ros2/msg/detail/gps_additional_data__functions.c.o[0m
[2.301s] [  9%] [32mBuilding C object CMakeFiles/cognata_sdk_ros2__rosidl_generator_c.dir/rosidl_generator_c/cognata_sdk_ros2/msg/detail/bounding_box_msg__functions.c.o[0m
[2.302s] [ 10%] [32mBuilding C object CMakeFiles/cognata_sdk_ros2__rosidl_generator_c.dir/rosidl_generator_c/cognata_sdk_ros2/msg/detail/roi_and_dogt_output__functions.c.o[0m
[2.302s] [ 10%] [32mBuilding C object CMakeFiles/cognata_sdk_ros2__rosidl_generator_c.dir/rosidl_generator_c/cognata_sdk_ros2/msg/detail/radar_output_header__functions.c.o[0m
[2.302s] [ 10%] [32mBuilding C object CMakeFiles/cognata_sdk_ros2__rosidl_generator_c.dir/rosidl_generator_c/cognata_sdk_ros2/msg/detail/wheel_msg__functions.c.o[0m
[2.302s] [ 12%] [32mBuilding C object CMakeFiles/cognata_sdk_ros2__rosidl_generator_c.dir/rosidl_generator_c/cognata_sdk_ros2/msg/detail/wheel_telemetries__functions.c.o[0m
[2.302s] [ 12%] [32mBuilding C object CMakeFiles/cognata_sdk_ros2__rosidl_generator_c.dir/rosidl_generator_c/cognata_sdk_ros2/msg/detail/traffic_light_msg__functions.c.o[0m
[2.303s] [ 13%] [32mBuilding C object CMakeFiles/cognata_sdk_ros2__rosidl_generator_c.dir/rosidl_generator_c/cognata_sdk_ros2/msg/detail/radar_output_target__functions.c.o[0m
[2.303s] [ 14%] [32mBuilding C object CMakeFiles/cognata_sdk_ros2__rosidl_generator_c.dir/rosidl_generator_c/cognata_sdk_ros2/msg/detail/vehicle_msg__functions.c.o[0m
[2.340s] [ 15%] [32m[1mLinking C shared library libcognata_sdk_ros2__rosidl_generator_c.so[0m
[2.367s] [ 15%] Built target cognata_sdk_ros2__rosidl_generator_c
[2.374s] [ 17%] [34m[1mGenerating C introspection for ROS interfaces[0m
[2.374s] [ 17%] [34m[1mGenerating C type support dispatch for ROS interfaces[0m
[2.641s] [35m[1mScanning dependencies of target cognata_sdk_ros2__rosidl_typesupport_cpp[0m
[2.654s] [ 17%] [32mBuilding CXX object CMakeFiles/cognata_sdk_ros2__rosidl_typesupport_cpp.dir/rosidl_typesupport_cpp/cognata_sdk_ros2/msg/wheel_telemetries__type_support.cpp.o[0m
[2.654s] [ 19%] [32mBuilding CXX object CMakeFiles/cognata_sdk_ros2__rosidl_typesupport_cpp.dir/rosidl_typesupport_cpp/cognata_sdk_ros2/msg/annotation_msg__type_support.cpp.o[0m
[2.654s] [ 19%] [32mBuilding CXX object CMakeFiles/cognata_sdk_ros2__rosidl_typesupport_cpp.dir/rosidl_typesupport_cpp/cognata_sdk_ros2/msg/gps_additional_data__type_support.cpp.o[0m
[2.654s] [ 21%] [32mBuilding CXX object CMakeFiles/cognata_sdk_ros2__rosidl_typesupport_cpp.dir/rosidl_typesupport_cpp/cognata_sdk_ros2/msg/car_telemetries_msg__type_support.cpp.o[0m
[2.654s] [ 21%] [32mBuilding CXX object CMakeFiles/cognata_sdk_ros2__rosidl_typesupport_cpp.dir/rosidl_typesupport_cpp/cognata_sdk_ros2/msg/object_description__type_support.cpp.o[0m
[2.655s] [ 21%] [32mBuilding CXX object CMakeFiles/cognata_sdk_ros2__rosidl_typesupport_cpp.dir/rosidl_typesupport_cpp/cognata_sdk_ros2/msg/bounding_box_msg__type_support.cpp.o[0m
[2.655s] [ 22%] [32mBuilding CXX object CMakeFiles/cognata_sdk_ros2__rosidl_typesupport_cpp.dir/rosidl_typesupport_cpp/cognata_sdk_ros2/msg/pedestrian_msg__type_support.cpp.o[0m
[2.655s] [ 24%] [32mBuilding CXX object CMakeFiles/cognata_sdk_ros2__rosidl_typesupport_cpp.dir/rosidl_typesupport_cpp/cognata_sdk_ros2/msg/radar_output_header__type_support.cpp.o[0m
[2.655s] [ 24%] [32mBuilding CXX object CMakeFiles/cognata_sdk_ros2__rosidl_typesupport_cpp.dir/rosidl_typesupport_cpp/cognata_sdk_ros2/msg/roi_and_dogt_output__type_support.cpp.o[0m
[2.655s] [ 25%] [32mBuilding CXX object CMakeFiles/cognata_sdk_ros2__rosidl_typesupport_cpp.dir/rosidl_typesupport_cpp/cognata_sdk_ros2/msg/traffic_light_msg__type_support.cpp.o[0m
[2.655s] [ 25%] [32mBuilding CXX object CMakeFiles/cognata_sdk_ros2__rosidl_typesupport_cpp.dir/rosidl_typesupport_cpp/cognata_sdk_ros2/msg/radar_output_target__type_support.cpp.o[0m
[2.655s] [ 26%] [32mBuilding CXX object CMakeFiles/cognata_sdk_ros2__rosidl_typesupport_cpp.dir/rosidl_typesupport_cpp/cognata_sdk_ros2/msg/vehicle_msg__type_support.cpp.o[0m
[2.655s] [ 27%] [32mBuilding CXX object CMakeFiles/cognata_sdk_ros2__rosidl_typesupport_cpp.dir/rosidl_typesupport_cpp/cognata_sdk_ros2/msg/wheel_msg__type_support.cpp.o[0m
[2.770s] [35m[1mScanning dependencies of target cognata_sdk_ros2__rosidl_typesupport_introspection_cpp[0m
[2.773s] [35m[1mScanning dependencies of target cognata_sdk_ros2__rosidl_typesupport_c[0m
[2.786s] [ 30%] [32mBuilding CXX object CMakeFiles/cognata_sdk_ros2__rosidl_typesupport_introspection_cpp.dir/rosidl_typesupport_introspection_cpp/cognata_sdk_ros2/msg/detail/car_telemetries_msg__type_support.cpp.o[0m
[2.786s] [ 30%] [32mBuilding CXX object CMakeFiles/cognata_sdk_ros2__rosidl_typesupport_introspection_cpp.dir/rosidl_typesupport_introspection_cpp/cognata_sdk_ros2/msg/detail/gps_additional_data__type_support.cpp.o[0m
[2.786s] [ 30%] [32mBuilding CXX object CMakeFiles/cognata_sdk_ros2__rosidl_typesupport_introspection_cpp.dir/rosidl_typesupport_introspection_cpp/cognata_sdk_ros2/msg/detail/bounding_box_msg__type_support.cpp.o[0m
[2.787s] [ 30%] [32mBuilding CXX object CMakeFiles/cognata_sdk_ros2__rosidl_typesupport_introspection_cpp.dir/rosidl_typesupport_introspection_cpp/cognata_sdk_ros2/msg/detail/annotation_msg__type_support.cpp.o[0m
[2.791s] [ 30%] [32mBuilding CXX object CMakeFiles/cognata_sdk_ros2__rosidl_typesupport_c.dir/rosidl_typesupport_c/cognata_sdk_ros2/msg/annotation_msg__type_support.cpp.o[0m
[2.824s] [ 31%] [32mBuilding CXX object CMakeFiles/cognata_sdk_ros2__rosidl_typesupport_c.dir/rosidl_typesupport_c/cognata_sdk_ros2/msg/bounding_box_msg__type_support.cpp.o[0m
[2.858s] [ 32%] [32mBuilding CXX object CMakeFiles/cognata_sdk_ros2__rosidl_typesupport_c.dir/rosidl_typesupport_c/cognata_sdk_ros2/msg/car_telemetries_msg__type_support.cpp.o[0m
[2.898s] [ 33%] [32mBuilding CXX object CMakeFiles/cognata_sdk_ros2__rosidl_typesupport_c.dir/rosidl_typesupport_c/cognata_sdk_ros2/msg/gps_additional_data__type_support.cpp.o[0m
[2.936s] [ 33%] [32mBuilding CXX object CMakeFiles/cognata_sdk_ros2__rosidl_typesupport_c.dir/rosidl_typesupport_c/cognata_sdk_ros2/msg/object_description__type_support.cpp.o[0m
[2.969s] [ 35%] [32mBuilding CXX object CMakeFiles/cognata_sdk_ros2__rosidl_typesupport_c.dir/rosidl_typesupport_c/cognata_sdk_ros2/msg/pedestrian_msg__type_support.cpp.o[0m
[2.969s] [ 35%] [32mBuilding CXX object CMakeFiles/cognata_sdk_ros2__rosidl_typesupport_c.dir/rosidl_typesupport_c/cognata_sdk_ros2/msg/radar_output_header__type_support.cpp.o[0m
[2.987s] [ 37%] [32mBuilding CXX object CMakeFiles/cognata_sdk_ros2__rosidl_typesupport_introspection_cpp.dir/rosidl_typesupport_introspection_cpp/cognata_sdk_ros2/msg/detail/object_description__type_support.cpp.o[0m
[2.987s] [ 37%] [32mBuilding CXX object CMakeFiles/cognata_sdk_ros2__rosidl_typesupport_c.dir/rosidl_typesupport_c/cognata_sdk_ros2/msg/roi_and_dogt_output__type_support.cpp.o[0m
[2.987s] [ 37%] [32mBuilding CXX object CMakeFiles/cognata_sdk_ros2__rosidl_typesupport_introspection_cpp.dir/rosidl_typesupport_introspection_cpp/cognata_sdk_ros2/msg/detail/pedestrian_msg__type_support.cpp.o[0m
[2.987s] [ 37%] [32mBuilding CXX object CMakeFiles/cognata_sdk_ros2__rosidl_typesupport_c.dir/rosidl_typesupport_c/cognata_sdk_ros2/msg/radar_output_target__type_support.cpp.o[0m
[2.992s] [ 38%] [32m[1mLinking CXX shared library libcognata_sdk_ros2__rosidl_typesupport_cpp.so[0m
[2.995s] [ 40%] [32mBuilding CXX object CMakeFiles/cognata_sdk_ros2__rosidl_typesupport_introspection_cpp.dir/rosidl_typesupport_introspection_cpp/cognata_sdk_ros2/msg/detail/radar_output_header__type_support.cpp.o[0m
[2.995s] [ 40%] [32mBuilding CXX object CMakeFiles/cognata_sdk_ros2__rosidl_typesupport_c.dir/rosidl_typesupport_c/cognata_sdk_ros2/msg/traffic_light_msg__type_support.cpp.o[0m
[3.003s] [ 42%] [32mBuilding CXX object CMakeFiles/cognata_sdk_ros2__rosidl_typesupport_introspection_cpp.dir/rosidl_typesupport_introspection_cpp/cognata_sdk_ros2/msg/detail/radar_output_target__type_support.cpp.o[0m
[3.003s] [ 42%] [32mBuilding CXX object CMakeFiles/cognata_sdk_ros2__rosidl_typesupport_c.dir/rosidl_typesupport_c/cognata_sdk_ros2/msg/wheel_msg__type_support.cpp.o[0m
[3.003s] [ 43%] [32mBuilding CXX object CMakeFiles/cognata_sdk_ros2__rosidl_typesupport_c.dir/rosidl_typesupport_c/cognata_sdk_ros2/msg/vehicle_msg__type_support.cpp.o[0m
[3.007s] [ 43%] [32mBuilding CXX object CMakeFiles/cognata_sdk_ros2__rosidl_typesupport_c.dir/rosidl_typesupport_c/cognata_sdk_ros2/msg/wheel_telemetries__type_support.cpp.o[0m
[3.012s] [ 44%] [32mBuilding CXX object CMakeFiles/cognata_sdk_ros2__rosidl_typesupport_introspection_cpp.dir/rosidl_typesupport_introspection_cpp/cognata_sdk_ros2/msg/detail/roi_and_dogt_output__type_support.cpp.o[0m
[3.012s] [35m[1mScanning dependencies of target cognata_sdk_ros2__rosidl_typesupport_fastrtps_cpp[0m
[3.018s] [ 44%] [32mBuilding CXX object CMakeFiles/cognata_sdk_ros2__rosidl_typesupport_introspection_cpp.dir/rosidl_typesupport_introspection_cpp/cognata_sdk_ros2/msg/detail/traffic_light_msg__type_support.cpp.o[0m
[3.021s] [ 45%] [32mBuilding CXX object CMakeFiles/cognata_sdk_ros2__rosidl_typesupport_introspection_cpp.dir/rosidl_typesupport_introspection_cpp/cognata_sdk_ros2/msg/detail/wheel_msg__type_support.cpp.o[0m
[3.022s] [ 46%] [32mBuilding CXX object CMakeFiles/cognata_sdk_ros2__rosidl_typesupport_introspection_cpp.dir/rosidl_typesupport_introspection_cpp/cognata_sdk_ros2/msg/detail/vehicle_msg__type_support.cpp.o[0m
[3.026s] [ 47%] [32mBuilding CXX object CMakeFiles/cognata_sdk_ros2__rosidl_typesupport_introspection_cpp.dir/rosidl_typesupport_introspection_cpp/cognata_sdk_ros2/msg/detail/wheel_telemetries__type_support.cpp.o[0m
[3.030s] [35m[1mScanning dependencies of target cognata_sdk_ros2__rosidl_typesupport_introspection_c[0m
[3.037s] [ 49%] [32mBuilding CXX object CMakeFiles/cognata_sdk_ros2__rosidl_typesupport_fastrtps_cpp.dir/rosidl_typesupport_fastrtps_cpp/cognata_sdk_ros2/msg/detail/dds_fastrtps/annotation_msg__type_support.cpp.o[0m
[3.037s] [ 49%] [32mBuilding CXX object CMakeFiles/cognata_sdk_ros2__rosidl_typesupport_fastrtps_cpp.dir/rosidl_typesupport_fastrtps_cpp/cognata_sdk_ros2/msg/detail/dds_fastrtps/bounding_box_msg__type_support.cpp.o[0m
[3.038s] [ 49%] [32mBuilding CXX object CMakeFiles/cognata_sdk_ros2__rosidl_typesupport_fastrtps_cpp.dir/rosidl_typesupport_fastrtps_cpp/cognata_sdk_ros2/msg/detail/dds_fastrtps/car_telemetries_msg__type_support.cpp.o[0m
[3.038s] [ 50%] [32mBuilding CXX object CMakeFiles/cognata_sdk_ros2__rosidl_typesupport_fastrtps_cpp.dir/rosidl_typesupport_fastrtps_cpp/cognata_sdk_ros2/msg/detail/dds_fastrtps/gps_additional_data__type_support.cpp.o[0m
[3.038s] [ 50%] Built target cognata_sdk_ros2__rosidl_typesupport_cpp
[3.040s] [ 51%] [32m[1mLinking CXX shared library libcognata_sdk_ros2__rosidl_typesupport_c.so[0m
[3.047s] [ 51%] [32mBuilding CXX object CMakeFiles/cognata_sdk_ros2__rosidl_typesupport_fastrtps_cpp.dir/rosidl_typesupport_fastrtps_cpp/cognata_sdk_ros2/msg/detail/dds_fastrtps/object_description__type_support.cpp.o[0m
[3.067s] [ 52%] [32mBuilding C object CMakeFiles/cognata_sdk_ros2__rosidl_typesupport_introspection_c.dir/rosidl_typesupport_introspection_c/cognata_sdk_ros2/msg/detail/annotation_msg__type_support.c.o[0m
[3.085s] [ 52%] Built target cognata_sdk_ros2__rosidl_typesupport_c
[3.095s] [ 53%] [32mBuilding CXX object CMakeFiles/cognata_sdk_ros2__rosidl_typesupport_fastrtps_cpp.dir/rosidl_typesupport_fastrtps_cpp/cognata_sdk_ros2/msg/detail/dds_fastrtps/pedestrian_msg__type_support.cpp.o[0m
[3.105s] [ 54%] [32mBuilding C object CMakeFiles/cognata_sdk_ros2__rosidl_typesupport_introspection_c.dir/rosidl_typesupport_introspection_c/cognata_sdk_ros2/msg/detail/bounding_box_msg__type_support.c.o[0m
[3.115s] [ 55%] [32mBuilding CXX object CMakeFiles/cognata_sdk_ros2__rosidl_typesupport_fastrtps_cpp.dir/rosidl_typesupport_fastrtps_cpp/cognata_sdk_ros2/msg/detail/dds_fastrtps/radar_output_header__type_support.cpp.o[0m
[3.123s] [ 56%] [32mBuilding CXX object CMakeFiles/cognata_sdk_ros2__rosidl_typesupport_fastrtps_cpp.dir/rosidl_typesupport_fastrtps_cpp/cognata_sdk_ros2/msg/detail/dds_fastrtps/radar_output_target__type_support.cpp.o[0m
[3.134s] [ 56%] [32mBuilding CXX object CMakeFiles/cognata_sdk_ros2__rosidl_typesupport_fastrtps_cpp.dir/rosidl_typesupport_fastrtps_cpp/cognata_sdk_ros2/msg/detail/dds_fastrtps/roi_and_dogt_output__type_support.cpp.o[0m
[3.140s] [ 56%] [32mBuilding C object CMakeFiles/cognata_sdk_ros2__rosidl_typesupport_introspection_c.dir/rosidl_typesupport_introspection_c/cognata_sdk_ros2/msg/detail/car_telemetries_msg__type_support.c.o[0m
[3.176s] [ 57%] [32mBuilding C object CMakeFiles/cognata_sdk_ros2__rosidl_typesupport_introspection_c.dir/rosidl_typesupport_introspection_c/cognata_sdk_ros2/msg/detail/gps_additional_data__type_support.c.o[0m
[3.180s] [ 58%] [32mBuilding C object CMakeFiles/cognata_sdk_ros2__rosidl_typesupport_introspection_c.dir/rosidl_typesupport_introspection_c/cognata_sdk_ros2/msg/detail/object_description__type_support.c.o[0m
[3.212s] [ 59%] [32mBuilding C object CMakeFiles/cognata_sdk_ros2__rosidl_typesupport_introspection_c.dir/rosidl_typesupport_introspection_c/cognata_sdk_ros2/msg/detail/pedestrian_msg__type_support.c.o[0m
[3.222s] [ 59%] [32mBuilding C object CMakeFiles/cognata_sdk_ros2__rosidl_typesupport_introspection_c.dir/rosidl_typesupport_introspection_c/cognata_sdk_ros2/msg/detail/radar_output_header__type_support.c.o[0m
[3.250s] [ 60%] [32mBuilding C object CMakeFiles/cognata_sdk_ros2__rosidl_typesupport_introspection_c.dir/rosidl_typesupport_introspection_c/cognata_sdk_ros2/msg/detail/radar_output_target__type_support.c.o[0m
[3.262s] [ 61%] [32mBuilding C object CMakeFiles/cognata_sdk_ros2__rosidl_typesupport_introspection_c.dir/rosidl_typesupport_introspection_c/cognata_sdk_ros2/msg/detail/roi_and_dogt_output__type_support.c.o[0m
[3.286s] [ 62%] [32mBuilding C object CMakeFiles/cognata_sdk_ros2__rosidl_typesupport_introspection_c.dir/rosidl_typesupport_introspection_c/cognata_sdk_ros2/msg/detail/traffic_light_msg__type_support.c.o[0m
[3.310s] [ 62%] [32mBuilding C object CMakeFiles/cognata_sdk_ros2__rosidl_typesupport_introspection_c.dir/rosidl_typesupport_introspection_c/cognata_sdk_ros2/msg/detail/vehicle_msg__type_support.c.o[0m
[3.323s] [ 63%] [32mBuilding C object CMakeFiles/cognata_sdk_ros2__rosidl_typesupport_introspection_c.dir/rosidl_typesupport_introspection_c/cognata_sdk_ros2/msg/detail/wheel_msg__type_support.c.o[0m
[3.337s] [ 65%] [32mBuilding CXX object CMakeFiles/cognata_sdk_ros2__rosidl_typesupport_fastrtps_cpp.dir/rosidl_typesupport_fastrtps_cpp/cognata_sdk_ros2/msg/detail/dds_fastrtps/traffic_light_msg__type_support.cpp.o[0m
[3.337s] [ 65%] [32mBuilding C object CMakeFiles/cognata_sdk_ros2__rosidl_typesupport_introspection_c.dir/rosidl_typesupport_introspection_c/cognata_sdk_ros2/msg/detail/wheel_telemetries__type_support.c.o[0m
[3.343s] [ 66%] [32mBuilding CXX object CMakeFiles/cognata_sdk_ros2__rosidl_typesupport_fastrtps_cpp.dir/rosidl_typesupport_fastrtps_cpp/cognata_sdk_ros2/msg/detail/dds_fastrtps/vehicle_msg__type_support.cpp.o[0m
[3.348s] [ 67%] [32mBuilding CXX object CMakeFiles/cognata_sdk_ros2__rosidl_typesupport_fastrtps_cpp.dir/rosidl_typesupport_fastrtps_cpp/cognata_sdk_ros2/msg/detail/dds_fastrtps/wheel_msg__type_support.cpp.o[0m
[3.356s] [ 68%] [32mBuilding CXX object CMakeFiles/cognata_sdk_ros2__rosidl_typesupport_fastrtps_cpp.dir/rosidl_typesupport_fastrtps_cpp/cognata_sdk_ros2/msg/detail/dds_fastrtps/wheel_telemetries__type_support.cpp.o[0m
[3.374s] [ 69%] [32m[1mLinking C shared library libcognata_sdk_ros2__rosidl_typesupport_introspection_c.so[0m
[3.412s] [ 69%] Built target cognata_sdk_ros2__rosidl_typesupport_introspection_c
[3.634s] [ 70%] [32m[1mLinking CXX shared library libcognata_sdk_ros2__rosidl_typesupport_introspection_cpp.so[0m
[3.694s] [ 70%] Built target cognata_sdk_ros2__rosidl_typesupport_introspection_cpp
[3.764s] [ 70%] [32m[1mLinking CXX shared library libcognata_sdk_ros2__rosidl_typesupport_fastrtps_cpp.so[0m
[3.824s] [ 70%] Built target cognata_sdk_ros2__rosidl_typesupport_fastrtps_cpp
[3.830s] [ 71%] [34m[1mGenerating C type support for eProsima Fast-RTPS[0m
[4.301s] [35m[1mScanning dependencies of target cognata_sdk_ros2__rosidl_typesupport_fastrtps_c[0m
[4.319s] [ 72%] [32mBuilding CXX object CMakeFiles/cognata_sdk_ros2__rosidl_typesupport_fastrtps_c.dir/rosidl_typesupport_fastrtps_c/cognata_sdk_ros2/msg/detail/car_telemetries_msg__type_support_c.cpp.o[0m
[4.320s] [ 73%] [32mBuilding CXX object CMakeFiles/cognata_sdk_ros2__rosidl_typesupport_fastrtps_c.dir/rosidl_typesupport_fastrtps_c/cognata_sdk_ros2/msg/detail/object_description__type_support_c.cpp.o[0m
[4.320s] [ 74%] [32mBuilding CXX object CMakeFiles/cognata_sdk_ros2__rosidl_typesupport_fastrtps_c.dir/rosidl_typesupport_fastrtps_c/cognata_sdk_ros2/msg/detail/radar_output_header__type_support_c.cpp.o[0m
[4.320s] [ 75%] [32mBuilding CXX object CMakeFiles/cognata_sdk_ros2__rosidl_typesupport_fastrtps_c.dir/rosidl_typesupport_fastrtps_c/cognata_sdk_ros2/msg/detail/radar_output_target__type_support_c.cpp.o[0m
[4.320s] [ 76%] [32mBuilding CXX object CMakeFiles/cognata_sdk_ros2__rosidl_typesupport_fastrtps_c.dir/rosidl_typesupport_fastrtps_c/cognata_sdk_ros2/msg/detail/roi_and_dogt_output__type_support_c.cpp.o[0m
[4.320s] [ 77%] [32mBuilding CXX object CMakeFiles/cognata_sdk_ros2__rosidl_typesupport_fastrtps_c.dir/rosidl_typesupport_fastrtps_c/cognata_sdk_ros2/msg/detail/annotation_msg__type_support_c.cpp.o[0m
[4.320s] [ 77%] [32mBuilding CXX object CMakeFiles/cognata_sdk_ros2__rosidl_typesupport_fastrtps_c.dir/rosidl_typesupport_fastrtps_c/cognata_sdk_ros2/msg/detail/bounding_box_msg__type_support_c.cpp.o[0m
[4.321s] [ 78%] [32mBuilding CXX object CMakeFiles/cognata_sdk_ros2__rosidl_typesupport_fastrtps_c.dir/rosidl_typesupport_fastrtps_c/cognata_sdk_ros2/msg/detail/gps_additional_data__type_support_c.cpp.o[0m
[4.321s] [ 78%] [32mBuilding CXX object CMakeFiles/cognata_sdk_ros2__rosidl_typesupport_fastrtps_c.dir/rosidl_typesupport_fastrtps_c/cognata_sdk_ros2/msg/detail/pedestrian_msg__type_support_c.cpp.o[0m
[4.322s] [ 78%] [32mBuilding CXX object CMakeFiles/cognata_sdk_ros2__rosidl_typesupport_fastrtps_c.dir/rosidl_typesupport_fastrtps_c/cognata_sdk_ros2/msg/detail/traffic_light_msg__type_support_c.cpp.o[0m
[4.322s] [ 79%] [32mBuilding CXX object CMakeFiles/cognata_sdk_ros2__rosidl_typesupport_fastrtps_c.dir/rosidl_typesupport_fastrtps_c/cognata_sdk_ros2/msg/detail/wheel_msg__type_support_c.cpp.o[0m
[4.322s] [ 80%] [32mBuilding CXX object CMakeFiles/cognata_sdk_ros2__rosidl_typesupport_fastrtps_c.dir/rosidl_typesupport_fastrtps_c/cognata_sdk_ros2/msg/detail/vehicle_msg__type_support_c.cpp.o[0m
[4.322s] [ 81%] [32mBuilding CXX object CMakeFiles/cognata_sdk_ros2__rosidl_typesupport_fastrtps_c.dir/rosidl_typesupport_fastrtps_c/cognata_sdk_ros2/msg/detail/wheel_telemetries__type_support_c.cpp.o[0m
[4.703s] [ 81%] [32m[1mLinking CXX shared library libcognata_sdk_ros2__rosidl_typesupport_fastrtps_c.so[0m
[4.756s] [ 81%] Built target cognata_sdk_ros2__rosidl_typesupport_fastrtps_c
[4.762s] [35m[1mScanning dependencies of target cognata_sdk_ros2[0m
[4.768s] [ 81%] Built target cognata_sdk_ros2
[4.774s] [35m[1mScanning dependencies of target cognata_sdk_ros2__py[0m
[4.774s] [35m[1mScanning dependencies of target ROS2SDK[0m
[4.780s] [ 82%] [34m[1mGenerating Python code for ROS interfaces[0m
[4.826s] [ 82%] [32mBuilding CXX object CMakeFiles/ROS2SDK.dir/src/ros_utility_funcs.cpp.o[0m
[4.830s] [ 83%] [32mBuilding CXX object CMakeFiles/ROS2SDK.dir/src/ros2_sample.cpp.o[0m
[4.830s] [ 84%] [32mBuilding CXX object CMakeFiles/ROS2SDK.dir/src/sensors.cpp.o[0m
[4.831s] [ 85%] [32mBuilding CXX object CMakeFiles/ROS2SDK.dir/src/main.cpp.o[0m
[5.911s] [ 85%] Built target cognata_sdk_ros2__py
[5.918s] [35m[1mScanning dependencies of target cognata_sdk_ros2__python[0m
[5.944s] [ 86%] [32mBuilding C object CMakeFiles/cognata_sdk_ros2__python.dir/rosidl_generator_py/cognata_sdk_ros2/msg/_gps_additional_data_s.c.o[0m
[5.945s] [ 87%] [32mBuilding C object CMakeFiles/cognata_sdk_ros2__python.dir/rosidl_generator_py/cognata_sdk_ros2/msg/_bounding_box_msg_s.c.o[0m
[5.945s] [ 87%] [32mBuilding C object CMakeFiles/cognata_sdk_ros2__python.dir/rosidl_generator_py/cognata_sdk_ros2/msg/_car_telemetries_msg_s.c.o[0m
[5.945s] [ 88%] [32mBuilding C object CMakeFiles/cognata_sdk_ros2__python.dir/rosidl_generator_py/cognata_sdk_ros2/msg/_annotation_msg_s.c.o[0m
[5.945s] [ 89%] [32mBuilding C object CMakeFiles/cognata_sdk_ros2__python.dir/rosidl_generator_py/cognata_sdk_ros2/msg/_object_description_s.c.o[0m
[5.946s] [ 89%] [32mBuilding C object CMakeFiles/cognata_sdk_ros2__python.dir/rosidl_generator_py/cognata_sdk_ros2/msg/_pedestrian_msg_s.c.o[0m
[5.946s] [ 90%] [32mBuilding C object CMakeFiles/cognata_sdk_ros2__python.dir/rosidl_generator_py/cognata_sdk_ros2/msg/_radar_output_header_s.c.o[0m
[5.946s] [ 91%] [32mBuilding C object CMakeFiles/cognata_sdk_ros2__python.dir/rosidl_generator_py/cognata_sdk_ros2/msg/_roi_and_dogt_output_s.c.o[0m
[5.946s] [ 91%] [32mBuilding C object CMakeFiles/cognata_sdk_ros2__python.dir/rosidl_generator_py/cognata_sdk_ros2/msg/_traffic_light_msg_s.c.o[0m
[5.946s] [ 92%] [32mBuilding C object CMakeFiles/cognata_sdk_ros2__python.dir/rosidl_generator_py/cognata_sdk_ros2/msg/_radar_output_target_s.c.o[0m
[5.947s] [ 93%] [32mBuilding C object CMakeFiles/cognata_sdk_ros2__python.dir/rosidl_generator_py/cognata_sdk_ros2/msg/_wheel_telemetries_s.c.o[0m
[5.947s] [ 94%] [32mBuilding C object CMakeFiles/cognata_sdk_ros2__python.dir/rosidl_generator_py/cognata_sdk_ros2/msg/_vehicle_msg_s.c.o[0m
[5.947s] [ 95%] [32mBuilding C object CMakeFiles/cognata_sdk_ros2__python.dir/rosidl_generator_py/cognata_sdk_ros2/msg/_wheel_msg_s.c.o[0m
[6.057s] [ 95%] [32m[1mLinking C shared library rosidl_generator_py/cognata_sdk_ros2/libcognata_sdk_ros2__python.so[0m
[6.089s] [ 95%] Built target cognata_sdk_ros2__python
[6.096s] [35m[1mScanning dependencies of target cognata_sdk_ros2__rosidl_typesupport_c__pyext[0m
[6.096s] [35m[1mScanning dependencies of target cognata_sdk_ros2__rosidl_typesupport_introspection_c__pyext[0m
[6.096s] [35m[1mScanning dependencies of target cognata_sdk_ros2__rosidl_typesupport_fastrtps_c__pyext[0m
[6.109s] [ 96%] [32mBuilding C object CMakeFiles/cognata_sdk_ros2__rosidl_typesupport_c__pyext.dir/rosidl_generator_py/cognata_sdk_ros2/_cognata_sdk_ros2_s.ep.rosidl_typesupport_c.c.o[0m
[6.109s] [ 96%] [32mBuilding C object CMakeFiles/cognata_sdk_ros2__rosidl_typesupport_introspection_c__pyext.dir/rosidl_generator_py/cognata_sdk_ros2/_cognata_sdk_ros2_s.ep.rosidl_typesupport_introspection_c.c.o[0m
[6.109s] [ 97%] [32mBuilding C object CMakeFiles/cognata_sdk_ros2__rosidl_typesupport_fastrtps_c__pyext.dir/rosidl_generator_py/cognata_sdk_ros2/_cognata_sdk_ros2_s.ep.rosidl_typesupport_fastrtps_c.c.o[0m
[6.187s] [ 99%] [32m[1mLinking C shared library rosidl_generator_py/cognata_sdk_ros2/cognata_sdk_ros2_s__rosidl_typesupport_c.cpython-38-x86_64-linux-gnu.so[0m
[6.187s] [ 99%] [32m[1mLinking C shared library rosidl_generator_py/cognata_sdk_ros2/cognata_sdk_ros2_s__rosidl_typesupport_introspection_c.cpython-38-x86_64-linux-gnu.so[0m
[6.188s] [100%] [32m[1mLinking CXX shared library rosidl_generator_py/cognata_sdk_ros2/cognata_sdk_ros2_s__rosidl_typesupport_fastrtps_c.cpython-38-x86_64-linux-gnu.so[0m
[6.213s] [100%] Built target cognata_sdk_ros2__rosidl_typesupport_introspection_c__pyext
[6.213s] [100%] Built target cognata_sdk_ros2__rosidl_typesupport_c__pyext
[6.234s] [100%] Built target cognata_sdk_ros2__rosidl_typesupport_fastrtps_c__pyext
[6.906s] [01m[K/home/kcg/copy/ROS2Sample/src/cognata_sdk_ros2/src/ros2_sample.cpp:[m[K In member function ‘[01m[Kvoid SampleCode::initSimEngineCarDriver()[m[K’:
[6.906s] [01m[K/home/kcg/copy/ROS2Sample/src/cognata_sdk_ros2/src/ros2_sample.cpp:1095:88:[m[K [01;35m[Kwarning: [m[K‘[01m[KCognata::SDK::CognataErr Cognata::SDK::CognataSim::sendCarControlAccelerationCmd(uint32_t, float)[m[K’ is deprecated [[01;35m[K-Wdeprecated-declarations[m[K]
[6.906s]  1095 |         m_Err = m_Sim->sendCarControlAccelerationCmd(EgoCarNumber,m_SrvGas - m_SrvBrake[01;35m[K)[m[K;
[6.906s]       |                                                                                        [01;35m[K^[m[K
[6.906s] In file included from [01m[K/home/kcg/copy/ROS2Sample/src/cognata_sdk_ros2/src/ros2_sample.cpp:12[m[K:
[6.906s] [01m[K/home/kcg/copy/ROS2Sample/src/cognata_sdk_ros2/include/SDKIncludes/CognataSim.h:1612:16:[m[K [01;36m[Knote: [m[Kdeclared here
[6.906s]  1612 |     CognataErr [01;36m[KsendCarControlAccelerationCmd[m[K(uint32_t carID, float accelerationValue);
[6.907s]       |                [01;36m[K^~~~~~~~~~~~~~~~~~~~~~~~~~~~~[m[K
[6.927s] [01m[K/home/kcg/copy/ROS2Sample/src/cognata_sdk_ros2/src/ros2_sample.cpp:[m[K In member function ‘[01m[Kvoid SampleCode::carAccelerationCMDCallback(std_msgs::msg::Float32_<std::allocator<void> >::SharedPtr)[m[K’:
[6.927s] [01m[K/home/kcg/copy/ROS2Sample/src/cognata_sdk_ros2/src/ros2_sample.cpp:1521:80:[m[K [01;35m[Kwarning: [m[K‘[01m[KCognata::SDK::CognataErr Cognata::SDK::CognataSim::sendCarControlAccelerationCmd(uint32_t, float)[m[K’ is deprecated [[01;35m[K-Wdeprecated-declarations[m[K]
[6.927s]  1521 |     m_Err = m_Sim->sendCarControlAccelerationCmd(EgoCarNumber,m_SrvAcceleration[01;35m[K)[m[K;
[6.927s]       |                                                                                [01;35m[K^[m[K
[6.927s] In file included from [01m[K/home/kcg/copy/ROS2Sample/src/cognata_sdk_ros2/src/ros2_sample.cpp:12[m[K:
[6.928s] [01m[K/home/kcg/copy/ROS2Sample/src/cognata_sdk_ros2/include/SDKIncludes/CognataSim.h:1612:16:[m[K [01;36m[Knote: [m[Kdeclared here
[6.928s]  1612 |     CognataErr [01;36m[KsendCarControlAccelerationCmd[m[K(uint32_t carID, float accelerationValue);
[6.928s]       |                [01;36m[K^~~~~~~~~~~~~~~~~~~~~~~~~~~~~[m[K
[14.702s] [100%] [32m[1mLinking CXX executable ROS2SDK[0m
[15.281s] [100%] Built target ROS2SDK
[15.288s] Invoked command in '/home/kcg/copy/ROS2Sample/build/cognata_sdk_ros2' returned '0': CMAKE_PREFIX_PATH=/opt/ros/foxy /usr/bin/cmake --build /home/kcg/copy/ROS2Sample/build/cognata_sdk_ros2 -- -j20 -l20
[15.408s] Invoking command in '/home/kcg/copy/ROS2Sample/build/cognata_sdk_ros2': CMAKE_PREFIX_PATH=/opt/ros/foxy /usr/bin/cmake --install /home/kcg/copy/ROS2Sample/build/cognata_sdk_ros2
[15.412s] -- Install configuration: ""
[15.413s] -- Installing: /home/kcg/copy/ROS2Sample/install/cognata_sdk_ros2/share/ament_index/resource_index/rosidl_interfaces/cognata_sdk_ros2
[15.413s] -- Installing: /home/kcg/copy/ROS2Sample/install/cognata_sdk_ros2/include/cognata_sdk_ros2
[15.413s] -- Installing: /home/kcg/copy/ROS2Sample/install/cognata_sdk_ros2/include/cognata_sdk_ros2/msg
[15.413s] -- Installing: /home/kcg/copy/ROS2Sample/install/cognata_sdk_ros2/include/cognata_sdk_ros2/msg/bounding_box_msg.h
[15.413s] -- Installing: /home/kcg/copy/ROS2Sample/install/cognata_sdk_ros2/include/cognata_sdk_ros2/msg/roi_and_dogt_output.h
[15.413s] -- Installing: /home/kcg/copy/ROS2Sample/install/cognata_sdk_ros2/include/cognata_sdk_ros2/msg/radar_output_target.h
[15.413s] -- Installing: /home/kcg/copy/ROS2Sample/install/cognata_sdk_ros2/include/cognata_sdk_ros2/msg/object_description.h
[15.413s] -- Installing: /home/kcg/copy/ROS2Sample/install/cognata_sdk_ros2/include/cognata_sdk_ros2/msg/annotation_msg.h
[15.413s] -- Installing: /home/kcg/copy/ROS2Sample/install/cognata_sdk_ros2/include/cognata_sdk_ros2/msg/traffic_light_msg.h
[15.413s] -- Installing: /home/kcg/copy/ROS2Sample/install/cognata_sdk_ros2/include/cognata_sdk_ros2/msg/pedestrian_msg.h
[15.413s] -- Installing: /home/kcg/copy/ROS2Sample/install/cognata_sdk_ros2/include/cognata_sdk_ros2/msg/radar_output_header.h
[15.413s] -- Installing: /home/kcg/copy/ROS2Sample/install/cognata_sdk_ros2/include/cognata_sdk_ros2/msg/wheel_msg.h
[15.414s] -- Installing: /home/kcg/copy/ROS2Sample/install/cognata_sdk_ros2/include/cognata_sdk_ros2/msg/car_telemetries_msg.h
[15.414s] -- Installing: /home/kcg/copy/ROS2Sample/install/cognata_sdk_ros2/include/cognata_sdk_ros2/msg/wheel_telemetries.h
[15.414s] -- Installing: /home/kcg/copy/ROS2Sample/install/cognata_sdk_ros2/include/cognata_sdk_ros2/msg/vehicle_msg.h
[15.414s] -- Installing: /home/kcg/copy/ROS2Sample/install/cognata_sdk_ros2/include/cognata_sdk_ros2/msg/rosidl_generator_c__visibility_control.h
[15.414s] -- Installing: /home/kcg/copy/ROS2Sample/install/cognata_sdk_ros2/include/cognata_sdk_ros2/msg/gps_additional_data.h
[15.414s] -- Installing: /home/kcg/copy/ROS2Sample/install/cognata_sdk_ros2/include/cognata_sdk_ros2/msg/detail
[15.414s] -- Installing: /home/kcg/copy/ROS2Sample/install/cognata_sdk_ros2/include/cognata_sdk_ros2/msg/detail/roi_and_dogt_output__type_support.h
[15.414s] -- Installing: /home/kcg/copy/ROS2Sample/install/cognata_sdk_ros2/include/cognata_sdk_ros2/msg/detail/car_telemetries_msg__type_support.h
[15.414s] -- Installing: /home/kcg/copy/ROS2Sample/install/cognata_sdk_ros2/include/cognata_sdk_ros2/msg/detail/wheel_telemetries__functions.c
[15.414s] -- Installing: /home/kcg/copy/ROS2Sample/install/cognata_sdk_ros2/include/cognata_sdk_ros2/msg/detail/bounding_box_msg__functions.h
[15.414s] -- Installing: /home/kcg/copy/ROS2Sample/install/cognata_sdk_ros2/include/cognata_sdk_ros2/msg/detail/wheel_msg__functions.h
[15.414s] -- Installing: /home/kcg/copy/ROS2Sample/install/cognata_sdk_ros2/include/cognata_sdk_ros2/msg/detail/vehicle_msg__struct.h
[15.414s] -- Installing: /home/kcg/copy/ROS2Sample/install/cognata_sdk_ros2/include/cognata_sdk_ros2/msg/detail/vehicle_msg__functions.h
[15.414s] -- Installing: /home/kcg/copy/ROS2Sample/install/cognata_sdk_ros2/include/cognata_sdk_ros2/msg/detail/traffic_light_msg__type_support.h
[15.414s] -- Installing: /home/kcg/copy/ROS2Sample/install/cognata_sdk_ros2/include/cognata_sdk_ros2/msg/detail/radar_output_header__functions.c
[15.414s] -- Installing: /home/kcg/copy/ROS2Sample/install/cognata_sdk_ros2/include/cognata_sdk_ros2/msg/detail/bounding_box_msg__type_support.h
[15.414s] -- Installing: /home/kcg/copy/ROS2Sample/install/cognata_sdk_ros2/include/cognata_sdk_ros2/msg/detail/roi_and_dogt_output__functions.c
[15.414s] -- Installing: /home/kcg/copy/ROS2Sample/install/cognata_sdk_ros2/include/cognata_sdk_ros2/msg/detail/gps_additional_data__type_support.h
[15.415s] -- Installing: /home/kcg/copy/ROS2Sample/install/cognata_sdk_ros2/include/cognata_sdk_ros2/msg/detail/wheel_telemetries__functions.h
[15.415s] -- Installing: /home/kcg/copy/ROS2Sample/install/cognata_sdk_ros2/include/cognata_sdk_ros2/msg/detail/wheel_telemetries__type_support.h
[15.415s] -- Installing: /home/kcg/copy/ROS2Sample/install/cognata_sdk_ros2/include/cognata_sdk_ros2/msg/detail/object_description__functions.c
[15.415s] -- Installing: /home/kcg/copy/ROS2Sample/install/cognata_sdk_ros2/include/cognata_sdk_ros2/msg/detail/radar_output_header__functions.h
[15.415s] -- Installing: /home/kcg/copy/ROS2Sample/install/cognata_sdk_ros2/include/cognata_sdk_ros2/msg/detail/roi_and_dogt_output__struct.h
[15.415s] -- Installing: /home/kcg/copy/ROS2Sample/install/cognata_sdk_ros2/include/cognata_sdk_ros2/msg/detail/wheel_msg__functions.c
[15.415s] -- Installing: /home/kcg/copy/ROS2Sample/install/cognata_sdk_ros2/include/cognata_sdk_ros2/msg/detail/traffic_light_msg__functions.c
[15.415s] -- Installing: /home/kcg/copy/ROS2Sample/install/cognata_sdk_ros2/include/cognata_sdk_ros2/msg/detail/roi_and_dogt_output__functions.h
[15.415s] -- Installing: /home/kcg/copy/ROS2Sample/install/cognata_sdk_ros2/include/cognata_sdk_ros2/msg/detail/car_telemetries_msg__struct.h
[15.415s] -- Installing: /home/kcg/copy/ROS2Sample/install/cognata_sdk_ros2/include/cognata_sdk_ros2/msg/detail/object_description__struct.h
[15.415s] -- Installing: /home/kcg/copy/ROS2Sample/install/cognata_sdk_ros2/include/cognata_sdk_ros2/msg/detail/wheel_telemetries__struct.h
[15.415s] -- Installing: /home/kcg/copy/ROS2Sample/install/cognata_sdk_ros2/include/cognata_sdk_ros2/msg/detail/radar_output_target__struct.h
[15.415s] -- Installing: /home/kcg/copy/ROS2Sample/install/cognata_sdk_ros2/include/cognata_sdk_ros2/msg/detail/radar_output_target__functions.c
[15.415s] -- Installing: /home/kcg/copy/ROS2Sample/install/cognata_sdk_ros2/include/cognata_sdk_ros2/msg/detail/traffic_light_msg__struct.h
[15.415s] -- Installing: /home/kcg/copy/ROS2Sample/install/cognata_sdk_ros2/include/cognata_sdk_ros2/msg/detail/car_telemetries_msg__functions.h
[15.415s] -- Installing: /home/kcg/copy/ROS2Sample/install/cognata_sdk_ros2/include/cognata_sdk_ros2/msg/detail/gps_additional_data__struct.h
[15.415s] -- Installing: /home/kcg/copy/ROS2Sample/install/cognata_sdk_ros2/include/cognata_sdk_ros2/msg/detail/object_description__functions.h
[15.415s] -- Installing: /home/kcg/copy/ROS2Sample/install/cognata_sdk_ros2/include/cognata_sdk_ros2/msg/detail/radar_output_header__struct.h
[15.415s] -- Installing: /home/kcg/copy/ROS2Sample/install/cognata_sdk_ros2/include/cognata_sdk_ros2/msg/detail/pedestrian_msg__struct.h
[15.416s] -- Installing: /home/kcg/copy/ROS2Sample/install/cognata_sdk_ros2/include/cognata_sdk_ros2/msg/detail/annotation_msg__functions.h
[15.416s] -- Installing: /home/kcg/copy/ROS2Sample/install/cognata_sdk_ros2/include/cognata_sdk_ros2/msg/detail/radar_output_target__functions.h
[15.416s] -- Installing: /home/kcg/copy/ROS2Sample/install/cognata_sdk_ros2/include/cognata_sdk_ros2/msg/detail/annotation_msg__functions.c
[15.416s] -- Installing: /home/kcg/copy/ROS2Sample/install/cognata_sdk_ros2/include/cognata_sdk_ros2/msg/detail/radar_output_target__type_support.h
[15.416s] -- Installing: /home/kcg/copy/ROS2Sample/install/cognata_sdk_ros2/include/cognata_sdk_ros2/msg/detail/radar_output_header__type_support.h
[15.416s] -- Installing: /home/kcg/copy/ROS2Sample/install/cognata_sdk_ros2/include/cognata_sdk_ros2/msg/detail/wheel_msg__struct.h
[15.416s] -- Installing: /home/kcg/copy/ROS2Sample/install/cognata_sdk_ros2/include/cognata_sdk_ros2/msg/detail/object_description__type_support.h
[15.416s] -- Installing: /home/kcg/copy/ROS2Sample/install/cognata_sdk_ros2/include/cognata_sdk_ros2/msg/detail/bounding_box_msg__struct.h
[15.416s] -- Installing: /home/kcg/copy/ROS2Sample/install/cognata_sdk_ros2/include/cognata_sdk_ros2/msg/detail/wheel_msg__type_support.h
[15.416s] -- Installing: /home/kcg/copy/ROS2Sample/install/cognata_sdk_ros2/include/cognata_sdk_ros2/msg/detail/gps_additional_data__functions.h
[15.416s] -- Installing: /home/kcg/copy/ROS2Sample/install/cognata_sdk_ros2/include/cognata_sdk_ros2/msg/detail/pedestrian_msg__type_support.h
[15.416s] -- Installing: /home/kcg/copy/ROS2Sample/install/cognata_sdk_ros2/include/cognata_sdk_ros2/msg/detail/vehicle_msg__functions.c
[15.416s] -- Installing: /home/kcg/copy/ROS2Sample/install/cognata_sdk_ros2/include/cognata_sdk_ros2/msg/detail/annotation_msg__struct.h
[15.416s] -- Installing: /home/kcg/copy/ROS2Sample/install/cognata_sdk_ros2/include/cognata_sdk_ros2/msg/detail/gps_additional_data__functions.c
[15.416s] -- Installing: /home/kcg/copy/ROS2Sample/install/cognata_sdk_ros2/include/cognata_sdk_ros2/msg/detail/traffic_light_msg__functions.h
[15.416s] -- Installing: /home/kcg/copy/ROS2Sample/install/cognata_sdk_ros2/include/cognata_sdk_ros2/msg/detail/car_telemetries_msg__functions.c
[15.416s] -- Installing: /home/kcg/copy/ROS2Sample/install/cognata_sdk_ros2/include/cognata_sdk_ros2/msg/detail/pedestrian_msg__functions.c
[15.416s] -- Installing: /home/kcg/copy/ROS2Sample/install/cognata_sdk_ros2/include/cognata_sdk_ros2/msg/detail/vehicle_msg__type_support.h
[15.416s] -- Installing: /home/kcg/copy/ROS2Sample/install/cognata_sdk_ros2/include/cognata_sdk_ros2/msg/detail/annotation_msg__type_support.h
[15.417s] -- Installing: /home/kcg/copy/ROS2Sample/install/cognata_sdk_ros2/include/cognata_sdk_ros2/msg/detail/bounding_box_msg__functions.c
[15.417s] -- Installing: /home/kcg/copy/ROS2Sample/install/cognata_sdk_ros2/include/cognata_sdk_ros2/msg/detail/pedestrian_msg__functions.h
[15.417s] -- Installing: /home/kcg/copy/ROS2Sample/install/cognata_sdk_ros2/share/cognata_sdk_ros2/environment/library_path.sh
[15.417s] -- Installing: /home/kcg/copy/ROS2Sample/install/cognata_sdk_ros2/share/cognata_sdk_ros2/environment/library_path.dsv
[15.417s] -- Installing: /home/kcg/copy/ROS2Sample/install/cognata_sdk_ros2/lib/libcognata_sdk_ros2__rosidl_generator_c.so
[15.417s] -- Set runtime path of "/home/kcg/copy/ROS2Sample/install/cognata_sdk_ros2/lib/libcognata_sdk_ros2__rosidl_generator_c.so" to ""
[15.417s] -- Up-to-date: /home/kcg/copy/ROS2Sample/install/cognata_sdk_ros2/include/cognata_sdk_ros2
[15.417s] -- Up-to-date: /home/kcg/copy/ROS2Sample/install/cognata_sdk_ros2/include/cognata_sdk_ros2/msg
[15.417s] -- Installing: /home/kcg/copy/ROS2Sample/install/cognata_sdk_ros2/include/cognata_sdk_ros2/msg/rosidl_typesupport_fastrtps_c__visibility_control.h
[15.417s] -- Up-to-date: /home/kcg/copy/ROS2Sample/install/cognata_sdk_ros2/include/cognata_sdk_ros2/msg/detail
[15.418s] -- Installing: /home/kcg/copy/ROS2Sample/install/cognata_sdk_ros2/include/cognata_sdk_ros2/msg/detail/radar_output_target__rosidl_typesupport_fastrtps_c.h
[15.418s] -- Installing: /home/kcg/copy/ROS2Sample/install/cognata_sdk_ros2/include/cognata_sdk_ros2/msg/detail/wheel_telemetries__rosidl_typesupport_fastrtps_c.h
[15.418s] -- Installing: /home/kcg/copy/ROS2Sample/install/cognata_sdk_ros2/include/cognata_sdk_ros2/msg/detail/annotation_msg__rosidl_typesupport_fastrtps_c.h
[15.418s] -- Installing: /home/kcg/copy/ROS2Sample/install/cognata_sdk_ros2/include/cognata_sdk_ros2/msg/detail/bounding_box_msg__rosidl_typesupport_fastrtps_c.h
[15.418s] -- Installing: /home/kcg/copy/ROS2Sample/install/cognata_sdk_ros2/include/cognata_sdk_ros2/msg/detail/wheel_msg__rosidl_typesupport_fastrtps_c.h
[15.418s] -- Installing: /home/kcg/copy/ROS2Sample/install/cognata_sdk_ros2/include/cognata_sdk_ros2/msg/detail/traffic_light_msg__rosidl_typesupport_fastrtps_c.h
[15.418s] -- Installing: /home/kcg/copy/ROS2Sample/install/cognata_sdk_ros2/include/cognata_sdk_ros2/msg/detail/radar_output_header__rosidl_typesupport_fastrtps_c.h
[15.418s] -- Installing: /home/kcg/copy/ROS2Sample/install/cognata_sdk_ros2/include/cognata_sdk_ros2/msg/detail/car_telemetries_msg__rosidl_typesupport_fastrtps_c.h
[15.418s] -- Installing: /home/kcg/copy/ROS2Sample/install/cognata_sdk_ros2/include/cognata_sdk_ros2/msg/detail/roi_and_dogt_output__rosidl_typesupport_fastrtps_c.h
[15.418s] -- Installing: /home/kcg/copy/ROS2Sample/install/cognata_sdk_ros2/include/cognata_sdk_ros2/msg/detail/gps_additional_data__rosidl_typesupport_fastrtps_c.h
[15.418s] -- Installing: /home/kcg/copy/ROS2Sample/install/cognata_sdk_ros2/include/cognata_sdk_ros2/msg/detail/pedestrian_msg__rosidl_typesupport_fastrtps_c.h
[15.418s] -- Installing: /home/kcg/copy/ROS2Sample/install/cognata_sdk_ros2/include/cognata_sdk_ros2/msg/detail/vehicle_msg__rosidl_typesupport_fastrtps_c.h
[15.418s] -- Installing: /home/kcg/copy/ROS2Sample/install/cognata_sdk_ros2/include/cognata_sdk_ros2/msg/detail/object_description__rosidl_typesupport_fastrtps_c.h
[15.418s] -- Installing: /home/kcg/copy/ROS2Sample/install/cognata_sdk_ros2/lib/libcognata_sdk_ros2__rosidl_typesupport_fastrtps_c.so
[15.418s] -- Set runtime path of "/home/kcg/copy/ROS2Sample/install/cognata_sdk_ros2/lib/libcognata_sdk_ros2__rosidl_typesupport_fastrtps_c.so" to ""
[15.418s] -- Up-to-date: /home/kcg/copy/ROS2Sample/install/cognata_sdk_ros2/include/cognata_sdk_ros2
[15.418s] -- Up-to-date: /home/kcg/copy/ROS2Sample/install/cognata_sdk_ros2/include/cognata_sdk_ros2/msg
[15.419s] -- Installing: /home/kcg/copy/ROS2Sample/install/cognata_sdk_ros2/include/cognata_sdk_ros2/msg/rosidl_typesupport_fastrtps_cpp__visibility_control.h
[15.419s] -- Up-to-date: /home/kcg/copy/ROS2Sample/install/cognata_sdk_ros2/include/cognata_sdk_ros2/msg/detail
[15.419s] -- Installing: /home/kcg/copy/ROS2Sample/install/cognata_sdk_ros2/include/cognata_sdk_ros2/msg/detail/radar_output_header__rosidl_typesupport_fastrtps_cpp.hpp
[15.419s] -- Installing: /home/kcg/copy/ROS2Sample/install/cognata_sdk_ros2/include/cognata_sdk_ros2/msg/detail/bounding_box_msg__rosidl_typesupport_fastrtps_cpp.hpp
[15.419s] -- Installing: /home/kcg/copy/ROS2Sample/install/cognata_sdk_ros2/include/cognata_sdk_ros2/msg/detail/wheel_msg__rosidl_typesupport_fastrtps_cpp.hpp
[15.419s] -- Installing: /home/kcg/copy/ROS2Sample/install/cognata_sdk_ros2/include/cognata_sdk_ros2/msg/detail/vehicle_msg__rosidl_typesupport_fastrtps_cpp.hpp
[15.419s] -- Installing: /home/kcg/copy/ROS2Sample/install/cognata_sdk_ros2/include/cognata_sdk_ros2/msg/detail/pedestrian_msg__rosidl_typesupport_fastrtps_cpp.hpp
[15.419s] -- Installing: /home/kcg/copy/ROS2Sample/install/cognata_sdk_ros2/include/cognata_sdk_ros2/msg/detail/radar_output_target__rosidl_typesupport_fastrtps_cpp.hpp
[15.419s] -- Installing: /home/kcg/copy/ROS2Sample/install/cognata_sdk_ros2/include/cognata_sdk_ros2/msg/detail/object_description__rosidl_typesupport_fastrtps_cpp.hpp
[15.419s] -- Installing: /home/kcg/copy/ROS2Sample/install/cognata_sdk_ros2/include/cognata_sdk_ros2/msg/detail/dds_fastrtps
[15.419s] -- Installing: /home/kcg/copy/ROS2Sample/install/cognata_sdk_ros2/include/cognata_sdk_ros2/msg/detail/annotation_msg__rosidl_typesupport_fastrtps_cpp.hpp
[15.419s] -- Installing: /home/kcg/copy/ROS2Sample/install/cognata_sdk_ros2/include/cognata_sdk_ros2/msg/detail/roi_and_dogt_output__rosidl_typesupport_fastrtps_cpp.hpp
[15.419s] -- Installing: /home/kcg/copy/ROS2Sample/install/cognata_sdk_ros2/include/cognata_sdk_ros2/msg/detail/car_telemetries_msg__rosidl_typesupport_fastrtps_cpp.hpp
[15.419s] -- Installing: /home/kcg/copy/ROS2Sample/install/cognata_sdk_ros2/include/cognata_sdk_ros2/msg/detail/wheel_telemetries__rosidl_typesupport_fastrtps_cpp.hpp
[15.419s] -- Installing: /home/kcg/copy/ROS2Sample/install/cognata_sdk_ros2/include/cognata_sdk_ros2/msg/detail/traffic_light_msg__rosidl_typesupport_fastrtps_cpp.hpp
[15.419s] -- Installing: /home/kcg/copy/ROS2Sample/install/cognata_sdk_ros2/include/cognata_sdk_ros2/msg/detail/gps_additional_data__rosidl_typesupport_fastrtps_cpp.hpp
[15.419s] -- Installing: /home/kcg/copy/ROS2Sample/install/cognata_sdk_ros2/lib/libcognata_sdk_ros2__rosidl_typesupport_fastrtps_cpp.so
[15.420s] -- Set runtime path of "/home/kcg/copy/ROS2Sample/install/cognata_sdk_ros2/lib/libcognata_sdk_ros2__rosidl_typesupport_fastrtps_cpp.so" to ""
[15.420s] -- Up-to-date: /home/kcg/copy/ROS2Sample/install/cognata_sdk_ros2/include/cognata_sdk_ros2
[15.420s] -- Up-to-date: /home/kcg/copy/ROS2Sample/install/cognata_sdk_ros2/include/cognata_sdk_ros2/msg
[15.420s] -- Installing: /home/kcg/copy/ROS2Sample/install/cognata_sdk_ros2/include/cognata_sdk_ros2/msg/rosidl_typesupport_introspection_c__visibility_control.h
[15.420s] -- Up-to-date: /home/kcg/copy/ROS2Sample/install/cognata_sdk_ros2/include/cognata_sdk_ros2/msg/detail
[15.420s] -- Installing: /home/kcg/copy/ROS2Sample/install/cognata_sdk_ros2/include/cognata_sdk_ros2/msg/detail/vehicle_msg__rosidl_typesupport_introspection_c.h
[15.420s] -- Installing: /home/kcg/copy/ROS2Sample/install/cognata_sdk_ros2/include/cognata_sdk_ros2/msg/detail/vehicle_msg__type_support.c
[15.420s] -- Installing: /home/kcg/copy/ROS2Sample/install/cognata_sdk_ros2/include/cognata_sdk_ros2/msg/detail/annotation_msg__type_support.c
[15.420s] -- Installing: /home/kcg/copy/ROS2Sample/install/cognata_sdk_ros2/include/cognata_sdk_ros2/msg/detail/gps_additional_data__rosidl_typesupport_introspection_c.h
[15.420s] -- Installing: /home/kcg/copy/ROS2Sample/install/cognata_sdk_ros2/include/cognata_sdk_ros2/msg/detail/gps_additional_data__type_support.c
[15.420s] -- Installing: /home/kcg/copy/ROS2Sample/install/cognata_sdk_ros2/include/cognata_sdk_ros2/msg/detail/wheel_msg__rosidl_typesupport_introspection_c.h
[15.420s] -- Installing: /home/kcg/copy/ROS2Sample/install/cognata_sdk_ros2/include/cognata_sdk_ros2/msg/detail/radar_output_target__rosidl_typesupport_introspection_c.h
[15.420s] -- Installing: /home/kcg/copy/ROS2Sample/install/cognata_sdk_ros2/include/cognata_sdk_ros2/msg/detail/car_telemetries_msg__rosidl_typesupport_introspection_c.h
[15.420s] -- Installing: /home/kcg/copy/ROS2Sample/install/cognata_sdk_ros2/include/cognata_sdk_ros2/msg/detail/object_description__rosidl_typesupport_introspection_c.h
[15.420s] -- Installing: /home/kcg/copy/ROS2Sample/install/cognata_sdk_ros2/include/cognata_sdk_ros2/msg/detail/traffic_light_msg__rosidl_typesupport_introspection_c.h
[15.420s] -- Installing: /home/kcg/copy/ROS2Sample/install/cognata_sdk_ros2/include/cognata_sdk_ros2/msg/detail/pedestrian_msg__type_support.c
[15.421s] -- Installing: /home/kcg/copy/ROS2Sample/install/cognata_sdk_ros2/include/cognata_sdk_ros2/msg/detail/car_telemetries_msg__type_support.c
[15.421s] -- Installing: /home/kcg/copy/ROS2Sample/install/cognata_sdk_ros2/include/cognata_sdk_ros2/msg/detail/wheel_telemetries__rosidl_typesupport_introspection_c.h
[15.421s] -- Installing: /home/kcg/copy/ROS2Sample/install/cognata_sdk_ros2/include/cognata_sdk_ros2/msg/detail/roi_and_dogt_output__rosidl_typesupport_introspection_c.h
[15.421s] -- Installing: /home/kcg/copy/ROS2Sample/install/cognata_sdk_ros2/include/cognata_sdk_ros2/msg/detail/radar_output_target__type_support.c
[15.421s] -- Installing: /home/kcg/copy/ROS2Sample/install/cognata_sdk_ros2/include/cognata_sdk_ros2/msg/detail/traffic_light_msg__type_support.c
[15.421s] -- Installing: /home/kcg/copy/ROS2Sample/install/cognata_sdk_ros2/include/cognata_sdk_ros2/msg/detail/radar_output_header__type_support.c
[15.421s] -- Installing: /home/kcg/copy/ROS2Sample/install/cognata_sdk_ros2/include/cognata_sdk_ros2/msg/detail/bounding_box_msg__rosidl_typesupport_introspection_c.h
[15.421s] -- Installing: /home/kcg/copy/ROS2Sample/install/cognata_sdk_ros2/include/cognata_sdk_ros2/msg/detail/annotation_msg__rosidl_typesupport_introspection_c.h
[15.421s] -- Installing: /home/kcg/copy/ROS2Sample/install/cognata_sdk_ros2/include/cognata_sdk_ros2/msg/detail/radar_output_header__rosidl_typesupport_introspection_c.h
[15.421s] -- Installing: /home/kcg/copy/ROS2Sample/install/cognata_sdk_ros2/include/cognata_sdk_ros2/msg/detail/object_description__type_support.c
[15.421s] -- Installing: /home/kcg/copy/ROS2Sample/install/cognata_sdk_ros2/include/cognata_sdk_ros2/msg/detail/roi_and_dogt_output__type_support.c
[15.421s] -- Installing: /home/kcg/copy/ROS2Sample/install/cognata_sdk_ros2/include/cognata_sdk_ros2/msg/detail/bounding_box_msg__type_support.c
[15.421s] -- Installing: /home/kcg/copy/ROS2Sample/install/cognata_sdk_ros2/include/cognata_sdk_ros2/msg/detail/wheel_telemetries__type_support.c
[15.421s] -- Installing: /home/kcg/copy/ROS2Sample/install/cognata_sdk_ros2/include/cognata_sdk_ros2/msg/detail/wheel_msg__type_support.c
[15.421s] -- Installing: /home/kcg/copy/ROS2Sample/install/cognata_sdk_ros2/include/cognata_sdk_ros2/msg/detail/pedestrian_msg__rosidl_typesupport_introspection_c.h
[15.421s] -- Installing: /home/kcg/copy/ROS2Sample/install/cognata_sdk_ros2/lib/libcognata_sdk_ros2__rosidl_typesupport_introspection_c.so
[15.421s] -- Set runtime path of "/home/kcg/copy/ROS2Sample/install/cognata_sdk_ros2/lib/libcognata_sdk_ros2__rosidl_typesupport_introspection_c.so" to ""
[15.422s] -- Installing: /home/kcg/copy/ROS2Sample/install/cognata_sdk_ros2/lib/libcognata_sdk_ros2__rosidl_typesupport_c.so
[15.422s] -- Set runtime path of "/home/kcg/copy/ROS2Sample/install/cognata_sdk_ros2/lib/libcognata_sdk_ros2__rosidl_typesupport_c.so" to ""
[15.422s] -- Up-to-date: /home/kcg/copy/ROS2Sample/install/cognata_sdk_ros2/include/cognata_sdk_ros2
[15.422s] -- Up-to-date: /home/kcg/copy/ROS2Sample/install/cognata_sdk_ros2/include/cognata_sdk_ros2/msg
[15.422s] -- Installing: /home/kcg/copy/ROS2Sample/install/cognata_sdk_ros2/include/cognata_sdk_ros2/msg/wheel_msg.hpp
[15.422s] -- Installing: /home/kcg/copy/ROS2Sample/install/cognata_sdk_ros2/include/cognata_sdk_ros2/msg/vehicle_msg.hpp
[15.422s] -- Installing: /home/kcg/copy/ROS2Sample/install/cognata_sdk_ros2/include/cognata_sdk_ros2/msg/roi_and_dogt_output.hpp
[15.422s] -- Installing: /home/kcg/copy/ROS2Sample/install/cognata_sdk_ros2/include/cognata_sdk_ros2/msg/wheel_telemetries.hpp
[15.422s] -- Installing: /home/kcg/copy/ROS2Sample/install/cognata_sdk_ros2/include/cognata_sdk_ros2/msg/radar_output_target.hpp
[15.422s] -- Installing: /home/kcg/copy/ROS2Sample/install/cognata_sdk_ros2/include/cognata_sdk_ros2/msg/gps_additional_data.hpp
[15.422s] -- Installing: /home/kcg/copy/ROS2Sample/install/cognata_sdk_ros2/include/cognata_sdk_ros2/msg/traffic_light_msg.hpp
[15.422s] -- Installing: /home/kcg/copy/ROS2Sample/install/cognata_sdk_ros2/include/cognata_sdk_ros2/msg/radar_output_header.hpp
[15.422s] -- Installing: /home/kcg/copy/ROS2Sample/install/cognata_sdk_ros2/include/cognata_sdk_ros2/msg/annotation_msg.hpp
[15.422s] -- Installing: /home/kcg/copy/ROS2Sample/install/cognata_sdk_ros2/include/cognata_sdk_ros2/msg/bounding_box_msg.hpp
[15.422s] -- Installing: /home/kcg/copy/ROS2Sample/install/cognata_sdk_ros2/include/cognata_sdk_ros2/msg/object_description.hpp
[15.423s] -- Installing: /home/kcg/copy/ROS2Sample/install/cognata_sdk_ros2/include/cognata_sdk_ros2/msg/car_telemetries_msg.hpp
[15.423s] -- Up-to-date: /home/kcg/copy/ROS2Sample/install/cognata_sdk_ros2/include/cognata_sdk_ros2/msg/detail
[15.423s] -- Installing: /home/kcg/copy/ROS2Sample/install/cognata_sdk_ros2/include/cognata_sdk_ros2/msg/detail/annotation_msg__struct.hpp
[15.423s] -- Installing: /home/kcg/copy/ROS2Sample/install/cognata_sdk_ros2/include/cognata_sdk_ros2/msg/detail/car_telemetries_msg__builder.hpp
[15.423s] -- Installing: /home/kcg/copy/ROS2Sample/install/cognata_sdk_ros2/include/cognata_sdk_ros2/msg/detail/object_description__builder.hpp
[15.423s] -- Installing: /home/kcg/copy/ROS2Sample/install/cognata_sdk_ros2/include/cognata_sdk_ros2/msg/detail/bounding_box_msg__builder.hpp
[15.423s] -- Installing: /home/kcg/copy/ROS2Sample/install/cognata_sdk_ros2/include/cognata_sdk_ros2/msg/detail/radar_output_header__traits.hpp
[15.423s] -- Installing: /home/kcg/copy/ROS2Sample/install/cognata_sdk_ros2/include/cognata_sdk_ros2/msg/detail/pedestrian_msg__traits.hpp
[15.423s] -- Installing: /home/kcg/copy/ROS2Sample/install/cognata_sdk_ros2/include/cognata_sdk_ros2/msg/detail/wheel_msg__builder.hpp
[15.423s] -- Installing: /home/kcg/copy/ROS2Sample/install/cognata_sdk_ros2/include/cognata_sdk_ros2/msg/detail/radar_output_header__builder.hpp
[15.423s] -- Installing: /home/kcg/copy/ROS2Sample/install/cognata_sdk_ros2/include/cognata_sdk_ros2/msg/detail/gps_additional_data__traits.hpp
[15.423s] -- Installing: /home/kcg/copy/ROS2Sample/install/cognata_sdk_ros2/include/cognata_sdk_ros2/msg/detail/traffic_light_msg__struct.hpp
[15.423s] -- Installing: /home/kcg/copy/ROS2Sample/install/cognata_sdk_ros2/include/cognata_sdk_ros2/msg/detail/object_description__struct.hpp
[15.423s] -- Installing: /home/kcg/copy/ROS2Sample/install/cognata_sdk_ros2/include/cognata_sdk_ros2/msg/detail/vehicle_msg__struct.hpp
[15.423s] -- Installing: /home/kcg/copy/ROS2Sample/install/cognata_sdk_ros2/include/cognata_sdk_ros2/msg/detail/radar_output_target__struct.hpp
[15.423s] -- Installing: /home/kcg/copy/ROS2Sample/install/cognata_sdk_ros2/include/cognata_sdk_ros2/msg/detail/roi_and_dogt_output__struct.hpp
[15.423s] -- Installing: /home/kcg/copy/ROS2Sample/install/cognata_sdk_ros2/include/cognata_sdk_ros2/msg/detail/wheel_telemetries__struct.hpp
[15.423s] -- Installing: /home/kcg/copy/ROS2Sample/install/cognata_sdk_ros2/include/cognata_sdk_ros2/msg/detail/vehicle_msg__builder.hpp
[15.423s] -- Installing: /home/kcg/copy/ROS2Sample/install/cognata_sdk_ros2/include/cognata_sdk_ros2/msg/detail/car_telemetries_msg__traits.hpp
[15.424s] -- Installing: /home/kcg/copy/ROS2Sample/install/cognata_sdk_ros2/include/cognata_sdk_ros2/msg/detail/wheel_msg__struct.hpp
[15.424s] -- Installing: /home/kcg/copy/ROS2Sample/install/cognata_sdk_ros2/include/cognata_sdk_ros2/msg/detail/wheel_msg__traits.hpp
[15.424s] -- Installing: /home/kcg/copy/ROS2Sample/install/cognata_sdk_ros2/include/cognata_sdk_ros2/msg/detail/radar_output_target__builder.hpp
[15.424s] -- Installing: /home/kcg/copy/ROS2Sample/install/cognata_sdk_ros2/include/cognata_sdk_ros2/msg/detail/bounding_box_msg__traits.hpp
[15.424s] -- Installing: /home/kcg/copy/ROS2Sample/install/cognata_sdk_ros2/include/cognata_sdk_ros2/msg/detail/annotation_msg__traits.hpp
[15.424s] -- Installing: /home/kcg/copy/ROS2Sample/install/cognata_sdk_ros2/include/cognata_sdk_ros2/msg/detail/object_description__traits.hpp
[15.424s] -- Installing: /home/kcg/copy/ROS2Sample/install/cognata_sdk_ros2/include/cognata_sdk_ros2/msg/detail/traffic_light_msg__traits.hpp
[15.424s] -- Installing: /home/kcg/copy/ROS2Sample/install/cognata_sdk_ros2/include/cognata_sdk_ros2/msg/detail/wheel_telemetries__traits.hpp
[15.424s] -- Installing: /home/kcg/copy/ROS2Sample/install/cognata_sdk_ros2/include/cognata_sdk_ros2/msg/detail/roi_and_dogt_output__traits.hpp
[15.424s] -- Installing: /home/kcg/copy/ROS2Sample/install/cognata_sdk_ros2/include/cognata_sdk_ros2/msg/detail/vehicle_msg__traits.hpp
[15.424s] -- Installing: /home/kcg/copy/ROS2Sample/install/cognata_sdk_ros2/include/cognata_sdk_ros2/msg/detail/roi_and_dogt_output__builder.hpp
[15.424s] -- Installing: /home/kcg/copy/ROS2Sample/install/cognata_sdk_ros2/include/cognata_sdk_ros2/msg/detail/radar_output_header__struct.hpp
[15.424s] -- Installing: /home/kcg/copy/ROS2Sample/install/cognata_sdk_ros2/include/cognata_sdk_ros2/msg/detail/radar_output_target__traits.hpp
[15.424s] -- Installing: /home/kcg/copy/ROS2Sample/install/cognata_sdk_ros2/include/cognata_sdk_ros2/msg/detail/pedestrian_msg__struct.hpp
[15.424s] -- Installing: /home/kcg/copy/ROS2Sample/install/cognata_sdk_ros2/include/cognata_sdk_ros2/msg/detail/gps_additional_data__builder.hpp
[15.424s] -- Installing: /home/kcg/copy/ROS2Sample/install/cognata_sdk_ros2/include/cognata_sdk_ros2/msg/detail/gps_additional_data__struct.hpp
[15.424s] -- Installing: /home/kcg/copy/ROS2Sample/install/cognata_sdk_ros2/include/cognata_sdk_ros2/msg/detail/traffic_light_msg__builder.hpp
[15.424s] -- Installing: /home/kcg/copy/ROS2Sample/install/cognata_sdk_ros2/include/cognata_sdk_ros2/msg/detail/wheel_telemetries__builder.hpp
[15.425s] -- Installing: /home/kcg/copy/ROS2Sample/install/cognata_sdk_ros2/include/cognata_sdk_ros2/msg/detail/bounding_box_msg__struct.hpp
[15.425s] -- Installing: /home/kcg/copy/ROS2Sample/install/cognata_sdk_ros2/include/cognata_sdk_ros2/msg/detail/annotation_msg__builder.hpp
[15.425s] -- Installing: /home/kcg/copy/ROS2Sample/install/cognata_sdk_ros2/include/cognata_sdk_ros2/msg/detail/pedestrian_msg__builder.hpp
[15.425s] -- Installing: /home/kcg/copy/ROS2Sample/install/cognata_sdk_ros2/include/cognata_sdk_ros2/msg/detail/car_telemetries_msg__struct.hpp
[15.425s] -- Installing: /home/kcg/copy/ROS2Sample/install/cognata_sdk_ros2/include/cognata_sdk_ros2/msg/pedestrian_msg.hpp
[15.425s] -- Up-to-date: /home/kcg/copy/ROS2Sample/install/cognata_sdk_ros2/include/cognata_sdk_ros2
[15.425s] -- Up-to-date: /home/kcg/copy/ROS2Sample/install/cognata_sdk_ros2/include/cognata_sdk_ros2/msg
[15.425s] -- Up-to-date: /home/kcg/copy/ROS2Sample/install/cognata_sdk_ros2/include/cognata_sdk_ros2/msg/detail
[15.425s] -- Installing: /home/kcg/copy/ROS2Sample/install/cognata_sdk_ros2/include/cognata_sdk_ros2/msg/detail/traffic_light_msg__rosidl_typesupport_introspection_cpp.hpp
[15.425s] -- Installing: /home/kcg/copy/ROS2Sample/install/cognata_sdk_ros2/include/cognata_sdk_ros2/msg/detail/gps_additional_data__type_support.cpp
[15.425s] -- Installing: /home/kcg/copy/ROS2Sample/install/cognata_sdk_ros2/include/cognata_sdk_ros2/msg/detail/roi_and_dogt_output__rosidl_typesupport_introspection_cpp.hpp
[15.425s] -- Installing: /home/kcg/copy/ROS2Sample/install/cognata_sdk_ros2/include/cognata_sdk_ros2/msg/detail/vehicle_msg__rosidl_typesupport_introspection_cpp.hpp
[15.425s] -- Installing: /home/kcg/copy/ROS2Sample/install/cognata_sdk_ros2/include/cognata_sdk_ros2/msg/detail/bounding_box_msg__rosidl_typesupport_introspection_cpp.hpp
[15.425s] -- Installing: /home/kcg/copy/ROS2Sample/install/cognata_sdk_ros2/include/cognata_sdk_ros2/msg/detail/wheel_msg__type_support.cpp
[15.425s] -- Installing: /home/kcg/copy/ROS2Sample/install/cognata_sdk_ros2/include/cognata_sdk_ros2/msg/detail/bounding_box_msg__type_support.cpp
[15.425s] -- Installing: /home/kcg/copy/ROS2Sample/install/cognata_sdk_ros2/include/cognata_sdk_ros2/msg/detail/radar_output_header__type_support.cpp
[15.425s] -- Installing: /home/kcg/copy/ROS2Sample/install/cognata_sdk_ros2/include/cognata_sdk_ros2/msg/detail/radar_output_header__rosidl_typesupport_introspection_cpp.hpp
[15.425s] -- Installing: /home/kcg/copy/ROS2Sample/install/cognata_sdk_ros2/include/cognata_sdk_ros2/msg/detail/pedestrian_msg__rosidl_typesupport_introspection_cpp.hpp
[15.426s] -- Installing: /home/kcg/copy/ROS2Sample/install/cognata_sdk_ros2/include/cognata_sdk_ros2/msg/detail/annotation_msg__rosidl_typesupport_introspection_cpp.hpp
[15.426s] -- Installing: /home/kcg/copy/ROS2Sample/install/cognata_sdk_ros2/include/cognata_sdk_ros2/msg/detail/wheel_telemetries__type_support.cpp
[15.426s] -- Installing: /home/kcg/copy/ROS2Sample/install/cognata_sdk_ros2/include/cognata_sdk_ros2/msg/detail/radar_output_target__rosidl_typesupport_introspection_cpp.hpp
[15.426s] -- Installing: /home/kcg/copy/ROS2Sample/install/cognata_sdk_ros2/include/cognata_sdk_ros2/msg/detail/gps_additional_data__rosidl_typesupport_introspection_cpp.hpp
[15.426s] -- Installing: /home/kcg/copy/ROS2Sample/install/cognata_sdk_ros2/include/cognata_sdk_ros2/msg/detail/object_description__rosidl_typesupport_introspection_cpp.hpp
[15.426s] -- Installing: /home/kcg/copy/ROS2Sample/install/cognata_sdk_ros2/include/cognata_sdk_ros2/msg/detail/traffic_light_msg__type_support.cpp
[15.426s] -- Installing: /home/kcg/copy/ROS2Sample/install/cognata_sdk_ros2/include/cognata_sdk_ros2/msg/detail/pedestrian_msg__type_support.cpp
[15.426s] -- Installing: /home/kcg/copy/ROS2Sample/install/cognata_sdk_ros2/include/cognata_sdk_ros2/msg/detail/car_telemetries_msg__type_support.cpp
[15.426s] -- Installing: /home/kcg/copy/ROS2Sample/install/cognata_sdk_ros2/include/cognata_sdk_ros2/msg/detail/radar_output_target__type_support.cpp
[15.426s] -- Installing: /home/kcg/copy/ROS2Sample/install/cognata_sdk_ros2/include/cognata_sdk_ros2/msg/detail/vehicle_msg__type_support.cpp
[15.426s] -- Installing: /home/kcg/copy/ROS2Sample/install/cognata_sdk_ros2/include/cognata_sdk_ros2/msg/detail/car_telemetries_msg__rosidl_typesupport_introspection_cpp.hpp
[15.426s] -- Installing: /home/kcg/copy/ROS2Sample/install/cognata_sdk_ros2/include/cognata_sdk_ros2/msg/detail/annotation_msg__type_support.cpp
[15.426s] -- Installing: /home/kcg/copy/ROS2Sample/install/cognata_sdk_ros2/include/cognata_sdk_ros2/msg/detail/object_description__type_support.cpp
[15.426s] -- Installing: /home/kcg/copy/ROS2Sample/install/cognata_sdk_ros2/include/cognata_sdk_ros2/msg/detail/wheel_msg__rosidl_typesupport_introspection_cpp.hpp
[15.426s] -- Installing: /home/kcg/copy/ROS2Sample/install/cognata_sdk_ros2/include/cognata_sdk_ros2/msg/detail/wheel_telemetries__rosidl_typesupport_introspection_cpp.hpp
[15.426s] -- Installing: /home/kcg/copy/ROS2Sample/install/cognata_sdk_ros2/include/cognata_sdk_ros2/msg/detail/roi_and_dogt_output__type_support.cpp
[15.426s] -- Installing: /home/kcg/copy/ROS2Sample/install/cognata_sdk_ros2/lib/libcognata_sdk_ros2__rosidl_typesupport_introspection_cpp.so
[15.426s] -- Set runtime path of "/home/kcg/copy/ROS2Sample/install/cognata_sdk_ros2/lib/libcognata_sdk_ros2__rosidl_typesupport_introspection_cpp.so" to ""
[15.426s] -- Installing: /home/kcg/copy/ROS2Sample/install/cognata_sdk_ros2/lib/libcognata_sdk_ros2__rosidl_typesupport_cpp.so
[15.427s] -- Set runtime path of "/home/kcg/copy/ROS2Sample/install/cognata_sdk_ros2/lib/libcognata_sdk_ros2__rosidl_typesupport_cpp.so" to ""
[15.427s] -- Installing: /home/kcg/copy/ROS2Sample/install/cognata_sdk_ros2/share/cognata_sdk_ros2/environment/pythonpath.sh
[15.427s] -- Installing: /home/kcg/copy/ROS2Sample/install/cognata_sdk_ros2/share/cognata_sdk_ros2/environment/pythonpath.dsv
[15.427s] -- Installing: /home/kcg/copy/ROS2Sample/install/cognata_sdk_ros2/lib/python3.8/site-packages/cognata_sdk_ros2/__init__.py
[15.446s] Compiling '/home/kcg/copy/ROS2Sample/install/cognata_sdk_ros2/lib/python3.8/site-packages/cognata_sdk_ros2/__init__.py'...
[15.449s] -- Installing: /home/kcg/copy/ROS2Sample/install/cognata_sdk_ros2/lib/python3.8/site-packages/cognata_sdk_ros2/msg
[15.449s] -- Installing: /home/kcg/copy/ROS2Sample/install/cognata_sdk_ros2/lib/python3.8/site-packages/cognata_sdk_ros2/msg/__init__.py
[15.449s] -- Installing: /home/kcg/copy/ROS2Sample/install/cognata_sdk_ros2/lib/python3.8/site-packages/cognata_sdk_ros2/msg/_roi_and_dogt_output.py
[15.449s] -- Installing: /home/kcg/copy/ROS2Sample/install/cognata_sdk_ros2/lib/python3.8/site-packages/cognata_sdk_ros2/msg/_radar_output_header.py
[15.449s] -- Installing: /home/kcg/copy/ROS2Sample/install/cognata_sdk_ros2/lib/python3.8/site-packages/cognata_sdk_ros2/msg/_traffic_light_msg_s.c
[15.449s] -- Installing: /home/kcg/copy/ROS2Sample/install/cognata_sdk_ros2/lib/python3.8/site-packages/cognata_sdk_ros2/msg/_radar_output_target_s.c
[15.449s] -- Installing: /home/kcg/copy/ROS2Sample/install/cognata_sdk_ros2/lib/python3.8/site-packages/cognata_sdk_ros2/msg/_gps_additional_data.py
[15.449s] -- Installing: /home/kcg/copy/ROS2Sample/install/cognata_sdk_ros2/lib/python3.8/site-packages/cognata_sdk_ros2/msg/_wheel_msg.py
[15.449s] -- Installing: /home/kcg/copy/ROS2Sample/install/cognata_sdk_ros2/lib/python3.8/site-packages/cognata_sdk_ros2/msg/_wheel_msg_s.c
[15.449s] -- Installing: /home/kcg/copy/ROS2Sample/install/cognata_sdk_ros2/lib/python3.8/site-packages/cognata_sdk_ros2/msg/_vehicle_msg.py
[15.449s] -- Installing: /home/kcg/copy/ROS2Sample/install/cognata_sdk_ros2/lib/python3.8/site-packages/cognata_sdk_ros2/msg/_gps_additional_data_s.c
[15.449s] -- Installing: /home/kcg/copy/ROS2Sample/install/cognata_sdk_ros2/lib/python3.8/site-packages/cognata_sdk_ros2/msg/_object_description.py
[15.449s] -- Installing: /home/kcg/copy/ROS2Sample/install/cognata_sdk_ros2/lib/python3.8/site-packages/cognata_sdk_ros2/msg/_object_description_s.c
[15.449s] -- Installing: /home/kcg/copy/ROS2Sample/install/cognata_sdk_ros2/lib/python3.8/site-packages/cognata_sdk_ros2/msg/_bounding_box_msg.py
[15.450s] -- Installing: /home/kcg/copy/ROS2Sample/install/cognata_sdk_ros2/lib/python3.8/site-packages/cognata_sdk_ros2/msg/_car_telemetries_msg.py
[15.450s] -- Installing: /home/kcg/copy/ROS2Sample/install/cognata_sdk_ros2/lib/python3.8/site-packages/cognata_sdk_ros2/msg/_vehicle_msg_s.c
[15.450s] -- Installing: /home/kcg/copy/ROS2Sample/install/cognata_sdk_ros2/lib/python3.8/site-packages/cognata_sdk_ros2/msg/_radar_output_header_s.c
[15.450s] -- Installing: /home/kcg/copy/ROS2Sample/install/cognata_sdk_ros2/lib/python3.8/site-packages/cognata_sdk_ros2/msg/_annotation_msg.py
[15.450s] -- Installing: /home/kcg/copy/ROS2Sample/install/cognata_sdk_ros2/lib/python3.8/site-packages/cognata_sdk_ros2/msg/_car_telemetries_msg_s.c
[15.450s] -- Installing: /home/kcg/copy/ROS2Sample/install/cognata_sdk_ros2/lib/python3.8/site-packages/cognata_sdk_ros2/msg/_wheel_telemetries.py
[15.450s] -- Installing: /home/kcg/copy/ROS2Sample/install/cognata_sdk_ros2/lib/python3.8/site-packages/cognata_sdk_ros2/msg/_bounding_box_msg_s.c
[15.450s] -- Installing: /home/kcg/copy/ROS2Sample/install/cognata_sdk_ros2/lib/python3.8/site-packages/cognata_sdk_ros2/msg/_annotation_msg_s.c
[15.450s] -- Installing: /home/kcg/copy/ROS2Sample/install/cognata_sdk_ros2/lib/python3.8/site-packages/cognata_sdk_ros2/msg/_wheel_telemetries_s.c
[15.450s] -- Installing: /home/kcg/copy/ROS2Sample/install/cognata_sdk_ros2/lib/python3.8/site-packages/cognata_sdk_ros2/msg/_roi_and_dogt_output_s.c
[15.450s] -- Installing: /home/kcg/copy/ROS2Sample/install/cognata_sdk_ros2/lib/python3.8/site-packages/cognata_sdk_ros2/msg/_pedestrian_msg_s.c
[15.450s] -- Installing: /home/kcg/copy/ROS2Sample/install/cognata_sdk_ros2/lib/python3.8/site-packages/cognata_sdk_ros2/msg/_radar_output_target.py
[15.450s] -- Installing: /home/kcg/copy/ROS2Sample/install/cognata_sdk_ros2/lib/python3.8/site-packages/cognata_sdk_ros2/msg/_traffic_light_msg.py
[15.450s] -- Installing: /home/kcg/copy/ROS2Sample/install/cognata_sdk_ros2/lib/python3.8/site-packages/cognata_sdk_ros2/msg/_pedestrian_msg.py
[15.450s] -- Installing: /home/kcg/copy/ROS2Sample/install/cognata_sdk_ros2/lib/python3.8/site-packages/cognata_sdk_ros2/cognata_sdk_ros2_s__rosidl_typesupport_fastrtps_c.cpython-38-x86_64-linux-gnu.so
[15.451s] -- Set runtime path of "/home/kcg/copy/ROS2Sample/install/cognata_sdk_ros2/lib/python3.8/site-packages/cognata_sdk_ros2/cognata_sdk_ros2_s__rosidl_typesupport_fastrtps_c.cpython-38-x86_64-linux-gnu.so" to ""
[15.451s] -- Installing: /home/kcg/copy/ROS2Sample/install/cognata_sdk_ros2/lib/python3.8/site-packages/cognata_sdk_ros2/cognata_sdk_ros2_s__rosidl_typesupport_introspection_c.cpython-38-x86_64-linux-gnu.so
[15.451s] -- Set runtime path of "/home/kcg/copy/ROS2Sample/install/cognata_sdk_ros2/lib/python3.8/site-packages/cognata_sdk_ros2/cognata_sdk_ros2_s__rosidl_typesupport_introspection_c.cpython-38-x86_64-linux-gnu.so" to ""
[15.451s] -- Installing: /home/kcg/copy/ROS2Sample/install/cognata_sdk_ros2/lib/python3.8/site-packages/cognata_sdk_ros2/cognata_sdk_ros2_s__rosidl_typesupport_c.cpython-38-x86_64-linux-gnu.so
[15.451s] -- Set runtime path of "/home/kcg/copy/ROS2Sample/install/cognata_sdk_ros2/lib/python3.8/site-packages/cognata_sdk_ros2/cognata_sdk_ros2_s__rosidl_typesupport_c.cpython-38-x86_64-linux-gnu.so" to ""
[15.452s] -- Installing: /home/kcg/copy/ROS2Sample/install/cognata_sdk_ros2/lib/libcognata_sdk_ros2__python.so
[15.452s] -- Set runtime path of "/home/kcg/copy/ROS2Sample/install/cognata_sdk_ros2/lib/libcognata_sdk_ros2__python.so" to ""
[15.452s] -- Installing: /home/kcg/copy/ROS2Sample/install/cognata_sdk_ros2/share/cognata_sdk_ros2/msg/AnnotationMsg.idl
[15.452s] -- Installing: /home/kcg/copy/ROS2Sample/install/cognata_sdk_ros2/share/cognata_sdk_ros2/msg/BoundingBoxMsg.idl
[15.452s] -- Installing: /home/kcg/copy/ROS2Sample/install/cognata_sdk_ros2/share/cognata_sdk_ros2/msg/CarTelemetriesMsg.idl
[15.452s] -- Installing: /home/kcg/copy/ROS2Sample/install/cognata_sdk_ros2/share/cognata_sdk_ros2/msg/GPSAdditionalData.idl
[15.452s] -- Installing: /home/kcg/copy/ROS2Sample/install/cognata_sdk_ros2/share/cognata_sdk_ros2/msg/ObjectDescription.idl
[15.452s] -- Installing: /home/kcg/copy/ROS2Sample/install/cognata_sdk_ros2/share/cognata_sdk_ros2/msg/PedestrianMsg.idl
[15.452s] -- Installing: /home/kcg/copy/ROS2Sample/install/cognata_sdk_ros2/share/cognata_sdk_ros2/msg/RadarOutputHeader.idl
[15.452s] -- Installing: /home/kcg/copy/ROS2Sample/install/cognata_sdk_ros2/share/cognata_sdk_ros2/msg/RadarOutputTarget.idl
[15.453s] -- Installing: /home/kcg/copy/ROS2Sample/install/cognata_sdk_ros2/share/cognata_sdk_ros2/msg/ROIAndDOGTOutput.idl
[15.453s] -- Installing: /home/kcg/copy/ROS2Sample/install/cognata_sdk_ros2/share/cognata_sdk_ros2/msg/TrafficLightMsg.idl
[15.453s] -- Installing: /home/kcg/copy/ROS2Sample/install/cognata_sdk_ros2/share/cognata_sdk_ros2/msg/VehicleMsg.idl
[15.453s] -- Installing: /home/kcg/copy/ROS2Sample/install/cognata_sdk_ros2/share/cognata_sdk_ros2/msg/WheelMsg.idl
[15.453s] -- Installing: /home/kcg/copy/ROS2Sample/install/cognata_sdk_ros2/share/cognata_sdk_ros2/msg/WheelTelemetries.idl
[15.453s] -- Installing: /home/kcg/copy/ROS2Sample/install/cognata_sdk_ros2/share/cognata_sdk_ros2/msg/AnnotationMsg.msg
[15.453s] -- Installing: /home/kcg/copy/ROS2Sample/install/cognata_sdk_ros2/share/cognata_sdk_ros2/msg/BoundingBoxMsg.msg
[15.453s] -- Installing: /home/kcg/copy/ROS2Sample/install/cognata_sdk_ros2/share/cognata_sdk_ros2/msg/CarTelemetriesMsg.msg
[15.453s] -- Installing: /home/kcg/copy/ROS2Sample/install/cognata_sdk_ros2/share/cognata_sdk_ros2/msg/GPSAdditionalData.msg
[15.453s] -- Installing: /home/kcg/copy/ROS2Sample/install/cognata_sdk_ros2/share/cognata_sdk_ros2/msg/ObjectDescription.msg
[15.453s] -- Installing: /home/kcg/copy/ROS2Sample/install/cognata_sdk_ros2/share/cognata_sdk_ros2/msg/PedestrianMsg.msg
[15.453s] -- Installing: /home/kcg/copy/ROS2Sample/install/cognata_sdk_ros2/share/cognata_sdk_ros2/msg/RadarOutputHeader.msg
[15.453s] -- Installing: /home/kcg/copy/ROS2Sample/install/cognata_sdk_ros2/share/cognata_sdk_ros2/msg/RadarOutputTarget.msg
[15.454s] -- Installing: /home/kcg/copy/ROS2Sample/install/cognata_sdk_ros2/share/cognata_sdk_ros2/msg/ROIAndDOGTOutput.msg
[15.454s] -- Installing: /home/kcg/copy/ROS2Sample/install/cognata_sdk_ros2/share/cognata_sdk_ros2/msg/TrafficLightMsg.msg
[15.454s] -- Installing: /home/kcg/copy/ROS2Sample/install/cognata_sdk_ros2/share/cognata_sdk_ros2/msg/VehicleMsg.msg
[15.454s] -- Installing: /home/kcg/copy/ROS2Sample/install/cognata_sdk_ros2/share/cognata_sdk_ros2/msg/WheelMsg.msg
[15.454s] -- Installing: /home/kcg/copy/ROS2Sample/install/cognata_sdk_ros2/share/cognata_sdk_ros2/msg/WheelTelemetries.msg
[15.454s] -- Installing: /home/kcg/copy/ROS2Sample/install/cognata_sdk_ros2/lib/cognata_sdk_ros2/ROS2SDK
[15.458s] -- Set runtime path of "/home/kcg/copy/ROS2Sample/install/cognata_sdk_ros2/lib/cognata_sdk_ros2/ROS2SDK" to ""
[15.459s] -- Installing: /home/kcg/copy/ROS2Sample/install/cognata_sdk_ros2/share/ament_index/resource_index/package_run_dependencies/cognata_sdk_ros2
[15.459s] -- Installing: /home/kcg/copy/ROS2Sample/install/cognata_sdk_ros2/share/ament_index/resource_index/parent_prefix_path/cognata_sdk_ros2
[15.459s] -- Installing: /home/kcg/copy/ROS2Sample/install/cognata_sdk_ros2/share/cognata_sdk_ros2/environment/ament_prefix_path.sh
[15.459s] -- Installing: /home/kcg/copy/ROS2Sample/install/cognata_sdk_ros2/share/cognata_sdk_ros2/environment/ament_prefix_path.dsv
[15.459s] -- Installing: /home/kcg/copy/ROS2Sample/install/cognata_sdk_ros2/share/cognata_sdk_ros2/environment/path.sh
[15.459s] -- Installing: /home/kcg/copy/ROS2Sample/install/cognata_sdk_ros2/share/cognata_sdk_ros2/environment/path.dsv
[15.459s] -- Installing: /home/kcg/copy/ROS2Sample/install/cognata_sdk_ros2/share/cognata_sdk_ros2/local_setup.bash
[15.459s] -- Installing: /home/kcg/copy/ROS2Sample/install/cognata_sdk_ros2/share/cognata_sdk_ros2/local_setup.sh
[15.459s] -- Installing: /home/kcg/copy/ROS2Sample/install/cognata_sdk_ros2/share/cognata_sdk_ros2/local_setup.zsh
[15.459s] -- Installing: /home/kcg/copy/ROS2Sample/install/cognata_sdk_ros2/share/cognata_sdk_ros2/local_setup.dsv
[15.459s] -- Installing: /home/kcg/copy/ROS2Sample/install/cognata_sdk_ros2/share/cognata_sdk_ros2/package.dsv
[15.460s] -- Installing: /home/kcg/copy/ROS2Sample/install/cognata_sdk_ros2/share/ament_index/resource_index/packages/cognata_sdk_ros2
[15.460s] -- Installing: /home/kcg/copy/ROS2Sample/install/cognata_sdk_ros2/share/cognata_sdk_ros2/cmake/cognata_sdk_ros2__rosidl_generator_cExport.cmake
[15.460s] -- Installing: /home/kcg/copy/ROS2Sample/install/cognata_sdk_ros2/share/cognata_sdk_ros2/cmake/cognata_sdk_ros2__rosidl_generator_cExport-noconfig.cmake
[15.460s] -- Installing: /home/kcg/copy/ROS2Sample/install/cognata_sdk_ros2/share/cognata_sdk_ros2/cmake/cognata_sdk_ros2__rosidl_typesupport_introspection_cExport.cmake
[15.460s] -- Installing: /home/kcg/copy/ROS2Sample/install/cognata_sdk_ros2/share/cognata_sdk_ros2/cmake/cognata_sdk_ros2__rosidl_typesupport_introspection_cExport-noconfig.cmake
[15.460s] -- Installing: /home/kcg/copy/ROS2Sample/install/cognata_sdk_ros2/share/cognata_sdk_ros2/cmake/cognata_sdk_ros2__rosidl_typesupport_cExport.cmake
[15.460s] -- Installing: /home/kcg/copy/ROS2Sample/install/cognata_sdk_ros2/share/cognata_sdk_ros2/cmake/cognata_sdk_ros2__rosidl_typesupport_cExport-noconfig.cmake
[15.460s] -- Installing: /home/kcg/copy/ROS2Sample/install/cognata_sdk_ros2/share/cognata_sdk_ros2/cmake/cognata_sdk_ros2__rosidl_generator_cppExport.cmake
[15.461s] -- Installing: /home/kcg/copy/ROS2Sample/install/cognata_sdk_ros2/share/cognata_sdk_ros2/cmake/cognata_sdk_ros2__rosidl_typesupport_introspection_cppExport.cmake
[15.461s] -- Installing: /home/kcg/copy/ROS2Sample/install/cognata_sdk_ros2/share/cognata_sdk_ros2/cmake/cognata_sdk_ros2__rosidl_typesupport_introspection_cppExport-noconfig.cmake
[15.461s] -- Installing: /home/kcg/copy/ROS2Sample/install/cognata_sdk_ros2/share/cognata_sdk_ros2/cmake/cognata_sdk_ros2__rosidl_typesupport_cppExport.cmake
[15.461s] -- Installing: /home/kcg/copy/ROS2Sample/install/cognata_sdk_ros2/share/cognata_sdk_ros2/cmake/cognata_sdk_ros2__rosidl_typesupport_cppExport-noconfig.cmake
[15.461s] -- Installing: /home/kcg/copy/ROS2Sample/install/cognata_sdk_ros2/share/cognata_sdk_ros2/cmake/rosidl_cmake-extras.cmake
[15.461s] -- Installing: /home/kcg/copy/ROS2Sample/install/cognata_sdk_ros2/share/cognata_sdk_ros2/cmake/ament_cmake_export_dependencies-extras.cmake
[15.461s] -- Installing: /home/kcg/copy/ROS2Sample/install/cognata_sdk_ros2/share/cognata_sdk_ros2/cmake/ament_cmake_export_libraries-extras.cmake
[15.461s] -- Installing: /home/kcg/copy/ROS2Sample/install/cognata_sdk_ros2/share/cognata_sdk_ros2/cmake/ament_cmake_export_targets-extras.cmake
[15.461s] -- Installing: /home/kcg/copy/ROS2Sample/install/cognata_sdk_ros2/share/cognata_sdk_ros2/cmake/ament_cmake_export_include_directories-extras.cmake
[15.461s] -- Installing: /home/kcg/copy/ROS2Sample/install/cognata_sdk_ros2/share/cognata_sdk_ros2/cmake/rosidl_cmake_export_typesupport_libraries-extras.cmake
[15.461s] -- Installing: /home/kcg/copy/ROS2Sample/install/cognata_sdk_ros2/share/cognata_sdk_ros2/cmake/rosidl_cmake_export_typesupport_targets-extras.cmake
[15.462s] -- Installing: /home/kcg/copy/ROS2Sample/install/cognata_sdk_ros2/share/cognata_sdk_ros2/cmake/cognata_sdk_ros2Config.cmake
[15.462s] -- Installing: /home/kcg/copy/ROS2Sample/install/cognata_sdk_ros2/share/cognata_sdk_ros2/cmake/cognata_sdk_ros2Config-version.cmake
[15.462s] -- Installing: /home/kcg/copy/ROS2Sample/install/cognata_sdk_ros2/share/cognata_sdk_ros2/package.xml
[15.463s] Invoked command in '/home/kcg/copy/ROS2Sample/build/cognata_sdk_ros2' returned '0': CMAKE_PREFIX_PATH=/opt/ros/foxy /usr/bin/cmake --install /home/kcg/copy/ROS2Sample/build/cognata_sdk_ros2
