[0.055s] Invoking command in '/home/kcg/Autonomous_kcg/ROS2Sample/build/tracked_object_msgs': CMAKE_PREFIX_PATH=${CMAKE_PREFIX_PATH}:/home/kcg/Autonomous_kcg/ROS2Sample/install/python_publisher:/opt/ros/foxy /usr/bin/cmake --build /home/kcg/Autonomous_kcg/ROS2Sample/build/tracked_object_msgs -- -j8 -l8
[0.140s] [  2%] Built target tracked_object_msgs__cpp
[0.148s] [ 12%] Built target tracked_object_msgs__rosidl_generator_c
[0.209s] [ 23%] Built target tracked_object_msgs__rosidl_typesupport_cpp
[0.247s] [ 34%] Built target tracked_object_msgs__rosidl_typesupport_c
[0.249s] [ 44%] Built target tracked_object_msgs__rosidl_typesupport_introspection_cpp
[0.259s] [ 55%] Built target tracked_object_msgs__rosidl_typesupport_fastrtps_cpp
[0.300s] [ 65%] Built target tracked_object_msgs__rosidl_typesupport_introspection_c
[0.321s] [ 76%] Built target tracked_object_msgs__rosidl_typesupport_fastrtps_c
[0.350s] [ 76%] Built target tracked_object_msgs
[0.384s] [ 78%] Built target tracked_object_msgs__py
[0.430s] [ 87%] Built target tracked_object_msgs__python
[0.502s] [ 91%] Built target tracked_object_msgs__rosidl_typesupport_fastrtps_c__pyext
[0.504s] [ 95%] Built target tracked_object_msgs__rosidl_typesupport_c__pyext
[0.505s] [100%] Built target tracked_object_msgs__rosidl_typesupport_introspection_c__pyext
[0.522s] Invoked command in '/home/kcg/Autonomous_kcg/ROS2Sample/build/tracked_object_msgs' returned '0': CMAKE_PREFIX_PATH=${CMAKE_PREFIX_PATH}:/home/kcg/Autonomous_kcg/ROS2Sample/install/python_publisher:/opt/ros/foxy /usr/bin/cmake --build /home/kcg/Autonomous_kcg/ROS2Sample/build/tracked_object_msgs -- -j8 -l8
[0.651s] Invoking command in '/home/kcg/Autonomous_kcg/ROS2Sample/build/tracked_object_msgs': CMAKE_PREFIX_PATH=${CMAKE_PREFIX_PATH}:/home/kcg/Autonomous_kcg/ROS2Sample/install/python_publisher:/opt/ros/foxy /usr/bin/cmake --install /home/kcg/Autonomous_kcg/ROS2Sample/build/tracked_object_msgs
[0.658s] -- Install configuration: ""
[0.658s] -- Up-to-date: /home/kcg/Autonomous_kcg/ROS2Sample/install/tracked_object_msgs/share/ament_index/resource_index/rosidl_interfaces/tracked_object_msgs
[0.658s] -- Up-to-date: /home/kcg/Autonomous_kcg/ROS2Sample/install/tracked_object_msgs/include/tracked_object_msgs
[0.658s] -- Up-to-date: /home/kcg/Autonomous_kcg/ROS2Sample/install/tracked_object_msgs/include/tracked_object_msgs/msg
[0.658s] -- Up-to-date: /home/kcg/Autonomous_kcg/ROS2Sample/install/tracked_object_msgs/include/tracked_object_msgs/msg/tracked_object_array.h
[0.658s] -- Up-to-date: /home/kcg/Autonomous_kcg/ROS2Sample/install/tracked_object_msgs/include/tracked_object_msgs/msg/rosidl_generator_c__visibility_control.h
[0.659s] -- Up-to-date: /home/kcg/Autonomous_kcg/ROS2Sample/install/tracked_object_msgs/include/tracked_object_msgs/msg/object_types.h
[0.659s] -- Up-to-date: /home/kcg/Autonomous_kcg/ROS2Sample/install/tracked_object_msgs/include/tracked_object_msgs/msg/tracked_object.h
[0.659s] -- Up-to-date: /home/kcg/Autonomous_kcg/ROS2Sample/install/tracked_object_msgs/include/tracked_object_msgs/msg/detail
[0.659s] -- Up-to-date: /home/kcg/Autonomous_kcg/ROS2Sample/install/tracked_object_msgs/include/tracked_object_msgs/msg/detail/tracked_object_array__functions.c
[0.660s] -- Up-to-date: /home/kcg/Autonomous_kcg/ROS2Sample/install/tracked_object_msgs/include/tracked_object_msgs/msg/detail/tracked_object__functions.c
[0.660s] -- Up-to-date: /home/kcg/Autonomous_kcg/ROS2Sample/install/tracked_object_msgs/include/tracked_object_msgs/msg/detail/object_types__type_support.h
[0.660s] -- Up-to-date: /home/kcg/Autonomous_kcg/ROS2Sample/install/tracked_object_msgs/include/tracked_object_msgs/msg/detail/object_types__functions.h
[0.660s] -- Up-to-date: /home/kcg/Autonomous_kcg/ROS2Sample/install/tracked_object_msgs/include/tracked_object_msgs/msg/detail/tracked_object_array__functions.h
[0.661s] -- Up-to-date: /home/kcg/Autonomous_kcg/ROS2Sample/install/tracked_object_msgs/include/tracked_object_msgs/msg/detail/tracked_object_array__type_support.h
[0.661s] -- Up-to-date: /home/kcg/Autonomous_kcg/ROS2Sample/install/tracked_object_msgs/include/tracked_object_msgs/msg/detail/object_types__struct.h
[0.661s] -- Up-to-date: /home/kcg/Autonomous_kcg/ROS2Sample/install/tracked_object_msgs/include/tracked_object_msgs/msg/detail/object_types__functions.c
[0.661s] -- Up-to-date: /home/kcg/Autonomous_kcg/ROS2Sample/install/tracked_object_msgs/include/tracked_object_msgs/msg/detail/tracked_object__struct.h
[0.661s] -- Up-to-date: /home/kcg/Autonomous_kcg/ROS2Sample/install/tracked_object_msgs/include/tracked_object_msgs/msg/detail/tracked_object__functions.h
[0.661s] -- Up-to-date: /home/kcg/Autonomous_kcg/ROS2Sample/install/tracked_object_msgs/include/tracked_object_msgs/msg/detail/tracked_object__type_support.h
[0.662s] -- Up-to-date: /home/kcg/Autonomous_kcg/ROS2Sample/install/tracked_object_msgs/include/tracked_object_msgs/msg/detail/tracked_object_array__struct.h
[0.662s] -- Up-to-date: /home/kcg/Autonomous_kcg/ROS2Sample/install/tracked_object_msgs/share/tracked_object_msgs/environment/library_path.sh
[0.662s] -- Up-to-date: /home/kcg/Autonomous_kcg/ROS2Sample/install/tracked_object_msgs/share/tracked_object_msgs/environment/library_path.dsv
[0.662s] -- Up-to-date: /home/kcg/Autonomous_kcg/ROS2Sample/install/tracked_object_msgs/lib/libtracked_object_msgs__rosidl_generator_c.so
[0.663s] -- Up-to-date: /home/kcg/Autonomous_kcg/ROS2Sample/install/tracked_object_msgs/include/tracked_object_msgs
[0.663s] -- Up-to-date: /home/kcg/Autonomous_kcg/ROS2Sample/install/tracked_object_msgs/include/tracked_object_msgs/msg
[0.663s] -- Up-to-date: /home/kcg/Autonomous_kcg/ROS2Sample/install/tracked_object_msgs/include/tracked_object_msgs/msg/rosidl_typesupport_fastrtps_c__visibility_control.h
[0.663s] -- Up-to-date: /home/kcg/Autonomous_kcg/ROS2Sample/install/tracked_object_msgs/include/tracked_object_msgs/msg/detail
[0.663s] -- Up-to-date: /home/kcg/Autonomous_kcg/ROS2Sample/install/tracked_object_msgs/include/tracked_object_msgs/msg/detail/tracked_object_array__rosidl_typesupport_fastrtps_c.h
[0.663s] -- Up-to-date: /home/kcg/Autonomous_kcg/ROS2Sample/install/tracked_object_msgs/include/tracked_object_msgs/msg/detail/object_types__rosidl_typesupport_fastrtps_c.h
[0.663s] -- Up-to-date: /home/kcg/Autonomous_kcg/ROS2Sample/install/tracked_object_msgs/include/tracked_object_msgs/msg/detail/tracked_object__rosidl_typesupport_fastrtps_c.h
[0.663s] -- Up-to-date: /home/kcg/Autonomous_kcg/ROS2Sample/install/tracked_object_msgs/lib/libtracked_object_msgs__rosidl_typesupport_fastrtps_c.so
[0.664s] -- Up-to-date: /home/kcg/Autonomous_kcg/ROS2Sample/install/tracked_object_msgs/include/tracked_object_msgs
[0.664s] -- Up-to-date: /home/kcg/Autonomous_kcg/ROS2Sample/install/tracked_object_msgs/include/tracked_object_msgs/msg
[0.664s] -- Up-to-date: /home/kcg/Autonomous_kcg/ROS2Sample/install/tracked_object_msgs/include/tracked_object_msgs/msg/detail
[0.664s] -- Up-to-date: /home/kcg/Autonomous_kcg/ROS2Sample/install/tracked_object_msgs/include/tracked_object_msgs/msg/detail/object_types__rosidl_typesupport_fastrtps_cpp.hpp
[0.664s] -- Up-to-date: /home/kcg/Autonomous_kcg/ROS2Sample/install/tracked_object_msgs/include/tracked_object_msgs/msg/detail/dds_fastrtps
[0.664s] -- Up-to-date: /home/kcg/Autonomous_kcg/ROS2Sample/install/tracked_object_msgs/include/tracked_object_msgs/msg/detail/tracked_object_array__rosidl_typesupport_fastrtps_cpp.hpp
[0.664s] -- Up-to-date: /home/kcg/Autonomous_kcg/ROS2Sample/install/tracked_object_msgs/include/tracked_object_msgs/msg/detail/tracked_object__rosidl_typesupport_fastrtps_cpp.hpp
[0.665s] -- Up-to-date: /home/kcg/Autonomous_kcg/ROS2Sample/install/tracked_object_msgs/include/tracked_object_msgs/msg/rosidl_typesupport_fastrtps_cpp__visibility_control.h
[0.665s] -- Up-to-date: /home/kcg/Autonomous_kcg/ROS2Sample/install/tracked_object_msgs/lib/libtracked_object_msgs__rosidl_typesupport_fastrtps_cpp.so
[0.665s] -- Up-to-date: /home/kcg/Autonomous_kcg/ROS2Sample/install/tracked_object_msgs/include/tracked_object_msgs
[0.665s] -- Up-to-date: /home/kcg/Autonomous_kcg/ROS2Sample/install/tracked_object_msgs/include/tracked_object_msgs/msg
[0.665s] -- Up-to-date: /home/kcg/Autonomous_kcg/ROS2Sample/install/tracked_object_msgs/include/tracked_object_msgs/msg/rosidl_typesupport_introspection_c__visibility_control.h
[0.665s] -- Up-to-date: /home/kcg/Autonomous_kcg/ROS2Sample/install/tracked_object_msgs/include/tracked_object_msgs/msg/detail
[0.665s] -- Up-to-date: /home/kcg/Autonomous_kcg/ROS2Sample/install/tracked_object_msgs/include/tracked_object_msgs/msg/detail/tracked_object__type_support.c
[0.666s] -- Up-to-date: /home/kcg/Autonomous_kcg/ROS2Sample/install/tracked_object_msgs/include/tracked_object_msgs/msg/detail/object_types__type_support.c
[0.666s] -- Up-to-date: /home/kcg/Autonomous_kcg/ROS2Sample/install/tracked_object_msgs/include/tracked_object_msgs/msg/detail/tracked_object__rosidl_typesupport_introspection_c.h
[0.666s] -- Up-to-date: /home/kcg/Autonomous_kcg/ROS2Sample/install/tracked_object_msgs/include/tracked_object_msgs/msg/detail/tracked_object_array__rosidl_typesupport_introspection_c.h
[0.666s] -- Up-to-date: /home/kcg/Autonomous_kcg/ROS2Sample/install/tracked_object_msgs/include/tracked_object_msgs/msg/detail/tracked_object_array__type_support.c
[0.666s] -- Up-to-date: /home/kcg/Autonomous_kcg/ROS2Sample/install/tracked_object_msgs/include/tracked_object_msgs/msg/detail/object_types__rosidl_typesupport_introspection_c.h
[0.666s] -- Up-to-date: /home/kcg/Autonomous_kcg/ROS2Sample/install/tracked_object_msgs/lib/libtracked_object_msgs__rosidl_typesupport_introspection_c.so
[0.667s] -- Up-to-date: /home/kcg/Autonomous_kcg/ROS2Sample/install/tracked_object_msgs/lib/libtracked_object_msgs__rosidl_typesupport_c.so
[0.667s] -- Up-to-date: /home/kcg/Autonomous_kcg/ROS2Sample/install/tracked_object_msgs/include/tracked_object_msgs
[0.667s] -- Up-to-date: /home/kcg/Autonomous_kcg/ROS2Sample/install/tracked_object_msgs/include/tracked_object_msgs/msg
[0.667s] -- Up-to-date: /home/kcg/Autonomous_kcg/ROS2Sample/install/tracked_object_msgs/include/tracked_object_msgs/msg/tracked_object_array.hpp
[0.667s] -- Up-to-date: /home/kcg/Autonomous_kcg/ROS2Sample/install/tracked_object_msgs/include/tracked_object_msgs/msg/tracked_object.hpp
[0.668s] -- Up-to-date: /home/kcg/Autonomous_kcg/ROS2Sample/install/tracked_object_msgs/include/tracked_object_msgs/msg/object_types.hpp
[0.668s] -- Up-to-date: /home/kcg/Autonomous_kcg/ROS2Sample/install/tracked_object_msgs/include/tracked_object_msgs/msg/detail
[0.668s] -- Up-to-date: /home/kcg/Autonomous_kcg/ROS2Sample/install/tracked_object_msgs/include/tracked_object_msgs/msg/detail/object_types__struct.hpp
[0.668s] -- Up-to-date: /home/kcg/Autonomous_kcg/ROS2Sample/install/tracked_object_msgs/include/tracked_object_msgs/msg/detail/tracked_object_array__traits.hpp
[0.668s] -- Up-to-date: /home/kcg/Autonomous_kcg/ROS2Sample/install/tracked_object_msgs/include/tracked_object_msgs/msg/detail/tracked_object_array__struct.hpp
[0.668s] -- Up-to-date: /home/kcg/Autonomous_kcg/ROS2Sample/install/tracked_object_msgs/include/tracked_object_msgs/msg/detail/object_types__traits.hpp
[0.669s] -- Up-to-date: /home/kcg/Autonomous_kcg/ROS2Sample/install/tracked_object_msgs/include/tracked_object_msgs/msg/detail/object_types__builder.hpp
[0.669s] -- Up-to-date: /home/kcg/Autonomous_kcg/ROS2Sample/install/tracked_object_msgs/include/tracked_object_msgs/msg/detail/tracked_object__traits.hpp
[0.669s] -- Up-to-date: /home/kcg/Autonomous_kcg/ROS2Sample/install/tracked_object_msgs/include/tracked_object_msgs/msg/detail/tracked_object__struct.hpp
[0.669s] -- Up-to-date: /home/kcg/Autonomous_kcg/ROS2Sample/install/tracked_object_msgs/include/tracked_object_msgs/msg/detail/tracked_object__builder.hpp
[0.669s] -- Up-to-date: /home/kcg/Autonomous_kcg/ROS2Sample/install/tracked_object_msgs/include/tracked_object_msgs/msg/detail/tracked_object_array__builder.hpp
[0.669s] -- Up-to-date: /home/kcg/Autonomous_kcg/ROS2Sample/install/tracked_object_msgs/include/tracked_object_msgs
[0.669s] -- Up-to-date: /home/kcg/Autonomous_kcg/ROS2Sample/install/tracked_object_msgs/include/tracked_object_msgs/msg
[0.670s] -- Up-to-date: /home/kcg/Autonomous_kcg/ROS2Sample/install/tracked_object_msgs/include/tracked_object_msgs/msg/detail
[0.670s] -- Up-to-date: /home/kcg/Autonomous_kcg/ROS2Sample/install/tracked_object_msgs/include/tracked_object_msgs/msg/detail/tracked_object__type_support.cpp
[0.670s] -- Up-to-date: /home/kcg/Autonomous_kcg/ROS2Sample/install/tracked_object_msgs/include/tracked_object_msgs/msg/detail/tracked_object_array__rosidl_typesupport_introspection_cpp.hpp
[0.670s] -- Up-to-date: /home/kcg/Autonomous_kcg/ROS2Sample/install/tracked_object_msgs/include/tracked_object_msgs/msg/detail/tracked_object_array__type_support.cpp
[0.670s] -- Up-to-date: /home/kcg/Autonomous_kcg/ROS2Sample/install/tracked_object_msgs/include/tracked_object_msgs/msg/detail/object_types__rosidl_typesupport_introspection_cpp.hpp
[0.670s] -- Up-to-date: /home/kcg/Autonomous_kcg/ROS2Sample/install/tracked_object_msgs/include/tracked_object_msgs/msg/detail/object_types__type_support.cpp
[0.671s] -- Up-to-date: /home/kcg/Autonomous_kcg/ROS2Sample/install/tracked_object_msgs/include/tracked_object_msgs/msg/detail/tracked_object__rosidl_typesupport_introspection_cpp.hpp
[0.671s] -- Up-to-date: /home/kcg/Autonomous_kcg/ROS2Sample/install/tracked_object_msgs/lib/libtracked_object_msgs__rosidl_typesupport_introspection_cpp.so
[0.671s] -- Up-to-date: /home/kcg/Autonomous_kcg/ROS2Sample/install/tracked_object_msgs/lib/libtracked_object_msgs__rosidl_typesupport_cpp.so
[0.671s] -- Up-to-date: /home/kcg/Autonomous_kcg/ROS2Sample/install/tracked_object_msgs/share/tracked_object_msgs/environment/pythonpath.sh
[0.672s] -- Up-to-date: /home/kcg/Autonomous_kcg/ROS2Sample/install/tracked_object_msgs/share/tracked_object_msgs/environment/pythonpath.dsv
[0.672s] -- Up-to-date: /home/kcg/Autonomous_kcg/ROS2Sample/install/tracked_object_msgs/lib/python3.8/site-packages/tracked_object_msgs/__init__.py
[0.723s] -- Up-to-date: /home/kcg/Autonomous_kcg/ROS2Sample/install/tracked_object_msgs/lib/python3.8/site-packages/tracked_object_msgs/msg
[0.725s] -- Up-to-date: /home/kcg/Autonomous_kcg/ROS2Sample/install/tracked_object_msgs/lib/python3.8/site-packages/tracked_object_msgs/msg/_tracked_object_array_s.c
[0.726s] -- Up-to-date: /home/kcg/Autonomous_kcg/ROS2Sample/install/tracked_object_msgs/lib/python3.8/site-packages/tracked_object_msgs/msg/_object_types.py
[0.726s] -- Up-to-date: /home/kcg/Autonomous_kcg/ROS2Sample/install/tracked_object_msgs/lib/python3.8/site-packages/tracked_object_msgs/msg/_tracked_object.py
[0.726s] -- Up-to-date: /home/kcg/Autonomous_kcg/ROS2Sample/install/tracked_object_msgs/lib/python3.8/site-packages/tracked_object_msgs/msg/_object_types_s.c
[0.726s] -- Up-to-date: /home/kcg/Autonomous_kcg/ROS2Sample/install/tracked_object_msgs/lib/python3.8/site-packages/tracked_object_msgs/msg/_tracked_object_s.c
[0.727s] -- Up-to-date: /home/kcg/Autonomous_kcg/ROS2Sample/install/tracked_object_msgs/lib/python3.8/site-packages/tracked_object_msgs/msg/__init__.py
[0.727s] -- Up-to-date: /home/kcg/Autonomous_kcg/ROS2Sample/install/tracked_object_msgs/lib/python3.8/site-packages/tracked_object_msgs/msg/_tracked_object_array.py
[0.727s] -- Up-to-date: /home/kcg/Autonomous_kcg/ROS2Sample/install/tracked_object_msgs/lib/python3.8/site-packages/tracked_object_msgs/tracked_object_msgs_s__rosidl_typesupport_fastrtps_c.cpython-38-x86_64-linux-gnu.so
[0.728s] -- Up-to-date: /home/kcg/Autonomous_kcg/ROS2Sample/install/tracked_object_msgs/lib/python3.8/site-packages/tracked_object_msgs/tracked_object_msgs_s__rosidl_typesupport_introspection_c.cpython-38-x86_64-linux-gnu.so
[0.728s] -- Up-to-date: /home/kcg/Autonomous_kcg/ROS2Sample/install/tracked_object_msgs/lib/python3.8/site-packages/tracked_object_msgs/tracked_object_msgs_s__rosidl_typesupport_c.cpython-38-x86_64-linux-gnu.so
[0.728s] -- Up-to-date: /home/kcg/Autonomous_kcg/ROS2Sample/install/tracked_object_msgs/lib/libtracked_object_msgs__python.so
[0.729s] -- Up-to-date: /home/kcg/Autonomous_kcg/ROS2Sample/install/tracked_object_msgs/share/tracked_object_msgs/msg/ObjectTypes.idl
[0.729s] -- Up-to-date: /home/kcg/Autonomous_kcg/ROS2Sample/install/tracked_object_msgs/share/tracked_object_msgs/msg/TrackedObject.idl
[0.730s] -- Up-to-date: /home/kcg/Autonomous_kcg/ROS2Sample/install/tracked_object_msgs/share/tracked_object_msgs/msg/TrackedObjectArray.idl
[0.730s] -- Up-to-date: /home/kcg/Autonomous_kcg/ROS2Sample/install/tracked_object_msgs/share/tracked_object_msgs/msg/ObjectTypes.msg
[0.730s] -- Up-to-date: /home/kcg/Autonomous_kcg/ROS2Sample/install/tracked_object_msgs/share/tracked_object_msgs/msg/TrackedObject.msg
[0.730s] -- Up-to-date: /home/kcg/Autonomous_kcg/ROS2Sample/install/tracked_object_msgs/share/tracked_object_msgs/msg/TrackedObjectArray.msg
[0.730s] -- Up-to-date: /home/kcg/Autonomous_kcg/ROS2Sample/install/tracked_object_msgs/share/ament_index/resource_index/package_run_dependencies/tracked_object_msgs
[0.731s] -- Up-to-date: /home/kcg/Autonomous_kcg/ROS2Sample/install/tracked_object_msgs/share/ament_index/resource_index/parent_prefix_path/tracked_object_msgs
[0.733s] -- Up-to-date: /home/kcg/Autonomous_kcg/ROS2Sample/install/tracked_object_msgs/share/tracked_object_msgs/environment/ament_prefix_path.sh
[0.733s] -- Up-to-date: /home/kcg/Autonomous_kcg/ROS2Sample/install/tracked_object_msgs/share/tracked_object_msgs/environment/ament_prefix_path.dsv
[0.734s] -- Up-to-date: /home/kcg/Autonomous_kcg/ROS2Sample/install/tracked_object_msgs/share/tracked_object_msgs/environment/path.sh
[0.734s] -- Up-to-date: /home/kcg/Autonomous_kcg/ROS2Sample/install/tracked_object_msgs/share/tracked_object_msgs/environment/path.dsv
[0.735s] -- Up-to-date: /home/kcg/Autonomous_kcg/ROS2Sample/install/tracked_object_msgs/share/tracked_object_msgs/local_setup.bash
[0.735s] -- Up-to-date: /home/kcg/Autonomous_kcg/ROS2Sample/install/tracked_object_msgs/share/tracked_object_msgs/local_setup.sh
[0.736s] -- Up-to-date: /home/kcg/Autonomous_kcg/ROS2Sample/install/tracked_object_msgs/share/tracked_object_msgs/local_setup.zsh
[0.740s] -- Up-to-date: /home/kcg/Autonomous_kcg/ROS2Sample/install/tracked_object_msgs/share/tracked_object_msgs/local_setup.dsv
[0.740s] -- Installing: /home/kcg/Autonomous_kcg/ROS2Sample/install/tracked_object_msgs/share/tracked_object_msgs/package.dsv
[0.741s] -- Up-to-date: /home/kcg/Autonomous_kcg/ROS2Sample/install/tracked_object_msgs/share/ament_index/resource_index/packages/tracked_object_msgs
[0.741s] -- Up-to-date: /home/kcg/Autonomous_kcg/ROS2Sample/install/tracked_object_msgs/share/tracked_object_msgs/cmake/tracked_object_msgs__rosidl_generator_cExport.cmake
[0.741s] -- Up-to-date: /home/kcg/Autonomous_kcg/ROS2Sample/install/tracked_object_msgs/share/tracked_object_msgs/cmake/tracked_object_msgs__rosidl_generator_cExport-noconfig.cmake
[0.741s] -- Up-to-date: /home/kcg/Autonomous_kcg/ROS2Sample/install/tracked_object_msgs/share/tracked_object_msgs/cmake/tracked_object_msgs__rosidl_typesupport_introspection_cExport.cmake
[0.741s] -- Up-to-date: /home/kcg/Autonomous_kcg/ROS2Sample/install/tracked_object_msgs/share/tracked_object_msgs/cmake/tracked_object_msgs__rosidl_typesupport_introspection_cExport-noconfig.cmake
[0.742s] -- Up-to-date: /home/kcg/Autonomous_kcg/ROS2Sample/install/tracked_object_msgs/share/tracked_object_msgs/cmake/tracked_object_msgs__rosidl_typesupport_cExport.cmake
[0.742s] -- Up-to-date: /home/kcg/Autonomous_kcg/ROS2Sample/install/tracked_object_msgs/share/tracked_object_msgs/cmake/tracked_object_msgs__rosidl_typesupport_cExport-noconfig.cmake
[0.742s] -- Up-to-date: /home/kcg/Autonomous_kcg/ROS2Sample/install/tracked_object_msgs/share/tracked_object_msgs/cmake/tracked_object_msgs__rosidl_generator_cppExport.cmake
[0.742s] -- Up-to-date: /home/kcg/Autonomous_kcg/ROS2Sample/install/tracked_object_msgs/share/tracked_object_msgs/cmake/tracked_object_msgs__rosidl_typesupport_introspection_cppExport.cmake
[0.742s] -- Up-to-date: /home/kcg/Autonomous_kcg/ROS2Sample/install/tracked_object_msgs/share/tracked_object_msgs/cmake/tracked_object_msgs__rosidl_typesupport_introspection_cppExport-noconfig.cmake
[0.743s] -- Up-to-date: /home/kcg/Autonomous_kcg/ROS2Sample/install/tracked_object_msgs/share/tracked_object_msgs/cmake/tracked_object_msgs__rosidl_typesupport_cppExport.cmake
[0.743s] -- Up-to-date: /home/kcg/Autonomous_kcg/ROS2Sample/install/tracked_object_msgs/share/tracked_object_msgs/cmake/tracked_object_msgs__rosidl_typesupport_cppExport-noconfig.cmake
[0.743s] -- Up-to-date: /home/kcg/Autonomous_kcg/ROS2Sample/install/tracked_object_msgs/share/tracked_object_msgs/cmake/rosidl_cmake-extras.cmake
[0.743s] -- Up-to-date: /home/kcg/Autonomous_kcg/ROS2Sample/install/tracked_object_msgs/share/tracked_object_msgs/cmake/ament_cmake_export_dependencies-extras.cmake
[0.743s] -- Up-to-date: /home/kcg/Autonomous_kcg/ROS2Sample/install/tracked_object_msgs/share/tracked_object_msgs/cmake/ament_cmake_export_libraries-extras.cmake
[0.744s] -- Up-to-date: /home/kcg/Autonomous_kcg/ROS2Sample/install/tracked_object_msgs/share/tracked_object_msgs/cmake/ament_cmake_export_targets-extras.cmake
[0.744s] -- Up-to-date: /home/kcg/Autonomous_kcg/ROS2Sample/install/tracked_object_msgs/share/tracked_object_msgs/cmake/ament_cmake_export_include_directories-extras.cmake
[0.744s] -- Up-to-date: /home/kcg/Autonomous_kcg/ROS2Sample/install/tracked_object_msgs/share/tracked_object_msgs/cmake/rosidl_cmake_export_typesupport_libraries-extras.cmake
[0.744s] -- Up-to-date: /home/kcg/Autonomous_kcg/ROS2Sample/install/tracked_object_msgs/share/tracked_object_msgs/cmake/rosidl_cmake_export_typesupport_targets-extras.cmake
[0.744s] -- Up-to-date: /home/kcg/Autonomous_kcg/ROS2Sample/install/tracked_object_msgs/share/tracked_object_msgs/cmake/tracked_object_msgsConfig.cmake
[0.744s] -- Up-to-date: /home/kcg/Autonomous_kcg/ROS2Sample/install/tracked_object_msgs/share/tracked_object_msgs/cmake/tracked_object_msgsConfig-version.cmake
[0.745s] -- Up-to-date: /home/kcg/Autonomous_kcg/ROS2Sample/install/tracked_object_msgs/share/tracked_object_msgs/package.xml
[0.795s] Invoked command in '/home/kcg/Autonomous_kcg/ROS2Sample/build/tracked_object_msgs' returned '0': CMAKE_PREFIX_PATH=${CMAKE_PREFIX_PATH}:/home/kcg/Autonomous_kcg/ROS2Sample/install/python_publisher:/opt/ros/foxy /usr/bin/cmake --install /home/kcg/Autonomous_kcg/ROS2Sample/build/tracked_object_msgs
