[0.463s] Invoking command in '/home/kcg/ROS2Sample/src/python_publisher': PYTHONPATH=/home/kcg/ROS2Sample/src/install/python_publisher/lib/python3.8/site-packages:/home/kcg/ROS2Sample/src/install/cognata_sdk_ros2/lib/python3.8/site-packages:/home/kcg/ROS2Sample/src/install/python_publisher/lib/python3.8/site-packages:/opt/ros/foxy/lib/python3.8/site-packages /usr/bin/python3 setup.py egg_info --egg-base ../build/python_publisher build --build-base /home/kcg/ROS2Sample/src/build/python_publisher/build install --prefix /home/kcg/ROS2Sample/src/install/python_publisher --record /home/kcg/ROS2Sample/src/build/python_publisher/install.log --single-version-externally-managed
[0.619s] running egg_info
[0.619s] writing ../build/python_publisher/python_publisher.egg-info/PKG-INFO
[0.620s] writing dependency_links to ../build/python_publisher/python_publisher.egg-info/dependency_links.txt
[0.620s] writing entry points to ../build/python_publisher/python_publisher.egg-info/entry_points.txt
[0.620s] writing requirements to ../build/python_publisher/python_publisher.egg-info/requires.txt
[0.620s] writing top-level names to ../build/python_publisher/python_publisher.egg-info/top_level.txt
[0.641s] reading manifest file '../build/python_publisher/python_publisher.egg-info/SOURCES.txt'
[0.642s] writing manifest file '../build/python_publisher/python_publisher.egg-info/SOURCES.txt'
[0.642s] running build
[0.642s] running build_py
[0.644s] copying python_publisher/steertry.py -> /home/kcg/ROS2Sample/src/build/python_publisher/build/lib/python_publisher
[0.644s] copying python_publisher/adaptive_cruise_control.py -> /home/kcg/ROS2Sample/src/build/python_publisher/build/lib/python_publisher
[0.644s] running install
[0.644s] running install_lib
[0.645s] copying /home/kcg/ROS2Sample/src/build/python_publisher/build/lib/python_publisher/steertry.py -> /home/kcg/ROS2Sample/src/install/python_publisher/lib/python3.8/site-packages/python_publisher
[0.645s] copying /home/kcg/ROS2Sample/src/build/python_publisher/build/lib/python_publisher/adaptive_cruise_control.py -> /home/kcg/ROS2Sample/src/install/python_publisher/lib/python3.8/site-packages/python_publisher
[0.645s] byte-compiling /home/kcg/ROS2Sample/src/install/python_publisher/lib/python3.8/site-packages/python_publisher/steertry.py to steertry.cpython-38.pyc
[0.647s] byte-compiling /home/kcg/ROS2Sample/src/install/python_publisher/lib/python3.8/site-packages/python_publisher/adaptive_cruise_control.py to adaptive_cruise_control.cpython-38.pyc
[0.648s] running install_data
[0.648s] running install_egg_info
[0.649s] removing '/home/kcg/ROS2Sample/src/install/python_publisher/lib/python3.8/site-packages/python_publisher-0.0.0-py3.8.egg-info' (and everything under it)
[0.649s] Copying ../build/python_publisher/python_publisher.egg-info to /home/kcg/ROS2Sample/src/install/python_publisher/lib/python3.8/site-packages/python_publisher-0.0.0-py3.8.egg-info
[0.650s] running install_scripts
[0.660s] Installing publisher script to /home/kcg/ROS2Sample/src/install/python_publisher/lib/python_publisher
[0.660s] writing list of installed files to '/home/kcg/ROS2Sample/src/build/python_publisher/install.log'
[0.675s] Invoked command in '/home/kcg/ROS2Sample/src/python_publisher' returned '0': PYTHONPATH=/home/kcg/ROS2Sample/src/install/python_publisher/lib/python3.8/site-packages:/home/kcg/ROS2Sample/src/install/cognata_sdk_ros2/lib/python3.8/site-packages:/home/kcg/ROS2Sample/src/install/python_publisher/lib/python3.8/site-packages:/opt/ros/foxy/lib/python3.8/site-packages /usr/bin/python3 setup.py egg_info --egg-base ../build/python_publisher build --build-base /home/kcg/ROS2Sample/src/build/python_publisher/build install --prefix /home/kcg/ROS2Sample/src/install/python_publisher --record /home/kcg/ROS2Sample/src/build/python_publisher/install.log --single-version-externally-managed
