[0.381s] Invoking command in '/home/kcg/copy/ROS2Sample/src/python_publisher': PYTHONPATH=/home/kcg/copy/ROS2Sample/install/python_publisher/lib/python3.8/site-packages:/home/kcg/copy/ROS2Sample/install/cognata_sdk_ros2/lib/python3.8/site-packages:/home/kcg/copy/ROS2Sample/install/python_publisher/lib/python3.8/site-packages:/opt/ros/foxy/lib/python3.8/site-packages /usr/bin/python3 setup.py egg_info --egg-base ../../build/python_publisher build --build-base /home/kcg/copy/ROS2Sample/build/python_publisher/build install --prefix /home/kcg/copy/ROS2Sample/install/python_publisher --record /home/kcg/copy/ROS2Sample/build/python_publisher/install.log --single-version-externally-managed
[0.511s] running egg_info
[0.511s] writing ../../build/python_publisher/python_publisher.egg-info/PKG-INFO
[0.512s] writing dependency_links to ../../build/python_publisher/python_publisher.egg-info/dependency_links.txt
[0.512s] writing entry points to ../../build/python_publisher/python_publisher.egg-info/entry_points.txt
[0.512s] writing requirements to ../../build/python_publisher/python_publisher.egg-info/requires.txt
[0.512s] writing top-level names to ../../build/python_publisher/python_publisher.egg-info/top_level.txt
[0.532s] reading manifest file '../../build/python_publisher/python_publisher.egg-info/SOURCES.txt'
[0.533s] writing manifest file '../../build/python_publisher/python_publisher.egg-info/SOURCES.txt'
[0.533s] running build
[0.533s] running build_py
[0.533s] copying python_publisher/submodules/switch_cognata.py -> /home/kcg/copy/ROS2Sample/build/python_publisher/build/lib/python_publisher/submodules
[0.533s] running install
[0.534s] running install_lib
[0.535s] copying /home/kcg/copy/ROS2Sample/build/python_publisher/build/lib/python_publisher/submodules/switch_cognata.py -> /home/kcg/copy/ROS2Sample/install/python_publisher/lib/python3.8/site-packages/python_publisher/submodules
[0.535s] byte-compiling /home/kcg/copy/ROS2Sample/install/python_publisher/lib/python3.8/site-packages/python_publisher/submodules/switch_cognata.py to switch_cognata.cpython-38.pyc
[0.537s] running install_data
[0.537s] running install_egg_info
[0.538s] removing '/home/kcg/copy/ROS2Sample/install/python_publisher/lib/python3.8/site-packages/python_publisher-0.0.0-py3.8.egg-info' (and everything under it)
[0.538s] Copying ../../build/python_publisher/python_publisher.egg-info to /home/kcg/copy/ROS2Sample/install/python_publisher/lib/python3.8/site-packages/python_publisher-0.0.0-py3.8.egg-info
[0.538s] running install_scripts
[0.549s] Installing acc script to /home/kcg/copy/ROS2Sample/install/python_publisher/lib/python_publisher
[0.549s] Installing gev script to /home/kcg/copy/ROS2Sample/install/python_publisher/lib/python_publisher
[0.549s] Installing pid script to /home/kcg/copy/ROS2Sample/install/python_publisher/lib/python_publisher
[0.549s] Installing publisher script to /home/kcg/copy/ROS2Sample/install/python_publisher/lib/python_publisher
[0.549s] Installing rcc script to /home/kcg/copy/ROS2Sample/install/python_publisher/lib/python_publisher
[0.549s] writing list of installed files to '/home/kcg/copy/ROS2Sample/build/python_publisher/install.log'
[0.561s] Invoked command in '/home/kcg/copy/ROS2Sample/src/python_publisher' returned '0': PYTHONPATH=/home/kcg/copy/ROS2Sample/install/python_publisher/lib/python3.8/site-packages:/home/kcg/copy/ROS2Sample/install/cognata_sdk_ros2/lib/python3.8/site-packages:/home/kcg/copy/ROS2Sample/install/python_publisher/lib/python3.8/site-packages:/opt/ros/foxy/lib/python3.8/site-packages /usr/bin/python3 setup.py egg_info --egg-base ../../build/python_publisher build --build-base /home/kcg/copy/ROS2Sample/build/python_publisher/build install --prefix /home/kcg/copy/ROS2Sample/install/python_publisher --record /home/kcg/copy/ROS2Sample/build/python_publisher/install.log --single-version-externally-managed
