[0.059s] Invoking command in '/home/kcg/Autonomous_kcg/ROS2Sample/build/autoware_auto_msgs': CMAKE_PREFIX_PATH=${CMAKE_PREFIX_PATH}:/home/kcg/Autonomous_kcg/ROS2Sample/install/python_publisher:/opt/ros/foxy /usr/bin/cmake --build /home/kcg/Autonomous_kcg/ROS2Sample/build/autoware_auto_msgs -- -j8 -l8
[0.214s] [  3%] Built target autoware_auto_msgs__cpp
[0.243s] [ 12%] Built target autoware_auto_msgs__rosidl_generator_c
[0.305s] [ 22%] Built target autoware_auto_msgs__rosidl_typesupport_fastrtps_cpp
[0.318s] [ 32%] Built target autoware_auto_msgs__rosidl_typesupport_cpp
[0.336s] [ 41%] Built target autoware_auto_msgs__rosidl_typesupport_introspection_cpp
[0.358s] [ 61%] Built target autoware_auto_msgs__rosidl_typesupport_introspection_c
[0.359s] [ 61%] Built target autoware_auto_msgs__rosidl_typesupport_fastrtps_c
[0.363s] [ 70%] Built target autoware_auto_msgs__rosidl_typesupport_c
[0.399s] [ 70%] Built target autoware_auto_msgs
[0.434s] [ 74%] Built target autoware_auto_msgs__py
[0.479s] [ 80%] Built target autoware_auto_msgs__python
[0.570s] [ 87%] Built target autoware_auto_msgs__rosidl_typesupport_c__pyext
[0.588s] [ 96%] Built target autoware_auto_msgs__rosidl_typesupport_introspection_c__pyext
[0.589s] [100%] Built target autoware_auto_msgs__rosidl_typesupport_fastrtps_c__pyext
[0.619s] Invoked command in '/home/kcg/Autonomous_kcg/ROS2Sample/build/autoware_auto_msgs' returned '0': CMAKE_PREFIX_PATH=${CMAKE_PREFIX_PATH}:/home/kcg/Autonomous_kcg/ROS2Sample/install/python_publisher:/opt/ros/foxy /usr/bin/cmake --build /home/kcg/Autonomous_kcg/ROS2Sample/build/autoware_auto_msgs -- -j8 -l8
[0.714s] Invoking command in '/home/kcg/Autonomous_kcg/ROS2Sample/build/autoware_auto_msgs': CMAKE_PREFIX_PATH=${CMAKE_PREFIX_PATH}:/home/kcg/Autonomous_kcg/ROS2Sample/install/python_publisher:/opt/ros/foxy /usr/bin/cmake --install /home/kcg/Autonomous_kcg/ROS2Sample/build/autoware_auto_msgs
[0.738s] -- Install configuration: ""
[0.738s] -- Up-to-date: /home/kcg/Autonomous_kcg/ROS2Sample/install/autoware_auto_msgs/share/ament_index/resource_index/rosidl_interfaces/autoware_auto_msgs
[0.738s] -- Up-to-date: /home/kcg/Autonomous_kcg/ROS2Sample/install/autoware_auto_msgs/include/autoware_auto_msgs
[0.738s] -- Up-to-date: /home/kcg/Autonomous_kcg/ROS2Sample/install/autoware_auto_msgs/include/autoware_auto_msgs/msg
[0.739s] -- Up-to-date: /home/kcg/Autonomous_kcg/ROS2Sample/install/autoware_auto_msgs/include/autoware_auto_msgs/msg/rosidl_generator_c__visibility_control.h
[0.739s] -- Up-to-date: /home/kcg/Autonomous_kcg/ROS2Sample/install/autoware_auto_msgs/include/autoware_auto_msgs/msg/vehicle_control_command.h
[0.739s] -- Up-to-date: /home/kcg/Autonomous_kcg/ROS2Sample/install/autoware_auto_msgs/include/autoware_auto_msgs/msg/detail
[0.739s] -- Up-to-date: /home/kcg/Autonomous_kcg/ROS2Sample/install/autoware_auto_msgs/include/autoware_auto_msgs/msg/detail/vehicle_control_command__struct.h
[0.740s] -- Up-to-date: /home/kcg/Autonomous_kcg/ROS2Sample/install/autoware_auto_msgs/include/autoware_auto_msgs/msg/detail/vehicle_control_command__functions.h
[0.740s] -- Up-to-date: /home/kcg/Autonomous_kcg/ROS2Sample/install/autoware_auto_msgs/include/autoware_auto_msgs/msg/detail/vehicle_control_command__functions.c
[0.740s] -- Up-to-date: /home/kcg/Autonomous_kcg/ROS2Sample/install/autoware_auto_msgs/include/autoware_auto_msgs/msg/detail/vehicle_control_command__type_support.h
[0.740s] -- Up-to-date: /home/kcg/Autonomous_kcg/ROS2Sample/install/autoware_auto_msgs/share/autoware_auto_msgs/environment/library_path.sh
[0.741s] -- Up-to-date: /home/kcg/Autonomous_kcg/ROS2Sample/install/autoware_auto_msgs/share/autoware_auto_msgs/environment/library_path.dsv
[0.741s] -- Up-to-date: /home/kcg/Autonomous_kcg/ROS2Sample/install/autoware_auto_msgs/lib/libautoware_auto_msgs__rosidl_generator_c.so
[0.741s] -- Up-to-date: /home/kcg/Autonomous_kcg/ROS2Sample/install/autoware_auto_msgs/include/autoware_auto_msgs
[0.741s] -- Up-to-date: /home/kcg/Autonomous_kcg/ROS2Sample/install/autoware_auto_msgs/include/autoware_auto_msgs/msg
[0.741s] -- Up-to-date: /home/kcg/Autonomous_kcg/ROS2Sample/install/autoware_auto_msgs/include/autoware_auto_msgs/msg/rosidl_typesupport_fastrtps_c__visibility_control.h
[0.741s] -- Up-to-date: /home/kcg/Autonomous_kcg/ROS2Sample/install/autoware_auto_msgs/include/autoware_auto_msgs/msg/detail
[0.741s] -- Up-to-date: /home/kcg/Autonomous_kcg/ROS2Sample/install/autoware_auto_msgs/include/autoware_auto_msgs/msg/detail/vehicle_control_command__rosidl_typesupport_fastrtps_c.h
[0.742s] -- Up-to-date: /home/kcg/Autonomous_kcg/ROS2Sample/install/autoware_auto_msgs/lib/libautoware_auto_msgs__rosidl_typesupport_fastrtps_c.so
[0.742s] -- Up-to-date: /home/kcg/Autonomous_kcg/ROS2Sample/install/autoware_auto_msgs/include/autoware_auto_msgs
[0.742s] -- Up-to-date: /home/kcg/Autonomous_kcg/ROS2Sample/install/autoware_auto_msgs/include/autoware_auto_msgs/msg
[0.742s] -- Up-to-date: /home/kcg/Autonomous_kcg/ROS2Sample/install/autoware_auto_msgs/include/autoware_auto_msgs/msg/detail
[0.742s] -- Up-to-date: /home/kcg/Autonomous_kcg/ROS2Sample/install/autoware_auto_msgs/include/autoware_auto_msgs/msg/detail/dds_fastrtps
[0.742s] -- Up-to-date: /home/kcg/Autonomous_kcg/ROS2Sample/install/autoware_auto_msgs/include/autoware_auto_msgs/msg/detail/vehicle_control_command__rosidl_typesupport_fastrtps_cpp.hpp
[0.742s] -- Up-to-date: /home/kcg/Autonomous_kcg/ROS2Sample/install/autoware_auto_msgs/include/autoware_auto_msgs/msg/rosidl_typesupport_fastrtps_cpp__visibility_control.h
[0.742s] -- Up-to-date: /home/kcg/Autonomous_kcg/ROS2Sample/install/autoware_auto_msgs/lib/libautoware_auto_msgs__rosidl_typesupport_fastrtps_cpp.so
[0.743s] -- Up-to-date: /home/kcg/Autonomous_kcg/ROS2Sample/install/autoware_auto_msgs/include/autoware_auto_msgs
[0.743s] -- Up-to-date: /home/kcg/Autonomous_kcg/ROS2Sample/install/autoware_auto_msgs/include/autoware_auto_msgs/msg
[0.743s] -- Up-to-date: /home/kcg/Autonomous_kcg/ROS2Sample/install/autoware_auto_msgs/include/autoware_auto_msgs/msg/rosidl_typesupport_introspection_c__visibility_control.h
[0.743s] -- Up-to-date: /home/kcg/Autonomous_kcg/ROS2Sample/install/autoware_auto_msgs/include/autoware_auto_msgs/msg/detail
[0.743s] -- Up-to-date: /home/kcg/Autonomous_kcg/ROS2Sample/install/autoware_auto_msgs/include/autoware_auto_msgs/msg/detail/vehicle_control_command__type_support.c
[0.743s] -- Up-to-date: /home/kcg/Autonomous_kcg/ROS2Sample/install/autoware_auto_msgs/include/autoware_auto_msgs/msg/detail/vehicle_control_command__rosidl_typesupport_introspection_c.h
[0.743s] -- Up-to-date: /home/kcg/Autonomous_kcg/ROS2Sample/install/autoware_auto_msgs/lib/libautoware_auto_msgs__rosidl_typesupport_introspection_c.so
[0.743s] -- Up-to-date: /home/kcg/Autonomous_kcg/ROS2Sample/install/autoware_auto_msgs/lib/libautoware_auto_msgs__rosidl_typesupport_c.so
[0.744s] -- Up-to-date: /home/kcg/Autonomous_kcg/ROS2Sample/install/autoware_auto_msgs/include/autoware_auto_msgs
[0.744s] -- Up-to-date: /home/kcg/Autonomous_kcg/ROS2Sample/install/autoware_auto_msgs/include/autoware_auto_msgs/msg
[0.744s] -- Up-to-date: /home/kcg/Autonomous_kcg/ROS2Sample/install/autoware_auto_msgs/include/autoware_auto_msgs/msg/detail
[0.744s] -- Up-to-date: /home/kcg/Autonomous_kcg/ROS2Sample/install/autoware_auto_msgs/include/autoware_auto_msgs/msg/detail/vehicle_control_command__builder.hpp
[0.744s] -- Up-to-date: /home/kcg/Autonomous_kcg/ROS2Sample/install/autoware_auto_msgs/include/autoware_auto_msgs/msg/detail/vehicle_control_command__struct.hpp
[0.744s] -- Up-to-date: /home/kcg/Autonomous_kcg/ROS2Sample/install/autoware_auto_msgs/include/autoware_auto_msgs/msg/detail/vehicle_control_command__traits.hpp
[0.744s] -- Up-to-date: /home/kcg/Autonomous_kcg/ROS2Sample/install/autoware_auto_msgs/include/autoware_auto_msgs/msg/vehicle_control_command.hpp
[0.744s] -- Up-to-date: /home/kcg/Autonomous_kcg/ROS2Sample/install/autoware_auto_msgs/include/autoware_auto_msgs
[0.744s] -- Up-to-date: /home/kcg/Autonomous_kcg/ROS2Sample/install/autoware_auto_msgs/include/autoware_auto_msgs/msg
[0.745s] -- Up-to-date: /home/kcg/Autonomous_kcg/ROS2Sample/install/autoware_auto_msgs/include/autoware_auto_msgs/msg/detail
[0.745s] -- Up-to-date: /home/kcg/Autonomous_kcg/ROS2Sample/install/autoware_auto_msgs/include/autoware_auto_msgs/msg/detail/vehicle_control_command__rosidl_typesupport_introspection_cpp.hpp
[0.745s] -- Up-to-date: /home/kcg/Autonomous_kcg/ROS2Sample/install/autoware_auto_msgs/include/autoware_auto_msgs/msg/detail/vehicle_control_command__type_support.cpp
[0.745s] -- Up-to-date: /home/kcg/Autonomous_kcg/ROS2Sample/install/autoware_auto_msgs/lib/libautoware_auto_msgs__rosidl_typesupport_introspection_cpp.so
[0.745s] -- Up-to-date: /home/kcg/Autonomous_kcg/ROS2Sample/install/autoware_auto_msgs/lib/libautoware_auto_msgs__rosidl_typesupport_cpp.so
[0.745s] -- Up-to-date: /home/kcg/Autonomous_kcg/ROS2Sample/install/autoware_auto_msgs/share/autoware_auto_msgs/environment/pythonpath.sh
[0.745s] -- Up-to-date: /home/kcg/Autonomous_kcg/ROS2Sample/install/autoware_auto_msgs/share/autoware_auto_msgs/environment/pythonpath.dsv
[0.745s] -- Up-to-date: /home/kcg/Autonomous_kcg/ROS2Sample/install/autoware_auto_msgs/lib/python3.8/site-packages/autoware_auto_msgs/__init__.py
[0.816s] -- Up-to-date: /home/kcg/Autonomous_kcg/ROS2Sample/install/autoware_auto_msgs/lib/python3.8/site-packages/autoware_auto_msgs/msg
[0.816s] -- Up-to-date: /home/kcg/Autonomous_kcg/ROS2Sample/install/autoware_auto_msgs/lib/python3.8/site-packages/autoware_auto_msgs/msg/_vehicle_control_command.py
[0.817s] -- Up-to-date: /home/kcg/Autonomous_kcg/ROS2Sample/install/autoware_auto_msgs/lib/python3.8/site-packages/autoware_auto_msgs/msg/_vehicle_control_command_s.c
[0.817s] -- Up-to-date: /home/kcg/Autonomous_kcg/ROS2Sample/install/autoware_auto_msgs/lib/python3.8/site-packages/autoware_auto_msgs/msg/__init__.py
[0.817s] -- Up-to-date: /home/kcg/Autonomous_kcg/ROS2Sample/install/autoware_auto_msgs/lib/python3.8/site-packages/autoware_auto_msgs/autoware_auto_msgs_s__rosidl_typesupport_fastrtps_c.cpython-38-x86_64-linux-gnu.so
[0.817s] -- Up-to-date: /home/kcg/Autonomous_kcg/ROS2Sample/install/autoware_auto_msgs/lib/python3.8/site-packages/autoware_auto_msgs/autoware_auto_msgs_s__rosidl_typesupport_introspection_c.cpython-38-x86_64-linux-gnu.so
[0.818s] -- Up-to-date: /home/kcg/Autonomous_kcg/ROS2Sample/install/autoware_auto_msgs/lib/python3.8/site-packages/autoware_auto_msgs/autoware_auto_msgs_s__rosidl_typesupport_c.cpython-38-x86_64-linux-gnu.so
[0.833s] -- Up-to-date: /home/kcg/Autonomous_kcg/ROS2Sample/install/autoware_auto_msgs/lib/libautoware_auto_msgs__python.so
[0.833s] -- Up-to-date: /home/kcg/Autonomous_kcg/ROS2Sample/install/autoware_auto_msgs/share/autoware_auto_msgs/msg/VehicleControlCommand.idl
[0.834s] -- Up-to-date: /home/kcg/Autonomous_kcg/ROS2Sample/install/autoware_auto_msgs/share/ament_index/resource_index/package_run_dependencies/autoware_auto_msgs
[0.834s] -- Up-to-date: /home/kcg/Autonomous_kcg/ROS2Sample/install/autoware_auto_msgs/share/ament_index/resource_index/parent_prefix_path/autoware_auto_msgs
[0.834s] -- Up-to-date: /home/kcg/Autonomous_kcg/ROS2Sample/install/autoware_auto_msgs/share/autoware_auto_msgs/environment/ament_prefix_path.sh
[0.834s] -- Up-to-date: /home/kcg/Autonomous_kcg/ROS2Sample/install/autoware_auto_msgs/share/autoware_auto_msgs/environment/ament_prefix_path.dsv
[0.834s] -- Up-to-date: /home/kcg/Autonomous_kcg/ROS2Sample/install/autoware_auto_msgs/share/autoware_auto_msgs/environment/path.sh
[0.835s] -- Up-to-date: /home/kcg/Autonomous_kcg/ROS2Sample/install/autoware_auto_msgs/share/autoware_auto_msgs/environment/path.dsv
[0.835s] -- Up-to-date: /home/kcg/Autonomous_kcg/ROS2Sample/install/autoware_auto_msgs/share/autoware_auto_msgs/local_setup.bash
[0.835s] -- Up-to-date: /home/kcg/Autonomous_kcg/ROS2Sample/install/autoware_auto_msgs/share/autoware_auto_msgs/local_setup.sh
[0.835s] -- Up-to-date: /home/kcg/Autonomous_kcg/ROS2Sample/install/autoware_auto_msgs/share/autoware_auto_msgs/local_setup.zsh
[0.835s] -- Up-to-date: /home/kcg/Autonomous_kcg/ROS2Sample/install/autoware_auto_msgs/share/autoware_auto_msgs/local_setup.dsv
[0.835s] -- Installing: /home/kcg/Autonomous_kcg/ROS2Sample/install/autoware_auto_msgs/share/autoware_auto_msgs/package.dsv
[0.836s] -- Up-to-date: /home/kcg/Autonomous_kcg/ROS2Sample/install/autoware_auto_msgs/share/ament_index/resource_index/packages/autoware_auto_msgs
[0.836s] -- Up-to-date: /home/kcg/Autonomous_kcg/ROS2Sample/install/autoware_auto_msgs/share/autoware_auto_msgs/cmake/autoware_auto_msgs__rosidl_generator_cExport.cmake
[0.836s] -- Up-to-date: /home/kcg/Autonomous_kcg/ROS2Sample/install/autoware_auto_msgs/share/autoware_auto_msgs/cmake/autoware_auto_msgs__rosidl_generator_cExport-noconfig.cmake
[0.837s] -- Up-to-date: /home/kcg/Autonomous_kcg/ROS2Sample/install/autoware_auto_msgs/share/autoware_auto_msgs/cmake/autoware_auto_msgs__rosidl_typesupport_introspection_cExport.cmake
[0.837s] -- Up-to-date: /home/kcg/Autonomous_kcg/ROS2Sample/install/autoware_auto_msgs/share/autoware_auto_msgs/cmake/autoware_auto_msgs__rosidl_typesupport_introspection_cExport-noconfig.cmake
[0.837s] -- Up-to-date: /home/kcg/Autonomous_kcg/ROS2Sample/install/autoware_auto_msgs/share/autoware_auto_msgs/cmake/autoware_auto_msgs__rosidl_typesupport_cExport.cmake
[0.837s] -- Up-to-date: /home/kcg/Autonomous_kcg/ROS2Sample/install/autoware_auto_msgs/share/autoware_auto_msgs/cmake/autoware_auto_msgs__rosidl_typesupport_cExport-noconfig.cmake
[0.837s] -- Up-to-date: /home/kcg/Autonomous_kcg/ROS2Sample/install/autoware_auto_msgs/share/autoware_auto_msgs/cmake/autoware_auto_msgs__rosidl_generator_cppExport.cmake
[0.837s] -- Up-to-date: /home/kcg/Autonomous_kcg/ROS2Sample/install/autoware_auto_msgs/share/autoware_auto_msgs/cmake/autoware_auto_msgs__rosidl_typesupport_introspection_cppExport.cmake
[0.838s] -- Up-to-date: /home/kcg/Autonomous_kcg/ROS2Sample/install/autoware_auto_msgs/share/autoware_auto_msgs/cmake/autoware_auto_msgs__rosidl_typesupport_introspection_cppExport-noconfig.cmake
[0.838s] -- Up-to-date: /home/kcg/Autonomous_kcg/ROS2Sample/install/autoware_auto_msgs/share/autoware_auto_msgs/cmake/autoware_auto_msgs__rosidl_typesupport_cppExport.cmake
[0.838s] -- Up-to-date: /home/kcg/Autonomous_kcg/ROS2Sample/install/autoware_auto_msgs/share/autoware_auto_msgs/cmake/autoware_auto_msgs__rosidl_typesupport_cppExport-noconfig.cmake
[0.838s] -- Up-to-date: /home/kcg/Autonomous_kcg/ROS2Sample/install/autoware_auto_msgs/share/autoware_auto_msgs/cmake/rosidl_cmake-extras.cmake
[0.838s] -- Up-to-date: /home/kcg/Autonomous_kcg/ROS2Sample/install/autoware_auto_msgs/share/autoware_auto_msgs/cmake/ament_cmake_export_dependencies-extras.cmake
[0.838s] -- Up-to-date: /home/kcg/Autonomous_kcg/ROS2Sample/install/autoware_auto_msgs/share/autoware_auto_msgs/cmake/ament_cmake_export_libraries-extras.cmake
[0.839s] -- Up-to-date: /home/kcg/Autonomous_kcg/ROS2Sample/install/autoware_auto_msgs/share/autoware_auto_msgs/cmake/ament_cmake_export_targets-extras.cmake
[0.839s] -- Up-to-date: /home/kcg/Autonomous_kcg/ROS2Sample/install/autoware_auto_msgs/share/autoware_auto_msgs/cmake/ament_cmake_export_include_directories-extras.cmake
[0.839s] -- Up-to-date: /home/kcg/Autonomous_kcg/ROS2Sample/install/autoware_auto_msgs/share/autoware_auto_msgs/cmake/rosidl_cmake_export_typesupport_libraries-extras.cmake
[0.849s] -- Up-to-date: /home/kcg/Autonomous_kcg/ROS2Sample/install/autoware_auto_msgs/share/autoware_auto_msgs/cmake/rosidl_cmake_export_typesupport_targets-extras.cmake
[0.849s] -- Up-to-date: /home/kcg/Autonomous_kcg/ROS2Sample/install/autoware_auto_msgs/share/autoware_auto_msgs/cmake/autoware_auto_msgsConfig.cmake
[0.849s] -- Up-to-date: /home/kcg/Autonomous_kcg/ROS2Sample/install/autoware_auto_msgs/share/autoware_auto_msgs/cmake/autoware_auto_msgsConfig-version.cmake
[0.850s] -- Up-to-date: /home/kcg/Autonomous_kcg/ROS2Sample/install/autoware_auto_msgs/share/autoware_auto_msgs/package.xml
[0.930s] Invoked command in '/home/kcg/Autonomous_kcg/ROS2Sample/build/autoware_auto_msgs' returned '0': CMAKE_PREFIX_PATH=${CMAKE_PREFIX_PATH}:/home/kcg/Autonomous_kcg/ROS2Sample/install/python_publisher:/opt/ros/foxy /usr/bin/cmake --install /home/kcg/Autonomous_kcg/ROS2Sample/build/autoware_auto_msgs
