[0.081s] DEBUG:colcon:Command line arguments: ['/usr/bin/colcon', 'build']
[0.081s] DEBUG:colcon:Parsed command line arguments: Namespace(allow_overriding=[], ament_cmake_args=None, base_paths=['.'], build_base='build', catkin_cmake_args=None, catkin_skip_building_tests=False, cmake_args=None, cmake_clean_cache=False, cmake_clean_first=False, cmake_force_configure=False, cmake_target=None, cmake_target_skip_unavailable=False, continue_on_error=False, event_handlers=None, executor='parallel', ignore_user_meta=False, install_base='install', log_base=None, log_level=None, main=<bound method BuildVerb.main of <colcon_core.verb.build.BuildVerb object at 0x7f7daf6ea4c0>>, merge_install=False, metas=['./colcon.meta'], packages_above=None, packages_above_and_dependencies=None, packages_above_depth=None, packages_end=None, packages_ignore=None, packages_ignore_regex=None, packages_select=None, packages_select_build_failed=False, packages_select_by_dep=None, packages_select_regex=None, packages_select_test_failures=False, packages_skip=None, packages_skip_build_finished=False, packages_skip_by_dep=None, packages_skip_regex=None, packages_skip_test_passed=False, packages_skip_up_to=None, packages_start=None, packages_up_to=None, packages_up_to_regex=None, parallel_workers=16, paths=None, symlink_install=False, test_result_base=None, verb_extension=<colcon_core.verb.build.BuildVerb object at 0x7f7daf6ea4c0>, verb_name='build', verb_parser=<colcon_defaults.argument_parser.defaults.DefaultArgumentsDecorator object at 0x7f7daf6eaa00>)
[0.095s] Level 1:colcon.colcon_core.package_discovery:discover_packages(colcon_meta) check parameters
[0.095s] Level 1:colcon.colcon_core.package_discovery:discover_packages(recursive) check parameters
[0.095s] Level 1:colcon.colcon_core.package_discovery:discover_packages(ignore) check parameters
[0.095s] Level 1:colcon.colcon_core.package_discovery:discover_packages(path) check parameters
[0.095s] Level 1:colcon.colcon_core.package_discovery:discover_packages(colcon_meta) discover
[0.095s] Level 1:colcon.colcon_core.package_discovery:discover_packages(recursive) discover
[0.095s] INFO:colcon.colcon_core.package_discovery:Crawling recursively for packages in '/home/shovals/copy/ROS2Sample'
[0.095s] Level 1:colcon.colcon_core.package_identification:_identify(.) by extensions ['ignore', 'ignore_ament_install']
[0.095s] Level 1:colcon.colcon_core.package_identification:_identify(.) by extension 'ignore'
[0.095s] Level 1:colcon.colcon_core.package_identification:_identify(.) by extension 'ignore_ament_install'
[0.095s] Level 1:colcon.colcon_core.package_identification:_identify(.) by extensions ['colcon_pkg']
[0.095s] Level 1:colcon.colcon_core.package_identification:_identify(.) by extension 'colcon_pkg'
[0.095s] Level 1:colcon.colcon_core.package_identification:_identify(.) by extensions ['colcon_meta']
[0.095s] Level 1:colcon.colcon_core.package_identification:_identify(.) by extension 'colcon_meta'
[0.095s] Level 1:colcon.colcon_core.package_identification:_identify(.) by extensions ['ros']
[0.095s] Level 1:colcon.colcon_core.package_identification:_identify(.) by extension 'ros'
[0.102s] Level 1:colcon.colcon_core.package_identification:_identify(.) by extensions ['cmake', 'python']
[0.102s] Level 1:colcon.colcon_core.package_identification:_identify(.) by extension 'cmake'
[0.102s] Level 1:colcon.colcon_core.package_identification:_identify(.) by extension 'python'
[0.102s] Level 1:colcon.colcon_core.package_identification:_identify(.) by extensions ['python_setup_py']
[0.102s] Level 1:colcon.colcon_core.package_identification:_identify(.) by extension 'python_setup_py'
[0.102s] Level 1:colcon.colcon_core.package_identification:_identify(build) by extensions ['ignore', 'ignore_ament_install']
[0.102s] Level 1:colcon.colcon_core.package_identification:_identify(build) by extension 'ignore'
[0.102s] Level 1:colcon.colcon_core.package_identification:_identify(build) ignored
[0.102s] Level 1:colcon.colcon_core.package_identification:_identify(install) by extensions ['ignore', 'ignore_ament_install']
[0.102s] Level 1:colcon.colcon_core.package_identification:_identify(install) by extension 'ignore'
[0.102s] Level 1:colcon.colcon_core.package_identification:_identify(install) ignored
[0.102s] Level 1:colcon.colcon_core.package_identification:_identify(log) by extensions ['ignore', 'ignore_ament_install']
[0.103s] Level 1:colcon.colcon_core.package_identification:_identify(log) by extension 'ignore'
[0.103s] Level 1:colcon.colcon_core.package_identification:_identify(log) ignored
[0.103s] Level 1:colcon.colcon_core.package_identification:_identify(rosbag2_2022_07_17-10_58_20) by extensions ['ignore', 'ignore_ament_install']
[0.103s] Level 1:colcon.colcon_core.package_identification:_identify(rosbag2_2022_07_17-10_58_20) by extension 'ignore'
[0.103s] Level 1:colcon.colcon_core.package_identification:_identify(rosbag2_2022_07_17-10_58_20) by extension 'ignore_ament_install'
[0.103s] Level 1:colcon.colcon_core.package_identification:_identify(rosbag2_2022_07_17-10_58_20) by extensions ['colcon_pkg']
[0.103s] Level 1:colcon.colcon_core.package_identification:_identify(rosbag2_2022_07_17-10_58_20) by extension 'colcon_pkg'
[0.103s] Level 1:colcon.colcon_core.package_identification:_identify(rosbag2_2022_07_17-10_58_20) by extensions ['colcon_meta']
[0.103s] Level 1:colcon.colcon_core.package_identification:_identify(rosbag2_2022_07_17-10_58_20) by extension 'colcon_meta'
[0.103s] Level 1:colcon.colcon_core.package_identification:_identify(rosbag2_2022_07_17-10_58_20) by extensions ['ros']
[0.103s] Level 1:colcon.colcon_core.package_identification:_identify(rosbag2_2022_07_17-10_58_20) by extension 'ros'
[0.103s] Level 1:colcon.colcon_core.package_identification:_identify(rosbag2_2022_07_17-10_58_20) by extensions ['cmake', 'python']
[0.103s] Level 1:colcon.colcon_core.package_identification:_identify(rosbag2_2022_07_17-10_58_20) by extension 'cmake'
[0.103s] Level 1:colcon.colcon_core.package_identification:_identify(rosbag2_2022_07_17-10_58_20) by extension 'python'
[0.103s] Level 1:colcon.colcon_core.package_identification:_identify(rosbag2_2022_07_17-10_58_20) by extensions ['python_setup_py']
[0.103s] Level 1:colcon.colcon_core.package_identification:_identify(rosbag2_2022_07_17-10_58_20) by extension 'python_setup_py'
[0.103s] Level 1:colcon.colcon_core.package_identification:_identify(src) by extensions ['ignore', 'ignore_ament_install']
[0.103s] Level 1:colcon.colcon_core.package_identification:_identify(src) by extension 'ignore'
[0.103s] Level 1:colcon.colcon_core.package_identification:_identify(src) by extension 'ignore_ament_install'
[0.103s] Level 1:colcon.colcon_core.package_identification:_identify(src) by extensions ['colcon_pkg']
[0.103s] Level 1:colcon.colcon_core.package_identification:_identify(src) by extension 'colcon_pkg'
[0.103s] Level 1:colcon.colcon_core.package_identification:_identify(src) by extensions ['colcon_meta']
[0.103s] Level 1:colcon.colcon_core.package_identification:_identify(src) by extension 'colcon_meta'
[0.103s] Level 1:colcon.colcon_core.package_identification:_identify(src) by extensions ['ros']
[0.103s] Level 1:colcon.colcon_core.package_identification:_identify(src) by extension 'ros'
[0.103s] Level 1:colcon.colcon_core.package_identification:_identify(src) by extensions ['cmake', 'python']
[0.103s] Level 1:colcon.colcon_core.package_identification:_identify(src) by extension 'cmake'
[0.103s] Level 1:colcon.colcon_core.package_identification:_identify(src) by extension 'python'
[0.103s] Level 1:colcon.colcon_core.package_identification:_identify(src) by extensions ['python_setup_py']
[0.103s] Level 1:colcon.colcon_core.package_identification:_identify(src) by extension 'python_setup_py'
[0.103s] Level 1:colcon.colcon_core.package_identification:_identify(src/build) by extensions ['ignore', 'ignore_ament_install']
[0.103s] Level 1:colcon.colcon_core.package_identification:_identify(src/build) by extension 'ignore'
[0.103s] Level 1:colcon.colcon_core.package_identification:_identify(src/build) ignored
[0.103s] Level 1:colcon.colcon_core.package_identification:_identify(src/cognata_sdk_ros2) by extensions ['ignore', 'ignore_ament_install']
[0.103s] Level 1:colcon.colcon_core.package_identification:_identify(src/cognata_sdk_ros2) by extension 'ignore'
[0.104s] Level 1:colcon.colcon_core.package_identification:_identify(src/cognata_sdk_ros2) by extension 'ignore_ament_install'
[0.104s] Level 1:colcon.colcon_core.package_identification:_identify(src/cognata_sdk_ros2) by extensions ['colcon_pkg']
[0.104s] Level 1:colcon.colcon_core.package_identification:_identify(src/cognata_sdk_ros2) by extension 'colcon_pkg'
[0.104s] Level 1:colcon.colcon_core.package_identification:_identify(src/cognata_sdk_ros2) by extensions ['colcon_meta']
[0.104s] Level 1:colcon.colcon_core.package_identification:_identify(src/cognata_sdk_ros2) by extension 'colcon_meta'
[0.104s] Level 1:colcon.colcon_core.package_identification:_identify(src/cognata_sdk_ros2) by extensions ['ros']
[0.104s] Level 1:colcon.colcon_core.package_identification:_identify(src/cognata_sdk_ros2) by extension 'ros'
[0.105s] DEBUG:colcon.colcon_core.package_identification:Package 'src/cognata_sdk_ros2' with type 'ros.ament_cmake' and name 'cognata_sdk_ros2'
[0.105s] Level 1:colcon.colcon_core.package_identification:_identify(src/install) by extensions ['ignore', 'ignore_ament_install']
[0.105s] Level 1:colcon.colcon_core.package_identification:_identify(src/install) by extension 'ignore'
[0.105s] Level 1:colcon.colcon_core.package_identification:_identify(src/install) ignored
[0.106s] Level 1:colcon.colcon_core.package_identification:_identify(src/log) by extensions ['ignore', 'ignore_ament_install']
[0.106s] Level 1:colcon.colcon_core.package_identification:_identify(src/log) by extension 'ignore'
[0.106s] Level 1:colcon.colcon_core.package_identification:_identify(src/log) ignored
[0.106s] Level 1:colcon.colcon_core.package_identification:_identify(src/python3) by extensions ['ignore', 'ignore_ament_install']
[0.106s] Level 1:colcon.colcon_core.package_identification:_identify(src/python3) by extension 'ignore'
[0.106s] Level 1:colcon.colcon_core.package_identification:_identify(src/python3) by extension 'ignore_ament_install'
[0.106s] Level 1:colcon.colcon_core.package_identification:_identify(src/python3) by extensions ['colcon_pkg']
[0.106s] Level 1:colcon.colcon_core.package_identification:_identify(src/python3) by extension 'colcon_pkg'
[0.106s] Level 1:colcon.colcon_core.package_identification:_identify(src/python3) by extensions ['colcon_meta']
[0.106s] Level 1:colcon.colcon_core.package_identification:_identify(src/python3) by extension 'colcon_meta'
[0.106s] Level 1:colcon.colcon_core.package_identification:_identify(src/python3) by extensions ['ros']
[0.106s] Level 1:colcon.colcon_core.package_identification:_identify(src/python3) by extension 'ros'
[0.106s] Level 1:colcon.colcon_core.package_identification:_identify(src/python3) by extensions ['cmake', 'python']
[0.106s] Level 1:colcon.colcon_core.package_identification:_identify(src/python3) by extension 'cmake'
[0.106s] Level 1:colcon.colcon_core.package_identification:_identify(src/python3) by extension 'python'
[0.106s] Level 1:colcon.colcon_core.package_identification:_identify(src/python3) by extensions ['python_setup_py']
[0.106s] Level 1:colcon.colcon_core.package_identification:_identify(src/python3) by extension 'python_setup_py'
[0.106s] Level 1:colcon.colcon_core.package_identification:_identify(src/python_publisher) by extensions ['ignore', 'ignore_ament_install']
[0.106s] Level 1:colcon.colcon_core.package_identification:_identify(src/python_publisher) by extension 'ignore'
[0.106s] Level 1:colcon.colcon_core.package_identification:_identify(src/python_publisher) by extension 'ignore_ament_install'
[0.106s] Level 1:colcon.colcon_core.package_identification:_identify(src/python_publisher) by extensions ['colcon_pkg']
[0.106s] Level 1:colcon.colcon_core.package_identification:_identify(src/python_publisher) by extension 'colcon_pkg'
[0.106s] Level 1:colcon.colcon_core.package_identification:_identify(src/python_publisher) by extensions ['colcon_meta']
[0.106s] Level 1:colcon.colcon_core.package_identification:_identify(src/python_publisher) by extension 'colcon_meta'
[0.106s] Level 1:colcon.colcon_core.package_identification:_identify(src/python_publisher) by extensions ['ros']
[0.106s] Level 1:colcon.colcon_core.package_identification:_identify(src/python_publisher) by extension 'ros'
[0.107s] DEBUG:colcon.colcon_core.package_identification:Package 'src/python_publisher' with type 'ros.ament_python' and name 'python_publisher'
[0.107s] Level 1:colcon.colcon_core.package_discovery:discover_packages(recursive) using defaults
[0.107s] Level 1:colcon.colcon_core.package_discovery:discover_packages(ignore) discover
[0.107s] Level 1:colcon.colcon_core.package_discovery:discover_packages(ignore) using defaults
[0.107s] Level 1:colcon.colcon_core.package_discovery:discover_packages(path) discover
[0.107s] Level 1:colcon.colcon_core.package_discovery:discover_packages(path) using defaults
[0.123s] Level 1:colcon.colcon_core.package_discovery:discover_packages(prefix_path) check parameters
[0.123s] Level 1:colcon.colcon_core.package_discovery:discover_packages(prefix_path) discover
[0.124s] DEBUG:colcon.colcon_installed_package_information.package_discovery:Found 257 installed packages in /opt/ros/foxy
[0.125s] Level 1:colcon.colcon_core.package_discovery:discover_packages(prefix_path) using defaults
[0.161s] Level 5:colcon.colcon_core.verb:set package 'cognata_sdk_ros2' build argument 'cmake_args' from command line to 'None'
[0.161s] Level 5:colcon.colcon_core.verb:set package 'cognata_sdk_ros2' build argument 'cmake_target' from command line to 'None'
[0.161s] Level 5:colcon.colcon_core.verb:set package 'cognata_sdk_ros2' build argument 'cmake_target_skip_unavailable' from command line to 'False'
[0.161s] Level 5:colcon.colcon_core.verb:set package 'cognata_sdk_ros2' build argument 'cmake_clean_cache' from command line to 'False'
[0.161s] Level 5:colcon.colcon_core.verb:set package 'cognata_sdk_ros2' build argument 'cmake_clean_first' from command line to 'False'
[0.161s] Level 5:colcon.colcon_core.verb:set package 'cognata_sdk_ros2' build argument 'cmake_force_configure' from command line to 'False'
[0.161s] Level 5:colcon.colcon_core.verb:set package 'cognata_sdk_ros2' build argument 'ament_cmake_args' from command line to 'None'
[0.161s] Level 5:colcon.colcon_core.verb:set package 'cognata_sdk_ros2' build argument 'catkin_cmake_args' from command line to 'None'
[0.161s] Level 5:colcon.colcon_core.verb:set package 'cognata_sdk_ros2' build argument 'catkin_skip_building_tests' from command line to 'False'
[0.161s] DEBUG:colcon.colcon_core.verb:Building package 'cognata_sdk_ros2' with the following arguments: {'ament_cmake_args': None, 'build_base': '/home/shovals/copy/ROS2Sample/build/cognata_sdk_ros2', 'catkin_cmake_args': None, 'catkin_skip_building_tests': False, 'cmake_args': None, 'cmake_clean_cache': False, 'cmake_clean_first': False, 'cmake_force_configure': False, 'cmake_target': None, 'cmake_target_skip_unavailable': False, 'install_base': '/home/shovals/copy/ROS2Sample/install/cognata_sdk_ros2', 'merge_install': False, 'path': '/home/shovals/copy/ROS2Sample/src/cognata_sdk_ros2', 'symlink_install': False, 'test_result_base': None}
[0.162s] Level 5:colcon.colcon_core.verb:set package 'python_publisher' build argument 'cmake_args' from command line to 'None'
[0.162s] Level 5:colcon.colcon_core.verb:set package 'python_publisher' build argument 'cmake_target' from command line to 'None'
[0.162s] Level 5:colcon.colcon_core.verb:set package 'python_publisher' build argument 'cmake_target_skip_unavailable' from command line to 'False'
[0.162s] Level 5:colcon.colcon_core.verb:set package 'python_publisher' build argument 'cmake_clean_cache' from command line to 'False'
[0.162s] Level 5:colcon.colcon_core.verb:set package 'python_publisher' build argument 'cmake_clean_first' from command line to 'False'
[0.162s] Level 5:colcon.colcon_core.verb:set package 'python_publisher' build argument 'cmake_force_configure' from command line to 'False'
[0.162s] Level 5:colcon.colcon_core.verb:set package 'python_publisher' build argument 'ament_cmake_args' from command line to 'None'
[0.162s] Level 5:colcon.colcon_core.verb:set package 'python_publisher' build argument 'catkin_cmake_args' from command line to 'None'
[0.162s] Level 5:colcon.colcon_core.verb:set package 'python_publisher' build argument 'catkin_skip_building_tests' from command line to 'False'
[0.162s] DEBUG:colcon.colcon_core.verb:Building package 'python_publisher' with the following arguments: {'ament_cmake_args': None, 'build_base': '/home/shovals/copy/ROS2Sample/build/python_publisher', 'catkin_cmake_args': None, 'catkin_skip_building_tests': False, 'cmake_args': None, 'cmake_clean_cache': False, 'cmake_clean_first': False, 'cmake_force_configure': False, 'cmake_target': None, 'cmake_target_skip_unavailable': False, 'install_base': '/home/shovals/copy/ROS2Sample/install/python_publisher', 'merge_install': False, 'path': '/home/shovals/copy/ROS2Sample/src/python_publisher', 'symlink_install': False, 'test_result_base': None}
[0.162s] INFO:colcon.colcon_core.executor:Executing jobs using 'parallel' executor
[0.164s] DEBUG:colcon.colcon_parallel_executor.executor.parallel:run_until_complete
[0.165s] INFO:colcon.colcon_ros.task.ament_cmake.build:Building ROS package in '/home/shovals/copy/ROS2Sample/src/cognata_sdk_ros2' with build type 'ament_cmake'
[0.165s] INFO:colcon.colcon_cmake.task.cmake.build:Building CMake package in '/home/shovals/copy/ROS2Sample/src/cognata_sdk_ros2'
[0.167s] INFO:colcon.colcon_core.plugin_system:Skipping extension 'colcon_core.shell.bat': Not used on non-Windows systems
[0.167s] INFO:colcon.colcon_core.shell:Skip shell extension 'powershell' for command environment: Not usable outside of PowerShell
[0.167s] DEBUG:colcon.colcon_core.shell:Skip shell extension 'dsv' for command environment
[0.173s] DEBUG:colcon.colcon_core.event_handler.log_command:Invoking command in '/home/shovals/copy/ROS2Sample/build/cognata_sdk_ros2': CMAKE_PREFIX_PATH=/opt/ros/foxy /usr/bin/cmake /home/shovals/copy/ROS2Sample/src/cognata_sdk_ros2 -DCMAKE_INSTALL_PREFIX=/home/shovals/copy/ROS2Sample/install/cognata_sdk_ros2
[1.849s] DEBUG:colcon.colcon_core.event_handler.log_command:Invoked command in '/home/shovals/copy/ROS2Sample/build/cognata_sdk_ros2' returned '0': CMAKE_PREFIX_PATH=/opt/ros/foxy /usr/bin/cmake /home/shovals/copy/ROS2Sample/src/cognata_sdk_ros2 -DCMAKE_INSTALL_PREFIX=/home/shovals/copy/ROS2Sample/install/cognata_sdk_ros2
[1.851s] DEBUG:colcon.colcon_core.event_handler.log_command:Invoking command in '/home/shovals/copy/ROS2Sample/build/cognata_sdk_ros2': CMAKE_PREFIX_PATH=/opt/ros/foxy /usr/bin/cmake --build /home/shovals/copy/ROS2Sample/build/cognata_sdk_ros2 -- -j16 -l16
[14.925s] DEBUG:colcon.colcon_core.event_handler.log_command:Invoked command in '/home/shovals/copy/ROS2Sample/build/cognata_sdk_ros2' returned '0': CMAKE_PREFIX_PATH=/opt/ros/foxy /usr/bin/cmake --build /home/shovals/copy/ROS2Sample/build/cognata_sdk_ros2 -- -j16 -l16
[15.075s] DEBUG:colcon.colcon_core.event_handler.log_command:Invoking command in '/home/shovals/copy/ROS2Sample/build/cognata_sdk_ros2': CMAKE_PREFIX_PATH=/opt/ros/foxy /usr/bin/cmake --install /home/shovals/copy/ROS2Sample/build/cognata_sdk_ros2
[15.123s] Level 1:colcon.colcon_core.environment:create_environment_scripts_only(cognata_sdk_ros2)
[15.124s] DEBUG:colcon.colcon_core.event_handler.log_command:Invoked command in '/home/shovals/copy/ROS2Sample/build/cognata_sdk_ros2' returned '0': CMAKE_PREFIX_PATH=/opt/ros/foxy /usr/bin/cmake --install /home/shovals/copy/ROS2Sample/build/cognata_sdk_ros2
[15.127s] Level 1:colcon.colcon_core.environment:checking '/home/shovals/copy/ROS2Sample/install/cognata_sdk_ros2' for CMake module files
[15.127s] Level 1:colcon.colcon_core.environment:checking '/home/shovals/copy/ROS2Sample/install/cognata_sdk_ros2' for CMake config files
[15.127s] Level 1:colcon.colcon_core.shell:create_environment_hook('cognata_sdk_ros2', 'cmake_prefix_path')
[15.128s] INFO:colcon.colcon_core.shell:Creating environment hook '/home/shovals/copy/ROS2Sample/install/cognata_sdk_ros2/share/cognata_sdk_ros2/hook/cmake_prefix_path.ps1'
[15.128s] INFO:colcon.colcon_core.shell:Creating environment descriptor '/home/shovals/copy/ROS2Sample/install/cognata_sdk_ros2/share/cognata_sdk_ros2/hook/cmake_prefix_path.dsv'
[15.129s] INFO:colcon.colcon_core.shell:Creating environment hook '/home/shovals/copy/ROS2Sample/install/cognata_sdk_ros2/share/cognata_sdk_ros2/hook/cmake_prefix_path.sh'
[15.129s] Level 1:colcon.colcon_core.environment:checking '/home/shovals/copy/ROS2Sample/install/cognata_sdk_ros2/lib'
[15.129s] Level 1:colcon.colcon_core.shell:create_environment_hook('cognata_sdk_ros2', 'ld_library_path_lib')
[15.130s] INFO:colcon.colcon_core.shell:Creating environment hook '/home/shovals/copy/ROS2Sample/install/cognata_sdk_ros2/share/cognata_sdk_ros2/hook/ld_library_path_lib.ps1'
[15.130s] INFO:colcon.colcon_core.shell:Creating environment descriptor '/home/shovals/copy/ROS2Sample/install/cognata_sdk_ros2/share/cognata_sdk_ros2/hook/ld_library_path_lib.dsv'
[15.130s] INFO:colcon.colcon_core.shell:Creating environment hook '/home/shovals/copy/ROS2Sample/install/cognata_sdk_ros2/share/cognata_sdk_ros2/hook/ld_library_path_lib.sh'
[15.130s] Level 1:colcon.colcon_core.environment:checking '/home/shovals/copy/ROS2Sample/install/cognata_sdk_ros2/bin'
[15.130s] Level 1:colcon.colcon_core.environment:checking '/home/shovals/copy/ROS2Sample/install/cognata_sdk_ros2/lib/pkgconfig/cognata_sdk_ros2.pc'
[15.131s] Level 1:colcon.colcon_core.environment:checking '/home/shovals/copy/ROS2Sample/install/cognata_sdk_ros2/lib/python3.8/site-packages'
[15.131s] Level 1:colcon.colcon_core.shell:create_environment_hook('cognata_sdk_ros2', 'pythonpath')
[15.131s] INFO:colcon.colcon_core.shell:Creating environment hook '/home/shovals/copy/ROS2Sample/install/cognata_sdk_ros2/share/cognata_sdk_ros2/hook/pythonpath.ps1'
[15.132s] INFO:colcon.colcon_core.shell:Creating environment descriptor '/home/shovals/copy/ROS2Sample/install/cognata_sdk_ros2/share/cognata_sdk_ros2/hook/pythonpath.dsv'
[15.132s] INFO:colcon.colcon_core.shell:Creating environment hook '/home/shovals/copy/ROS2Sample/install/cognata_sdk_ros2/share/cognata_sdk_ros2/hook/pythonpath.sh'
[15.132s] Level 1:colcon.colcon_core.environment:checking '/home/shovals/copy/ROS2Sample/install/cognata_sdk_ros2/bin'
[15.133s] INFO:colcon.colcon_core.shell:Creating package script '/home/shovals/copy/ROS2Sample/install/cognata_sdk_ros2/share/cognata_sdk_ros2/package.ps1'
[15.133s] INFO:colcon.colcon_core.shell:Creating package descriptor '/home/shovals/copy/ROS2Sample/install/cognata_sdk_ros2/share/cognata_sdk_ros2/package.dsv'
[15.134s] INFO:colcon.colcon_core.shell:Creating package script '/home/shovals/copy/ROS2Sample/install/cognata_sdk_ros2/share/cognata_sdk_ros2/package.sh'
[15.134s] INFO:colcon.colcon_core.shell:Creating package script '/home/shovals/copy/ROS2Sample/install/cognata_sdk_ros2/share/cognata_sdk_ros2/package.bash'
[15.134s] INFO:colcon.colcon_core.shell:Creating package script '/home/shovals/copy/ROS2Sample/install/cognata_sdk_ros2/share/cognata_sdk_ros2/package.zsh'
[15.135s] Level 1:colcon.colcon_core.environment:create_file_with_runtime_dependencies(/home/shovals/copy/ROS2Sample/install/cognata_sdk_ros2/share/colcon-core/packages/cognata_sdk_ros2)
[15.493s] Level 1:colcon.colcon_core.environment:create_environment_scripts_only(cognata_sdk_ros2)
[15.496s] Level 1:colcon.colcon_core.environment:checking '/home/shovals/copy/ROS2Sample/install/cognata_sdk_ros2' for CMake module files
[15.497s] Level 1:colcon.colcon_core.environment:checking '/home/shovals/copy/ROS2Sample/install/cognata_sdk_ros2' for CMake config files
[15.498s] Level 1:colcon.colcon_core.shell:create_environment_hook('cognata_sdk_ros2', 'cmake_prefix_path')
[15.500s] INFO:colcon.colcon_core.shell:Creating environment hook '/home/shovals/copy/ROS2Sample/install/cognata_sdk_ros2/share/cognata_sdk_ros2/hook/cmake_prefix_path.ps1'
[15.501s] INFO:colcon.colcon_core.shell:Creating environment descriptor '/home/shovals/copy/ROS2Sample/install/cognata_sdk_ros2/share/cognata_sdk_ros2/hook/cmake_prefix_path.dsv'
[15.501s] INFO:colcon.colcon_core.shell:Creating environment hook '/home/shovals/copy/ROS2Sample/install/cognata_sdk_ros2/share/cognata_sdk_ros2/hook/cmake_prefix_path.sh'
[15.502s] Level 1:colcon.colcon_core.environment:checking '/home/shovals/copy/ROS2Sample/install/cognata_sdk_ros2/lib'
[15.502s] Level 1:colcon.colcon_core.shell:create_environment_hook('cognata_sdk_ros2', 'ld_library_path_lib')
[15.504s] INFO:colcon.colcon_core.shell:Creating environment hook '/home/shovals/copy/ROS2Sample/install/cognata_sdk_ros2/share/cognata_sdk_ros2/hook/ld_library_path_lib.ps1'
[15.504s] INFO:colcon.colcon_core.shell:Creating environment descriptor '/home/shovals/copy/ROS2Sample/install/cognata_sdk_ros2/share/cognata_sdk_ros2/hook/ld_library_path_lib.dsv'
[15.505s] INFO:colcon.colcon_core.shell:Creating environment hook '/home/shovals/copy/ROS2Sample/install/cognata_sdk_ros2/share/cognata_sdk_ros2/hook/ld_library_path_lib.sh'
[15.505s] Level 1:colcon.colcon_core.environment:checking '/home/shovals/copy/ROS2Sample/install/cognata_sdk_ros2/bin'
[15.505s] Level 1:colcon.colcon_core.environment:checking '/home/shovals/copy/ROS2Sample/install/cognata_sdk_ros2/lib/pkgconfig/cognata_sdk_ros2.pc'
[15.506s] Level 1:colcon.colcon_core.environment:checking '/home/shovals/copy/ROS2Sample/install/cognata_sdk_ros2/lib/python3.8/site-packages'
[15.506s] Level 1:colcon.colcon_core.shell:create_environment_hook('cognata_sdk_ros2', 'pythonpath')
[15.507s] INFO:colcon.colcon_core.shell:Creating environment hook '/home/shovals/copy/ROS2Sample/install/cognata_sdk_ros2/share/cognata_sdk_ros2/hook/pythonpath.ps1'
[15.508s] INFO:colcon.colcon_core.shell:Creating environment descriptor '/home/shovals/copy/ROS2Sample/install/cognata_sdk_ros2/share/cognata_sdk_ros2/hook/pythonpath.dsv'
[15.508s] INFO:colcon.colcon_core.shell:Creating environment hook '/home/shovals/copy/ROS2Sample/install/cognata_sdk_ros2/share/cognata_sdk_ros2/hook/pythonpath.sh'
[15.508s] Level 1:colcon.colcon_core.environment:checking '/home/shovals/copy/ROS2Sample/install/cognata_sdk_ros2/bin'
[15.509s] INFO:colcon.colcon_core.shell:Creating package script '/home/shovals/copy/ROS2Sample/install/cognata_sdk_ros2/share/cognata_sdk_ros2/package.ps1'
[15.510s] INFO:colcon.colcon_core.shell:Creating package descriptor '/home/shovals/copy/ROS2Sample/install/cognata_sdk_ros2/share/cognata_sdk_ros2/package.dsv'
[15.510s] INFO:colcon.colcon_core.shell:Creating package script '/home/shovals/copy/ROS2Sample/install/cognata_sdk_ros2/share/cognata_sdk_ros2/package.sh'
[15.511s] INFO:colcon.colcon_core.shell:Creating package script '/home/shovals/copy/ROS2Sample/install/cognata_sdk_ros2/share/cognata_sdk_ros2/package.bash'
[15.511s] INFO:colcon.colcon_core.shell:Creating package script '/home/shovals/copy/ROS2Sample/install/cognata_sdk_ros2/share/cognata_sdk_ros2/package.zsh'
[15.511s] Level 1:colcon.colcon_core.environment:create_file_with_runtime_dependencies(/home/shovals/copy/ROS2Sample/install/cognata_sdk_ros2/share/colcon-core/packages/cognata_sdk_ros2)
[15.511s] INFO:colcon.colcon_ros.task.ament_python.build:Building ROS package in '/home/shovals/copy/ROS2Sample/src/python_publisher' with build type 'ament_python'
[15.511s] Level 1:colcon.colcon_core.shell:create_environment_hook('python_publisher', 'ament_prefix_path')
[15.512s] INFO:colcon.colcon_core.shell:Creating environment hook '/home/shovals/copy/ROS2Sample/install/python_publisher/share/python_publisher/hook/ament_prefix_path.ps1'
[15.513s] INFO:colcon.colcon_core.shell:Creating environment descriptor '/home/shovals/copy/ROS2Sample/install/python_publisher/share/python_publisher/hook/ament_prefix_path.dsv'
[15.513s] INFO:colcon.colcon_core.shell:Creating environment hook '/home/shovals/copy/ROS2Sample/install/python_publisher/share/python_publisher/hook/ament_prefix_path.sh'
[15.514s] INFO:colcon.colcon_core.shell:Skip shell extension 'powershell' for command environment: Not usable outside of PowerShell
[15.514s] DEBUG:colcon.colcon_core.shell:Skip shell extension 'dsv' for command environment
[15.639s] INFO:colcon.colcon_core.task.python.build:Building Python package in '/home/shovals/copy/ROS2Sample/src/python_publisher'
[15.640s] INFO:colcon.colcon_core.shell:Skip shell extension 'powershell' for command environment: Not usable outside of PowerShell
[15.640s] DEBUG:colcon.colcon_core.shell:Skip shell extension 'dsv' for command environment
[15.893s] DEBUG:colcon.colcon_core.event_handler.log_command:Invoking command in '/home/shovals/copy/ROS2Sample/src/python_publisher': AMENT_PREFIX_PATH=/home/shovals/copy/ROS2Sample/install/cognata_sdk_ros2:${AMENT_PREFIX_PATH} CMAKE_PREFIX_PATH=/home/shovals/copy/ROS2Sample/install/cognata_sdk_ros2 LD_LIBRARY_PATH=/home/shovals/copy/ROS2Sample/install/cognata_sdk_ros2/lib:${LD_LIBRARY_PATH} PYTHONPATH=/home/shovals/copy/ROS2Sample/install/python_publisher/lib/python3.8/site-packages:/home/shovals/copy/ROS2Sample/install/cognata_sdk_ros2/lib/python3.8/site-packages:${PYTHONPATH} /usr/bin/python3 setup.py egg_info --egg-base ../../build/python_publisher build --build-base /home/shovals/copy/ROS2Sample/build/python_publisher/build install --prefix /home/shovals/copy/ROS2Sample/install/python_publisher --record /home/shovals/copy/ROS2Sample/build/python_publisher/install.log --single-version-externally-managed
[16.056s] Level 1:colcon.colcon_core.environment:checking '/home/shovals/copy/ROS2Sample/install/python_publisher' for CMake module files
[16.057s] DEBUG:colcon.colcon_core.event_handler.log_command:Invoked command in '/home/shovals/copy/ROS2Sample/src/python_publisher' returned '0': AMENT_PREFIX_PATH=/home/shovals/copy/ROS2Sample/install/cognata_sdk_ros2:${AMENT_PREFIX_PATH} CMAKE_PREFIX_PATH=/home/shovals/copy/ROS2Sample/install/cognata_sdk_ros2 LD_LIBRARY_PATH=/home/shovals/copy/ROS2Sample/install/cognata_sdk_ros2/lib:${LD_LIBRARY_PATH} PYTHONPATH=/home/shovals/copy/ROS2Sample/install/python_publisher/lib/python3.8/site-packages:/home/shovals/copy/ROS2Sample/install/cognata_sdk_ros2/lib/python3.8/site-packages:${PYTHONPATH} /usr/bin/python3 setup.py egg_info --egg-base ../../build/python_publisher build --build-base /home/shovals/copy/ROS2Sample/build/python_publisher/build install --prefix /home/shovals/copy/ROS2Sample/install/python_publisher --record /home/shovals/copy/ROS2Sample/build/python_publisher/install.log --single-version-externally-managed
[16.057s] Level 1:colcon.colcon_core.environment:checking '/home/shovals/copy/ROS2Sample/install/python_publisher' for CMake config files
[16.057s] Level 1:colcon.colcon_core.environment:checking '/home/shovals/copy/ROS2Sample/install/python_publisher/lib'
[16.057s] Level 1:colcon.colcon_core.environment:checking '/home/shovals/copy/ROS2Sample/install/python_publisher/bin'
[16.057s] Level 1:colcon.colcon_core.environment:checking '/home/shovals/copy/ROS2Sample/install/python_publisher/lib/pkgconfig/python_publisher.pc'
[16.057s] Level 1:colcon.colcon_core.environment:checking '/home/shovals/copy/ROS2Sample/install/python_publisher/lib/python3.8/site-packages'
[16.057s] Level 1:colcon.colcon_core.shell:create_environment_hook('python_publisher', 'pythonpath')
[16.058s] INFO:colcon.colcon_core.shell:Creating environment hook '/home/shovals/copy/ROS2Sample/install/python_publisher/share/python_publisher/hook/pythonpath.ps1'
[16.059s] INFO:colcon.colcon_core.shell:Creating environment descriptor '/home/shovals/copy/ROS2Sample/install/python_publisher/share/python_publisher/hook/pythonpath.dsv'
[16.059s] INFO:colcon.colcon_core.shell:Creating environment hook '/home/shovals/copy/ROS2Sample/install/python_publisher/share/python_publisher/hook/pythonpath.sh'
[16.059s] Level 1:colcon.colcon_core.environment:checking '/home/shovals/copy/ROS2Sample/install/python_publisher/bin'
[16.059s] Level 1:colcon.colcon_core.environment:create_environment_scripts_only(python_publisher)
[16.060s] INFO:colcon.colcon_core.shell:Creating package script '/home/shovals/copy/ROS2Sample/install/python_publisher/share/python_publisher/package.ps1'
[16.060s] INFO:colcon.colcon_core.shell:Creating package descriptor '/home/shovals/copy/ROS2Sample/install/python_publisher/share/python_publisher/package.dsv'
[16.060s] INFO:colcon.colcon_core.shell:Creating package script '/home/shovals/copy/ROS2Sample/install/python_publisher/share/python_publisher/package.sh'
[16.060s] INFO:colcon.colcon_core.shell:Creating package script '/home/shovals/copy/ROS2Sample/install/python_publisher/share/python_publisher/package.bash'
[16.061s] INFO:colcon.colcon_core.shell:Creating package script '/home/shovals/copy/ROS2Sample/install/python_publisher/share/python_publisher/package.zsh'
[16.061s] Level 1:colcon.colcon_core.environment:create_file_with_runtime_dependencies(/home/shovals/copy/ROS2Sample/install/python_publisher/share/colcon-core/packages/python_publisher)
[16.061s] DEBUG:colcon.colcon_parallel_executor.executor.parallel:closing loop
[16.061s] DEBUG:colcon.colcon_parallel_executor.executor.parallel:loop closed
[16.061s] DEBUG:colcon.colcon_parallel_executor.executor.parallel:run_until_complete finished with '0'
[16.061s] DEBUG:colcon.colcon_core.event_reactor:joining thread
[16.065s] INFO:colcon.colcon_core.plugin_system:Skipping extension 'colcon_notification.desktop_notification.terminal_notifier': Not used on non-Darwin systems
[16.065s] INFO:colcon.colcon_core.plugin_system:Skipping extension 'colcon_notification.desktop_notification.win32': Not used on non-Windows systems
[16.065s] INFO:colcon.colcon_notification.desktop_notification:Sending desktop notification using 'notify2'
[16.075s] DEBUG:colcon.colcon_core.event_reactor:joined thread
[16.076s] INFO:colcon.colcon_core.shell:Creating prefix script '/home/shovals/copy/ROS2Sample/install/local_setup.ps1'
[16.077s] INFO:colcon.colcon_core.shell:Creating prefix util module '/home/shovals/copy/ROS2Sample/install/_local_setup_util_ps1.py'
[16.078s] INFO:colcon.colcon_core.shell:Creating prefix chain script '/home/shovals/copy/ROS2Sample/install/setup.ps1'
[16.079s] INFO:colcon.colcon_core.shell:Creating prefix script '/home/shovals/copy/ROS2Sample/install/local_setup.sh'
[16.079s] INFO:colcon.colcon_core.shell:Creating prefix util module '/home/shovals/copy/ROS2Sample/install/_local_setup_util_sh.py'
[16.080s] INFO:colcon.colcon_core.shell:Creating prefix chain script '/home/shovals/copy/ROS2Sample/install/setup.sh'
[16.081s] INFO:colcon.colcon_core.shell:Creating prefix script '/home/shovals/copy/ROS2Sample/install/local_setup.bash'
[16.081s] INFO:colcon.colcon_core.shell:Creating prefix chain script '/home/shovals/copy/ROS2Sample/install/setup.bash'
[16.082s] INFO:colcon.colcon_core.shell:Creating prefix script '/home/shovals/copy/ROS2Sample/install/local_setup.zsh'
[16.082s] INFO:colcon.colcon_core.shell:Creating prefix chain script '/home/shovals/copy/ROS2Sample/install/setup.zsh'
