[0.456s] DEBUG:colcon:Command line arguments: ['/home/kcg/.local/bin/colcon', 'build']
[0.456s] DEBUG:colcon:Parsed command line arguments: Namespace(allow_overriding=[], ament_cmake_args=None, base_paths=['.'], build_base='build', catkin_cmake_args=None, catkin_skip_building_tests=False, cmake_args=None, cmake_clean_cache=False, cmake_clean_first=False, cmake_force_configure=False, cmake_target=None, cmake_target_skip_unavailable=False, continue_on_error=False, event_handlers=None, executor='parallel', ignore_user_meta=False, install_base='install', log_base=None, log_level=None, main=<bound method BuildVerb.main of <colcon_core.verb.build.BuildVerb object at 0x7f0298a14850>>, merge_install=False, metas=['./colcon.meta'], packages_above=None, packages_above_and_dependencies=None, packages_above_depth=None, packages_end=None, packages_ignore=None, packages_ignore_regex=None, packages_select=None, packages_select_build_failed=False, packages_select_by_dep=None, packages_select_regex=None, packages_select_test_failures=False, packages_skip=None, packages_skip_build_finished=False, packages_skip_by_dep=None, packages_skip_regex=None, packages_skip_test_passed=False, packages_skip_up_to=None, packages_start=None, packages_up_to=None, packages_up_to_regex=None, parallel_workers=20, paths=None, symlink_install=False, test_result_base=None, verb_extension=<colcon_core.verb.build.BuildVerb object at 0x7f0298a14850>, verb_name='build', verb_parser=<colcon_defaults.argument_parser.defaults.DefaultArgumentsDecorator object at 0x7f0298a14dc0>)
[0.469s] Level 1:colcon.colcon_core.package_discovery:discover_packages(colcon_meta) check parameters
[0.469s] Level 1:colcon.colcon_core.package_discovery:discover_packages(recursive) check parameters
[0.469s] Level 1:colcon.colcon_core.package_discovery:discover_packages(ignore) check parameters
[0.469s] Level 1:colcon.colcon_core.package_discovery:discover_packages(path) check parameters
[0.469s] Level 1:colcon.colcon_core.package_discovery:discover_packages(colcon_meta) discover
[0.469s] Level 1:colcon.colcon_core.package_discovery:discover_packages(recursive) discover
[0.469s] INFO:colcon.colcon_core.package_discovery:Crawling recursively for packages in '/home/kcg/ROS2Sample/src'
[0.469s] Level 1:colcon.colcon_core.package_identification:_identify(.) by extensions ['ignore', 'ignore_ament_install']
[0.469s] Level 1:colcon.colcon_core.package_identification:_identify(.) by extension 'ignore'
[0.469s] Level 1:colcon.colcon_core.package_identification:_identify(.) by extension 'ignore_ament_install'
[0.469s] Level 1:colcon.colcon_core.package_identification:_identify(.) by extensions ['colcon_pkg']
[0.469s] Level 1:colcon.colcon_core.package_identification:_identify(.) by extension 'colcon_pkg'
[0.469s] Level 1:colcon.colcon_core.package_identification:_identify(.) by extensions ['colcon_meta']
[0.469s] Level 1:colcon.colcon_core.package_identification:_identify(.) by extension 'colcon_meta'
[0.469s] Level 1:colcon.colcon_core.package_identification:_identify(.) by extensions ['ros']
[0.469s] Level 1:colcon.colcon_core.package_identification:_identify(.) by extension 'ros'
[0.485s] Level 1:colcon.colcon_core.package_identification:_identify(.) by extensions ['cmake', 'python']
[0.485s] Level 1:colcon.colcon_core.package_identification:_identify(.) by extension 'cmake'
[0.485s] Level 1:colcon.colcon_core.package_identification:_identify(.) by extension 'python'
[0.485s] Level 1:colcon.colcon_core.package_identification:_identify(.) by extensions ['python_setup_py']
[0.485s] Level 1:colcon.colcon_core.package_identification:_identify(.) by extension 'python_setup_py'
[0.485s] Level 1:colcon.colcon_core.package_identification:_identify(build) by extensions ['ignore', 'ignore_ament_install']
[0.485s] Level 1:colcon.colcon_core.package_identification:_identify(build) by extension 'ignore'
[0.485s] Level 1:colcon.colcon_core.package_identification:_identify(build) ignored
[0.485s] Level 1:colcon.colcon_core.package_identification:_identify(cognata_sdk_ros2) by extensions ['ignore', 'ignore_ament_install']
[0.485s] Level 1:colcon.colcon_core.package_identification:_identify(cognata_sdk_ros2) by extension 'ignore'
[0.485s] Level 1:colcon.colcon_core.package_identification:_identify(cognata_sdk_ros2) by extension 'ignore_ament_install'
[0.485s] Level 1:colcon.colcon_core.package_identification:_identify(cognata_sdk_ros2) by extensions ['colcon_pkg']
[0.485s] Level 1:colcon.colcon_core.package_identification:_identify(cognata_sdk_ros2) by extension 'colcon_pkg'
[0.485s] Level 1:colcon.colcon_core.package_identification:_identify(cognata_sdk_ros2) by extensions ['colcon_meta']
[0.485s] Level 1:colcon.colcon_core.package_identification:_identify(cognata_sdk_ros2) by extension 'colcon_meta'
[0.486s] Level 1:colcon.colcon_core.package_identification:_identify(cognata_sdk_ros2) by extensions ['ros']
[0.486s] Level 1:colcon.colcon_core.package_identification:_identify(cognata_sdk_ros2) by extension 'ros'
[0.487s] DEBUG:colcon.colcon_core.package_identification:Package 'cognata_sdk_ros2' with type 'ros.ament_cmake' and name 'cognata_sdk_ros2'
[0.488s] Level 1:colcon.colcon_core.package_identification:_identify(install) by extensions ['ignore', 'ignore_ament_install']
[0.488s] Level 1:colcon.colcon_core.package_identification:_identify(install) by extension 'ignore'
[0.488s] Level 1:colcon.colcon_core.package_identification:_identify(install) ignored
[0.488s] Level 1:colcon.colcon_core.package_identification:_identify(log) by extensions ['ignore', 'ignore_ament_install']
[0.488s] Level 1:colcon.colcon_core.package_identification:_identify(log) by extension 'ignore'
[0.488s] Level 1:colcon.colcon_core.package_identification:_identify(log) ignored
[0.488s] Level 1:colcon.colcon_core.package_identification:_identify(python3) by extensions ['ignore', 'ignore_ament_install']
[0.488s] Level 1:colcon.colcon_core.package_identification:_identify(python3) by extension 'ignore'
[0.488s] Level 1:colcon.colcon_core.package_identification:_identify(python3) by extension 'ignore_ament_install'
[0.488s] Level 1:colcon.colcon_core.package_identification:_identify(python3) by extensions ['colcon_pkg']
[0.488s] Level 1:colcon.colcon_core.package_identification:_identify(python3) by extension 'colcon_pkg'
[0.488s] Level 1:colcon.colcon_core.package_identification:_identify(python3) by extensions ['colcon_meta']
[0.488s] Level 1:colcon.colcon_core.package_identification:_identify(python3) by extension 'colcon_meta'
[0.488s] Level 1:colcon.colcon_core.package_identification:_identify(python3) by extensions ['ros']
[0.488s] Level 1:colcon.colcon_core.package_identification:_identify(python3) by extension 'ros'
[0.488s] Level 1:colcon.colcon_core.package_identification:_identify(python3) by extensions ['cmake', 'python']
[0.488s] Level 1:colcon.colcon_core.package_identification:_identify(python3) by extension 'cmake'
[0.488s] Level 1:colcon.colcon_core.package_identification:_identify(python3) by extension 'python'
[0.488s] Level 1:colcon.colcon_core.package_identification:_identify(python3) by extensions ['python_setup_py']
[0.488s] Level 1:colcon.colcon_core.package_identification:_identify(python3) by extension 'python_setup_py'
[0.489s] Level 1:colcon.colcon_core.package_identification:_identify(python_publisher) by extensions ['ignore', 'ignore_ament_install']
[0.489s] Level 1:colcon.colcon_core.package_identification:_identify(python_publisher) by extension 'ignore'
[0.489s] Level 1:colcon.colcon_core.package_identification:_identify(python_publisher) by extension 'ignore_ament_install'
[0.489s] Level 1:colcon.colcon_core.package_identification:_identify(python_publisher) by extensions ['colcon_pkg']
[0.489s] Level 1:colcon.colcon_core.package_identification:_identify(python_publisher) by extension 'colcon_pkg'
[0.489s] Level 1:colcon.colcon_core.package_identification:_identify(python_publisher) by extensions ['colcon_meta']
[0.489s] Level 1:colcon.colcon_core.package_identification:_identify(python_publisher) by extension 'colcon_meta'
[0.489s] Level 1:colcon.colcon_core.package_identification:_identify(python_publisher) by extensions ['ros']
[0.489s] Level 1:colcon.colcon_core.package_identification:_identify(python_publisher) by extension 'ros'
[0.489s] DEBUG:colcon.colcon_core.package_identification:Package 'python_publisher' with type 'ros.ament_python' and name 'python_publisher'
[0.489s] Level 1:colcon.colcon_core.package_discovery:discover_packages(recursive) using defaults
[0.489s] Level 1:colcon.colcon_core.package_discovery:discover_packages(ignore) discover
[0.489s] Level 1:colcon.colcon_core.package_discovery:discover_packages(ignore) using defaults
[0.489s] Level 1:colcon.colcon_core.package_discovery:discover_packages(path) discover
[0.489s] Level 1:colcon.colcon_core.package_discovery:discover_packages(path) using defaults
[0.515s] Level 1:colcon.colcon_core.package_discovery:discover_packages(prefix_path) check parameters
[0.515s] Level 1:colcon.colcon_core.package_discovery:discover_packages(prefix_path) discover
[0.523s] DEBUG:colcon.colcon_installed_package_information.package_discovery:Found 256 installed packages in /opt/ros/foxy
[0.524s] Level 1:colcon.colcon_core.package_discovery:discover_packages(prefix_path) using defaults
[0.641s] Level 5:colcon.colcon_core.verb:set package 'cognata_sdk_ros2' build argument 'cmake_args' from command line to 'None'
[0.641s] Level 5:colcon.colcon_core.verb:set package 'cognata_sdk_ros2' build argument 'cmake_target' from command line to 'None'
[0.641s] Level 5:colcon.colcon_core.verb:set package 'cognata_sdk_ros2' build argument 'cmake_target_skip_unavailable' from command line to 'False'
[0.641s] Level 5:colcon.colcon_core.verb:set package 'cognata_sdk_ros2' build argument 'cmake_clean_cache' from command line to 'False'
[0.641s] Level 5:colcon.colcon_core.verb:set package 'cognata_sdk_ros2' build argument 'cmake_clean_first' from command line to 'False'
[0.641s] Level 5:colcon.colcon_core.verb:set package 'cognata_sdk_ros2' build argument 'cmake_force_configure' from command line to 'False'
[0.641s] Level 5:colcon.colcon_core.verb:set package 'cognata_sdk_ros2' build argument 'ament_cmake_args' from command line to 'None'
[0.641s] Level 5:colcon.colcon_core.verb:set package 'cognata_sdk_ros2' build argument 'catkin_cmake_args' from command line to 'None'
[0.641s] Level 5:colcon.colcon_core.verb:set package 'cognata_sdk_ros2' build argument 'catkin_skip_building_tests' from command line to 'False'
[0.641s] DEBUG:colcon.colcon_core.verb:Building package 'cognata_sdk_ros2' with the following arguments: {'ament_cmake_args': None, 'build_base': '/home/kcg/ROS2Sample/src/build/cognata_sdk_ros2', 'catkin_cmake_args': None, 'catkin_skip_building_tests': False, 'cmake_args': None, 'cmake_clean_cache': False, 'cmake_clean_first': False, 'cmake_force_configure': False, 'cmake_target': None, 'cmake_target_skip_unavailable': False, 'install_base': '/home/kcg/ROS2Sample/src/install/cognata_sdk_ros2', 'merge_install': False, 'path': '/home/kcg/ROS2Sample/src/cognata_sdk_ros2', 'symlink_install': False, 'test_result_base': None}
[0.647s] Level 5:colcon.colcon_core.verb:set package 'python_publisher' build argument 'cmake_args' from command line to 'None'
[0.648s] Level 5:colcon.colcon_core.verb:set package 'python_publisher' build argument 'cmake_target' from command line to 'None'
[0.648s] Level 5:colcon.colcon_core.verb:set package 'python_publisher' build argument 'cmake_target_skip_unavailable' from command line to 'False'
[0.648s] Level 5:colcon.colcon_core.verb:set package 'python_publisher' build argument 'cmake_clean_cache' from command line to 'False'
[0.648s] Level 5:colcon.colcon_core.verb:set package 'python_publisher' build argument 'cmake_clean_first' from command line to 'False'
[0.648s] Level 5:colcon.colcon_core.verb:set package 'python_publisher' build argument 'cmake_force_configure' from command line to 'False'
[0.648s] Level 5:colcon.colcon_core.verb:set package 'python_publisher' build argument 'ament_cmake_args' from command line to 'None'
[0.648s] Level 5:colcon.colcon_core.verb:set package 'python_publisher' build argument 'catkin_cmake_args' from command line to 'None'
[0.648s] Level 5:colcon.colcon_core.verb:set package 'python_publisher' build argument 'catkin_skip_building_tests' from command line to 'False'
[0.648s] DEBUG:colcon.colcon_core.verb:Building package 'python_publisher' with the following arguments: {'ament_cmake_args': None, 'build_base': '/home/kcg/ROS2Sample/src/build/python_publisher', 'catkin_cmake_args': None, 'catkin_skip_building_tests': False, 'cmake_args': None, 'cmake_clean_cache': False, 'cmake_clean_first': False, 'cmake_force_configure': False, 'cmake_target': None, 'cmake_target_skip_unavailable': False, 'install_base': '/home/kcg/ROS2Sample/src/install/python_publisher', 'merge_install': False, 'path': '/home/kcg/ROS2Sample/src/python_publisher', 'symlink_install': False, 'test_result_base': None}
[0.656s] INFO:colcon.colcon_core.executor:Executing jobs using 'parallel' executor
[0.667s] DEBUG:colcon.colcon_parallel_executor.executor.parallel:run_until_complete
[0.668s] INFO:colcon.colcon_ros.task.ament_cmake.build:Building ROS package in '/home/kcg/ROS2Sample/src/cognata_sdk_ros2' with build type 'ament_cmake'
[0.668s] INFO:colcon.colcon_cmake.task.cmake.build:Building CMake package in '/home/kcg/ROS2Sample/src/cognata_sdk_ros2'
[0.675s] INFO:colcon.colcon_core.plugin_system:Skipping extension 'colcon_core.shell.bat': Not used on non-Windows systems
[0.675s] INFO:colcon.colcon_core.shell:Skip shell extension 'powershell' for command environment: Not usable outside of PowerShell
[0.675s] DEBUG:colcon.colcon_core.shell:Skip shell extension 'dsv' for command environment
[0.702s] DEBUG:colcon.colcon_core.event_handler.log_command:Invoking command in '/home/kcg/ROS2Sample/src/build/cognata_sdk_ros2': CMAKE_PREFIX_PATH=/opt/ros/foxy /usr/bin/cmake --build /home/kcg/ROS2Sample/src/build/cognata_sdk_ros2 -- -j20 -l20
[1.219s] DEBUG:colcon.colcon_core.event_handler.log_command:Invoked command in '/home/kcg/ROS2Sample/src/build/cognata_sdk_ros2' returned '0': CMAKE_PREFIX_PATH=/opt/ros/foxy /usr/bin/cmake --build /home/kcg/ROS2Sample/src/build/cognata_sdk_ros2 -- -j20 -l20
[1.781s] DEBUG:colcon.colcon_core.event_handler.log_command:Invoking command in '/home/kcg/ROS2Sample/src/build/cognata_sdk_ros2': CMAKE_PREFIX_PATH=/opt/ros/foxy /usr/bin/cmake --install /home/kcg/ROS2Sample/src/build/cognata_sdk_ros2
[1.835s] Level 1:colcon.colcon_core.environment:create_environment_scripts_only(cognata_sdk_ros2)
[1.842s] Level 1:colcon.colcon_core.environment:checking '/home/kcg/ROS2Sample/src/install/cognata_sdk_ros2' for CMake module files
[1.842s] Level 1:colcon.colcon_core.environment:checking '/home/kcg/ROS2Sample/src/install/cognata_sdk_ros2' for CMake config files
[1.843s] Level 1:colcon.colcon_core.shell:create_environment_hook('cognata_sdk_ros2', 'cmake_prefix_path')
[1.847s] INFO:colcon.colcon_core.shell:Creating environment hook '/home/kcg/ROS2Sample/src/install/cognata_sdk_ros2/share/cognata_sdk_ros2/hook/cmake_prefix_path.ps1'
[1.848s] INFO:colcon.colcon_core.shell:Creating environment descriptor '/home/kcg/ROS2Sample/src/install/cognata_sdk_ros2/share/cognata_sdk_ros2/hook/cmake_prefix_path.dsv'
[1.848s] INFO:colcon.colcon_core.shell:Creating environment hook '/home/kcg/ROS2Sample/src/install/cognata_sdk_ros2/share/cognata_sdk_ros2/hook/cmake_prefix_path.sh'
[1.849s] Level 1:colcon.colcon_core.environment:checking '/home/kcg/ROS2Sample/src/install/cognata_sdk_ros2/lib'
[1.849s] Level 1:colcon.colcon_core.shell:create_environment_hook('cognata_sdk_ros2', 'ld_library_path_lib')
[1.854s] INFO:colcon.colcon_core.shell:Creating environment hook '/home/kcg/ROS2Sample/src/install/cognata_sdk_ros2/share/cognata_sdk_ros2/hook/ld_library_path_lib.ps1'
[1.854s] INFO:colcon.colcon_core.shell:Creating environment descriptor '/home/kcg/ROS2Sample/src/install/cognata_sdk_ros2/share/cognata_sdk_ros2/hook/ld_library_path_lib.dsv'
[1.854s] INFO:colcon.colcon_core.shell:Creating environment hook '/home/kcg/ROS2Sample/src/install/cognata_sdk_ros2/share/cognata_sdk_ros2/hook/ld_library_path_lib.sh'
[1.854s] Level 1:colcon.colcon_core.environment:checking '/home/kcg/ROS2Sample/src/install/cognata_sdk_ros2/bin'
[1.854s] Level 1:colcon.colcon_core.environment:checking '/home/kcg/ROS2Sample/src/install/cognata_sdk_ros2/lib/pkgconfig/cognata_sdk_ros2.pc'
[1.854s] Level 1:colcon.colcon_core.environment:checking '/home/kcg/ROS2Sample/src/install/cognata_sdk_ros2/lib/python3.8/site-packages'
[1.854s] Level 1:colcon.colcon_core.shell:create_environment_hook('cognata_sdk_ros2', 'pythonpath')
[1.859s] INFO:colcon.colcon_core.shell:Creating environment hook '/home/kcg/ROS2Sample/src/install/cognata_sdk_ros2/share/cognata_sdk_ros2/hook/pythonpath.ps1'
[1.859s] INFO:colcon.colcon_core.shell:Creating environment descriptor '/home/kcg/ROS2Sample/src/install/cognata_sdk_ros2/share/cognata_sdk_ros2/hook/pythonpath.dsv'
[1.859s] INFO:colcon.colcon_core.shell:Creating environment hook '/home/kcg/ROS2Sample/src/install/cognata_sdk_ros2/share/cognata_sdk_ros2/hook/pythonpath.sh'
[1.866s] DEBUG:colcon.colcon_core.event_handler.log_command:Invoked command in '/home/kcg/ROS2Sample/src/build/cognata_sdk_ros2' returned '0': CMAKE_PREFIX_PATH=/opt/ros/foxy /usr/bin/cmake --install /home/kcg/ROS2Sample/src/build/cognata_sdk_ros2
[1.875s] INFO:colcon.colcon_core.shell:Creating package script '/home/kcg/ROS2Sample/src/install/cognata_sdk_ros2/share/cognata_sdk_ros2/package.ps1'
[1.876s] INFO:colcon.colcon_core.shell:Creating package descriptor '/home/kcg/ROS2Sample/src/install/cognata_sdk_ros2/share/cognata_sdk_ros2/package.dsv'
[1.876s] INFO:colcon.colcon_core.shell:Creating package script '/home/kcg/ROS2Sample/src/install/cognata_sdk_ros2/share/cognata_sdk_ros2/package.sh'
[1.877s] INFO:colcon.colcon_core.shell:Creating package script '/home/kcg/ROS2Sample/src/install/cognata_sdk_ros2/share/cognata_sdk_ros2/package.bash'
[1.878s] INFO:colcon.colcon_core.shell:Creating package script '/home/kcg/ROS2Sample/src/install/cognata_sdk_ros2/share/cognata_sdk_ros2/package.zsh'
[1.878s] Level 1:colcon.colcon_core.environment:create_file_with_runtime_dependencies(/home/kcg/ROS2Sample/src/install/cognata_sdk_ros2/share/colcon-core/packages/cognata_sdk_ros2)
[2.248s] Level 1:colcon.colcon_core.environment:create_environment_scripts_only(cognata_sdk_ros2)
[2.253s] Level 1:colcon.colcon_core.environment:checking '/home/kcg/ROS2Sample/src/install/cognata_sdk_ros2' for CMake module files
[2.253s] Level 1:colcon.colcon_core.environment:checking '/home/kcg/ROS2Sample/src/install/cognata_sdk_ros2' for CMake config files
[2.254s] Level 1:colcon.colcon_core.shell:create_environment_hook('cognata_sdk_ros2', 'cmake_prefix_path')
[2.258s] INFO:colcon.colcon_core.shell:Creating environment hook '/home/kcg/ROS2Sample/src/install/cognata_sdk_ros2/share/cognata_sdk_ros2/hook/cmake_prefix_path.ps1'
[2.259s] INFO:colcon.colcon_core.shell:Creating environment descriptor '/home/kcg/ROS2Sample/src/install/cognata_sdk_ros2/share/cognata_sdk_ros2/hook/cmake_prefix_path.dsv'
[2.259s] INFO:colcon.colcon_core.shell:Creating environment hook '/home/kcg/ROS2Sample/src/install/cognata_sdk_ros2/share/cognata_sdk_ros2/hook/cmake_prefix_path.sh'
[2.259s] Level 1:colcon.colcon_core.environment:checking '/home/kcg/ROS2Sample/src/install/cognata_sdk_ros2/lib'
[2.259s] Level 1:colcon.colcon_core.shell:create_environment_hook('cognata_sdk_ros2', 'ld_library_path_lib')
[2.264s] INFO:colcon.colcon_core.shell:Creating environment hook '/home/kcg/ROS2Sample/src/install/cognata_sdk_ros2/share/cognata_sdk_ros2/hook/ld_library_path_lib.ps1'
[2.264s] INFO:colcon.colcon_core.shell:Creating environment descriptor '/home/kcg/ROS2Sample/src/install/cognata_sdk_ros2/share/cognata_sdk_ros2/hook/ld_library_path_lib.dsv'
[2.264s] INFO:colcon.colcon_core.shell:Creating environment hook '/home/kcg/ROS2Sample/src/install/cognata_sdk_ros2/share/cognata_sdk_ros2/hook/ld_library_path_lib.sh'
[2.264s] Level 1:colcon.colcon_core.environment:checking '/home/kcg/ROS2Sample/src/install/cognata_sdk_ros2/bin'
[2.264s] Level 1:colcon.colcon_core.environment:checking '/home/kcg/ROS2Sample/src/install/cognata_sdk_ros2/lib/pkgconfig/cognata_sdk_ros2.pc'
[2.264s] Level 1:colcon.colcon_core.environment:checking '/home/kcg/ROS2Sample/src/install/cognata_sdk_ros2/lib/python3.8/site-packages'
[2.264s] Level 1:colcon.colcon_core.shell:create_environment_hook('cognata_sdk_ros2', 'pythonpath')
[2.268s] INFO:colcon.colcon_core.shell:Creating environment hook '/home/kcg/ROS2Sample/src/install/cognata_sdk_ros2/share/cognata_sdk_ros2/hook/pythonpath.ps1'
[2.268s] INFO:colcon.colcon_core.shell:Creating environment descriptor '/home/kcg/ROS2Sample/src/install/cognata_sdk_ros2/share/cognata_sdk_ros2/hook/pythonpath.dsv'
[2.269s] INFO:colcon.colcon_core.shell:Creating environment hook '/home/kcg/ROS2Sample/src/install/cognata_sdk_ros2/share/cognata_sdk_ros2/hook/pythonpath.sh'
[2.272s] INFO:colcon.colcon_core.shell:Creating package script '/home/kcg/ROS2Sample/src/install/cognata_sdk_ros2/share/cognata_sdk_ros2/package.ps1'
[2.273s] INFO:colcon.colcon_core.shell:Creating package descriptor '/home/kcg/ROS2Sample/src/install/cognata_sdk_ros2/share/cognata_sdk_ros2/package.dsv'
[2.273s] INFO:colcon.colcon_core.shell:Creating package script '/home/kcg/ROS2Sample/src/install/cognata_sdk_ros2/share/cognata_sdk_ros2/package.sh'
[2.273s] INFO:colcon.colcon_core.shell:Creating package script '/home/kcg/ROS2Sample/src/install/cognata_sdk_ros2/share/cognata_sdk_ros2/package.bash'
[2.274s] INFO:colcon.colcon_core.shell:Creating package script '/home/kcg/ROS2Sample/src/install/cognata_sdk_ros2/share/cognata_sdk_ros2/package.zsh'
[2.274s] Level 1:colcon.colcon_core.environment:create_file_with_runtime_dependencies(/home/kcg/ROS2Sample/src/install/cognata_sdk_ros2/share/colcon-core/packages/cognata_sdk_ros2)
[2.276s] INFO:colcon.colcon_ros.task.ament_python.build:Building ROS package in '/home/kcg/ROS2Sample/src/python_publisher' with build type 'ament_python'
[2.276s] Level 1:colcon.colcon_core.shell:create_environment_hook('python_publisher', 'ament_prefix_path')
[2.280s] INFO:colcon.colcon_core.shell:Creating environment hook '/home/kcg/ROS2Sample/src/install/python_publisher/share/python_publisher/hook/ament_prefix_path.ps1'
[2.280s] INFO:colcon.colcon_core.shell:Creating environment descriptor '/home/kcg/ROS2Sample/src/install/python_publisher/share/python_publisher/hook/ament_prefix_path.dsv'
[2.280s] INFO:colcon.colcon_core.shell:Creating environment hook '/home/kcg/ROS2Sample/src/install/python_publisher/share/python_publisher/hook/ament_prefix_path.sh'
[2.284s] INFO:colcon.colcon_core.shell:Skip shell extension 'powershell' for command environment: Not usable outside of PowerShell
[2.284s] DEBUG:colcon.colcon_core.shell:Skip shell extension 'dsv' for command environment
[2.498s] INFO:colcon.colcon_core.task.python.build:Building Python package in '/home/kcg/ROS2Sample/src/python_publisher'
[2.502s] INFO:colcon.colcon_core.shell:Skip shell extension 'powershell' for command environment: Not usable outside of PowerShell
[2.502s] DEBUG:colcon.colcon_core.shell:Skip shell extension 'dsv' for command environment
[2.852s] DEBUG:colcon.colcon_core.event_handler.log_command:Invoking command in '/home/kcg/ROS2Sample/src/python_publisher': AMENT_PREFIX_PATH=/home/kcg/ROS2Sample/src/install/cognata_sdk_ros2:${AMENT_PREFIX_PATH} CMAKE_PREFIX_PATH=/home/kcg/ROS2Sample/src/install/cognata_sdk_ros2 LD_LIBRARY_PATH=/home/kcg/ROS2Sample/src/install/cognata_sdk_ros2/lib:${LD_LIBRARY_PATH} PYTHONPATH=/home/kcg/ROS2Sample/src/install/python_publisher/lib/python3.8/site-packages:/home/kcg/ROS2Sample/src/install/cognata_sdk_ros2/lib/python3.8/site-packages:${PYTHONPATH} /usr/bin/python3 setup.py egg_info --egg-base ../build/python_publisher build --build-base /home/kcg/ROS2Sample/src/build/python_publisher/build install --prefix /home/kcg/ROS2Sample/src/install/python_publisher --record /home/kcg/ROS2Sample/src/build/python_publisher/install.log --single-version-externally-managed
[3.110s] Level 1:colcon.colcon_core.environment:checking '/home/kcg/ROS2Sample/src/install/python_publisher' for CMake module files
[3.110s] Level 1:colcon.colcon_core.environment:checking '/home/kcg/ROS2Sample/src/install/python_publisher' for CMake config files
[3.110s] Level 1:colcon.colcon_core.environment:checking '/home/kcg/ROS2Sample/src/install/python_publisher/lib'
[3.111s] Level 1:colcon.colcon_core.environment:checking '/home/kcg/ROS2Sample/src/install/python_publisher/bin'
[3.111s] Level 1:colcon.colcon_core.environment:checking '/home/kcg/ROS2Sample/src/install/python_publisher/lib/pkgconfig/python_publisher.pc'
[3.111s] Level 1:colcon.colcon_core.environment:checking '/home/kcg/ROS2Sample/src/install/python_publisher/lib/python3.8/site-packages'
[3.111s] Level 1:colcon.colcon_core.shell:create_environment_hook('python_publisher', 'pythonpath')
[3.115s] INFO:colcon.colcon_core.shell:Creating environment hook '/home/kcg/ROS2Sample/src/install/python_publisher/share/python_publisher/hook/pythonpath.ps1'
[3.116s] INFO:colcon.colcon_core.shell:Creating environment descriptor '/home/kcg/ROS2Sample/src/install/python_publisher/share/python_publisher/hook/pythonpath.dsv'
[3.116s] INFO:colcon.colcon_core.shell:Creating environment hook '/home/kcg/ROS2Sample/src/install/python_publisher/share/python_publisher/hook/pythonpath.sh'
[3.116s] Level 1:colcon.colcon_core.environment:create_environment_scripts_only(python_publisher)
[3.121s] INFO:colcon.colcon_core.shell:Creating package script '/home/kcg/ROS2Sample/src/install/python_publisher/share/python_publisher/package.ps1'
[3.121s] DEBUG:colcon.colcon_core.event_handler.log_command:Invoked command in '/home/kcg/ROS2Sample/src/python_publisher' returned '0': AMENT_PREFIX_PATH=/home/kcg/ROS2Sample/src/install/cognata_sdk_ros2:${AMENT_PREFIX_PATH} CMAKE_PREFIX_PATH=/home/kcg/ROS2Sample/src/install/cognata_sdk_ros2 LD_LIBRARY_PATH=/home/kcg/ROS2Sample/src/install/cognata_sdk_ros2/lib:${LD_LIBRARY_PATH} PYTHONPATH=/home/kcg/ROS2Sample/src/install/python_publisher/lib/python3.8/site-packages:/home/kcg/ROS2Sample/src/install/cognata_sdk_ros2/lib/python3.8/site-packages:${PYTHONPATH} /usr/bin/python3 setup.py egg_info --egg-base ../build/python_publisher build --build-base /home/kcg/ROS2Sample/src/build/python_publisher/build install --prefix /home/kcg/ROS2Sample/src/install/python_publisher --record /home/kcg/ROS2Sample/src/build/python_publisher/install.log --single-version-externally-managed
[3.121s] INFO:colcon.colcon_core.shell:Creating package descriptor '/home/kcg/ROS2Sample/src/install/python_publisher/share/python_publisher/package.dsv'
[3.122s] INFO:colcon.colcon_core.shell:Creating package script '/home/kcg/ROS2Sample/src/install/python_publisher/share/python_publisher/package.sh'
[3.122s] INFO:colcon.colcon_core.shell:Creating package script '/home/kcg/ROS2Sample/src/install/python_publisher/share/python_publisher/package.bash'
[3.122s] INFO:colcon.colcon_core.shell:Creating package script '/home/kcg/ROS2Sample/src/install/python_publisher/share/python_publisher/package.zsh'
[3.122s] Level 1:colcon.colcon_core.environment:create_file_with_runtime_dependencies(/home/kcg/ROS2Sample/src/install/python_publisher/share/colcon-core/packages/python_publisher)
[3.123s] DEBUG:colcon.colcon_parallel_executor.executor.parallel:closing loop
[3.123s] DEBUG:colcon.colcon_parallel_executor.executor.parallel:loop closed
[3.123s] DEBUG:colcon.colcon_parallel_executor.executor.parallel:run_until_complete finished with '0'
[3.123s] DEBUG:colcon.colcon_core.event_reactor:joining thread
[3.131s] INFO:colcon.colcon_core.plugin_system:Skipping extension 'colcon_notification.desktop_notification.terminal_notifier': Not used on non-Darwin systems
[3.131s] INFO:colcon.colcon_core.plugin_system:Skipping extension 'colcon_notification.desktop_notification.win32': Not used on non-Windows systems
[3.131s] INFO:colcon.colcon_notification.desktop_notification:Sending desktop notification using 'notify2'
[3.144s] DEBUG:colcon.colcon_core.event_reactor:joined thread
[3.149s] INFO:colcon.colcon_core.shell:Creating prefix script '/home/kcg/ROS2Sample/src/install/local_setup.ps1'
[3.149s] INFO:colcon.colcon_core.shell:Creating prefix util module '/home/kcg/ROS2Sample/src/install/_local_setup_util_ps1.py'
[3.160s] INFO:colcon.colcon_core.shell:Creating prefix chain script '/home/kcg/ROS2Sample/src/install/setup.ps1'
[3.164s] INFO:colcon.colcon_core.shell:Creating prefix script '/home/kcg/ROS2Sample/src/install/local_setup.sh'
[3.164s] INFO:colcon.colcon_core.shell:Creating prefix util module '/home/kcg/ROS2Sample/src/install/_local_setup_util_sh.py'
[3.164s] INFO:colcon.colcon_core.shell:Creating prefix chain script '/home/kcg/ROS2Sample/src/install/setup.sh'
[3.172s] INFO:colcon.colcon_core.shell:Creating prefix script '/home/kcg/ROS2Sample/src/install/local_setup.bash'
[3.173s] INFO:colcon.colcon_core.shell:Creating prefix chain script '/home/kcg/ROS2Sample/src/install/setup.bash'
[3.177s] INFO:colcon.colcon_core.shell:Creating prefix script '/home/kcg/ROS2Sample/src/install/local_setup.zsh'
[3.177s] INFO:colcon.colcon_core.shell:Creating prefix chain script '/home/kcg/ROS2Sample/src/install/setup.zsh'
