[0.391s] Invoking command in '/home/kcg/copy/ROS2Sample/src/python_publisher': PYTHONPATH=/home/kcg/copy/ROS2Sample/src/python_publisher/install/python_publisher/lib/python3.8/site-packages:${PYTHONPATH} /usr/bin/python3 setup.py egg_info --egg-base build/python_publisher build --build-base /home/kcg/copy/ROS2Sample/src/python_publisher/build/python_publisher/build install --prefix /home/kcg/copy/ROS2Sample/src/python_publisher/install/python_publisher --record /home/kcg/copy/ROS2Sample/src/python_publisher/build/python_publisher/install.log --single-version-externally-managed
[0.525s] running egg_info
[0.525s] writing build/python_publisher/python_publisher.egg-info/PKG-INFO
[0.526s] writing dependency_links to build/python_publisher/python_publisher.egg-info/dependency_links.txt
[0.526s] writing entry points to build/python_publisher/python_publisher.egg-info/entry_points.txt
[0.526s] writing requirements to build/python_publisher/python_publisher.egg-info/requires.txt
[0.526s] writing top-level names to build/python_publisher/python_publisher.egg-info/top_level.txt
[0.546s] reading manifest file 'build/python_publisher/python_publisher.egg-info/SOURCES.txt'
[0.548s] writing manifest file 'build/python_publisher/python_publisher.egg-info/SOURCES.txt'
[0.548s] running build
[0.548s] running build_py
[0.549s] copying python_publisher/adaptive_cruise_control.py -> /home/kcg/copy/ROS2Sample/src/python_publisher/build/python_publisher/build/lib/python_publisher
[0.550s] copying python_publisher/submodules/switch_cognata.py -> /home/kcg/copy/ROS2Sample/src/python_publisher/build/python_publisher/build/lib/python_publisher/submodules
[0.550s] running install
[0.550s] running install_lib
[0.552s] copying /home/kcg/copy/ROS2Sample/src/python_publisher/build/python_publisher/build/lib/python_publisher/submodules/switch_cognata.py -> /home/kcg/copy/ROS2Sample/src/python_publisher/install/python_publisher/lib/python3.8/site-packages/python_publisher/submodules
[0.552s] copying /home/kcg/copy/ROS2Sample/src/python_publisher/build/python_publisher/build/lib/python_publisher/adaptive_cruise_control.py -> /home/kcg/copy/ROS2Sample/src/python_publisher/install/python_publisher/lib/python3.8/site-packages/python_publisher
[0.553s] byte-compiling /home/kcg/copy/ROS2Sample/src/python_publisher/install/python_publisher/lib/python3.8/site-packages/python_publisher/submodules/switch_cognata.py to switch_cognata.cpython-38.pyc
[0.555s] byte-compiling /home/kcg/copy/ROS2Sample/src/python_publisher/install/python_publisher/lib/python3.8/site-packages/python_publisher/adaptive_cruise_control.py to adaptive_cruise_control.cpython-38.pyc
[0.556s] running install_data
[0.558s] running install_egg_info
[0.558s] removing '/home/kcg/copy/ROS2Sample/src/python_publisher/install/python_publisher/lib/python3.8/site-packages/python_publisher-0.0.0-py3.8.egg-info' (and everything under it)
[0.559s] Copying build/python_publisher/python_publisher.egg-info to /home/kcg/copy/ROS2Sample/src/python_publisher/install/python_publisher/lib/python3.8/site-packages/python_publisher-0.0.0-py3.8.egg-info
[0.559s] running install_scripts
[0.569s] Installing acc script to /home/kcg/copy/ROS2Sample/src/python_publisher/install/python_publisher/lib/python_publisher
[0.570s] Installing gev script to /home/kcg/copy/ROS2Sample/src/python_publisher/install/python_publisher/lib/python_publisher
[0.570s] Installing pid script to /home/kcg/copy/ROS2Sample/src/python_publisher/install/python_publisher/lib/python_publisher
[0.570s] Installing publisher script to /home/kcg/copy/ROS2Sample/src/python_publisher/install/python_publisher/lib/python_publisher
[0.570s] Installing rcc script to /home/kcg/copy/ROS2Sample/src/python_publisher/install/python_publisher/lib/python_publisher
[0.570s] writing list of installed files to '/home/kcg/copy/ROS2Sample/src/python_publisher/build/python_publisher/install.log'
[0.582s] Invoked command in '/home/kcg/copy/ROS2Sample/src/python_publisher' returned '0': PYTHONPATH=/home/kcg/copy/ROS2Sample/src/python_publisher/install/python_publisher/lib/python3.8/site-packages:${PYTHONPATH} /usr/bin/python3 setup.py egg_info --egg-base build/python_publisher build --build-base /home/kcg/copy/ROS2Sample/src/python_publisher/build/python_publisher/build install --prefix /home/kcg/copy/ROS2Sample/src/python_publisher/install/python_publisher --record /home/kcg/copy/ROS2Sample/src/python_publisher/build/python_publisher/install.log --single-version-externally-managed
