[0.748s] Invoking command in '/home/kcg/copy/ROS2Sample/src/python_publisher': PYTHONPATH=/home/kcg/copy/ROS2Sample/src/install/python_publisher/lib/python3.8/site-packages:/home/kcg/copy/ROS2Sample/src/install/cognata_sdk_ros2/lib/python3.8/site-packages:/home/kcg/copy/ROS2Sample/src/install/python_publisher/lib/python3.8/site-packages:/opt/ros/foxy/lib/python3.8/site-packages /usr/bin/python3 setup.py egg_info --egg-base ../build/python_publisher build --build-base /home/kcg/copy/ROS2Sample/src/build/python_publisher/build install --prefix /home/kcg/copy/ROS2Sample/src/install/python_publisher --record /home/kcg/copy/ROS2Sample/src/build/python_publisher/install.log --single-version-externally-managed
[0.907s] running egg_info
[0.908s] writing ../build/python_publisher/python_publisher.egg-info/PKG-INFO
[0.936s] writing dependency_links to ../build/python_publisher/python_publisher.egg-info/dependency_links.txt
[0.942s] writing entry points to ../build/python_publisher/python_publisher.egg-info/entry_points.txt
[0.952s] writing requirements to ../build/python_publisher/python_publisher.egg-info/requires.txt
[0.971s] writing top-level names to ../build/python_publisher/python_publisher.egg-info/top_level.txt
[1.005s] reading manifest file '../build/python_publisher/python_publisher.egg-info/SOURCES.txt'
[1.006s] writing manifest file '../build/python_publisher/python_publisher.egg-info/SOURCES.txt'
[1.021s] running build
[1.021s] running build_py
[1.021s] copying python_publisher/adaptive_cruise_control.py -> /home/kcg/copy/ROS2Sample/src/build/python_publisher/build/lib/python_publisher
[1.021s] copying python_publisher/submodules/Pure_Pursuit.py -> /home/kcg/copy/ROS2Sample/src/build/python_publisher/build/lib/python_publisher/submodules
[1.022s] running install
[1.022s] running install_lib
[1.023s] copying /home/kcg/copy/ROS2Sample/src/build/python_publisher/build/lib/python_publisher/adaptive_cruise_control.py -> /home/kcg/copy/ROS2Sample/src/install/python_publisher/lib/python3.8/site-packages/python_publisher
[1.023s] copying /home/kcg/copy/ROS2Sample/src/build/python_publisher/build/lib/python_publisher/submodules/Pure_Pursuit.py -> /home/kcg/copy/ROS2Sample/src/install/python_publisher/lib/python3.8/site-packages/python_publisher/submodules
[1.024s] byte-compiling /home/kcg/copy/ROS2Sample/src/install/python_publisher/lib/python3.8/site-packages/python_publisher/adaptive_cruise_control.py to adaptive_cruise_control.cpython-38.pyc
[1.062s] byte-compiling /home/kcg/copy/ROS2Sample/src/install/python_publisher/lib/python3.8/site-packages/python_publisher/submodules/Pure_Pursuit.py to Pure_Pursuit.cpython-38.pyc
[1.079s] running install_data
[1.080s] running install_egg_info
[1.081s] removing '/home/kcg/copy/ROS2Sample/src/install/python_publisher/lib/python3.8/site-packages/python_publisher-0.0.0-py3.8.egg-info' (and everything under it)
[1.081s] Copying ../build/python_publisher/python_publisher.egg-info to /home/kcg/copy/ROS2Sample/src/install/python_publisher/lib/python3.8/site-packages/python_publisher-0.0.0-py3.8.egg-info
[1.081s] running install_scripts
[1.092s] Installing acc script to /home/kcg/copy/ROS2Sample/src/install/python_publisher/lib/python_publisher
[1.108s] Installing pid script to /home/kcg/copy/ROS2Sample/src/install/python_publisher/lib/python_publisher
[1.127s] Installing publisher script to /home/kcg/copy/ROS2Sample/src/install/python_publisher/lib/python_publisher
[1.143s] Installing rcc script to /home/kcg/copy/ROS2Sample/src/install/python_publisher/lib/python_publisher
[1.161s] writing list of installed files to '/home/kcg/copy/ROS2Sample/src/build/python_publisher/install.log'
[1.198s] Invoked command in '/home/kcg/copy/ROS2Sample/src/python_publisher' returned '0': PYTHONPATH=/home/kcg/copy/ROS2Sample/src/install/python_publisher/lib/python3.8/site-packages:/home/kcg/copy/ROS2Sample/src/install/cognata_sdk_ros2/lib/python3.8/site-packages:/home/kcg/copy/ROS2Sample/src/install/python_publisher/lib/python3.8/site-packages:/opt/ros/foxy/lib/python3.8/site-packages /usr/bin/python3 setup.py egg_info --egg-base ../build/python_publisher build --build-base /home/kcg/copy/ROS2Sample/src/build/python_publisher/build install --prefix /home/kcg/copy/ROS2Sample/src/install/python_publisher --record /home/kcg/copy/ROS2Sample/src/build/python_publisher/install.log --single-version-externally-managed
