Determining if the pthread_create exist failed with the following output:
Change Dir: /home/omer/drive-by-wire-Code-Example/build/CMakeFiles/CMakeTmp

Run Build Command:"/usr/bin/make" "cmTC_ca046/fast"
/usr/bin/make -f CMakeFiles/cmTC_ca046.dir/build.make CMakeFiles/cmTC_ca046.dir/build
make[1]: Entering directory '/home/omer/drive-by-wire-Code-Example/build/CMakeFiles/CMakeTmp'
Building C object CMakeFiles/cmTC_ca046.dir/CheckSymbolExists.c.o
/usr/bin/cc    -o CMakeFiles/cmTC_ca046.dir/CheckSymbolExists.c.o   -c /home/omer/drive-by-wire-Code-Example/build/CMakeFiles/CMakeTmp/CheckSymbolExists.c
Linking C executable cmTC_ca046
/usr/bin/cmake -E cmake_link_script CMakeFiles/cmTC_ca046.dir/link.txt --verbose=1
/usr/bin/cc      -rdynamic CMakeFiles/cmTC_ca046.dir/CheckSymbolExists.c.o  -o cmTC_ca046 
CMakeFiles/cmTC_ca046.dir/CheckSymbolExists.c.o: In function `main':
CheckSymbolExists.c:(.text+0x1b): undefined reference to `pthread_create'
collect2: error: ld returned 1 exit status
CMakeFiles/cmTC_ca046.dir/build.make:97: recipe for target 'cmTC_ca046' failed
make[1]: *** [cmTC_ca046] Error 1
make[1]: Leaving directory '/home/omer/drive-by-wire-Code-Example/build/CMakeFiles/CMakeTmp'
Makefile:126: recipe for target 'cmTC_ca046/fast' failed
make: *** [cmTC_ca046/fast] Error 2

File /home/omer/drive-by-wire-Code-Example/build/CMakeFiles/CMakeTmp/CheckSymbolExists.c:
/* */
#include <pthread.h>

int main(int argc, char** argv)
{
  (void)argv;
#ifndef pthread_create
  return ((int*)(&pthread_create))[argc];
#else
  (void)argc;
  return 0;
#endif
}

Determining if the function pthread_create exists in the pthreads failed with the following output:
Change Dir: /home/omer/drive-by-wire-Code-Example/build/CMakeFiles/CMakeTmp

Run Build Command:"/usr/bin/make" "cmTC_52e09/fast"
/usr/bin/make -f CMakeFiles/cmTC_52e09.dir/build.make CMakeFiles/cmTC_52e09.dir/build
make[1]: Entering directory '/home/omer/drive-by-wire-Code-Example/build/CMakeFiles/CMakeTmp'
Building C object CMakeFiles/cmTC_52e09.dir/CheckFunctionExists.c.o
/usr/bin/cc   -DCHECK_FUNCTION_EXISTS=pthread_create   -o CMakeFiles/cmTC_52e09.dir/CheckFunctionExists.c.o   -c /usr/share/cmake-3.10/Modules/CheckFunctionExists.c
Linking C executable cmTC_52e09
/usr/bin/cmake -E cmake_link_script CMakeFiles/cmTC_52e09.dir/link.txt --verbose=1
/usr/bin/cc  -DCHECK_FUNCTION_EXISTS=pthread_create    -rdynamic CMakeFiles/cmTC_52e09.dir/CheckFunctionExists.c.o  -o cmTC_52e09 -lpthreads 
/usr/bin/ld: cannot find -lpthreads
collect2: error: ld returned 1 exit status
CMakeFiles/cmTC_52e09.dir/build.make:97: recipe for target 'cmTC_52e09' failed
make[1]: *** [cmTC_52e09] Error 1
make[1]: Leaving directory '/home/omer/drive-by-wire-Code-Example/build/CMakeFiles/CMakeTmp'
Makefile:126: recipe for target 'cmTC_52e09/fast' failed
make: *** [cmTC_52e09/fast] Error 2


