[0.148s] DEBUG:colcon:Command line arguments: ['/usr/bin/colcon', 'build']
[0.148s] DEBUG:colcon:Parsed command line arguments: Namespace(allow_overriding=[], ament_cmake_args=None, base_paths=['.'], build_base='build', catkin_cmake_args=None, catkin_skip_building_tests=False, cmake_args=None, cmake_clean_cache=False, cmake_clean_first=False, cmake_force_configure=False, cmake_target=None, cmake_target_skip_unavailable=False, continue_on_error=False, event_handlers=None, executor='parallel', ignore_user_meta=False, install_base='install', log_base=None, log_level=None, main=<bound method BuildVerb.main of <colcon_core.verb.build.BuildVerb object at 0x7f106d7ef820>>, merge_install=False, metas=['./colcon.meta'], packages_above=None, packages_above_and_dependencies=None, packages_above_depth=None, packages_end=None, packages_ignore=None, packages_ignore_regex=None, packages_select=None, packages_select_build_failed=False, packages_select_by_dep=None, packages_select_regex=None, packages_select_test_failures=False, packages_skip=None, packages_skip_build_finished=False, packages_skip_by_dep=None, packages_skip_regex=None, packages_skip_test_passed=False, packages_skip_up_to=None, packages_start=None, packages_up_to=None, packages_up_to_regex=None, parallel_workers=8, paths=None, symlink_install=False, test_result_base=None, verb_extension=<colcon_core.verb.build.BuildVerb object at 0x7f106d7ef820>, verb_name='build', verb_parser=<colcon_defaults.argument_parser.defaults.DefaultArgumentsDecorator object at 0x7f106d7efd90>)
[0.172s] Level 1:colcon.colcon_core.package_discovery:discover_packages(colcon_meta) check parameters
[0.172s] Level 1:colcon.colcon_core.package_discovery:discover_packages(recursive) check parameters
[0.172s] Level 1:colcon.colcon_core.package_discovery:discover_packages(ignore) check parameters
[0.173s] Level 1:colcon.colcon_core.package_discovery:discover_packages(path) check parameters
[0.173s] Level 1:colcon.colcon_core.package_discovery:discover_packages(colcon_meta) discover
[0.173s] Level 1:colcon.colcon_core.package_discovery:discover_packages(recursive) discover
[0.173s] INFO:colcon.colcon_core.package_discovery:Crawling recursively for packages in '/home/kcg/Autonomous_kcg/ROS2Sample'
[0.173s] Level 1:colcon.colcon_core.package_identification:_identify(.) by extensions ['ignore', 'ignore_ament_install']
[0.173s] Level 1:colcon.colcon_core.package_identification:_identify(.) by extension 'ignore'
[0.173s] Level 1:colcon.colcon_core.package_identification:_identify(.) by extension 'ignore_ament_install'
[0.173s] Level 1:colcon.colcon_core.package_identification:_identify(.) by extensions ['colcon_pkg']
[0.173s] Level 1:colcon.colcon_core.package_identification:_identify(.) by extension 'colcon_pkg'
[0.173s] Level 1:colcon.colcon_core.package_identification:_identify(.) by extensions ['colcon_meta']
[0.173s] Level 1:colcon.colcon_core.package_identification:_identify(.) by extension 'colcon_meta'
[0.173s] Level 1:colcon.colcon_core.package_identification:_identify(.) by extensions ['ros']
[0.173s] Level 1:colcon.colcon_core.package_identification:_identify(.) by extension 'ros'
[0.187s] Level 1:colcon.colcon_core.package_identification:_identify(.) by extensions ['cmake', 'python']
[0.187s] Level 1:colcon.colcon_core.package_identification:_identify(.) by extension 'cmake'
[0.187s] Level 1:colcon.colcon_core.package_identification:_identify(.) by extension 'python'
[0.188s] Level 1:colcon.colcon_core.package_identification:_identify(.) by extensions ['python_setup_py']
[0.188s] Level 1:colcon.colcon_core.package_identification:_identify(.) by extension 'python_setup_py'
[0.188s] Level 1:colcon.colcon_core.package_identification:_identify(build) by extensions ['ignore', 'ignore_ament_install']
[0.188s] Level 1:colcon.colcon_core.package_identification:_identify(build) by extension 'ignore'
[0.188s] Level 1:colcon.colcon_core.package_identification:_identify(build) ignored
[0.188s] Level 1:colcon.colcon_core.package_identification:_identify(install) by extensions ['ignore', 'ignore_ament_install']
[0.188s] Level 1:colcon.colcon_core.package_identification:_identify(install) by extension 'ignore'
[0.188s] Level 1:colcon.colcon_core.package_identification:_identify(install) ignored
[0.188s] Level 1:colcon.colcon_core.package_identification:_identify(log) by extensions ['ignore', 'ignore_ament_install']
[0.189s] Level 1:colcon.colcon_core.package_identification:_identify(log) by extension 'ignore'
[0.189s] Level 1:colcon.colcon_core.package_identification:_identify(log) ignored
[0.189s] Level 1:colcon.colcon_core.package_identification:_identify(rosbag2_2022_07_17-10_58_20) by extensions ['ignore', 'ignore_ament_install']
[0.189s] Level 1:colcon.colcon_core.package_identification:_identify(rosbag2_2022_07_17-10_58_20) by extension 'ignore'
[0.189s] Level 1:colcon.colcon_core.package_identification:_identify(rosbag2_2022_07_17-10_58_20) by extension 'ignore_ament_install'
[0.189s] Level 1:colcon.colcon_core.package_identification:_identify(rosbag2_2022_07_17-10_58_20) by extensions ['colcon_pkg']
[0.189s] Level 1:colcon.colcon_core.package_identification:_identify(rosbag2_2022_07_17-10_58_20) by extension 'colcon_pkg'
[0.189s] Level 1:colcon.colcon_core.package_identification:_identify(rosbag2_2022_07_17-10_58_20) by extensions ['colcon_meta']
[0.189s] Level 1:colcon.colcon_core.package_identification:_identify(rosbag2_2022_07_17-10_58_20) by extension 'colcon_meta'
[0.189s] Level 1:colcon.colcon_core.package_identification:_identify(rosbag2_2022_07_17-10_58_20) by extensions ['ros']
[0.189s] Level 1:colcon.colcon_core.package_identification:_identify(rosbag2_2022_07_17-10_58_20) by extension 'ros'
[0.189s] Level 1:colcon.colcon_core.package_identification:_identify(rosbag2_2022_07_17-10_58_20) by extensions ['cmake', 'python']
[0.189s] Level 1:colcon.colcon_core.package_identification:_identify(rosbag2_2022_07_17-10_58_20) by extension 'cmake'
[0.189s] Level 1:colcon.colcon_core.package_identification:_identify(rosbag2_2022_07_17-10_58_20) by extension 'python'
[0.190s] Level 1:colcon.colcon_core.package_identification:_identify(rosbag2_2022_07_17-10_58_20) by extensions ['python_setup_py']
[0.190s] Level 1:colcon.colcon_core.package_identification:_identify(rosbag2_2022_07_17-10_58_20) by extension 'python_setup_py'
[0.190s] Level 1:colcon.colcon_core.package_identification:_identify(src) by extensions ['ignore', 'ignore_ament_install']
[0.190s] Level 1:colcon.colcon_core.package_identification:_identify(src) by extension 'ignore'
[0.190s] Level 1:colcon.colcon_core.package_identification:_identify(src) by extension 'ignore_ament_install'
[0.190s] Level 1:colcon.colcon_core.package_identification:_identify(src) by extensions ['colcon_pkg']
[0.190s] Level 1:colcon.colcon_core.package_identification:_identify(src) by extension 'colcon_pkg'
[0.190s] Level 1:colcon.colcon_core.package_identification:_identify(src) by extensions ['colcon_meta']
[0.190s] Level 1:colcon.colcon_core.package_identification:_identify(src) by extension 'colcon_meta'
[0.190s] Level 1:colcon.colcon_core.package_identification:_identify(src) by extensions ['ros']
[0.190s] Level 1:colcon.colcon_core.package_identification:_identify(src) by extension 'ros'
[0.190s] Level 1:colcon.colcon_core.package_identification:_identify(src) by extensions ['cmake', 'python']
[0.190s] Level 1:colcon.colcon_core.package_identification:_identify(src) by extension 'cmake'
[0.191s] Level 1:colcon.colcon_core.package_identification:_identify(src) by extension 'python'
[0.191s] Level 1:colcon.colcon_core.package_identification:_identify(src) by extensions ['python_setup_py']
[0.191s] Level 1:colcon.colcon_core.package_identification:_identify(src) by extension 'python_setup_py'
[0.191s] Level 1:colcon.colcon_core.package_identification:_identify(src/build) by extensions ['ignore', 'ignore_ament_install']
[0.191s] Level 1:colcon.colcon_core.package_identification:_identify(src/build) by extension 'ignore'
[0.191s] Level 1:colcon.colcon_core.package_identification:_identify(src/build) ignored
[0.191s] Level 1:colcon.colcon_core.package_identification:_identify(src/cognata_sdk_ros2) by extensions ['ignore', 'ignore_ament_install']
[0.191s] Level 1:colcon.colcon_core.package_identification:_identify(src/cognata_sdk_ros2) by extension 'ignore'
[0.191s] Level 1:colcon.colcon_core.package_identification:_identify(src/cognata_sdk_ros2) by extension 'ignore_ament_install'
[0.191s] Level 1:colcon.colcon_core.package_identification:_identify(src/cognata_sdk_ros2) by extensions ['colcon_pkg']
[0.192s] Level 1:colcon.colcon_core.package_identification:_identify(src/cognata_sdk_ros2) by extension 'colcon_pkg'
[0.192s] Level 1:colcon.colcon_core.package_identification:_identify(src/cognata_sdk_ros2) by extensions ['colcon_meta']
[0.192s] Level 1:colcon.colcon_core.package_identification:_identify(src/cognata_sdk_ros2) by extension 'colcon_meta'
[0.192s] Level 1:colcon.colcon_core.package_identification:_identify(src/cognata_sdk_ros2) by extensions ['ros']
[0.192s] Level 1:colcon.colcon_core.package_identification:_identify(src/cognata_sdk_ros2) by extension 'ros'
[0.195s] DEBUG:colcon.colcon_core.package_identification:Package 'src/cognata_sdk_ros2' with type 'ros.ament_cmake' and name 'cognata_sdk_ros2'
[0.195s] Level 1:colcon.colcon_core.package_identification:_identify(src/install) by extensions ['ignore', 'ignore_ament_install']
[0.195s] Level 1:colcon.colcon_core.package_identification:_identify(src/install) by extension 'ignore'
[0.195s] Level 1:colcon.colcon_core.package_identification:_identify(src/install) ignored
[0.195s] Level 1:colcon.colcon_core.package_identification:_identify(src/log) by extensions ['ignore', 'ignore_ament_install']
[0.196s] Level 1:colcon.colcon_core.package_identification:_identify(src/log) by extension 'ignore'
[0.196s] Level 1:colcon.colcon_core.package_identification:_identify(src/log) ignored
[0.196s] Level 1:colcon.colcon_core.package_identification:_identify(src/msgs) by extensions ['ignore', 'ignore_ament_install']
[0.196s] Level 1:colcon.colcon_core.package_identification:_identify(src/msgs) by extension 'ignore'
[0.196s] Level 1:colcon.colcon_core.package_identification:_identify(src/msgs) by extension 'ignore_ament_install'
[0.196s] Level 1:colcon.colcon_core.package_identification:_identify(src/msgs) by extensions ['colcon_pkg']
[0.196s] Level 1:colcon.colcon_core.package_identification:_identify(src/msgs) by extension 'colcon_pkg'
[0.196s] Level 1:colcon.colcon_core.package_identification:_identify(src/msgs) by extensions ['colcon_meta']
[0.196s] Level 1:colcon.colcon_core.package_identification:_identify(src/msgs) by extension 'colcon_meta'
[0.196s] Level 1:colcon.colcon_core.package_identification:_identify(src/msgs) by extensions ['ros']
[0.196s] Level 1:colcon.colcon_core.package_identification:_identify(src/msgs) by extension 'ros'
[0.196s] Level 1:colcon.colcon_core.package_identification:_identify(src/msgs) by extensions ['cmake', 'python']
[0.196s] Level 1:colcon.colcon_core.package_identification:_identify(src/msgs) by extension 'cmake'
[0.196s] Level 1:colcon.colcon_core.package_identification:_identify(src/msgs) by extension 'python'
[0.197s] Level 1:colcon.colcon_core.package_identification:_identify(src/msgs) by extensions ['python_setup_py']
[0.197s] Level 1:colcon.colcon_core.package_identification:_identify(src/msgs) by extension 'python_setup_py'
[0.197s] Level 1:colcon.colcon_core.package_identification:_identify(src/msgs/additional_msgs) by extensions ['ignore', 'ignore_ament_install']
[0.197s] Level 1:colcon.colcon_core.package_identification:_identify(src/msgs/additional_msgs) by extension 'ignore'
[0.197s] Level 1:colcon.colcon_core.package_identification:_identify(src/msgs/additional_msgs) by extension 'ignore_ament_install'
[0.197s] Level 1:colcon.colcon_core.package_identification:_identify(src/msgs/additional_msgs) by extensions ['colcon_pkg']
[0.197s] Level 1:colcon.colcon_core.package_identification:_identify(src/msgs/additional_msgs) by extension 'colcon_pkg'
[0.197s] Level 1:colcon.colcon_core.package_identification:_identify(src/msgs/additional_msgs) by extensions ['colcon_meta']
[0.197s] Level 1:colcon.colcon_core.package_identification:_identify(src/msgs/additional_msgs) by extension 'colcon_meta'
[0.197s] Level 1:colcon.colcon_core.package_identification:_identify(src/msgs/additional_msgs) by extensions ['ros']
[0.197s] Level 1:colcon.colcon_core.package_identification:_identify(src/msgs/additional_msgs) by extension 'ros'
[0.198s] DEBUG:colcon.colcon_core.package_identification:Package 'src/msgs/additional_msgs' with type 'ros.ament_cmake' and name 'additional_msgs'
[0.198s] Level 1:colcon.colcon_core.package_identification:_identify(src/msgs/autoware_auto_msgs) by extensions ['ignore', 'ignore_ament_install']
[0.198s] Level 1:colcon.colcon_core.package_identification:_identify(src/msgs/autoware_auto_msgs) by extension 'ignore'
[0.199s] Level 1:colcon.colcon_core.package_identification:_identify(src/msgs/autoware_auto_msgs) by extension 'ignore_ament_install'
[0.199s] Level 1:colcon.colcon_core.package_identification:_identify(src/msgs/autoware_auto_msgs) by extensions ['colcon_pkg']
[0.199s] Level 1:colcon.colcon_core.package_identification:_identify(src/msgs/autoware_auto_msgs) by extension 'colcon_pkg'
[0.199s] Level 1:colcon.colcon_core.package_identification:_identify(src/msgs/autoware_auto_msgs) by extensions ['colcon_meta']
[0.199s] Level 1:colcon.colcon_core.package_identification:_identify(src/msgs/autoware_auto_msgs) by extension 'colcon_meta'
[0.199s] Level 1:colcon.colcon_core.package_identification:_identify(src/msgs/autoware_auto_msgs) by extensions ['ros']
[0.199s] Level 1:colcon.colcon_core.package_identification:_identify(src/msgs/autoware_auto_msgs) by extension 'ros'
[0.200s] DEBUG:colcon.colcon_core.package_identification:Package 'src/msgs/autoware_auto_msgs' with type 'ros.ament_cmake' and name 'autoware_auto_msgs'
[0.200s] Level 1:colcon.colcon_core.package_identification:_identify(src/msgs/tracked_lane_msgs) by extensions ['ignore', 'ignore_ament_install']
[0.200s] Level 1:colcon.colcon_core.package_identification:_identify(src/msgs/tracked_lane_msgs) by extension 'ignore'
[0.200s] Level 1:colcon.colcon_core.package_identification:_identify(src/msgs/tracked_lane_msgs) by extension 'ignore_ament_install'
[0.201s] Level 1:colcon.colcon_core.package_identification:_identify(src/msgs/tracked_lane_msgs) by extensions ['colcon_pkg']
[0.201s] Level 1:colcon.colcon_core.package_identification:_identify(src/msgs/tracked_lane_msgs) by extension 'colcon_pkg'
[0.201s] Level 1:colcon.colcon_core.package_identification:_identify(src/msgs/tracked_lane_msgs) by extensions ['colcon_meta']
[0.201s] Level 1:colcon.colcon_core.package_identification:_identify(src/msgs/tracked_lane_msgs) by extension 'colcon_meta'
[0.201s] Level 1:colcon.colcon_core.package_identification:_identify(src/msgs/tracked_lane_msgs) by extensions ['ros']
[0.201s] Level 1:colcon.colcon_core.package_identification:_identify(src/msgs/tracked_lane_msgs) by extension 'ros'
[0.201s] DEBUG:colcon.colcon_core.package_identification:Package 'src/msgs/tracked_lane_msgs' with type 'ros.ament_cmake' and name 'tracked_lane_msgs'
[0.202s] Level 1:colcon.colcon_core.package_identification:_identify(src/msgs/tracked_object_msgs) by extensions ['ignore', 'ignore_ament_install']
[0.202s] Level 1:colcon.colcon_core.package_identification:_identify(src/msgs/tracked_object_msgs) by extension 'ignore'
[0.202s] Level 1:colcon.colcon_core.package_identification:_identify(src/msgs/tracked_object_msgs) by extension 'ignore_ament_install'
[0.202s] Level 1:colcon.colcon_core.package_identification:_identify(src/msgs/tracked_object_msgs) by extensions ['colcon_pkg']
[0.202s] Level 1:colcon.colcon_core.package_identification:_identify(src/msgs/tracked_object_msgs) by extension 'colcon_pkg'
[0.202s] Level 1:colcon.colcon_core.package_identification:_identify(src/msgs/tracked_object_msgs) by extensions ['colcon_meta']
[0.202s] Level 1:colcon.colcon_core.package_identification:_identify(src/msgs/tracked_object_msgs) by extension 'colcon_meta'
[0.202s] Level 1:colcon.colcon_core.package_identification:_identify(src/msgs/tracked_object_msgs) by extensions ['ros']
[0.202s] Level 1:colcon.colcon_core.package_identification:_identify(src/msgs/tracked_object_msgs) by extension 'ros'
[0.208s] DEBUG:colcon.colcon_core.package_identification:Package 'src/msgs/tracked_object_msgs' with type 'ros.ament_cmake' and name 'tracked_object_msgs'
[0.209s] Level 1:colcon.colcon_core.package_identification:_identify(src/python3) by extensions ['ignore', 'ignore_ament_install']
[0.209s] Level 1:colcon.colcon_core.package_identification:_identify(src/python3) by extension 'ignore'
[0.209s] Level 1:colcon.colcon_core.package_identification:_identify(src/python3) by extension 'ignore_ament_install'
[0.209s] Level 1:colcon.colcon_core.package_identification:_identify(src/python3) by extensions ['colcon_pkg']
[0.209s] Level 1:colcon.colcon_core.package_identification:_identify(src/python3) by extension 'colcon_pkg'
[0.209s] Level 1:colcon.colcon_core.package_identification:_identify(src/python3) by extensions ['colcon_meta']
[0.209s] Level 1:colcon.colcon_core.package_identification:_identify(src/python3) by extension 'colcon_meta'
[0.209s] Level 1:colcon.colcon_core.package_identification:_identify(src/python3) by extensions ['ros']
[0.209s] Level 1:colcon.colcon_core.package_identification:_identify(src/python3) by extension 'ros'
[0.209s] Level 1:colcon.colcon_core.package_identification:_identify(src/python3) by extensions ['cmake', 'python']
[0.209s] Level 1:colcon.colcon_core.package_identification:_identify(src/python3) by extension 'cmake'
[0.209s] Level 1:colcon.colcon_core.package_identification:_identify(src/python3) by extension 'python'
[0.209s] Level 1:colcon.colcon_core.package_identification:_identify(src/python3) by extensions ['python_setup_py']
[0.210s] Level 1:colcon.colcon_core.package_identification:_identify(src/python3) by extension 'python_setup_py'
[0.210s] Level 1:colcon.colcon_core.package_identification:_identify(src/python_publisher) by extensions ['ignore', 'ignore_ament_install']
[0.210s] Level 1:colcon.colcon_core.package_identification:_identify(src/python_publisher) by extension 'ignore'
[0.210s] Level 1:colcon.colcon_core.package_identification:_identify(src/python_publisher) by extension 'ignore_ament_install'
[0.210s] Level 1:colcon.colcon_core.package_identification:_identify(src/python_publisher) by extensions ['colcon_pkg']
[0.210s] Level 1:colcon.colcon_core.package_identification:_identify(src/python_publisher) by extension 'colcon_pkg'
[0.210s] Level 1:colcon.colcon_core.package_identification:_identify(src/python_publisher) by extensions ['colcon_meta']
[0.210s] Level 1:colcon.colcon_core.package_identification:_identify(src/python_publisher) by extension 'colcon_meta'
[0.210s] Level 1:colcon.colcon_core.package_identification:_identify(src/python_publisher) by extensions ['ros']
[0.210s] Level 1:colcon.colcon_core.package_identification:_identify(src/python_publisher) by extension 'ros'
[0.211s] DEBUG:colcon.colcon_core.package_identification:Package 'src/python_publisher' with type 'ros.ament_python' and name 'python_publisher'
[0.211s] Level 1:colcon.colcon_core.package_discovery:discover_packages(recursive) using defaults
[0.211s] Level 1:colcon.colcon_core.package_discovery:discover_packages(ignore) discover
[0.211s] Level 1:colcon.colcon_core.package_discovery:discover_packages(ignore) using defaults
[0.211s] Level 1:colcon.colcon_core.package_discovery:discover_packages(path) discover
[0.211s] Level 1:colcon.colcon_core.package_discovery:discover_packages(path) using defaults
[0.246s] Level 1:colcon.colcon_core.package_discovery:discover_packages(prefix_path) check parameters
[0.246s] Level 1:colcon.colcon_core.package_discovery:discover_packages(prefix_path) discover
[0.249s] DEBUG:colcon.colcon_installed_package_information.package_discovery:Found 6 installed packages in /home/kcg/Autonomous_kcg/ROS2Sample/install
[0.250s] DEBUG:colcon.colcon_installed_package_information.package_discovery:Found 2 installed packages in /home/kcg/Deliverables/colcon_workspace/install
[0.250s] DEBUG:colcon.colcon_installed_package_information.package_discovery:Found 2 installed packages in /home/kcg/Autonomous_kcg/switch_ws/Deliverables/colcon_workspace/install
[0.252s] DEBUG:colcon.colcon_installed_package_information.package_discovery:Found 256 installed packages in /opt/ros/foxy
[0.254s] Level 1:colcon.colcon_core.package_discovery:discover_packages(prefix_path) using defaults
[0.321s] Level 5:colcon.colcon_core.verb:set package 'additional_msgs' build argument 'cmake_args' from command line to 'None'
[0.321s] Level 5:colcon.colcon_core.verb:set package 'additional_msgs' build argument 'cmake_target' from command line to 'None'
[0.321s] Level 5:colcon.colcon_core.verb:set package 'additional_msgs' build argument 'cmake_target_skip_unavailable' from command line to 'False'
[0.321s] Level 5:colcon.colcon_core.verb:set package 'additional_msgs' build argument 'cmake_clean_cache' from command line to 'False'
[0.321s] Level 5:colcon.colcon_core.verb:set package 'additional_msgs' build argument 'cmake_clean_first' from command line to 'False'
[0.321s] Level 5:colcon.colcon_core.verb:set package 'additional_msgs' build argument 'cmake_force_configure' from command line to 'False'
[0.321s] Level 5:colcon.colcon_core.verb:set package 'additional_msgs' build argument 'ament_cmake_args' from command line to 'None'
[0.321s] Level 5:colcon.colcon_core.verb:set package 'additional_msgs' build argument 'catkin_cmake_args' from command line to 'None'
[0.322s] Level 5:colcon.colcon_core.verb:set package 'additional_msgs' build argument 'catkin_skip_building_tests' from command line to 'False'
[0.322s] DEBUG:colcon.colcon_core.verb:Building package 'additional_msgs' with the following arguments: {'ament_cmake_args': None, 'build_base': '/home/kcg/Autonomous_kcg/ROS2Sample/build/additional_msgs', 'catkin_cmake_args': None, 'catkin_skip_building_tests': False, 'cmake_args': None, 'cmake_clean_cache': False, 'cmake_clean_first': False, 'cmake_force_configure': False, 'cmake_target': None, 'cmake_target_skip_unavailable': False, 'install_base': '/home/kcg/Autonomous_kcg/ROS2Sample/install/additional_msgs', 'merge_install': False, 'path': '/home/kcg/Autonomous_kcg/ROS2Sample/src/msgs/additional_msgs', 'symlink_install': False, 'test_result_base': None}
[0.323s] Level 5:colcon.colcon_core.verb:set package 'autoware_auto_msgs' build argument 'cmake_args' from command line to 'None'
[0.323s] Level 5:colcon.colcon_core.verb:set package 'autoware_auto_msgs' build argument 'cmake_target' from command line to 'None'
[0.323s] Level 5:colcon.colcon_core.verb:set package 'autoware_auto_msgs' build argument 'cmake_target_skip_unavailable' from command line to 'False'
[0.323s] Level 5:colcon.colcon_core.verb:set package 'autoware_auto_msgs' build argument 'cmake_clean_cache' from command line to 'False'
[0.323s] Level 5:colcon.colcon_core.verb:set package 'autoware_auto_msgs' build argument 'cmake_clean_first' from command line to 'False'
[0.324s] Level 5:colcon.colcon_core.verb:set package 'autoware_auto_msgs' build argument 'cmake_force_configure' from command line to 'False'
[0.324s] Level 5:colcon.colcon_core.verb:set package 'autoware_auto_msgs' build argument 'ament_cmake_args' from command line to 'None'
[0.324s] Level 5:colcon.colcon_core.verb:set package 'autoware_auto_msgs' build argument 'catkin_cmake_args' from command line to 'None'
[0.324s] Level 5:colcon.colcon_core.verb:set package 'autoware_auto_msgs' build argument 'catkin_skip_building_tests' from command line to 'False'
[0.324s] DEBUG:colcon.colcon_core.verb:Building package 'autoware_auto_msgs' with the following arguments: {'ament_cmake_args': None, 'build_base': '/home/kcg/Autonomous_kcg/ROS2Sample/build/autoware_auto_msgs', 'catkin_cmake_args': None, 'catkin_skip_building_tests': False, 'cmake_args': None, 'cmake_clean_cache': False, 'cmake_clean_first': False, 'cmake_force_configure': False, 'cmake_target': None, 'cmake_target_skip_unavailable': False, 'install_base': '/home/kcg/Autonomous_kcg/ROS2Sample/install/autoware_auto_msgs', 'merge_install': False, 'path': '/home/kcg/Autonomous_kcg/ROS2Sample/src/msgs/autoware_auto_msgs', 'symlink_install': False, 'test_result_base': None}
[0.325s] Level 5:colcon.colcon_core.verb:set package 'cognata_sdk_ros2' build argument 'cmake_args' from command line to 'None'
[0.325s] Level 5:colcon.colcon_core.verb:set package 'cognata_sdk_ros2' build argument 'cmake_target' from command line to 'None'
[0.325s] Level 5:colcon.colcon_core.verb:set package 'cognata_sdk_ros2' build argument 'cmake_target_skip_unavailable' from command line to 'False'
[0.326s] Level 5:colcon.colcon_core.verb:set package 'cognata_sdk_ros2' build argument 'cmake_clean_cache' from command line to 'False'
[0.326s] Level 5:colcon.colcon_core.verb:set package 'cognata_sdk_ros2' build argument 'cmake_clean_first' from command line to 'False'
[0.326s] Level 5:colcon.colcon_core.verb:set package 'cognata_sdk_ros2' build argument 'cmake_force_configure' from command line to 'False'
[0.326s] Level 5:colcon.colcon_core.verb:set package 'cognata_sdk_ros2' build argument 'ament_cmake_args' from command line to 'None'
[0.326s] Level 5:colcon.colcon_core.verb:set package 'cognata_sdk_ros2' build argument 'catkin_cmake_args' from command line to 'None'
[0.326s] Level 5:colcon.colcon_core.verb:set package 'cognata_sdk_ros2' build argument 'catkin_skip_building_tests' from command line to 'False'
[0.326s] DEBUG:colcon.colcon_core.verb:Building package 'cognata_sdk_ros2' with the following arguments: {'ament_cmake_args': None, 'build_base': '/home/kcg/Autonomous_kcg/ROS2Sample/build/cognata_sdk_ros2', 'catkin_cmake_args': None, 'catkin_skip_building_tests': False, 'cmake_args': None, 'cmake_clean_cache': False, 'cmake_clean_first': False, 'cmake_force_configure': False, 'cmake_target': None, 'cmake_target_skip_unavailable': False, 'install_base': '/home/kcg/Autonomous_kcg/ROS2Sample/install/cognata_sdk_ros2', 'merge_install': False, 'path': '/home/kcg/Autonomous_kcg/ROS2Sample/src/cognata_sdk_ros2', 'symlink_install': False, 'test_result_base': None}
[0.328s] Level 5:colcon.colcon_core.verb:set package 'tracked_lane_msgs' build argument 'cmake_args' from command line to 'None'
[0.328s] Level 5:colcon.colcon_core.verb:set package 'tracked_lane_msgs' build argument 'cmake_target' from command line to 'None'
[0.328s] Level 5:colcon.colcon_core.verb:set package 'tracked_lane_msgs' build argument 'cmake_target_skip_unavailable' from command line to 'False'
[0.328s] Level 5:colcon.colcon_core.verb:set package 'tracked_lane_msgs' build argument 'cmake_clean_cache' from command line to 'False'
[0.328s] Level 5:colcon.colcon_core.verb:set package 'tracked_lane_msgs' build argument 'cmake_clean_first' from command line to 'False'
[0.328s] Level 5:colcon.colcon_core.verb:set package 'tracked_lane_msgs' build argument 'cmake_force_configure' from command line to 'False'
[0.328s] Level 5:colcon.colcon_core.verb:set package 'tracked_lane_msgs' build argument 'ament_cmake_args' from command line to 'None'
[0.328s] Level 5:colcon.colcon_core.verb:set package 'tracked_lane_msgs' build argument 'catkin_cmake_args' from command line to 'None'
[0.328s] Level 5:colcon.colcon_core.verb:set package 'tracked_lane_msgs' build argument 'catkin_skip_building_tests' from command line to 'False'
[0.328s] DEBUG:colcon.colcon_core.verb:Building package 'tracked_lane_msgs' with the following arguments: {'ament_cmake_args': None, 'build_base': '/home/kcg/Autonomous_kcg/ROS2Sample/build/tracked_lane_msgs', 'catkin_cmake_args': None, 'catkin_skip_building_tests': False, 'cmake_args': None, 'cmake_clean_cache': False, 'cmake_clean_first': False, 'cmake_force_configure': False, 'cmake_target': None, 'cmake_target_skip_unavailable': False, 'install_base': '/home/kcg/Autonomous_kcg/ROS2Sample/install/tracked_lane_msgs', 'merge_install': False, 'path': '/home/kcg/Autonomous_kcg/ROS2Sample/src/msgs/tracked_lane_msgs', 'symlink_install': False, 'test_result_base': None}
[0.330s] Level 5:colcon.colcon_core.verb:set package 'tracked_object_msgs' build argument 'cmake_args' from command line to 'None'
[0.330s] Level 5:colcon.colcon_core.verb:set package 'tracked_object_msgs' build argument 'cmake_target' from command line to 'None'
[0.330s] Level 5:colcon.colcon_core.verb:set package 'tracked_object_msgs' build argument 'cmake_target_skip_unavailable' from command line to 'False'
[0.330s] Level 5:colcon.colcon_core.verb:set package 'tracked_object_msgs' build argument 'cmake_clean_cache' from command line to 'False'
[0.330s] Level 5:colcon.colcon_core.verb:set package 'tracked_object_msgs' build argument 'cmake_clean_first' from command line to 'False'
[0.330s] Level 5:colcon.colcon_core.verb:set package 'tracked_object_msgs' build argument 'cmake_force_configure' from command line to 'False'
[0.330s] Level 5:colcon.colcon_core.verb:set package 'tracked_object_msgs' build argument 'ament_cmake_args' from command line to 'None'
[0.330s] Level 5:colcon.colcon_core.verb:set package 'tracked_object_msgs' build argument 'catkin_cmake_args' from command line to 'None'
[0.330s] Level 5:colcon.colcon_core.verb:set package 'tracked_object_msgs' build argument 'catkin_skip_building_tests' from command line to 'False'
[0.330s] DEBUG:colcon.colcon_core.verb:Building package 'tracked_object_msgs' with the following arguments: {'ament_cmake_args': None, 'build_base': '/home/kcg/Autonomous_kcg/ROS2Sample/build/tracked_object_msgs', 'catkin_cmake_args': None, 'catkin_skip_building_tests': False, 'cmake_args': None, 'cmake_clean_cache': False, 'cmake_clean_first': False, 'cmake_force_configure': False, 'cmake_target': None, 'cmake_target_skip_unavailable': False, 'install_base': '/home/kcg/Autonomous_kcg/ROS2Sample/install/tracked_object_msgs', 'merge_install': False, 'path': '/home/kcg/Autonomous_kcg/ROS2Sample/src/msgs/tracked_object_msgs', 'symlink_install': False, 'test_result_base': None}
[0.332s] Level 5:colcon.colcon_core.verb:set package 'python_publisher' build argument 'cmake_args' from command line to 'None'
[0.332s] Level 5:colcon.colcon_core.verb:set package 'python_publisher' build argument 'cmake_target' from command line to 'None'
[0.332s] Level 5:colcon.colcon_core.verb:set package 'python_publisher' build argument 'cmake_target_skip_unavailable' from command line to 'False'
[0.332s] Level 5:colcon.colcon_core.verb:set package 'python_publisher' build argument 'cmake_clean_cache' from command line to 'False'
[0.332s] Level 5:colcon.colcon_core.verb:set package 'python_publisher' build argument 'cmake_clean_first' from command line to 'False'
[0.332s] Level 5:colcon.colcon_core.verb:set package 'python_publisher' build argument 'cmake_force_configure' from command line to 'False'
[0.332s] Level 5:colcon.colcon_core.verb:set package 'python_publisher' build argument 'ament_cmake_args' from command line to 'None'
[0.332s] Level 5:colcon.colcon_core.verb:set package 'python_publisher' build argument 'catkin_cmake_args' from command line to 'None'
[0.332s] Level 5:colcon.colcon_core.verb:set package 'python_publisher' build argument 'catkin_skip_building_tests' from command line to 'False'
[0.332s] DEBUG:colcon.colcon_core.verb:Building package 'python_publisher' with the following arguments: {'ament_cmake_args': None, 'build_base': '/home/kcg/Autonomous_kcg/ROS2Sample/build/python_publisher', 'catkin_cmake_args': None, 'catkin_skip_building_tests': False, 'cmake_args': None, 'cmake_clean_cache': False, 'cmake_clean_first': False, 'cmake_force_configure': False, 'cmake_target': None, 'cmake_target_skip_unavailable': False, 'install_base': '/home/kcg/Autonomous_kcg/ROS2Sample/install/python_publisher', 'merge_install': False, 'path': '/home/kcg/Autonomous_kcg/ROS2Sample/src/python_publisher', 'symlink_install': False, 'test_result_base': None}
[0.334s] INFO:colcon.colcon_core.executor:Executing jobs using 'parallel' executor
[0.338s] DEBUG:colcon.colcon_parallel_executor.executor.parallel:run_until_complete
[0.338s] INFO:colcon.colcon_ros.task.ament_cmake.build:Building ROS package in '/home/kcg/Autonomous_kcg/ROS2Sample/src/cognata_sdk_ros2' with build type 'ament_cmake'
[0.338s] INFO:colcon.colcon_cmake.task.cmake.build:Building CMake package in '/home/kcg/Autonomous_kcg/ROS2Sample/src/cognata_sdk_ros2'
[0.344s] INFO:colcon.colcon_core.plugin_system:Skipping extension 'colcon_core.shell.bat': Not used on non-Windows systems
[0.344s] INFO:colcon.colcon_core.shell:Skip shell extension 'powershell' for command environment: Not usable outside of PowerShell
[0.344s] DEBUG:colcon.colcon_core.shell:Skip shell extension 'dsv' for command environment
[0.352s] INFO:colcon.colcon_ros.task.ament_cmake.build:Building ROS package in '/home/kcg/Autonomous_kcg/ROS2Sample/src/msgs/tracked_lane_msgs' with build type 'ament_cmake'
[0.352s] INFO:colcon.colcon_cmake.task.cmake.build:Building CMake package in '/home/kcg/Autonomous_kcg/ROS2Sample/src/msgs/tracked_lane_msgs'
[0.354s] INFO:colcon.colcon_core.shell:Skip shell extension 'powershell' for command environment: Not usable outside of PowerShell
[0.354s] DEBUG:colcon.colcon_core.shell:Skip shell extension 'dsv' for command environment
[0.363s] INFO:colcon.colcon_ros.task.ament_cmake.build:Building ROS package in '/home/kcg/Autonomous_kcg/ROS2Sample/src/msgs/tracked_object_msgs' with build type 'ament_cmake'
[0.363s] INFO:colcon.colcon_cmake.task.cmake.build:Building CMake package in '/home/kcg/Autonomous_kcg/ROS2Sample/src/msgs/tracked_object_msgs'
[0.365s] INFO:colcon.colcon_core.shell:Skip shell extension 'powershell' for command environment: Not usable outside of PowerShell
[0.366s] DEBUG:colcon.colcon_core.shell:Skip shell extension 'dsv' for command environment
[0.375s] INFO:colcon.colcon_ros.task.ament_cmake.build:Building ROS package in '/home/kcg/Autonomous_kcg/ROS2Sample/src/msgs/additional_msgs' with build type 'ament_cmake'
[0.376s] INFO:colcon.colcon_cmake.task.cmake.build:Building CMake package in '/home/kcg/Autonomous_kcg/ROS2Sample/src/msgs/additional_msgs'
[0.378s] INFO:colcon.colcon_core.shell:Skip shell extension 'powershell' for command environment: Not usable outside of PowerShell
[0.378s] DEBUG:colcon.colcon_core.shell:Skip shell extension 'dsv' for command environment
[0.389s] INFO:colcon.colcon_ros.task.ament_cmake.build:Building ROS package in '/home/kcg/Autonomous_kcg/ROS2Sample/src/msgs/autoware_auto_msgs' with build type 'ament_cmake'
[0.389s] INFO:colcon.colcon_cmake.task.cmake.build:Building CMake package in '/home/kcg/Autonomous_kcg/ROS2Sample/src/msgs/autoware_auto_msgs'
[0.391s] INFO:colcon.colcon_core.shell:Skip shell extension 'powershell' for command environment: Not usable outside of PowerShell
[0.391s] DEBUG:colcon.colcon_core.shell:Skip shell extension 'dsv' for command environment
[0.407s] DEBUG:colcon.colcon_core.event_handler.log_command:Invoking command in '/home/kcg/Autonomous_kcg/ROS2Sample/build/cognata_sdk_ros2': CMAKE_PREFIX_PATH=${CMAKE_PREFIX_PATH}:/home/kcg/Autonomous_kcg/ROS2Sample/install/python_publisher:/opt/ros/foxy /usr/bin/cmake --build /home/kcg/Autonomous_kcg/ROS2Sample/build/cognata_sdk_ros2 -- -j8 -l8
[0.417s] DEBUG:colcon.colcon_core.event_handler.log_command:Invoking command in '/home/kcg/Autonomous_kcg/ROS2Sample/build/tracked_lane_msgs': CMAKE_PREFIX_PATH=${CMAKE_PREFIX_PATH}:/home/kcg/Autonomous_kcg/ROS2Sample/install/python_publisher:/opt/ros/foxy /usr/bin/cmake --build /home/kcg/Autonomous_kcg/ROS2Sample/build/tracked_lane_msgs -- -j8 -l8
[0.424s] DEBUG:colcon.colcon_core.event_handler.log_command:Invoking command in '/home/kcg/Autonomous_kcg/ROS2Sample/build/tracked_object_msgs': CMAKE_PREFIX_PATH=${CMAKE_PREFIX_PATH}:/home/kcg/Autonomous_kcg/ROS2Sample/install/python_publisher:/opt/ros/foxy /usr/bin/cmake --build /home/kcg/Autonomous_kcg/ROS2Sample/build/tracked_object_msgs -- -j8 -l8
[0.430s] DEBUG:colcon.colcon_core.event_handler.log_command:Invoking command in '/home/kcg/Autonomous_kcg/ROS2Sample/build/additional_msgs': CMAKE_PREFIX_PATH=${CMAKE_PREFIX_PATH}:/home/kcg/Autonomous_kcg/ROS2Sample/install/python_publisher:/opt/ros/foxy /usr/bin/cmake --build /home/kcg/Autonomous_kcg/ROS2Sample/build/additional_msgs -- -j8 -l8
[0.438s] DEBUG:colcon.colcon_core.event_handler.log_command:Invoking command in '/home/kcg/Autonomous_kcg/ROS2Sample/build/autoware_auto_msgs': CMAKE_PREFIX_PATH=${CMAKE_PREFIX_PATH}:/home/kcg/Autonomous_kcg/ROS2Sample/install/python_publisher:/opt/ros/foxy /usr/bin/cmake --build /home/kcg/Autonomous_kcg/ROS2Sample/build/autoware_auto_msgs -- -j8 -l8
[0.944s] DEBUG:colcon.colcon_core.event_handler.log_command:Invoked command in '/home/kcg/Autonomous_kcg/ROS2Sample/build/autoware_auto_msgs' returned '0': CMAKE_PREFIX_PATH=${CMAKE_PREFIX_PATH}:/home/kcg/Autonomous_kcg/ROS2Sample/install/python_publisher:/opt/ros/foxy /usr/bin/cmake --build /home/kcg/Autonomous_kcg/ROS2Sample/build/autoware_auto_msgs -- -j8 -l8
[0.952s] DEBUG:colcon.colcon_core.event_handler.log_command:Invoked command in '/home/kcg/Autonomous_kcg/ROS2Sample/build/additional_msgs' returned '0': CMAKE_PREFIX_PATH=${CMAKE_PREFIX_PATH}:/home/kcg/Autonomous_kcg/ROS2Sample/install/python_publisher:/opt/ros/foxy /usr/bin/cmake --build /home/kcg/Autonomous_kcg/ROS2Sample/build/additional_msgs -- -j8 -l8
[0.959s] DEBUG:colcon.colcon_core.event_handler.log_command:Invoked command in '/home/kcg/Autonomous_kcg/ROS2Sample/build/tracked_lane_msgs' returned '0': CMAKE_PREFIX_PATH=${CMAKE_PREFIX_PATH}:/home/kcg/Autonomous_kcg/ROS2Sample/install/python_publisher:/opt/ros/foxy /usr/bin/cmake --build /home/kcg/Autonomous_kcg/ROS2Sample/build/tracked_lane_msgs -- -j8 -l8
[0.968s] DEBUG:colcon.colcon_core.event_handler.log_command:Invoked command in '/home/kcg/Autonomous_kcg/ROS2Sample/build/tracked_object_msgs' returned '0': CMAKE_PREFIX_PATH=${CMAKE_PREFIX_PATH}:/home/kcg/Autonomous_kcg/ROS2Sample/install/python_publisher:/opt/ros/foxy /usr/bin/cmake --build /home/kcg/Autonomous_kcg/ROS2Sample/build/tracked_object_msgs -- -j8 -l8
[0.996s] DEBUG:colcon.colcon_core.event_handler.log_command:Invoked command in '/home/kcg/Autonomous_kcg/ROS2Sample/build/cognata_sdk_ros2' returned '0': CMAKE_PREFIX_PATH=${CMAKE_PREFIX_PATH}:/home/kcg/Autonomous_kcg/ROS2Sample/install/python_publisher:/opt/ros/foxy /usr/bin/cmake --build /home/kcg/Autonomous_kcg/ROS2Sample/build/cognata_sdk_ros2 -- -j8 -l8
[1.060s] DEBUG:colcon.colcon_core.event_handler.log_command:Invoking command in '/home/kcg/Autonomous_kcg/ROS2Sample/build/additional_msgs': CMAKE_PREFIX_PATH=${CMAKE_PREFIX_PATH}:/home/kcg/Autonomous_kcg/ROS2Sample/install/python_publisher:/opt/ros/foxy /usr/bin/cmake --install /home/kcg/Autonomous_kcg/ROS2Sample/build/additional_msgs
[1.066s] DEBUG:colcon.colcon_core.event_handler.log_command:Invoking command in '/home/kcg/Autonomous_kcg/ROS2Sample/build/autoware_auto_msgs': CMAKE_PREFIX_PATH=${CMAKE_PREFIX_PATH}:/home/kcg/Autonomous_kcg/ROS2Sample/install/python_publisher:/opt/ros/foxy /usr/bin/cmake --install /home/kcg/Autonomous_kcg/ROS2Sample/build/autoware_auto_msgs
[1.108s] DEBUG:colcon.colcon_core.event_handler.log_command:Invoking command in '/home/kcg/Autonomous_kcg/ROS2Sample/build/tracked_object_msgs': CMAKE_PREFIX_PATH=${CMAKE_PREFIX_PATH}:/home/kcg/Autonomous_kcg/ROS2Sample/install/python_publisher:/opt/ros/foxy /usr/bin/cmake --install /home/kcg/Autonomous_kcg/ROS2Sample/build/tracked_object_msgs
[1.144s] DEBUG:colcon.colcon_core.event_handler.log_command:Invoking command in '/home/kcg/Autonomous_kcg/ROS2Sample/build/tracked_lane_msgs': CMAKE_PREFIX_PATH=${CMAKE_PREFIX_PATH}:/home/kcg/Autonomous_kcg/ROS2Sample/install/python_publisher:/opt/ros/foxy /usr/bin/cmake --install /home/kcg/Autonomous_kcg/ROS2Sample/build/tracked_lane_msgs
[1.157s] Level 1:colcon.colcon_core.environment:create_environment_scripts_only(additional_msgs)
[1.175s] Level 1:colcon.colcon_core.environment:checking '/home/kcg/Autonomous_kcg/ROS2Sample/install/additional_msgs' for CMake module files
[1.176s] DEBUG:colcon.colcon_core.event_handler.log_command:Invoked command in '/home/kcg/Autonomous_kcg/ROS2Sample/build/additional_msgs' returned '0': CMAKE_PREFIX_PATH=${CMAKE_PREFIX_PATH}:/home/kcg/Autonomous_kcg/ROS2Sample/install/python_publisher:/opt/ros/foxy /usr/bin/cmake --install /home/kcg/Autonomous_kcg/ROS2Sample/build/additional_msgs
[1.179s] Level 1:colcon.colcon_core.environment:checking '/home/kcg/Autonomous_kcg/ROS2Sample/install/additional_msgs' for CMake config files
[1.180s] Level 1:colcon.colcon_core.shell:create_environment_hook('additional_msgs', 'cmake_prefix_path')
[1.182s] INFO:colcon.colcon_core.shell:Creating environment hook '/home/kcg/Autonomous_kcg/ROS2Sample/install/additional_msgs/share/additional_msgs/hook/cmake_prefix_path.ps1'
[1.184s] INFO:colcon.colcon_core.shell:Creating environment descriptor '/home/kcg/Autonomous_kcg/ROS2Sample/install/additional_msgs/share/additional_msgs/hook/cmake_prefix_path.dsv'
[1.185s] INFO:colcon.colcon_core.shell:Creating environment hook '/home/kcg/Autonomous_kcg/ROS2Sample/install/additional_msgs/share/additional_msgs/hook/cmake_prefix_path.sh'
[1.187s] Level 1:colcon.colcon_core.environment:checking '/home/kcg/Autonomous_kcg/ROS2Sample/install/additional_msgs/lib'
[1.188s] Level 1:colcon.colcon_core.shell:create_environment_hook('additional_msgs', 'ld_library_path_lib')
[1.191s] INFO:colcon.colcon_core.shell:Creating environment hook '/home/kcg/Autonomous_kcg/ROS2Sample/install/additional_msgs/share/additional_msgs/hook/ld_library_path_lib.ps1'
[1.192s] INFO:colcon.colcon_core.shell:Creating environment descriptor '/home/kcg/Autonomous_kcg/ROS2Sample/install/additional_msgs/share/additional_msgs/hook/ld_library_path_lib.dsv'
[1.193s] INFO:colcon.colcon_core.shell:Creating environment hook '/home/kcg/Autonomous_kcg/ROS2Sample/install/additional_msgs/share/additional_msgs/hook/ld_library_path_lib.sh'
[1.194s] Level 1:colcon.colcon_core.environment:checking '/home/kcg/Autonomous_kcg/ROS2Sample/install/additional_msgs/bin'
[1.194s] Level 1:colcon.colcon_core.environment:checking '/home/kcg/Autonomous_kcg/ROS2Sample/install/additional_msgs/lib/pkgconfig/additional_msgs.pc'
[1.195s] Level 1:colcon.colcon_core.environment:checking '/home/kcg/Autonomous_kcg/ROS2Sample/install/additional_msgs/lib/python3.8/site-packages'
[1.195s] Level 1:colcon.colcon_core.shell:create_environment_hook('additional_msgs', 'pythonpath')
[1.198s] INFO:colcon.colcon_core.shell:Creating environment hook '/home/kcg/Autonomous_kcg/ROS2Sample/install/additional_msgs/share/additional_msgs/hook/pythonpath.ps1'
[1.200s] INFO:colcon.colcon_core.shell:Creating environment descriptor '/home/kcg/Autonomous_kcg/ROS2Sample/install/additional_msgs/share/additional_msgs/hook/pythonpath.dsv'
[1.201s] INFO:colcon.colcon_core.shell:Creating environment hook '/home/kcg/Autonomous_kcg/ROS2Sample/install/additional_msgs/share/additional_msgs/hook/pythonpath.sh'
[1.203s] Level 1:colcon.colcon_core.environment:checking '/home/kcg/Autonomous_kcg/ROS2Sample/install/additional_msgs/bin'
[1.205s] INFO:colcon.colcon_core.shell:Creating package script '/home/kcg/Autonomous_kcg/ROS2Sample/install/additional_msgs/share/additional_msgs/package.ps1'
[1.207s] INFO:colcon.colcon_core.shell:Creating package descriptor '/home/kcg/Autonomous_kcg/ROS2Sample/install/additional_msgs/share/additional_msgs/package.dsv'
[1.208s] INFO:colcon.colcon_core.shell:Creating package script '/home/kcg/Autonomous_kcg/ROS2Sample/install/additional_msgs/share/additional_msgs/package.sh'
[1.210s] INFO:colcon.colcon_core.shell:Creating package script '/home/kcg/Autonomous_kcg/ROS2Sample/install/additional_msgs/share/additional_msgs/package.bash'
[1.211s] INFO:colcon.colcon_core.shell:Creating package script '/home/kcg/Autonomous_kcg/ROS2Sample/install/additional_msgs/share/additional_msgs/package.zsh'
[1.212s] Level 1:colcon.colcon_core.environment:create_file_with_runtime_dependencies(/home/kcg/Autonomous_kcg/ROS2Sample/install/additional_msgs/share/colcon-core/packages/additional_msgs)
[1.220s] Level 1:colcon.colcon_core.environment:create_environment_scripts_only(autoware_auto_msgs)
[1.223s] Level 1:colcon.colcon_core.environment:checking '/home/kcg/Autonomous_kcg/ROS2Sample/install/autoware_auto_msgs' for CMake module files
[1.227s] Level 1:colcon.colcon_core.environment:checking '/home/kcg/Autonomous_kcg/ROS2Sample/install/autoware_auto_msgs' for CMake config files
[1.232s] Level 1:colcon.colcon_core.shell:create_environment_hook('autoware_auto_msgs', 'cmake_prefix_path')
[1.234s] INFO:colcon.colcon_core.shell:Creating environment hook '/home/kcg/Autonomous_kcg/ROS2Sample/install/autoware_auto_msgs/share/autoware_auto_msgs/hook/cmake_prefix_path.ps1'
[1.235s] INFO:colcon.colcon_core.shell:Creating environment descriptor '/home/kcg/Autonomous_kcg/ROS2Sample/install/autoware_auto_msgs/share/autoware_auto_msgs/hook/cmake_prefix_path.dsv'
[1.236s] INFO:colcon.colcon_core.shell:Creating environment hook '/home/kcg/Autonomous_kcg/ROS2Sample/install/autoware_auto_msgs/share/autoware_auto_msgs/hook/cmake_prefix_path.sh'
[1.238s] Level 1:colcon.colcon_core.environment:checking '/home/kcg/Autonomous_kcg/ROS2Sample/install/autoware_auto_msgs/lib'
[1.238s] Level 1:colcon.colcon_core.shell:create_environment_hook('autoware_auto_msgs', 'ld_library_path_lib')
[1.240s] INFO:colcon.colcon_core.shell:Creating environment hook '/home/kcg/Autonomous_kcg/ROS2Sample/install/autoware_auto_msgs/share/autoware_auto_msgs/hook/ld_library_path_lib.ps1'
[1.241s] INFO:colcon.colcon_core.shell:Creating environment descriptor '/home/kcg/Autonomous_kcg/ROS2Sample/install/autoware_auto_msgs/share/autoware_auto_msgs/hook/ld_library_path_lib.dsv'
[1.242s] INFO:colcon.colcon_core.shell:Creating environment hook '/home/kcg/Autonomous_kcg/ROS2Sample/install/autoware_auto_msgs/share/autoware_auto_msgs/hook/ld_library_path_lib.sh'
[1.243s] Level 1:colcon.colcon_core.environment:checking '/home/kcg/Autonomous_kcg/ROS2Sample/install/autoware_auto_msgs/bin'
[1.243s] Level 1:colcon.colcon_core.environment:checking '/home/kcg/Autonomous_kcg/ROS2Sample/install/autoware_auto_msgs/lib/pkgconfig/autoware_auto_msgs.pc'
[1.244s] Level 1:colcon.colcon_core.environment:checking '/home/kcg/Autonomous_kcg/ROS2Sample/install/autoware_auto_msgs/lib/python3.8/site-packages'
[1.244s] Level 1:colcon.colcon_core.shell:create_environment_hook('autoware_auto_msgs', 'pythonpath')
[1.247s] INFO:colcon.colcon_core.shell:Creating environment hook '/home/kcg/Autonomous_kcg/ROS2Sample/install/autoware_auto_msgs/share/autoware_auto_msgs/hook/pythonpath.ps1'
[1.247s] INFO:colcon.colcon_core.shell:Creating environment descriptor '/home/kcg/Autonomous_kcg/ROS2Sample/install/autoware_auto_msgs/share/autoware_auto_msgs/hook/pythonpath.dsv'
[1.248s] INFO:colcon.colcon_core.shell:Creating environment hook '/home/kcg/Autonomous_kcg/ROS2Sample/install/autoware_auto_msgs/share/autoware_auto_msgs/hook/pythonpath.sh'
[1.250s] Level 1:colcon.colcon_core.environment:checking '/home/kcg/Autonomous_kcg/ROS2Sample/install/autoware_auto_msgs/bin'
[1.253s] INFO:colcon.colcon_core.shell:Creating package script '/home/kcg/Autonomous_kcg/ROS2Sample/install/autoware_auto_msgs/share/autoware_auto_msgs/package.ps1'
[1.254s] INFO:colcon.colcon_core.shell:Creating package descriptor '/home/kcg/Autonomous_kcg/ROS2Sample/install/autoware_auto_msgs/share/autoware_auto_msgs/package.dsv'
[1.255s] DEBUG:colcon.colcon_core.event_handler.log_command:Invoked command in '/home/kcg/Autonomous_kcg/ROS2Sample/build/autoware_auto_msgs' returned '0': CMAKE_PREFIX_PATH=${CMAKE_PREFIX_PATH}:/home/kcg/Autonomous_kcg/ROS2Sample/install/python_publisher:/opt/ros/foxy /usr/bin/cmake --install /home/kcg/Autonomous_kcg/ROS2Sample/build/autoware_auto_msgs
[1.255s] INFO:colcon.colcon_core.shell:Creating package script '/home/kcg/Autonomous_kcg/ROS2Sample/install/autoware_auto_msgs/share/autoware_auto_msgs/package.sh'
[1.256s] INFO:colcon.colcon_core.shell:Creating package script '/home/kcg/Autonomous_kcg/ROS2Sample/install/autoware_auto_msgs/share/autoware_auto_msgs/package.bash'
[1.257s] INFO:colcon.colcon_core.shell:Creating package script '/home/kcg/Autonomous_kcg/ROS2Sample/install/autoware_auto_msgs/share/autoware_auto_msgs/package.zsh'
[1.258s] Level 1:colcon.colcon_core.environment:create_file_with_runtime_dependencies(/home/kcg/Autonomous_kcg/ROS2Sample/install/autoware_auto_msgs/share/colcon-core/packages/autoware_auto_msgs)
[1.263s] Level 1:colcon.colcon_core.environment:create_environment_scripts_only(tracked_object_msgs)
[1.266s] Level 1:colcon.colcon_core.environment:checking '/home/kcg/Autonomous_kcg/ROS2Sample/install/tracked_object_msgs' for CMake module files
[1.269s] Level 1:colcon.colcon_core.environment:checking '/home/kcg/Autonomous_kcg/ROS2Sample/install/tracked_object_msgs' for CMake config files
[1.273s] Level 1:colcon.colcon_core.shell:create_environment_hook('tracked_object_msgs', 'cmake_prefix_path')
[1.276s] INFO:colcon.colcon_core.shell:Creating environment hook '/home/kcg/Autonomous_kcg/ROS2Sample/install/tracked_object_msgs/share/tracked_object_msgs/hook/cmake_prefix_path.ps1'
[1.277s] INFO:colcon.colcon_core.shell:Creating environment descriptor '/home/kcg/Autonomous_kcg/ROS2Sample/install/tracked_object_msgs/share/tracked_object_msgs/hook/cmake_prefix_path.dsv'
[1.278s] INFO:colcon.colcon_core.shell:Creating environment hook '/home/kcg/Autonomous_kcg/ROS2Sample/install/tracked_object_msgs/share/tracked_object_msgs/hook/cmake_prefix_path.sh'
[1.279s] DEBUG:colcon.colcon_core.event_handler.log_command:Invoked command in '/home/kcg/Autonomous_kcg/ROS2Sample/build/tracked_object_msgs' returned '0': CMAKE_PREFIX_PATH=${CMAKE_PREFIX_PATH}:/home/kcg/Autonomous_kcg/ROS2Sample/install/python_publisher:/opt/ros/foxy /usr/bin/cmake --install /home/kcg/Autonomous_kcg/ROS2Sample/build/tracked_object_msgs
[1.279s] Level 1:colcon.colcon_core.environment:checking '/home/kcg/Autonomous_kcg/ROS2Sample/install/tracked_object_msgs/lib'
[1.279s] Level 1:colcon.colcon_core.shell:create_environment_hook('tracked_object_msgs', 'ld_library_path_lib')
[1.282s] INFO:colcon.colcon_core.shell:Creating environment hook '/home/kcg/Autonomous_kcg/ROS2Sample/install/tracked_object_msgs/share/tracked_object_msgs/hook/ld_library_path_lib.ps1'
[1.282s] INFO:colcon.colcon_core.shell:Creating environment descriptor '/home/kcg/Autonomous_kcg/ROS2Sample/install/tracked_object_msgs/share/tracked_object_msgs/hook/ld_library_path_lib.dsv'
[1.283s] INFO:colcon.colcon_core.shell:Creating environment hook '/home/kcg/Autonomous_kcg/ROS2Sample/install/tracked_object_msgs/share/tracked_object_msgs/hook/ld_library_path_lib.sh'
[1.283s] Level 1:colcon.colcon_core.environment:checking '/home/kcg/Autonomous_kcg/ROS2Sample/install/tracked_object_msgs/bin'
[1.283s] Level 1:colcon.colcon_core.environment:checking '/home/kcg/Autonomous_kcg/ROS2Sample/install/tracked_object_msgs/lib/pkgconfig/tracked_object_msgs.pc'
[1.284s] Level 1:colcon.colcon_core.environment:checking '/home/kcg/Autonomous_kcg/ROS2Sample/install/tracked_object_msgs/lib/python3.8/site-packages'
[1.284s] Level 1:colcon.colcon_core.shell:create_environment_hook('tracked_object_msgs', 'pythonpath')
[1.287s] INFO:colcon.colcon_core.shell:Creating environment hook '/home/kcg/Autonomous_kcg/ROS2Sample/install/tracked_object_msgs/share/tracked_object_msgs/hook/pythonpath.ps1'
[1.287s] INFO:colcon.colcon_core.shell:Creating environment descriptor '/home/kcg/Autonomous_kcg/ROS2Sample/install/tracked_object_msgs/share/tracked_object_msgs/hook/pythonpath.dsv'
[1.288s] INFO:colcon.colcon_core.shell:Creating environment hook '/home/kcg/Autonomous_kcg/ROS2Sample/install/tracked_object_msgs/share/tracked_object_msgs/hook/pythonpath.sh'
[1.288s] Level 1:colcon.colcon_core.environment:checking '/home/kcg/Autonomous_kcg/ROS2Sample/install/tracked_object_msgs/bin'
[1.291s] INFO:colcon.colcon_core.shell:Creating package script '/home/kcg/Autonomous_kcg/ROS2Sample/install/tracked_object_msgs/share/tracked_object_msgs/package.ps1'
[1.291s] INFO:colcon.colcon_core.shell:Creating package descriptor '/home/kcg/Autonomous_kcg/ROS2Sample/install/tracked_object_msgs/share/tracked_object_msgs/package.dsv'
[1.292s] INFO:colcon.colcon_core.shell:Creating package script '/home/kcg/Autonomous_kcg/ROS2Sample/install/tracked_object_msgs/share/tracked_object_msgs/package.sh'
[1.293s] INFO:colcon.colcon_core.shell:Creating package script '/home/kcg/Autonomous_kcg/ROS2Sample/install/tracked_object_msgs/share/tracked_object_msgs/package.bash'
[1.293s] INFO:colcon.colcon_core.shell:Creating package script '/home/kcg/Autonomous_kcg/ROS2Sample/install/tracked_object_msgs/share/tracked_object_msgs/package.zsh'
[1.293s] Level 1:colcon.colcon_core.environment:create_file_with_runtime_dependencies(/home/kcg/Autonomous_kcg/ROS2Sample/install/tracked_object_msgs/share/colcon-core/packages/tracked_object_msgs)
[1.299s] Level 1:colcon.colcon_core.environment:create_environment_scripts_only(tracked_lane_msgs)
[1.303s] Level 1:colcon.colcon_core.environment:checking '/home/kcg/Autonomous_kcg/ROS2Sample/install/tracked_lane_msgs' for CMake module files
[1.304s] DEBUG:colcon.colcon_core.event_handler.log_command:Invoked command in '/home/kcg/Autonomous_kcg/ROS2Sample/build/tracked_lane_msgs' returned '0': CMAKE_PREFIX_PATH=${CMAKE_PREFIX_PATH}:/home/kcg/Autonomous_kcg/ROS2Sample/install/python_publisher:/opt/ros/foxy /usr/bin/cmake --install /home/kcg/Autonomous_kcg/ROS2Sample/build/tracked_lane_msgs
[1.305s] Level 1:colcon.colcon_core.environment:checking '/home/kcg/Autonomous_kcg/ROS2Sample/install/tracked_lane_msgs' for CMake config files
[1.306s] Level 1:colcon.colcon_core.shell:create_environment_hook('tracked_lane_msgs', 'cmake_prefix_path')
[1.309s] INFO:colcon.colcon_core.shell:Creating environment hook '/home/kcg/Autonomous_kcg/ROS2Sample/install/tracked_lane_msgs/share/tracked_lane_msgs/hook/cmake_prefix_path.ps1'
[1.309s] INFO:colcon.colcon_core.shell:Creating environment descriptor '/home/kcg/Autonomous_kcg/ROS2Sample/install/tracked_lane_msgs/share/tracked_lane_msgs/hook/cmake_prefix_path.dsv'
[1.310s] INFO:colcon.colcon_core.shell:Creating environment hook '/home/kcg/Autonomous_kcg/ROS2Sample/install/tracked_lane_msgs/share/tracked_lane_msgs/hook/cmake_prefix_path.sh'
[1.311s] Level 1:colcon.colcon_core.environment:checking '/home/kcg/Autonomous_kcg/ROS2Sample/install/tracked_lane_msgs/lib'
[1.311s] Level 1:colcon.colcon_core.shell:create_environment_hook('tracked_lane_msgs', 'ld_library_path_lib')
[1.312s] INFO:colcon.colcon_core.shell:Creating environment hook '/home/kcg/Autonomous_kcg/ROS2Sample/install/tracked_lane_msgs/share/tracked_lane_msgs/hook/ld_library_path_lib.ps1'
[1.312s] INFO:colcon.colcon_core.shell:Creating environment descriptor '/home/kcg/Autonomous_kcg/ROS2Sample/install/tracked_lane_msgs/share/tracked_lane_msgs/hook/ld_library_path_lib.dsv'
[1.313s] INFO:colcon.colcon_core.shell:Creating environment hook '/home/kcg/Autonomous_kcg/ROS2Sample/install/tracked_lane_msgs/share/tracked_lane_msgs/hook/ld_library_path_lib.sh'
[1.313s] Level 1:colcon.colcon_core.environment:checking '/home/kcg/Autonomous_kcg/ROS2Sample/install/tracked_lane_msgs/bin'
[1.313s] Level 1:colcon.colcon_core.environment:checking '/home/kcg/Autonomous_kcg/ROS2Sample/install/tracked_lane_msgs/lib/pkgconfig/tracked_lane_msgs.pc'
[1.313s] Level 1:colcon.colcon_core.environment:checking '/home/kcg/Autonomous_kcg/ROS2Sample/install/tracked_lane_msgs/lib/python3.8/site-packages'
[1.314s] Level 1:colcon.colcon_core.shell:create_environment_hook('tracked_lane_msgs', 'pythonpath')
[1.315s] INFO:colcon.colcon_core.shell:Creating environment hook '/home/kcg/Autonomous_kcg/ROS2Sample/install/tracked_lane_msgs/share/tracked_lane_msgs/hook/pythonpath.ps1'
[1.315s] INFO:colcon.colcon_core.shell:Creating environment descriptor '/home/kcg/Autonomous_kcg/ROS2Sample/install/tracked_lane_msgs/share/tracked_lane_msgs/hook/pythonpath.dsv'
[1.316s] INFO:colcon.colcon_core.shell:Creating environment hook '/home/kcg/Autonomous_kcg/ROS2Sample/install/tracked_lane_msgs/share/tracked_lane_msgs/hook/pythonpath.sh'
[1.316s] Level 1:colcon.colcon_core.environment:checking '/home/kcg/Autonomous_kcg/ROS2Sample/install/tracked_lane_msgs/bin'
[1.319s] INFO:colcon.colcon_core.shell:Creating package script '/home/kcg/Autonomous_kcg/ROS2Sample/install/tracked_lane_msgs/share/tracked_lane_msgs/package.ps1'
[1.319s] INFO:colcon.colcon_core.shell:Creating package descriptor '/home/kcg/Autonomous_kcg/ROS2Sample/install/tracked_lane_msgs/share/tracked_lane_msgs/package.dsv'
[1.320s] INFO:colcon.colcon_core.shell:Creating package script '/home/kcg/Autonomous_kcg/ROS2Sample/install/tracked_lane_msgs/share/tracked_lane_msgs/package.sh'
[1.320s] INFO:colcon.colcon_core.shell:Creating package script '/home/kcg/Autonomous_kcg/ROS2Sample/install/tracked_lane_msgs/share/tracked_lane_msgs/package.bash'
[1.321s] INFO:colcon.colcon_core.shell:Creating package script '/home/kcg/Autonomous_kcg/ROS2Sample/install/tracked_lane_msgs/share/tracked_lane_msgs/package.zsh'
[1.321s] Level 1:colcon.colcon_core.environment:create_file_with_runtime_dependencies(/home/kcg/Autonomous_kcg/ROS2Sample/install/tracked_lane_msgs/share/colcon-core/packages/tracked_lane_msgs)
[1.329s] Level 1:colcon.colcon_core.environment:create_environment_scripts_only(additional_msgs)
[1.333s] Level 1:colcon.colcon_core.environment:checking '/home/kcg/Autonomous_kcg/ROS2Sample/install/additional_msgs' for CMake module files
[1.334s] Level 1:colcon.colcon_core.environment:checking '/home/kcg/Autonomous_kcg/ROS2Sample/install/additional_msgs' for CMake config files
[1.335s] Level 1:colcon.colcon_core.shell:create_environment_hook('additional_msgs', 'cmake_prefix_path')
[1.337s] INFO:colcon.colcon_core.shell:Creating environment hook '/home/kcg/Autonomous_kcg/ROS2Sample/install/additional_msgs/share/additional_msgs/hook/cmake_prefix_path.ps1'
[1.338s] INFO:colcon.colcon_core.shell:Creating environment descriptor '/home/kcg/Autonomous_kcg/ROS2Sample/install/additional_msgs/share/additional_msgs/hook/cmake_prefix_path.dsv'
[1.339s] INFO:colcon.colcon_core.shell:Creating environment hook '/home/kcg/Autonomous_kcg/ROS2Sample/install/additional_msgs/share/additional_msgs/hook/cmake_prefix_path.sh'
[1.339s] Level 1:colcon.colcon_core.environment:checking '/home/kcg/Autonomous_kcg/ROS2Sample/install/additional_msgs/lib'
[1.340s] Level 1:colcon.colcon_core.shell:create_environment_hook('additional_msgs', 'ld_library_path_lib')
[1.341s] INFO:colcon.colcon_core.shell:Creating environment hook '/home/kcg/Autonomous_kcg/ROS2Sample/install/additional_msgs/share/additional_msgs/hook/ld_library_path_lib.ps1'
[1.342s] INFO:colcon.colcon_core.shell:Creating environment descriptor '/home/kcg/Autonomous_kcg/ROS2Sample/install/additional_msgs/share/additional_msgs/hook/ld_library_path_lib.dsv'
[1.342s] INFO:colcon.colcon_core.shell:Creating environment hook '/home/kcg/Autonomous_kcg/ROS2Sample/install/additional_msgs/share/additional_msgs/hook/ld_library_path_lib.sh'
[1.342s] Level 1:colcon.colcon_core.environment:checking '/home/kcg/Autonomous_kcg/ROS2Sample/install/additional_msgs/bin'
[1.343s] Level 1:colcon.colcon_core.environment:checking '/home/kcg/Autonomous_kcg/ROS2Sample/install/additional_msgs/lib/pkgconfig/additional_msgs.pc'
[1.343s] Level 1:colcon.colcon_core.environment:checking '/home/kcg/Autonomous_kcg/ROS2Sample/install/additional_msgs/lib/python3.8/site-packages'
[1.343s] Level 1:colcon.colcon_core.shell:create_environment_hook('additional_msgs', 'pythonpath')
[1.344s] INFO:colcon.colcon_core.shell:Creating environment hook '/home/kcg/Autonomous_kcg/ROS2Sample/install/additional_msgs/share/additional_msgs/hook/pythonpath.ps1'
[1.345s] INFO:colcon.colcon_core.shell:Creating environment descriptor '/home/kcg/Autonomous_kcg/ROS2Sample/install/additional_msgs/share/additional_msgs/hook/pythonpath.dsv'
[1.345s] INFO:colcon.colcon_core.shell:Creating environment hook '/home/kcg/Autonomous_kcg/ROS2Sample/install/additional_msgs/share/additional_msgs/hook/pythonpath.sh'
[1.346s] Level 1:colcon.colcon_core.environment:checking '/home/kcg/Autonomous_kcg/ROS2Sample/install/additional_msgs/bin'
[1.348s] INFO:colcon.colcon_core.shell:Creating package script '/home/kcg/Autonomous_kcg/ROS2Sample/install/additional_msgs/share/additional_msgs/package.ps1'
[1.349s] INFO:colcon.colcon_core.shell:Creating package descriptor '/home/kcg/Autonomous_kcg/ROS2Sample/install/additional_msgs/share/additional_msgs/package.dsv'
[1.350s] INFO:colcon.colcon_core.shell:Creating package script '/home/kcg/Autonomous_kcg/ROS2Sample/install/additional_msgs/share/additional_msgs/package.sh'
[1.350s] INFO:colcon.colcon_core.shell:Creating package script '/home/kcg/Autonomous_kcg/ROS2Sample/install/additional_msgs/share/additional_msgs/package.bash'
[1.351s] INFO:colcon.colcon_core.shell:Creating package script '/home/kcg/Autonomous_kcg/ROS2Sample/install/additional_msgs/share/additional_msgs/package.zsh'
[1.351s] Level 1:colcon.colcon_core.environment:create_file_with_runtime_dependencies(/home/kcg/Autonomous_kcg/ROS2Sample/install/additional_msgs/share/colcon-core/packages/additional_msgs)
[1.355s] Level 1:colcon.colcon_core.environment:create_environment_scripts_only(autoware_auto_msgs)
[1.358s] Level 1:colcon.colcon_core.environment:checking '/home/kcg/Autonomous_kcg/ROS2Sample/install/autoware_auto_msgs' for CMake module files
[1.359s] Level 1:colcon.colcon_core.environment:checking '/home/kcg/Autonomous_kcg/ROS2Sample/install/autoware_auto_msgs' for CMake config files
[1.360s] Level 1:colcon.colcon_core.shell:create_environment_hook('autoware_auto_msgs', 'cmake_prefix_path')
[1.361s] INFO:colcon.colcon_core.shell:Creating environment hook '/home/kcg/Autonomous_kcg/ROS2Sample/install/autoware_auto_msgs/share/autoware_auto_msgs/hook/cmake_prefix_path.ps1'
[1.362s] INFO:colcon.colcon_core.shell:Creating environment descriptor '/home/kcg/Autonomous_kcg/ROS2Sample/install/autoware_auto_msgs/share/autoware_auto_msgs/hook/cmake_prefix_path.dsv'
[1.362s] INFO:colcon.colcon_core.shell:Creating environment hook '/home/kcg/Autonomous_kcg/ROS2Sample/install/autoware_auto_msgs/share/autoware_auto_msgs/hook/cmake_prefix_path.sh'
[1.363s] Level 1:colcon.colcon_core.environment:checking '/home/kcg/Autonomous_kcg/ROS2Sample/install/autoware_auto_msgs/lib'
[1.363s] Level 1:colcon.colcon_core.shell:create_environment_hook('autoware_auto_msgs', 'ld_library_path_lib')
[1.365s] INFO:colcon.colcon_core.shell:Creating environment hook '/home/kcg/Autonomous_kcg/ROS2Sample/install/autoware_auto_msgs/share/autoware_auto_msgs/hook/ld_library_path_lib.ps1'
[1.365s] INFO:colcon.colcon_core.shell:Creating environment descriptor '/home/kcg/Autonomous_kcg/ROS2Sample/install/autoware_auto_msgs/share/autoware_auto_msgs/hook/ld_library_path_lib.dsv'
[1.366s] INFO:colcon.colcon_core.shell:Creating environment hook '/home/kcg/Autonomous_kcg/ROS2Sample/install/autoware_auto_msgs/share/autoware_auto_msgs/hook/ld_library_path_lib.sh'
[1.366s] Level 1:colcon.colcon_core.environment:checking '/home/kcg/Autonomous_kcg/ROS2Sample/install/autoware_auto_msgs/bin'
[1.366s] Level 1:colcon.colcon_core.environment:checking '/home/kcg/Autonomous_kcg/ROS2Sample/install/autoware_auto_msgs/lib/pkgconfig/autoware_auto_msgs.pc'
[1.366s] Level 1:colcon.colcon_core.environment:checking '/home/kcg/Autonomous_kcg/ROS2Sample/install/autoware_auto_msgs/lib/python3.8/site-packages'
[1.367s] Level 1:colcon.colcon_core.shell:create_environment_hook('autoware_auto_msgs', 'pythonpath')
[1.368s] INFO:colcon.colcon_core.shell:Creating environment hook '/home/kcg/Autonomous_kcg/ROS2Sample/install/autoware_auto_msgs/share/autoware_auto_msgs/hook/pythonpath.ps1'
[1.368s] INFO:colcon.colcon_core.shell:Creating environment descriptor '/home/kcg/Autonomous_kcg/ROS2Sample/install/autoware_auto_msgs/share/autoware_auto_msgs/hook/pythonpath.dsv'
[1.369s] INFO:colcon.colcon_core.shell:Creating environment hook '/home/kcg/Autonomous_kcg/ROS2Sample/install/autoware_auto_msgs/share/autoware_auto_msgs/hook/pythonpath.sh'
[1.369s] Level 1:colcon.colcon_core.environment:checking '/home/kcg/Autonomous_kcg/ROS2Sample/install/autoware_auto_msgs/bin'
[1.372s] INFO:colcon.colcon_core.shell:Creating package script '/home/kcg/Autonomous_kcg/ROS2Sample/install/autoware_auto_msgs/share/autoware_auto_msgs/package.ps1'
[1.373s] INFO:colcon.colcon_core.shell:Creating package descriptor '/home/kcg/Autonomous_kcg/ROS2Sample/install/autoware_auto_msgs/share/autoware_auto_msgs/package.dsv'
[1.373s] INFO:colcon.colcon_core.shell:Creating package script '/home/kcg/Autonomous_kcg/ROS2Sample/install/autoware_auto_msgs/share/autoware_auto_msgs/package.sh'
[1.374s] INFO:colcon.colcon_core.shell:Creating package script '/home/kcg/Autonomous_kcg/ROS2Sample/install/autoware_auto_msgs/share/autoware_auto_msgs/package.bash'
[1.374s] INFO:colcon.colcon_core.shell:Creating package script '/home/kcg/Autonomous_kcg/ROS2Sample/install/autoware_auto_msgs/share/autoware_auto_msgs/package.zsh'
[1.375s] Level 1:colcon.colcon_core.environment:create_file_with_runtime_dependencies(/home/kcg/Autonomous_kcg/ROS2Sample/install/autoware_auto_msgs/share/colcon-core/packages/autoware_auto_msgs)
[1.381s] DEBUG:colcon.colcon_core.event_handler.log_command:Invoking command in '/home/kcg/Autonomous_kcg/ROS2Sample/build/cognata_sdk_ros2': CMAKE_PREFIX_PATH=${CMAKE_PREFIX_PATH}:/home/kcg/Autonomous_kcg/ROS2Sample/install/python_publisher:/opt/ros/foxy /usr/bin/cmake --install /home/kcg/Autonomous_kcg/ROS2Sample/build/cognata_sdk_ros2
[1.423s] Level 1:colcon.colcon_core.environment:create_environment_scripts_only(tracked_object_msgs)
[1.426s] Level 1:colcon.colcon_core.environment:checking '/home/kcg/Autonomous_kcg/ROS2Sample/install/tracked_object_msgs' for CMake module files
[1.429s] Level 1:colcon.colcon_core.environment:checking '/home/kcg/Autonomous_kcg/ROS2Sample/install/tracked_object_msgs' for CMake config files
[1.433s] Level 1:colcon.colcon_core.shell:create_environment_hook('tracked_object_msgs', 'cmake_prefix_path')
[1.435s] INFO:colcon.colcon_core.shell:Creating environment hook '/home/kcg/Autonomous_kcg/ROS2Sample/install/tracked_object_msgs/share/tracked_object_msgs/hook/cmake_prefix_path.ps1'
[1.436s] INFO:colcon.colcon_core.shell:Creating environment descriptor '/home/kcg/Autonomous_kcg/ROS2Sample/install/tracked_object_msgs/share/tracked_object_msgs/hook/cmake_prefix_path.dsv'
[1.438s] INFO:colcon.colcon_core.shell:Creating environment hook '/home/kcg/Autonomous_kcg/ROS2Sample/install/tracked_object_msgs/share/tracked_object_msgs/hook/cmake_prefix_path.sh'
[1.439s] Level 1:colcon.colcon_core.environment:checking '/home/kcg/Autonomous_kcg/ROS2Sample/install/tracked_object_msgs/lib'
[1.440s] Level 1:colcon.colcon_core.shell:create_environment_hook('tracked_object_msgs', 'ld_library_path_lib')
[1.443s] INFO:colcon.colcon_core.shell:Creating environment hook '/home/kcg/Autonomous_kcg/ROS2Sample/install/tracked_object_msgs/share/tracked_object_msgs/hook/ld_library_path_lib.ps1'
[1.444s] INFO:colcon.colcon_core.shell:Creating environment descriptor '/home/kcg/Autonomous_kcg/ROS2Sample/install/tracked_object_msgs/share/tracked_object_msgs/hook/ld_library_path_lib.dsv'
[1.445s] INFO:colcon.colcon_core.shell:Creating environment hook '/home/kcg/Autonomous_kcg/ROS2Sample/install/tracked_object_msgs/share/tracked_object_msgs/hook/ld_library_path_lib.sh'
[1.446s] Level 1:colcon.colcon_core.environment:checking '/home/kcg/Autonomous_kcg/ROS2Sample/install/tracked_object_msgs/bin'
[1.447s] Level 1:colcon.colcon_core.environment:checking '/home/kcg/Autonomous_kcg/ROS2Sample/install/tracked_object_msgs/lib/pkgconfig/tracked_object_msgs.pc'
[1.447s] Level 1:colcon.colcon_core.environment:checking '/home/kcg/Autonomous_kcg/ROS2Sample/install/tracked_object_msgs/lib/python3.8/site-packages'
[1.447s] Level 1:colcon.colcon_core.shell:create_environment_hook('tracked_object_msgs', 'pythonpath')
[1.450s] INFO:colcon.colcon_core.shell:Creating environment hook '/home/kcg/Autonomous_kcg/ROS2Sample/install/tracked_object_msgs/share/tracked_object_msgs/hook/pythonpath.ps1'
[1.451s] INFO:colcon.colcon_core.shell:Creating environment descriptor '/home/kcg/Autonomous_kcg/ROS2Sample/install/tracked_object_msgs/share/tracked_object_msgs/hook/pythonpath.dsv'
[1.453s] INFO:colcon.colcon_core.shell:Creating environment hook '/home/kcg/Autonomous_kcg/ROS2Sample/install/tracked_object_msgs/share/tracked_object_msgs/hook/pythonpath.sh'
[1.454s] Level 1:colcon.colcon_core.environment:checking '/home/kcg/Autonomous_kcg/ROS2Sample/install/tracked_object_msgs/bin'
[1.456s] INFO:colcon.colcon_core.shell:Creating package script '/home/kcg/Autonomous_kcg/ROS2Sample/install/tracked_object_msgs/share/tracked_object_msgs/package.ps1'
[1.456s] INFO:colcon.colcon_core.shell:Creating package descriptor '/home/kcg/Autonomous_kcg/ROS2Sample/install/tracked_object_msgs/share/tracked_object_msgs/package.dsv'
[1.457s] INFO:colcon.colcon_core.shell:Creating package script '/home/kcg/Autonomous_kcg/ROS2Sample/install/tracked_object_msgs/share/tracked_object_msgs/package.sh'
[1.459s] INFO:colcon.colcon_core.shell:Creating package script '/home/kcg/Autonomous_kcg/ROS2Sample/install/tracked_object_msgs/share/tracked_object_msgs/package.bash'
[1.460s] INFO:colcon.colcon_core.shell:Creating package script '/home/kcg/Autonomous_kcg/ROS2Sample/install/tracked_object_msgs/share/tracked_object_msgs/package.zsh'
[1.461s] Level 1:colcon.colcon_core.environment:create_file_with_runtime_dependencies(/home/kcg/Autonomous_kcg/ROS2Sample/install/tracked_object_msgs/share/colcon-core/packages/tracked_object_msgs)
[1.480s] Level 1:colcon.colcon_core.environment:create_environment_scripts_only(tracked_lane_msgs)
[1.483s] Level 1:colcon.colcon_core.environment:checking '/home/kcg/Autonomous_kcg/ROS2Sample/install/tracked_lane_msgs' for CMake module files
[1.485s] Level 1:colcon.colcon_core.environment:checking '/home/kcg/Autonomous_kcg/ROS2Sample/install/tracked_lane_msgs' for CMake config files
[1.490s] Level 1:colcon.colcon_core.shell:create_environment_hook('tracked_lane_msgs', 'cmake_prefix_path')
[1.493s] INFO:colcon.colcon_core.shell:Creating environment hook '/home/kcg/Autonomous_kcg/ROS2Sample/install/tracked_lane_msgs/share/tracked_lane_msgs/hook/cmake_prefix_path.ps1'
[1.494s] INFO:colcon.colcon_core.shell:Creating environment descriptor '/home/kcg/Autonomous_kcg/ROS2Sample/install/tracked_lane_msgs/share/tracked_lane_msgs/hook/cmake_prefix_path.dsv'
[1.495s] INFO:colcon.colcon_core.shell:Creating environment hook '/home/kcg/Autonomous_kcg/ROS2Sample/install/tracked_lane_msgs/share/tracked_lane_msgs/hook/cmake_prefix_path.sh'
[1.496s] Level 1:colcon.colcon_core.environment:checking '/home/kcg/Autonomous_kcg/ROS2Sample/install/tracked_lane_msgs/lib'
[1.496s] Level 1:colcon.colcon_core.shell:create_environment_hook('tracked_lane_msgs', 'ld_library_path_lib')
[1.499s] INFO:colcon.colcon_core.shell:Creating environment hook '/home/kcg/Autonomous_kcg/ROS2Sample/install/tracked_lane_msgs/share/tracked_lane_msgs/hook/ld_library_path_lib.ps1'
[1.500s] INFO:colcon.colcon_core.shell:Creating environment descriptor '/home/kcg/Autonomous_kcg/ROS2Sample/install/tracked_lane_msgs/share/tracked_lane_msgs/hook/ld_library_path_lib.dsv'
[1.500s] INFO:colcon.colcon_core.shell:Creating environment hook '/home/kcg/Autonomous_kcg/ROS2Sample/install/tracked_lane_msgs/share/tracked_lane_msgs/hook/ld_library_path_lib.sh'
[1.501s] Level 1:colcon.colcon_core.environment:checking '/home/kcg/Autonomous_kcg/ROS2Sample/install/tracked_lane_msgs/bin'
[1.501s] Level 1:colcon.colcon_core.environment:checking '/home/kcg/Autonomous_kcg/ROS2Sample/install/tracked_lane_msgs/lib/pkgconfig/tracked_lane_msgs.pc'
[1.501s] Level 1:colcon.colcon_core.environment:checking '/home/kcg/Autonomous_kcg/ROS2Sample/install/tracked_lane_msgs/lib/python3.8/site-packages'
[1.501s] Level 1:colcon.colcon_core.shell:create_environment_hook('tracked_lane_msgs', 'pythonpath')
[1.503s] INFO:colcon.colcon_core.shell:Creating environment hook '/home/kcg/Autonomous_kcg/ROS2Sample/install/tracked_lane_msgs/share/tracked_lane_msgs/hook/pythonpath.ps1'
[1.504s] INFO:colcon.colcon_core.shell:Creating environment descriptor '/home/kcg/Autonomous_kcg/ROS2Sample/install/tracked_lane_msgs/share/tracked_lane_msgs/hook/pythonpath.dsv'
[1.504s] INFO:colcon.colcon_core.shell:Creating environment hook '/home/kcg/Autonomous_kcg/ROS2Sample/install/tracked_lane_msgs/share/tracked_lane_msgs/hook/pythonpath.sh'
[1.505s] Level 1:colcon.colcon_core.environment:checking '/home/kcg/Autonomous_kcg/ROS2Sample/install/tracked_lane_msgs/bin'
[1.507s] INFO:colcon.colcon_core.shell:Creating package script '/home/kcg/Autonomous_kcg/ROS2Sample/install/tracked_lane_msgs/share/tracked_lane_msgs/package.ps1'
[1.507s] INFO:colcon.colcon_core.shell:Creating package descriptor '/home/kcg/Autonomous_kcg/ROS2Sample/install/tracked_lane_msgs/share/tracked_lane_msgs/package.dsv'
[1.508s] INFO:colcon.colcon_core.shell:Creating package script '/home/kcg/Autonomous_kcg/ROS2Sample/install/tracked_lane_msgs/share/tracked_lane_msgs/package.sh'
[1.508s] INFO:colcon.colcon_core.shell:Creating package script '/home/kcg/Autonomous_kcg/ROS2Sample/install/tracked_lane_msgs/share/tracked_lane_msgs/package.bash'
[1.509s] INFO:colcon.colcon_core.shell:Creating package script '/home/kcg/Autonomous_kcg/ROS2Sample/install/tracked_lane_msgs/share/tracked_lane_msgs/package.zsh'
[1.509s] Level 1:colcon.colcon_core.environment:create_file_with_runtime_dependencies(/home/kcg/Autonomous_kcg/ROS2Sample/install/tracked_lane_msgs/share/colcon-core/packages/tracked_lane_msgs)
[1.510s] Level 1:colcon.colcon_core.environment:create_environment_scripts_only(cognata_sdk_ros2)
[1.512s] Level 1:colcon.colcon_core.environment:checking '/home/kcg/Autonomous_kcg/ROS2Sample/install/cognata_sdk_ros2' for CMake module files
[1.513s] DEBUG:colcon.colcon_core.event_handler.log_command:Invoked command in '/home/kcg/Autonomous_kcg/ROS2Sample/build/cognata_sdk_ros2' returned '0': CMAKE_PREFIX_PATH=${CMAKE_PREFIX_PATH}:/home/kcg/Autonomous_kcg/ROS2Sample/install/python_publisher:/opt/ros/foxy /usr/bin/cmake --install /home/kcg/Autonomous_kcg/ROS2Sample/build/cognata_sdk_ros2
[1.513s] Level 1:colcon.colcon_core.environment:checking '/home/kcg/Autonomous_kcg/ROS2Sample/install/cognata_sdk_ros2' for CMake config files
[1.514s] Level 1:colcon.colcon_core.shell:create_environment_hook('cognata_sdk_ros2', 'cmake_prefix_path')
[1.516s] INFO:colcon.colcon_core.shell:Creating environment hook '/home/kcg/Autonomous_kcg/ROS2Sample/install/cognata_sdk_ros2/share/cognata_sdk_ros2/hook/cmake_prefix_path.ps1'
[1.517s] INFO:colcon.colcon_core.shell:Creating environment descriptor '/home/kcg/Autonomous_kcg/ROS2Sample/install/cognata_sdk_ros2/share/cognata_sdk_ros2/hook/cmake_prefix_path.dsv'
[1.517s] INFO:colcon.colcon_core.shell:Creating environment hook '/home/kcg/Autonomous_kcg/ROS2Sample/install/cognata_sdk_ros2/share/cognata_sdk_ros2/hook/cmake_prefix_path.sh'
[1.518s] Level 1:colcon.colcon_core.environment:checking '/home/kcg/Autonomous_kcg/ROS2Sample/install/cognata_sdk_ros2/lib'
[1.518s] Level 1:colcon.colcon_core.shell:create_environment_hook('cognata_sdk_ros2', 'ld_library_path_lib')
[1.519s] INFO:colcon.colcon_core.shell:Creating environment hook '/home/kcg/Autonomous_kcg/ROS2Sample/install/cognata_sdk_ros2/share/cognata_sdk_ros2/hook/ld_library_path_lib.ps1'
[1.520s] INFO:colcon.colcon_core.shell:Creating environment descriptor '/home/kcg/Autonomous_kcg/ROS2Sample/install/cognata_sdk_ros2/share/cognata_sdk_ros2/hook/ld_library_path_lib.dsv'
[1.520s] INFO:colcon.colcon_core.shell:Creating environment hook '/home/kcg/Autonomous_kcg/ROS2Sample/install/cognata_sdk_ros2/share/cognata_sdk_ros2/hook/ld_library_path_lib.sh'
[1.520s] Level 1:colcon.colcon_core.environment:checking '/home/kcg/Autonomous_kcg/ROS2Sample/install/cognata_sdk_ros2/bin'
[1.520s] Level 1:colcon.colcon_core.environment:checking '/home/kcg/Autonomous_kcg/ROS2Sample/install/cognata_sdk_ros2/lib/pkgconfig/cognata_sdk_ros2.pc'
[1.521s] Level 1:colcon.colcon_core.environment:checking '/home/kcg/Autonomous_kcg/ROS2Sample/install/cognata_sdk_ros2/lib/python3.8/site-packages'
[1.521s] Level 1:colcon.colcon_core.shell:create_environment_hook('cognata_sdk_ros2', 'pythonpath')
[1.523s] INFO:colcon.colcon_core.shell:Creating environment hook '/home/kcg/Autonomous_kcg/ROS2Sample/install/cognata_sdk_ros2/share/cognata_sdk_ros2/hook/pythonpath.ps1'
[1.523s] INFO:colcon.colcon_core.shell:Creating environment descriptor '/home/kcg/Autonomous_kcg/ROS2Sample/install/cognata_sdk_ros2/share/cognata_sdk_ros2/hook/pythonpath.dsv'
[1.523s] INFO:colcon.colcon_core.shell:Creating environment hook '/home/kcg/Autonomous_kcg/ROS2Sample/install/cognata_sdk_ros2/share/cognata_sdk_ros2/hook/pythonpath.sh'
[1.524s] Level 1:colcon.colcon_core.environment:checking '/home/kcg/Autonomous_kcg/ROS2Sample/install/cognata_sdk_ros2/bin'
[1.525s] INFO:colcon.colcon_core.shell:Creating package script '/home/kcg/Autonomous_kcg/ROS2Sample/install/cognata_sdk_ros2/share/cognata_sdk_ros2/package.ps1'
[1.526s] INFO:colcon.colcon_core.shell:Creating package descriptor '/home/kcg/Autonomous_kcg/ROS2Sample/install/cognata_sdk_ros2/share/cognata_sdk_ros2/package.dsv'
[1.526s] INFO:colcon.colcon_core.shell:Creating package script '/home/kcg/Autonomous_kcg/ROS2Sample/install/cognata_sdk_ros2/share/cognata_sdk_ros2/package.sh'
[1.527s] INFO:colcon.colcon_core.shell:Creating package script '/home/kcg/Autonomous_kcg/ROS2Sample/install/cognata_sdk_ros2/share/cognata_sdk_ros2/package.bash'
[1.527s] INFO:colcon.colcon_core.shell:Creating package script '/home/kcg/Autonomous_kcg/ROS2Sample/install/cognata_sdk_ros2/share/cognata_sdk_ros2/package.zsh'
[1.527s] Level 1:colcon.colcon_core.environment:create_file_with_runtime_dependencies(/home/kcg/Autonomous_kcg/ROS2Sample/install/cognata_sdk_ros2/share/colcon-core/packages/cognata_sdk_ros2)
[1.873s] Level 1:colcon.colcon_core.environment:create_environment_scripts_only(cognata_sdk_ros2)
[1.875s] Level 1:colcon.colcon_core.environment:checking '/home/kcg/Autonomous_kcg/ROS2Sample/install/cognata_sdk_ros2' for CMake module files
[1.876s] Level 1:colcon.colcon_core.environment:checking '/home/kcg/Autonomous_kcg/ROS2Sample/install/cognata_sdk_ros2' for CMake config files
[1.877s] Level 1:colcon.colcon_core.shell:create_environment_hook('cognata_sdk_ros2', 'cmake_prefix_path')
[1.878s] INFO:colcon.colcon_core.shell:Creating environment hook '/home/kcg/Autonomous_kcg/ROS2Sample/install/cognata_sdk_ros2/share/cognata_sdk_ros2/hook/cmake_prefix_path.ps1'
[1.878s] INFO:colcon.colcon_core.shell:Creating environment descriptor '/home/kcg/Autonomous_kcg/ROS2Sample/install/cognata_sdk_ros2/share/cognata_sdk_ros2/hook/cmake_prefix_path.dsv'
[1.879s] INFO:colcon.colcon_core.shell:Creating environment hook '/home/kcg/Autonomous_kcg/ROS2Sample/install/cognata_sdk_ros2/share/cognata_sdk_ros2/hook/cmake_prefix_path.sh'
[1.879s] Level 1:colcon.colcon_core.environment:checking '/home/kcg/Autonomous_kcg/ROS2Sample/install/cognata_sdk_ros2/lib'
[1.879s] Level 1:colcon.colcon_core.shell:create_environment_hook('cognata_sdk_ros2', 'ld_library_path_lib')
[1.881s] INFO:colcon.colcon_core.shell:Creating environment hook '/home/kcg/Autonomous_kcg/ROS2Sample/install/cognata_sdk_ros2/share/cognata_sdk_ros2/hook/ld_library_path_lib.ps1'
[1.882s] INFO:colcon.colcon_core.shell:Creating environment descriptor '/home/kcg/Autonomous_kcg/ROS2Sample/install/cognata_sdk_ros2/share/cognata_sdk_ros2/hook/ld_library_path_lib.dsv'
[1.882s] INFO:colcon.colcon_core.shell:Creating environment hook '/home/kcg/Autonomous_kcg/ROS2Sample/install/cognata_sdk_ros2/share/cognata_sdk_ros2/hook/ld_library_path_lib.sh'
[1.882s] Level 1:colcon.colcon_core.environment:checking '/home/kcg/Autonomous_kcg/ROS2Sample/install/cognata_sdk_ros2/bin'
[1.882s] Level 1:colcon.colcon_core.environment:checking '/home/kcg/Autonomous_kcg/ROS2Sample/install/cognata_sdk_ros2/lib/pkgconfig/cognata_sdk_ros2.pc'
[1.883s] Level 1:colcon.colcon_core.environment:checking '/home/kcg/Autonomous_kcg/ROS2Sample/install/cognata_sdk_ros2/lib/python3.8/site-packages'
[1.883s] Level 1:colcon.colcon_core.shell:create_environment_hook('cognata_sdk_ros2', 'pythonpath')
[1.884s] INFO:colcon.colcon_core.shell:Creating environment hook '/home/kcg/Autonomous_kcg/ROS2Sample/install/cognata_sdk_ros2/share/cognata_sdk_ros2/hook/pythonpath.ps1'
[1.884s] INFO:colcon.colcon_core.shell:Creating environment descriptor '/home/kcg/Autonomous_kcg/ROS2Sample/install/cognata_sdk_ros2/share/cognata_sdk_ros2/hook/pythonpath.dsv'
[1.885s] INFO:colcon.colcon_core.shell:Creating environment hook '/home/kcg/Autonomous_kcg/ROS2Sample/install/cognata_sdk_ros2/share/cognata_sdk_ros2/hook/pythonpath.sh'
[1.886s] Level 1:colcon.colcon_core.environment:checking '/home/kcg/Autonomous_kcg/ROS2Sample/install/cognata_sdk_ros2/bin'
[1.887s] INFO:colcon.colcon_core.shell:Creating package script '/home/kcg/Autonomous_kcg/ROS2Sample/install/cognata_sdk_ros2/share/cognata_sdk_ros2/package.ps1'
[1.887s] INFO:colcon.colcon_core.shell:Creating package descriptor '/home/kcg/Autonomous_kcg/ROS2Sample/install/cognata_sdk_ros2/share/cognata_sdk_ros2/package.dsv'
[1.888s] INFO:colcon.colcon_core.shell:Creating package script '/home/kcg/Autonomous_kcg/ROS2Sample/install/cognata_sdk_ros2/share/cognata_sdk_ros2/package.sh'
[1.888s] INFO:colcon.colcon_core.shell:Creating package script '/home/kcg/Autonomous_kcg/ROS2Sample/install/cognata_sdk_ros2/share/cognata_sdk_ros2/package.bash'
[1.888s] INFO:colcon.colcon_core.shell:Creating package script '/home/kcg/Autonomous_kcg/ROS2Sample/install/cognata_sdk_ros2/share/cognata_sdk_ros2/package.zsh'
[1.889s] Level 1:colcon.colcon_core.environment:create_file_with_runtime_dependencies(/home/kcg/Autonomous_kcg/ROS2Sample/install/cognata_sdk_ros2/share/colcon-core/packages/cognata_sdk_ros2)
[1.889s] INFO:colcon.colcon_ros.task.ament_python.build:Building ROS package in '/home/kcg/Autonomous_kcg/ROS2Sample/src/python_publisher' with build type 'ament_python'
[1.890s] Level 1:colcon.colcon_core.shell:create_environment_hook('python_publisher', 'ament_prefix_path')
[1.891s] INFO:colcon.colcon_core.shell:Creating environment hook '/home/kcg/Autonomous_kcg/ROS2Sample/install/python_publisher/share/python_publisher/hook/ament_prefix_path.ps1'
[1.892s] INFO:colcon.colcon_core.shell:Creating environment descriptor '/home/kcg/Autonomous_kcg/ROS2Sample/install/python_publisher/share/python_publisher/hook/ament_prefix_path.dsv'
[1.892s] INFO:colcon.colcon_core.shell:Creating environment hook '/home/kcg/Autonomous_kcg/ROS2Sample/install/python_publisher/share/python_publisher/hook/ament_prefix_path.sh'
[1.893s] INFO:colcon.colcon_core.shell:Skip shell extension 'powershell' for command environment: Not usable outside of PowerShell
[1.894s] DEBUG:colcon.colcon_core.shell:Skip shell extension 'dsv' for command environment
[2.144s] INFO:colcon.colcon_core.task.python.build:Building Python package in '/home/kcg/Autonomous_kcg/ROS2Sample/src/python_publisher'
[2.146s] INFO:colcon.colcon_core.shell:Skip shell extension 'powershell' for command environment: Not usable outside of PowerShell
[2.146s] DEBUG:colcon.colcon_core.shell:Skip shell extension 'dsv' for command environment
[2.550s] DEBUG:colcon.colcon_core.event_handler.log_command:Invoking command in '/home/kcg/Autonomous_kcg/ROS2Sample/src/python_publisher': PYTHONPATH=/home/kcg/Autonomous_kcg/ROS2Sample/install/python_publisher/lib/python3.8/site-packages:/home/kcg/Autonomous_kcg/ROS2Sample/install/tracked_object_msgs/lib/python3.8/site-packages:/home/kcg/Autonomous_kcg/ROS2Sample/install/tracked_lane_msgs/lib/python3.8/site-packages:/home/kcg/Autonomous_kcg/ROS2Sample/install/cognata_sdk_ros2/lib/python3.8/site-packages:/home/kcg/Autonomous_kcg/ROS2Sample/install/python_publisher/lib/python3.8/site-packages:/home/kcg/Autonomous_kcg/ROS2Sample/install/autoware_auto_msgs/lib/python3.8/site-packages:/home/kcg/Autonomous_kcg/ROS2Sample/install/additional_msgs/lib/python3.8/site-packages:/home/kcg/Deliverables/colcon_workspace/install/tracked_object_msgs/lib/python3.8/site-packages:/home/kcg/Deliverables/colcon_workspace/install/tracked_lane_msgs/lib/python3.8/site-packages:/home/kcg/Autonomous_kcg/switch_ws/Deliverables/colcon_workspace/install/tracked_object_msgs/lib/python3.8/site-packages:/home/kcg/Autonomous_kcg/switch_ws/Deliverables/colcon_workspace/install/tracked_lane_msgs/lib/python3.8/site-packages:/opt/ros/foxy/lib/python3.8/site-packages /usr/bin/python3 setup.py egg_info --egg-base ../../build/python_publisher build --build-base /home/kcg/Autonomous_kcg/ROS2Sample/build/python_publisher/build install --prefix /home/kcg/Autonomous_kcg/ROS2Sample/install/python_publisher --record /home/kcg/Autonomous_kcg/ROS2Sample/build/python_publisher/install.log --single-version-externally-managed
[2.862s] Level 1:colcon.colcon_core.environment:checking '/home/kcg/Autonomous_kcg/ROS2Sample/install/python_publisher' for CMake module files
[2.863s] DEBUG:colcon.colcon_core.event_handler.log_command:Invoked command in '/home/kcg/Autonomous_kcg/ROS2Sample/src/python_publisher' returned '0': PYTHONPATH=/home/kcg/Autonomous_kcg/ROS2Sample/install/python_publisher/lib/python3.8/site-packages:/home/kcg/Autonomous_kcg/ROS2Sample/install/tracked_object_msgs/lib/python3.8/site-packages:/home/kcg/Autonomous_kcg/ROS2Sample/install/tracked_lane_msgs/lib/python3.8/site-packages:/home/kcg/Autonomous_kcg/ROS2Sample/install/cognata_sdk_ros2/lib/python3.8/site-packages:/home/kcg/Autonomous_kcg/ROS2Sample/install/python_publisher/lib/python3.8/site-packages:/home/kcg/Autonomous_kcg/ROS2Sample/install/autoware_auto_msgs/lib/python3.8/site-packages:/home/kcg/Autonomous_kcg/ROS2Sample/install/additional_msgs/lib/python3.8/site-packages:/home/kcg/Deliverables/colcon_workspace/install/tracked_object_msgs/lib/python3.8/site-packages:/home/kcg/Deliverables/colcon_workspace/install/tracked_lane_msgs/lib/python3.8/site-packages:/home/kcg/Autonomous_kcg/switch_ws/Deliverables/colcon_workspace/install/tracked_object_msgs/lib/python3.8/site-packages:/home/kcg/Autonomous_kcg/switch_ws/Deliverables/colcon_workspace/install/tracked_lane_msgs/lib/python3.8/site-packages:/opt/ros/foxy/lib/python3.8/site-packages /usr/bin/python3 setup.py egg_info --egg-base ../../build/python_publisher build --build-base /home/kcg/Autonomous_kcg/ROS2Sample/build/python_publisher/build install --prefix /home/kcg/Autonomous_kcg/ROS2Sample/install/python_publisher --record /home/kcg/Autonomous_kcg/ROS2Sample/build/python_publisher/install.log --single-version-externally-managed
[2.863s] Level 1:colcon.colcon_core.environment:checking '/home/kcg/Autonomous_kcg/ROS2Sample/install/python_publisher' for CMake config files
[2.864s] Level 1:colcon.colcon_core.environment:checking '/home/kcg/Autonomous_kcg/ROS2Sample/install/python_publisher/lib'
[2.865s] Level 1:colcon.colcon_core.environment:checking '/home/kcg/Autonomous_kcg/ROS2Sample/install/python_publisher/bin'
[2.865s] Level 1:colcon.colcon_core.environment:checking '/home/kcg/Autonomous_kcg/ROS2Sample/install/python_publisher/lib/pkgconfig/python_publisher.pc'
[2.865s] Level 1:colcon.colcon_core.environment:checking '/home/kcg/Autonomous_kcg/ROS2Sample/install/python_publisher/lib/python3.8/site-packages'
[2.865s] Level 1:colcon.colcon_core.shell:create_environment_hook('python_publisher', 'pythonpath')
[2.867s] INFO:colcon.colcon_core.shell:Creating environment hook '/home/kcg/Autonomous_kcg/ROS2Sample/install/python_publisher/share/python_publisher/hook/pythonpath.ps1'
[2.868s] INFO:colcon.colcon_core.shell:Creating environment descriptor '/home/kcg/Autonomous_kcg/ROS2Sample/install/python_publisher/share/python_publisher/hook/pythonpath.dsv'
[2.868s] INFO:colcon.colcon_core.shell:Creating environment hook '/home/kcg/Autonomous_kcg/ROS2Sample/install/python_publisher/share/python_publisher/hook/pythonpath.sh'
[2.869s] Level 1:colcon.colcon_core.environment:checking '/home/kcg/Autonomous_kcg/ROS2Sample/install/python_publisher/bin'
[2.869s] Level 1:colcon.colcon_core.environment:create_environment_scripts_only(python_publisher)
[2.870s] INFO:colcon.colcon_core.shell:Creating package script '/home/kcg/Autonomous_kcg/ROS2Sample/install/python_publisher/share/python_publisher/package.ps1'
[2.871s] INFO:colcon.colcon_core.shell:Creating package descriptor '/home/kcg/Autonomous_kcg/ROS2Sample/install/python_publisher/share/python_publisher/package.dsv'
[2.871s] INFO:colcon.colcon_core.shell:Creating package script '/home/kcg/Autonomous_kcg/ROS2Sample/install/python_publisher/share/python_publisher/package.sh'
[2.872s] INFO:colcon.colcon_core.shell:Creating package script '/home/kcg/Autonomous_kcg/ROS2Sample/install/python_publisher/share/python_publisher/package.bash'
[2.872s] INFO:colcon.colcon_core.shell:Creating package script '/home/kcg/Autonomous_kcg/ROS2Sample/install/python_publisher/share/python_publisher/package.zsh'
[2.873s] Level 1:colcon.colcon_core.environment:create_file_with_runtime_dependencies(/home/kcg/Autonomous_kcg/ROS2Sample/install/python_publisher/share/colcon-core/packages/python_publisher)
[2.873s] DEBUG:colcon.colcon_parallel_executor.executor.parallel:closing loop
[2.873s] DEBUG:colcon.colcon_parallel_executor.executor.parallel:loop closed
[2.873s] DEBUG:colcon.colcon_parallel_executor.executor.parallel:run_until_complete finished with '0'
[2.874s] DEBUG:colcon.colcon_core.event_reactor:joining thread
[2.883s] INFO:colcon.colcon_core.plugin_system:Skipping extension 'colcon_notification.desktop_notification.terminal_notifier': Not used on non-Darwin systems
[2.883s] INFO:colcon.colcon_core.plugin_system:Skipping extension 'colcon_notification.desktop_notification.win32': Not used on non-Windows systems
[2.883s] INFO:colcon.colcon_notification.desktop_notification:Sending desktop notification using 'notify2'
[2.900s] DEBUG:colcon.colcon_core.event_reactor:joined thread
[2.902s] INFO:colcon.colcon_core.shell:Creating prefix script '/home/kcg/Autonomous_kcg/ROS2Sample/install/local_setup.ps1'
[2.903s] INFO:colcon.colcon_core.shell:Creating prefix util module '/home/kcg/Autonomous_kcg/ROS2Sample/install/_local_setup_util_ps1.py'
[2.905s] INFO:colcon.colcon_core.shell:Creating prefix chain script '/home/kcg/Autonomous_kcg/ROS2Sample/install/setup.ps1'
[2.907s] INFO:colcon.colcon_core.shell:Creating prefix script '/home/kcg/Autonomous_kcg/ROS2Sample/install/local_setup.sh'
[2.908s] INFO:colcon.colcon_core.shell:Creating prefix util module '/home/kcg/Autonomous_kcg/ROS2Sample/install/_local_setup_util_sh.py'
[2.908s] INFO:colcon.colcon_core.shell:Creating prefix chain script '/home/kcg/Autonomous_kcg/ROS2Sample/install/setup.sh'
[2.910s] INFO:colcon.colcon_core.shell:Creating prefix script '/home/kcg/Autonomous_kcg/ROS2Sample/install/local_setup.bash'
[2.910s] INFO:colcon.colcon_core.shell:Creating prefix chain script '/home/kcg/Autonomous_kcg/ROS2Sample/install/setup.bash'
[2.912s] INFO:colcon.colcon_core.shell:Creating prefix script '/home/kcg/Autonomous_kcg/ROS2Sample/install/local_setup.zsh'
[2.912s] INFO:colcon.colcon_core.shell:Creating prefix chain script '/home/kcg/Autonomous_kcg/ROS2Sample/install/setup.zsh'
