[0.026s] Invoking command in '/home/shovals/copy/idan_driver_ws/idan_driver/include/autoware_auto_msgs/build/autoware_auto_geometry_msgs': CMAKE_PREFIX_PATH=/opt/ros/foxy /usr/bin/cmake /home/shovals/copy/idan_driver_ws/idan_driver/include/autoware_auto_msgs/autoware_auto_geometry_msgs -DCMAKE_INSTALL_PREFIX=/home/shovals/copy/idan_driver_ws/idan_driver/include/autoware_auto_msgs/install/autoware_auto_geometry_msgs
[0.065s] -- The C compiler identification is GNU 9.4.0
[0.105s] -- The CXX compiler identification is GNU 9.4.0
[0.109s] -- Check for working C compiler: /usr/bin/cc
[0.158s] -- Check for working C compiler: /usr/bin/cc -- works
[0.159s] -- Detecting C compiler ABI info
[0.206s] -- Detecting C compiler ABI info - done
[0.214s] -- Detecting C compile features
[0.214s] -- Detecting C compile features - done
[0.216s] -- Check for working CXX compiler: /usr/bin/c++
[0.272s] -- Check for working CXX compiler: /usr/bin/c++ -- works
[0.272s] -- Detecting CXX compiler ABI info
[0.328s] -- Detecting CXX compiler ABI info - done
[0.343s] -- Detecting CXX compile features
[0.343s] -- Detecting CXX compile features - done
[0.344s] -- Found ament_cmake_auto: 0.9.9 (/opt/ros/foxy/share/ament_cmake_auto/cmake)
[0.364s] -- Found PythonInterp: /usr/bin/python3 (found suitable version "3.8.10", minimum required is "3") 
[0.364s] -- Using PYTHON_EXECUTABLE: /usr/bin/python3
[0.526s] -- Using all available rosidl_typesupport_c: rosidl_typesupport_fastrtps_c;rosidl_typesupport_introspection_c
[0.532s] -- Found rosidl_adapter: 1.2.1 (/opt/ros/foxy/share/rosidl_adapter/cmake)
[0.611s] -- Found OpenSSL: /usr/lib/x86_64-linux-gnu/libcrypto.so (found version "1.1.1f")  
[0.630s] -- Found FastRTPS: /opt/ros/foxy/include  
[0.696s] -- Using all available rosidl_typesupport_cpp: rosidl_typesupport_fastrtps_cpp;rosidl_typesupport_introspection_cpp
[0.824s] -- Found ament_cmake_cppcheck: 0.9.6 (/opt/ros/foxy/share/ament_cmake_cppcheck/cmake)
[0.825s] -- Found ament_cmake_cpplint: 0.9.6 (/opt/ros/foxy/share/ament_cmake_cpplint/cmake)
[0.826s] -- Found ament_cmake_uncrustify: 0.9.6 (/opt/ros/foxy/share/ament_cmake_uncrustify/cmake)
[0.827s] -- Found ament_cmake_ros: 0.9.2 (/opt/ros/foxy/share/ament_cmake_ros/cmake)
[0.990s] -- Using all available rosidl_typesupport_c: rosidl_typesupport_fastrtps_c;rosidl_typesupport_introspection_c
[1.076s] -- Using all available rosidl_typesupport_cpp: rosidl_typesupport_fastrtps_cpp;rosidl_typesupport_introspection_cpp
[1.095s] -- Found PythonInterp: /usr/bin/python3 (found suitable version "3.8.10", minimum required is "3.5") 
[1.096s] -- Found python_cmake_module: 0.8.1 (/opt/ros/foxy/share/python_cmake_module/cmake)
[1.114s] -- Found PythonLibs: /usr/lib/x86_64-linux-gnu/libpython3.8.so (found suitable version "3.8.10", minimum required is "3.5") 
[1.114s] -- Using PYTHON_EXECUTABLE: /usr/bin/python3
[1.114s] -- Using PYTHON_INCLUDE_DIRS: /usr/include/python3.8
[1.115s] -- Using PYTHON_LIBRARIES: /usr/lib/x86_64-linux-gnu/libpython3.8.so
[1.130s] -- Found PythonExtra: .so  
[1.190s] -- Found ament_cmake_flake8: 0.9.6 (/opt/ros/foxy/share/ament_cmake_flake8/cmake)
[1.190s] -- Found ament_cmake_pep257: 0.9.6 (/opt/ros/foxy/share/ament_cmake_pep257/cmake)
[1.191s] -- Found ament_lint_auto: 0.9.6 (/opt/ros/foxy/share/ament_lint_auto/cmake)
[1.200s] -- Added test 'copyright' to check source files copyright and LICENSE
[1.200s] -- Added test 'lint_cmake' to check CMake code style
[1.201s] -- Added test 'xmllint' to check XML markup files
[1.204s] -- Configuring done
[1.247s] -- Generating done
[1.249s] -- Build files have been written to: /home/shovals/copy/idan_driver_ws/idan_driver/include/autoware_auto_msgs/build/autoware_auto_geometry_msgs
[1.257s] Invoked command in '/home/shovals/copy/idan_driver_ws/idan_driver/include/autoware_auto_msgs/build/autoware_auto_geometry_msgs' returned '0': CMAKE_PREFIX_PATH=/opt/ros/foxy /usr/bin/cmake /home/shovals/copy/idan_driver_ws/idan_driver/include/autoware_auto_msgs/autoware_auto_geometry_msgs -DCMAKE_INSTALL_PREFIX=/home/shovals/copy/idan_driver_ws/idan_driver/include/autoware_auto_msgs/install/autoware_auto_geometry_msgs
[1.258s] Invoking command in '/home/shovals/copy/idan_driver_ws/idan_driver/include/autoware_auto_msgs/build/autoware_auto_geometry_msgs': CMAKE_PREFIX_PATH=/opt/ros/foxy /usr/bin/cmake --build /home/shovals/copy/idan_driver_ws/idan_driver/include/autoware_auto_msgs/build/autoware_auto_geometry_msgs -- -j16 -l16
[1.289s] [35m[1mScanning dependencies of target autoware_auto_geometry_msgs__cpp[0m
[1.292s] [  2%] [34m[1mGenerating C code for ROS interfaces[0m
[1.296s] [  5%] [34m[1mGenerating C++ code for ROS interfaces[0m
[1.571s] [  5%] Built target autoware_auto_geometry_msgs__cpp
[1.581s] [  7%] [34m[1mGenerating C++ type support dispatch for ROS interfaces[0m
[1.582s] [ 10%] [34m[1mGenerating C++ introspection for ROS interfaces[0m
[1.582s] [ 12%] [34m[1mGenerating C++ type support for eProsima Fast-RTPS[0m
[1.753s] [35m[1mScanning dependencies of target autoware_auto_geometry_msgs__rosidl_generator_c[0m
[1.789s] [ 15%] [32mBuilding C object CMakeFiles/autoware_auto_geometry_msgs__rosidl_generator_c.dir/rosidl_generator_c/autoware_auto_geometry_msgs/msg/detail/relative_position_with_covariance_stamped__functions.c.o[0m
[1.802s] [ 17%] [32mBuilding C object CMakeFiles/autoware_auto_geometry_msgs__rosidl_generator_c.dir/rosidl_generator_c/autoware_auto_geometry_msgs/msg/detail/quaternion32__functions.c.o[0m
[1.909s] [ 20%] [32m[1mLinking C shared library libautoware_auto_geometry_msgs__rosidl_generator_c.so[0m
[1.946s] [35m[1mScanning dependencies of target autoware_auto_geometry_msgs__rosidl_typesupport_cpp[0m
[1.965s] [ 20%] Built target autoware_auto_geometry_msgs__rosidl_generator_c
[1.975s] [ 23%] [32mBuilding CXX object CMakeFiles/autoware_auto_geometry_msgs__rosidl_typesupport_cpp.dir/rosidl_typesupport_cpp/autoware_auto_geometry_msgs/msg/quaternion32__type_support.cpp.o[0m
[1.983s] [ 25%] [34m[1mGenerating C introspection for ROS interfaces[0m
[1.984s] [ 28%] [32mBuilding CXX object CMakeFiles/autoware_auto_geometry_msgs__rosidl_typesupport_cpp.dir/rosidl_typesupport_cpp/autoware_auto_geometry_msgs/msg/relative_position_with_covariance_stamped__type_support.cpp.o[0m
[1.999s] [ 30%] [34m[1mGenerating C type support dispatch for ROS interfaces[0m
[2.025s] [35m[1mScanning dependencies of target autoware_auto_geometry_msgs__rosidl_typesupport_introspection_cpp[0m
[2.075s] [35m[1mScanning dependencies of target autoware_auto_geometry_msgs__rosidl_typesupport_fastrtps_cpp[0m
[2.087s] [ 33%] [32mBuilding CXX object CMakeFiles/autoware_auto_geometry_msgs__rosidl_typesupport_introspection_cpp.dir/rosidl_typesupport_introspection_cpp/autoware_auto_geometry_msgs/msg/detail/quaternion32__type_support.cpp.o[0m
[2.120s] [ 35%] [32mBuilding CXX object CMakeFiles/autoware_auto_geometry_msgs__rosidl_typesupport_introspection_cpp.dir/rosidl_typesupport_introspection_cpp/autoware_auto_geometry_msgs/msg/detail/relative_position_with_covariance_stamped__type_support.cpp.o[0m
[2.145s] [ 38%] [32mBuilding CXX object CMakeFiles/autoware_auto_geometry_msgs__rosidl_typesupport_fastrtps_cpp.dir/rosidl_typesupport_fastrtps_cpp/autoware_auto_geometry_msgs/msg/detail/dds_fastrtps/quaternion32__type_support.cpp.o[0m
[2.145s] [ 41%] [32mBuilding CXX object CMakeFiles/autoware_auto_geometry_msgs__rosidl_typesupport_fastrtps_cpp.dir/rosidl_typesupport_fastrtps_cpp/autoware_auto_geometry_msgs/msg/detail/dds_fastrtps/relative_position_with_covariance_stamped__type_support.cpp.o[0m
[2.606s] [ 43%] [32m[1mLinking CXX shared library libautoware_auto_geometry_msgs__rosidl_typesupport_cpp.so[0m
[2.659s] [35m[1mScanning dependencies of target autoware_auto_geometry_msgs__rosidl_typesupport_c[0m
[2.720s] [ 46%] [32mBuilding CXX object CMakeFiles/autoware_auto_geometry_msgs__rosidl_typesupport_c.dir/rosidl_typesupport_c/autoware_auto_geometry_msgs/msg/quaternion32__type_support.cpp.o[0m
[2.733s] [35m[1mScanning dependencies of target autoware_auto_geometry_msgs__rosidl_typesupport_introspection_c[0m
[2.748s] [ 48%] [32mBuilding CXX object CMakeFiles/autoware_auto_geometry_msgs__rosidl_typesupport_c.dir/rosidl_typesupport_c/autoware_auto_geometry_msgs/msg/relative_position_with_covariance_stamped__type_support.cpp.o[0m
[2.768s] [ 48%] Built target autoware_auto_geometry_msgs__rosidl_typesupport_cpp
[2.800s] [ 51%] [32mBuilding C object CMakeFiles/autoware_auto_geometry_msgs__rosidl_typesupport_introspection_c.dir/rosidl_typesupport_introspection_c/autoware_auto_geometry_msgs/msg/detail/quaternion32__type_support.c.o[0m
[2.816s] [ 53%] [32mBuilding C object CMakeFiles/autoware_auto_geometry_msgs__rosidl_typesupport_introspection_c.dir/rosidl_typesupport_introspection_c/autoware_auto_geometry_msgs/msg/detail/relative_position_with_covariance_stamped__type_support.c.o[0m
[2.824s] [ 56%] [32m[1mLinking CXX shared library libautoware_auto_geometry_msgs__rosidl_typesupport_introspection_cpp.so[0m
[2.875s] [ 58%] [32m[1mLinking CXX shared library libautoware_auto_geometry_msgs__rosidl_typesupport_c.so[0m
[2.961s] [ 61%] [32m[1mLinking CXX shared library libautoware_auto_geometry_msgs__rosidl_typesupport_fastrtps_cpp.so[0m
[2.970s] [ 61%] Built target autoware_auto_geometry_msgs__rosidl_typesupport_c
[2.978s] [ 64%] [32m[1mLinking C shared library libautoware_auto_geometry_msgs__rosidl_typesupport_introspection_c.so[0m
[3.050s] [ 64%] Built target autoware_auto_geometry_msgs__rosidl_typesupport_introspection_cpp
[3.096s] [ 64%] Built target autoware_auto_geometry_msgs__rosidl_typesupport_introspection_c
[3.204s] [ 64%] Built target autoware_auto_geometry_msgs__rosidl_typesupport_fastrtps_cpp
[3.261s] [ 66%] [34m[1mGenerating C type support for eProsima Fast-RTPS[0m
[3.912s] [35m[1mScanning dependencies of target autoware_auto_geometry_msgs__rosidl_typesupport_fastrtps_c[0m
[3.960s] [ 69%] [32mBuilding CXX object CMakeFiles/autoware_auto_geometry_msgs__rosidl_typesupport_fastrtps_c.dir/rosidl_typesupport_fastrtps_c/autoware_auto_geometry_msgs/msg/detail/quaternion32__type_support_c.cpp.o[0m
[3.974s] [ 71%] [32mBuilding CXX object CMakeFiles/autoware_auto_geometry_msgs__rosidl_typesupport_fastrtps_c.dir/rosidl_typesupport_fastrtps_c/autoware_auto_geometry_msgs/msg/detail/relative_position_with_covariance_stamped__type_support_c.cpp.o[0m
[4.663s] [ 74%] [32m[1mLinking CXX shared library libautoware_auto_geometry_msgs__rosidl_typesupport_fastrtps_c.so[0m
[5.016s] [ 74%] Built target autoware_auto_geometry_msgs__rosidl_typesupport_fastrtps_c
[5.039s] [35m[1mScanning dependencies of target autoware_auto_geometry_msgs[0m
[5.058s] [ 74%] Built target autoware_auto_geometry_msgs
[5.097s] [35m[1mScanning dependencies of target autoware_auto_geometry_msgs__py[0m
[5.109s] [ 76%] [34m[1mGenerating Python code for ROS interfaces[0m
[5.809s] [ 76%] Built target autoware_auto_geometry_msgs__py
[5.816s] [35m[1mScanning dependencies of target autoware_auto_geometry_msgs__python[0m
[5.832s] [ 79%] [32mBuilding C object CMakeFiles/autoware_auto_geometry_msgs__python.dir/rosidl_generator_py/autoware_auto_geometry_msgs/msg/_quaternion32_s.c.o[0m
[5.833s] [ 82%] [32mBuilding C object CMakeFiles/autoware_auto_geometry_msgs__python.dir/rosidl_generator_py/autoware_auto_geometry_msgs/msg/_relative_position_with_covariance_stamped_s.c.o[0m
[5.902s] [ 84%] [32m[1mLinking C shared library rosidl_generator_py/autoware_auto_geometry_msgs/libautoware_auto_geometry_msgs__python.so[0m
[5.935s] [ 84%] Built target autoware_auto_geometry_msgs__python
[5.942s] [35m[1mScanning dependencies of target autoware_auto_geometry_msgs__rosidl_typesupport_introspection_c__pyext[0m
[5.943s] [35m[1mScanning dependencies of target autoware_auto_geometry_msgs__rosidl_typesupport_c__pyext[0m
[5.943s] [35m[1mScanning dependencies of target autoware_auto_geometry_msgs__rosidl_typesupport_fastrtps_c__pyext[0m
[5.954s] [ 87%] [32mBuilding C object CMakeFiles/autoware_auto_geometry_msgs__rosidl_typesupport_introspection_c__pyext.dir/rosidl_generator_py/autoware_auto_geometry_msgs/_autoware_auto_geometry_msgs_s.ep.rosidl_typesupport_introspection_c.c.o[0m
[5.956s] [ 89%] [32mBuilding C object CMakeFiles/autoware_auto_geometry_msgs__rosidl_typesupport_c__pyext.dir/rosidl_generator_py/autoware_auto_geometry_msgs/_autoware_auto_geometry_msgs_s.ep.rosidl_typesupport_c.c.o[0m
[5.958s] [ 92%] [32mBuilding C object CMakeFiles/autoware_auto_geometry_msgs__rosidl_typesupport_fastrtps_c__pyext.dir/rosidl_generator_py/autoware_auto_geometry_msgs/_autoware_auto_geometry_msgs_s.ep.rosidl_typesupport_fastrtps_c.c.o[0m
[6.016s] [ 94%] [32m[1mLinking C shared library rosidl_generator_py/autoware_auto_geometry_msgs/autoware_auto_geometry_msgs_s__rosidl_typesupport_introspection_c.cpython-38-x86_64-linux-gnu.so[0m
[6.018s] [ 97%] [32m[1mLinking C shared library rosidl_generator_py/autoware_auto_geometry_msgs/autoware_auto_geometry_msgs_s__rosidl_typesupport_c.cpython-38-x86_64-linux-gnu.so[0m
[6.019s] [100%] [32m[1mLinking CXX shared library rosidl_generator_py/autoware_auto_geometry_msgs/autoware_auto_geometry_msgs_s__rosidl_typesupport_fastrtps_c.cpython-38-x86_64-linux-gnu.so[0m
[6.044s] [100%] Built target autoware_auto_geometry_msgs__rosidl_typesupport_c__pyext
[6.044s] [100%] Built target autoware_auto_geometry_msgs__rosidl_typesupport_introspection_c__pyext
[6.068s] [100%] Built target autoware_auto_geometry_msgs__rosidl_typesupport_fastrtps_c__pyext
[6.076s] Invoked command in '/home/shovals/copy/idan_driver_ws/idan_driver/include/autoware_auto_msgs/build/autoware_auto_geometry_msgs' returned '0': CMAKE_PREFIX_PATH=/opt/ros/foxy /usr/bin/cmake --build /home/shovals/copy/idan_driver_ws/idan_driver/include/autoware_auto_msgs/build/autoware_auto_geometry_msgs -- -j16 -l16
[6.131s] Invoking command in '/home/shovals/copy/idan_driver_ws/idan_driver/include/autoware_auto_msgs/build/autoware_auto_geometry_msgs': CMAKE_PREFIX_PATH=/opt/ros/foxy /usr/bin/cmake --install /home/shovals/copy/idan_driver_ws/idan_driver/include/autoware_auto_msgs/build/autoware_auto_geometry_msgs
[6.138s] -- Install configuration: ""
[6.138s] -- Installing: /home/shovals/copy/idan_driver_ws/idan_driver/include/autoware_auto_msgs/install/autoware_auto_geometry_msgs/share/ament_index/resource_index/rosidl_interfaces/autoware_auto_geometry_msgs
[6.138s] -- Installing: /home/shovals/copy/idan_driver_ws/idan_driver/include/autoware_auto_msgs/install/autoware_auto_geometry_msgs/include/autoware_auto_geometry_msgs
[6.138s] -- Installing: /home/shovals/copy/idan_driver_ws/idan_driver/include/autoware_auto_msgs/install/autoware_auto_geometry_msgs/include/autoware_auto_geometry_msgs/msg
[6.138s] -- Installing: /home/shovals/copy/idan_driver_ws/idan_driver/include/autoware_auto_msgs/install/autoware_auto_geometry_msgs/include/autoware_auto_geometry_msgs/msg/relative_position_with_covariance_stamped.h
[6.138s] -- Installing: /home/shovals/copy/idan_driver_ws/idan_driver/include/autoware_auto_msgs/install/autoware_auto_geometry_msgs/include/autoware_auto_geometry_msgs/msg/rosidl_generator_c__visibility_control.h
[6.138s] -- Installing: /home/shovals/copy/idan_driver_ws/idan_driver/include/autoware_auto_msgs/install/autoware_auto_geometry_msgs/include/autoware_auto_geometry_msgs/msg/detail
[6.139s] -- Installing: /home/shovals/copy/idan_driver_ws/idan_driver/include/autoware_auto_msgs/install/autoware_auto_geometry_msgs/include/autoware_auto_geometry_msgs/msg/detail/quaternion32__functions.h
[6.139s] -- Installing: /home/shovals/copy/idan_driver_ws/idan_driver/include/autoware_auto_msgs/install/autoware_auto_geometry_msgs/include/autoware_auto_geometry_msgs/msg/detail/quaternion32__functions.c
[6.139s] -- Installing: /home/shovals/copy/idan_driver_ws/idan_driver/include/autoware_auto_msgs/install/autoware_auto_geometry_msgs/include/autoware_auto_geometry_msgs/msg/detail/relative_position_with_covariance_stamped__functions.h
[6.139s] -- Installing: /home/shovals/copy/idan_driver_ws/idan_driver/include/autoware_auto_msgs/install/autoware_auto_geometry_msgs/include/autoware_auto_geometry_msgs/msg/detail/relative_position_with_covariance_stamped__functions.c
[6.139s] -- Installing: /home/shovals/copy/idan_driver_ws/idan_driver/include/autoware_auto_msgs/install/autoware_auto_geometry_msgs/include/autoware_auto_geometry_msgs/msg/detail/quaternion32__struct.h
[6.139s] -- Installing: /home/shovals/copy/idan_driver_ws/idan_driver/include/autoware_auto_msgs/install/autoware_auto_geometry_msgs/include/autoware_auto_geometry_msgs/msg/detail/relative_position_with_covariance_stamped__struct.h
[6.139s] -- Installing: /home/shovals/copy/idan_driver_ws/idan_driver/include/autoware_auto_msgs/install/autoware_auto_geometry_msgs/include/autoware_auto_geometry_msgs/msg/detail/quaternion32__type_support.h
[6.139s] -- Installing: /home/shovals/copy/idan_driver_ws/idan_driver/include/autoware_auto_msgs/install/autoware_auto_geometry_msgs/include/autoware_auto_geometry_msgs/msg/detail/relative_position_with_covariance_stamped__type_support.h
[6.139s] -- Installing: /home/shovals/copy/idan_driver_ws/idan_driver/include/autoware_auto_msgs/install/autoware_auto_geometry_msgs/include/autoware_auto_geometry_msgs/msg/quaternion32.h
[6.139s] -- Installing: /home/shovals/copy/idan_driver_ws/idan_driver/include/autoware_auto_msgs/install/autoware_auto_geometry_msgs/share/autoware_auto_geometry_msgs/environment/library_path.sh
[6.139s] -- Installing: /home/shovals/copy/idan_driver_ws/idan_driver/include/autoware_auto_msgs/install/autoware_auto_geometry_msgs/share/autoware_auto_geometry_msgs/environment/library_path.dsv
[6.139s] -- Installing: /home/shovals/copy/idan_driver_ws/idan_driver/include/autoware_auto_msgs/install/autoware_auto_geometry_msgs/lib/libautoware_auto_geometry_msgs__rosidl_generator_c.so
[6.140s] -- Set runtime path of "/home/shovals/copy/idan_driver_ws/idan_driver/include/autoware_auto_msgs/install/autoware_auto_geometry_msgs/lib/libautoware_auto_geometry_msgs__rosidl_generator_c.so" to ""
[6.140s] -- Up-to-date: /home/shovals/copy/idan_driver_ws/idan_driver/include/autoware_auto_msgs/install/autoware_auto_geometry_msgs/include/autoware_auto_geometry_msgs
[6.140s] -- Up-to-date: /home/shovals/copy/idan_driver_ws/idan_driver/include/autoware_auto_msgs/install/autoware_auto_geometry_msgs/include/autoware_auto_geometry_msgs/msg
[6.140s] -- Installing: /home/shovals/copy/idan_driver_ws/idan_driver/include/autoware_auto_msgs/install/autoware_auto_geometry_msgs/include/autoware_auto_geometry_msgs/msg/rosidl_typesupport_fastrtps_c__visibility_control.h
[6.140s] -- Up-to-date: /home/shovals/copy/idan_driver_ws/idan_driver/include/autoware_auto_msgs/install/autoware_auto_geometry_msgs/include/autoware_auto_geometry_msgs/msg/detail
[6.140s] -- Installing: /home/shovals/copy/idan_driver_ws/idan_driver/include/autoware_auto_msgs/install/autoware_auto_geometry_msgs/include/autoware_auto_geometry_msgs/msg/detail/relative_position_with_covariance_stamped__rosidl_typesupport_fastrtps_c.h
[6.140s] -- Installing: /home/shovals/copy/idan_driver_ws/idan_driver/include/autoware_auto_msgs/install/autoware_auto_geometry_msgs/include/autoware_auto_geometry_msgs/msg/detail/quaternion32__rosidl_typesupport_fastrtps_c.h
[6.140s] -- Installing: /home/shovals/copy/idan_driver_ws/idan_driver/include/autoware_auto_msgs/install/autoware_auto_geometry_msgs/lib/libautoware_auto_geometry_msgs__rosidl_typesupport_fastrtps_c.so
[6.140s] -- Set runtime path of "/home/shovals/copy/idan_driver_ws/idan_driver/include/autoware_auto_msgs/install/autoware_auto_geometry_msgs/lib/libautoware_auto_geometry_msgs__rosidl_typesupport_fastrtps_c.so" to ""
[6.140s] -- Up-to-date: /home/shovals/copy/idan_driver_ws/idan_driver/include/autoware_auto_msgs/install/autoware_auto_geometry_msgs/include/autoware_auto_geometry_msgs
[6.140s] -- Up-to-date: /home/shovals/copy/idan_driver_ws/idan_driver/include/autoware_auto_msgs/install/autoware_auto_geometry_msgs/include/autoware_auto_geometry_msgs/msg
[6.140s] -- Installing: /home/shovals/copy/idan_driver_ws/idan_driver/include/autoware_auto_msgs/install/autoware_auto_geometry_msgs/include/autoware_auto_geometry_msgs/msg/rosidl_typesupport_fastrtps_cpp__visibility_control.h
[6.140s] -- Up-to-date: /home/shovals/copy/idan_driver_ws/idan_driver/include/autoware_auto_msgs/install/autoware_auto_geometry_msgs/include/autoware_auto_geometry_msgs/msg/detail
[6.141s] -- Installing: /home/shovals/copy/idan_driver_ws/idan_driver/include/autoware_auto_msgs/install/autoware_auto_geometry_msgs/include/autoware_auto_geometry_msgs/msg/detail/relative_position_with_covariance_stamped__rosidl_typesupport_fastrtps_cpp.hpp
[6.141s] -- Installing: /home/shovals/copy/idan_driver_ws/idan_driver/include/autoware_auto_msgs/install/autoware_auto_geometry_msgs/include/autoware_auto_geometry_msgs/msg/detail/dds_fastrtps
[6.141s] -- Installing: /home/shovals/copy/idan_driver_ws/idan_driver/include/autoware_auto_msgs/install/autoware_auto_geometry_msgs/include/autoware_auto_geometry_msgs/msg/detail/quaternion32__rosidl_typesupport_fastrtps_cpp.hpp
[6.141s] -- Installing: /home/shovals/copy/idan_driver_ws/idan_driver/include/autoware_auto_msgs/install/autoware_auto_geometry_msgs/lib/libautoware_auto_geometry_msgs__rosidl_typesupport_fastrtps_cpp.so
[6.141s] -- Set runtime path of "/home/shovals/copy/idan_driver_ws/idan_driver/include/autoware_auto_msgs/install/autoware_auto_geometry_msgs/lib/libautoware_auto_geometry_msgs__rosidl_typesupport_fastrtps_cpp.so" to ""
[6.141s] -- Up-to-date: /home/shovals/copy/idan_driver_ws/idan_driver/include/autoware_auto_msgs/install/autoware_auto_geometry_msgs/include/autoware_auto_geometry_msgs
[6.141s] -- Up-to-date: /home/shovals/copy/idan_driver_ws/idan_driver/include/autoware_auto_msgs/install/autoware_auto_geometry_msgs/include/autoware_auto_geometry_msgs/msg
[6.141s] -- Up-to-date: /home/shovals/copy/idan_driver_ws/idan_driver/include/autoware_auto_msgs/install/autoware_auto_geometry_msgs/include/autoware_auto_geometry_msgs/msg/detail
[6.141s] -- Installing: /home/shovals/copy/idan_driver_ws/idan_driver/include/autoware_auto_msgs/install/autoware_auto_geometry_msgs/include/autoware_auto_geometry_msgs/msg/detail/relative_position_with_covariance_stamped__type_support.c
[6.141s] -- Installing: /home/shovals/copy/idan_driver_ws/idan_driver/include/autoware_auto_msgs/install/autoware_auto_geometry_msgs/include/autoware_auto_geometry_msgs/msg/detail/quaternion32__type_support.c
[6.141s] -- Installing: /home/shovals/copy/idan_driver_ws/idan_driver/include/autoware_auto_msgs/install/autoware_auto_geometry_msgs/include/autoware_auto_geometry_msgs/msg/detail/relative_position_with_covariance_stamped__rosidl_typesupport_introspection_c.h
[6.141s] -- Installing: /home/shovals/copy/idan_driver_ws/idan_driver/include/autoware_auto_msgs/install/autoware_auto_geometry_msgs/include/autoware_auto_geometry_msgs/msg/detail/quaternion32__rosidl_typesupport_introspection_c.h
[6.142s] -- Installing: /home/shovals/copy/idan_driver_ws/idan_driver/include/autoware_auto_msgs/install/autoware_auto_geometry_msgs/include/autoware_auto_geometry_msgs/msg/rosidl_typesupport_introspection_c__visibility_control.h
[6.142s] -- Installing: /home/shovals/copy/idan_driver_ws/idan_driver/include/autoware_auto_msgs/install/autoware_auto_geometry_msgs/lib/libautoware_auto_geometry_msgs__rosidl_typesupport_introspection_c.so
[6.142s] -- Set runtime path of "/home/shovals/copy/idan_driver_ws/idan_driver/include/autoware_auto_msgs/install/autoware_auto_geometry_msgs/lib/libautoware_auto_geometry_msgs__rosidl_typesupport_introspection_c.so" to ""
[6.142s] -- Installing: /home/shovals/copy/idan_driver_ws/idan_driver/include/autoware_auto_msgs/install/autoware_auto_geometry_msgs/lib/libautoware_auto_geometry_msgs__rosidl_typesupport_c.so
[6.142s] -- Set runtime path of "/home/shovals/copy/idan_driver_ws/idan_driver/include/autoware_auto_msgs/install/autoware_auto_geometry_msgs/lib/libautoware_auto_geometry_msgs__rosidl_typesupport_c.so" to ""
[6.142s] -- Up-to-date: /home/shovals/copy/idan_driver_ws/idan_driver/include/autoware_auto_msgs/install/autoware_auto_geometry_msgs/include/autoware_auto_geometry_msgs
[6.142s] -- Up-to-date: /home/shovals/copy/idan_driver_ws/idan_driver/include/autoware_auto_msgs/install/autoware_auto_geometry_msgs/include/autoware_auto_geometry_msgs/msg
[6.142s] -- Up-to-date: /home/shovals/copy/idan_driver_ws/idan_driver/include/autoware_auto_msgs/install/autoware_auto_geometry_msgs/include/autoware_auto_geometry_msgs/msg/detail
[6.142s] -- Installing: /home/shovals/copy/idan_driver_ws/idan_driver/include/autoware_auto_msgs/install/autoware_auto_geometry_msgs/include/autoware_auto_geometry_msgs/msg/detail/quaternion32__builder.hpp
[6.142s] -- Installing: /home/shovals/copy/idan_driver_ws/idan_driver/include/autoware_auto_msgs/install/autoware_auto_geometry_msgs/include/autoware_auto_geometry_msgs/msg/detail/relative_position_with_covariance_stamped__builder.hpp
[6.142s] -- Installing: /home/shovals/copy/idan_driver_ws/idan_driver/include/autoware_auto_msgs/install/autoware_auto_geometry_msgs/include/autoware_auto_geometry_msgs/msg/detail/relative_position_with_covariance_stamped__traits.hpp
[6.142s] -- Installing: /home/shovals/copy/idan_driver_ws/idan_driver/include/autoware_auto_msgs/install/autoware_auto_geometry_msgs/include/autoware_auto_geometry_msgs/msg/detail/quaternion32__struct.hpp
[6.143s] -- Installing: /home/shovals/copy/idan_driver_ws/idan_driver/include/autoware_auto_msgs/install/autoware_auto_geometry_msgs/include/autoware_auto_geometry_msgs/msg/detail/relative_position_with_covariance_stamped__struct.hpp
[6.143s] -- Installing: /home/shovals/copy/idan_driver_ws/idan_driver/include/autoware_auto_msgs/install/autoware_auto_geometry_msgs/include/autoware_auto_geometry_msgs/msg/detail/quaternion32__traits.hpp
[6.143s] -- Installing: /home/shovals/copy/idan_driver_ws/idan_driver/include/autoware_auto_msgs/install/autoware_auto_geometry_msgs/include/autoware_auto_geometry_msgs/msg/quaternion32.hpp
[6.143s] -- Installing: /home/shovals/copy/idan_driver_ws/idan_driver/include/autoware_auto_msgs/install/autoware_auto_geometry_msgs/include/autoware_auto_geometry_msgs/msg/relative_position_with_covariance_stamped.hpp
[6.143s] -- Up-to-date: /home/shovals/copy/idan_driver_ws/idan_driver/include/autoware_auto_msgs/install/autoware_auto_geometry_msgs/include/autoware_auto_geometry_msgs
[6.143s] -- Up-to-date: /home/shovals/copy/idan_driver_ws/idan_driver/include/autoware_auto_msgs/install/autoware_auto_geometry_msgs/include/autoware_auto_geometry_msgs/msg
[6.143s] -- Up-to-date: /home/shovals/copy/idan_driver_ws/idan_driver/include/autoware_auto_msgs/install/autoware_auto_geometry_msgs/include/autoware_auto_geometry_msgs/msg/detail
[6.143s] -- Installing: /home/shovals/copy/idan_driver_ws/idan_driver/include/autoware_auto_msgs/install/autoware_auto_geometry_msgs/include/autoware_auto_geometry_msgs/msg/detail/quaternion32__rosidl_typesupport_introspection_cpp.hpp
[6.143s] -- Installing: /home/shovals/copy/idan_driver_ws/idan_driver/include/autoware_auto_msgs/install/autoware_auto_geometry_msgs/include/autoware_auto_geometry_msgs/msg/detail/relative_position_with_covariance_stamped__rosidl_typesupport_introspection_cpp.hpp
[6.143s] -- Installing: /home/shovals/copy/idan_driver_ws/idan_driver/include/autoware_auto_msgs/install/autoware_auto_geometry_msgs/include/autoware_auto_geometry_msgs/msg/detail/relative_position_with_covariance_stamped__type_support.cpp
[6.143s] -- Installing: /home/shovals/copy/idan_driver_ws/idan_driver/include/autoware_auto_msgs/install/autoware_auto_geometry_msgs/include/autoware_auto_geometry_msgs/msg/detail/quaternion32__type_support.cpp
[6.143s] -- Installing: /home/shovals/copy/idan_driver_ws/idan_driver/include/autoware_auto_msgs/install/autoware_auto_geometry_msgs/lib/libautoware_auto_geometry_msgs__rosidl_typesupport_introspection_cpp.so
[6.143s] -- Set runtime path of "/home/shovals/copy/idan_driver_ws/idan_driver/include/autoware_auto_msgs/install/autoware_auto_geometry_msgs/lib/libautoware_auto_geometry_msgs__rosidl_typesupport_introspection_cpp.so" to ""
[6.144s] -- Installing: /home/shovals/copy/idan_driver_ws/idan_driver/include/autoware_auto_msgs/install/autoware_auto_geometry_msgs/lib/libautoware_auto_geometry_msgs__rosidl_typesupport_cpp.so
[6.144s] -- Set runtime path of "/home/shovals/copy/idan_driver_ws/idan_driver/include/autoware_auto_msgs/install/autoware_auto_geometry_msgs/lib/libautoware_auto_geometry_msgs__rosidl_typesupport_cpp.so" to ""
[6.144s] -- Installing: /home/shovals/copy/idan_driver_ws/idan_driver/include/autoware_auto_msgs/install/autoware_auto_geometry_msgs/share/autoware_auto_geometry_msgs/environment/pythonpath.sh
[6.144s] -- Installing: /home/shovals/copy/idan_driver_ws/idan_driver/include/autoware_auto_msgs/install/autoware_auto_geometry_msgs/share/autoware_auto_geometry_msgs/environment/pythonpath.dsv
[6.144s] -- Installing: /home/shovals/copy/idan_driver_ws/idan_driver/include/autoware_auto_msgs/install/autoware_auto_geometry_msgs/lib/python3.8/site-packages/autoware_auto_geometry_msgs/__init__.py
[6.165s] Compiling '/home/shovals/copy/idan_driver_ws/idan_driver/include/autoware_auto_msgs/install/autoware_auto_geometry_msgs/lib/python3.8/site-packages/autoware_auto_geometry_msgs/__init__.py'...
[6.169s] -- Installing: /home/shovals/copy/idan_driver_ws/idan_driver/include/autoware_auto_msgs/install/autoware_auto_geometry_msgs/lib/python3.8/site-packages/autoware_auto_geometry_msgs/msg
[6.169s] -- Installing: /home/shovals/copy/idan_driver_ws/idan_driver/include/autoware_auto_msgs/install/autoware_auto_geometry_msgs/lib/python3.8/site-packages/autoware_auto_geometry_msgs/msg/__init__.py
[6.169s] -- Installing: /home/shovals/copy/idan_driver_ws/idan_driver/include/autoware_auto_msgs/install/autoware_auto_geometry_msgs/lib/python3.8/site-packages/autoware_auto_geometry_msgs/msg/_quaternion32.py
[6.170s] -- Installing: /home/shovals/copy/idan_driver_ws/idan_driver/include/autoware_auto_msgs/install/autoware_auto_geometry_msgs/lib/python3.8/site-packages/autoware_auto_geometry_msgs/msg/_quaternion32_s.c
[6.170s] -- Installing: /home/shovals/copy/idan_driver_ws/idan_driver/include/autoware_auto_msgs/install/autoware_auto_geometry_msgs/lib/python3.8/site-packages/autoware_auto_geometry_msgs/msg/_relative_position_with_covariance_stamped_s.c
[6.170s] -- Installing: /home/shovals/copy/idan_driver_ws/idan_driver/include/autoware_auto_msgs/install/autoware_auto_geometry_msgs/lib/python3.8/site-packages/autoware_auto_geometry_msgs/msg/_relative_position_with_covariance_stamped.py
[6.170s] -- Installing: /home/shovals/copy/idan_driver_ws/idan_driver/include/autoware_auto_msgs/install/autoware_auto_geometry_msgs/lib/python3.8/site-packages/autoware_auto_geometry_msgs/autoware_auto_geometry_msgs_s__rosidl_typesupport_fastrtps_c.cpython-38-x86_64-linux-gnu.so
[6.170s] -- Set runtime path of "/home/shovals/copy/idan_driver_ws/idan_driver/include/autoware_auto_msgs/install/autoware_auto_geometry_msgs/lib/python3.8/site-packages/autoware_auto_geometry_msgs/autoware_auto_geometry_msgs_s__rosidl_typesupport_fastrtps_c.cpython-38-x86_64-linux-gnu.so" to ""
[6.171s] -- Installing: /home/shovals/copy/idan_driver_ws/idan_driver/include/autoware_auto_msgs/install/autoware_auto_geometry_msgs/lib/python3.8/site-packages/autoware_auto_geometry_msgs/autoware_auto_geometry_msgs_s__rosidl_typesupport_introspection_c.cpython-38-x86_64-linux-gnu.so
[6.171s] -- Set runtime path of "/home/shovals/copy/idan_driver_ws/idan_driver/include/autoware_auto_msgs/install/autoware_auto_geometry_msgs/lib/python3.8/site-packages/autoware_auto_geometry_msgs/autoware_auto_geometry_msgs_s__rosidl_typesupport_introspection_c.cpython-38-x86_64-linux-gnu.so" to ""
[6.171s] -- Installing: /home/shovals/copy/idan_driver_ws/idan_driver/include/autoware_auto_msgs/install/autoware_auto_geometry_msgs/lib/python3.8/site-packages/autoware_auto_geometry_msgs/autoware_auto_geometry_msgs_s__rosidl_typesupport_c.cpython-38-x86_64-linux-gnu.so
[6.172s] -- Set runtime path of "/home/shovals/copy/idan_driver_ws/idan_driver/include/autoware_auto_msgs/install/autoware_auto_geometry_msgs/lib/python3.8/site-packages/autoware_auto_geometry_msgs/autoware_auto_geometry_msgs_s__rosidl_typesupport_c.cpython-38-x86_64-linux-gnu.so" to ""
[6.172s] -- Installing: /home/shovals/copy/idan_driver_ws/idan_driver/include/autoware_auto_msgs/install/autoware_auto_geometry_msgs/lib/libautoware_auto_geometry_msgs__python.so
[6.173s] -- Set runtime path of "/home/shovals/copy/idan_driver_ws/idan_driver/include/autoware_auto_msgs/install/autoware_auto_geometry_msgs/lib/libautoware_auto_geometry_msgs__python.so" to ""
[6.173s] -- Installing: /home/shovals/copy/idan_driver_ws/idan_driver/include/autoware_auto_msgs/install/autoware_auto_geometry_msgs/share/autoware_auto_geometry_msgs/msg/Quaternion32.idl
[6.173s] -- Installing: /home/shovals/copy/idan_driver_ws/idan_driver/include/autoware_auto_msgs/install/autoware_auto_geometry_msgs/share/autoware_auto_geometry_msgs/msg/RelativePositionWithCovarianceStamped.idl
[6.173s] -- Installing: /home/shovals/copy/idan_driver_ws/idan_driver/include/autoware_auto_msgs/install/autoware_auto_geometry_msgs/share/ament_index/resource_index/package_run_dependencies/autoware_auto_geometry_msgs
[6.173s] -- Installing: /home/shovals/copy/idan_driver_ws/idan_driver/include/autoware_auto_msgs/install/autoware_auto_geometry_msgs/share/ament_index/resource_index/parent_prefix_path/autoware_auto_geometry_msgs
[6.173s] -- Installing: /home/shovals/copy/idan_driver_ws/idan_driver/include/autoware_auto_msgs/install/autoware_auto_geometry_msgs/share/autoware_auto_geometry_msgs/environment/ament_prefix_path.sh
[6.174s] -- Installing: /home/shovals/copy/idan_driver_ws/idan_driver/include/autoware_auto_msgs/install/autoware_auto_geometry_msgs/share/autoware_auto_geometry_msgs/environment/ament_prefix_path.dsv
[6.174s] -- Installing: /home/shovals/copy/idan_driver_ws/idan_driver/include/autoware_auto_msgs/install/autoware_auto_geometry_msgs/share/autoware_auto_geometry_msgs/environment/path.sh
[6.174s] -- Installing: /home/shovals/copy/idan_driver_ws/idan_driver/include/autoware_auto_msgs/install/autoware_auto_geometry_msgs/share/autoware_auto_geometry_msgs/environment/path.dsv
[6.174s] -- Installing: /home/shovals/copy/idan_driver_ws/idan_driver/include/autoware_auto_msgs/install/autoware_auto_geometry_msgs/share/autoware_auto_geometry_msgs/local_setup.bash
[6.174s] -- Installing: /home/shovals/copy/idan_driver_ws/idan_driver/include/autoware_auto_msgs/install/autoware_auto_geometry_msgs/share/autoware_auto_geometry_msgs/local_setup.sh
[6.174s] -- Installing: /home/shovals/copy/idan_driver_ws/idan_driver/include/autoware_auto_msgs/install/autoware_auto_geometry_msgs/share/autoware_auto_geometry_msgs/local_setup.zsh
[6.174s] -- Installing: /home/shovals/copy/idan_driver_ws/idan_driver/include/autoware_auto_msgs/install/autoware_auto_geometry_msgs/share/autoware_auto_geometry_msgs/local_setup.dsv
[6.174s] -- Installing: /home/shovals/copy/idan_driver_ws/idan_driver/include/autoware_auto_msgs/install/autoware_auto_geometry_msgs/share/autoware_auto_geometry_msgs/package.dsv
[6.175s] -- Installing: /home/shovals/copy/idan_driver_ws/idan_driver/include/autoware_auto_msgs/install/autoware_auto_geometry_msgs/share/ament_index/resource_index/packages/autoware_auto_geometry_msgs
[6.175s] -- Installing: /home/shovals/copy/idan_driver_ws/idan_driver/include/autoware_auto_msgs/install/autoware_auto_geometry_msgs/share/autoware_auto_geometry_msgs/cmake/autoware_auto_geometry_msgs__rosidl_generator_cExport.cmake
[6.175s] -- Installing: /home/shovals/copy/idan_driver_ws/idan_driver/include/autoware_auto_msgs/install/autoware_auto_geometry_msgs/share/autoware_auto_geometry_msgs/cmake/autoware_auto_geometry_msgs__rosidl_generator_cExport-noconfig.cmake
[6.175s] -- Installing: /home/shovals/copy/idan_driver_ws/idan_driver/include/autoware_auto_msgs/install/autoware_auto_geometry_msgs/share/autoware_auto_geometry_msgs/cmake/autoware_auto_geometry_msgs__rosidl_typesupport_introspection_cExport.cmake
[6.175s] -- Installing: /home/shovals/copy/idan_driver_ws/idan_driver/include/autoware_auto_msgs/install/autoware_auto_geometry_msgs/share/autoware_auto_geometry_msgs/cmake/autoware_auto_geometry_msgs__rosidl_typesupport_introspection_cExport-noconfig.cmake
[6.176s] -- Installing: /home/shovals/copy/idan_driver_ws/idan_driver/include/autoware_auto_msgs/install/autoware_auto_geometry_msgs/share/autoware_auto_geometry_msgs/cmake/autoware_auto_geometry_msgs__rosidl_typesupport_cExport.cmake
[6.176s] -- Installing: /home/shovals/copy/idan_driver_ws/idan_driver/include/autoware_auto_msgs/install/autoware_auto_geometry_msgs/share/autoware_auto_geometry_msgs/cmake/autoware_auto_geometry_msgs__rosidl_typesupport_cExport-noconfig.cmake
[6.176s] -- Installing: /home/shovals/copy/idan_driver_ws/idan_driver/include/autoware_auto_msgs/install/autoware_auto_geometry_msgs/share/autoware_auto_geometry_msgs/cmake/autoware_auto_geometry_msgs__rosidl_generator_cppExport.cmake
[6.176s] -- Installing: /home/shovals/copy/idan_driver_ws/idan_driver/include/autoware_auto_msgs/install/autoware_auto_geometry_msgs/share/autoware_auto_geometry_msgs/cmake/autoware_auto_geometry_msgs__rosidl_typesupport_introspection_cppExport.cmake
[6.176s] -- Installing: /home/shovals/copy/idan_driver_ws/idan_driver/include/autoware_auto_msgs/install/autoware_auto_geometry_msgs/share/autoware_auto_geometry_msgs/cmake/autoware_auto_geometry_msgs__rosidl_typesupport_introspection_cppExport-noconfig.cmake
[6.176s] -- Installing: /home/shovals/copy/idan_driver_ws/idan_driver/include/autoware_auto_msgs/install/autoware_auto_geometry_msgs/share/autoware_auto_geometry_msgs/cmake/autoware_auto_geometry_msgs__rosidl_typesupport_cppExport.cmake
[6.176s] -- Installing: /home/shovals/copy/idan_driver_ws/idan_driver/include/autoware_auto_msgs/install/autoware_auto_geometry_msgs/share/autoware_auto_geometry_msgs/cmake/autoware_auto_geometry_msgs__rosidl_typesupport_cppExport-noconfig.cmake
[6.177s] -- Installing: /home/shovals/copy/idan_driver_ws/idan_driver/include/autoware_auto_msgs/install/autoware_auto_geometry_msgs/share/autoware_auto_geometry_msgs/cmake/rosidl_cmake-extras.cmake
[6.177s] -- Installing: /home/shovals/copy/idan_driver_ws/idan_driver/include/autoware_auto_msgs/install/autoware_auto_geometry_msgs/share/autoware_auto_geometry_msgs/cmake/ament_cmake_export_dependencies-extras.cmake
[6.177s] -- Installing: /home/shovals/copy/idan_driver_ws/idan_driver/include/autoware_auto_msgs/install/autoware_auto_geometry_msgs/share/autoware_auto_geometry_msgs/cmake/ament_cmake_export_libraries-extras.cmake
[6.177s] -- Installing: /home/shovals/copy/idan_driver_ws/idan_driver/include/autoware_auto_msgs/install/autoware_auto_geometry_msgs/share/autoware_auto_geometry_msgs/cmake/ament_cmake_export_targets-extras.cmake
[6.177s] -- Installing: /home/shovals/copy/idan_driver_ws/idan_driver/include/autoware_auto_msgs/install/autoware_auto_geometry_msgs/share/autoware_auto_geometry_msgs/cmake/ament_cmake_export_include_directories-extras.cmake
[6.177s] -- Installing: /home/shovals/copy/idan_driver_ws/idan_driver/include/autoware_auto_msgs/install/autoware_auto_geometry_msgs/share/autoware_auto_geometry_msgs/cmake/rosidl_cmake_export_typesupport_libraries-extras.cmake
[6.177s] -- Installing: /home/shovals/copy/idan_driver_ws/idan_driver/include/autoware_auto_msgs/install/autoware_auto_geometry_msgs/share/autoware_auto_geometry_msgs/cmake/rosidl_cmake_export_typesupport_targets-extras.cmake
[6.177s] -- Installing: /home/shovals/copy/idan_driver_ws/idan_driver/include/autoware_auto_msgs/install/autoware_auto_geometry_msgs/share/autoware_auto_geometry_msgs/cmake/autoware_auto_geometry_msgsConfig.cmake
[6.177s] -- Installing: /home/shovals/copy/idan_driver_ws/idan_driver/include/autoware_auto_msgs/install/autoware_auto_geometry_msgs/share/autoware_auto_geometry_msgs/cmake/autoware_auto_geometry_msgsConfig-version.cmake
[6.178s] -- Installing: /home/shovals/copy/idan_driver_ws/idan_driver/include/autoware_auto_msgs/install/autoware_auto_geometry_msgs/share/autoware_auto_geometry_msgs/package.xml
[6.180s] Invoked command in '/home/shovals/copy/idan_driver_ws/idan_driver/include/autoware_auto_msgs/build/autoware_auto_geometry_msgs' returned '0': CMAKE_PREFIX_PATH=/opt/ros/foxy /usr/bin/cmake --install /home/shovals/copy/idan_driver_ws/idan_driver/include/autoware_auto_msgs/build/autoware_auto_geometry_msgs
