[1.769s] Invoking command in '/home/kcg/Autonomous_kcg/ROS2Sample/src/python_publisher': AMENT_PREFIX_PATH=/home/kcg/Autonomous_kcg/ROS2Sample/install/cognata_sdk_ros2:${AMENT_PREFIX_PATH} CMAKE_PREFIX_PATH=/home/kcg/Autonomous_kcg/ROS2Sample/install/cognata_sdk_ros2 LD_LIBRARY_PATH=/home/kcg/Autonomous_kcg/ROS2Sample/install/cognata_sdk_ros2/lib:${LD_LIBRARY_PATH} PYTHONPATH=/home/kcg/Autonomous_kcg/ROS2Sample/install/python_publisher/lib/python3.8/site-packages:/home/kcg/Autonomous_kcg/ROS2Sample/install/cognata_sdk_ros2/lib/python3.8/site-packages:${PYTHONPATH} /usr/bin/python3 setup.py egg_info --egg-base ../../build/python_publisher build --build-base /home/kcg/Autonomous_kcg/ROS2Sample/build/python_publisher/build install --prefix /home/kcg/Autonomous_kcg/ROS2Sample/install/python_publisher --record /home/kcg/Autonomous_kcg/ROS2Sample/build/python_publisher/install.log --single-version-externally-managed
[1.950s] running egg_info
[1.951s] creating ../../build/python_publisher/python_publisher.egg-info
[1.951s] writing ../../build/python_publisher/python_publisher.egg-info/PKG-INFO
[1.951s] writing dependency_links to ../../build/python_publisher/python_publisher.egg-info/dependency_links.txt
[1.951s] writing entry points to ../../build/python_publisher/python_publisher.egg-info/entry_points.txt
[1.951s] writing requirements to ../../build/python_publisher/python_publisher.egg-info/requires.txt
[1.951s] writing top-level names to ../../build/python_publisher/python_publisher.egg-info/top_level.txt
[2.286s] writing manifest file '../../build/python_publisher/python_publisher.egg-info/SOURCES.txt'
[2.348s] reading manifest file '../../build/python_publisher/python_publisher.egg-info/SOURCES.txt'
[2.348s] writing manifest file '../../build/python_publisher/python_publisher.egg-info/SOURCES.txt'
[2.434s] running build
[2.434s] running build_py
[2.435s] creating /home/kcg/Autonomous_kcg/ROS2Sample/build/python_publisher/build
[2.436s] creating /home/kcg/Autonomous_kcg/ROS2Sample/build/python_publisher/build/lib
[2.436s] creating /home/kcg/Autonomous_kcg/ROS2Sample/build/python_publisher/build/lib/python_publisher
[2.437s] copying python_publisher/controllerPID.py -> /home/kcg/Autonomous_kcg/ROS2Sample/build/python_publisher/build/lib/python_publisher
[2.438s] copying python_publisher/steertry.py -> /home/kcg/Autonomous_kcg/ROS2Sample/build/python_publisher/build/lib/python_publisher
[2.438s] copying python_publisher/controllerPID_test.py -> /home/kcg/Autonomous_kcg/ROS2Sample/build/python_publisher/build/lib/python_publisher
[2.440s] copying python_publisher/adaptive_cruise_control.py -> /home/kcg/Autonomous_kcg/ROS2Sample/build/python_publisher/build/lib/python_publisher
[2.440s] copying python_publisher/google_earth_viz.py -> /home/kcg/Autonomous_kcg/ROS2Sample/build/python_publisher/build/lib/python_publisher
[2.441s] copying python_publisher/__init__.py -> /home/kcg/Autonomous_kcg/ROS2Sample/build/python_publisher/build/lib/python_publisher
[2.442s] copying python_publisher/record_sub.py -> /home/kcg/Autonomous_kcg/ROS2Sample/build/python_publisher/build/lib/python_publisher
[2.443s] creating /home/kcg/Autonomous_kcg/ROS2Sample/build/python_publisher/build/lib/python_publisher/submodules
[2.444s] copying python_publisher/submodules/lane_reader.py -> /home/kcg/Autonomous_kcg/ROS2Sample/build/python_publisher/build/lib/python_publisher/submodules
[2.444s] copying python_publisher/submodules/Pure_Pursuit.py -> /home/kcg/Autonomous_kcg/ROS2Sample/build/python_publisher/build/lib/python_publisher/submodules
[2.445s] copying python_publisher/submodules/switch_cognata.py -> /home/kcg/Autonomous_kcg/ROS2Sample/build/python_publisher/build/lib/python_publisher/submodules
[2.445s] copying python_publisher/submodules/__init__.py -> /home/kcg/Autonomous_kcg/ROS2Sample/build/python_publisher/build/lib/python_publisher/submodules
[2.446s] running install
[2.450s] running install_lib
[2.454s] creating /home/kcg/Autonomous_kcg/ROS2Sample/install/python_publisher/lib/python3.8/site-packages/python_publisher
[2.455s] copying /home/kcg/Autonomous_kcg/ROS2Sample/build/python_publisher/build/lib/python_publisher/controllerPID.py -> /home/kcg/Autonomous_kcg/ROS2Sample/install/python_publisher/lib/python3.8/site-packages/python_publisher
[2.455s] creating /home/kcg/Autonomous_kcg/ROS2Sample/install/python_publisher/lib/python3.8/site-packages/python_publisher/submodules
[2.456s] copying /home/kcg/Autonomous_kcg/ROS2Sample/build/python_publisher/build/lib/python_publisher/submodules/lane_reader.py -> /home/kcg/Autonomous_kcg/ROS2Sample/install/python_publisher/lib/python3.8/site-packages/python_publisher/submodules
[2.457s] copying /home/kcg/Autonomous_kcg/ROS2Sample/build/python_publisher/build/lib/python_publisher/submodules/Pure_Pursuit.py -> /home/kcg/Autonomous_kcg/ROS2Sample/install/python_publisher/lib/python3.8/site-packages/python_publisher/submodules
[2.458s] copying /home/kcg/Autonomous_kcg/ROS2Sample/build/python_publisher/build/lib/python_publisher/submodules/switch_cognata.py -> /home/kcg/Autonomous_kcg/ROS2Sample/install/python_publisher/lib/python3.8/site-packages/python_publisher/submodules
[2.459s] copying /home/kcg/Autonomous_kcg/ROS2Sample/build/python_publisher/build/lib/python_publisher/submodules/__init__.py -> /home/kcg/Autonomous_kcg/ROS2Sample/install/python_publisher/lib/python3.8/site-packages/python_publisher/submodules
[2.459s] copying /home/kcg/Autonomous_kcg/ROS2Sample/build/python_publisher/build/lib/python_publisher/steertry.py -> /home/kcg/Autonomous_kcg/ROS2Sample/install/python_publisher/lib/python3.8/site-packages/python_publisher
[2.460s] copying /home/kcg/Autonomous_kcg/ROS2Sample/build/python_publisher/build/lib/python_publisher/controllerPID_test.py -> /home/kcg/Autonomous_kcg/ROS2Sample/install/python_publisher/lib/python3.8/site-packages/python_publisher
[2.461s] copying /home/kcg/Autonomous_kcg/ROS2Sample/build/python_publisher/build/lib/python_publisher/adaptive_cruise_control.py -> /home/kcg/Autonomous_kcg/ROS2Sample/install/python_publisher/lib/python3.8/site-packages/python_publisher
[2.461s] copying /home/kcg/Autonomous_kcg/ROS2Sample/build/python_publisher/build/lib/python_publisher/google_earth_viz.py -> /home/kcg/Autonomous_kcg/ROS2Sample/install/python_publisher/lib/python3.8/site-packages/python_publisher
[2.462s] copying /home/kcg/Autonomous_kcg/ROS2Sample/build/python_publisher/build/lib/python_publisher/__init__.py -> /home/kcg/Autonomous_kcg/ROS2Sample/install/python_publisher/lib/python3.8/site-packages/python_publisher
[2.462s] copying /home/kcg/Autonomous_kcg/ROS2Sample/build/python_publisher/build/lib/python_publisher/record_sub.py -> /home/kcg/Autonomous_kcg/ROS2Sample/install/python_publisher/lib/python3.8/site-packages/python_publisher
[2.463s] byte-compiling /home/kcg/Autonomous_kcg/ROS2Sample/install/python_publisher/lib/python3.8/site-packages/python_publisher/controllerPID.py to controllerPID.cpython-38.pyc
[2.468s] byte-compiling /home/kcg/Autonomous_kcg/ROS2Sample/install/python_publisher/lib/python3.8/site-packages/python_publisher/submodules/lane_reader.py to lane_reader.cpython-38.pyc
[2.469s] byte-compiling /home/kcg/Autonomous_kcg/ROS2Sample/install/python_publisher/lib/python3.8/site-packages/python_publisher/submodules/Pure_Pursuit.py to Pure_Pursuit.cpython-38.pyc
[2.470s] byte-compiling /home/kcg/Autonomous_kcg/ROS2Sample/install/python_publisher/lib/python3.8/site-packages/python_publisher/submodules/switch_cognata.py to switch_cognata.cpython-38.pyc
[2.473s] byte-compiling /home/kcg/Autonomous_kcg/ROS2Sample/install/python_publisher/lib/python3.8/site-packages/python_publisher/submodules/__init__.py to __init__.cpython-38.pyc
[2.473s] byte-compiling /home/kcg/Autonomous_kcg/ROS2Sample/install/python_publisher/lib/python3.8/site-packages/python_publisher/steertry.py to steertry.cpython-38.pyc
[2.474s] byte-compiling /home/kcg/Autonomous_kcg/ROS2Sample/install/python_publisher/lib/python3.8/site-packages/python_publisher/controllerPID_test.py to controllerPID_test.cpython-38.pyc
[2.475s] byte-compiling /home/kcg/Autonomous_kcg/ROS2Sample/install/python_publisher/lib/python3.8/site-packages/python_publisher/adaptive_cruise_control.py to adaptive_cruise_control.cpython-38.pyc
[2.478s] byte-compiling /home/kcg/Autonomous_kcg/ROS2Sample/install/python_publisher/lib/python3.8/site-packages/python_publisher/google_earth_viz.py to google_earth_viz.cpython-38.pyc
[2.479s] byte-compiling /home/kcg/Autonomous_kcg/ROS2Sample/install/python_publisher/lib/python3.8/site-packages/python_publisher/__init__.py to __init__.cpython-38.pyc
[2.479s] byte-compiling /home/kcg/Autonomous_kcg/ROS2Sample/install/python_publisher/lib/python3.8/site-packages/python_publisher/record_sub.py to record_sub.cpython-38.pyc
[2.480s] running install_data
[2.481s] creating /home/kcg/Autonomous_kcg/ROS2Sample/install/python_publisher/share/ament_index
[2.481s] creating /home/kcg/Autonomous_kcg/ROS2Sample/install/python_publisher/share/ament_index/resource_index
[2.481s] creating /home/kcg/Autonomous_kcg/ROS2Sample/install/python_publisher/share/ament_index/resource_index/packages
[2.481s] copying resource/python_publisher -> /home/kcg/Autonomous_kcg/ROS2Sample/install/python_publisher/share/ament_index/resource_index/packages
[2.481s] copying package.xml -> /home/kcg/Autonomous_kcg/ROS2Sample/install/python_publisher/share/python_publisher
[2.481s] running install_egg_info
[2.483s] Copying ../../build/python_publisher/python_publisher.egg-info to /home/kcg/Autonomous_kcg/ROS2Sample/install/python_publisher/lib/python3.8/site-packages/python_publisher-0.0.0-py3.8.egg-info
[2.484s] running install_scripts
[2.500s] Installing acc script to /home/kcg/Autonomous_kcg/ROS2Sample/install/python_publisher/lib/python_publisher
[2.500s] Installing gev script to /home/kcg/Autonomous_kcg/ROS2Sample/install/python_publisher/lib/python_publisher
[2.500s] Installing pid script to /home/kcg/Autonomous_kcg/ROS2Sample/install/python_publisher/lib/python_publisher
[2.500s] Installing publisher script to /home/kcg/Autonomous_kcg/ROS2Sample/install/python_publisher/lib/python_publisher
[2.500s] Installing rcc script to /home/kcg/Autonomous_kcg/ROS2Sample/install/python_publisher/lib/python_publisher
[2.501s] writing list of installed files to '/home/kcg/Autonomous_kcg/ROS2Sample/build/python_publisher/install.log'
[2.521s] Invoked command in '/home/kcg/Autonomous_kcg/ROS2Sample/src/python_publisher' returned '0': AMENT_PREFIX_PATH=/home/kcg/Autonomous_kcg/ROS2Sample/install/cognata_sdk_ros2:${AMENT_PREFIX_PATH} CMAKE_PREFIX_PATH=/home/kcg/Autonomous_kcg/ROS2Sample/install/cognata_sdk_ros2 LD_LIBRARY_PATH=/home/kcg/Autonomous_kcg/ROS2Sample/install/cognata_sdk_ros2/lib:${LD_LIBRARY_PATH} PYTHONPATH=/home/kcg/Autonomous_kcg/ROS2Sample/install/python_publisher/lib/python3.8/site-packages:/home/kcg/Autonomous_kcg/ROS2Sample/install/cognata_sdk_ros2/lib/python3.8/site-packages:${PYTHONPATH} /usr/bin/python3 setup.py egg_info --egg-base ../../build/python_publisher build --build-base /home/kcg/Autonomous_kcg/ROS2Sample/build/python_publisher/build install --prefix /home/kcg/Autonomous_kcg/ROS2Sample/install/python_publisher --record /home/kcg/Autonomous_kcg/ROS2Sample/build/python_publisher/install.log --single-version-externally-managed
