[0.048s] Invoking command in '/home/kcg/Autonomous_kcg/ROS2Sample/build/additional_msgs': CMAKE_PREFIX_PATH=${CMAKE_PREFIX_PATH}:/home/kcg/Autonomous_kcg/ROS2Sample/install/python_publisher:/opt/ros/foxy /usr/bin/cmake --build /home/kcg/Autonomous_kcg/ROS2Sample/build/additional_msgs -- -j8 -l8
[0.140s] [  3%] Built target additional_msgs__cpp
[0.146s] [ 12%] Built target additional_msgs__rosidl_generator_c
[0.270s] [ 22%] Built target additional_msgs__rosidl_typesupport_cpp
[0.285s] [ 32%] Built target additional_msgs__rosidl_typesupport_introspection_cpp
[0.286s] [ 41%] Built target additional_msgs__rosidl_typesupport_fastrtps_cpp
[0.292s] [ 51%] Built target additional_msgs__rosidl_typesupport_introspection_c
[0.296s] [ 61%] Built target additional_msgs__rosidl_typesupport_c
[0.328s] [ 70%] Built target additional_msgs__rosidl_typesupport_fastrtps_c
[0.351s] [ 70%] Built target additional_msgs
[0.381s] [ 74%] Built target additional_msgs__py
[0.418s] [ 80%] Built target additional_msgs__python
[0.500s] [ 87%] Built target additional_msgs__rosidl_typesupport_c__pyext
[0.503s] [ 93%] Built target additional_msgs__rosidl_typesupport_fastrtps_c__pyext
[0.510s] [100%] Built target additional_msgs__rosidl_typesupport_introspection_c__pyext
[0.527s] Invoked command in '/home/kcg/Autonomous_kcg/ROS2Sample/build/additional_msgs' returned '0': CMAKE_PREFIX_PATH=${CMAKE_PREFIX_PATH}:/home/kcg/Autonomous_kcg/ROS2Sample/install/python_publisher:/opt/ros/foxy /usr/bin/cmake --build /home/kcg/Autonomous_kcg/ROS2Sample/build/additional_msgs -- -j8 -l8
[0.611s] Invoking command in '/home/kcg/Autonomous_kcg/ROS2Sample/build/additional_msgs': CMAKE_PREFIX_PATH=${CMAKE_PREFIX_PATH}:/home/kcg/Autonomous_kcg/ROS2Sample/install/python_publisher:/opt/ros/foxy /usr/bin/cmake --install /home/kcg/Autonomous_kcg/ROS2Sample/build/additional_msgs
[0.626s] -- Install configuration: ""
[0.626s] -- Up-to-date: /home/kcg/Autonomous_kcg/ROS2Sample/install/additional_msgs/share/ament_index/resource_index/rosidl_interfaces/additional_msgs
[0.626s] -- Up-to-date: /home/kcg/Autonomous_kcg/ROS2Sample/install/additional_msgs/include/additional_msgs
[0.626s] -- Up-to-date: /home/kcg/Autonomous_kcg/ROS2Sample/install/additional_msgs/include/additional_msgs/msg
[0.627s] -- Up-to-date: /home/kcg/Autonomous_kcg/ROS2Sample/install/additional_msgs/include/additional_msgs/msg/rosidl_generator_c__visibility_control.h
[0.627s] -- Up-to-date: /home/kcg/Autonomous_kcg/ROS2Sample/install/additional_msgs/include/additional_msgs/msg/can_packet.h
[0.627s] -- Up-to-date: /home/kcg/Autonomous_kcg/ROS2Sample/install/additional_msgs/include/additional_msgs/msg/detail
[0.627s] -- Up-to-date: /home/kcg/Autonomous_kcg/ROS2Sample/install/additional_msgs/include/additional_msgs/msg/detail/can_packet__functions.h
[0.627s] -- Up-to-date: /home/kcg/Autonomous_kcg/ROS2Sample/install/additional_msgs/include/additional_msgs/msg/detail/can_packet__struct.h
[0.628s] -- Up-to-date: /home/kcg/Autonomous_kcg/ROS2Sample/install/additional_msgs/include/additional_msgs/msg/detail/can_packet__type_support.h
[0.628s] -- Up-to-date: /home/kcg/Autonomous_kcg/ROS2Sample/install/additional_msgs/include/additional_msgs/msg/detail/can_packet__functions.c
[0.628s] -- Up-to-date: /home/kcg/Autonomous_kcg/ROS2Sample/install/additional_msgs/share/additional_msgs/environment/library_path.sh
[0.628s] -- Up-to-date: /home/kcg/Autonomous_kcg/ROS2Sample/install/additional_msgs/share/additional_msgs/environment/library_path.dsv
[0.628s] -- Up-to-date: /home/kcg/Autonomous_kcg/ROS2Sample/install/additional_msgs/lib/libadditional_msgs__rosidl_generator_c.so
[0.629s] -- Up-to-date: /home/kcg/Autonomous_kcg/ROS2Sample/install/additional_msgs/include/additional_msgs
[0.629s] -- Up-to-date: /home/kcg/Autonomous_kcg/ROS2Sample/install/additional_msgs/include/additional_msgs/msg
[0.629s] -- Up-to-date: /home/kcg/Autonomous_kcg/ROS2Sample/install/additional_msgs/include/additional_msgs/msg/rosidl_typesupport_fastrtps_c__visibility_control.h
[0.629s] -- Up-to-date: /home/kcg/Autonomous_kcg/ROS2Sample/install/additional_msgs/include/additional_msgs/msg/detail
[0.629s] -- Up-to-date: /home/kcg/Autonomous_kcg/ROS2Sample/install/additional_msgs/include/additional_msgs/msg/detail/can_packet__rosidl_typesupport_fastrtps_c.h
[0.629s] -- Up-to-date: /home/kcg/Autonomous_kcg/ROS2Sample/install/additional_msgs/lib/libadditional_msgs__rosidl_typesupport_fastrtps_c.so
[0.630s] -- Up-to-date: /home/kcg/Autonomous_kcg/ROS2Sample/install/additional_msgs/include/additional_msgs
[0.630s] -- Up-to-date: /home/kcg/Autonomous_kcg/ROS2Sample/install/additional_msgs/include/additional_msgs/msg
[0.631s] -- Up-to-date: /home/kcg/Autonomous_kcg/ROS2Sample/install/additional_msgs/include/additional_msgs/msg/detail
[0.631s] -- Up-to-date: /home/kcg/Autonomous_kcg/ROS2Sample/install/additional_msgs/include/additional_msgs/msg/detail/dds_fastrtps
[0.631s] -- Up-to-date: /home/kcg/Autonomous_kcg/ROS2Sample/install/additional_msgs/include/additional_msgs/msg/detail/can_packet__rosidl_typesupport_fastrtps_cpp.hpp
[0.632s] -- Up-to-date: /home/kcg/Autonomous_kcg/ROS2Sample/install/additional_msgs/include/additional_msgs/msg/rosidl_typesupport_fastrtps_cpp__visibility_control.h
[0.633s] -- Up-to-date: /home/kcg/Autonomous_kcg/ROS2Sample/install/additional_msgs/lib/libadditional_msgs__rosidl_typesupport_fastrtps_cpp.so
[0.634s] -- Up-to-date: /home/kcg/Autonomous_kcg/ROS2Sample/install/additional_msgs/include/additional_msgs
[0.635s] -- Up-to-date: /home/kcg/Autonomous_kcg/ROS2Sample/install/additional_msgs/include/additional_msgs/msg
[0.635s] -- Up-to-date: /home/kcg/Autonomous_kcg/ROS2Sample/install/additional_msgs/include/additional_msgs/msg/rosidl_typesupport_introspection_c__visibility_control.h
[0.635s] -- Up-to-date: /home/kcg/Autonomous_kcg/ROS2Sample/install/additional_msgs/include/additional_msgs/msg/detail
[0.636s] -- Up-to-date: /home/kcg/Autonomous_kcg/ROS2Sample/install/additional_msgs/include/additional_msgs/msg/detail/can_packet__rosidl_typesupport_introspection_c.h
[0.636s] -- Up-to-date: /home/kcg/Autonomous_kcg/ROS2Sample/install/additional_msgs/include/additional_msgs/msg/detail/can_packet__type_support.c
[0.637s] -- Up-to-date: /home/kcg/Autonomous_kcg/ROS2Sample/install/additional_msgs/lib/libadditional_msgs__rosidl_typesupport_introspection_c.so
[0.639s] -- Up-to-date: /home/kcg/Autonomous_kcg/ROS2Sample/install/additional_msgs/lib/libadditional_msgs__rosidl_typesupport_c.so
[0.639s] -- Up-to-date: /home/kcg/Autonomous_kcg/ROS2Sample/install/additional_msgs/include/additional_msgs
[0.640s] -- Up-to-date: /home/kcg/Autonomous_kcg/ROS2Sample/install/additional_msgs/include/additional_msgs/msg
[0.643s] -- Up-to-date: /home/kcg/Autonomous_kcg/ROS2Sample/install/additional_msgs/include/additional_msgs/msg/detail
[0.644s] -- Up-to-date: /home/kcg/Autonomous_kcg/ROS2Sample/install/additional_msgs/include/additional_msgs/msg/detail/can_packet__traits.hpp
[0.645s] -- Up-to-date: /home/kcg/Autonomous_kcg/ROS2Sample/install/additional_msgs/include/additional_msgs/msg/detail/can_packet__builder.hpp
[0.645s] -- Up-to-date: /home/kcg/Autonomous_kcg/ROS2Sample/install/additional_msgs/include/additional_msgs/msg/detail/can_packet__struct.hpp
[0.645s] -- Up-to-date: /home/kcg/Autonomous_kcg/ROS2Sample/install/additional_msgs/include/additional_msgs/msg/can_packet.hpp
[0.646s] -- Up-to-date: /home/kcg/Autonomous_kcg/ROS2Sample/install/additional_msgs/include/additional_msgs
[0.646s] -- Up-to-date: /home/kcg/Autonomous_kcg/ROS2Sample/install/additional_msgs/include/additional_msgs/msg
[0.646s] -- Up-to-date: /home/kcg/Autonomous_kcg/ROS2Sample/install/additional_msgs/include/additional_msgs/msg/detail
[0.646s] -- Up-to-date: /home/kcg/Autonomous_kcg/ROS2Sample/install/additional_msgs/include/additional_msgs/msg/detail/can_packet__type_support.cpp
[0.647s] -- Up-to-date: /home/kcg/Autonomous_kcg/ROS2Sample/install/additional_msgs/include/additional_msgs/msg/detail/can_packet__rosidl_typesupport_introspection_cpp.hpp
[0.647s] -- Up-to-date: /home/kcg/Autonomous_kcg/ROS2Sample/install/additional_msgs/lib/libadditional_msgs__rosidl_typesupport_introspection_cpp.so
[0.654s] -- Up-to-date: /home/kcg/Autonomous_kcg/ROS2Sample/install/additional_msgs/lib/libadditional_msgs__rosidl_typesupport_cpp.so
[0.654s] -- Up-to-date: /home/kcg/Autonomous_kcg/ROS2Sample/install/additional_msgs/share/additional_msgs/environment/pythonpath.sh
[0.654s] -- Up-to-date: /home/kcg/Autonomous_kcg/ROS2Sample/install/additional_msgs/share/additional_msgs/environment/pythonpath.dsv
[0.655s] -- Up-to-date: /home/kcg/Autonomous_kcg/ROS2Sample/install/additional_msgs/lib/python3.8/site-packages/additional_msgs/__init__.py
[0.693s] -- Up-to-date: /home/kcg/Autonomous_kcg/ROS2Sample/install/additional_msgs/lib/python3.8/site-packages/additional_msgs/msg
[0.693s] -- Up-to-date: /home/kcg/Autonomous_kcg/ROS2Sample/install/additional_msgs/lib/python3.8/site-packages/additional_msgs/msg/_can_packet_s.c
[0.693s] -- Up-to-date: /home/kcg/Autonomous_kcg/ROS2Sample/install/additional_msgs/lib/python3.8/site-packages/additional_msgs/msg/_can_packet.py
[0.694s] -- Up-to-date: /home/kcg/Autonomous_kcg/ROS2Sample/install/additional_msgs/lib/python3.8/site-packages/additional_msgs/msg/__init__.py
[0.694s] -- Up-to-date: /home/kcg/Autonomous_kcg/ROS2Sample/install/additional_msgs/lib/python3.8/site-packages/additional_msgs/additional_msgs_s__rosidl_typesupport_fastrtps_c.cpython-38-x86_64-linux-gnu.so
[0.695s] -- Up-to-date: /home/kcg/Autonomous_kcg/ROS2Sample/install/additional_msgs/lib/python3.8/site-packages/additional_msgs/additional_msgs_s__rosidl_typesupport_introspection_c.cpython-38-x86_64-linux-gnu.so
[0.696s] -- Up-to-date: /home/kcg/Autonomous_kcg/ROS2Sample/install/additional_msgs/lib/python3.8/site-packages/additional_msgs/additional_msgs_s__rosidl_typesupport_c.cpython-38-x86_64-linux-gnu.so
[0.697s] -- Up-to-date: /home/kcg/Autonomous_kcg/ROS2Sample/install/additional_msgs/lib/libadditional_msgs__python.so
[0.698s] -- Up-to-date: /home/kcg/Autonomous_kcg/ROS2Sample/install/additional_msgs/share/additional_msgs/msg/CanPacket.idl
[0.698s] -- Up-to-date: /home/kcg/Autonomous_kcg/ROS2Sample/install/additional_msgs/share/ament_index/resource_index/package_run_dependencies/additional_msgs
[0.699s] -- Up-to-date: /home/kcg/Autonomous_kcg/ROS2Sample/install/additional_msgs/share/ament_index/resource_index/parent_prefix_path/additional_msgs
[0.699s] -- Up-to-date: /home/kcg/Autonomous_kcg/ROS2Sample/install/additional_msgs/share/additional_msgs/environment/ament_prefix_path.sh
[0.699s] -- Up-to-date: /home/kcg/Autonomous_kcg/ROS2Sample/install/additional_msgs/share/additional_msgs/environment/ament_prefix_path.dsv
[0.699s] -- Up-to-date: /home/kcg/Autonomous_kcg/ROS2Sample/install/additional_msgs/share/additional_msgs/environment/path.sh
[0.700s] -- Up-to-date: /home/kcg/Autonomous_kcg/ROS2Sample/install/additional_msgs/share/additional_msgs/environment/path.dsv
[0.700s] -- Up-to-date: /home/kcg/Autonomous_kcg/ROS2Sample/install/additional_msgs/share/additional_msgs/local_setup.bash
[0.700s] -- Up-to-date: /home/kcg/Autonomous_kcg/ROS2Sample/install/additional_msgs/share/additional_msgs/local_setup.sh
[0.700s] -- Up-to-date: /home/kcg/Autonomous_kcg/ROS2Sample/install/additional_msgs/share/additional_msgs/local_setup.zsh
[0.700s] -- Up-to-date: /home/kcg/Autonomous_kcg/ROS2Sample/install/additional_msgs/share/additional_msgs/local_setup.dsv
[0.701s] -- Installing: /home/kcg/Autonomous_kcg/ROS2Sample/install/additional_msgs/share/additional_msgs/package.dsv
[0.701s] -- Up-to-date: /home/kcg/Autonomous_kcg/ROS2Sample/install/additional_msgs/share/ament_index/resource_index/packages/additional_msgs
[0.701s] -- Up-to-date: /home/kcg/Autonomous_kcg/ROS2Sample/install/additional_msgs/share/additional_msgs/cmake/additional_msgs__rosidl_generator_cExport.cmake
[0.701s] -- Up-to-date: /home/kcg/Autonomous_kcg/ROS2Sample/install/additional_msgs/share/additional_msgs/cmake/additional_msgs__rosidl_generator_cExport-noconfig.cmake
[0.702s] -- Up-to-date: /home/kcg/Autonomous_kcg/ROS2Sample/install/additional_msgs/share/additional_msgs/cmake/additional_msgs__rosidl_typesupport_introspection_cExport.cmake
[0.702s] -- Up-to-date: /home/kcg/Autonomous_kcg/ROS2Sample/install/additional_msgs/share/additional_msgs/cmake/additional_msgs__rosidl_typesupport_introspection_cExport-noconfig.cmake
[0.702s] -- Up-to-date: /home/kcg/Autonomous_kcg/ROS2Sample/install/additional_msgs/share/additional_msgs/cmake/additional_msgs__rosidl_typesupport_cExport.cmake
[0.703s] -- Up-to-date: /home/kcg/Autonomous_kcg/ROS2Sample/install/additional_msgs/share/additional_msgs/cmake/additional_msgs__rosidl_typesupport_cExport-noconfig.cmake
[0.703s] -- Up-to-date: /home/kcg/Autonomous_kcg/ROS2Sample/install/additional_msgs/share/additional_msgs/cmake/additional_msgs__rosidl_generator_cppExport.cmake
[0.703s] -- Up-to-date: /home/kcg/Autonomous_kcg/ROS2Sample/install/additional_msgs/share/additional_msgs/cmake/additional_msgs__rosidl_typesupport_introspection_cppExport.cmake
[0.703s] -- Up-to-date: /home/kcg/Autonomous_kcg/ROS2Sample/install/additional_msgs/share/additional_msgs/cmake/additional_msgs__rosidl_typesupport_introspection_cppExport-noconfig.cmake
[0.703s] -- Up-to-date: /home/kcg/Autonomous_kcg/ROS2Sample/install/additional_msgs/share/additional_msgs/cmake/additional_msgs__rosidl_typesupport_cppExport.cmake
[0.704s] -- Up-to-date: /home/kcg/Autonomous_kcg/ROS2Sample/install/additional_msgs/share/additional_msgs/cmake/additional_msgs__rosidl_typesupport_cppExport-noconfig.cmake
[0.704s] -- Up-to-date: /home/kcg/Autonomous_kcg/ROS2Sample/install/additional_msgs/share/additional_msgs/cmake/rosidl_cmake-extras.cmake
[0.705s] -- Up-to-date: /home/kcg/Autonomous_kcg/ROS2Sample/install/additional_msgs/share/additional_msgs/cmake/ament_cmake_export_dependencies-extras.cmake
[0.708s] -- Up-to-date: /home/kcg/Autonomous_kcg/ROS2Sample/install/additional_msgs/share/additional_msgs/cmake/ament_cmake_export_libraries-extras.cmake
[0.708s] -- Up-to-date: /home/kcg/Autonomous_kcg/ROS2Sample/install/additional_msgs/share/additional_msgs/cmake/ament_cmake_export_targets-extras.cmake
[0.709s] -- Up-to-date: /home/kcg/Autonomous_kcg/ROS2Sample/install/additional_msgs/share/additional_msgs/cmake/ament_cmake_export_include_directories-extras.cmake
[0.709s] -- Up-to-date: /home/kcg/Autonomous_kcg/ROS2Sample/install/additional_msgs/share/additional_msgs/cmake/rosidl_cmake_export_typesupport_libraries-extras.cmake
[0.710s] -- Up-to-date: /home/kcg/Autonomous_kcg/ROS2Sample/install/additional_msgs/share/additional_msgs/cmake/rosidl_cmake_export_typesupport_targets-extras.cmake
[0.710s] -- Up-to-date: /home/kcg/Autonomous_kcg/ROS2Sample/install/additional_msgs/share/additional_msgs/cmake/additional_msgsConfig.cmake
[0.710s] -- Up-to-date: /home/kcg/Autonomous_kcg/ROS2Sample/install/additional_msgs/share/additional_msgs/cmake/additional_msgsConfig-version.cmake
[0.711s] -- Up-to-date: /home/kcg/Autonomous_kcg/ROS2Sample/install/additional_msgs/share/additional_msgs/package.xml
[0.717s] Invoked command in '/home/kcg/Autonomous_kcg/ROS2Sample/build/additional_msgs' returned '0': CMAKE_PREFIX_PATH=${CMAKE_PREFIX_PATH}:/home/kcg/Autonomous_kcg/ROS2Sample/install/python_publisher:/opt/ros/foxy /usr/bin/cmake --install /home/kcg/Autonomous_kcg/ROS2Sample/build/additional_msgs
