[0.063s] Invoking command in '/home/kcg/Autonomous_kcg/ROS2Sample/build/additional_msgs': CMAKE_PREFIX_PATH=${CMAKE_PREFIX_PATH}:/home/kcg/Autonomous_kcg/ROS2Sample/install/python_publisher:/opt/ros/foxy /usr/bin/cmake --build /home/kcg/Autonomous_kcg/ROS2Sample/build/additional_msgs -- -j8 -l8
[0.197s] [  3%] Built target additional_msgs__cpp
[0.225s] [ 12%] Built target additional_msgs__rosidl_generator_c
[0.268s] [ 22%] Built target additional_msgs__rosidl_typesupport_cpp
[0.297s] [ 32%] Built target additional_msgs__rosidl_typesupport_introspection_cpp
[0.324s] [ 41%] Built target additional_msgs__rosidl_typesupport_fastrtps_cpp
[0.331s] [ 51%] Built target additional_msgs__rosidl_typesupport_c
[0.332s] [ 61%] Built target additional_msgs__rosidl_typesupport_introspection_c
[0.385s] [ 70%] Built target additional_msgs__rosidl_typesupport_fastrtps_c
[0.413s] [ 70%] Built target additional_msgs
[0.447s] [ 74%] Built target additional_msgs__py
[0.528s] [ 80%] Built target additional_msgs__python
[0.616s] [ 87%] Built target additional_msgs__rosidl_typesupport_c__pyext
[0.624s] [ 93%] Built target additional_msgs__rosidl_typesupport_fastrtps_c__pyext
[0.647s] [100%] Built target additional_msgs__rosidl_typesupport_introspection_c__pyext
[0.685s] Invoked command in '/home/kcg/Autonomous_kcg/ROS2Sample/build/additional_msgs' returned '0': CMAKE_PREFIX_PATH=${CMAKE_PREFIX_PATH}:/home/kcg/Autonomous_kcg/ROS2Sample/install/python_publisher:/opt/ros/foxy /usr/bin/cmake --build /home/kcg/Autonomous_kcg/ROS2Sample/build/additional_msgs -- -j8 -l8
[0.804s] Invoking command in '/home/kcg/Autonomous_kcg/ROS2Sample/build/additional_msgs': CMAKE_PREFIX_PATH=${CMAKE_PREFIX_PATH}:/home/kcg/Autonomous_kcg/ROS2Sample/install/python_publisher:/opt/ros/foxy /usr/bin/cmake --install /home/kcg/Autonomous_kcg/ROS2Sample/build/additional_msgs
[0.819s] -- Install configuration: ""
[0.819s] -- Up-to-date: /home/kcg/Autonomous_kcg/ROS2Sample/install/additional_msgs/share/ament_index/resource_index/rosidl_interfaces/additional_msgs
[0.819s] -- Up-to-date: /home/kcg/Autonomous_kcg/ROS2Sample/install/additional_msgs/include/additional_msgs
[0.820s] -- Up-to-date: /home/kcg/Autonomous_kcg/ROS2Sample/install/additional_msgs/include/additional_msgs/msg
[0.820s] -- Up-to-date: /home/kcg/Autonomous_kcg/ROS2Sample/install/additional_msgs/include/additional_msgs/msg/rosidl_generator_c__visibility_control.h
[0.824s] -- Up-to-date: /home/kcg/Autonomous_kcg/ROS2Sample/install/additional_msgs/include/additional_msgs/msg/can_packet.h
[0.828s] -- Up-to-date: /home/kcg/Autonomous_kcg/ROS2Sample/install/additional_msgs/include/additional_msgs/msg/detail
[0.831s] -- Up-to-date: /home/kcg/Autonomous_kcg/ROS2Sample/install/additional_msgs/include/additional_msgs/msg/detail/can_packet__functions.h
[0.832s] -- Up-to-date: /home/kcg/Autonomous_kcg/ROS2Sample/install/additional_msgs/include/additional_msgs/msg/detail/can_packet__struct.h
[0.832s] -- Up-to-date: /home/kcg/Autonomous_kcg/ROS2Sample/install/additional_msgs/include/additional_msgs/msg/detail/can_packet__type_support.h
[0.832s] -- Up-to-date: /home/kcg/Autonomous_kcg/ROS2Sample/install/additional_msgs/include/additional_msgs/msg/detail/can_packet__functions.c
[0.832s] -- Up-to-date: /home/kcg/Autonomous_kcg/ROS2Sample/install/additional_msgs/share/additional_msgs/environment/library_path.sh
[0.833s] -- Up-to-date: /home/kcg/Autonomous_kcg/ROS2Sample/install/additional_msgs/share/additional_msgs/environment/library_path.dsv
[0.833s] -- Up-to-date: /home/kcg/Autonomous_kcg/ROS2Sample/install/additional_msgs/lib/libadditional_msgs__rosidl_generator_c.so
[0.833s] -- Up-to-date: /home/kcg/Autonomous_kcg/ROS2Sample/install/additional_msgs/include/additional_msgs
[0.833s] -- Up-to-date: /home/kcg/Autonomous_kcg/ROS2Sample/install/additional_msgs/include/additional_msgs/msg
[0.833s] -- Up-to-date: /home/kcg/Autonomous_kcg/ROS2Sample/install/additional_msgs/include/additional_msgs/msg/rosidl_typesupport_fastrtps_c__visibility_control.h
[0.833s] -- Up-to-date: /home/kcg/Autonomous_kcg/ROS2Sample/install/additional_msgs/include/additional_msgs/msg/detail
[0.834s] -- Up-to-date: /home/kcg/Autonomous_kcg/ROS2Sample/install/additional_msgs/include/additional_msgs/msg/detail/can_packet__rosidl_typesupport_fastrtps_c.h
[0.834s] -- Up-to-date: /home/kcg/Autonomous_kcg/ROS2Sample/install/additional_msgs/lib/libadditional_msgs__rosidl_typesupport_fastrtps_c.so
[0.834s] -- Up-to-date: /home/kcg/Autonomous_kcg/ROS2Sample/install/additional_msgs/include/additional_msgs
[0.834s] -- Up-to-date: /home/kcg/Autonomous_kcg/ROS2Sample/install/additional_msgs/include/additional_msgs/msg
[0.834s] -- Up-to-date: /home/kcg/Autonomous_kcg/ROS2Sample/install/additional_msgs/include/additional_msgs/msg/detail
[0.834s] -- Up-to-date: /home/kcg/Autonomous_kcg/ROS2Sample/install/additional_msgs/include/additional_msgs/msg/detail/dds_fastrtps
[0.834s] -- Up-to-date: /home/kcg/Autonomous_kcg/ROS2Sample/install/additional_msgs/include/additional_msgs/msg/detail/can_packet__rosidl_typesupport_fastrtps_cpp.hpp
[0.835s] -- Up-to-date: /home/kcg/Autonomous_kcg/ROS2Sample/install/additional_msgs/include/additional_msgs/msg/rosidl_typesupport_fastrtps_cpp__visibility_control.h
[0.835s] -- Up-to-date: /home/kcg/Autonomous_kcg/ROS2Sample/install/additional_msgs/lib/libadditional_msgs__rosidl_typesupport_fastrtps_cpp.so
[0.835s] -- Up-to-date: /home/kcg/Autonomous_kcg/ROS2Sample/install/additional_msgs/include/additional_msgs
[0.835s] -- Up-to-date: /home/kcg/Autonomous_kcg/ROS2Sample/install/additional_msgs/include/additional_msgs/msg
[0.835s] -- Up-to-date: /home/kcg/Autonomous_kcg/ROS2Sample/install/additional_msgs/include/additional_msgs/msg/rosidl_typesupport_introspection_c__visibility_control.h
[0.835s] -- Up-to-date: /home/kcg/Autonomous_kcg/ROS2Sample/install/additional_msgs/include/additional_msgs/msg/detail
[0.836s] -- Up-to-date: /home/kcg/Autonomous_kcg/ROS2Sample/install/additional_msgs/include/additional_msgs/msg/detail/can_packet__rosidl_typesupport_introspection_c.h
[0.836s] -- Up-to-date: /home/kcg/Autonomous_kcg/ROS2Sample/install/additional_msgs/include/additional_msgs/msg/detail/can_packet__type_support.c
[0.836s] -- Up-to-date: /home/kcg/Autonomous_kcg/ROS2Sample/install/additional_msgs/lib/libadditional_msgs__rosidl_typesupport_introspection_c.so
[0.836s] -- Up-to-date: /home/kcg/Autonomous_kcg/ROS2Sample/install/additional_msgs/lib/libadditional_msgs__rosidl_typesupport_c.so
[0.836s] -- Up-to-date: /home/kcg/Autonomous_kcg/ROS2Sample/install/additional_msgs/include/additional_msgs
[0.836s] -- Up-to-date: /home/kcg/Autonomous_kcg/ROS2Sample/install/additional_msgs/include/additional_msgs/msg
[0.837s] -- Up-to-date: /home/kcg/Autonomous_kcg/ROS2Sample/install/additional_msgs/include/additional_msgs/msg/detail
[0.837s] -- Up-to-date: /home/kcg/Autonomous_kcg/ROS2Sample/install/additional_msgs/include/additional_msgs/msg/detail/can_packet__traits.hpp
[0.837s] -- Up-to-date: /home/kcg/Autonomous_kcg/ROS2Sample/install/additional_msgs/include/additional_msgs/msg/detail/can_packet__builder.hpp
[0.837s] -- Up-to-date: /home/kcg/Autonomous_kcg/ROS2Sample/install/additional_msgs/include/additional_msgs/msg/detail/can_packet__struct.hpp
[0.837s] -- Up-to-date: /home/kcg/Autonomous_kcg/ROS2Sample/install/additional_msgs/include/additional_msgs/msg/can_packet.hpp
[0.837s] -- Up-to-date: /home/kcg/Autonomous_kcg/ROS2Sample/install/additional_msgs/include/additional_msgs
[0.838s] -- Up-to-date: /home/kcg/Autonomous_kcg/ROS2Sample/install/additional_msgs/include/additional_msgs/msg
[0.839s] -- Up-to-date: /home/kcg/Autonomous_kcg/ROS2Sample/install/additional_msgs/include/additional_msgs/msg/detail
[0.839s] -- Up-to-date: /home/kcg/Autonomous_kcg/ROS2Sample/install/additional_msgs/include/additional_msgs/msg/detail/can_packet__type_support.cpp
[0.839s] -- Up-to-date: /home/kcg/Autonomous_kcg/ROS2Sample/install/additional_msgs/include/additional_msgs/msg/detail/can_packet__rosidl_typesupport_introspection_cpp.hpp
[0.839s] -- Up-to-date: /home/kcg/Autonomous_kcg/ROS2Sample/install/additional_msgs/lib/libadditional_msgs__rosidl_typesupport_introspection_cpp.so
[0.840s] -- Up-to-date: /home/kcg/Autonomous_kcg/ROS2Sample/install/additional_msgs/lib/libadditional_msgs__rosidl_typesupport_cpp.so
[0.840s] -- Up-to-date: /home/kcg/Autonomous_kcg/ROS2Sample/install/additional_msgs/share/additional_msgs/environment/pythonpath.sh
[0.840s] -- Up-to-date: /home/kcg/Autonomous_kcg/ROS2Sample/install/additional_msgs/share/additional_msgs/environment/pythonpath.dsv
[0.840s] -- Up-to-date: /home/kcg/Autonomous_kcg/ROS2Sample/install/additional_msgs/lib/python3.8/site-packages/additional_msgs/__init__.py
[0.903s] -- Up-to-date: /home/kcg/Autonomous_kcg/ROS2Sample/install/additional_msgs/lib/python3.8/site-packages/additional_msgs/msg
[0.903s] -- Up-to-date: /home/kcg/Autonomous_kcg/ROS2Sample/install/additional_msgs/lib/python3.8/site-packages/additional_msgs/msg/_can_packet_s.c
[0.904s] -- Up-to-date: /home/kcg/Autonomous_kcg/ROS2Sample/install/additional_msgs/lib/python3.8/site-packages/additional_msgs/msg/_can_packet.py
[0.904s] -- Up-to-date: /home/kcg/Autonomous_kcg/ROS2Sample/install/additional_msgs/lib/python3.8/site-packages/additional_msgs/msg/__init__.py
[0.906s] -- Up-to-date: /home/kcg/Autonomous_kcg/ROS2Sample/install/additional_msgs/lib/python3.8/site-packages/additional_msgs/additional_msgs_s__rosidl_typesupport_fastrtps_c.cpython-38-x86_64-linux-gnu.so
[0.906s] -- Up-to-date: /home/kcg/Autonomous_kcg/ROS2Sample/install/additional_msgs/lib/python3.8/site-packages/additional_msgs/additional_msgs_s__rosidl_typesupport_introspection_c.cpython-38-x86_64-linux-gnu.so
[0.907s] -- Up-to-date: /home/kcg/Autonomous_kcg/ROS2Sample/install/additional_msgs/lib/python3.8/site-packages/additional_msgs/additional_msgs_s__rosidl_typesupport_c.cpython-38-x86_64-linux-gnu.so
[0.907s] -- Up-to-date: /home/kcg/Autonomous_kcg/ROS2Sample/install/additional_msgs/lib/libadditional_msgs__python.so
[0.908s] -- Up-to-date: /home/kcg/Autonomous_kcg/ROS2Sample/install/additional_msgs/share/additional_msgs/msg/CanPacket.idl
[0.908s] -- Up-to-date: /home/kcg/Autonomous_kcg/ROS2Sample/install/additional_msgs/share/ament_index/resource_index/package_run_dependencies/additional_msgs
[0.910s] -- Up-to-date: /home/kcg/Autonomous_kcg/ROS2Sample/install/additional_msgs/share/ament_index/resource_index/parent_prefix_path/additional_msgs
[0.913s] -- Up-to-date: /home/kcg/Autonomous_kcg/ROS2Sample/install/additional_msgs/share/additional_msgs/environment/ament_prefix_path.sh
[0.914s] -- Up-to-date: /home/kcg/Autonomous_kcg/ROS2Sample/install/additional_msgs/share/additional_msgs/environment/ament_prefix_path.dsv
[0.914s] -- Up-to-date: /home/kcg/Autonomous_kcg/ROS2Sample/install/additional_msgs/share/additional_msgs/environment/path.sh
[0.914s] -- Up-to-date: /home/kcg/Autonomous_kcg/ROS2Sample/install/additional_msgs/share/additional_msgs/environment/path.dsv
[0.914s] -- Up-to-date: /home/kcg/Autonomous_kcg/ROS2Sample/install/additional_msgs/share/additional_msgs/local_setup.bash
[0.915s] -- Up-to-date: /home/kcg/Autonomous_kcg/ROS2Sample/install/additional_msgs/share/additional_msgs/local_setup.sh
[0.915s] -- Up-to-date: /home/kcg/Autonomous_kcg/ROS2Sample/install/additional_msgs/share/additional_msgs/local_setup.zsh
[0.915s] -- Up-to-date: /home/kcg/Autonomous_kcg/ROS2Sample/install/additional_msgs/share/additional_msgs/local_setup.dsv
[0.916s] -- Installing: /home/kcg/Autonomous_kcg/ROS2Sample/install/additional_msgs/share/additional_msgs/package.dsv
[0.916s] -- Up-to-date: /home/kcg/Autonomous_kcg/ROS2Sample/install/additional_msgs/share/ament_index/resource_index/packages/additional_msgs
[0.916s] -- Up-to-date: /home/kcg/Autonomous_kcg/ROS2Sample/install/additional_msgs/share/additional_msgs/cmake/additional_msgs__rosidl_generator_cExport.cmake
[0.916s] -- Up-to-date: /home/kcg/Autonomous_kcg/ROS2Sample/install/additional_msgs/share/additional_msgs/cmake/additional_msgs__rosidl_generator_cExport-noconfig.cmake
[0.917s] -- Up-to-date: /home/kcg/Autonomous_kcg/ROS2Sample/install/additional_msgs/share/additional_msgs/cmake/additional_msgs__rosidl_typesupport_introspection_cExport.cmake
[0.917s] -- Up-to-date: /home/kcg/Autonomous_kcg/ROS2Sample/install/additional_msgs/share/additional_msgs/cmake/additional_msgs__rosidl_typesupport_introspection_cExport-noconfig.cmake
[0.918s] -- Up-to-date: /home/kcg/Autonomous_kcg/ROS2Sample/install/additional_msgs/share/additional_msgs/cmake/additional_msgs__rosidl_typesupport_cExport.cmake
[0.918s] -- Up-to-date: /home/kcg/Autonomous_kcg/ROS2Sample/install/additional_msgs/share/additional_msgs/cmake/additional_msgs__rosidl_typesupport_cExport-noconfig.cmake
[0.918s] -- Up-to-date: /home/kcg/Autonomous_kcg/ROS2Sample/install/additional_msgs/share/additional_msgs/cmake/additional_msgs__rosidl_generator_cppExport.cmake
[0.919s] -- Up-to-date: /home/kcg/Autonomous_kcg/ROS2Sample/install/additional_msgs/share/additional_msgs/cmake/additional_msgs__rosidl_typesupport_introspection_cppExport.cmake
[0.920s] -- Up-to-date: /home/kcg/Autonomous_kcg/ROS2Sample/install/additional_msgs/share/additional_msgs/cmake/additional_msgs__rosidl_typesupport_introspection_cppExport-noconfig.cmake
[0.920s] -- Up-to-date: /home/kcg/Autonomous_kcg/ROS2Sample/install/additional_msgs/share/additional_msgs/cmake/additional_msgs__rosidl_typesupport_cppExport.cmake
[0.920s] -- Up-to-date: /home/kcg/Autonomous_kcg/ROS2Sample/install/additional_msgs/share/additional_msgs/cmake/additional_msgs__rosidl_typesupport_cppExport-noconfig.cmake
[0.921s] -- Up-to-date: /home/kcg/Autonomous_kcg/ROS2Sample/install/additional_msgs/share/additional_msgs/cmake/rosidl_cmake-extras.cmake
[0.923s] -- Up-to-date: /home/kcg/Autonomous_kcg/ROS2Sample/install/additional_msgs/share/additional_msgs/cmake/ament_cmake_export_dependencies-extras.cmake
[0.923s] -- Up-to-date: /home/kcg/Autonomous_kcg/ROS2Sample/install/additional_msgs/share/additional_msgs/cmake/ament_cmake_export_libraries-extras.cmake
[0.924s] -- Up-to-date: /home/kcg/Autonomous_kcg/ROS2Sample/install/additional_msgs/share/additional_msgs/cmake/ament_cmake_export_targets-extras.cmake
[0.925s] -- Up-to-date: /home/kcg/Autonomous_kcg/ROS2Sample/install/additional_msgs/share/additional_msgs/cmake/ament_cmake_export_include_directories-extras.cmake
[0.925s] -- Up-to-date: /home/kcg/Autonomous_kcg/ROS2Sample/install/additional_msgs/share/additional_msgs/cmake/rosidl_cmake_export_typesupport_libraries-extras.cmake
[0.925s] -- Up-to-date: /home/kcg/Autonomous_kcg/ROS2Sample/install/additional_msgs/share/additional_msgs/cmake/rosidl_cmake_export_typesupport_targets-extras.cmake
[0.926s] -- Up-to-date: /home/kcg/Autonomous_kcg/ROS2Sample/install/additional_msgs/share/additional_msgs/cmake/additional_msgsConfig.cmake
[0.926s] -- Up-to-date: /home/kcg/Autonomous_kcg/ROS2Sample/install/additional_msgs/share/additional_msgs/cmake/additional_msgsConfig-version.cmake
[0.926s] -- Up-to-date: /home/kcg/Autonomous_kcg/ROS2Sample/install/additional_msgs/share/additional_msgs/package.xml
[0.935s] Invoked command in '/home/kcg/Autonomous_kcg/ROS2Sample/build/additional_msgs' returned '0': CMAKE_PREFIX_PATH=${CMAKE_PREFIX_PATH}:/home/kcg/Autonomous_kcg/ROS2Sample/install/python_publisher:/opt/ros/foxy /usr/bin/cmake --install /home/kcg/Autonomous_kcg/ROS2Sample/build/additional_msgs
