[0.122s] DEBUG:colcon:Command line arguments: ['/usr/bin/colcon', 'build']
[0.123s] DEBUG:colcon:Parsed command line arguments: Namespace(allow_overriding=[], ament_cmake_args=None, base_paths=['.'], build_base='build', catkin_cmake_args=None, catkin_skip_building_tests=False, cmake_args=None, cmake_clean_cache=False, cmake_clean_first=False, cmake_force_configure=False, cmake_target=None, cmake_target_skip_unavailable=False, continue_on_error=False, event_handlers=None, executor='parallel', ignore_user_meta=False, install_base='install', log_base=None, log_level=None, main=<bound method BuildVerb.main of <colcon_core.verb.build.BuildVerb object at 0x7f11ed16d730>>, merge_install=False, metas=['./colcon.meta'], packages_above=None, packages_above_and_dependencies=None, packages_above_depth=None, packages_end=None, packages_ignore=None, packages_ignore_regex=None, packages_select=None, packages_select_build_failed=False, packages_select_by_dep=None, packages_select_regex=None, packages_select_test_failures=False, packages_skip=None, packages_skip_build_finished=False, packages_skip_by_dep=None, packages_skip_regex=None, packages_skip_test_passed=False, packages_skip_up_to=None, packages_start=None, packages_up_to=None, packages_up_to_regex=None, parallel_workers=8, paths=None, symlink_install=False, test_result_base=None, verb_extension=<colcon_core.verb.build.BuildVerb object at 0x7f11ed16d730>, verb_name='build', verb_parser=<colcon_defaults.argument_parser.defaults.DefaultArgumentsDecorator object at 0x7f11ed16dc70>)
[0.144s] Level 1:colcon.colcon_core.package_discovery:discover_packages(colcon_meta) check parameters
[0.144s] Level 1:colcon.colcon_core.package_discovery:discover_packages(recursive) check parameters
[0.144s] Level 1:colcon.colcon_core.package_discovery:discover_packages(ignore) check parameters
[0.144s] Level 1:colcon.colcon_core.package_discovery:discover_packages(path) check parameters
[0.144s] Level 1:colcon.colcon_core.package_discovery:discover_packages(colcon_meta) discover
[0.144s] Level 1:colcon.colcon_core.package_discovery:discover_packages(recursive) discover
[0.144s] INFO:colcon.colcon_core.package_discovery:Crawling recursively for packages in '/home/kcg/Autonomous_kcg/idan_driver_ws'
[0.144s] Level 1:colcon.colcon_core.package_identification:_identify(.) by extensions ['ignore', 'ignore_ament_install']
[0.144s] Level 1:colcon.colcon_core.package_identification:_identify(.) by extension 'ignore'
[0.144s] Level 1:colcon.colcon_core.package_identification:_identify(.) by extension 'ignore_ament_install'
[0.144s] Level 1:colcon.colcon_core.package_identification:_identify(.) by extensions ['colcon_pkg']
[0.144s] Level 1:colcon.colcon_core.package_identification:_identify(.) by extension 'colcon_pkg'
[0.144s] Level 1:colcon.colcon_core.package_identification:_identify(.) by extensions ['colcon_meta']
[0.144s] Level 1:colcon.colcon_core.package_identification:_identify(.) by extension 'colcon_meta'
[0.144s] Level 1:colcon.colcon_core.package_identification:_identify(.) by extensions ['ros']
[0.144s] Level 1:colcon.colcon_core.package_identification:_identify(.) by extension 'ros'
[0.154s] Level 1:colcon.colcon_core.package_identification:_identify(.) by extensions ['cmake', 'python']
[0.154s] Level 1:colcon.colcon_core.package_identification:_identify(.) by extension 'cmake'
[0.154s] Level 1:colcon.colcon_core.package_identification:_identify(.) by extension 'python'
[0.154s] Level 1:colcon.colcon_core.package_identification:_identify(.) by extensions ['python_setup_py']
[0.154s] Level 1:colcon.colcon_core.package_identification:_identify(.) by extension 'python_setup_py'
[0.154s] Level 1:colcon.colcon_core.package_identification:_identify(build) by extensions ['ignore', 'ignore_ament_install']
[0.154s] Level 1:colcon.colcon_core.package_identification:_identify(build) by extension 'ignore'
[0.154s] Level 1:colcon.colcon_core.package_identification:_identify(build) ignored
[0.155s] Level 1:colcon.colcon_core.package_identification:_identify(install) by extensions ['ignore', 'ignore_ament_install']
[0.155s] Level 1:colcon.colcon_core.package_identification:_identify(install) by extension 'ignore'
[0.155s] Level 1:colcon.colcon_core.package_identification:_identify(install) ignored
[0.155s] Level 1:colcon.colcon_core.package_identification:_identify(log) by extensions ['ignore', 'ignore_ament_install']
[0.155s] Level 1:colcon.colcon_core.package_identification:_identify(log) by extension 'ignore'
[0.155s] Level 1:colcon.colcon_core.package_identification:_identify(log) ignored
[0.155s] Level 1:colcon.colcon_core.package_identification:_identify(src) by extensions ['ignore', 'ignore_ament_install']
[0.155s] Level 1:colcon.colcon_core.package_identification:_identify(src) by extension 'ignore'
[0.155s] Level 1:colcon.colcon_core.package_identification:_identify(src) by extension 'ignore_ament_install'
[0.155s] Level 1:colcon.colcon_core.package_identification:_identify(src) by extensions ['colcon_pkg']
[0.155s] Level 1:colcon.colcon_core.package_identification:_identify(src) by extension 'colcon_pkg'
[0.155s] Level 1:colcon.colcon_core.package_identification:_identify(src) by extensions ['colcon_meta']
[0.155s] Level 1:colcon.colcon_core.package_identification:_identify(src) by extension 'colcon_meta'
[0.155s] Level 1:colcon.colcon_core.package_identification:_identify(src) by extensions ['ros']
[0.155s] Level 1:colcon.colcon_core.package_identification:_identify(src) by extension 'ros'
[0.155s] Level 1:colcon.colcon_core.package_identification:_identify(src) by extensions ['cmake', 'python']
[0.155s] Level 1:colcon.colcon_core.package_identification:_identify(src) by extension 'cmake'
[0.155s] Level 1:colcon.colcon_core.package_identification:_identify(src) by extension 'python'
[0.155s] Level 1:colcon.colcon_core.package_identification:_identify(src) by extensions ['python_setup_py']
[0.156s] Level 1:colcon.colcon_core.package_identification:_identify(src) by extension 'python_setup_py'
[0.156s] Level 1:colcon.colcon_core.package_identification:_identify(src/idan_driver) by extensions ['ignore', 'ignore_ament_install']
[0.156s] Level 1:colcon.colcon_core.package_identification:_identify(src/idan_driver) by extension 'ignore'
[0.156s] Level 1:colcon.colcon_core.package_identification:_identify(src/idan_driver) by extension 'ignore_ament_install'
[0.156s] Level 1:colcon.colcon_core.package_identification:_identify(src/idan_driver) by extensions ['colcon_pkg']
[0.156s] Level 1:colcon.colcon_core.package_identification:_identify(src/idan_driver) by extension 'colcon_pkg'
[0.156s] Level 1:colcon.colcon_core.package_identification:_identify(src/idan_driver) by extensions ['colcon_meta']
[0.156s] Level 1:colcon.colcon_core.package_identification:_identify(src/idan_driver) by extension 'colcon_meta'
[0.156s] Level 1:colcon.colcon_core.package_identification:_identify(src/idan_driver) by extensions ['ros']
[0.156s] Level 1:colcon.colcon_core.package_identification:_identify(src/idan_driver) by extension 'ros'
[0.158s] DEBUG:colcon.colcon_core.package_identification:Package 'src/idan_driver' with type 'ros.ament_cmake' and name 'idan_driver'
[0.158s] Level 1:colcon.colcon_core.package_identification:_identify(src/msgs) by extensions ['ignore', 'ignore_ament_install']
[0.159s] Level 1:colcon.colcon_core.package_identification:_identify(src/msgs) by extension 'ignore'
[0.159s] Level 1:colcon.colcon_core.package_identification:_identify(src/msgs) by extension 'ignore_ament_install'
[0.159s] Level 1:colcon.colcon_core.package_identification:_identify(src/msgs) by extensions ['colcon_pkg']
[0.159s] Level 1:colcon.colcon_core.package_identification:_identify(src/msgs) by extension 'colcon_pkg'
[0.159s] Level 1:colcon.colcon_core.package_identification:_identify(src/msgs) by extensions ['colcon_meta']
[0.159s] Level 1:colcon.colcon_core.package_identification:_identify(src/msgs) by extension 'colcon_meta'
[0.159s] Level 1:colcon.colcon_core.package_identification:_identify(src/msgs) by extensions ['ros']
[0.159s] Level 1:colcon.colcon_core.package_identification:_identify(src/msgs) by extension 'ros'
[0.159s] Level 1:colcon.colcon_core.package_identification:_identify(src/msgs) by extensions ['cmake', 'python']
[0.159s] Level 1:colcon.colcon_core.package_identification:_identify(src/msgs) by extension 'cmake'
[0.159s] Level 1:colcon.colcon_core.package_identification:_identify(src/msgs) by extension 'python'
[0.159s] Level 1:colcon.colcon_core.package_identification:_identify(src/msgs) by extensions ['python_setup_py']
[0.159s] Level 1:colcon.colcon_core.package_identification:_identify(src/msgs) by extension 'python_setup_py'
[0.159s] Level 1:colcon.colcon_core.package_identification:_identify(src/msgs/additional_msgs) by extensions ['ignore', 'ignore_ament_install']
[0.159s] Level 1:colcon.colcon_core.package_identification:_identify(src/msgs/additional_msgs) by extension 'ignore'
[0.159s] Level 1:colcon.colcon_core.package_identification:_identify(src/msgs/additional_msgs) by extension 'ignore_ament_install'
[0.159s] Level 1:colcon.colcon_core.package_identification:_identify(src/msgs/additional_msgs) by extensions ['colcon_pkg']
[0.159s] Level 1:colcon.colcon_core.package_identification:_identify(src/msgs/additional_msgs) by extension 'colcon_pkg'
[0.159s] Level 1:colcon.colcon_core.package_identification:_identify(src/msgs/additional_msgs) by extensions ['colcon_meta']
[0.159s] Level 1:colcon.colcon_core.package_identification:_identify(src/msgs/additional_msgs) by extension 'colcon_meta'
[0.159s] Level 1:colcon.colcon_core.package_identification:_identify(src/msgs/additional_msgs) by extensions ['ros']
[0.159s] Level 1:colcon.colcon_core.package_identification:_identify(src/msgs/additional_msgs) by extension 'ros'
[0.160s] DEBUG:colcon.colcon_core.package_identification:Package 'src/msgs/additional_msgs' with type 'ros.ament_cmake' and name 'additional_msgs'
[0.160s] Level 1:colcon.colcon_core.package_identification:_identify(src/msgs/autoware_auto_msgs) by extensions ['ignore', 'ignore_ament_install']
[0.160s] Level 1:colcon.colcon_core.package_identification:_identify(src/msgs/autoware_auto_msgs) by extension 'ignore'
[0.160s] Level 1:colcon.colcon_core.package_identification:_identify(src/msgs/autoware_auto_msgs) by extension 'ignore_ament_install'
[0.160s] Level 1:colcon.colcon_core.package_identification:_identify(src/msgs/autoware_auto_msgs) by extensions ['colcon_pkg']
[0.160s] Level 1:colcon.colcon_core.package_identification:_identify(src/msgs/autoware_auto_msgs) by extension 'colcon_pkg'
[0.160s] Level 1:colcon.colcon_core.package_identification:_identify(src/msgs/autoware_auto_msgs) by extensions ['colcon_meta']
[0.160s] Level 1:colcon.colcon_core.package_identification:_identify(src/msgs/autoware_auto_msgs) by extension 'colcon_meta'
[0.160s] Level 1:colcon.colcon_core.package_identification:_identify(src/msgs/autoware_auto_msgs) by extensions ['ros']
[0.160s] Level 1:colcon.colcon_core.package_identification:_identify(src/msgs/autoware_auto_msgs) by extension 'ros'
[0.161s] DEBUG:colcon.colcon_core.package_identification:Package 'src/msgs/autoware_auto_msgs' with type 'ros.ament_cmake' and name 'autoware_auto_msgs'
[0.161s] Level 1:colcon.colcon_core.package_discovery:discover_packages(recursive) using defaults
[0.161s] Level 1:colcon.colcon_core.package_discovery:discover_packages(ignore) discover
[0.161s] Level 1:colcon.colcon_core.package_discovery:discover_packages(ignore) using defaults
[0.161s] Level 1:colcon.colcon_core.package_discovery:discover_packages(path) discover
[0.161s] Level 1:colcon.colcon_core.package_discovery:discover_packages(path) using defaults
[0.186s] Level 1:colcon.colcon_core.package_discovery:discover_packages(prefix_path) check parameters
[0.186s] Level 1:colcon.colcon_core.package_discovery:discover_packages(prefix_path) discover
[0.189s] DEBUG:colcon.colcon_installed_package_information.package_discovery:Found 256 installed packages in /opt/ros/foxy
[0.190s] Level 1:colcon.colcon_core.package_discovery:discover_packages(prefix_path) using defaults
[0.249s] Level 5:colcon.colcon_core.verb:set package 'additional_msgs' build argument 'cmake_args' from command line to 'None'
[0.249s] Level 5:colcon.colcon_core.verb:set package 'additional_msgs' build argument 'cmake_target' from command line to 'None'
[0.249s] Level 5:colcon.colcon_core.verb:set package 'additional_msgs' build argument 'cmake_target_skip_unavailable' from command line to 'False'
[0.249s] Level 5:colcon.colcon_core.verb:set package 'additional_msgs' build argument 'cmake_clean_cache' from command line to 'False'
[0.249s] Level 5:colcon.colcon_core.verb:set package 'additional_msgs' build argument 'cmake_clean_first' from command line to 'False'
[0.249s] Level 5:colcon.colcon_core.verb:set package 'additional_msgs' build argument 'cmake_force_configure' from command line to 'False'
[0.249s] Level 5:colcon.colcon_core.verb:set package 'additional_msgs' build argument 'ament_cmake_args' from command line to 'None'
[0.249s] Level 5:colcon.colcon_core.verb:set package 'additional_msgs' build argument 'catkin_cmake_args' from command line to 'None'
[0.249s] Level 5:colcon.colcon_core.verb:set package 'additional_msgs' build argument 'catkin_skip_building_tests' from command line to 'False'
[0.249s] DEBUG:colcon.colcon_core.verb:Building package 'additional_msgs' with the following arguments: {'ament_cmake_args': None, 'build_base': '/home/kcg/Autonomous_kcg/idan_driver_ws/build/additional_msgs', 'catkin_cmake_args': None, 'catkin_skip_building_tests': False, 'cmake_args': None, 'cmake_clean_cache': False, 'cmake_clean_first': False, 'cmake_force_configure': False, 'cmake_target': None, 'cmake_target_skip_unavailable': False, 'install_base': '/home/kcg/Autonomous_kcg/idan_driver_ws/install/additional_msgs', 'merge_install': False, 'path': '/home/kcg/Autonomous_kcg/idan_driver_ws/src/msgs/additional_msgs', 'symlink_install': False, 'test_result_base': None}
[0.250s] Level 5:colcon.colcon_core.verb:set package 'autoware_auto_msgs' build argument 'cmake_args' from command line to 'None'
[0.250s] Level 5:colcon.colcon_core.verb:set package 'autoware_auto_msgs' build argument 'cmake_target' from command line to 'None'
[0.250s] Level 5:colcon.colcon_core.verb:set package 'autoware_auto_msgs' build argument 'cmake_target_skip_unavailable' from command line to 'False'
[0.250s] Level 5:colcon.colcon_core.verb:set package 'autoware_auto_msgs' build argument 'cmake_clean_cache' from command line to 'False'
[0.250s] Level 5:colcon.colcon_core.verb:set package 'autoware_auto_msgs' build argument 'cmake_clean_first' from command line to 'False'
[0.250s] Level 5:colcon.colcon_core.verb:set package 'autoware_auto_msgs' build argument 'cmake_force_configure' from command line to 'False'
[0.250s] Level 5:colcon.colcon_core.verb:set package 'autoware_auto_msgs' build argument 'ament_cmake_args' from command line to 'None'
[0.250s] Level 5:colcon.colcon_core.verb:set package 'autoware_auto_msgs' build argument 'catkin_cmake_args' from command line to 'None'
[0.250s] Level 5:colcon.colcon_core.verb:set package 'autoware_auto_msgs' build argument 'catkin_skip_building_tests' from command line to 'False'
[0.250s] DEBUG:colcon.colcon_core.verb:Building package 'autoware_auto_msgs' with the following arguments: {'ament_cmake_args': None, 'build_base': '/home/kcg/Autonomous_kcg/idan_driver_ws/build/autoware_auto_msgs', 'catkin_cmake_args': None, 'catkin_skip_building_tests': False, 'cmake_args': None, 'cmake_clean_cache': False, 'cmake_clean_first': False, 'cmake_force_configure': False, 'cmake_target': None, 'cmake_target_skip_unavailable': False, 'install_base': '/home/kcg/Autonomous_kcg/idan_driver_ws/install/autoware_auto_msgs', 'merge_install': False, 'path': '/home/kcg/Autonomous_kcg/idan_driver_ws/src/msgs/autoware_auto_msgs', 'symlink_install': False, 'test_result_base': None}
[0.251s] Level 5:colcon.colcon_core.verb:set package 'idan_driver' build argument 'cmake_args' from command line to 'None'
[0.251s] Level 5:colcon.colcon_core.verb:set package 'idan_driver' build argument 'cmake_target' from command line to 'None'
[0.251s] Level 5:colcon.colcon_core.verb:set package 'idan_driver' build argument 'cmake_target_skip_unavailable' from command line to 'False'
[0.251s] Level 5:colcon.colcon_core.verb:set package 'idan_driver' build argument 'cmake_clean_cache' from command line to 'False'
[0.251s] Level 5:colcon.colcon_core.verb:set package 'idan_driver' build argument 'cmake_clean_first' from command line to 'False'
[0.251s] Level 5:colcon.colcon_core.verb:set package 'idan_driver' build argument 'cmake_force_configure' from command line to 'False'
[0.251s] Level 5:colcon.colcon_core.verb:set package 'idan_driver' build argument 'ament_cmake_args' from command line to 'None'
[0.251s] Level 5:colcon.colcon_core.verb:set package 'idan_driver' build argument 'catkin_cmake_args' from command line to 'None'
[0.251s] Level 5:colcon.colcon_core.verb:set package 'idan_driver' build argument 'catkin_skip_building_tests' from command line to 'False'
[0.251s] DEBUG:colcon.colcon_core.verb:Building package 'idan_driver' with the following arguments: {'ament_cmake_args': None, 'build_base': '/home/kcg/Autonomous_kcg/idan_driver_ws/build/idan_driver', 'catkin_cmake_args': None, 'catkin_skip_building_tests': False, 'cmake_args': None, 'cmake_clean_cache': False, 'cmake_clean_first': False, 'cmake_force_configure': False, 'cmake_target': None, 'cmake_target_skip_unavailable': False, 'install_base': '/home/kcg/Autonomous_kcg/idan_driver_ws/install/idan_driver', 'merge_install': False, 'path': '/home/kcg/Autonomous_kcg/idan_driver_ws/src/idan_driver', 'symlink_install': False, 'test_result_base': None}
[0.251s] INFO:colcon.colcon_core.executor:Executing jobs using 'parallel' executor
[0.255s] DEBUG:colcon.colcon_parallel_executor.executor.parallel:run_until_complete
[0.255s] INFO:colcon.colcon_ros.task.ament_cmake.build:Building ROS package in '/home/kcg/Autonomous_kcg/idan_driver_ws/src/msgs/additional_msgs' with build type 'ament_cmake'
[0.255s] INFO:colcon.colcon_cmake.task.cmake.build:Building CMake package in '/home/kcg/Autonomous_kcg/idan_driver_ws/src/msgs/additional_msgs'
[0.259s] INFO:colcon.colcon_core.plugin_system:Skipping extension 'colcon_core.shell.bat': Not used on non-Windows systems
[0.259s] INFO:colcon.colcon_core.shell:Skip shell extension 'powershell' for command environment: Not usable outside of PowerShell
[0.259s] DEBUG:colcon.colcon_core.shell:Skip shell extension 'dsv' for command environment
[0.264s] INFO:colcon.colcon_ros.task.ament_cmake.build:Building ROS package in '/home/kcg/Autonomous_kcg/idan_driver_ws/src/msgs/autoware_auto_msgs' with build type 'ament_cmake'
[0.264s] INFO:colcon.colcon_cmake.task.cmake.build:Building CMake package in '/home/kcg/Autonomous_kcg/idan_driver_ws/src/msgs/autoware_auto_msgs'
[0.265s] INFO:colcon.colcon_core.shell:Skip shell extension 'powershell' for command environment: Not usable outside of PowerShell
[0.265s] DEBUG:colcon.colcon_core.shell:Skip shell extension 'dsv' for command environment
[0.276s] DEBUG:colcon.colcon_core.event_handler.log_command:Invoking command in '/home/kcg/Autonomous_kcg/idan_driver_ws/build/additional_msgs': CMAKE_PREFIX_PATH=/opt/ros/foxy /usr/bin/cmake --build /home/kcg/Autonomous_kcg/idan_driver_ws/build/additional_msgs -- -j8 -l8
[0.286s] DEBUG:colcon.colcon_core.event_handler.log_command:Invoking command in '/home/kcg/Autonomous_kcg/idan_driver_ws/build/autoware_auto_msgs': CMAKE_PREFIX_PATH=/opt/ros/foxy /usr/bin/cmake --build /home/kcg/Autonomous_kcg/idan_driver_ws/build/autoware_auto_msgs -- -j8 -l8
[0.505s] DEBUG:colcon.colcon_core.event_handler.log_command:Invoked command in '/home/kcg/Autonomous_kcg/idan_driver_ws/build/autoware_auto_msgs' returned '0': CMAKE_PREFIX_PATH=/opt/ros/foxy /usr/bin/cmake --build /home/kcg/Autonomous_kcg/idan_driver_ws/build/autoware_auto_msgs -- -j8 -l8
[0.530s] DEBUG:colcon.colcon_core.event_handler.log_command:Invoked command in '/home/kcg/Autonomous_kcg/idan_driver_ws/build/additional_msgs' returned '0': CMAKE_PREFIX_PATH=/opt/ros/foxy /usr/bin/cmake --build /home/kcg/Autonomous_kcg/idan_driver_ws/build/additional_msgs -- -j8 -l8
[0.564s] DEBUG:colcon.colcon_core.event_handler.log_command:Invoking command in '/home/kcg/Autonomous_kcg/idan_driver_ws/build/autoware_auto_msgs': CMAKE_PREFIX_PATH=/opt/ros/foxy /usr/bin/cmake --install /home/kcg/Autonomous_kcg/idan_driver_ws/build/autoware_auto_msgs
[0.584s] DEBUG:colcon.colcon_core.event_handler.log_command:Invoking command in '/home/kcg/Autonomous_kcg/idan_driver_ws/build/additional_msgs': CMAKE_PREFIX_PATH=/opt/ros/foxy /usr/bin/cmake --install /home/kcg/Autonomous_kcg/idan_driver_ws/build/additional_msgs
[0.621s] Level 1:colcon.colcon_core.environment:create_environment_scripts_only(autoware_auto_msgs)
[0.623s] DEBUG:colcon.colcon_core.event_handler.log_command:Invoked command in '/home/kcg/Autonomous_kcg/idan_driver_ws/build/autoware_auto_msgs' returned '0': CMAKE_PREFIX_PATH=/opt/ros/foxy /usr/bin/cmake --install /home/kcg/Autonomous_kcg/idan_driver_ws/build/autoware_auto_msgs
[0.629s] Level 1:colcon.colcon_core.environment:checking '/home/kcg/Autonomous_kcg/idan_driver_ws/install/autoware_auto_msgs' for CMake module files
[0.630s] Level 1:colcon.colcon_core.environment:checking '/home/kcg/Autonomous_kcg/idan_driver_ws/install/autoware_auto_msgs' for CMake config files
[0.630s] Level 1:colcon.colcon_core.shell:create_environment_hook('autoware_auto_msgs', 'cmake_prefix_path')
[0.633s] INFO:colcon.colcon_core.shell:Creating environment hook '/home/kcg/Autonomous_kcg/idan_driver_ws/install/autoware_auto_msgs/share/autoware_auto_msgs/hook/cmake_prefix_path.ps1'
[0.634s] INFO:colcon.colcon_core.shell:Creating environment descriptor '/home/kcg/Autonomous_kcg/idan_driver_ws/install/autoware_auto_msgs/share/autoware_auto_msgs/hook/cmake_prefix_path.dsv'
[0.634s] INFO:colcon.colcon_core.shell:Creating environment hook '/home/kcg/Autonomous_kcg/idan_driver_ws/install/autoware_auto_msgs/share/autoware_auto_msgs/hook/cmake_prefix_path.sh'
[0.636s] Level 1:colcon.colcon_core.environment:checking '/home/kcg/Autonomous_kcg/idan_driver_ws/install/autoware_auto_msgs/lib'
[0.636s] Level 1:colcon.colcon_core.shell:create_environment_hook('autoware_auto_msgs', 'ld_library_path_lib')
[0.637s] INFO:colcon.colcon_core.shell:Creating environment hook '/home/kcg/Autonomous_kcg/idan_driver_ws/install/autoware_auto_msgs/share/autoware_auto_msgs/hook/ld_library_path_lib.ps1'
[0.638s] INFO:colcon.colcon_core.shell:Creating environment descriptor '/home/kcg/Autonomous_kcg/idan_driver_ws/install/autoware_auto_msgs/share/autoware_auto_msgs/hook/ld_library_path_lib.dsv'
[0.639s] INFO:colcon.colcon_core.shell:Creating environment hook '/home/kcg/Autonomous_kcg/idan_driver_ws/install/autoware_auto_msgs/share/autoware_auto_msgs/hook/ld_library_path_lib.sh'
[0.639s] Level 1:colcon.colcon_core.environment:checking '/home/kcg/Autonomous_kcg/idan_driver_ws/install/autoware_auto_msgs/bin'
[0.639s] Level 1:colcon.colcon_core.environment:checking '/home/kcg/Autonomous_kcg/idan_driver_ws/install/autoware_auto_msgs/lib/pkgconfig/autoware_auto_msgs.pc'
[0.640s] Level 1:colcon.colcon_core.environment:checking '/home/kcg/Autonomous_kcg/idan_driver_ws/install/autoware_auto_msgs/lib/python3.8/site-packages'
[0.640s] Level 1:colcon.colcon_core.shell:create_environment_hook('autoware_auto_msgs', 'pythonpath')
[0.641s] INFO:colcon.colcon_core.shell:Creating environment hook '/home/kcg/Autonomous_kcg/idan_driver_ws/install/autoware_auto_msgs/share/autoware_auto_msgs/hook/pythonpath.ps1'
[0.642s] INFO:colcon.colcon_core.shell:Creating environment descriptor '/home/kcg/Autonomous_kcg/idan_driver_ws/install/autoware_auto_msgs/share/autoware_auto_msgs/hook/pythonpath.dsv'
[0.643s] INFO:colcon.colcon_core.shell:Creating environment hook '/home/kcg/Autonomous_kcg/idan_driver_ws/install/autoware_auto_msgs/share/autoware_auto_msgs/hook/pythonpath.sh'
[0.644s] Level 1:colcon.colcon_core.environment:checking '/home/kcg/Autonomous_kcg/idan_driver_ws/install/autoware_auto_msgs/bin'
[0.647s] INFO:colcon.colcon_core.shell:Creating package script '/home/kcg/Autonomous_kcg/idan_driver_ws/install/autoware_auto_msgs/share/autoware_auto_msgs/package.ps1'
[0.648s] INFO:colcon.colcon_core.shell:Creating package descriptor '/home/kcg/Autonomous_kcg/idan_driver_ws/install/autoware_auto_msgs/share/autoware_auto_msgs/package.dsv'
[0.650s] INFO:colcon.colcon_core.shell:Creating package script '/home/kcg/Autonomous_kcg/idan_driver_ws/install/autoware_auto_msgs/share/autoware_auto_msgs/package.sh'
[0.651s] INFO:colcon.colcon_core.shell:Creating package script '/home/kcg/Autonomous_kcg/idan_driver_ws/install/autoware_auto_msgs/share/autoware_auto_msgs/package.bash'
[0.652s] INFO:colcon.colcon_core.shell:Creating package script '/home/kcg/Autonomous_kcg/idan_driver_ws/install/autoware_auto_msgs/share/autoware_auto_msgs/package.zsh'
[0.653s] Level 1:colcon.colcon_core.environment:create_file_with_runtime_dependencies(/home/kcg/Autonomous_kcg/idan_driver_ws/install/autoware_auto_msgs/share/colcon-core/packages/autoware_auto_msgs)
[0.657s] Level 1:colcon.colcon_core.environment:create_environment_scripts_only(additional_msgs)
[0.659s] Level 1:colcon.colcon_core.environment:checking '/home/kcg/Autonomous_kcg/idan_driver_ws/install/additional_msgs' for CMake module files
[0.660s] DEBUG:colcon.colcon_core.event_handler.log_command:Invoked command in '/home/kcg/Autonomous_kcg/idan_driver_ws/build/additional_msgs' returned '0': CMAKE_PREFIX_PATH=/opt/ros/foxy /usr/bin/cmake --install /home/kcg/Autonomous_kcg/idan_driver_ws/build/additional_msgs
[0.660s] Level 1:colcon.colcon_core.environment:checking '/home/kcg/Autonomous_kcg/idan_driver_ws/install/additional_msgs' for CMake config files
[0.661s] Level 1:colcon.colcon_core.shell:create_environment_hook('additional_msgs', 'cmake_prefix_path')
[0.662s] INFO:colcon.colcon_core.shell:Creating environment hook '/home/kcg/Autonomous_kcg/idan_driver_ws/install/additional_msgs/share/additional_msgs/hook/cmake_prefix_path.ps1'
[0.663s] INFO:colcon.colcon_core.shell:Creating environment descriptor '/home/kcg/Autonomous_kcg/idan_driver_ws/install/additional_msgs/share/additional_msgs/hook/cmake_prefix_path.dsv'
[0.663s] INFO:colcon.colcon_core.shell:Creating environment hook '/home/kcg/Autonomous_kcg/idan_driver_ws/install/additional_msgs/share/additional_msgs/hook/cmake_prefix_path.sh'
[0.663s] Level 1:colcon.colcon_core.environment:checking '/home/kcg/Autonomous_kcg/idan_driver_ws/install/additional_msgs/lib'
[0.664s] Level 1:colcon.colcon_core.shell:create_environment_hook('additional_msgs', 'ld_library_path_lib')
[0.665s] INFO:colcon.colcon_core.shell:Creating environment hook '/home/kcg/Autonomous_kcg/idan_driver_ws/install/additional_msgs/share/additional_msgs/hook/ld_library_path_lib.ps1'
[0.665s] INFO:colcon.colcon_core.shell:Creating environment descriptor '/home/kcg/Autonomous_kcg/idan_driver_ws/install/additional_msgs/share/additional_msgs/hook/ld_library_path_lib.dsv'
[0.665s] INFO:colcon.colcon_core.shell:Creating environment hook '/home/kcg/Autonomous_kcg/idan_driver_ws/install/additional_msgs/share/additional_msgs/hook/ld_library_path_lib.sh'
[0.665s] Level 1:colcon.colcon_core.environment:checking '/home/kcg/Autonomous_kcg/idan_driver_ws/install/additional_msgs/bin'
[0.666s] Level 1:colcon.colcon_core.environment:checking '/home/kcg/Autonomous_kcg/idan_driver_ws/install/additional_msgs/lib/pkgconfig/additional_msgs.pc'
[0.666s] Level 1:colcon.colcon_core.environment:checking '/home/kcg/Autonomous_kcg/idan_driver_ws/install/additional_msgs/lib/python3.8/site-packages'
[0.666s] Level 1:colcon.colcon_core.shell:create_environment_hook('additional_msgs', 'pythonpath')
[0.667s] INFO:colcon.colcon_core.shell:Creating environment hook '/home/kcg/Autonomous_kcg/idan_driver_ws/install/additional_msgs/share/additional_msgs/hook/pythonpath.ps1'
[0.667s] INFO:colcon.colcon_core.shell:Creating environment descriptor '/home/kcg/Autonomous_kcg/idan_driver_ws/install/additional_msgs/share/additional_msgs/hook/pythonpath.dsv'
[0.667s] INFO:colcon.colcon_core.shell:Creating environment hook '/home/kcg/Autonomous_kcg/idan_driver_ws/install/additional_msgs/share/additional_msgs/hook/pythonpath.sh'
[0.668s] Level 1:colcon.colcon_core.environment:checking '/home/kcg/Autonomous_kcg/idan_driver_ws/install/additional_msgs/bin'
[0.669s] INFO:colcon.colcon_core.shell:Creating package script '/home/kcg/Autonomous_kcg/idan_driver_ws/install/additional_msgs/share/additional_msgs/package.ps1'
[0.670s] INFO:colcon.colcon_core.shell:Creating package descriptor '/home/kcg/Autonomous_kcg/idan_driver_ws/install/additional_msgs/share/additional_msgs/package.dsv'
[0.670s] INFO:colcon.colcon_core.shell:Creating package script '/home/kcg/Autonomous_kcg/idan_driver_ws/install/additional_msgs/share/additional_msgs/package.sh'
[0.670s] INFO:colcon.colcon_core.shell:Creating package script '/home/kcg/Autonomous_kcg/idan_driver_ws/install/additional_msgs/share/additional_msgs/package.bash'
[0.671s] INFO:colcon.colcon_core.shell:Creating package script '/home/kcg/Autonomous_kcg/idan_driver_ws/install/additional_msgs/share/additional_msgs/package.zsh'
[0.671s] Level 1:colcon.colcon_core.environment:create_file_with_runtime_dependencies(/home/kcg/Autonomous_kcg/idan_driver_ws/install/additional_msgs/share/colcon-core/packages/additional_msgs)
[0.703s] Level 1:colcon.colcon_core.environment:create_environment_scripts_only(autoware_auto_msgs)
[0.704s] Level 1:colcon.colcon_core.environment:checking '/home/kcg/Autonomous_kcg/idan_driver_ws/install/autoware_auto_msgs' for CMake module files
[0.705s] Level 1:colcon.colcon_core.environment:checking '/home/kcg/Autonomous_kcg/idan_driver_ws/install/autoware_auto_msgs' for CMake config files
[0.705s] Level 1:colcon.colcon_core.shell:create_environment_hook('autoware_auto_msgs', 'cmake_prefix_path')
[0.706s] INFO:colcon.colcon_core.shell:Creating environment hook '/home/kcg/Autonomous_kcg/idan_driver_ws/install/autoware_auto_msgs/share/autoware_auto_msgs/hook/cmake_prefix_path.ps1'
[0.707s] INFO:colcon.colcon_core.shell:Creating environment descriptor '/home/kcg/Autonomous_kcg/idan_driver_ws/install/autoware_auto_msgs/share/autoware_auto_msgs/hook/cmake_prefix_path.dsv'
[0.707s] INFO:colcon.colcon_core.shell:Creating environment hook '/home/kcg/Autonomous_kcg/idan_driver_ws/install/autoware_auto_msgs/share/autoware_auto_msgs/hook/cmake_prefix_path.sh'
[0.708s] Level 1:colcon.colcon_core.environment:checking '/home/kcg/Autonomous_kcg/idan_driver_ws/install/autoware_auto_msgs/lib'
[0.708s] Level 1:colcon.colcon_core.shell:create_environment_hook('autoware_auto_msgs', 'ld_library_path_lib')
[0.709s] INFO:colcon.colcon_core.shell:Creating environment hook '/home/kcg/Autonomous_kcg/idan_driver_ws/install/autoware_auto_msgs/share/autoware_auto_msgs/hook/ld_library_path_lib.ps1'
[0.709s] INFO:colcon.colcon_core.shell:Creating environment descriptor '/home/kcg/Autonomous_kcg/idan_driver_ws/install/autoware_auto_msgs/share/autoware_auto_msgs/hook/ld_library_path_lib.dsv'
[0.710s] INFO:colcon.colcon_core.shell:Creating environment hook '/home/kcg/Autonomous_kcg/idan_driver_ws/install/autoware_auto_msgs/share/autoware_auto_msgs/hook/ld_library_path_lib.sh'
[0.710s] Level 1:colcon.colcon_core.environment:checking '/home/kcg/Autonomous_kcg/idan_driver_ws/install/autoware_auto_msgs/bin'
[0.710s] Level 1:colcon.colcon_core.environment:checking '/home/kcg/Autonomous_kcg/idan_driver_ws/install/autoware_auto_msgs/lib/pkgconfig/autoware_auto_msgs.pc'
[0.710s] Level 1:colcon.colcon_core.environment:checking '/home/kcg/Autonomous_kcg/idan_driver_ws/install/autoware_auto_msgs/lib/python3.8/site-packages'
[0.710s] Level 1:colcon.colcon_core.shell:create_environment_hook('autoware_auto_msgs', 'pythonpath')
[0.711s] INFO:colcon.colcon_core.shell:Creating environment hook '/home/kcg/Autonomous_kcg/idan_driver_ws/install/autoware_auto_msgs/share/autoware_auto_msgs/hook/pythonpath.ps1'
[0.712s] INFO:colcon.colcon_core.shell:Creating environment descriptor '/home/kcg/Autonomous_kcg/idan_driver_ws/install/autoware_auto_msgs/share/autoware_auto_msgs/hook/pythonpath.dsv'
[0.712s] INFO:colcon.colcon_core.shell:Creating environment hook '/home/kcg/Autonomous_kcg/idan_driver_ws/install/autoware_auto_msgs/share/autoware_auto_msgs/hook/pythonpath.sh'
[0.712s] Level 1:colcon.colcon_core.environment:checking '/home/kcg/Autonomous_kcg/idan_driver_ws/install/autoware_auto_msgs/bin'
[0.714s] INFO:colcon.colcon_core.shell:Creating package script '/home/kcg/Autonomous_kcg/idan_driver_ws/install/autoware_auto_msgs/share/autoware_auto_msgs/package.ps1'
[0.714s] INFO:colcon.colcon_core.shell:Creating package descriptor '/home/kcg/Autonomous_kcg/idan_driver_ws/install/autoware_auto_msgs/share/autoware_auto_msgs/package.dsv'
[0.715s] INFO:colcon.colcon_core.shell:Creating package script '/home/kcg/Autonomous_kcg/idan_driver_ws/install/autoware_auto_msgs/share/autoware_auto_msgs/package.sh'
[0.715s] INFO:colcon.colcon_core.shell:Creating package script '/home/kcg/Autonomous_kcg/idan_driver_ws/install/autoware_auto_msgs/share/autoware_auto_msgs/package.bash'
[0.716s] INFO:colcon.colcon_core.shell:Creating package script '/home/kcg/Autonomous_kcg/idan_driver_ws/install/autoware_auto_msgs/share/autoware_auto_msgs/package.zsh'
[0.716s] Level 1:colcon.colcon_core.environment:create_file_with_runtime_dependencies(/home/kcg/Autonomous_kcg/idan_driver_ws/install/autoware_auto_msgs/share/colcon-core/packages/autoware_auto_msgs)
[0.719s] Level 1:colcon.colcon_core.environment:create_environment_scripts_only(additional_msgs)
[0.721s] Level 1:colcon.colcon_core.environment:checking '/home/kcg/Autonomous_kcg/idan_driver_ws/install/additional_msgs' for CMake module files
[0.721s] Level 1:colcon.colcon_core.environment:checking '/home/kcg/Autonomous_kcg/idan_driver_ws/install/additional_msgs' for CMake config files
[0.722s] Level 1:colcon.colcon_core.shell:create_environment_hook('additional_msgs', 'cmake_prefix_path')
[0.723s] INFO:colcon.colcon_core.shell:Creating environment hook '/home/kcg/Autonomous_kcg/idan_driver_ws/install/additional_msgs/share/additional_msgs/hook/cmake_prefix_path.ps1'
[0.723s] INFO:colcon.colcon_core.shell:Creating environment descriptor '/home/kcg/Autonomous_kcg/idan_driver_ws/install/additional_msgs/share/additional_msgs/hook/cmake_prefix_path.dsv'
[0.723s] INFO:colcon.colcon_core.shell:Creating environment hook '/home/kcg/Autonomous_kcg/idan_driver_ws/install/additional_msgs/share/additional_msgs/hook/cmake_prefix_path.sh'
[0.724s] Level 1:colcon.colcon_core.environment:checking '/home/kcg/Autonomous_kcg/idan_driver_ws/install/additional_msgs/lib'
[0.724s] Level 1:colcon.colcon_core.shell:create_environment_hook('additional_msgs', 'ld_library_path_lib')
[0.725s] INFO:colcon.colcon_core.shell:Creating environment hook '/home/kcg/Autonomous_kcg/idan_driver_ws/install/additional_msgs/share/additional_msgs/hook/ld_library_path_lib.ps1'
[0.725s] INFO:colcon.colcon_core.shell:Creating environment descriptor '/home/kcg/Autonomous_kcg/idan_driver_ws/install/additional_msgs/share/additional_msgs/hook/ld_library_path_lib.dsv'
[0.726s] INFO:colcon.colcon_core.shell:Creating environment hook '/home/kcg/Autonomous_kcg/idan_driver_ws/install/additional_msgs/share/additional_msgs/hook/ld_library_path_lib.sh'
[0.726s] Level 1:colcon.colcon_core.environment:checking '/home/kcg/Autonomous_kcg/idan_driver_ws/install/additional_msgs/bin'
[0.726s] Level 1:colcon.colcon_core.environment:checking '/home/kcg/Autonomous_kcg/idan_driver_ws/install/additional_msgs/lib/pkgconfig/additional_msgs.pc'
[0.726s] Level 1:colcon.colcon_core.environment:checking '/home/kcg/Autonomous_kcg/idan_driver_ws/install/additional_msgs/lib/python3.8/site-packages'
[0.726s] Level 1:colcon.colcon_core.shell:create_environment_hook('additional_msgs', 'pythonpath')
[0.728s] INFO:colcon.colcon_core.shell:Creating environment hook '/home/kcg/Autonomous_kcg/idan_driver_ws/install/additional_msgs/share/additional_msgs/hook/pythonpath.ps1'
[0.728s] INFO:colcon.colcon_core.shell:Creating environment descriptor '/home/kcg/Autonomous_kcg/idan_driver_ws/install/additional_msgs/share/additional_msgs/hook/pythonpath.dsv'
[0.728s] INFO:colcon.colcon_core.shell:Creating environment hook '/home/kcg/Autonomous_kcg/idan_driver_ws/install/additional_msgs/share/additional_msgs/hook/pythonpath.sh'
[0.729s] Level 1:colcon.colcon_core.environment:checking '/home/kcg/Autonomous_kcg/idan_driver_ws/install/additional_msgs/bin'
[0.730s] INFO:colcon.colcon_core.shell:Creating package script '/home/kcg/Autonomous_kcg/idan_driver_ws/install/additional_msgs/share/additional_msgs/package.ps1'
[0.730s] INFO:colcon.colcon_core.shell:Creating package descriptor '/home/kcg/Autonomous_kcg/idan_driver_ws/install/additional_msgs/share/additional_msgs/package.dsv'
[0.731s] INFO:colcon.colcon_core.shell:Creating package script '/home/kcg/Autonomous_kcg/idan_driver_ws/install/additional_msgs/share/additional_msgs/package.sh'
[0.731s] INFO:colcon.colcon_core.shell:Creating package script '/home/kcg/Autonomous_kcg/idan_driver_ws/install/additional_msgs/share/additional_msgs/package.bash'
[0.732s] INFO:colcon.colcon_core.shell:Creating package script '/home/kcg/Autonomous_kcg/idan_driver_ws/install/additional_msgs/share/additional_msgs/package.zsh'
[0.732s] Level 1:colcon.colcon_core.environment:create_file_with_runtime_dependencies(/home/kcg/Autonomous_kcg/idan_driver_ws/install/additional_msgs/share/colcon-core/packages/additional_msgs)
[0.732s] INFO:colcon.colcon_ros.task.ament_cmake.build:Building ROS package in '/home/kcg/Autonomous_kcg/idan_driver_ws/src/idan_driver' with build type 'ament_cmake'
[0.733s] INFO:colcon.colcon_cmake.task.cmake.build:Building CMake package in '/home/kcg/Autonomous_kcg/idan_driver_ws/src/idan_driver'
[0.734s] INFO:colcon.colcon_core.shell:Skip shell extension 'powershell' for command environment: Not usable outside of PowerShell
[0.734s] DEBUG:colcon.colcon_core.shell:Skip shell extension 'dsv' for command environment
[0.749s] DEBUG:colcon.colcon_core.event_handler.log_command:Invoking command in '/home/kcg/Autonomous_kcg/idan_driver_ws/build/idan_driver': AMENT_PREFIX_PATH=/home/kcg/Autonomous_kcg/idan_driver_ws/install/autoware_auto_msgs:/home/kcg/Autonomous_kcg/idan_driver_ws/install/additional_msgs:${AMENT_PREFIX_PATH} CMAKE_PREFIX_PATH=/home/kcg/Autonomous_kcg/idan_driver_ws/install/autoware_auto_msgs:/home/kcg/Autonomous_kcg/idan_driver_ws/install/additional_msgs:/opt/ros/foxy LD_LIBRARY_PATH=/home/kcg/Autonomous_kcg/idan_driver_ws/install/autoware_auto_msgs/lib:/home/kcg/Autonomous_kcg/idan_driver_ws/install/additional_msgs/lib:${LD_LIBRARY_PATH} PYTHONPATH=/home/kcg/Autonomous_kcg/idan_driver_ws/install/autoware_auto_msgs/lib/python3.8/site-packages:/home/kcg/Autonomous_kcg/idan_driver_ws/install/additional_msgs/lib/python3.8/site-packages:${PYTHONPATH} /usr/bin/cmake --build /home/kcg/Autonomous_kcg/idan_driver_ws/build/idan_driver -- -j8 -l8
[0.857s] DEBUG:colcon.colcon_core.event_handler.log_command:Invoked command in '/home/kcg/Autonomous_kcg/idan_driver_ws/build/idan_driver' returned '0': AMENT_PREFIX_PATH=/home/kcg/Autonomous_kcg/idan_driver_ws/install/autoware_auto_msgs:/home/kcg/Autonomous_kcg/idan_driver_ws/install/additional_msgs:${AMENT_PREFIX_PATH} CMAKE_PREFIX_PATH=/home/kcg/Autonomous_kcg/idan_driver_ws/install/autoware_auto_msgs:/home/kcg/Autonomous_kcg/idan_driver_ws/install/additional_msgs:/opt/ros/foxy LD_LIBRARY_PATH=/home/kcg/Autonomous_kcg/idan_driver_ws/install/autoware_auto_msgs/lib:/home/kcg/Autonomous_kcg/idan_driver_ws/install/additional_msgs/lib:${LD_LIBRARY_PATH} PYTHONPATH=/home/kcg/Autonomous_kcg/idan_driver_ws/install/autoware_auto_msgs/lib/python3.8/site-packages:/home/kcg/Autonomous_kcg/idan_driver_ws/install/additional_msgs/lib/python3.8/site-packages:${PYTHONPATH} /usr/bin/cmake --build /home/kcg/Autonomous_kcg/idan_driver_ws/build/idan_driver -- -j8 -l8
[0.890s] DEBUG:colcon.colcon_core.event_handler.log_command:Invoking command in '/home/kcg/Autonomous_kcg/idan_driver_ws/build/idan_driver': AMENT_PREFIX_PATH=/home/kcg/Autonomous_kcg/idan_driver_ws/install/autoware_auto_msgs:/home/kcg/Autonomous_kcg/idan_driver_ws/install/additional_msgs:${AMENT_PREFIX_PATH} CMAKE_PREFIX_PATH=/home/kcg/Autonomous_kcg/idan_driver_ws/install/autoware_auto_msgs:/home/kcg/Autonomous_kcg/idan_driver_ws/install/additional_msgs:/opt/ros/foxy LD_LIBRARY_PATH=/home/kcg/Autonomous_kcg/idan_driver_ws/install/autoware_auto_msgs/lib:/home/kcg/Autonomous_kcg/idan_driver_ws/install/additional_msgs/lib:${LD_LIBRARY_PATH} PYTHONPATH=/home/kcg/Autonomous_kcg/idan_driver_ws/install/autoware_auto_msgs/lib/python3.8/site-packages:/home/kcg/Autonomous_kcg/idan_driver_ws/install/additional_msgs/lib/python3.8/site-packages:${PYTHONPATH} /usr/bin/cmake --install /home/kcg/Autonomous_kcg/idan_driver_ws/build/idan_driver
[0.907s] Level 1:colcon.colcon_core.environment:create_environment_scripts_only(idan_driver)
[0.908s] DEBUG:colcon.colcon_core.event_handler.log_command:Invoked command in '/home/kcg/Autonomous_kcg/idan_driver_ws/build/idan_driver' returned '0': AMENT_PREFIX_PATH=/home/kcg/Autonomous_kcg/idan_driver_ws/install/autoware_auto_msgs:/home/kcg/Autonomous_kcg/idan_driver_ws/install/additional_msgs:${AMENT_PREFIX_PATH} CMAKE_PREFIX_PATH=/home/kcg/Autonomous_kcg/idan_driver_ws/install/autoware_auto_msgs:/home/kcg/Autonomous_kcg/idan_driver_ws/install/additional_msgs:/opt/ros/foxy LD_LIBRARY_PATH=/home/kcg/Autonomous_kcg/idan_driver_ws/install/autoware_auto_msgs/lib:/home/kcg/Autonomous_kcg/idan_driver_ws/install/additional_msgs/lib:${LD_LIBRARY_PATH} PYTHONPATH=/home/kcg/Autonomous_kcg/idan_driver_ws/install/autoware_auto_msgs/lib/python3.8/site-packages:/home/kcg/Autonomous_kcg/idan_driver_ws/install/additional_msgs/lib/python3.8/site-packages:${PYTHONPATH} /usr/bin/cmake --install /home/kcg/Autonomous_kcg/idan_driver_ws/build/idan_driver
[0.910s] Level 1:colcon.colcon_core.environment:checking '/home/kcg/Autonomous_kcg/idan_driver_ws/install/idan_driver' for CMake module files
[0.911s] Level 1:colcon.colcon_core.environment:checking '/home/kcg/Autonomous_kcg/idan_driver_ws/install/idan_driver' for CMake config files
[0.911s] Level 1:colcon.colcon_core.shell:create_environment_hook('idan_driver', 'cmake_prefix_path')
[0.912s] INFO:colcon.colcon_core.shell:Creating environment hook '/home/kcg/Autonomous_kcg/idan_driver_ws/install/idan_driver/share/idan_driver/hook/cmake_prefix_path.ps1'
[0.913s] INFO:colcon.colcon_core.shell:Creating environment descriptor '/home/kcg/Autonomous_kcg/idan_driver_ws/install/idan_driver/share/idan_driver/hook/cmake_prefix_path.dsv'
[0.913s] INFO:colcon.colcon_core.shell:Creating environment hook '/home/kcg/Autonomous_kcg/idan_driver_ws/install/idan_driver/share/idan_driver/hook/cmake_prefix_path.sh'
[0.913s] Level 1:colcon.colcon_core.environment:checking '/home/kcg/Autonomous_kcg/idan_driver_ws/install/idan_driver/lib'
[0.914s] Level 1:colcon.colcon_core.shell:create_environment_hook('idan_driver', 'ld_library_path_lib')
[0.915s] INFO:colcon.colcon_core.shell:Creating environment hook '/home/kcg/Autonomous_kcg/idan_driver_ws/install/idan_driver/share/idan_driver/hook/ld_library_path_lib.ps1'
[0.915s] INFO:colcon.colcon_core.shell:Creating environment descriptor '/home/kcg/Autonomous_kcg/idan_driver_ws/install/idan_driver/share/idan_driver/hook/ld_library_path_lib.dsv'
[0.915s] INFO:colcon.colcon_core.shell:Creating environment hook '/home/kcg/Autonomous_kcg/idan_driver_ws/install/idan_driver/share/idan_driver/hook/ld_library_path_lib.sh'
[0.916s] Level 1:colcon.colcon_core.environment:checking '/home/kcg/Autonomous_kcg/idan_driver_ws/install/idan_driver/bin'
[0.916s] Level 1:colcon.colcon_core.environment:checking '/home/kcg/Autonomous_kcg/idan_driver_ws/install/idan_driver/lib/pkgconfig/idan_driver.pc'
[0.916s] Level 1:colcon.colcon_core.environment:checking '/home/kcg/Autonomous_kcg/idan_driver_ws/install/idan_driver/lib/python3.8/site-packages'
[0.916s] Level 1:colcon.colcon_core.environment:checking '/home/kcg/Autonomous_kcg/idan_driver_ws/install/idan_driver/bin'
[0.918s] INFO:colcon.colcon_core.shell:Creating package script '/home/kcg/Autonomous_kcg/idan_driver_ws/install/idan_driver/share/idan_driver/package.ps1'
[0.919s] INFO:colcon.colcon_core.shell:Creating package descriptor '/home/kcg/Autonomous_kcg/idan_driver_ws/install/idan_driver/share/idan_driver/package.dsv'
[0.919s] INFO:colcon.colcon_core.shell:Creating package script '/home/kcg/Autonomous_kcg/idan_driver_ws/install/idan_driver/share/idan_driver/package.sh'
[0.919s] INFO:colcon.colcon_core.shell:Creating package script '/home/kcg/Autonomous_kcg/idan_driver_ws/install/idan_driver/share/idan_driver/package.bash'
[0.920s] INFO:colcon.colcon_core.shell:Creating package script '/home/kcg/Autonomous_kcg/idan_driver_ws/install/idan_driver/share/idan_driver/package.zsh'
[0.920s] Level 1:colcon.colcon_core.environment:create_file_with_runtime_dependencies(/home/kcg/Autonomous_kcg/idan_driver_ws/install/idan_driver/share/colcon-core/packages/idan_driver)
[0.954s] Level 1:colcon.colcon_core.environment:create_environment_scripts_only(idan_driver)
[0.956s] Level 1:colcon.colcon_core.environment:checking '/home/kcg/Autonomous_kcg/idan_driver_ws/install/idan_driver' for CMake module files
[0.957s] Level 1:colcon.colcon_core.environment:checking '/home/kcg/Autonomous_kcg/idan_driver_ws/install/idan_driver' for CMake config files
[0.957s] Level 1:colcon.colcon_core.shell:create_environment_hook('idan_driver', 'cmake_prefix_path')
[0.958s] INFO:colcon.colcon_core.shell:Creating environment hook '/home/kcg/Autonomous_kcg/idan_driver_ws/install/idan_driver/share/idan_driver/hook/cmake_prefix_path.ps1'
[0.959s] INFO:colcon.colcon_core.shell:Creating environment descriptor '/home/kcg/Autonomous_kcg/idan_driver_ws/install/idan_driver/share/idan_driver/hook/cmake_prefix_path.dsv'
[0.959s] INFO:colcon.colcon_core.shell:Creating environment hook '/home/kcg/Autonomous_kcg/idan_driver_ws/install/idan_driver/share/idan_driver/hook/cmake_prefix_path.sh'
[0.960s] Level 1:colcon.colcon_core.environment:checking '/home/kcg/Autonomous_kcg/idan_driver_ws/install/idan_driver/lib'
[0.960s] Level 1:colcon.colcon_core.shell:create_environment_hook('idan_driver', 'ld_library_path_lib')
[0.961s] INFO:colcon.colcon_core.shell:Creating environment hook '/home/kcg/Autonomous_kcg/idan_driver_ws/install/idan_driver/share/idan_driver/hook/ld_library_path_lib.ps1'
[0.961s] INFO:colcon.colcon_core.shell:Creating environment descriptor '/home/kcg/Autonomous_kcg/idan_driver_ws/install/idan_driver/share/idan_driver/hook/ld_library_path_lib.dsv'
[0.961s] INFO:colcon.colcon_core.shell:Creating environment hook '/home/kcg/Autonomous_kcg/idan_driver_ws/install/idan_driver/share/idan_driver/hook/ld_library_path_lib.sh'
[0.962s] Level 1:colcon.colcon_core.environment:checking '/home/kcg/Autonomous_kcg/idan_driver_ws/install/idan_driver/bin'
[0.962s] Level 1:colcon.colcon_core.environment:checking '/home/kcg/Autonomous_kcg/idan_driver_ws/install/idan_driver/lib/pkgconfig/idan_driver.pc'
[0.962s] Level 1:colcon.colcon_core.environment:checking '/home/kcg/Autonomous_kcg/idan_driver_ws/install/idan_driver/lib/python3.8/site-packages'
[0.962s] Level 1:colcon.colcon_core.environment:checking '/home/kcg/Autonomous_kcg/idan_driver_ws/install/idan_driver/bin'
[0.963s] INFO:colcon.colcon_core.shell:Creating package script '/home/kcg/Autonomous_kcg/idan_driver_ws/install/idan_driver/share/idan_driver/package.ps1'
[0.964s] INFO:colcon.colcon_core.shell:Creating package descriptor '/home/kcg/Autonomous_kcg/idan_driver_ws/install/idan_driver/share/idan_driver/package.dsv'
[0.964s] INFO:colcon.colcon_core.shell:Creating package script '/home/kcg/Autonomous_kcg/idan_driver_ws/install/idan_driver/share/idan_driver/package.sh'
[0.965s] INFO:colcon.colcon_core.shell:Creating package script '/home/kcg/Autonomous_kcg/idan_driver_ws/install/idan_driver/share/idan_driver/package.bash'
[0.965s] INFO:colcon.colcon_core.shell:Creating package script '/home/kcg/Autonomous_kcg/idan_driver_ws/install/idan_driver/share/idan_driver/package.zsh'
[0.965s] Level 1:colcon.colcon_core.environment:create_file_with_runtime_dependencies(/home/kcg/Autonomous_kcg/idan_driver_ws/install/idan_driver/share/colcon-core/packages/idan_driver)
[0.965s] DEBUG:colcon.colcon_parallel_executor.executor.parallel:closing loop
[0.966s] DEBUG:colcon.colcon_parallel_executor.executor.parallel:loop closed
[0.966s] DEBUG:colcon.colcon_parallel_executor.executor.parallel:run_until_complete finished with '0'
[0.966s] DEBUG:colcon.colcon_core.event_reactor:joining thread
[0.973s] INFO:colcon.colcon_core.plugin_system:Skipping extension 'colcon_notification.desktop_notification.terminal_notifier': Not used on non-Darwin systems
[0.973s] INFO:colcon.colcon_core.plugin_system:Skipping extension 'colcon_notification.desktop_notification.win32': Not used on non-Windows systems
[0.973s] INFO:colcon.colcon_notification.desktop_notification:Sending desktop notification using 'notify2'
[0.983s] DEBUG:colcon.colcon_core.event_reactor:joined thread
[0.984s] INFO:colcon.colcon_core.shell:Creating prefix script '/home/kcg/Autonomous_kcg/idan_driver_ws/install/local_setup.ps1'
[0.985s] INFO:colcon.colcon_core.shell:Creating prefix util module '/home/kcg/Autonomous_kcg/idan_driver_ws/install/_local_setup_util_ps1.py'
[0.986s] INFO:colcon.colcon_core.shell:Creating prefix chain script '/home/kcg/Autonomous_kcg/idan_driver_ws/install/setup.ps1'
[0.988s] INFO:colcon.colcon_core.shell:Creating prefix script '/home/kcg/Autonomous_kcg/idan_driver_ws/install/local_setup.sh'
[0.989s] INFO:colcon.colcon_core.shell:Creating prefix util module '/home/kcg/Autonomous_kcg/idan_driver_ws/install/_local_setup_util_sh.py'
[0.990s] INFO:colcon.colcon_core.shell:Creating prefix chain script '/home/kcg/Autonomous_kcg/idan_driver_ws/install/setup.sh'
[0.991s] INFO:colcon.colcon_core.shell:Creating prefix script '/home/kcg/Autonomous_kcg/idan_driver_ws/install/local_setup.bash'
[0.991s] INFO:colcon.colcon_core.shell:Creating prefix chain script '/home/kcg/Autonomous_kcg/idan_driver_ws/install/setup.bash'
[0.993s] INFO:colcon.colcon_core.shell:Creating prefix script '/home/kcg/Autonomous_kcg/idan_driver_ws/install/local_setup.zsh'
[0.993s] INFO:colcon.colcon_core.shell:Creating prefix chain script '/home/kcg/Autonomous_kcg/idan_driver_ws/install/setup.zsh'
