[0.127s] DEBUG:colcon:Command line arguments: ['/usr/bin/colcon', 'build']
[0.127s] DEBUG:colcon:Parsed command line arguments: Namespace(allow_overriding=[], ament_cmake_args=None, base_paths=['.'], build_base='build', catkin_cmake_args=None, catkin_skip_building_tests=False, cmake_args=None, cmake_clean_cache=False, cmake_clean_first=False, cmake_force_configure=False, cmake_target=None, cmake_target_skip_unavailable=False, continue_on_error=False, event_handlers=None, executor='parallel', ignore_user_meta=False, install_base='install', log_base=None, log_level=None, main=<bound method BuildVerb.main of <colcon_core.verb.build.BuildVerb object at 0x7f398159b6d0>>, merge_install=False, metas=['./colcon.meta'], packages_above=None, packages_above_and_dependencies=None, packages_above_depth=None, packages_end=None, packages_ignore=None, packages_ignore_regex=None, packages_select=None, packages_select_build_failed=False, packages_select_by_dep=None, packages_select_regex=None, packages_select_test_failures=False, packages_skip=None, packages_skip_build_finished=False, packages_skip_by_dep=None, packages_skip_regex=None, packages_skip_test_passed=False, packages_skip_up_to=None, packages_start=None, packages_up_to=None, packages_up_to_regex=None, parallel_workers=8, paths=None, symlink_install=False, test_result_base=None, verb_extension=<colcon_core.verb.build.BuildVerb object at 0x7f398159b6d0>, verb_name='build', verb_parser=<colcon_defaults.argument_parser.defaults.DefaultArgumentsDecorator object at 0x7f398159bc10>)
[0.149s] Level 1:colcon.colcon_core.package_discovery:discover_packages(colcon_meta) check parameters
[0.149s] Level 1:colcon.colcon_core.package_discovery:discover_packages(recursive) check parameters
[0.149s] Level 1:colcon.colcon_core.package_discovery:discover_packages(ignore) check parameters
[0.149s] Level 1:colcon.colcon_core.package_discovery:discover_packages(path) check parameters
[0.149s] Level 1:colcon.colcon_core.package_discovery:discover_packages(colcon_meta) discover
[0.149s] Level 1:colcon.colcon_core.package_discovery:discover_packages(recursive) discover
[0.149s] INFO:colcon.colcon_core.package_discovery:Crawling recursively for packages in '/home/kcg/Autonomous_kcg/ROS2Sample'
[0.150s] Level 1:colcon.colcon_core.package_identification:_identify(.) by extensions ['ignore', 'ignore_ament_install']
[0.150s] Level 1:colcon.colcon_core.package_identification:_identify(.) by extension 'ignore'
[0.150s] Level 1:colcon.colcon_core.package_identification:_identify(.) by extension 'ignore_ament_install'
[0.150s] Level 1:colcon.colcon_core.package_identification:_identify(.) by extensions ['colcon_pkg']
[0.150s] Level 1:colcon.colcon_core.package_identification:_identify(.) by extension 'colcon_pkg'
[0.150s] Level 1:colcon.colcon_core.package_identification:_identify(.) by extensions ['colcon_meta']
[0.150s] Level 1:colcon.colcon_core.package_identification:_identify(.) by extension 'colcon_meta'
[0.150s] Level 1:colcon.colcon_core.package_identification:_identify(.) by extensions ['ros']
[0.150s] Level 1:colcon.colcon_core.package_identification:_identify(.) by extension 'ros'
[0.163s] Level 1:colcon.colcon_core.package_identification:_identify(.) by extensions ['cmake', 'python']
[0.163s] Level 1:colcon.colcon_core.package_identification:_identify(.) by extension 'cmake'
[0.163s] Level 1:colcon.colcon_core.package_identification:_identify(.) by extension 'python'
[0.163s] Level 1:colcon.colcon_core.package_identification:_identify(.) by extensions ['python_setup_py']
[0.163s] Level 1:colcon.colcon_core.package_identification:_identify(.) by extension 'python_setup_py'
[0.163s] Level 1:colcon.colcon_core.package_identification:_identify(build) by extensions ['ignore', 'ignore_ament_install']
[0.163s] Level 1:colcon.colcon_core.package_identification:_identify(build) by extension 'ignore'
[0.163s] Level 1:colcon.colcon_core.package_identification:_identify(build) ignored
[0.163s] Level 1:colcon.colcon_core.package_identification:_identify(install) by extensions ['ignore', 'ignore_ament_install']
[0.164s] Level 1:colcon.colcon_core.package_identification:_identify(install) by extension 'ignore'
[0.164s] Level 1:colcon.colcon_core.package_identification:_identify(install) ignored
[0.164s] Level 1:colcon.colcon_core.package_identification:_identify(log) by extensions ['ignore', 'ignore_ament_install']
[0.164s] Level 1:colcon.colcon_core.package_identification:_identify(log) by extension 'ignore'
[0.164s] Level 1:colcon.colcon_core.package_identification:_identify(log) ignored
[0.164s] Level 1:colcon.colcon_core.package_identification:_identify(rosbag2_2022_07_17-10_58_20) by extensions ['ignore', 'ignore_ament_install']
[0.164s] Level 1:colcon.colcon_core.package_identification:_identify(rosbag2_2022_07_17-10_58_20) by extension 'ignore'
[0.164s] Level 1:colcon.colcon_core.package_identification:_identify(rosbag2_2022_07_17-10_58_20) by extension 'ignore_ament_install'
[0.164s] Level 1:colcon.colcon_core.package_identification:_identify(rosbag2_2022_07_17-10_58_20) by extensions ['colcon_pkg']
[0.164s] Level 1:colcon.colcon_core.package_identification:_identify(rosbag2_2022_07_17-10_58_20) by extension 'colcon_pkg'
[0.164s] Level 1:colcon.colcon_core.package_identification:_identify(rosbag2_2022_07_17-10_58_20) by extensions ['colcon_meta']
[0.164s] Level 1:colcon.colcon_core.package_identification:_identify(rosbag2_2022_07_17-10_58_20) by extension 'colcon_meta'
[0.164s] Level 1:colcon.colcon_core.package_identification:_identify(rosbag2_2022_07_17-10_58_20) by extensions ['ros']
[0.164s] Level 1:colcon.colcon_core.package_identification:_identify(rosbag2_2022_07_17-10_58_20) by extension 'ros'
[0.165s] Level 1:colcon.colcon_core.package_identification:_identify(rosbag2_2022_07_17-10_58_20) by extensions ['cmake', 'python']
[0.165s] Level 1:colcon.colcon_core.package_identification:_identify(rosbag2_2022_07_17-10_58_20) by extension 'cmake'
[0.165s] Level 1:colcon.colcon_core.package_identification:_identify(rosbag2_2022_07_17-10_58_20) by extension 'python'
[0.165s] Level 1:colcon.colcon_core.package_identification:_identify(rosbag2_2022_07_17-10_58_20) by extensions ['python_setup_py']
[0.165s] Level 1:colcon.colcon_core.package_identification:_identify(rosbag2_2022_07_17-10_58_20) by extension 'python_setup_py'
[0.165s] Level 1:colcon.colcon_core.package_identification:_identify(src) by extensions ['ignore', 'ignore_ament_install']
[0.165s] Level 1:colcon.colcon_core.package_identification:_identify(src) by extension 'ignore'
[0.165s] Level 1:colcon.colcon_core.package_identification:_identify(src) by extension 'ignore_ament_install'
[0.165s] Level 1:colcon.colcon_core.package_identification:_identify(src) by extensions ['colcon_pkg']
[0.165s] Level 1:colcon.colcon_core.package_identification:_identify(src) by extension 'colcon_pkg'
[0.165s] Level 1:colcon.colcon_core.package_identification:_identify(src) by extensions ['colcon_meta']
[0.165s] Level 1:colcon.colcon_core.package_identification:_identify(src) by extension 'colcon_meta'
[0.165s] Level 1:colcon.colcon_core.package_identification:_identify(src) by extensions ['ros']
[0.165s] Level 1:colcon.colcon_core.package_identification:_identify(src) by extension 'ros'
[0.165s] Level 1:colcon.colcon_core.package_identification:_identify(src) by extensions ['cmake', 'python']
[0.166s] Level 1:colcon.colcon_core.package_identification:_identify(src) by extension 'cmake'
[0.166s] Level 1:colcon.colcon_core.package_identification:_identify(src) by extension 'python'
[0.166s] Level 1:colcon.colcon_core.package_identification:_identify(src) by extensions ['python_setup_py']
[0.166s] Level 1:colcon.colcon_core.package_identification:_identify(src) by extension 'python_setup_py'
[0.166s] Level 1:colcon.colcon_core.package_identification:_identify(src/build) by extensions ['ignore', 'ignore_ament_install']
[0.166s] Level 1:colcon.colcon_core.package_identification:_identify(src/build) by extension 'ignore'
[0.166s] Level 1:colcon.colcon_core.package_identification:_identify(src/build) ignored
[0.166s] Level 1:colcon.colcon_core.package_identification:_identify(src/cognata_sdk_ros2) by extensions ['ignore', 'ignore_ament_install']
[0.166s] Level 1:colcon.colcon_core.package_identification:_identify(src/cognata_sdk_ros2) by extension 'ignore'
[0.166s] Level 1:colcon.colcon_core.package_identification:_identify(src/cognata_sdk_ros2) by extension 'ignore_ament_install'
[0.166s] Level 1:colcon.colcon_core.package_identification:_identify(src/cognata_sdk_ros2) by extensions ['colcon_pkg']
[0.166s] Level 1:colcon.colcon_core.package_identification:_identify(src/cognata_sdk_ros2) by extension 'colcon_pkg'
[0.166s] Level 1:colcon.colcon_core.package_identification:_identify(src/cognata_sdk_ros2) by extensions ['colcon_meta']
[0.167s] Level 1:colcon.colcon_core.package_identification:_identify(src/cognata_sdk_ros2) by extension 'colcon_meta'
[0.167s] Level 1:colcon.colcon_core.package_identification:_identify(src/cognata_sdk_ros2) by extensions ['ros']
[0.167s] Level 1:colcon.colcon_core.package_identification:_identify(src/cognata_sdk_ros2) by extension 'ros'
[0.171s] DEBUG:colcon.colcon_core.package_identification:Package 'src/cognata_sdk_ros2' with type 'ros.ament_cmake' and name 'cognata_sdk_ros2'
[0.171s] Level 1:colcon.colcon_core.package_identification:_identify(src/install) by extensions ['ignore', 'ignore_ament_install']
[0.171s] Level 1:colcon.colcon_core.package_identification:_identify(src/install) by extension 'ignore'
[0.171s] Level 1:colcon.colcon_core.package_identification:_identify(src/install) ignored
[0.171s] Level 1:colcon.colcon_core.package_identification:_identify(src/log) by extensions ['ignore', 'ignore_ament_install']
[0.171s] Level 1:colcon.colcon_core.package_identification:_identify(src/log) by extension 'ignore'
[0.171s] Level 1:colcon.colcon_core.package_identification:_identify(src/log) ignored
[0.171s] Level 1:colcon.colcon_core.package_identification:_identify(src/msgs) by extensions ['ignore', 'ignore_ament_install']
[0.171s] Level 1:colcon.colcon_core.package_identification:_identify(src/msgs) by extension 'ignore'
[0.171s] Level 1:colcon.colcon_core.package_identification:_identify(src/msgs) by extension 'ignore_ament_install'
[0.172s] Level 1:colcon.colcon_core.package_identification:_identify(src/msgs) by extensions ['colcon_pkg']
[0.172s] Level 1:colcon.colcon_core.package_identification:_identify(src/msgs) by extension 'colcon_pkg'
[0.172s] Level 1:colcon.colcon_core.package_identification:_identify(src/msgs) by extensions ['colcon_meta']
[0.172s] Level 1:colcon.colcon_core.package_identification:_identify(src/msgs) by extension 'colcon_meta'
[0.172s] Level 1:colcon.colcon_core.package_identification:_identify(src/msgs) by extensions ['ros']
[0.172s] Level 1:colcon.colcon_core.package_identification:_identify(src/msgs) by extension 'ros'
[0.172s] Level 1:colcon.colcon_core.package_identification:_identify(src/msgs) by extensions ['cmake', 'python']
[0.172s] Level 1:colcon.colcon_core.package_identification:_identify(src/msgs) by extension 'cmake'
[0.172s] Level 1:colcon.colcon_core.package_identification:_identify(src/msgs) by extension 'python'
[0.172s] Level 1:colcon.colcon_core.package_identification:_identify(src/msgs) by extensions ['python_setup_py']
[0.172s] Level 1:colcon.colcon_core.package_identification:_identify(src/msgs) by extension 'python_setup_py'
[0.172s] Level 1:colcon.colcon_core.package_identification:_identify(src/msgs/additional_msgs) by extensions ['ignore', 'ignore_ament_install']
[0.172s] Level 1:colcon.colcon_core.package_identification:_identify(src/msgs/additional_msgs) by extension 'ignore'
[0.172s] Level 1:colcon.colcon_core.package_identification:_identify(src/msgs/additional_msgs) by extension 'ignore_ament_install'
[0.173s] Level 1:colcon.colcon_core.package_identification:_identify(src/msgs/additional_msgs) by extensions ['colcon_pkg']
[0.173s] Level 1:colcon.colcon_core.package_identification:_identify(src/msgs/additional_msgs) by extension 'colcon_pkg'
[0.173s] Level 1:colcon.colcon_core.package_identification:_identify(src/msgs/additional_msgs) by extensions ['colcon_meta']
[0.173s] Level 1:colcon.colcon_core.package_identification:_identify(src/msgs/additional_msgs) by extension 'colcon_meta'
[0.173s] Level 1:colcon.colcon_core.package_identification:_identify(src/msgs/additional_msgs) by extensions ['ros']
[0.173s] Level 1:colcon.colcon_core.package_identification:_identify(src/msgs/additional_msgs) by extension 'ros'
[0.174s] DEBUG:colcon.colcon_core.package_identification:Package 'src/msgs/additional_msgs' with type 'ros.ament_cmake' and name 'additional_msgs'
[0.174s] Level 1:colcon.colcon_core.package_identification:_identify(src/msgs/autoware_auto_msgs) by extensions ['ignore', 'ignore_ament_install']
[0.174s] Level 1:colcon.colcon_core.package_identification:_identify(src/msgs/autoware_auto_msgs) by extension 'ignore'
[0.174s] Level 1:colcon.colcon_core.package_identification:_identify(src/msgs/autoware_auto_msgs) by extension 'ignore_ament_install'
[0.174s] Level 1:colcon.colcon_core.package_identification:_identify(src/msgs/autoware_auto_msgs) by extensions ['colcon_pkg']
[0.174s] Level 1:colcon.colcon_core.package_identification:_identify(src/msgs/autoware_auto_msgs) by extension 'colcon_pkg'
[0.174s] Level 1:colcon.colcon_core.package_identification:_identify(src/msgs/autoware_auto_msgs) by extensions ['colcon_meta']
[0.174s] Level 1:colcon.colcon_core.package_identification:_identify(src/msgs/autoware_auto_msgs) by extension 'colcon_meta'
[0.174s] Level 1:colcon.colcon_core.package_identification:_identify(src/msgs/autoware_auto_msgs) by extensions ['ros']
[0.174s] Level 1:colcon.colcon_core.package_identification:_identify(src/msgs/autoware_auto_msgs) by extension 'ros'
[0.175s] DEBUG:colcon.colcon_core.package_identification:Package 'src/msgs/autoware_auto_msgs' with type 'ros.ament_cmake' and name 'autoware_auto_msgs'
[0.175s] Level 1:colcon.colcon_core.package_identification:_identify(src/msgs/tracked_lane_msgs) by extensions ['ignore', 'ignore_ament_install']
[0.175s] Level 1:colcon.colcon_core.package_identification:_identify(src/msgs/tracked_lane_msgs) by extension 'ignore'
[0.175s] Level 1:colcon.colcon_core.package_identification:_identify(src/msgs/tracked_lane_msgs) by extension 'ignore_ament_install'
[0.175s] Level 1:colcon.colcon_core.package_identification:_identify(src/msgs/tracked_lane_msgs) by extensions ['colcon_pkg']
[0.175s] Level 1:colcon.colcon_core.package_identification:_identify(src/msgs/tracked_lane_msgs) by extension 'colcon_pkg'
[0.176s] Level 1:colcon.colcon_core.package_identification:_identify(src/msgs/tracked_lane_msgs) by extensions ['colcon_meta']
[0.176s] Level 1:colcon.colcon_core.package_identification:_identify(src/msgs/tracked_lane_msgs) by extension 'colcon_meta'
[0.176s] Level 1:colcon.colcon_core.package_identification:_identify(src/msgs/tracked_lane_msgs) by extensions ['ros']
[0.176s] Level 1:colcon.colcon_core.package_identification:_identify(src/msgs/tracked_lane_msgs) by extension 'ros'
[0.176s] DEBUG:colcon.colcon_core.package_identification:Package 'src/msgs/tracked_lane_msgs' with type 'ros.ament_cmake' and name 'tracked_lane_msgs'
[0.176s] Level 1:colcon.colcon_core.package_identification:_identify(src/msgs/tracked_object_msgs) by extensions ['ignore', 'ignore_ament_install']
[0.177s] Level 1:colcon.colcon_core.package_identification:_identify(src/msgs/tracked_object_msgs) by extension 'ignore'
[0.177s] Level 1:colcon.colcon_core.package_identification:_identify(src/msgs/tracked_object_msgs) by extension 'ignore_ament_install'
[0.177s] Level 1:colcon.colcon_core.package_identification:_identify(src/msgs/tracked_object_msgs) by extensions ['colcon_pkg']
[0.177s] Level 1:colcon.colcon_core.package_identification:_identify(src/msgs/tracked_object_msgs) by extension 'colcon_pkg'
[0.177s] Level 1:colcon.colcon_core.package_identification:_identify(src/msgs/tracked_object_msgs) by extensions ['colcon_meta']
[0.177s] Level 1:colcon.colcon_core.package_identification:_identify(src/msgs/tracked_object_msgs) by extension 'colcon_meta'
[0.177s] Level 1:colcon.colcon_core.package_identification:_identify(src/msgs/tracked_object_msgs) by extensions ['ros']
[0.177s] Level 1:colcon.colcon_core.package_identification:_identify(src/msgs/tracked_object_msgs) by extension 'ros'
[0.181s] DEBUG:colcon.colcon_core.package_identification:Package 'src/msgs/tracked_object_msgs' with type 'ros.ament_cmake' and name 'tracked_object_msgs'
[0.181s] Level 1:colcon.colcon_core.package_identification:_identify(src/python3) by extensions ['ignore', 'ignore_ament_install']
[0.181s] Level 1:colcon.colcon_core.package_identification:_identify(src/python3) by extension 'ignore'
[0.181s] Level 1:colcon.colcon_core.package_identification:_identify(src/python3) by extension 'ignore_ament_install'
[0.181s] Level 1:colcon.colcon_core.package_identification:_identify(src/python3) by extensions ['colcon_pkg']
[0.182s] Level 1:colcon.colcon_core.package_identification:_identify(src/python3) by extension 'colcon_pkg'
[0.182s] Level 1:colcon.colcon_core.package_identification:_identify(src/python3) by extensions ['colcon_meta']
[0.182s] Level 1:colcon.colcon_core.package_identification:_identify(src/python3) by extension 'colcon_meta'
[0.182s] Level 1:colcon.colcon_core.package_identification:_identify(src/python3) by extensions ['ros']
[0.182s] Level 1:colcon.colcon_core.package_identification:_identify(src/python3) by extension 'ros'
[0.182s] Level 1:colcon.colcon_core.package_identification:_identify(src/python3) by extensions ['cmake', 'python']
[0.182s] Level 1:colcon.colcon_core.package_identification:_identify(src/python3) by extension 'cmake'
[0.182s] Level 1:colcon.colcon_core.package_identification:_identify(src/python3) by extension 'python'
[0.182s] Level 1:colcon.colcon_core.package_identification:_identify(src/python3) by extensions ['python_setup_py']
[0.182s] Level 1:colcon.colcon_core.package_identification:_identify(src/python3) by extension 'python_setup_py'
[0.182s] Level 1:colcon.colcon_core.package_identification:_identify(src/python_publisher) by extensions ['ignore', 'ignore_ament_install']
[0.182s] Level 1:colcon.colcon_core.package_identification:_identify(src/python_publisher) by extension 'ignore'
[0.182s] Level 1:colcon.colcon_core.package_identification:_identify(src/python_publisher) by extension 'ignore_ament_install'
[0.182s] Level 1:colcon.colcon_core.package_identification:_identify(src/python_publisher) by extensions ['colcon_pkg']
[0.182s] Level 1:colcon.colcon_core.package_identification:_identify(src/python_publisher) by extension 'colcon_pkg'
[0.183s] Level 1:colcon.colcon_core.package_identification:_identify(src/python_publisher) by extensions ['colcon_meta']
[0.183s] Level 1:colcon.colcon_core.package_identification:_identify(src/python_publisher) by extension 'colcon_meta'
[0.183s] Level 1:colcon.colcon_core.package_identification:_identify(src/python_publisher) by extensions ['ros']
[0.183s] Level 1:colcon.colcon_core.package_identification:_identify(src/python_publisher) by extension 'ros'
[0.184s] DEBUG:colcon.colcon_core.package_identification:Package 'src/python_publisher' with type 'ros.ament_python' and name 'python_publisher'
[0.184s] Level 1:colcon.colcon_core.package_discovery:discover_packages(recursive) using defaults
[0.184s] Level 1:colcon.colcon_core.package_discovery:discover_packages(ignore) discover
[0.184s] Level 1:colcon.colcon_core.package_discovery:discover_packages(ignore) using defaults
[0.184s] Level 1:colcon.colcon_core.package_discovery:discover_packages(path) discover
[0.184s] Level 1:colcon.colcon_core.package_discovery:discover_packages(path) using defaults
[0.211s] Level 1:colcon.colcon_core.package_discovery:discover_packages(prefix_path) check parameters
[0.211s] Level 1:colcon.colcon_core.package_discovery:discover_packages(prefix_path) discover
[0.214s] DEBUG:colcon.colcon_installed_package_information.package_discovery:Found 6 installed packages in /home/kcg/Autonomous_kcg/ROS2Sample/install
[0.215s] DEBUG:colcon.colcon_installed_package_information.package_discovery:Found 2 installed packages in /home/kcg/Autonomous_kcg/switch_ws/Deliverables/colcon_workspace/install
[0.216s] DEBUG:colcon.colcon_installed_package_information.package_discovery:Found 256 installed packages in /opt/ros/foxy
[0.218s] Level 1:colcon.colcon_core.package_discovery:discover_packages(prefix_path) using defaults
[0.278s] Level 5:colcon.colcon_core.verb:set package 'additional_msgs' build argument 'cmake_args' from command line to 'None'
[0.279s] Level 5:colcon.colcon_core.verb:set package 'additional_msgs' build argument 'cmake_target' from command line to 'None'
[0.279s] Level 5:colcon.colcon_core.verb:set package 'additional_msgs' build argument 'cmake_target_skip_unavailable' from command line to 'False'
[0.279s] Level 5:colcon.colcon_core.verb:set package 'additional_msgs' build argument 'cmake_clean_cache' from command line to 'False'
[0.279s] Level 5:colcon.colcon_core.verb:set package 'additional_msgs' build argument 'cmake_clean_first' from command line to 'False'
[0.279s] Level 5:colcon.colcon_core.verb:set package 'additional_msgs' build argument 'cmake_force_configure' from command line to 'False'
[0.279s] Level 5:colcon.colcon_core.verb:set package 'additional_msgs' build argument 'ament_cmake_args' from command line to 'None'
[0.279s] Level 5:colcon.colcon_core.verb:set package 'additional_msgs' build argument 'catkin_cmake_args' from command line to 'None'
[0.279s] Level 5:colcon.colcon_core.verb:set package 'additional_msgs' build argument 'catkin_skip_building_tests' from command line to 'False'
[0.279s] DEBUG:colcon.colcon_core.verb:Building package 'additional_msgs' with the following arguments: {'ament_cmake_args': None, 'build_base': '/home/kcg/Autonomous_kcg/ROS2Sample/build/additional_msgs', 'catkin_cmake_args': None, 'catkin_skip_building_tests': False, 'cmake_args': None, 'cmake_clean_cache': False, 'cmake_clean_first': False, 'cmake_force_configure': False, 'cmake_target': None, 'cmake_target_skip_unavailable': False, 'install_base': '/home/kcg/Autonomous_kcg/ROS2Sample/install/additional_msgs', 'merge_install': False, 'path': '/home/kcg/Autonomous_kcg/ROS2Sample/src/msgs/additional_msgs', 'symlink_install': False, 'test_result_base': None}
[0.281s] Level 5:colcon.colcon_core.verb:set package 'autoware_auto_msgs' build argument 'cmake_args' from command line to 'None'
[0.281s] Level 5:colcon.colcon_core.verb:set package 'autoware_auto_msgs' build argument 'cmake_target' from command line to 'None'
[0.281s] Level 5:colcon.colcon_core.verb:set package 'autoware_auto_msgs' build argument 'cmake_target_skip_unavailable' from command line to 'False'
[0.281s] Level 5:colcon.colcon_core.verb:set package 'autoware_auto_msgs' build argument 'cmake_clean_cache' from command line to 'False'
[0.281s] Level 5:colcon.colcon_core.verb:set package 'autoware_auto_msgs' build argument 'cmake_clean_first' from command line to 'False'
[0.281s] Level 5:colcon.colcon_core.verb:set package 'autoware_auto_msgs' build argument 'cmake_force_configure' from command line to 'False'
[0.281s] Level 5:colcon.colcon_core.verb:set package 'autoware_auto_msgs' build argument 'ament_cmake_args' from command line to 'None'
[0.281s] Level 5:colcon.colcon_core.verb:set package 'autoware_auto_msgs' build argument 'catkin_cmake_args' from command line to 'None'
[0.281s] Level 5:colcon.colcon_core.verb:set package 'autoware_auto_msgs' build argument 'catkin_skip_building_tests' from command line to 'False'
[0.281s] DEBUG:colcon.colcon_core.verb:Building package 'autoware_auto_msgs' with the following arguments: {'ament_cmake_args': None, 'build_base': '/home/kcg/Autonomous_kcg/ROS2Sample/build/autoware_auto_msgs', 'catkin_cmake_args': None, 'catkin_skip_building_tests': False, 'cmake_args': None, 'cmake_clean_cache': False, 'cmake_clean_first': False, 'cmake_force_configure': False, 'cmake_target': None, 'cmake_target_skip_unavailable': False, 'install_base': '/home/kcg/Autonomous_kcg/ROS2Sample/install/autoware_auto_msgs', 'merge_install': False, 'path': '/home/kcg/Autonomous_kcg/ROS2Sample/src/msgs/autoware_auto_msgs', 'symlink_install': False, 'test_result_base': None}
[0.283s] Level 5:colcon.colcon_core.verb:set package 'cognata_sdk_ros2' build argument 'cmake_args' from command line to 'None'
[0.283s] Level 5:colcon.colcon_core.verb:set package 'cognata_sdk_ros2' build argument 'cmake_target' from command line to 'None'
[0.283s] Level 5:colcon.colcon_core.verb:set package 'cognata_sdk_ros2' build argument 'cmake_target_skip_unavailable' from command line to 'False'
[0.283s] Level 5:colcon.colcon_core.verb:set package 'cognata_sdk_ros2' build argument 'cmake_clean_cache' from command line to 'False'
[0.283s] Level 5:colcon.colcon_core.verb:set package 'cognata_sdk_ros2' build argument 'cmake_clean_first' from command line to 'False'
[0.283s] Level 5:colcon.colcon_core.verb:set package 'cognata_sdk_ros2' build argument 'cmake_force_configure' from command line to 'False'
[0.283s] Level 5:colcon.colcon_core.verb:set package 'cognata_sdk_ros2' build argument 'ament_cmake_args' from command line to 'None'
[0.283s] Level 5:colcon.colcon_core.verb:set package 'cognata_sdk_ros2' build argument 'catkin_cmake_args' from command line to 'None'
[0.283s] Level 5:colcon.colcon_core.verb:set package 'cognata_sdk_ros2' build argument 'catkin_skip_building_tests' from command line to 'False'
[0.283s] DEBUG:colcon.colcon_core.verb:Building package 'cognata_sdk_ros2' with the following arguments: {'ament_cmake_args': None, 'build_base': '/home/kcg/Autonomous_kcg/ROS2Sample/build/cognata_sdk_ros2', 'catkin_cmake_args': None, 'catkin_skip_building_tests': False, 'cmake_args': None, 'cmake_clean_cache': False, 'cmake_clean_first': False, 'cmake_force_configure': False, 'cmake_target': None, 'cmake_target_skip_unavailable': False, 'install_base': '/home/kcg/Autonomous_kcg/ROS2Sample/install/cognata_sdk_ros2', 'merge_install': False, 'path': '/home/kcg/Autonomous_kcg/ROS2Sample/src/cognata_sdk_ros2', 'symlink_install': False, 'test_result_base': None}
[0.285s] Level 5:colcon.colcon_core.verb:set package 'tracked_lane_msgs' build argument 'cmake_args' from command line to 'None'
[0.285s] Level 5:colcon.colcon_core.verb:set package 'tracked_lane_msgs' build argument 'cmake_target' from command line to 'None'
[0.285s] Level 5:colcon.colcon_core.verb:set package 'tracked_lane_msgs' build argument 'cmake_target_skip_unavailable' from command line to 'False'
[0.285s] Level 5:colcon.colcon_core.verb:set package 'tracked_lane_msgs' build argument 'cmake_clean_cache' from command line to 'False'
[0.285s] Level 5:colcon.colcon_core.verb:set package 'tracked_lane_msgs' build argument 'cmake_clean_first' from command line to 'False'
[0.285s] Level 5:colcon.colcon_core.verb:set package 'tracked_lane_msgs' build argument 'cmake_force_configure' from command line to 'False'
[0.285s] Level 5:colcon.colcon_core.verb:set package 'tracked_lane_msgs' build argument 'ament_cmake_args' from command line to 'None'
[0.285s] Level 5:colcon.colcon_core.verb:set package 'tracked_lane_msgs' build argument 'catkin_cmake_args' from command line to 'None'
[0.285s] Level 5:colcon.colcon_core.verb:set package 'tracked_lane_msgs' build argument 'catkin_skip_building_tests' from command line to 'False'
[0.285s] DEBUG:colcon.colcon_core.verb:Building package 'tracked_lane_msgs' with the following arguments: {'ament_cmake_args': None, 'build_base': '/home/kcg/Autonomous_kcg/ROS2Sample/build/tracked_lane_msgs', 'catkin_cmake_args': None, 'catkin_skip_building_tests': False, 'cmake_args': None, 'cmake_clean_cache': False, 'cmake_clean_first': False, 'cmake_force_configure': False, 'cmake_target': None, 'cmake_target_skip_unavailable': False, 'install_base': '/home/kcg/Autonomous_kcg/ROS2Sample/install/tracked_lane_msgs', 'merge_install': False, 'path': '/home/kcg/Autonomous_kcg/ROS2Sample/src/msgs/tracked_lane_msgs', 'symlink_install': False, 'test_result_base': None}
[0.287s] Level 5:colcon.colcon_core.verb:set package 'tracked_object_msgs' build argument 'cmake_args' from command line to 'None'
[0.287s] Level 5:colcon.colcon_core.verb:set package 'tracked_object_msgs' build argument 'cmake_target' from command line to 'None'
[0.287s] Level 5:colcon.colcon_core.verb:set package 'tracked_object_msgs' build argument 'cmake_target_skip_unavailable' from command line to 'False'
[0.287s] Level 5:colcon.colcon_core.verb:set package 'tracked_object_msgs' build argument 'cmake_clean_cache' from command line to 'False'
[0.287s] Level 5:colcon.colcon_core.verb:set package 'tracked_object_msgs' build argument 'cmake_clean_first' from command line to 'False'
[0.287s] Level 5:colcon.colcon_core.verb:set package 'tracked_object_msgs' build argument 'cmake_force_configure' from command line to 'False'
[0.287s] Level 5:colcon.colcon_core.verb:set package 'tracked_object_msgs' build argument 'ament_cmake_args' from command line to 'None'
[0.287s] Level 5:colcon.colcon_core.verb:set package 'tracked_object_msgs' build argument 'catkin_cmake_args' from command line to 'None'
[0.287s] Level 5:colcon.colcon_core.verb:set package 'tracked_object_msgs' build argument 'catkin_skip_building_tests' from command line to 'False'
[0.287s] DEBUG:colcon.colcon_core.verb:Building package 'tracked_object_msgs' with the following arguments: {'ament_cmake_args': None, 'build_base': '/home/kcg/Autonomous_kcg/ROS2Sample/build/tracked_object_msgs', 'catkin_cmake_args': None, 'catkin_skip_building_tests': False, 'cmake_args': None, 'cmake_clean_cache': False, 'cmake_clean_first': False, 'cmake_force_configure': False, 'cmake_target': None, 'cmake_target_skip_unavailable': False, 'install_base': '/home/kcg/Autonomous_kcg/ROS2Sample/install/tracked_object_msgs', 'merge_install': False, 'path': '/home/kcg/Autonomous_kcg/ROS2Sample/src/msgs/tracked_object_msgs', 'symlink_install': False, 'test_result_base': None}
[0.289s] Level 5:colcon.colcon_core.verb:set package 'python_publisher' build argument 'cmake_args' from command line to 'None'
[0.289s] Level 5:colcon.colcon_core.verb:set package 'python_publisher' build argument 'cmake_target' from command line to 'None'
[0.289s] Level 5:colcon.colcon_core.verb:set package 'python_publisher' build argument 'cmake_target_skip_unavailable' from command line to 'False'
[0.289s] Level 5:colcon.colcon_core.verb:set package 'python_publisher' build argument 'cmake_clean_cache' from command line to 'False'
[0.289s] Level 5:colcon.colcon_core.verb:set package 'python_publisher' build argument 'cmake_clean_first' from command line to 'False'
[0.289s] Level 5:colcon.colcon_core.verb:set package 'python_publisher' build argument 'cmake_force_configure' from command line to 'False'
[0.289s] Level 5:colcon.colcon_core.verb:set package 'python_publisher' build argument 'ament_cmake_args' from command line to 'None'
[0.289s] Level 5:colcon.colcon_core.verb:set package 'python_publisher' build argument 'catkin_cmake_args' from command line to 'None'
[0.289s] Level 5:colcon.colcon_core.verb:set package 'python_publisher' build argument 'catkin_skip_building_tests' from command line to 'False'
[0.289s] DEBUG:colcon.colcon_core.verb:Building package 'python_publisher' with the following arguments: {'ament_cmake_args': None, 'build_base': '/home/kcg/Autonomous_kcg/ROS2Sample/build/python_publisher', 'catkin_cmake_args': None, 'catkin_skip_building_tests': False, 'cmake_args': None, 'cmake_clean_cache': False, 'cmake_clean_first': False, 'cmake_force_configure': False, 'cmake_target': None, 'cmake_target_skip_unavailable': False, 'install_base': '/home/kcg/Autonomous_kcg/ROS2Sample/install/python_publisher', 'merge_install': False, 'path': '/home/kcg/Autonomous_kcg/ROS2Sample/src/python_publisher', 'symlink_install': False, 'test_result_base': None}
[0.290s] INFO:colcon.colcon_core.executor:Executing jobs using 'parallel' executor
[0.294s] DEBUG:colcon.colcon_parallel_executor.executor.parallel:run_until_complete
[0.294s] INFO:colcon.colcon_ros.task.ament_cmake.build:Building ROS package in '/home/kcg/Autonomous_kcg/ROS2Sample/src/cognata_sdk_ros2' with build type 'ament_cmake'
[0.295s] INFO:colcon.colcon_cmake.task.cmake.build:Building CMake package in '/home/kcg/Autonomous_kcg/ROS2Sample/src/cognata_sdk_ros2'
[0.299s] INFO:colcon.colcon_core.plugin_system:Skipping extension 'colcon_core.shell.bat': Not used on non-Windows systems
[0.299s] INFO:colcon.colcon_core.shell:Skip shell extension 'powershell' for command environment: Not usable outside of PowerShell
[0.299s] DEBUG:colcon.colcon_core.shell:Skip shell extension 'dsv' for command environment
[0.305s] INFO:colcon.colcon_ros.task.ament_cmake.build:Building ROS package in '/home/kcg/Autonomous_kcg/ROS2Sample/src/msgs/tracked_lane_msgs' with build type 'ament_cmake'
[0.306s] INFO:colcon.colcon_cmake.task.cmake.build:Building CMake package in '/home/kcg/Autonomous_kcg/ROS2Sample/src/msgs/tracked_lane_msgs'
[0.308s] INFO:colcon.colcon_core.shell:Skip shell extension 'powershell' for command environment: Not usable outside of PowerShell
[0.308s] DEBUG:colcon.colcon_core.shell:Skip shell extension 'dsv' for command environment
[0.315s] INFO:colcon.colcon_ros.task.ament_cmake.build:Building ROS package in '/home/kcg/Autonomous_kcg/ROS2Sample/src/msgs/tracked_object_msgs' with build type 'ament_cmake'
[0.316s] INFO:colcon.colcon_cmake.task.cmake.build:Building CMake package in '/home/kcg/Autonomous_kcg/ROS2Sample/src/msgs/tracked_object_msgs'
[0.317s] INFO:colcon.colcon_core.shell:Skip shell extension 'powershell' for command environment: Not usable outside of PowerShell
[0.317s] DEBUG:colcon.colcon_core.shell:Skip shell extension 'dsv' for command environment
[0.325s] INFO:colcon.colcon_ros.task.ament_cmake.build:Building ROS package in '/home/kcg/Autonomous_kcg/ROS2Sample/src/msgs/additional_msgs' with build type 'ament_cmake'
[0.325s] INFO:colcon.colcon_cmake.task.cmake.build:Building CMake package in '/home/kcg/Autonomous_kcg/ROS2Sample/src/msgs/additional_msgs'
[0.327s] INFO:colcon.colcon_core.shell:Skip shell extension 'powershell' for command environment: Not usable outside of PowerShell
[0.327s] DEBUG:colcon.colcon_core.shell:Skip shell extension 'dsv' for command environment
[0.334s] INFO:colcon.colcon_ros.task.ament_cmake.build:Building ROS package in '/home/kcg/Autonomous_kcg/ROS2Sample/src/msgs/autoware_auto_msgs' with build type 'ament_cmake'
[0.335s] INFO:colcon.colcon_cmake.task.cmake.build:Building CMake package in '/home/kcg/Autonomous_kcg/ROS2Sample/src/msgs/autoware_auto_msgs'
[0.337s] INFO:colcon.colcon_core.shell:Skip shell extension 'powershell' for command environment: Not usable outside of PowerShell
[0.337s] DEBUG:colcon.colcon_core.shell:Skip shell extension 'dsv' for command environment
[0.349s] DEBUG:colcon.colcon_core.event_handler.log_command:Invoking command in '/home/kcg/Autonomous_kcg/ROS2Sample/build/cognata_sdk_ros2': CMAKE_PREFIX_PATH=${CMAKE_PREFIX_PATH}:/home/kcg/Autonomous_kcg/ROS2Sample/install/python_publisher:/opt/ros/foxy /usr/bin/cmake --build /home/kcg/Autonomous_kcg/ROS2Sample/build/cognata_sdk_ros2 -- -j8 -l8
[0.361s] DEBUG:colcon.colcon_core.event_handler.log_command:Invoking command in '/home/kcg/Autonomous_kcg/ROS2Sample/build/tracked_lane_msgs': CMAKE_PREFIX_PATH=${CMAKE_PREFIX_PATH}:/home/kcg/Autonomous_kcg/ROS2Sample/install/python_publisher:/opt/ros/foxy /usr/bin/cmake --build /home/kcg/Autonomous_kcg/ROS2Sample/build/tracked_lane_msgs -- -j8 -l8
[0.366s] DEBUG:colcon.colcon_core.event_handler.log_command:Invoking command in '/home/kcg/Autonomous_kcg/ROS2Sample/build/tracked_object_msgs': CMAKE_PREFIX_PATH=${CMAKE_PREFIX_PATH}:/home/kcg/Autonomous_kcg/ROS2Sample/install/python_publisher:/opt/ros/foxy /usr/bin/cmake --build /home/kcg/Autonomous_kcg/ROS2Sample/build/tracked_object_msgs -- -j8 -l8
[0.377s] DEBUG:colcon.colcon_core.event_handler.log_command:Invoking command in '/home/kcg/Autonomous_kcg/ROS2Sample/build/additional_msgs': CMAKE_PREFIX_PATH=${CMAKE_PREFIX_PATH}:/home/kcg/Autonomous_kcg/ROS2Sample/install/python_publisher:/opt/ros/foxy /usr/bin/cmake --build /home/kcg/Autonomous_kcg/ROS2Sample/build/additional_msgs -- -j8 -l8
[0.384s] DEBUG:colcon.colcon_core.event_handler.log_command:Invoking command in '/home/kcg/Autonomous_kcg/ROS2Sample/build/autoware_auto_msgs': CMAKE_PREFIX_PATH=${CMAKE_PREFIX_PATH}:/home/kcg/Autonomous_kcg/ROS2Sample/install/python_publisher:/opt/ros/foxy /usr/bin/cmake --build /home/kcg/Autonomous_kcg/ROS2Sample/build/autoware_auto_msgs -- -j8 -l8
[0.825s] DEBUG:colcon.colcon_core.event_handler.log_command:Invoked command in '/home/kcg/Autonomous_kcg/ROS2Sample/build/additional_msgs' returned '0': CMAKE_PREFIX_PATH=${CMAKE_PREFIX_PATH}:/home/kcg/Autonomous_kcg/ROS2Sample/install/python_publisher:/opt/ros/foxy /usr/bin/cmake --build /home/kcg/Autonomous_kcg/ROS2Sample/build/additional_msgs -- -j8 -l8
[0.832s] DEBUG:colcon.colcon_core.event_handler.log_command:Invoked command in '/home/kcg/Autonomous_kcg/ROS2Sample/build/tracked_object_msgs' returned '0': CMAKE_PREFIX_PATH=${CMAKE_PREFIX_PATH}:/home/kcg/Autonomous_kcg/ROS2Sample/install/python_publisher:/opt/ros/foxy /usr/bin/cmake --build /home/kcg/Autonomous_kcg/ROS2Sample/build/tracked_object_msgs -- -j8 -l8
[0.837s] DEBUG:colcon.colcon_core.event_handler.log_command:Invoked command in '/home/kcg/Autonomous_kcg/ROS2Sample/build/autoware_auto_msgs' returned '0': CMAKE_PREFIX_PATH=${CMAKE_PREFIX_PATH}:/home/kcg/Autonomous_kcg/ROS2Sample/install/python_publisher:/opt/ros/foxy /usr/bin/cmake --build /home/kcg/Autonomous_kcg/ROS2Sample/build/autoware_auto_msgs -- -j8 -l8
[0.845s] DEBUG:colcon.colcon_core.event_handler.log_command:Invoked command in '/home/kcg/Autonomous_kcg/ROS2Sample/build/tracked_lane_msgs' returned '0': CMAKE_PREFIX_PATH=${CMAKE_PREFIX_PATH}:/home/kcg/Autonomous_kcg/ROS2Sample/install/python_publisher:/opt/ros/foxy /usr/bin/cmake --build /home/kcg/Autonomous_kcg/ROS2Sample/build/tracked_lane_msgs -- -j8 -l8
[0.851s] DEBUG:colcon.colcon_core.event_handler.log_command:Invoked command in '/home/kcg/Autonomous_kcg/ROS2Sample/build/cognata_sdk_ros2' returned '0': CMAKE_PREFIX_PATH=${CMAKE_PREFIX_PATH}:/home/kcg/Autonomous_kcg/ROS2Sample/install/python_publisher:/opt/ros/foxy /usr/bin/cmake --build /home/kcg/Autonomous_kcg/ROS2Sample/build/cognata_sdk_ros2 -- -j8 -l8
[0.915s] DEBUG:colcon.colcon_core.event_handler.log_command:Invoking command in '/home/kcg/Autonomous_kcg/ROS2Sample/build/additional_msgs': CMAKE_PREFIX_PATH=${CMAKE_PREFIX_PATH}:/home/kcg/Autonomous_kcg/ROS2Sample/install/python_publisher:/opt/ros/foxy /usr/bin/cmake --install /home/kcg/Autonomous_kcg/ROS2Sample/build/additional_msgs
[0.922s] DEBUG:colcon.colcon_core.event_handler.log_command:Invoking command in '/home/kcg/Autonomous_kcg/ROS2Sample/build/autoware_auto_msgs': CMAKE_PREFIX_PATH=${CMAKE_PREFIX_PATH}:/home/kcg/Autonomous_kcg/ROS2Sample/install/python_publisher:/opt/ros/foxy /usr/bin/cmake --install /home/kcg/Autonomous_kcg/ROS2Sample/build/autoware_auto_msgs
[0.964s] DEBUG:colcon.colcon_core.event_handler.log_command:Invoking command in '/home/kcg/Autonomous_kcg/ROS2Sample/build/tracked_object_msgs': CMAKE_PREFIX_PATH=${CMAKE_PREFIX_PATH}:/home/kcg/Autonomous_kcg/ROS2Sample/install/python_publisher:/opt/ros/foxy /usr/bin/cmake --install /home/kcg/Autonomous_kcg/ROS2Sample/build/tracked_object_msgs
[0.998s] DEBUG:colcon.colcon_core.event_handler.log_command:Invoking command in '/home/kcg/Autonomous_kcg/ROS2Sample/build/tracked_lane_msgs': CMAKE_PREFIX_PATH=${CMAKE_PREFIX_PATH}:/home/kcg/Autonomous_kcg/ROS2Sample/install/python_publisher:/opt/ros/foxy /usr/bin/cmake --install /home/kcg/Autonomous_kcg/ROS2Sample/build/tracked_lane_msgs
[1.004s] Level 1:colcon.colcon_core.environment:create_environment_scripts_only(additional_msgs)
[1.015s] DEBUG:colcon.colcon_core.event_handler.log_command:Invoked command in '/home/kcg/Autonomous_kcg/ROS2Sample/build/additional_msgs' returned '0': CMAKE_PREFIX_PATH=${CMAKE_PREFIX_PATH}:/home/kcg/Autonomous_kcg/ROS2Sample/install/python_publisher:/opt/ros/foxy /usr/bin/cmake --install /home/kcg/Autonomous_kcg/ROS2Sample/build/additional_msgs
[1.023s] Level 1:colcon.colcon_core.environment:checking '/home/kcg/Autonomous_kcg/ROS2Sample/install/additional_msgs' for CMake module files
[1.026s] Level 1:colcon.colcon_core.environment:checking '/home/kcg/Autonomous_kcg/ROS2Sample/install/additional_msgs' for CMake config files
[1.031s] Level 1:colcon.colcon_core.shell:create_environment_hook('additional_msgs', 'cmake_prefix_path')
[1.034s] INFO:colcon.colcon_core.shell:Creating environment hook '/home/kcg/Autonomous_kcg/ROS2Sample/install/additional_msgs/share/additional_msgs/hook/cmake_prefix_path.ps1'
[1.040s] INFO:colcon.colcon_core.shell:Creating environment descriptor '/home/kcg/Autonomous_kcg/ROS2Sample/install/additional_msgs/share/additional_msgs/hook/cmake_prefix_path.dsv'
[1.041s] INFO:colcon.colcon_core.shell:Creating environment hook '/home/kcg/Autonomous_kcg/ROS2Sample/install/additional_msgs/share/additional_msgs/hook/cmake_prefix_path.sh'
[1.043s] Level 1:colcon.colcon_core.environment:checking '/home/kcg/Autonomous_kcg/ROS2Sample/install/additional_msgs/lib'
[1.044s] Level 1:colcon.colcon_core.shell:create_environment_hook('additional_msgs', 'ld_library_path_lib')
[1.046s] INFO:colcon.colcon_core.shell:Creating environment hook '/home/kcg/Autonomous_kcg/ROS2Sample/install/additional_msgs/share/additional_msgs/hook/ld_library_path_lib.ps1'
[1.048s] INFO:colcon.colcon_core.shell:Creating environment descriptor '/home/kcg/Autonomous_kcg/ROS2Sample/install/additional_msgs/share/additional_msgs/hook/ld_library_path_lib.dsv'
[1.049s] INFO:colcon.colcon_core.shell:Creating environment hook '/home/kcg/Autonomous_kcg/ROS2Sample/install/additional_msgs/share/additional_msgs/hook/ld_library_path_lib.sh'
[1.050s] Level 1:colcon.colcon_core.environment:checking '/home/kcg/Autonomous_kcg/ROS2Sample/install/additional_msgs/bin'
[1.051s] Level 1:colcon.colcon_core.environment:checking '/home/kcg/Autonomous_kcg/ROS2Sample/install/additional_msgs/lib/pkgconfig/additional_msgs.pc'
[1.051s] Level 1:colcon.colcon_core.environment:checking '/home/kcg/Autonomous_kcg/ROS2Sample/install/additional_msgs/lib/python3.8/site-packages'
[1.051s] Level 1:colcon.colcon_core.shell:create_environment_hook('additional_msgs', 'pythonpath')
[1.054s] INFO:colcon.colcon_core.shell:Creating environment hook '/home/kcg/Autonomous_kcg/ROS2Sample/install/additional_msgs/share/additional_msgs/hook/pythonpath.ps1'
[1.055s] INFO:colcon.colcon_core.shell:Creating environment descriptor '/home/kcg/Autonomous_kcg/ROS2Sample/install/additional_msgs/share/additional_msgs/hook/pythonpath.dsv'
[1.056s] INFO:colcon.colcon_core.shell:Creating environment hook '/home/kcg/Autonomous_kcg/ROS2Sample/install/additional_msgs/share/additional_msgs/hook/pythonpath.sh'
[1.057s] Level 1:colcon.colcon_core.environment:checking '/home/kcg/Autonomous_kcg/ROS2Sample/install/additional_msgs/bin'
[1.060s] INFO:colcon.colcon_core.shell:Creating package script '/home/kcg/Autonomous_kcg/ROS2Sample/install/additional_msgs/share/additional_msgs/package.ps1'
[1.061s] INFO:colcon.colcon_core.shell:Creating package descriptor '/home/kcg/Autonomous_kcg/ROS2Sample/install/additional_msgs/share/additional_msgs/package.dsv'
[1.063s] INFO:colcon.colcon_core.shell:Creating package script '/home/kcg/Autonomous_kcg/ROS2Sample/install/additional_msgs/share/additional_msgs/package.sh'
[1.064s] INFO:colcon.colcon_core.shell:Creating package script '/home/kcg/Autonomous_kcg/ROS2Sample/install/additional_msgs/share/additional_msgs/package.bash'
[1.066s] INFO:colcon.colcon_core.shell:Creating package script '/home/kcg/Autonomous_kcg/ROS2Sample/install/additional_msgs/share/additional_msgs/package.zsh'
[1.067s] Level 1:colcon.colcon_core.environment:create_file_with_runtime_dependencies(/home/kcg/Autonomous_kcg/ROS2Sample/install/additional_msgs/share/colcon-core/packages/additional_msgs)
[1.075s] Level 1:colcon.colcon_core.environment:create_environment_scripts_only(autoware_auto_msgs)
[1.080s] Level 1:colcon.colcon_core.environment:checking '/home/kcg/Autonomous_kcg/ROS2Sample/install/autoware_auto_msgs' for CMake module files
[1.084s] Level 1:colcon.colcon_core.environment:checking '/home/kcg/Autonomous_kcg/ROS2Sample/install/autoware_auto_msgs' for CMake config files
[1.088s] Level 1:colcon.colcon_core.shell:create_environment_hook('autoware_auto_msgs', 'cmake_prefix_path')
[1.090s] INFO:colcon.colcon_core.shell:Creating environment hook '/home/kcg/Autonomous_kcg/ROS2Sample/install/autoware_auto_msgs/share/autoware_auto_msgs/hook/cmake_prefix_path.ps1'
[1.091s] INFO:colcon.colcon_core.shell:Creating environment descriptor '/home/kcg/Autonomous_kcg/ROS2Sample/install/autoware_auto_msgs/share/autoware_auto_msgs/hook/cmake_prefix_path.dsv'
[1.092s] INFO:colcon.colcon_core.shell:Creating environment hook '/home/kcg/Autonomous_kcg/ROS2Sample/install/autoware_auto_msgs/share/autoware_auto_msgs/hook/cmake_prefix_path.sh'
[1.093s] Level 1:colcon.colcon_core.environment:checking '/home/kcg/Autonomous_kcg/ROS2Sample/install/autoware_auto_msgs/lib'
[1.094s] Level 1:colcon.colcon_core.shell:create_environment_hook('autoware_auto_msgs', 'ld_library_path_lib')
[1.096s] INFO:colcon.colcon_core.shell:Creating environment hook '/home/kcg/Autonomous_kcg/ROS2Sample/install/autoware_auto_msgs/share/autoware_auto_msgs/hook/ld_library_path_lib.ps1'
[1.096s] DEBUG:colcon.colcon_core.event_handler.log_command:Invoked command in '/home/kcg/Autonomous_kcg/ROS2Sample/build/autoware_auto_msgs' returned '0': CMAKE_PREFIX_PATH=${CMAKE_PREFIX_PATH}:/home/kcg/Autonomous_kcg/ROS2Sample/install/python_publisher:/opt/ros/foxy /usr/bin/cmake --install /home/kcg/Autonomous_kcg/ROS2Sample/build/autoware_auto_msgs
[1.097s] INFO:colcon.colcon_core.shell:Creating environment descriptor '/home/kcg/Autonomous_kcg/ROS2Sample/install/autoware_auto_msgs/share/autoware_auto_msgs/hook/ld_library_path_lib.dsv'
[1.098s] INFO:colcon.colcon_core.shell:Creating environment hook '/home/kcg/Autonomous_kcg/ROS2Sample/install/autoware_auto_msgs/share/autoware_auto_msgs/hook/ld_library_path_lib.sh'
[1.099s] Level 1:colcon.colcon_core.environment:checking '/home/kcg/Autonomous_kcg/ROS2Sample/install/autoware_auto_msgs/bin'
[1.099s] Level 1:colcon.colcon_core.environment:checking '/home/kcg/Autonomous_kcg/ROS2Sample/install/autoware_auto_msgs/lib/pkgconfig/autoware_auto_msgs.pc'
[1.100s] Level 1:colcon.colcon_core.environment:checking '/home/kcg/Autonomous_kcg/ROS2Sample/install/autoware_auto_msgs/lib/python3.8/site-packages'
[1.100s] Level 1:colcon.colcon_core.shell:create_environment_hook('autoware_auto_msgs', 'pythonpath')
[1.102s] INFO:colcon.colcon_core.shell:Creating environment hook '/home/kcg/Autonomous_kcg/ROS2Sample/install/autoware_auto_msgs/share/autoware_auto_msgs/hook/pythonpath.ps1'
[1.103s] INFO:colcon.colcon_core.shell:Creating environment descriptor '/home/kcg/Autonomous_kcg/ROS2Sample/install/autoware_auto_msgs/share/autoware_auto_msgs/hook/pythonpath.dsv'
[1.104s] INFO:colcon.colcon_core.shell:Creating environment hook '/home/kcg/Autonomous_kcg/ROS2Sample/install/autoware_auto_msgs/share/autoware_auto_msgs/hook/pythonpath.sh'
[1.105s] Level 1:colcon.colcon_core.environment:checking '/home/kcg/Autonomous_kcg/ROS2Sample/install/autoware_auto_msgs/bin'
[1.108s] INFO:colcon.colcon_core.shell:Creating package script '/home/kcg/Autonomous_kcg/ROS2Sample/install/autoware_auto_msgs/share/autoware_auto_msgs/package.ps1'
[1.109s] INFO:colcon.colcon_core.shell:Creating package descriptor '/home/kcg/Autonomous_kcg/ROS2Sample/install/autoware_auto_msgs/share/autoware_auto_msgs/package.dsv'
[1.110s] INFO:colcon.colcon_core.shell:Creating package script '/home/kcg/Autonomous_kcg/ROS2Sample/install/autoware_auto_msgs/share/autoware_auto_msgs/package.sh'
[1.111s] INFO:colcon.colcon_core.shell:Creating package script '/home/kcg/Autonomous_kcg/ROS2Sample/install/autoware_auto_msgs/share/autoware_auto_msgs/package.bash'
[1.112s] INFO:colcon.colcon_core.shell:Creating package script '/home/kcg/Autonomous_kcg/ROS2Sample/install/autoware_auto_msgs/share/autoware_auto_msgs/package.zsh'
[1.113s] Level 1:colcon.colcon_core.environment:create_file_with_runtime_dependencies(/home/kcg/Autonomous_kcg/ROS2Sample/install/autoware_auto_msgs/share/colcon-core/packages/autoware_auto_msgs)
[1.118s] Level 1:colcon.colcon_core.environment:create_environment_scripts_only(tracked_object_msgs)
[1.122s] Level 1:colcon.colcon_core.environment:checking '/home/kcg/Autonomous_kcg/ROS2Sample/install/tracked_object_msgs' for CMake module files
[1.123s] DEBUG:colcon.colcon_core.event_handler.log_command:Invoked command in '/home/kcg/Autonomous_kcg/ROS2Sample/build/tracked_object_msgs' returned '0': CMAKE_PREFIX_PATH=${CMAKE_PREFIX_PATH}:/home/kcg/Autonomous_kcg/ROS2Sample/install/python_publisher:/opt/ros/foxy /usr/bin/cmake --install /home/kcg/Autonomous_kcg/ROS2Sample/build/tracked_object_msgs
[1.124s] Level 1:colcon.colcon_core.environment:checking '/home/kcg/Autonomous_kcg/ROS2Sample/install/tracked_object_msgs' for CMake config files
[1.125s] Level 1:colcon.colcon_core.shell:create_environment_hook('tracked_object_msgs', 'cmake_prefix_path')
[1.127s] INFO:colcon.colcon_core.shell:Creating environment hook '/home/kcg/Autonomous_kcg/ROS2Sample/install/tracked_object_msgs/share/tracked_object_msgs/hook/cmake_prefix_path.ps1'
[1.128s] INFO:colcon.colcon_core.shell:Creating environment descriptor '/home/kcg/Autonomous_kcg/ROS2Sample/install/tracked_object_msgs/share/tracked_object_msgs/hook/cmake_prefix_path.dsv'
[1.128s] INFO:colcon.colcon_core.shell:Creating environment hook '/home/kcg/Autonomous_kcg/ROS2Sample/install/tracked_object_msgs/share/tracked_object_msgs/hook/cmake_prefix_path.sh'
[1.129s] Level 1:colcon.colcon_core.environment:checking '/home/kcg/Autonomous_kcg/ROS2Sample/install/tracked_object_msgs/lib'
[1.129s] Level 1:colcon.colcon_core.shell:create_environment_hook('tracked_object_msgs', 'ld_library_path_lib')
[1.131s] INFO:colcon.colcon_core.shell:Creating environment hook '/home/kcg/Autonomous_kcg/ROS2Sample/install/tracked_object_msgs/share/tracked_object_msgs/hook/ld_library_path_lib.ps1'
[1.131s] INFO:colcon.colcon_core.shell:Creating environment descriptor '/home/kcg/Autonomous_kcg/ROS2Sample/install/tracked_object_msgs/share/tracked_object_msgs/hook/ld_library_path_lib.dsv'
[1.132s] INFO:colcon.colcon_core.shell:Creating environment hook '/home/kcg/Autonomous_kcg/ROS2Sample/install/tracked_object_msgs/share/tracked_object_msgs/hook/ld_library_path_lib.sh'
[1.132s] Level 1:colcon.colcon_core.environment:checking '/home/kcg/Autonomous_kcg/ROS2Sample/install/tracked_object_msgs/bin'
[1.132s] Level 1:colcon.colcon_core.environment:checking '/home/kcg/Autonomous_kcg/ROS2Sample/install/tracked_object_msgs/lib/pkgconfig/tracked_object_msgs.pc'
[1.133s] Level 1:colcon.colcon_core.environment:checking '/home/kcg/Autonomous_kcg/ROS2Sample/install/tracked_object_msgs/lib/python3.8/site-packages'
[1.133s] Level 1:colcon.colcon_core.shell:create_environment_hook('tracked_object_msgs', 'pythonpath')
[1.135s] INFO:colcon.colcon_core.shell:Creating environment hook '/home/kcg/Autonomous_kcg/ROS2Sample/install/tracked_object_msgs/share/tracked_object_msgs/hook/pythonpath.ps1'
[1.135s] INFO:colcon.colcon_core.shell:Creating environment descriptor '/home/kcg/Autonomous_kcg/ROS2Sample/install/tracked_object_msgs/share/tracked_object_msgs/hook/pythonpath.dsv'
[1.135s] INFO:colcon.colcon_core.shell:Creating environment hook '/home/kcg/Autonomous_kcg/ROS2Sample/install/tracked_object_msgs/share/tracked_object_msgs/hook/pythonpath.sh'
[1.136s] Level 1:colcon.colcon_core.environment:checking '/home/kcg/Autonomous_kcg/ROS2Sample/install/tracked_object_msgs/bin'
[1.139s] INFO:colcon.colcon_core.shell:Creating package script '/home/kcg/Autonomous_kcg/ROS2Sample/install/tracked_object_msgs/share/tracked_object_msgs/package.ps1'
[1.139s] INFO:colcon.colcon_core.shell:Creating package descriptor '/home/kcg/Autonomous_kcg/ROS2Sample/install/tracked_object_msgs/share/tracked_object_msgs/package.dsv'
[1.140s] INFO:colcon.colcon_core.shell:Creating package script '/home/kcg/Autonomous_kcg/ROS2Sample/install/tracked_object_msgs/share/tracked_object_msgs/package.sh'
[1.140s] INFO:colcon.colcon_core.shell:Creating package script '/home/kcg/Autonomous_kcg/ROS2Sample/install/tracked_object_msgs/share/tracked_object_msgs/package.bash'
[1.141s] INFO:colcon.colcon_core.shell:Creating package script '/home/kcg/Autonomous_kcg/ROS2Sample/install/tracked_object_msgs/share/tracked_object_msgs/package.zsh'
[1.141s] Level 1:colcon.colcon_core.environment:create_file_with_runtime_dependencies(/home/kcg/Autonomous_kcg/ROS2Sample/install/tracked_object_msgs/share/colcon-core/packages/tracked_object_msgs)
[1.148s] Level 1:colcon.colcon_core.environment:create_environment_scripts_only(additional_msgs)
[1.151s] Level 1:colcon.colcon_core.environment:checking '/home/kcg/Autonomous_kcg/ROS2Sample/install/additional_msgs' for CMake module files
[1.152s] Level 1:colcon.colcon_core.environment:checking '/home/kcg/Autonomous_kcg/ROS2Sample/install/additional_msgs' for CMake config files
[1.152s] Level 1:colcon.colcon_core.shell:create_environment_hook('additional_msgs', 'cmake_prefix_path')
[1.154s] INFO:colcon.colcon_core.shell:Creating environment hook '/home/kcg/Autonomous_kcg/ROS2Sample/install/additional_msgs/share/additional_msgs/hook/cmake_prefix_path.ps1'
[1.155s] INFO:colcon.colcon_core.shell:Creating environment descriptor '/home/kcg/Autonomous_kcg/ROS2Sample/install/additional_msgs/share/additional_msgs/hook/cmake_prefix_path.dsv'
[1.155s] INFO:colcon.colcon_core.shell:Creating environment hook '/home/kcg/Autonomous_kcg/ROS2Sample/install/additional_msgs/share/additional_msgs/hook/cmake_prefix_path.sh'
[1.156s] Level 1:colcon.colcon_core.environment:checking '/home/kcg/Autonomous_kcg/ROS2Sample/install/additional_msgs/lib'
[1.156s] Level 1:colcon.colcon_core.shell:create_environment_hook('additional_msgs', 'ld_library_path_lib')
[1.158s] INFO:colcon.colcon_core.shell:Creating environment hook '/home/kcg/Autonomous_kcg/ROS2Sample/install/additional_msgs/share/additional_msgs/hook/ld_library_path_lib.ps1'
[1.159s] INFO:colcon.colcon_core.shell:Creating environment descriptor '/home/kcg/Autonomous_kcg/ROS2Sample/install/additional_msgs/share/additional_msgs/hook/ld_library_path_lib.dsv'
[1.159s] INFO:colcon.colcon_core.shell:Creating environment hook '/home/kcg/Autonomous_kcg/ROS2Sample/install/additional_msgs/share/additional_msgs/hook/ld_library_path_lib.sh'
[1.160s] Level 1:colcon.colcon_core.environment:checking '/home/kcg/Autonomous_kcg/ROS2Sample/install/additional_msgs/bin'
[1.160s] Level 1:colcon.colcon_core.environment:checking '/home/kcg/Autonomous_kcg/ROS2Sample/install/additional_msgs/lib/pkgconfig/additional_msgs.pc'
[1.160s] Level 1:colcon.colcon_core.environment:checking '/home/kcg/Autonomous_kcg/ROS2Sample/install/additional_msgs/lib/python3.8/site-packages'
[1.160s] Level 1:colcon.colcon_core.shell:create_environment_hook('additional_msgs', 'pythonpath')
[1.163s] INFO:colcon.colcon_core.shell:Creating environment hook '/home/kcg/Autonomous_kcg/ROS2Sample/install/additional_msgs/share/additional_msgs/hook/pythonpath.ps1'
[1.163s] INFO:colcon.colcon_core.shell:Creating environment descriptor '/home/kcg/Autonomous_kcg/ROS2Sample/install/additional_msgs/share/additional_msgs/hook/pythonpath.dsv'
[1.164s] INFO:colcon.colcon_core.shell:Creating environment hook '/home/kcg/Autonomous_kcg/ROS2Sample/install/additional_msgs/share/additional_msgs/hook/pythonpath.sh'
[1.164s] Level 1:colcon.colcon_core.environment:checking '/home/kcg/Autonomous_kcg/ROS2Sample/install/additional_msgs/bin'
[1.166s] INFO:colcon.colcon_core.shell:Creating package script '/home/kcg/Autonomous_kcg/ROS2Sample/install/additional_msgs/share/additional_msgs/package.ps1'
[1.167s] INFO:colcon.colcon_core.shell:Creating package descriptor '/home/kcg/Autonomous_kcg/ROS2Sample/install/additional_msgs/share/additional_msgs/package.dsv'
[1.167s] INFO:colcon.colcon_core.shell:Creating package script '/home/kcg/Autonomous_kcg/ROS2Sample/install/additional_msgs/share/additional_msgs/package.sh'
[1.168s] INFO:colcon.colcon_core.shell:Creating package script '/home/kcg/Autonomous_kcg/ROS2Sample/install/additional_msgs/share/additional_msgs/package.bash'
[1.168s] INFO:colcon.colcon_core.shell:Creating package script '/home/kcg/Autonomous_kcg/ROS2Sample/install/additional_msgs/share/additional_msgs/package.zsh'
[1.169s] Level 1:colcon.colcon_core.environment:create_file_with_runtime_dependencies(/home/kcg/Autonomous_kcg/ROS2Sample/install/additional_msgs/share/colcon-core/packages/additional_msgs)
[1.171s] Level 1:colcon.colcon_core.environment:create_environment_scripts_only(tracked_lane_msgs)
[1.174s] Level 1:colcon.colcon_core.environment:checking '/home/kcg/Autonomous_kcg/ROS2Sample/install/tracked_lane_msgs' for CMake module files
[1.175s] DEBUG:colcon.colcon_core.event_handler.log_command:Invoked command in '/home/kcg/Autonomous_kcg/ROS2Sample/build/tracked_lane_msgs' returned '0': CMAKE_PREFIX_PATH=${CMAKE_PREFIX_PATH}:/home/kcg/Autonomous_kcg/ROS2Sample/install/python_publisher:/opt/ros/foxy /usr/bin/cmake --install /home/kcg/Autonomous_kcg/ROS2Sample/build/tracked_lane_msgs
[1.176s] Level 1:colcon.colcon_core.environment:checking '/home/kcg/Autonomous_kcg/ROS2Sample/install/tracked_lane_msgs' for CMake config files
[1.177s] Level 1:colcon.colcon_core.shell:create_environment_hook('tracked_lane_msgs', 'cmake_prefix_path')
[1.179s] INFO:colcon.colcon_core.shell:Creating environment hook '/home/kcg/Autonomous_kcg/ROS2Sample/install/tracked_lane_msgs/share/tracked_lane_msgs/hook/cmake_prefix_path.ps1'
[1.180s] INFO:colcon.colcon_core.shell:Creating environment descriptor '/home/kcg/Autonomous_kcg/ROS2Sample/install/tracked_lane_msgs/share/tracked_lane_msgs/hook/cmake_prefix_path.dsv'
[1.180s] INFO:colcon.colcon_core.shell:Creating environment hook '/home/kcg/Autonomous_kcg/ROS2Sample/install/tracked_lane_msgs/share/tracked_lane_msgs/hook/cmake_prefix_path.sh'
[1.181s] Level 1:colcon.colcon_core.environment:checking '/home/kcg/Autonomous_kcg/ROS2Sample/install/tracked_lane_msgs/lib'
[1.181s] Level 1:colcon.colcon_core.shell:create_environment_hook('tracked_lane_msgs', 'ld_library_path_lib')
[1.183s] INFO:colcon.colcon_core.shell:Creating environment hook '/home/kcg/Autonomous_kcg/ROS2Sample/install/tracked_lane_msgs/share/tracked_lane_msgs/hook/ld_library_path_lib.ps1'
[1.183s] INFO:colcon.colcon_core.shell:Creating environment descriptor '/home/kcg/Autonomous_kcg/ROS2Sample/install/tracked_lane_msgs/share/tracked_lane_msgs/hook/ld_library_path_lib.dsv'
[1.184s] INFO:colcon.colcon_core.shell:Creating environment hook '/home/kcg/Autonomous_kcg/ROS2Sample/install/tracked_lane_msgs/share/tracked_lane_msgs/hook/ld_library_path_lib.sh'
[1.184s] Level 1:colcon.colcon_core.environment:checking '/home/kcg/Autonomous_kcg/ROS2Sample/install/tracked_lane_msgs/bin'
[1.184s] Level 1:colcon.colcon_core.environment:checking '/home/kcg/Autonomous_kcg/ROS2Sample/install/tracked_lane_msgs/lib/pkgconfig/tracked_lane_msgs.pc'
[1.185s] Level 1:colcon.colcon_core.environment:checking '/home/kcg/Autonomous_kcg/ROS2Sample/install/tracked_lane_msgs/lib/python3.8/site-packages'
[1.185s] Level 1:colcon.colcon_core.shell:create_environment_hook('tracked_lane_msgs', 'pythonpath')
[1.187s] INFO:colcon.colcon_core.shell:Creating environment hook '/home/kcg/Autonomous_kcg/ROS2Sample/install/tracked_lane_msgs/share/tracked_lane_msgs/hook/pythonpath.ps1'
[1.188s] INFO:colcon.colcon_core.shell:Creating environment descriptor '/home/kcg/Autonomous_kcg/ROS2Sample/install/tracked_lane_msgs/share/tracked_lane_msgs/hook/pythonpath.dsv'
[1.188s] INFO:colcon.colcon_core.shell:Creating environment hook '/home/kcg/Autonomous_kcg/ROS2Sample/install/tracked_lane_msgs/share/tracked_lane_msgs/hook/pythonpath.sh'
[1.188s] Level 1:colcon.colcon_core.environment:checking '/home/kcg/Autonomous_kcg/ROS2Sample/install/tracked_lane_msgs/bin'
[1.190s] INFO:colcon.colcon_core.shell:Creating package script '/home/kcg/Autonomous_kcg/ROS2Sample/install/tracked_lane_msgs/share/tracked_lane_msgs/package.ps1'
[1.190s] INFO:colcon.colcon_core.shell:Creating package descriptor '/home/kcg/Autonomous_kcg/ROS2Sample/install/tracked_lane_msgs/share/tracked_lane_msgs/package.dsv'
[1.191s] INFO:colcon.colcon_core.shell:Creating package script '/home/kcg/Autonomous_kcg/ROS2Sample/install/tracked_lane_msgs/share/tracked_lane_msgs/package.sh'
[1.191s] INFO:colcon.colcon_core.shell:Creating package script '/home/kcg/Autonomous_kcg/ROS2Sample/install/tracked_lane_msgs/share/tracked_lane_msgs/package.bash'
[1.192s] INFO:colcon.colcon_core.shell:Creating package script '/home/kcg/Autonomous_kcg/ROS2Sample/install/tracked_lane_msgs/share/tracked_lane_msgs/package.zsh'
[1.192s] Level 1:colcon.colcon_core.environment:create_file_with_runtime_dependencies(/home/kcg/Autonomous_kcg/ROS2Sample/install/tracked_lane_msgs/share/colcon-core/packages/tracked_lane_msgs)
[1.198s] Level 1:colcon.colcon_core.environment:create_environment_scripts_only(autoware_auto_msgs)
[1.201s] Level 1:colcon.colcon_core.environment:checking '/home/kcg/Autonomous_kcg/ROS2Sample/install/autoware_auto_msgs' for CMake module files
[1.203s] Level 1:colcon.colcon_core.environment:checking '/home/kcg/Autonomous_kcg/ROS2Sample/install/autoware_auto_msgs' for CMake config files
[1.203s] Level 1:colcon.colcon_core.shell:create_environment_hook('autoware_auto_msgs', 'cmake_prefix_path')
[1.205s] INFO:colcon.colcon_core.shell:Creating environment hook '/home/kcg/Autonomous_kcg/ROS2Sample/install/autoware_auto_msgs/share/autoware_auto_msgs/hook/cmake_prefix_path.ps1'
[1.205s] INFO:colcon.colcon_core.shell:Creating environment descriptor '/home/kcg/Autonomous_kcg/ROS2Sample/install/autoware_auto_msgs/share/autoware_auto_msgs/hook/cmake_prefix_path.dsv'
[1.206s] INFO:colcon.colcon_core.shell:Creating environment hook '/home/kcg/Autonomous_kcg/ROS2Sample/install/autoware_auto_msgs/share/autoware_auto_msgs/hook/cmake_prefix_path.sh'
[1.206s] Level 1:colcon.colcon_core.environment:checking '/home/kcg/Autonomous_kcg/ROS2Sample/install/autoware_auto_msgs/lib'
[1.207s] Level 1:colcon.colcon_core.shell:create_environment_hook('autoware_auto_msgs', 'ld_library_path_lib')
[1.208s] INFO:colcon.colcon_core.shell:Creating environment hook '/home/kcg/Autonomous_kcg/ROS2Sample/install/autoware_auto_msgs/share/autoware_auto_msgs/hook/ld_library_path_lib.ps1'
[1.209s] INFO:colcon.colcon_core.shell:Creating environment descriptor '/home/kcg/Autonomous_kcg/ROS2Sample/install/autoware_auto_msgs/share/autoware_auto_msgs/hook/ld_library_path_lib.dsv'
[1.209s] INFO:colcon.colcon_core.shell:Creating environment hook '/home/kcg/Autonomous_kcg/ROS2Sample/install/autoware_auto_msgs/share/autoware_auto_msgs/hook/ld_library_path_lib.sh'
[1.210s] Level 1:colcon.colcon_core.environment:checking '/home/kcg/Autonomous_kcg/ROS2Sample/install/autoware_auto_msgs/bin'
[1.210s] Level 1:colcon.colcon_core.environment:checking '/home/kcg/Autonomous_kcg/ROS2Sample/install/autoware_auto_msgs/lib/pkgconfig/autoware_auto_msgs.pc'
[1.210s] Level 1:colcon.colcon_core.environment:checking '/home/kcg/Autonomous_kcg/ROS2Sample/install/autoware_auto_msgs/lib/python3.8/site-packages'
[1.210s] Level 1:colcon.colcon_core.shell:create_environment_hook('autoware_auto_msgs', 'pythonpath')
[1.212s] INFO:colcon.colcon_core.shell:Creating environment hook '/home/kcg/Autonomous_kcg/ROS2Sample/install/autoware_auto_msgs/share/autoware_auto_msgs/hook/pythonpath.ps1'
[1.212s] INFO:colcon.colcon_core.shell:Creating environment descriptor '/home/kcg/Autonomous_kcg/ROS2Sample/install/autoware_auto_msgs/share/autoware_auto_msgs/hook/pythonpath.dsv'
[1.213s] INFO:colcon.colcon_core.shell:Creating environment hook '/home/kcg/Autonomous_kcg/ROS2Sample/install/autoware_auto_msgs/share/autoware_auto_msgs/hook/pythonpath.sh'
[1.213s] Level 1:colcon.colcon_core.environment:checking '/home/kcg/Autonomous_kcg/ROS2Sample/install/autoware_auto_msgs/bin'
[1.216s] INFO:colcon.colcon_core.shell:Creating package script '/home/kcg/Autonomous_kcg/ROS2Sample/install/autoware_auto_msgs/share/autoware_auto_msgs/package.ps1'
[1.216s] INFO:colcon.colcon_core.shell:Creating package descriptor '/home/kcg/Autonomous_kcg/ROS2Sample/install/autoware_auto_msgs/share/autoware_auto_msgs/package.dsv'
[1.217s] INFO:colcon.colcon_core.shell:Creating package script '/home/kcg/Autonomous_kcg/ROS2Sample/install/autoware_auto_msgs/share/autoware_auto_msgs/package.sh'
[1.217s] INFO:colcon.colcon_core.shell:Creating package script '/home/kcg/Autonomous_kcg/ROS2Sample/install/autoware_auto_msgs/share/autoware_auto_msgs/package.bash'
[1.218s] INFO:colcon.colcon_core.shell:Creating package script '/home/kcg/Autonomous_kcg/ROS2Sample/install/autoware_auto_msgs/share/autoware_auto_msgs/package.zsh'
[1.218s] Level 1:colcon.colcon_core.environment:create_file_with_runtime_dependencies(/home/kcg/Autonomous_kcg/ROS2Sample/install/autoware_auto_msgs/share/colcon-core/packages/autoware_auto_msgs)
[1.224s] DEBUG:colcon.colcon_core.event_handler.log_command:Invoking command in '/home/kcg/Autonomous_kcg/ROS2Sample/build/cognata_sdk_ros2': CMAKE_PREFIX_PATH=${CMAKE_PREFIX_PATH}:/home/kcg/Autonomous_kcg/ROS2Sample/install/python_publisher:/opt/ros/foxy /usr/bin/cmake --install /home/kcg/Autonomous_kcg/ROS2Sample/build/cognata_sdk_ros2
[1.252s] Level 1:colcon.colcon_core.environment:create_environment_scripts_only(tracked_object_msgs)
[1.255s] Level 1:colcon.colcon_core.environment:checking '/home/kcg/Autonomous_kcg/ROS2Sample/install/tracked_object_msgs' for CMake module files
[1.259s] Level 1:colcon.colcon_core.environment:checking '/home/kcg/Autonomous_kcg/ROS2Sample/install/tracked_object_msgs' for CMake config files
[1.263s] Level 1:colcon.colcon_core.shell:create_environment_hook('tracked_object_msgs', 'cmake_prefix_path')
[1.266s] INFO:colcon.colcon_core.shell:Creating environment hook '/home/kcg/Autonomous_kcg/ROS2Sample/install/tracked_object_msgs/share/tracked_object_msgs/hook/cmake_prefix_path.ps1'
[1.267s] INFO:colcon.colcon_core.shell:Creating environment descriptor '/home/kcg/Autonomous_kcg/ROS2Sample/install/tracked_object_msgs/share/tracked_object_msgs/hook/cmake_prefix_path.dsv'
[1.268s] INFO:colcon.colcon_core.shell:Creating environment hook '/home/kcg/Autonomous_kcg/ROS2Sample/install/tracked_object_msgs/share/tracked_object_msgs/hook/cmake_prefix_path.sh'
[1.269s] Level 1:colcon.colcon_core.environment:checking '/home/kcg/Autonomous_kcg/ROS2Sample/install/tracked_object_msgs/lib'
[1.270s] Level 1:colcon.colcon_core.shell:create_environment_hook('tracked_object_msgs', 'ld_library_path_lib')
[1.272s] INFO:colcon.colcon_core.shell:Creating environment hook '/home/kcg/Autonomous_kcg/ROS2Sample/install/tracked_object_msgs/share/tracked_object_msgs/hook/ld_library_path_lib.ps1'
[1.273s] INFO:colcon.colcon_core.shell:Creating environment descriptor '/home/kcg/Autonomous_kcg/ROS2Sample/install/tracked_object_msgs/share/tracked_object_msgs/hook/ld_library_path_lib.dsv'
[1.274s] INFO:colcon.colcon_core.shell:Creating environment hook '/home/kcg/Autonomous_kcg/ROS2Sample/install/tracked_object_msgs/share/tracked_object_msgs/hook/ld_library_path_lib.sh'
[1.275s] Level 1:colcon.colcon_core.environment:checking '/home/kcg/Autonomous_kcg/ROS2Sample/install/tracked_object_msgs/bin'
[1.275s] Level 1:colcon.colcon_core.environment:checking '/home/kcg/Autonomous_kcg/ROS2Sample/install/tracked_object_msgs/lib/pkgconfig/tracked_object_msgs.pc'
[1.275s] Level 1:colcon.colcon_core.environment:checking '/home/kcg/Autonomous_kcg/ROS2Sample/install/tracked_object_msgs/lib/python3.8/site-packages'
[1.275s] Level 1:colcon.colcon_core.shell:create_environment_hook('tracked_object_msgs', 'pythonpath')
[1.278s] INFO:colcon.colcon_core.shell:Creating environment hook '/home/kcg/Autonomous_kcg/ROS2Sample/install/tracked_object_msgs/share/tracked_object_msgs/hook/pythonpath.ps1'
[1.279s] INFO:colcon.colcon_core.shell:Creating environment descriptor '/home/kcg/Autonomous_kcg/ROS2Sample/install/tracked_object_msgs/share/tracked_object_msgs/hook/pythonpath.dsv'
[1.280s] INFO:colcon.colcon_core.shell:Creating environment hook '/home/kcg/Autonomous_kcg/ROS2Sample/install/tracked_object_msgs/share/tracked_object_msgs/hook/pythonpath.sh'
[1.281s] Level 1:colcon.colcon_core.environment:checking '/home/kcg/Autonomous_kcg/ROS2Sample/install/tracked_object_msgs/bin'
[1.284s] INFO:colcon.colcon_core.shell:Creating package script '/home/kcg/Autonomous_kcg/ROS2Sample/install/tracked_object_msgs/share/tracked_object_msgs/package.ps1'
[1.285s] INFO:colcon.colcon_core.shell:Creating package descriptor '/home/kcg/Autonomous_kcg/ROS2Sample/install/tracked_object_msgs/share/tracked_object_msgs/package.dsv'
[1.286s] INFO:colcon.colcon_core.shell:Creating package script '/home/kcg/Autonomous_kcg/ROS2Sample/install/tracked_object_msgs/share/tracked_object_msgs/package.sh'
[1.287s] INFO:colcon.colcon_core.shell:Creating package script '/home/kcg/Autonomous_kcg/ROS2Sample/install/tracked_object_msgs/share/tracked_object_msgs/package.bash'
[1.288s] INFO:colcon.colcon_core.shell:Creating package script '/home/kcg/Autonomous_kcg/ROS2Sample/install/tracked_object_msgs/share/tracked_object_msgs/package.zsh'
[1.289s] Level 1:colcon.colcon_core.environment:create_file_with_runtime_dependencies(/home/kcg/Autonomous_kcg/ROS2Sample/install/tracked_object_msgs/share/colcon-core/packages/tracked_object_msgs)
[1.316s] Level 1:colcon.colcon_core.environment:create_environment_scripts_only(cognata_sdk_ros2)
[1.320s] Level 1:colcon.colcon_core.environment:checking '/home/kcg/Autonomous_kcg/ROS2Sample/install/cognata_sdk_ros2' for CMake module files
[1.323s] Level 1:colcon.colcon_core.environment:checking '/home/kcg/Autonomous_kcg/ROS2Sample/install/cognata_sdk_ros2' for CMake config files
[1.325s] DEBUG:colcon.colcon_core.event_handler.log_command:Invoked command in '/home/kcg/Autonomous_kcg/ROS2Sample/build/cognata_sdk_ros2' returned '0': CMAKE_PREFIX_PATH=${CMAKE_PREFIX_PATH}:/home/kcg/Autonomous_kcg/ROS2Sample/install/python_publisher:/opt/ros/foxy /usr/bin/cmake --install /home/kcg/Autonomous_kcg/ROS2Sample/build/cognata_sdk_ros2
[1.326s] Level 1:colcon.colcon_core.shell:create_environment_hook('cognata_sdk_ros2', 'cmake_prefix_path')
[1.329s] INFO:colcon.colcon_core.shell:Creating environment hook '/home/kcg/Autonomous_kcg/ROS2Sample/install/cognata_sdk_ros2/share/cognata_sdk_ros2/hook/cmake_prefix_path.ps1'
[1.329s] INFO:colcon.colcon_core.shell:Creating environment descriptor '/home/kcg/Autonomous_kcg/ROS2Sample/install/cognata_sdk_ros2/share/cognata_sdk_ros2/hook/cmake_prefix_path.dsv'
[1.329s] INFO:colcon.colcon_core.shell:Creating environment hook '/home/kcg/Autonomous_kcg/ROS2Sample/install/cognata_sdk_ros2/share/cognata_sdk_ros2/hook/cmake_prefix_path.sh'
[1.330s] Level 1:colcon.colcon_core.environment:checking '/home/kcg/Autonomous_kcg/ROS2Sample/install/cognata_sdk_ros2/lib'
[1.330s] Level 1:colcon.colcon_core.shell:create_environment_hook('cognata_sdk_ros2', 'ld_library_path_lib')
[1.331s] INFO:colcon.colcon_core.shell:Creating environment hook '/home/kcg/Autonomous_kcg/ROS2Sample/install/cognata_sdk_ros2/share/cognata_sdk_ros2/hook/ld_library_path_lib.ps1'
[1.332s] INFO:colcon.colcon_core.shell:Creating environment descriptor '/home/kcg/Autonomous_kcg/ROS2Sample/install/cognata_sdk_ros2/share/cognata_sdk_ros2/hook/ld_library_path_lib.dsv'
[1.332s] INFO:colcon.colcon_core.shell:Creating environment hook '/home/kcg/Autonomous_kcg/ROS2Sample/install/cognata_sdk_ros2/share/cognata_sdk_ros2/hook/ld_library_path_lib.sh'
[1.332s] Level 1:colcon.colcon_core.environment:checking '/home/kcg/Autonomous_kcg/ROS2Sample/install/cognata_sdk_ros2/bin'
[1.332s] Level 1:colcon.colcon_core.environment:checking '/home/kcg/Autonomous_kcg/ROS2Sample/install/cognata_sdk_ros2/lib/pkgconfig/cognata_sdk_ros2.pc'
[1.333s] Level 1:colcon.colcon_core.environment:checking '/home/kcg/Autonomous_kcg/ROS2Sample/install/cognata_sdk_ros2/lib/python3.8/site-packages'
[1.333s] Level 1:colcon.colcon_core.shell:create_environment_hook('cognata_sdk_ros2', 'pythonpath')
[1.334s] INFO:colcon.colcon_core.shell:Creating environment hook '/home/kcg/Autonomous_kcg/ROS2Sample/install/cognata_sdk_ros2/share/cognata_sdk_ros2/hook/pythonpath.ps1'
[1.334s] INFO:colcon.colcon_core.shell:Creating environment descriptor '/home/kcg/Autonomous_kcg/ROS2Sample/install/cognata_sdk_ros2/share/cognata_sdk_ros2/hook/pythonpath.dsv'
[1.334s] INFO:colcon.colcon_core.shell:Creating environment hook '/home/kcg/Autonomous_kcg/ROS2Sample/install/cognata_sdk_ros2/share/cognata_sdk_ros2/hook/pythonpath.sh'
[1.335s] Level 1:colcon.colcon_core.environment:checking '/home/kcg/Autonomous_kcg/ROS2Sample/install/cognata_sdk_ros2/bin'
[1.336s] INFO:colcon.colcon_core.shell:Creating package script '/home/kcg/Autonomous_kcg/ROS2Sample/install/cognata_sdk_ros2/share/cognata_sdk_ros2/package.ps1'
[1.337s] INFO:colcon.colcon_core.shell:Creating package descriptor '/home/kcg/Autonomous_kcg/ROS2Sample/install/cognata_sdk_ros2/share/cognata_sdk_ros2/package.dsv'
[1.337s] INFO:colcon.colcon_core.shell:Creating package script '/home/kcg/Autonomous_kcg/ROS2Sample/install/cognata_sdk_ros2/share/cognata_sdk_ros2/package.sh'
[1.338s] INFO:colcon.colcon_core.shell:Creating package script '/home/kcg/Autonomous_kcg/ROS2Sample/install/cognata_sdk_ros2/share/cognata_sdk_ros2/package.bash'
[1.338s] INFO:colcon.colcon_core.shell:Creating package script '/home/kcg/Autonomous_kcg/ROS2Sample/install/cognata_sdk_ros2/share/cognata_sdk_ros2/package.zsh'
[1.338s] Level 1:colcon.colcon_core.environment:create_file_with_runtime_dependencies(/home/kcg/Autonomous_kcg/ROS2Sample/install/cognata_sdk_ros2/share/colcon-core/packages/cognata_sdk_ros2)
[1.344s] Level 1:colcon.colcon_core.environment:create_environment_scripts_only(tracked_lane_msgs)
[1.346s] Level 1:colcon.colcon_core.environment:checking '/home/kcg/Autonomous_kcg/ROS2Sample/install/tracked_lane_msgs' for CMake module files
[1.346s] Level 1:colcon.colcon_core.environment:checking '/home/kcg/Autonomous_kcg/ROS2Sample/install/tracked_lane_msgs' for CMake config files
[1.347s] Level 1:colcon.colcon_core.shell:create_environment_hook('tracked_lane_msgs', 'cmake_prefix_path')
[1.348s] INFO:colcon.colcon_core.shell:Creating environment hook '/home/kcg/Autonomous_kcg/ROS2Sample/install/tracked_lane_msgs/share/tracked_lane_msgs/hook/cmake_prefix_path.ps1'
[1.349s] INFO:colcon.colcon_core.shell:Creating environment descriptor '/home/kcg/Autonomous_kcg/ROS2Sample/install/tracked_lane_msgs/share/tracked_lane_msgs/hook/cmake_prefix_path.dsv'
[1.349s] INFO:colcon.colcon_core.shell:Creating environment hook '/home/kcg/Autonomous_kcg/ROS2Sample/install/tracked_lane_msgs/share/tracked_lane_msgs/hook/cmake_prefix_path.sh'
[1.349s] Level 1:colcon.colcon_core.environment:checking '/home/kcg/Autonomous_kcg/ROS2Sample/install/tracked_lane_msgs/lib'
[1.350s] Level 1:colcon.colcon_core.shell:create_environment_hook('tracked_lane_msgs', 'ld_library_path_lib')
[1.351s] INFO:colcon.colcon_core.shell:Creating environment hook '/home/kcg/Autonomous_kcg/ROS2Sample/install/tracked_lane_msgs/share/tracked_lane_msgs/hook/ld_library_path_lib.ps1'
[1.351s] INFO:colcon.colcon_core.shell:Creating environment descriptor '/home/kcg/Autonomous_kcg/ROS2Sample/install/tracked_lane_msgs/share/tracked_lane_msgs/hook/ld_library_path_lib.dsv'
[1.351s] INFO:colcon.colcon_core.shell:Creating environment hook '/home/kcg/Autonomous_kcg/ROS2Sample/install/tracked_lane_msgs/share/tracked_lane_msgs/hook/ld_library_path_lib.sh'
[1.352s] Level 1:colcon.colcon_core.environment:checking '/home/kcg/Autonomous_kcg/ROS2Sample/install/tracked_lane_msgs/bin'
[1.352s] Level 1:colcon.colcon_core.environment:checking '/home/kcg/Autonomous_kcg/ROS2Sample/install/tracked_lane_msgs/lib/pkgconfig/tracked_lane_msgs.pc'
[1.352s] Level 1:colcon.colcon_core.environment:checking '/home/kcg/Autonomous_kcg/ROS2Sample/install/tracked_lane_msgs/lib/python3.8/site-packages'
[1.352s] Level 1:colcon.colcon_core.shell:create_environment_hook('tracked_lane_msgs', 'pythonpath')
[1.354s] INFO:colcon.colcon_core.shell:Creating environment hook '/home/kcg/Autonomous_kcg/ROS2Sample/install/tracked_lane_msgs/share/tracked_lane_msgs/hook/pythonpath.ps1'
[1.354s] INFO:colcon.colcon_core.shell:Creating environment descriptor '/home/kcg/Autonomous_kcg/ROS2Sample/install/tracked_lane_msgs/share/tracked_lane_msgs/hook/pythonpath.dsv'
[1.354s] INFO:colcon.colcon_core.shell:Creating environment hook '/home/kcg/Autonomous_kcg/ROS2Sample/install/tracked_lane_msgs/share/tracked_lane_msgs/hook/pythonpath.sh'
[1.355s] Level 1:colcon.colcon_core.environment:checking '/home/kcg/Autonomous_kcg/ROS2Sample/install/tracked_lane_msgs/bin'
[1.356s] INFO:colcon.colcon_core.shell:Creating package script '/home/kcg/Autonomous_kcg/ROS2Sample/install/tracked_lane_msgs/share/tracked_lane_msgs/package.ps1'
[1.357s] INFO:colcon.colcon_core.shell:Creating package descriptor '/home/kcg/Autonomous_kcg/ROS2Sample/install/tracked_lane_msgs/share/tracked_lane_msgs/package.dsv'
[1.358s] INFO:colcon.colcon_core.shell:Creating package script '/home/kcg/Autonomous_kcg/ROS2Sample/install/tracked_lane_msgs/share/tracked_lane_msgs/package.sh'
[1.358s] INFO:colcon.colcon_core.shell:Creating package script '/home/kcg/Autonomous_kcg/ROS2Sample/install/tracked_lane_msgs/share/tracked_lane_msgs/package.bash'
[1.359s] INFO:colcon.colcon_core.shell:Creating package script '/home/kcg/Autonomous_kcg/ROS2Sample/install/tracked_lane_msgs/share/tracked_lane_msgs/package.zsh'
[1.359s] Level 1:colcon.colcon_core.environment:create_file_with_runtime_dependencies(/home/kcg/Autonomous_kcg/ROS2Sample/install/tracked_lane_msgs/share/colcon-core/packages/tracked_lane_msgs)
[1.668s] Level 1:colcon.colcon_core.environment:create_environment_scripts_only(cognata_sdk_ros2)
[1.671s] Level 1:colcon.colcon_core.environment:checking '/home/kcg/Autonomous_kcg/ROS2Sample/install/cognata_sdk_ros2' for CMake module files
[1.672s] Level 1:colcon.colcon_core.environment:checking '/home/kcg/Autonomous_kcg/ROS2Sample/install/cognata_sdk_ros2' for CMake config files
[1.673s] Level 1:colcon.colcon_core.shell:create_environment_hook('cognata_sdk_ros2', 'cmake_prefix_path')
[1.674s] INFO:colcon.colcon_core.shell:Creating environment hook '/home/kcg/Autonomous_kcg/ROS2Sample/install/cognata_sdk_ros2/share/cognata_sdk_ros2/hook/cmake_prefix_path.ps1'
[1.675s] INFO:colcon.colcon_core.shell:Creating environment descriptor '/home/kcg/Autonomous_kcg/ROS2Sample/install/cognata_sdk_ros2/share/cognata_sdk_ros2/hook/cmake_prefix_path.dsv'
[1.675s] INFO:colcon.colcon_core.shell:Creating environment hook '/home/kcg/Autonomous_kcg/ROS2Sample/install/cognata_sdk_ros2/share/cognata_sdk_ros2/hook/cmake_prefix_path.sh'
[1.675s] Level 1:colcon.colcon_core.environment:checking '/home/kcg/Autonomous_kcg/ROS2Sample/install/cognata_sdk_ros2/lib'
[1.675s] Level 1:colcon.colcon_core.shell:create_environment_hook('cognata_sdk_ros2', 'ld_library_path_lib')
[1.677s] INFO:colcon.colcon_core.shell:Creating environment hook '/home/kcg/Autonomous_kcg/ROS2Sample/install/cognata_sdk_ros2/share/cognata_sdk_ros2/hook/ld_library_path_lib.ps1'
[1.677s] INFO:colcon.colcon_core.shell:Creating environment descriptor '/home/kcg/Autonomous_kcg/ROS2Sample/install/cognata_sdk_ros2/share/cognata_sdk_ros2/hook/ld_library_path_lib.dsv'
[1.677s] INFO:colcon.colcon_core.shell:Creating environment hook '/home/kcg/Autonomous_kcg/ROS2Sample/install/cognata_sdk_ros2/share/cognata_sdk_ros2/hook/ld_library_path_lib.sh'
[1.678s] Level 1:colcon.colcon_core.environment:checking '/home/kcg/Autonomous_kcg/ROS2Sample/install/cognata_sdk_ros2/bin'
[1.678s] Level 1:colcon.colcon_core.environment:checking '/home/kcg/Autonomous_kcg/ROS2Sample/install/cognata_sdk_ros2/lib/pkgconfig/cognata_sdk_ros2.pc'
[1.678s] Level 1:colcon.colcon_core.environment:checking '/home/kcg/Autonomous_kcg/ROS2Sample/install/cognata_sdk_ros2/lib/python3.8/site-packages'
[1.678s] Level 1:colcon.colcon_core.shell:create_environment_hook('cognata_sdk_ros2', 'pythonpath')
[1.680s] INFO:colcon.colcon_core.shell:Creating environment hook '/home/kcg/Autonomous_kcg/ROS2Sample/install/cognata_sdk_ros2/share/cognata_sdk_ros2/hook/pythonpath.ps1'
[1.681s] INFO:colcon.colcon_core.shell:Creating environment descriptor '/home/kcg/Autonomous_kcg/ROS2Sample/install/cognata_sdk_ros2/share/cognata_sdk_ros2/hook/pythonpath.dsv'
[1.681s] INFO:colcon.colcon_core.shell:Creating environment hook '/home/kcg/Autonomous_kcg/ROS2Sample/install/cognata_sdk_ros2/share/cognata_sdk_ros2/hook/pythonpath.sh'
[1.682s] Level 1:colcon.colcon_core.environment:checking '/home/kcg/Autonomous_kcg/ROS2Sample/install/cognata_sdk_ros2/bin'
[1.683s] INFO:colcon.colcon_core.shell:Creating package script '/home/kcg/Autonomous_kcg/ROS2Sample/install/cognata_sdk_ros2/share/cognata_sdk_ros2/package.ps1'
[1.684s] INFO:colcon.colcon_core.shell:Creating package descriptor '/home/kcg/Autonomous_kcg/ROS2Sample/install/cognata_sdk_ros2/share/cognata_sdk_ros2/package.dsv'
[1.684s] INFO:colcon.colcon_core.shell:Creating package script '/home/kcg/Autonomous_kcg/ROS2Sample/install/cognata_sdk_ros2/share/cognata_sdk_ros2/package.sh'
[1.684s] INFO:colcon.colcon_core.shell:Creating package script '/home/kcg/Autonomous_kcg/ROS2Sample/install/cognata_sdk_ros2/share/cognata_sdk_ros2/package.bash'
[1.685s] INFO:colcon.colcon_core.shell:Creating package script '/home/kcg/Autonomous_kcg/ROS2Sample/install/cognata_sdk_ros2/share/cognata_sdk_ros2/package.zsh'
[1.686s] Level 1:colcon.colcon_core.environment:create_file_with_runtime_dependencies(/home/kcg/Autonomous_kcg/ROS2Sample/install/cognata_sdk_ros2/share/colcon-core/packages/cognata_sdk_ros2)
[1.686s] INFO:colcon.colcon_ros.task.ament_python.build:Building ROS package in '/home/kcg/Autonomous_kcg/ROS2Sample/src/python_publisher' with build type 'ament_python'
[1.687s] Level 1:colcon.colcon_core.shell:create_environment_hook('python_publisher', 'ament_prefix_path')
[1.688s] INFO:colcon.colcon_core.shell:Creating environment hook '/home/kcg/Autonomous_kcg/ROS2Sample/install/python_publisher/share/python_publisher/hook/ament_prefix_path.ps1'
[1.689s] INFO:colcon.colcon_core.shell:Creating environment descriptor '/home/kcg/Autonomous_kcg/ROS2Sample/install/python_publisher/share/python_publisher/hook/ament_prefix_path.dsv'
[1.689s] INFO:colcon.colcon_core.shell:Creating environment hook '/home/kcg/Autonomous_kcg/ROS2Sample/install/python_publisher/share/python_publisher/hook/ament_prefix_path.sh'
[1.691s] INFO:colcon.colcon_core.shell:Skip shell extension 'powershell' for command environment: Not usable outside of PowerShell
[1.691s] DEBUG:colcon.colcon_core.shell:Skip shell extension 'dsv' for command environment
[1.907s] INFO:colcon.colcon_core.task.python.build:Building Python package in '/home/kcg/Autonomous_kcg/ROS2Sample/src/python_publisher'
[1.910s] INFO:colcon.colcon_core.shell:Skip shell extension 'powershell' for command environment: Not usable outside of PowerShell
[1.910s] DEBUG:colcon.colcon_core.shell:Skip shell extension 'dsv' for command environment
[2.281s] DEBUG:colcon.colcon_core.event_handler.log_command:Invoking command in '/home/kcg/Autonomous_kcg/ROS2Sample/src/python_publisher': PYTHONPATH=/home/kcg/Autonomous_kcg/ROS2Sample/install/python_publisher/lib/python3.8/site-packages:/home/kcg/Autonomous_kcg/ROS2Sample/install/tracked_object_msgs/lib/python3.8/site-packages:/home/kcg/Autonomous_kcg/ROS2Sample/install/tracked_lane_msgs/lib/python3.8/site-packages:/home/kcg/Autonomous_kcg/ROS2Sample/install/cognata_sdk_ros2/lib/python3.8/site-packages:/home/kcg/Autonomous_kcg/ROS2Sample/install/python_publisher/lib/python3.8/site-packages:/home/kcg/Autonomous_kcg/ROS2Sample/install/autoware_auto_msgs/lib/python3.8/site-packages:/home/kcg/Autonomous_kcg/ROS2Sample/install/additional_msgs/lib/python3.8/site-packages:/home/kcg/Autonomous_kcg/switch_ws/Deliverables/colcon_workspace/install/tracked_object_msgs/lib/python3.8/site-packages:/home/kcg/Autonomous_kcg/switch_ws/Deliverables/colcon_workspace/install/tracked_lane_msgs/lib/python3.8/site-packages:/opt/ros/foxy/lib/python3.8/site-packages /usr/bin/python3 setup.py egg_info --egg-base ../../build/python_publisher build --build-base /home/kcg/Autonomous_kcg/ROS2Sample/build/python_publisher/build install --prefix /home/kcg/Autonomous_kcg/ROS2Sample/install/python_publisher --record /home/kcg/Autonomous_kcg/ROS2Sample/build/python_publisher/install.log --single-version-externally-managed
[2.556s] Level 1:colcon.colcon_core.environment:checking '/home/kcg/Autonomous_kcg/ROS2Sample/install/python_publisher' for CMake module files
[2.557s] DEBUG:colcon.colcon_core.event_handler.log_command:Invoked command in '/home/kcg/Autonomous_kcg/ROS2Sample/src/python_publisher' returned '0': PYTHONPATH=/home/kcg/Autonomous_kcg/ROS2Sample/install/python_publisher/lib/python3.8/site-packages:/home/kcg/Autonomous_kcg/ROS2Sample/install/tracked_object_msgs/lib/python3.8/site-packages:/home/kcg/Autonomous_kcg/ROS2Sample/install/tracked_lane_msgs/lib/python3.8/site-packages:/home/kcg/Autonomous_kcg/ROS2Sample/install/cognata_sdk_ros2/lib/python3.8/site-packages:/home/kcg/Autonomous_kcg/ROS2Sample/install/python_publisher/lib/python3.8/site-packages:/home/kcg/Autonomous_kcg/ROS2Sample/install/autoware_auto_msgs/lib/python3.8/site-packages:/home/kcg/Autonomous_kcg/ROS2Sample/install/additional_msgs/lib/python3.8/site-packages:/home/kcg/Autonomous_kcg/switch_ws/Deliverables/colcon_workspace/install/tracked_object_msgs/lib/python3.8/site-packages:/home/kcg/Autonomous_kcg/switch_ws/Deliverables/colcon_workspace/install/tracked_lane_msgs/lib/python3.8/site-packages:/opt/ros/foxy/lib/python3.8/site-packages /usr/bin/python3 setup.py egg_info --egg-base ../../build/python_publisher build --build-base /home/kcg/Autonomous_kcg/ROS2Sample/build/python_publisher/build install --prefix /home/kcg/Autonomous_kcg/ROS2Sample/install/python_publisher --record /home/kcg/Autonomous_kcg/ROS2Sample/build/python_publisher/install.log --single-version-externally-managed
[2.557s] Level 1:colcon.colcon_core.environment:checking '/home/kcg/Autonomous_kcg/ROS2Sample/install/python_publisher' for CMake config files
[2.558s] Level 1:colcon.colcon_core.environment:checking '/home/kcg/Autonomous_kcg/ROS2Sample/install/python_publisher/lib'
[2.558s] Level 1:colcon.colcon_core.environment:checking '/home/kcg/Autonomous_kcg/ROS2Sample/install/python_publisher/bin'
[2.558s] Level 1:colcon.colcon_core.environment:checking '/home/kcg/Autonomous_kcg/ROS2Sample/install/python_publisher/lib/pkgconfig/python_publisher.pc'
[2.558s] Level 1:colcon.colcon_core.environment:checking '/home/kcg/Autonomous_kcg/ROS2Sample/install/python_publisher/lib/python3.8/site-packages'
[2.558s] Level 1:colcon.colcon_core.shell:create_environment_hook('python_publisher', 'pythonpath')
[2.560s] INFO:colcon.colcon_core.shell:Creating environment hook '/home/kcg/Autonomous_kcg/ROS2Sample/install/python_publisher/share/python_publisher/hook/pythonpath.ps1'
[2.560s] INFO:colcon.colcon_core.shell:Creating environment descriptor '/home/kcg/Autonomous_kcg/ROS2Sample/install/python_publisher/share/python_publisher/hook/pythonpath.dsv'
[2.561s] INFO:colcon.colcon_core.shell:Creating environment hook '/home/kcg/Autonomous_kcg/ROS2Sample/install/python_publisher/share/python_publisher/hook/pythonpath.sh'
[2.561s] Level 1:colcon.colcon_core.environment:checking '/home/kcg/Autonomous_kcg/ROS2Sample/install/python_publisher/bin'
[2.561s] Level 1:colcon.colcon_core.environment:create_environment_scripts_only(python_publisher)
[2.562s] INFO:colcon.colcon_core.shell:Creating package script '/home/kcg/Autonomous_kcg/ROS2Sample/install/python_publisher/share/python_publisher/package.ps1'
[2.563s] INFO:colcon.colcon_core.shell:Creating package descriptor '/home/kcg/Autonomous_kcg/ROS2Sample/install/python_publisher/share/python_publisher/package.dsv'
[2.563s] INFO:colcon.colcon_core.shell:Creating package script '/home/kcg/Autonomous_kcg/ROS2Sample/install/python_publisher/share/python_publisher/package.sh'
[2.564s] INFO:colcon.colcon_core.shell:Creating package script '/home/kcg/Autonomous_kcg/ROS2Sample/install/python_publisher/share/python_publisher/package.bash'
[2.564s] INFO:colcon.colcon_core.shell:Creating package script '/home/kcg/Autonomous_kcg/ROS2Sample/install/python_publisher/share/python_publisher/package.zsh'
[2.564s] Level 1:colcon.colcon_core.environment:create_file_with_runtime_dependencies(/home/kcg/Autonomous_kcg/ROS2Sample/install/python_publisher/share/colcon-core/packages/python_publisher)
[2.565s] DEBUG:colcon.colcon_parallel_executor.executor.parallel:closing loop
[2.565s] DEBUG:colcon.colcon_parallel_executor.executor.parallel:loop closed
[2.565s] DEBUG:colcon.colcon_parallel_executor.executor.parallel:run_until_complete finished with '0'
[2.565s] DEBUG:colcon.colcon_core.event_reactor:joining thread
[2.573s] INFO:colcon.colcon_core.plugin_system:Skipping extension 'colcon_notification.desktop_notification.terminal_notifier': Not used on non-Darwin systems
[2.573s] INFO:colcon.colcon_core.plugin_system:Skipping extension 'colcon_notification.desktop_notification.win32': Not used on non-Windows systems
[2.573s] INFO:colcon.colcon_notification.desktop_notification:Sending desktop notification using 'notify2'
[2.585s] DEBUG:colcon.colcon_core.event_reactor:joined thread
[2.587s] INFO:colcon.colcon_core.shell:Creating prefix script '/home/kcg/Autonomous_kcg/ROS2Sample/install/local_setup.ps1'
[2.589s] INFO:colcon.colcon_core.shell:Creating prefix util module '/home/kcg/Autonomous_kcg/ROS2Sample/install/_local_setup_util_ps1.py'
[2.591s] INFO:colcon.colcon_core.shell:Creating prefix chain script '/home/kcg/Autonomous_kcg/ROS2Sample/install/setup.ps1'
[2.593s] INFO:colcon.colcon_core.shell:Creating prefix script '/home/kcg/Autonomous_kcg/ROS2Sample/install/local_setup.sh'
[2.594s] INFO:colcon.colcon_core.shell:Creating prefix util module '/home/kcg/Autonomous_kcg/ROS2Sample/install/_local_setup_util_sh.py'
[2.594s] INFO:colcon.colcon_core.shell:Creating prefix chain script '/home/kcg/Autonomous_kcg/ROS2Sample/install/setup.sh'
[2.596s] INFO:colcon.colcon_core.shell:Creating prefix script '/home/kcg/Autonomous_kcg/ROS2Sample/install/local_setup.bash'
[2.596s] INFO:colcon.colcon_core.shell:Creating prefix chain script '/home/kcg/Autonomous_kcg/ROS2Sample/install/setup.bash'
[2.598s] INFO:colcon.colcon_core.shell:Creating prefix script '/home/kcg/Autonomous_kcg/ROS2Sample/install/local_setup.zsh'
[2.598s] INFO:colcon.colcon_core.shell:Creating prefix chain script '/home/kcg/Autonomous_kcg/ROS2Sample/install/setup.zsh'
