[0.047s] Invoking command in '/home/kcg/Autonomous_kcg/ROS2Sample/build/autoware_auto_msgs': CMAKE_PREFIX_PATH=${CMAKE_PREFIX_PATH}:/home/kcg/Autonomous_kcg/ROS2Sample/install/python_publisher:/opt/ros/foxy /usr/bin/cmake --build /home/kcg/Autonomous_kcg/ROS2Sample/build/autoware_auto_msgs -- -j8 -l8
[0.130s] [  3%] Built target autoware_auto_msgs__cpp
[0.151s] [ 12%] Built target autoware_auto_msgs__rosidl_generator_c
[0.233s] [ 22%] Built target autoware_auto_msgs__rosidl_typesupport_introspection_cpp
[0.242s] [ 32%] Built target autoware_auto_msgs__rosidl_typesupport_cpp
[0.247s] [ 41%] Built target autoware_auto_msgs__rosidl_typesupport_fastrtps_cpp
[0.258s] [ 54%] Built target autoware_auto_msgs__rosidl_typesupport_c
[0.262s] [ 61%] Built target autoware_auto_msgs__rosidl_typesupport_introspection_c
[0.294s] [ 70%] Built target autoware_auto_msgs__rosidl_typesupport_fastrtps_c
[0.320s] [ 70%] Built target autoware_auto_msgs
[0.354s] [ 74%] Built target autoware_auto_msgs__py
[0.392s] [ 80%] Built target autoware_auto_msgs__python
[0.442s] [ 87%] Built target autoware_auto_msgs__rosidl_typesupport_c__pyext
[0.445s] [ 93%] Built target autoware_auto_msgs__rosidl_typesupport_introspection_c__pyext
[0.459s] [100%] Built target autoware_auto_msgs__rosidl_typesupport_fastrtps_c__pyext
[0.488s] Invoked command in '/home/kcg/Autonomous_kcg/ROS2Sample/build/autoware_auto_msgs' returned '0': CMAKE_PREFIX_PATH=${CMAKE_PREFIX_PATH}:/home/kcg/Autonomous_kcg/ROS2Sample/install/python_publisher:/opt/ros/foxy /usr/bin/cmake --build /home/kcg/Autonomous_kcg/ROS2Sample/build/autoware_auto_msgs -- -j8 -l8
[0.583s] Invoking command in '/home/kcg/Autonomous_kcg/ROS2Sample/build/autoware_auto_msgs': CMAKE_PREFIX_PATH=${CMAKE_PREFIX_PATH}:/home/kcg/Autonomous_kcg/ROS2Sample/install/python_publisher:/opt/ros/foxy /usr/bin/cmake --install /home/kcg/Autonomous_kcg/ROS2Sample/build/autoware_auto_msgs
[0.597s] -- Install configuration: ""
[0.597s] -- Up-to-date: /home/kcg/Autonomous_kcg/ROS2Sample/install/autoware_auto_msgs/share/ament_index/resource_index/rosidl_interfaces/autoware_auto_msgs
[0.597s] -- Up-to-date: /home/kcg/Autonomous_kcg/ROS2Sample/install/autoware_auto_msgs/include/autoware_auto_msgs
[0.598s] -- Up-to-date: /home/kcg/Autonomous_kcg/ROS2Sample/install/autoware_auto_msgs/include/autoware_auto_msgs/msg
[0.598s] -- Up-to-date: /home/kcg/Autonomous_kcg/ROS2Sample/install/autoware_auto_msgs/include/autoware_auto_msgs/msg/rosidl_generator_c__visibility_control.h
[0.598s] -- Up-to-date: /home/kcg/Autonomous_kcg/ROS2Sample/install/autoware_auto_msgs/include/autoware_auto_msgs/msg/vehicle_control_command.h
[0.598s] -- Up-to-date: /home/kcg/Autonomous_kcg/ROS2Sample/install/autoware_auto_msgs/include/autoware_auto_msgs/msg/detail
[0.598s] -- Up-to-date: /home/kcg/Autonomous_kcg/ROS2Sample/install/autoware_auto_msgs/include/autoware_auto_msgs/msg/detail/vehicle_control_command__struct.h
[0.598s] -- Up-to-date: /home/kcg/Autonomous_kcg/ROS2Sample/install/autoware_auto_msgs/include/autoware_auto_msgs/msg/detail/vehicle_control_command__functions.h
[0.598s] -- Up-to-date: /home/kcg/Autonomous_kcg/ROS2Sample/install/autoware_auto_msgs/include/autoware_auto_msgs/msg/detail/vehicle_control_command__functions.c
[0.599s] -- Up-to-date: /home/kcg/Autonomous_kcg/ROS2Sample/install/autoware_auto_msgs/include/autoware_auto_msgs/msg/detail/vehicle_control_command__type_support.h
[0.599s] -- Up-to-date: /home/kcg/Autonomous_kcg/ROS2Sample/install/autoware_auto_msgs/share/autoware_auto_msgs/environment/library_path.sh
[0.599s] -- Up-to-date: /home/kcg/Autonomous_kcg/ROS2Sample/install/autoware_auto_msgs/share/autoware_auto_msgs/environment/library_path.dsv
[0.599s] -- Up-to-date: /home/kcg/Autonomous_kcg/ROS2Sample/install/autoware_auto_msgs/lib/libautoware_auto_msgs__rosidl_generator_c.so
[0.599s] -- Up-to-date: /home/kcg/Autonomous_kcg/ROS2Sample/install/autoware_auto_msgs/include/autoware_auto_msgs
[0.599s] -- Up-to-date: /home/kcg/Autonomous_kcg/ROS2Sample/install/autoware_auto_msgs/include/autoware_auto_msgs/msg
[0.600s] -- Up-to-date: /home/kcg/Autonomous_kcg/ROS2Sample/install/autoware_auto_msgs/include/autoware_auto_msgs/msg/rosidl_typesupport_fastrtps_c__visibility_control.h
[0.600s] -- Up-to-date: /home/kcg/Autonomous_kcg/ROS2Sample/install/autoware_auto_msgs/include/autoware_auto_msgs/msg/detail
[0.600s] -- Up-to-date: /home/kcg/Autonomous_kcg/ROS2Sample/install/autoware_auto_msgs/include/autoware_auto_msgs/msg/detail/vehicle_control_command__rosidl_typesupport_fastrtps_c.h
[0.600s] -- Up-to-date: /home/kcg/Autonomous_kcg/ROS2Sample/install/autoware_auto_msgs/lib/libautoware_auto_msgs__rosidl_typesupport_fastrtps_c.so
[0.601s] -- Up-to-date: /home/kcg/Autonomous_kcg/ROS2Sample/install/autoware_auto_msgs/include/autoware_auto_msgs
[0.601s] -- Up-to-date: /home/kcg/Autonomous_kcg/ROS2Sample/install/autoware_auto_msgs/include/autoware_auto_msgs/msg
[0.601s] -- Up-to-date: /home/kcg/Autonomous_kcg/ROS2Sample/install/autoware_auto_msgs/include/autoware_auto_msgs/msg/detail
[0.601s] -- Up-to-date: /home/kcg/Autonomous_kcg/ROS2Sample/install/autoware_auto_msgs/include/autoware_auto_msgs/msg/detail/dds_fastrtps
[0.602s] -- Up-to-date: /home/kcg/Autonomous_kcg/ROS2Sample/install/autoware_auto_msgs/include/autoware_auto_msgs/msg/detail/vehicle_control_command__rosidl_typesupport_fastrtps_cpp.hpp
[0.602s] -- Up-to-date: /home/kcg/Autonomous_kcg/ROS2Sample/install/autoware_auto_msgs/include/autoware_auto_msgs/msg/rosidl_typesupport_fastrtps_cpp__visibility_control.h
[0.602s] -- Up-to-date: /home/kcg/Autonomous_kcg/ROS2Sample/install/autoware_auto_msgs/lib/libautoware_auto_msgs__rosidl_typesupport_fastrtps_cpp.so
[0.603s] -- Up-to-date: /home/kcg/Autonomous_kcg/ROS2Sample/install/autoware_auto_msgs/include/autoware_auto_msgs
[0.603s] -- Up-to-date: /home/kcg/Autonomous_kcg/ROS2Sample/install/autoware_auto_msgs/include/autoware_auto_msgs/msg
[0.604s] -- Up-to-date: /home/kcg/Autonomous_kcg/ROS2Sample/install/autoware_auto_msgs/include/autoware_auto_msgs/msg/rosidl_typesupport_introspection_c__visibility_control.h
[0.607s] -- Up-to-date: /home/kcg/Autonomous_kcg/ROS2Sample/install/autoware_auto_msgs/include/autoware_auto_msgs/msg/detail
[0.609s] -- Up-to-date: /home/kcg/Autonomous_kcg/ROS2Sample/install/autoware_auto_msgs/include/autoware_auto_msgs/msg/detail/vehicle_control_command__type_support.c
[0.611s] -- Up-to-date: /home/kcg/Autonomous_kcg/ROS2Sample/install/autoware_auto_msgs/include/autoware_auto_msgs/msg/detail/vehicle_control_command__rosidl_typesupport_introspection_c.h
[0.611s] -- Up-to-date: /home/kcg/Autonomous_kcg/ROS2Sample/install/autoware_auto_msgs/lib/libautoware_auto_msgs__rosidl_typesupport_introspection_c.so
[0.611s] -- Up-to-date: /home/kcg/Autonomous_kcg/ROS2Sample/install/autoware_auto_msgs/lib/libautoware_auto_msgs__rosidl_typesupport_c.so
[0.612s] -- Up-to-date: /home/kcg/Autonomous_kcg/ROS2Sample/install/autoware_auto_msgs/include/autoware_auto_msgs
[0.612s] -- Up-to-date: /home/kcg/Autonomous_kcg/ROS2Sample/install/autoware_auto_msgs/include/autoware_auto_msgs/msg
[0.612s] -- Up-to-date: /home/kcg/Autonomous_kcg/ROS2Sample/install/autoware_auto_msgs/include/autoware_auto_msgs/msg/detail
[0.612s] -- Up-to-date: /home/kcg/Autonomous_kcg/ROS2Sample/install/autoware_auto_msgs/include/autoware_auto_msgs/msg/detail/vehicle_control_command__builder.hpp
[0.612s] -- Up-to-date: /home/kcg/Autonomous_kcg/ROS2Sample/install/autoware_auto_msgs/include/autoware_auto_msgs/msg/detail/vehicle_control_command__struct.hpp
[0.613s] -- Up-to-date: /home/kcg/Autonomous_kcg/ROS2Sample/install/autoware_auto_msgs/include/autoware_auto_msgs/msg/detail/vehicle_control_command__traits.hpp
[0.613s] -- Up-to-date: /home/kcg/Autonomous_kcg/ROS2Sample/install/autoware_auto_msgs/include/autoware_auto_msgs/msg/vehicle_control_command.hpp
[0.613s] -- Up-to-date: /home/kcg/Autonomous_kcg/ROS2Sample/install/autoware_auto_msgs/include/autoware_auto_msgs
[0.613s] -- Up-to-date: /home/kcg/Autonomous_kcg/ROS2Sample/install/autoware_auto_msgs/include/autoware_auto_msgs/msg
[0.613s] -- Up-to-date: /home/kcg/Autonomous_kcg/ROS2Sample/install/autoware_auto_msgs/include/autoware_auto_msgs/msg/detail
[0.614s] -- Up-to-date: /home/kcg/Autonomous_kcg/ROS2Sample/install/autoware_auto_msgs/include/autoware_auto_msgs/msg/detail/vehicle_control_command__rosidl_typesupport_introspection_cpp.hpp
[0.614s] -- Up-to-date: /home/kcg/Autonomous_kcg/ROS2Sample/install/autoware_auto_msgs/include/autoware_auto_msgs/msg/detail/vehicle_control_command__type_support.cpp
[0.614s] -- Up-to-date: /home/kcg/Autonomous_kcg/ROS2Sample/install/autoware_auto_msgs/lib/libautoware_auto_msgs__rosidl_typesupport_introspection_cpp.so
[0.615s] -- Up-to-date: /home/kcg/Autonomous_kcg/ROS2Sample/install/autoware_auto_msgs/lib/libautoware_auto_msgs__rosidl_typesupport_cpp.so
[0.617s] -- Up-to-date: /home/kcg/Autonomous_kcg/ROS2Sample/install/autoware_auto_msgs/share/autoware_auto_msgs/environment/pythonpath.sh
[0.617s] -- Up-to-date: /home/kcg/Autonomous_kcg/ROS2Sample/install/autoware_auto_msgs/share/autoware_auto_msgs/environment/pythonpath.dsv
[0.617s] -- Up-to-date: /home/kcg/Autonomous_kcg/ROS2Sample/install/autoware_auto_msgs/lib/python3.8/site-packages/autoware_auto_msgs/__init__.py
[0.661s] -- Up-to-date: /home/kcg/Autonomous_kcg/ROS2Sample/install/autoware_auto_msgs/lib/python3.8/site-packages/autoware_auto_msgs/msg
[0.661s] -- Up-to-date: /home/kcg/Autonomous_kcg/ROS2Sample/install/autoware_auto_msgs/lib/python3.8/site-packages/autoware_auto_msgs/msg/_vehicle_control_command.py
[0.662s] -- Up-to-date: /home/kcg/Autonomous_kcg/ROS2Sample/install/autoware_auto_msgs/lib/python3.8/site-packages/autoware_auto_msgs/msg/_vehicle_control_command_s.c
[0.662s] -- Up-to-date: /home/kcg/Autonomous_kcg/ROS2Sample/install/autoware_auto_msgs/lib/python3.8/site-packages/autoware_auto_msgs/msg/__init__.py
[0.662s] -- Up-to-date: /home/kcg/Autonomous_kcg/ROS2Sample/install/autoware_auto_msgs/lib/python3.8/site-packages/autoware_auto_msgs/autoware_auto_msgs_s__rosidl_typesupport_fastrtps_c.cpython-38-x86_64-linux-gnu.so
[0.663s] -- Up-to-date: /home/kcg/Autonomous_kcg/ROS2Sample/install/autoware_auto_msgs/lib/python3.8/site-packages/autoware_auto_msgs/autoware_auto_msgs_s__rosidl_typesupport_introspection_c.cpython-38-x86_64-linux-gnu.so
[0.664s] -- Up-to-date: /home/kcg/Autonomous_kcg/ROS2Sample/install/autoware_auto_msgs/lib/python3.8/site-packages/autoware_auto_msgs/autoware_auto_msgs_s__rosidl_typesupport_c.cpython-38-x86_64-linux-gnu.so
[0.665s] -- Up-to-date: /home/kcg/Autonomous_kcg/ROS2Sample/install/autoware_auto_msgs/lib/libautoware_auto_msgs__python.so
[0.665s] -- Up-to-date: /home/kcg/Autonomous_kcg/ROS2Sample/install/autoware_auto_msgs/share/autoware_auto_msgs/msg/VehicleControlCommand.idl
[0.665s] -- Up-to-date: /home/kcg/Autonomous_kcg/ROS2Sample/install/autoware_auto_msgs/share/ament_index/resource_index/package_run_dependencies/autoware_auto_msgs
[0.665s] -- Up-to-date: /home/kcg/Autonomous_kcg/ROS2Sample/install/autoware_auto_msgs/share/ament_index/resource_index/parent_prefix_path/autoware_auto_msgs
[0.666s] -- Up-to-date: /home/kcg/Autonomous_kcg/ROS2Sample/install/autoware_auto_msgs/share/autoware_auto_msgs/environment/ament_prefix_path.sh
[0.666s] -- Up-to-date: /home/kcg/Autonomous_kcg/ROS2Sample/install/autoware_auto_msgs/share/autoware_auto_msgs/environment/ament_prefix_path.dsv
[0.666s] -- Up-to-date: /home/kcg/Autonomous_kcg/ROS2Sample/install/autoware_auto_msgs/share/autoware_auto_msgs/environment/path.sh
[0.666s] -- Up-to-date: /home/kcg/Autonomous_kcg/ROS2Sample/install/autoware_auto_msgs/share/autoware_auto_msgs/environment/path.dsv
[0.667s] -- Up-to-date: /home/kcg/Autonomous_kcg/ROS2Sample/install/autoware_auto_msgs/share/autoware_auto_msgs/local_setup.bash
[0.667s] -- Up-to-date: /home/kcg/Autonomous_kcg/ROS2Sample/install/autoware_auto_msgs/share/autoware_auto_msgs/local_setup.sh
[0.667s] -- Up-to-date: /home/kcg/Autonomous_kcg/ROS2Sample/install/autoware_auto_msgs/share/autoware_auto_msgs/local_setup.zsh
[0.668s] -- Up-to-date: /home/kcg/Autonomous_kcg/ROS2Sample/install/autoware_auto_msgs/share/autoware_auto_msgs/local_setup.dsv
[0.668s] -- Installing: /home/kcg/Autonomous_kcg/ROS2Sample/install/autoware_auto_msgs/share/autoware_auto_msgs/package.dsv
[0.669s] -- Up-to-date: /home/kcg/Autonomous_kcg/ROS2Sample/install/autoware_auto_msgs/share/ament_index/resource_index/packages/autoware_auto_msgs
[0.669s] -- Up-to-date: /home/kcg/Autonomous_kcg/ROS2Sample/install/autoware_auto_msgs/share/autoware_auto_msgs/cmake/autoware_auto_msgs__rosidl_generator_cExport.cmake
[0.670s] -- Up-to-date: /home/kcg/Autonomous_kcg/ROS2Sample/install/autoware_auto_msgs/share/autoware_auto_msgs/cmake/autoware_auto_msgs__rosidl_generator_cExport-noconfig.cmake
[0.670s] -- Up-to-date: /home/kcg/Autonomous_kcg/ROS2Sample/install/autoware_auto_msgs/share/autoware_auto_msgs/cmake/autoware_auto_msgs__rosidl_typesupport_introspection_cExport.cmake
[0.670s] -- Up-to-date: /home/kcg/Autonomous_kcg/ROS2Sample/install/autoware_auto_msgs/share/autoware_auto_msgs/cmake/autoware_auto_msgs__rosidl_typesupport_introspection_cExport-noconfig.cmake
[0.670s] -- Up-to-date: /home/kcg/Autonomous_kcg/ROS2Sample/install/autoware_auto_msgs/share/autoware_auto_msgs/cmake/autoware_auto_msgs__rosidl_typesupport_cExport.cmake
[0.671s] -- Up-to-date: /home/kcg/Autonomous_kcg/ROS2Sample/install/autoware_auto_msgs/share/autoware_auto_msgs/cmake/autoware_auto_msgs__rosidl_typesupport_cExport-noconfig.cmake
[0.671s] -- Up-to-date: /home/kcg/Autonomous_kcg/ROS2Sample/install/autoware_auto_msgs/share/autoware_auto_msgs/cmake/autoware_auto_msgs__rosidl_generator_cppExport.cmake
[0.671s] -- Up-to-date: /home/kcg/Autonomous_kcg/ROS2Sample/install/autoware_auto_msgs/share/autoware_auto_msgs/cmake/autoware_auto_msgs__rosidl_typesupport_introspection_cppExport.cmake
[0.671s] -- Up-to-date: /home/kcg/Autonomous_kcg/ROS2Sample/install/autoware_auto_msgs/share/autoware_auto_msgs/cmake/autoware_auto_msgs__rosidl_typesupport_introspection_cppExport-noconfig.cmake
[0.671s] -- Up-to-date: /home/kcg/Autonomous_kcg/ROS2Sample/install/autoware_auto_msgs/share/autoware_auto_msgs/cmake/autoware_auto_msgs__rosidl_typesupport_cppExport.cmake
[0.672s] -- Up-to-date: /home/kcg/Autonomous_kcg/ROS2Sample/install/autoware_auto_msgs/share/autoware_auto_msgs/cmake/autoware_auto_msgs__rosidl_typesupport_cppExport-noconfig.cmake
[0.672s] -- Up-to-date: /home/kcg/Autonomous_kcg/ROS2Sample/install/autoware_auto_msgs/share/autoware_auto_msgs/cmake/rosidl_cmake-extras.cmake
[0.678s] -- Up-to-date: /home/kcg/Autonomous_kcg/ROS2Sample/install/autoware_auto_msgs/share/autoware_auto_msgs/cmake/ament_cmake_export_dependencies-extras.cmake
[0.679s] -- Up-to-date: /home/kcg/Autonomous_kcg/ROS2Sample/install/autoware_auto_msgs/share/autoware_auto_msgs/cmake/ament_cmake_export_libraries-extras.cmake
[0.680s] -- Up-to-date: /home/kcg/Autonomous_kcg/ROS2Sample/install/autoware_auto_msgs/share/autoware_auto_msgs/cmake/ament_cmake_export_targets-extras.cmake
[0.683s] -- Up-to-date: /home/kcg/Autonomous_kcg/ROS2Sample/install/autoware_auto_msgs/share/autoware_auto_msgs/cmake/ament_cmake_export_include_directories-extras.cmake
[0.683s] -- Up-to-date: /home/kcg/Autonomous_kcg/ROS2Sample/install/autoware_auto_msgs/share/autoware_auto_msgs/cmake/rosidl_cmake_export_typesupport_libraries-extras.cmake
[0.683s] -- Up-to-date: /home/kcg/Autonomous_kcg/ROS2Sample/install/autoware_auto_msgs/share/autoware_auto_msgs/cmake/rosidl_cmake_export_typesupport_targets-extras.cmake
[0.684s] -- Up-to-date: /home/kcg/Autonomous_kcg/ROS2Sample/install/autoware_auto_msgs/share/autoware_auto_msgs/cmake/autoware_auto_msgsConfig.cmake
[0.685s] -- Up-to-date: /home/kcg/Autonomous_kcg/ROS2Sample/install/autoware_auto_msgs/share/autoware_auto_msgs/cmake/autoware_auto_msgsConfig-version.cmake
[0.685s] -- Up-to-date: /home/kcg/Autonomous_kcg/ROS2Sample/install/autoware_auto_msgs/share/autoware_auto_msgs/package.xml
[0.696s] Invoked command in '/home/kcg/Autonomous_kcg/ROS2Sample/build/autoware_auto_msgs' returned '0': CMAKE_PREFIX_PATH=${CMAKE_PREFIX_PATH}:/home/kcg/Autonomous_kcg/ROS2Sample/install/python_publisher:/opt/ros/foxy /usr/bin/cmake --install /home/kcg/Autonomous_kcg/ROS2Sample/build/autoware_auto_msgs
