[0.698s] Invoking command in '/home/kcg/copy/ROS2Sample/src/python_publisher': CMAKE_PREFIX_PATH=/home/kcg/copy/ROS2Sample/install/cognata_sdk_ros2:/home/kcg/copy/cognata_sdk_ws/cognata_sdk_ros2/install/cognata_sdk_ros2 LD_LIBRARY_PATH=/home/kcg/copy/ROS2Sample/install/cognata_sdk_ros2/lib:/home/kcg/copy/cognata_sdk_ws/cognata_sdk_ros2/install/cognata_sdk_ros2/lib:/opt/ros/foxy/opt/yaml_cpp_vendor/lib:/opt/ros/foxy/opt/rviz_ogre_vendor/lib:/opt/ros/foxy/lib/x86_64-linux-gnu:/opt/ros/foxy/lib PYTHONPATH=/home/kcg/copy/ROS2Sample/install/python_publisher/lib/python3.8/site-packages:/home/kcg/copy/ROS2Sample/install/cognata_sdk_ros2/lib/python3.8/site-packages:/home/kcg/copy/cognata_sdk_ws/cognata_sdk_ros2/install/cognata_sdk_ros2/lib/python3.8/site-packages:/home/kcg/copy/ROS2Sample/install/python_publisher/lib/python3.8/site-packages:/opt/ros/foxy/lib/python3.8/site-packages /usr/bin/python3 setup.py egg_info --egg-base ../../build/python_publisher build --build-base /home/kcg/copy/ROS2Sample/build/python_publisher/build install --prefix /home/kcg/copy/ROS2Sample/install/python_publisher --record /home/kcg/copy/ROS2Sample/build/python_publisher/install.log --single-version-externally-managed
[0.910s] running egg_info
[0.911s] writing ../../build/python_publisher/python_publisher.egg-info/PKG-INFO
[0.911s] writing dependency_links to ../../build/python_publisher/python_publisher.egg-info/dependency_links.txt
[0.911s] writing entry points to ../../build/python_publisher/python_publisher.egg-info/entry_points.txt
[0.911s] writing requirements to ../../build/python_publisher/python_publisher.egg-info/requires.txt
[0.911s] writing top-level names to ../../build/python_publisher/python_publisher.egg-info/top_level.txt
[0.947s] reading manifest file '../../build/python_publisher/python_publisher.egg-info/SOURCES.txt'
[0.948s] writing manifest file '../../build/python_publisher/python_publisher.egg-info/SOURCES.txt'
[0.948s] running build
[0.948s] running build_py
[0.948s] copying python_publisher/submodules/Pure_Pursuit.py -> /home/kcg/copy/ROS2Sample/build/python_publisher/build/lib/python_publisher/submodules
[0.949s] running install
[0.949s] running install_lib
[0.950s] copying /home/kcg/copy/ROS2Sample/build/python_publisher/build/lib/python_publisher/submodules/Pure_Pursuit.py -> /home/kcg/copy/ROS2Sample/install/python_publisher/lib/python3.8/site-packages/python_publisher/submodules
[0.951s] byte-compiling /home/kcg/copy/ROS2Sample/install/python_publisher/lib/python3.8/site-packages/python_publisher/submodules/Pure_Pursuit.py to Pure_Pursuit.cpython-38.pyc
[0.953s] running install_data
[0.954s] running install_egg_info
[0.955s] removing '/home/kcg/copy/ROS2Sample/install/python_publisher/lib/python3.8/site-packages/python_publisher-0.0.0-py3.8.egg-info' (and everything under it)
[0.955s] Copying ../../build/python_publisher/python_publisher.egg-info to /home/kcg/copy/ROS2Sample/install/python_publisher/lib/python3.8/site-packages/python_publisher-0.0.0-py3.8.egg-info
[0.956s] running install_scripts
[0.970s] Installing acc script to /home/kcg/copy/ROS2Sample/install/python_publisher/lib/python_publisher
[0.970s] Installing pid script to /home/kcg/copy/ROS2Sample/install/python_publisher/lib/python_publisher
[0.970s] Installing publisher script to /home/kcg/copy/ROS2Sample/install/python_publisher/lib/python_publisher
[0.970s] Installing rcc script to /home/kcg/copy/ROS2Sample/install/python_publisher/lib/python_publisher
[0.970s] writing list of installed files to '/home/kcg/copy/ROS2Sample/build/python_publisher/install.log'
[0.993s] Invoked command in '/home/kcg/copy/ROS2Sample/src/python_publisher' returned '0': CMAKE_PREFIX_PATH=/home/kcg/copy/ROS2Sample/install/cognata_sdk_ros2:/home/kcg/copy/cognata_sdk_ws/cognata_sdk_ros2/install/cognata_sdk_ros2 LD_LIBRARY_PATH=/home/kcg/copy/ROS2Sample/install/cognata_sdk_ros2/lib:/home/kcg/copy/cognata_sdk_ws/cognata_sdk_ros2/install/cognata_sdk_ros2/lib:/opt/ros/foxy/opt/yaml_cpp_vendor/lib:/opt/ros/foxy/opt/rviz_ogre_vendor/lib:/opt/ros/foxy/lib/x86_64-linux-gnu:/opt/ros/foxy/lib PYTHONPATH=/home/kcg/copy/ROS2Sample/install/python_publisher/lib/python3.8/site-packages:/home/kcg/copy/ROS2Sample/install/cognata_sdk_ros2/lib/python3.8/site-packages:/home/kcg/copy/cognata_sdk_ws/cognata_sdk_ros2/install/cognata_sdk_ros2/lib/python3.8/site-packages:/home/kcg/copy/ROS2Sample/install/python_publisher/lib/python3.8/site-packages:/opt/ros/foxy/lib/python3.8/site-packages /usr/bin/python3 setup.py egg_info --egg-base ../../build/python_publisher build --build-base /home/kcg/copy/ROS2Sample/build/python_publisher/build install --prefix /home/kcg/copy/ROS2Sample/install/python_publisher --record /home/kcg/copy/ROS2Sample/build/python_publisher/install.log --single-version-externally-managed
