[0.012s] Invoking command in '/home/kcg/copy/idan_ros2_ws/src/idan_control_example/build/idan_control_example': CMAKE_PREFIX_PATH=/opt/ros/foxy /usr/bin/cmake --build /home/kcg/copy/idan_ros2_ws/src/idan_control_example/build/idan_control_example -- -j8 -l8
[0.032s] -- Found ament_cmake: 0.9.9 (/opt/ros/foxy/share/ament_cmake/cmake)
[0.049s] -- Using PYTHON_EXECUTABLE: /usr/bin/python3
[0.196s] -- Found rclcpp: 2.4.1 (/opt/ros/foxy/share/rclcpp/cmake)
[0.232s] -- Using all available rosidl_typesupport_c: rosidl_typesupport_fastrtps_c;rosidl_typesupport_introspection_c
[0.236s] -- Found rosidl_adapter: 1.2.1 (/opt/ros/foxy/share/rosidl_adapter/cmake)
[0.290s] -- Found OpenSSL: /usr/lib/x86_64-linux-gnu/libcrypto.so (found version "1.1.1f")  
[0.313s] -- Found FastRTPS: /opt/ros/foxy/include  
[0.375s] -- Using all available rosidl_typesupport_cpp: rosidl_typesupport_fastrtps_cpp;rosidl_typesupport_introspection_cpp
[0.422s] -- Found rmw_implementation_cmake: 1.0.3 (/opt/ros/foxy/share/rmw_implementation_cmake/cmake)
[0.423s] -- Using RMW implementation 'rmw_fastrtps_cpp' as default
[0.424s] -- Looking for pthread.h
[0.481s] -- Looking for pthread.h - found
[0.481s] -- Performing Test CMAKE_HAVE_LIBC_PTHREAD
[0.538s] -- Performing Test CMAKE_HAVE_LIBC_PTHREAD - Failed
[0.538s] -- Looking for pthread_create in pthreads
[0.584s] -- Looking for pthread_create in pthreads - not found
[0.584s] -- Looking for pthread_create in pthread
[0.640s] -- Looking for pthread_create in pthread - found
[0.641s] -- Found Threads: TRUE  
[0.771s] -- Found ament_lint_auto: 0.9.6 (/opt/ros/foxy/share/ament_lint_auto/cmake)
[0.822s] -- Added test 'copyright' to check source files copyright and LICENSE
[0.828s] -- Added test 'cppcheck' to perform static code analysis on C / C++ code
[0.829s] -- Configured cppcheck include dirs: 
[0.829s] -- Configured cppcheck exclude dirs and/or files: 
[0.835s] -- Added test 'cpplint' to check C / C++ code against the Google style
[0.835s] -- Configured cpplint exclude dirs and/or files: 
[0.836s] -- Added test 'flake8' to check Python code syntax and style conventions
[0.838s] -- Added test 'lint_cmake' to check CMake code style
[0.839s] -- Added test 'pep257' to check Python code against some of the style conventions in PEP 257
[0.845s] -- Added test 'uncrustify' to check C / C++ code style
[0.845s] -- Configured uncrustify additional arguments: 
[0.846s] -- Added test 'xmllint' to check XML markup files
[0.848s] -- Configuring done
[0.849s] -- Generating done
[0.851s] -- Build files have been written to: /home/kcg/copy/idan_ros2_ws/src/idan_control_example/build/idan_control_example
[0.870s] Invoked command in '/home/kcg/copy/idan_ros2_ws/src/idan_control_example/build/idan_control_example' returned '0': CMAKE_PREFIX_PATH=/opt/ros/foxy /usr/bin/cmake --build /home/kcg/copy/idan_ros2_ws/src/idan_control_example/build/idan_control_example -- -j8 -l8
[0.896s] Invoking command in '/home/kcg/copy/idan_ros2_ws/src/idan_control_example/build/idan_control_example': CMAKE_PREFIX_PATH=/opt/ros/foxy /usr/bin/cmake --install /home/kcg/copy/idan_ros2_ws/src/idan_control_example/build/idan_control_example
[0.902s] -- Install configuration: ""
[0.902s] -- Up-to-date: /home/kcg/copy/idan_ros2_ws/src/idan_control_example/install/idan_control_example/share/ament_index/resource_index/package_run_dependencies/idan_control_example
[0.902s] -- Installing: /home/kcg/copy/idan_ros2_ws/src/idan_control_example/install/idan_control_example/share/ament_index/resource_index/parent_prefix_path/idan_control_example
[0.902s] -- Up-to-date: /home/kcg/copy/idan_ros2_ws/src/idan_control_example/install/idan_control_example/share/idan_control_example/environment/ament_prefix_path.sh
[0.903s] -- Installing: /home/kcg/copy/idan_ros2_ws/src/idan_control_example/install/idan_control_example/share/idan_control_example/environment/ament_prefix_path.dsv
[0.903s] -- Up-to-date: /home/kcg/copy/idan_ros2_ws/src/idan_control_example/install/idan_control_example/share/idan_control_example/environment/path.sh
[0.903s] -- Installing: /home/kcg/copy/idan_ros2_ws/src/idan_control_example/install/idan_control_example/share/idan_control_example/environment/path.dsv
[0.903s] -- Up-to-date: /home/kcg/copy/idan_ros2_ws/src/idan_control_example/install/idan_control_example/share/idan_control_example/local_setup.bash
[0.903s] -- Up-to-date: /home/kcg/copy/idan_ros2_ws/src/idan_control_example/install/idan_control_example/share/idan_control_example/local_setup.sh
[0.903s] -- Up-to-date: /home/kcg/copy/idan_ros2_ws/src/idan_control_example/install/idan_control_example/share/idan_control_example/local_setup.zsh
[0.903s] -- Installing: /home/kcg/copy/idan_ros2_ws/src/idan_control_example/install/idan_control_example/share/idan_control_example/local_setup.dsv
[0.903s] -- Installing: /home/kcg/copy/idan_ros2_ws/src/idan_control_example/install/idan_control_example/share/idan_control_example/package.dsv
[0.903s] -- Up-to-date: /home/kcg/copy/idan_ros2_ws/src/idan_control_example/install/idan_control_example/share/ament_index/resource_index/packages/idan_control_example
[0.903s] -- Up-to-date: /home/kcg/copy/idan_ros2_ws/src/idan_control_example/install/idan_control_example/share/idan_control_example/cmake/idan_control_exampleConfig.cmake
[0.903s] -- Up-to-date: /home/kcg/copy/idan_ros2_ws/src/idan_control_example/install/idan_control_example/share/idan_control_example/cmake/idan_control_exampleConfig-version.cmake
[0.903s] -- Up-to-date: /home/kcg/copy/idan_ros2_ws/src/idan_control_example/install/idan_control_example/share/idan_control_example/package.xml
[0.905s] Invoked command in '/home/kcg/copy/idan_ros2_ws/src/idan_control_example/build/idan_control_example' returned '0': CMAKE_PREFIX_PATH=/opt/ros/foxy /usr/bin/cmake --install /home/kcg/copy/idan_ros2_ws/src/idan_control_example/build/idan_control_example
