[0.020s] Invoking command in '/home/shovals/Documents/Autonomous_kcg/follower_ws/build/additional_msgs': CMAKE_PREFIX_PATH=/opt/ros/foxy /usr/bin/cmake /home/shovals/Documents/Autonomous_kcg/follower_ws/src/msgs/additional_msgs -DCMAKE_INSTALL_PREFIX=/home/shovals/Documents/Autonomous_kcg/follower_ws/install/additional_msgs
[0.058s] -- The C compiler identification is GNU 9.4.0
[0.095s] -- The CXX compiler identification is GNU 9.4.0
[0.098s] -- Check for working C compiler: /usr/bin/cc
[0.146s] -- Check for working C compiler: /usr/bin/cc -- works
[0.147s] -- Detecting C compiler ABI info
[0.194s] -- Detecting C compiler ABI info - done
[0.202s] -- Detecting C compile features
[0.202s] -- Detecting C compile features - done
[0.203s] -- Check for working CXX compiler: /usr/bin/c++
[0.257s] -- Check for working CXX compiler: /usr/bin/c++ -- works
[0.258s] -- Detecting CXX compiler ABI info
[0.314s] -- Detecting CXX compiler ABI info - done
[0.322s] -- Detecting CXX compile features
[0.323s] -- Detecting CXX compile features - done
[0.324s] -- Found ament_cmake_auto: 0.9.9 (/opt/ros/foxy/share/ament_cmake_auto/cmake)
[0.341s] -- Found PythonInterp: /usr/bin/python3 (found suitable version "3.8.10", minimum required is "3") 
[0.341s] -- Using PYTHON_EXECUTABLE: /usr/bin/python3
[0.521s] -- Using all available rosidl_typesupport_c: rosidl_typesupport_fastrtps_c;rosidl_typesupport_introspection_c
[0.525s] -- Found rosidl_adapter: 1.2.1 (/opt/ros/foxy/share/rosidl_adapter/cmake)
[0.595s] -- Found OpenSSL: /usr/lib/x86_64-linux-gnu/libcrypto.so (found version "1.1.1f")  
[0.624s] -- Found FastRTPS: /opt/ros/foxy/include  
[0.677s] -- Using all available rosidl_typesupport_cpp: rosidl_typesupport_fastrtps_cpp;rosidl_typesupport_introspection_cpp
[0.741s] -- Found ament_cmake_cppcheck: 0.9.6 (/opt/ros/foxy/share/ament_cmake_cppcheck/cmake)
[0.742s] -- Found ament_cmake_cpplint: 0.9.6 (/opt/ros/foxy/share/ament_cmake_cpplint/cmake)
[0.743s] -- Found ament_cmake_uncrustify: 0.9.6 (/opt/ros/foxy/share/ament_cmake_uncrustify/cmake)
[0.745s] -- Found ament_cmake_ros: 0.9.2 (/opt/ros/foxy/share/ament_cmake_ros/cmake)
[0.869s] -- Using all available rosidl_typesupport_c: rosidl_typesupport_fastrtps_c;rosidl_typesupport_introspection_c
[0.914s] -- Using all available rosidl_typesupport_cpp: rosidl_typesupport_fastrtps_cpp;rosidl_typesupport_introspection_cpp
[0.933s] -- Found PythonInterp: /usr/bin/python3 (found suitable version "3.8.10", minimum required is "3.5") 
[0.934s] -- Found python_cmake_module: 0.8.1 (/opt/ros/foxy/share/python_cmake_module/cmake)
[0.954s] -- Found PythonLibs: /usr/lib/x86_64-linux-gnu/libpython3.8.so (found suitable version "3.8.10", minimum required is "3.5") 
[0.954s] -- Using PYTHON_EXECUTABLE: /usr/bin/python3
[0.954s] -- Using PYTHON_INCLUDE_DIRS: /usr/include/python3.8
[0.954s] -- Using PYTHON_LIBRARIES: /usr/lib/x86_64-linux-gnu/libpython3.8.so
[0.969s] -- Found PythonExtra: .so  
[1.012s] -- Found ament_cmake_flake8: 0.9.6 (/opt/ros/foxy/share/ament_cmake_flake8/cmake)
[1.013s] -- Found ament_cmake_pep257: 0.9.6 (/opt/ros/foxy/share/ament_cmake_pep257/cmake)
[1.014s] -- Found ament_lint_auto: 0.9.6 (/opt/ros/foxy/share/ament_lint_auto/cmake)
[1.023s] -- Added test 'copyright' to check source files copyright and LICENSE
[1.023s] -- Added test 'lint_cmake' to check CMake code style
[1.024s] -- Added test 'xmllint' to check XML markup files
[1.027s] -- Configuring done
[1.060s] -- Generating done
[1.062s] -- Build files have been written to: /home/shovals/Documents/Autonomous_kcg/follower_ws/build/additional_msgs
[1.069s] Invoked command in '/home/shovals/Documents/Autonomous_kcg/follower_ws/build/additional_msgs' returned '0': CMAKE_PREFIX_PATH=/opt/ros/foxy /usr/bin/cmake /home/shovals/Documents/Autonomous_kcg/follower_ws/src/msgs/additional_msgs -DCMAKE_INSTALL_PREFIX=/home/shovals/Documents/Autonomous_kcg/follower_ws/install/additional_msgs
[1.071s] Invoking command in '/home/shovals/Documents/Autonomous_kcg/follower_ws/build/additional_msgs': CMAKE_PREFIX_PATH=/opt/ros/foxy /usr/bin/cmake --build /home/shovals/Documents/Autonomous_kcg/follower_ws/build/additional_msgs -- -j16 -l16
[1.101s] [  3%] [34m[1mGenerating C code for ROS interfaces[0m
[1.101s] [35m[1mScanning dependencies of target additional_msgs__cpp[0m
[1.107s] [  6%] [34m[1mGenerating C++ code for ROS interfaces[0m
[1.290s] [35m[1mScanning dependencies of target additional_msgs__rosidl_generator_c[0m
[1.296s] [  6%] Built target additional_msgs__cpp
[1.300s] [  9%] [32mBuilding C object CMakeFiles/additional_msgs__rosidl_generator_c.dir/rosidl_generator_c/additional_msgs/msg/detail/can_packet__functions.c.o[0m
[1.303s] [ 12%] [34m[1mGenerating C++ type support for eProsima Fast-RTPS[0m
[1.303s] [ 16%] [34m[1mGenerating C++ introspection for ROS interfaces[0m
[1.305s] [ 19%] [34m[1mGenerating C++ type support dispatch for ROS interfaces[0m
[1.332s] [ 22%] [32m[1mLinking C shared library libadditional_msgs__rosidl_generator_c.so[0m
[1.365s] [ 22%] Built target additional_msgs__rosidl_generator_c
[1.372s] [ 25%] [34m[1mGenerating C introspection for ROS interfaces[0m
[1.373s] [ 29%] [34m[1mGenerating C type support dispatch for ROS interfaces[0m
[1.515s] [35m[1mScanning dependencies of target additional_msgs__rosidl_typesupport_introspection_cpp[0m
[1.529s] [ 32%] [32mBuilding CXX object CMakeFiles/additional_msgs__rosidl_typesupport_introspection_cpp.dir/rosidl_typesupport_introspection_cpp/additional_msgs/msg/detail/can_packet__type_support.cpp.o[0m
[1.602s] [35m[1mScanning dependencies of target additional_msgs__rosidl_typesupport_cpp[0m
[1.617s] [ 35%] [32mBuilding CXX object CMakeFiles/additional_msgs__rosidl_typesupport_cpp.dir/rosidl_typesupport_cpp/additional_msgs/msg/can_packet__type_support.cpp.o[0m
[1.617s] [35m[1mScanning dependencies of target additional_msgs__rosidl_typesupport_c[0m
[1.633s] [ 38%] [32mBuilding CXX object CMakeFiles/additional_msgs__rosidl_typesupport_c.dir/rosidl_typesupport_c/additional_msgs/msg/can_packet__type_support.cpp.o[0m
[1.633s] [35m[1mScanning dependencies of target additional_msgs__rosidl_typesupport_fastrtps_cpp[0m
[1.658s] [ 41%] [32mBuilding CXX object CMakeFiles/additional_msgs__rosidl_typesupport_fastrtps_cpp.dir/rosidl_typesupport_fastrtps_cpp/additional_msgs/msg/detail/dds_fastrtps/can_packet__type_support.cpp.o[0m
[1.668s] [ 45%] [32m[1mLinking CXX shared library libadditional_msgs__rosidl_typesupport_c.so[0m
[1.713s] [ 45%] Built target additional_msgs__rosidl_typesupport_c
[1.717s] [35m[1mScanning dependencies of target additional_msgs__rosidl_typesupport_introspection_c[0m
[1.735s] [ 48%] [32mBuilding C object CMakeFiles/additional_msgs__rosidl_typesupport_introspection_c.dir/rosidl_typesupport_introspection_c/additional_msgs/msg/detail/can_packet__type_support.c.o[0m
[1.770s] [ 51%] [32m[1mLinking C shared library libadditional_msgs__rosidl_typesupport_introspection_c.so[0m
[1.825s] [ 51%] Built target additional_msgs__rosidl_typesupport_introspection_c
[1.874s] [ 54%] [32m[1mLinking CXX shared library libadditional_msgs__rosidl_typesupport_introspection_cpp.so[0m
[1.941s] [ 58%] [32m[1mLinking CXX shared library libadditional_msgs__rosidl_typesupport_cpp.so[0m
[1.948s] [ 58%] Built target additional_msgs__rosidl_typesupport_introspection_cpp
[1.973s] [ 58%] Built target additional_msgs__rosidl_typesupport_cpp
[2.073s] [ 61%] [32m[1mLinking CXX shared library libadditional_msgs__rosidl_typesupport_fastrtps_cpp.so[0m
[2.173s] [ 61%] Built target additional_msgs__rosidl_typesupport_fastrtps_cpp
[2.184s] [ 64%] [34m[1mGenerating C type support for eProsima Fast-RTPS[0m
[2.524s] [35m[1mScanning dependencies of target additional_msgs__rosidl_typesupport_fastrtps_c[0m
[2.536s] [ 67%] [32mBuilding CXX object CMakeFiles/additional_msgs__rosidl_typesupport_fastrtps_c.dir/rosidl_typesupport_fastrtps_c/additional_msgs/msg/detail/can_packet__type_support_c.cpp.o[0m
[2.791s] [ 70%] [32m[1mLinking CXX shared library libadditional_msgs__rosidl_typesupport_fastrtps_c.so[0m
[2.865s] [ 70%] Built target additional_msgs__rosidl_typesupport_fastrtps_c
[2.873s] [35m[1mScanning dependencies of target additional_msgs[0m
[2.881s] [ 70%] Built target additional_msgs
[2.888s] [35m[1mScanning dependencies of target additional_msgs__py[0m
[2.895s] [ 74%] [34m[1mGenerating Python code for ROS interfaces[0m
[3.351s] [ 74%] Built target additional_msgs__py
[3.362s] [35m[1mScanning dependencies of target additional_msgs__python[0m
[3.403s] [ 77%] [32mBuilding C object CMakeFiles/additional_msgs__python.dir/rosidl_generator_py/additional_msgs/msg/_can_packet_s.c.o[0m
[3.514s] [ 80%] [32m[1mLinking C shared library rosidl_generator_py/additional_msgs/libadditional_msgs__python.so[0m
[3.565s] [ 80%] Built target additional_msgs__python
[3.575s] [35m[1mScanning dependencies of target additional_msgs__rosidl_typesupport_c__pyext[0m
[3.575s] [35m[1mScanning dependencies of target additional_msgs__rosidl_typesupport_fastrtps_c__pyext[0m
[3.575s] [35m[1mScanning dependencies of target additional_msgs__rosidl_typesupport_introspection_c__pyext[0m
[3.592s] [ 83%] [32mBuilding C object CMakeFiles/additional_msgs__rosidl_typesupport_introspection_c__pyext.dir/rosidl_generator_py/additional_msgs/_additional_msgs_s.ep.rosidl_typesupport_introspection_c.c.o[0m
[3.593s] [ 87%] [32mBuilding C object CMakeFiles/additional_msgs__rosidl_typesupport_c__pyext.dir/rosidl_generator_py/additional_msgs/_additional_msgs_s.ep.rosidl_typesupport_c.c.o[0m
[3.594s] [ 90%] [32mBuilding C object CMakeFiles/additional_msgs__rosidl_typesupport_fastrtps_c__pyext.dir/rosidl_generator_py/additional_msgs/_additional_msgs_s.ep.rosidl_typesupport_fastrtps_c.c.o[0m
[3.649s] [ 93%] [32m[1mLinking C shared library rosidl_generator_py/additional_msgs/additional_msgs_s__rosidl_typesupport_introspection_c.cpython-38-x86_64-linux-gnu.so[0m
[3.650s] [ 96%] [32m[1mLinking C shared library rosidl_generator_py/additional_msgs/additional_msgs_s__rosidl_typesupport_c.cpython-38-x86_64-linux-gnu.so[0m
[3.652s] [100%] [32m[1mLinking CXX shared library rosidl_generator_py/additional_msgs/additional_msgs_s__rosidl_typesupport_fastrtps_c.cpython-38-x86_64-linux-gnu.so[0m
[3.678s] [100%] Built target additional_msgs__rosidl_typesupport_introspection_c__pyext
[3.678s] [100%] Built target additional_msgs__rosidl_typesupport_c__pyext
[3.703s] [100%] Built target additional_msgs__rosidl_typesupport_fastrtps_c__pyext
[3.711s] Invoked command in '/home/shovals/Documents/Autonomous_kcg/follower_ws/build/additional_msgs' returned '0': CMAKE_PREFIX_PATH=/opt/ros/foxy /usr/bin/cmake --build /home/shovals/Documents/Autonomous_kcg/follower_ws/build/additional_msgs -- -j16 -l16
[3.757s] Invoking command in '/home/shovals/Documents/Autonomous_kcg/follower_ws/build/additional_msgs': CMAKE_PREFIX_PATH=/opt/ros/foxy /usr/bin/cmake --install /home/shovals/Documents/Autonomous_kcg/follower_ws/build/additional_msgs
[3.764s] -- Install configuration: ""
[3.764s] -- Installing: /home/shovals/Documents/Autonomous_kcg/follower_ws/install/additional_msgs/share/ament_index/resource_index/rosidl_interfaces/additional_msgs
[3.764s] -- Installing: /home/shovals/Documents/Autonomous_kcg/follower_ws/install/additional_msgs/include/additional_msgs
[3.764s] -- Installing: /home/shovals/Documents/Autonomous_kcg/follower_ws/install/additional_msgs/include/additional_msgs/msg
[3.764s] -- Installing: /home/shovals/Documents/Autonomous_kcg/follower_ws/install/additional_msgs/include/additional_msgs/msg/can_packet.h
[3.764s] -- Installing: /home/shovals/Documents/Autonomous_kcg/follower_ws/install/additional_msgs/include/additional_msgs/msg/rosidl_generator_c__visibility_control.h
[3.764s] -- Installing: /home/shovals/Documents/Autonomous_kcg/follower_ws/install/additional_msgs/include/additional_msgs/msg/detail
[3.765s] -- Installing: /home/shovals/Documents/Autonomous_kcg/follower_ws/install/additional_msgs/include/additional_msgs/msg/detail/can_packet__struct.h
[3.765s] -- Installing: /home/shovals/Documents/Autonomous_kcg/follower_ws/install/additional_msgs/include/additional_msgs/msg/detail/can_packet__functions.c
[3.765s] -- Installing: /home/shovals/Documents/Autonomous_kcg/follower_ws/install/additional_msgs/include/additional_msgs/msg/detail/can_packet__functions.h
[3.765s] -- Installing: /home/shovals/Documents/Autonomous_kcg/follower_ws/install/additional_msgs/include/additional_msgs/msg/detail/can_packet__type_support.h
[3.765s] -- Installing: /home/shovals/Documents/Autonomous_kcg/follower_ws/install/additional_msgs/share/additional_msgs/environment/library_path.sh
[3.765s] -- Installing: /home/shovals/Documents/Autonomous_kcg/follower_ws/install/additional_msgs/share/additional_msgs/environment/library_path.dsv
[3.765s] -- Installing: /home/shovals/Documents/Autonomous_kcg/follower_ws/install/additional_msgs/lib/libadditional_msgs__rosidl_generator_c.so
[3.765s] -- Set runtime path of "/home/shovals/Documents/Autonomous_kcg/follower_ws/install/additional_msgs/lib/libadditional_msgs__rosidl_generator_c.so" to ""
[3.765s] -- Up-to-date: /home/shovals/Documents/Autonomous_kcg/follower_ws/install/additional_msgs/include/additional_msgs
[3.765s] -- Up-to-date: /home/shovals/Documents/Autonomous_kcg/follower_ws/install/additional_msgs/include/additional_msgs/msg
[3.765s] -- Installing: /home/shovals/Documents/Autonomous_kcg/follower_ws/install/additional_msgs/include/additional_msgs/msg/rosidl_typesupport_fastrtps_c__visibility_control.h
[3.765s] -- Up-to-date: /home/shovals/Documents/Autonomous_kcg/follower_ws/install/additional_msgs/include/additional_msgs/msg/detail
[3.766s] -- Installing: /home/shovals/Documents/Autonomous_kcg/follower_ws/install/additional_msgs/include/additional_msgs/msg/detail/can_packet__rosidl_typesupport_fastrtps_c.h
[3.766s] -- Installing: /home/shovals/Documents/Autonomous_kcg/follower_ws/install/additional_msgs/lib/libadditional_msgs__rosidl_typesupport_fastrtps_c.so
[3.766s] -- Set runtime path of "/home/shovals/Documents/Autonomous_kcg/follower_ws/install/additional_msgs/lib/libadditional_msgs__rosidl_typesupport_fastrtps_c.so" to ""
[3.766s] -- Up-to-date: /home/shovals/Documents/Autonomous_kcg/follower_ws/install/additional_msgs/include/additional_msgs
[3.766s] -- Up-to-date: /home/shovals/Documents/Autonomous_kcg/follower_ws/install/additional_msgs/include/additional_msgs/msg
[3.766s] -- Installing: /home/shovals/Documents/Autonomous_kcg/follower_ws/install/additional_msgs/include/additional_msgs/msg/rosidl_typesupport_fastrtps_cpp__visibility_control.h
[3.766s] -- Up-to-date: /home/shovals/Documents/Autonomous_kcg/follower_ws/install/additional_msgs/include/additional_msgs/msg/detail
[3.766s] -- Installing: /home/shovals/Documents/Autonomous_kcg/follower_ws/install/additional_msgs/include/additional_msgs/msg/detail/can_packet__rosidl_typesupport_fastrtps_cpp.hpp
[3.766s] -- Installing: /home/shovals/Documents/Autonomous_kcg/follower_ws/install/additional_msgs/include/additional_msgs/msg/detail/dds_fastrtps
[3.766s] -- Installing: /home/shovals/Documents/Autonomous_kcg/follower_ws/install/additional_msgs/lib/libadditional_msgs__rosidl_typesupport_fastrtps_cpp.so
[3.766s] -- Set runtime path of "/home/shovals/Documents/Autonomous_kcg/follower_ws/install/additional_msgs/lib/libadditional_msgs__rosidl_typesupport_fastrtps_cpp.so" to ""
[3.767s] -- Up-to-date: /home/shovals/Documents/Autonomous_kcg/follower_ws/install/additional_msgs/include/additional_msgs
[3.767s] -- Up-to-date: /home/shovals/Documents/Autonomous_kcg/follower_ws/install/additional_msgs/include/additional_msgs/msg
[3.767s] -- Up-to-date: /home/shovals/Documents/Autonomous_kcg/follower_ws/install/additional_msgs/include/additional_msgs/msg/detail
[3.767s] -- Installing: /home/shovals/Documents/Autonomous_kcg/follower_ws/install/additional_msgs/include/additional_msgs/msg/detail/can_packet__type_support.c
[3.767s] -- Installing: /home/shovals/Documents/Autonomous_kcg/follower_ws/install/additional_msgs/include/additional_msgs/msg/detail/can_packet__rosidl_typesupport_introspection_c.h
[3.767s] -- Installing: /home/shovals/Documents/Autonomous_kcg/follower_ws/install/additional_msgs/include/additional_msgs/msg/rosidl_typesupport_introspection_c__visibility_control.h
[3.767s] -- Installing: /home/shovals/Documents/Autonomous_kcg/follower_ws/install/additional_msgs/lib/libadditional_msgs__rosidl_typesupport_introspection_c.so
[3.767s] -- Set runtime path of "/home/shovals/Documents/Autonomous_kcg/follower_ws/install/additional_msgs/lib/libadditional_msgs__rosidl_typesupport_introspection_c.so" to ""
[3.767s] -- Installing: /home/shovals/Documents/Autonomous_kcg/follower_ws/install/additional_msgs/lib/libadditional_msgs__rosidl_typesupport_c.so
[3.767s] -- Set runtime path of "/home/shovals/Documents/Autonomous_kcg/follower_ws/install/additional_msgs/lib/libadditional_msgs__rosidl_typesupport_c.so" to ""
[3.767s] -- Up-to-date: /home/shovals/Documents/Autonomous_kcg/follower_ws/install/additional_msgs/include/additional_msgs
[3.767s] -- Up-to-date: /home/shovals/Documents/Autonomous_kcg/follower_ws/install/additional_msgs/include/additional_msgs/msg
[3.767s] -- Up-to-date: /home/shovals/Documents/Autonomous_kcg/follower_ws/install/additional_msgs/include/additional_msgs/msg/detail
[3.767s] -- Installing: /home/shovals/Documents/Autonomous_kcg/follower_ws/install/additional_msgs/include/additional_msgs/msg/detail/can_packet__builder.hpp
[3.767s] -- Installing: /home/shovals/Documents/Autonomous_kcg/follower_ws/install/additional_msgs/include/additional_msgs/msg/detail/can_packet__struct.hpp
[3.767s] -- Installing: /home/shovals/Documents/Autonomous_kcg/follower_ws/install/additional_msgs/include/additional_msgs/msg/detail/can_packet__traits.hpp
[3.767s] -- Installing: /home/shovals/Documents/Autonomous_kcg/follower_ws/install/additional_msgs/include/additional_msgs/msg/can_packet.hpp
[3.767s] -- Up-to-date: /home/shovals/Documents/Autonomous_kcg/follower_ws/install/additional_msgs/include/additional_msgs
[3.768s] -- Up-to-date: /home/shovals/Documents/Autonomous_kcg/follower_ws/install/additional_msgs/include/additional_msgs/msg
[3.768s] -- Up-to-date: /home/shovals/Documents/Autonomous_kcg/follower_ws/install/additional_msgs/include/additional_msgs/msg/detail
[3.768s] -- Installing: /home/shovals/Documents/Autonomous_kcg/follower_ws/install/additional_msgs/include/additional_msgs/msg/detail/can_packet__type_support.cpp
[3.768s] -- Installing: /home/shovals/Documents/Autonomous_kcg/follower_ws/install/additional_msgs/include/additional_msgs/msg/detail/can_packet__rosidl_typesupport_introspection_cpp.hpp
[3.768s] -- Installing: /home/shovals/Documents/Autonomous_kcg/follower_ws/install/additional_msgs/lib/libadditional_msgs__rosidl_typesupport_introspection_cpp.so
[3.768s] -- Set runtime path of "/home/shovals/Documents/Autonomous_kcg/follower_ws/install/additional_msgs/lib/libadditional_msgs__rosidl_typesupport_introspection_cpp.so" to ""
[3.768s] -- Installing: /home/shovals/Documents/Autonomous_kcg/follower_ws/install/additional_msgs/lib/libadditional_msgs__rosidl_typesupport_cpp.so
[3.768s] -- Set runtime path of "/home/shovals/Documents/Autonomous_kcg/follower_ws/install/additional_msgs/lib/libadditional_msgs__rosidl_typesupport_cpp.so" to ""
[3.768s] -- Installing: /home/shovals/Documents/Autonomous_kcg/follower_ws/install/additional_msgs/share/additional_msgs/environment/pythonpath.sh
[3.768s] -- Installing: /home/shovals/Documents/Autonomous_kcg/follower_ws/install/additional_msgs/share/additional_msgs/environment/pythonpath.dsv
[3.768s] -- Installing: /home/shovals/Documents/Autonomous_kcg/follower_ws/install/additional_msgs/lib/python3.8/site-packages/additional_msgs/__init__.py
[3.790s] Compiling '/home/shovals/Documents/Autonomous_kcg/follower_ws/install/additional_msgs/lib/python3.8/site-packages/additional_msgs/__init__.py'...
[3.793s] -- Installing: /home/shovals/Documents/Autonomous_kcg/follower_ws/install/additional_msgs/lib/python3.8/site-packages/additional_msgs/msg
[3.793s] -- Installing: /home/shovals/Documents/Autonomous_kcg/follower_ws/install/additional_msgs/lib/python3.8/site-packages/additional_msgs/msg/__init__.py
[3.793s] -- Installing: /home/shovals/Documents/Autonomous_kcg/follower_ws/install/additional_msgs/lib/python3.8/site-packages/additional_msgs/msg/_can_packet.py
[3.794s] -- Installing: /home/shovals/Documents/Autonomous_kcg/follower_ws/install/additional_msgs/lib/python3.8/site-packages/additional_msgs/msg/_can_packet_s.c
[3.794s] -- Installing: /home/shovals/Documents/Autonomous_kcg/follower_ws/install/additional_msgs/lib/python3.8/site-packages/additional_msgs/additional_msgs_s__rosidl_typesupport_fastrtps_c.cpython-38-x86_64-linux-gnu.so
[3.794s] -- Set runtime path of "/home/shovals/Documents/Autonomous_kcg/follower_ws/install/additional_msgs/lib/python3.8/site-packages/additional_msgs/additional_msgs_s__rosidl_typesupport_fastrtps_c.cpython-38-x86_64-linux-gnu.so" to ""
[3.794s] -- Installing: /home/shovals/Documents/Autonomous_kcg/follower_ws/install/additional_msgs/lib/python3.8/site-packages/additional_msgs/additional_msgs_s__rosidl_typesupport_introspection_c.cpython-38-x86_64-linux-gnu.so
[3.794s] -- Set runtime path of "/home/shovals/Documents/Autonomous_kcg/follower_ws/install/additional_msgs/lib/python3.8/site-packages/additional_msgs/additional_msgs_s__rosidl_typesupport_introspection_c.cpython-38-x86_64-linux-gnu.so" to ""
[3.794s] -- Installing: /home/shovals/Documents/Autonomous_kcg/follower_ws/install/additional_msgs/lib/python3.8/site-packages/additional_msgs/additional_msgs_s__rosidl_typesupport_c.cpython-38-x86_64-linux-gnu.so
[3.795s] -- Set runtime path of "/home/shovals/Documents/Autonomous_kcg/follower_ws/install/additional_msgs/lib/python3.8/site-packages/additional_msgs/additional_msgs_s__rosidl_typesupport_c.cpython-38-x86_64-linux-gnu.so" to ""
[3.795s] -- Installing: /home/shovals/Documents/Autonomous_kcg/follower_ws/install/additional_msgs/lib/libadditional_msgs__python.so
[3.795s] -- Set runtime path of "/home/shovals/Documents/Autonomous_kcg/follower_ws/install/additional_msgs/lib/libadditional_msgs__python.so" to ""
[3.795s] -- Installing: /home/shovals/Documents/Autonomous_kcg/follower_ws/install/additional_msgs/share/additional_msgs/msg/CanPacket.idl
[3.795s] -- Installing: /home/shovals/Documents/Autonomous_kcg/follower_ws/install/additional_msgs/share/ament_index/resource_index/package_run_dependencies/additional_msgs
[3.796s] -- Installing: /home/shovals/Documents/Autonomous_kcg/follower_ws/install/additional_msgs/share/ament_index/resource_index/parent_prefix_path/additional_msgs
[3.796s] -- Installing: /home/shovals/Documents/Autonomous_kcg/follower_ws/install/additional_msgs/share/additional_msgs/environment/ament_prefix_path.sh
[3.796s] -- Installing: /home/shovals/Documents/Autonomous_kcg/follower_ws/install/additional_msgs/share/additional_msgs/environment/ament_prefix_path.dsv
[3.796s] -- Installing: /home/shovals/Documents/Autonomous_kcg/follower_ws/install/additional_msgs/share/additional_msgs/environment/path.sh
[3.796s] -- Installing: /home/shovals/Documents/Autonomous_kcg/follower_ws/install/additional_msgs/share/additional_msgs/environment/path.dsv
[3.796s] -- Installing: /home/shovals/Documents/Autonomous_kcg/follower_ws/install/additional_msgs/share/additional_msgs/local_setup.bash
[3.796s] -- Installing: /home/shovals/Documents/Autonomous_kcg/follower_ws/install/additional_msgs/share/additional_msgs/local_setup.sh
[3.796s] -- Installing: /home/shovals/Documents/Autonomous_kcg/follower_ws/install/additional_msgs/share/additional_msgs/local_setup.zsh
[3.796s] -- Installing: /home/shovals/Documents/Autonomous_kcg/follower_ws/install/additional_msgs/share/additional_msgs/local_setup.dsv
[3.796s] -- Installing: /home/shovals/Documents/Autonomous_kcg/follower_ws/install/additional_msgs/share/additional_msgs/package.dsv
[3.797s] -- Installing: /home/shovals/Documents/Autonomous_kcg/follower_ws/install/additional_msgs/share/ament_index/resource_index/packages/additional_msgs
[3.797s] -- Installing: /home/shovals/Documents/Autonomous_kcg/follower_ws/install/additional_msgs/share/additional_msgs/cmake/additional_msgs__rosidl_generator_cExport.cmake
[3.797s] -- Installing: /home/shovals/Documents/Autonomous_kcg/follower_ws/install/additional_msgs/share/additional_msgs/cmake/additional_msgs__rosidl_generator_cExport-noconfig.cmake
[3.797s] -- Installing: /home/shovals/Documents/Autonomous_kcg/follower_ws/install/additional_msgs/share/additional_msgs/cmake/additional_msgs__rosidl_typesupport_introspection_cExport.cmake
[3.798s] -- Installing: /home/shovals/Documents/Autonomous_kcg/follower_ws/install/additional_msgs/share/additional_msgs/cmake/additional_msgs__rosidl_typesupport_introspection_cExport-noconfig.cmake
[3.798s] -- Installing: /home/shovals/Documents/Autonomous_kcg/follower_ws/install/additional_msgs/share/additional_msgs/cmake/additional_msgs__rosidl_typesupport_cExport.cmake
[3.798s] -- Installing: /home/shovals/Documents/Autonomous_kcg/follower_ws/install/additional_msgs/share/additional_msgs/cmake/additional_msgs__rosidl_typesupport_cExport-noconfig.cmake
[3.798s] -- Installing: /home/shovals/Documents/Autonomous_kcg/follower_ws/install/additional_msgs/share/additional_msgs/cmake/additional_msgs__rosidl_generator_cppExport.cmake
[3.798s] -- Installing: /home/shovals/Documents/Autonomous_kcg/follower_ws/install/additional_msgs/share/additional_msgs/cmake/additional_msgs__rosidl_typesupport_introspection_cppExport.cmake
[3.798s] -- Installing: /home/shovals/Documents/Autonomous_kcg/follower_ws/install/additional_msgs/share/additional_msgs/cmake/additional_msgs__rosidl_typesupport_introspection_cppExport-noconfig.cmake
[3.798s] -- Installing: /home/shovals/Documents/Autonomous_kcg/follower_ws/install/additional_msgs/share/additional_msgs/cmake/additional_msgs__rosidl_typesupport_cppExport.cmake
[3.799s] -- Installing: /home/shovals/Documents/Autonomous_kcg/follower_ws/install/additional_msgs/share/additional_msgs/cmake/additional_msgs__rosidl_typesupport_cppExport-noconfig.cmake
[3.799s] -- Installing: /home/shovals/Documents/Autonomous_kcg/follower_ws/install/additional_msgs/share/additional_msgs/cmake/rosidl_cmake-extras.cmake
[3.799s] -- Installing: /home/shovals/Documents/Autonomous_kcg/follower_ws/install/additional_msgs/share/additional_msgs/cmake/ament_cmake_export_dependencies-extras.cmake
[3.799s] -- Installing: /home/shovals/Documents/Autonomous_kcg/follower_ws/install/additional_msgs/share/additional_msgs/cmake/ament_cmake_export_libraries-extras.cmake
[3.799s] -- Installing: /home/shovals/Documents/Autonomous_kcg/follower_ws/install/additional_msgs/share/additional_msgs/cmake/ament_cmake_export_targets-extras.cmake
[3.799s] -- Installing: /home/shovals/Documents/Autonomous_kcg/follower_ws/install/additional_msgs/share/additional_msgs/cmake/ament_cmake_export_include_directories-extras.cmake
[3.799s] -- Installing: /home/shovals/Documents/Autonomous_kcg/follower_ws/install/additional_msgs/share/additional_msgs/cmake/rosidl_cmake_export_typesupport_libraries-extras.cmake
[3.799s] -- Installing: /home/shovals/Documents/Autonomous_kcg/follower_ws/install/additional_msgs/share/additional_msgs/cmake/rosidl_cmake_export_typesupport_targets-extras.cmake
[3.799s] -- Installing: /home/shovals/Documents/Autonomous_kcg/follower_ws/install/additional_msgs/share/additional_msgs/cmake/additional_msgsConfig.cmake
[3.799s] -- Installing: /home/shovals/Documents/Autonomous_kcg/follower_ws/install/additional_msgs/share/additional_msgs/cmake/additional_msgsConfig-version.cmake
[3.799s] -- Installing: /home/shovals/Documents/Autonomous_kcg/follower_ws/install/additional_msgs/share/additional_msgs/package.xml
[3.802s] Invoked command in '/home/shovals/Documents/Autonomous_kcg/follower_ws/build/additional_msgs' returned '0': CMAKE_PREFIX_PATH=/opt/ros/foxy /usr/bin/cmake --install /home/shovals/Documents/Autonomous_kcg/follower_ws/build/additional_msgs
