[0.009s] Invoking command in '/home/kcg/copy/ROS2Sample/build/cognata_sdk_ros2': CMAKE_PREFIX_PATH=${CMAKE_PREFIX_PATH}:/home/kcg/copy/ROS2Sample/install/python_publisher:/opt/ros/foxy /usr/bin/cmake /home/kcg/copy/ROS2Sample/src/cognata_sdk_ros2 -DCMAKE_INSTALL_PREFIX=/home/kcg/copy/ROS2Sample/install/cognata_sdk_ros2
[0.041s] -- The C compiler identification is GNU 9.4.0
[0.071s] -- The CXX compiler identification is GNU 9.4.0
[0.074s] -- Check for working C compiler: /usr/bin/cc
[0.112s] -- Check for working C compiler: /usr/bin/cc -- works
[0.113s] -- Detecting C compiler ABI info
[0.152s] -- Detecting C compiler ABI info - done
[0.160s] -- Detecting C compile features
[0.160s] -- Detecting C compile features - done
[0.162s] -- Check for working CXX compiler: /usr/bin/c++
[0.208s] -- Check for working CXX compiler: /usr/bin/c++ -- works
[0.209s] -- Detecting CXX compiler ABI info
[0.255s] -- Detecting CXX compiler ABI info - done
[0.262s] -- Detecting CXX compile features
[0.263s] -- Detecting CXX compile features - done
[0.264s] -- Found ament_cmake: 0.9.9 (/opt/ros/foxy/share/ament_cmake/cmake)
[0.278s] -- Found PythonInterp: /usr/bin/python3 (found suitable version "3.8.10", minimum required is "3") 
[0.278s] -- Using PYTHON_EXECUTABLE: /usr/bin/python3
[0.396s] -- Found rclcpp: 2.4.1 (/opt/ros/foxy/share/rclcpp/cmake)
[0.420s] -- Using all available rosidl_typesupport_c: rosidl_typesupport_fastrtps_c;rosidl_typesupport_introspection_c
[0.424s] -- Found rosidl_adapter: 1.2.1 (/opt/ros/foxy/share/rosidl_adapter/cmake)
[0.461s] -- Found OpenSSL: /usr/lib/x86_64-linux-gnu/libcrypto.so (found version "1.1.1f")  
[0.477s] -- Found FastRTPS: /opt/ros/foxy/include  
[0.520s] -- Using all available rosidl_typesupport_cpp: rosidl_typesupport_fastrtps_cpp;rosidl_typesupport_introspection_cpp
[0.554s] -- Found rmw_implementation_cmake: 1.0.3 (/opt/ros/foxy/share/rmw_implementation_cmake/cmake)
[0.555s] -- Using RMW implementation 'rmw_fastrtps_cpp' as default
[0.555s] -- Looking for pthread.h
[0.595s] -- Looking for pthread.h - found
[0.596s] -- Performing Test CMAKE_HAVE_LIBC_PTHREAD
[0.636s] -- Performing Test CMAKE_HAVE_LIBC_PTHREAD - Failed
[0.636s] -- Looking for pthread_create in pthreads
[0.668s] -- Looking for pthread_create in pthreads - not found
[0.668s] -- Looking for pthread_create in pthread
[0.707s] -- Looking for pthread_create in pthread - found
[0.707s] -- Found Threads: TRUE  
[0.806s] -- Found sensor_msgs: 2.0.5 (/opt/ros/foxy/share/sensor_msgs/cmake)
[0.881s] -- Found common_interfaces: 2.0.5 (/opt/ros/foxy/share/common_interfaces/cmake)
[0.882s] -- Found nav_msgs: 2.0.5 (/opt/ros/foxy/share/nav_msgs/cmake)
[0.926s] -- Found rosidl_default_generators: 1.0.1 (/opt/ros/foxy/share/rosidl_default_generators/cmake)
[0.948s] -- Found PythonInterp: /usr/bin/python3 (found version "3.8.10") 
[1.097s] -- Found ament_cmake_ros: 0.9.2 (/opt/ros/foxy/share/ament_cmake_ros/cmake)
[1.246s] -- Using all available rosidl_typesupport_c: rosidl_typesupport_fastrtps_c;rosidl_typesupport_introspection_c
[1.319s] -- Using all available rosidl_typesupport_cpp: rosidl_typesupport_fastrtps_cpp;rosidl_typesupport_introspection_cpp
[1.335s] -- Found PythonInterp: /usr/bin/python3 (found suitable version "3.8.10", minimum required is "3.5") 
[1.336s] -- Found python_cmake_module: 0.8.1 (/opt/ros/foxy/share/python_cmake_module/cmake)
[1.351s] -- Found PythonLibs: /usr/lib/x86_64-linux-gnu/libpython3.8.so (found suitable version "3.8.10", minimum required is "3.5") 
[1.351s] -- Using PYTHON_EXECUTABLE: /usr/bin/python3
[1.351s] -- Using PYTHON_INCLUDE_DIRS: /usr/include/python3.8
[1.351s] -- Using PYTHON_LIBRARIES: /usr/lib/x86_64-linux-gnu/libpython3.8.so
[1.363s] -- Found PythonExtra: .so  
[1.419s] -- Configuring done
[1.471s] -- Generating done
[1.473s] -- Build files have been written to: /home/kcg/copy/ROS2Sample/build/cognata_sdk_ros2
[1.480s] Invoked command in '/home/kcg/copy/ROS2Sample/build/cognata_sdk_ros2' returned '0': CMAKE_PREFIX_PATH=${CMAKE_PREFIX_PATH}:/home/kcg/copy/ROS2Sample/install/python_publisher:/opt/ros/foxy /usr/bin/cmake /home/kcg/copy/ROS2Sample/src/cognata_sdk_ros2 -DCMAKE_INSTALL_PREFIX=/home/kcg/copy/ROS2Sample/install/cognata_sdk_ros2
[1.480s] Invoking command in '/home/kcg/copy/ROS2Sample/build/cognata_sdk_ros2': CMAKE_PREFIX_PATH=${CMAKE_PREFIX_PATH}:/home/kcg/copy/ROS2Sample/install/python_publisher:/opt/ros/foxy /usr/bin/cmake --build /home/kcg/copy/ROS2Sample/build/cognata_sdk_ros2 -- -j20 -l20
[1.506s] [35m[1mScanning dependencies of target cognata_sdk_ros2__cpp[0m
[1.506s] [  1%] [34m[1mGenerating C code for ROS interfaces[0m
[1.512s] [  2%] [34m[1mGenerating C++ code for ROS interfaces[0m
[2.040s] [35m[1mScanning dependencies of target cognata_sdk_ros2__rosidl_generator_c[0m
[2.053s] [  2%] Built target cognata_sdk_ros2__cpp
[2.054s] [  3%] [32mBuilding C object CMakeFiles/cognata_sdk_ros2__rosidl_generator_c.dir/rosidl_generator_c/cognata_sdk_ros2/msg/detail/gps_additional_data__functions.c.o[0m
[2.054s] [  4%] [32mBuilding C object CMakeFiles/cognata_sdk_ros2__rosidl_generator_c.dir/rosidl_generator_c/cognata_sdk_ros2/msg/detail/object_description__functions.c.o[0m
[2.055s] [  5%] [32mBuilding C object CMakeFiles/cognata_sdk_ros2__rosidl_generator_c.dir/rosidl_generator_c/cognata_sdk_ros2/msg/detail/radar_output_header__functions.c.o[0m
[2.055s] [  5%] [32mBuilding C object CMakeFiles/cognata_sdk_ros2__rosidl_generator_c.dir/rosidl_generator_c/cognata_sdk_ros2/msg/detail/radar_output_target__functions.c.o[0m
[2.055s] [  6%] [32mBuilding C object CMakeFiles/cognata_sdk_ros2__rosidl_generator_c.dir/rosidl_generator_c/cognata_sdk_ros2/msg/detail/roi_and_dogt_output__functions.c.o[0m
[2.055s] [  8%] [32mBuilding C object CMakeFiles/cognata_sdk_ros2__rosidl_generator_c.dir/rosidl_generator_c/cognata_sdk_ros2/msg/detail/annotation_msg__functions.c.o[0m
[2.055s] [  8%] [32mBuilding C object CMakeFiles/cognata_sdk_ros2__rosidl_generator_c.dir/rosidl_generator_c/cognata_sdk_ros2/msg/detail/bounding_box_msg__functions.c.o[0m
[2.055s] [  8%] [32mBuilding C object CMakeFiles/cognata_sdk_ros2__rosidl_generator_c.dir/rosidl_generator_c/cognata_sdk_ros2/msg/detail/car_telemetries_msg__functions.c.o[0m
[2.056s] [  9%] [32mBuilding C object CMakeFiles/cognata_sdk_ros2__rosidl_generator_c.dir/rosidl_generator_c/cognata_sdk_ros2/msg/detail/pedestrian_msg__functions.c.o[0m
[2.057s] [ 10%] [32mBuilding C object CMakeFiles/cognata_sdk_ros2__rosidl_generator_c.dir/rosidl_generator_c/cognata_sdk_ros2/msg/detail/wheel_msg__functions.c.o[0m
[2.057s] [ 10%] [32mBuilding C object CMakeFiles/cognata_sdk_ros2__rosidl_generator_c.dir/rosidl_generator_c/cognata_sdk_ros2/msg/detail/vehicle_msg__functions.c.o[0m
[2.057s] [ 11%] [32mBuilding C object CMakeFiles/cognata_sdk_ros2__rosidl_generator_c.dir/rosidl_generator_c/cognata_sdk_ros2/msg/detail/wheel_telemetries__functions.c.o[0m
[2.057s] [ 12%] [32mBuilding C object CMakeFiles/cognata_sdk_ros2__rosidl_generator_c.dir/rosidl_generator_c/cognata_sdk_ros2/msg/detail/traffic_light_msg__functions.c.o[0m
[2.062s] [ 13%] [34m[1mGenerating C++ type support for eProsima Fast-RTPS[0m
[2.062s] [ 13%] [34m[1mGenerating C++ type support dispatch for ROS interfaces[0m
[2.063s] [ 14%] [34m[1mGenerating C++ introspection for ROS interfaces[0m
[2.116s] [ 15%] [32m[1mLinking C shared library libcognata_sdk_ros2__rosidl_generator_c.so[0m
[2.139s] [ 15%] Built target cognata_sdk_ros2__rosidl_generator_c
[2.145s] [ 17%] [34m[1mGenerating C type support dispatch for ROS interfaces[0m
[2.145s] [ 17%] [34m[1mGenerating C introspection for ROS interfaces[0m
[2.396s] [35m[1mScanning dependencies of target cognata_sdk_ros2__rosidl_typesupport_cpp[0m
[2.407s] [ 17%] [32mBuilding CXX object CMakeFiles/cognata_sdk_ros2__rosidl_typesupport_cpp.dir/rosidl_typesupport_cpp/cognata_sdk_ros2/msg/gps_additional_data__type_support.cpp.o[0m
[2.408s] [ 18%] [32mBuilding CXX object CMakeFiles/cognata_sdk_ros2__rosidl_typesupport_cpp.dir/rosidl_typesupport_cpp/cognata_sdk_ros2/msg/roi_and_dogt_output__type_support.cpp.o[0m
[2.408s] [ 20%] [32mBuilding CXX object CMakeFiles/cognata_sdk_ros2__rosidl_typesupport_cpp.dir/rosidl_typesupport_cpp/cognata_sdk_ros2/msg/bounding_box_msg__type_support.cpp.o[0m
[2.408s] [ 20%] [32mBuilding CXX object CMakeFiles/cognata_sdk_ros2__rosidl_typesupport_cpp.dir/rosidl_typesupport_cpp/cognata_sdk_ros2/msg/annotation_msg__type_support.cpp.o[0m
[2.408s] [ 21%] [32mBuilding CXX object CMakeFiles/cognata_sdk_ros2__rosidl_typesupport_cpp.dir/rosidl_typesupport_cpp/cognata_sdk_ros2/msg/car_telemetries_msg__type_support.cpp.o[0m
[2.408s] [ 22%] [32mBuilding CXX object CMakeFiles/cognata_sdk_ros2__rosidl_typesupport_cpp.dir/rosidl_typesupport_cpp/cognata_sdk_ros2/msg/object_description__type_support.cpp.o[0m
[2.409s] [ 23%] [32mBuilding CXX object CMakeFiles/cognata_sdk_ros2__rosidl_typesupport_cpp.dir/rosidl_typesupport_cpp/cognata_sdk_ros2/msg/pedestrian_msg__type_support.cpp.o[0m
[2.409s] [ 24%] [32mBuilding CXX object CMakeFiles/cognata_sdk_ros2__rosidl_typesupport_cpp.dir/rosidl_typesupport_cpp/cognata_sdk_ros2/msg/radar_output_header__type_support.cpp.o[0m
[2.409s] [ 24%] [32mBuilding CXX object CMakeFiles/cognata_sdk_ros2__rosidl_typesupport_cpp.dir/rosidl_typesupport_cpp/cognata_sdk_ros2/msg/radar_output_target__type_support.cpp.o[0m
[2.409s] [ 25%] [32mBuilding CXX object CMakeFiles/cognata_sdk_ros2__rosidl_typesupport_cpp.dir/rosidl_typesupport_cpp/cognata_sdk_ros2/msg/vehicle_msg__type_support.cpp.o[0m
[2.409s] [ 26%] [32mBuilding CXX object CMakeFiles/cognata_sdk_ros2__rosidl_typesupport_cpp.dir/rosidl_typesupport_cpp/cognata_sdk_ros2/msg/traffic_light_msg__type_support.cpp.o[0m
[2.410s] [ 27%] [32mBuilding CXX object CMakeFiles/cognata_sdk_ros2__rosidl_typesupport_cpp.dir/rosidl_typesupport_cpp/cognata_sdk_ros2/msg/wheel_msg__type_support.cpp.o[0m
[2.410s] [ 27%] [32mBuilding CXX object CMakeFiles/cognata_sdk_ros2__rosidl_typesupport_cpp.dir/rosidl_typesupport_cpp/cognata_sdk_ros2/msg/wheel_telemetries__type_support.cpp.o[0m
[2.551s] [35m[1mScanning dependencies of target cognata_sdk_ros2__rosidl_typesupport_c[0m
[2.569s] [ 30%] [32mBuilding CXX object CMakeFiles/cognata_sdk_ros2__rosidl_typesupport_c.dir/rosidl_typesupport_c/cognata_sdk_ros2/msg/bounding_box_msg__type_support.cpp.o[0m
[2.569s] [ 30%] [32mBuilding CXX object CMakeFiles/cognata_sdk_ros2__rosidl_typesupport_c.dir/rosidl_typesupport_c/cognata_sdk_ros2/msg/gps_additional_data__type_support.cpp.o[0m
[2.569s] [ 30%] [32mBuilding CXX object CMakeFiles/cognata_sdk_ros2__rosidl_typesupport_c.dir/rosidl_typesupport_c/cognata_sdk_ros2/msg/annotation_msg__type_support.cpp.o[0m
[2.569s] [ 30%] [32mBuilding CXX object CMakeFiles/cognata_sdk_ros2__rosidl_typesupport_c.dir/rosidl_typesupport_c/cognata_sdk_ros2/msg/car_telemetries_msg__type_support.cpp.o[0m
[2.600s] [ 32%] [32mBuilding CXX object CMakeFiles/cognata_sdk_ros2__rosidl_typesupport_c.dir/rosidl_typesupport_c/cognata_sdk_ros2/msg/radar_output_header__type_support.cpp.o[0m
[2.600s] [ 32%] [32mBuilding CXX object CMakeFiles/cognata_sdk_ros2__rosidl_typesupport_c.dir/rosidl_typesupport_c/cognata_sdk_ros2/msg/object_description__type_support.cpp.o[0m
[2.600s] [ 32%] [32mBuilding CXX object CMakeFiles/cognata_sdk_ros2__rosidl_typesupport_c.dir/rosidl_typesupport_c/cognata_sdk_ros2/msg/pedestrian_msg__type_support.cpp.o[0m
[2.601s] [ 33%] [32mBuilding CXX object CMakeFiles/cognata_sdk_ros2__rosidl_typesupport_c.dir/rosidl_typesupport_c/cognata_sdk_ros2/msg/radar_output_target__type_support.cpp.o[0m
[2.630s] [ 35%] [32mBuilding CXX object CMakeFiles/cognata_sdk_ros2__rosidl_typesupport_c.dir/rosidl_typesupport_c/cognata_sdk_ros2/msg/roi_and_dogt_output__type_support.cpp.o[0m
[2.630s] [ 35%] [32mBuilding CXX object CMakeFiles/cognata_sdk_ros2__rosidl_typesupport_c.dir/rosidl_typesupport_c/cognata_sdk_ros2/msg/traffic_light_msg__type_support.cpp.o[0m
[2.631s] [ 35%] [32mBuilding CXX object CMakeFiles/cognata_sdk_ros2__rosidl_typesupport_c.dir/rosidl_typesupport_c/cognata_sdk_ros2/msg/vehicle_msg__type_support.cpp.o[0m
[2.635s] [ 36%] [32mBuilding CXX object CMakeFiles/cognata_sdk_ros2__rosidl_typesupport_c.dir/rosidl_typesupport_c/cognata_sdk_ros2/msg/wheel_msg__type_support.cpp.o[0m
[2.646s] [ 36%] [32mBuilding CXX object CMakeFiles/cognata_sdk_ros2__rosidl_typesupport_c.dir/rosidl_typesupport_c/cognata_sdk_ros2/msg/wheel_telemetries__type_support.cpp.o[0m
[2.676s] [ 37%] [32m[1mLinking CXX shared library libcognata_sdk_ros2__rosidl_typesupport_c.so[0m
[2.698s] [35m[1mScanning dependencies of target cognata_sdk_ros2__rosidl_typesupport_introspection_cpp[0m
[2.704s] [35m[1mScanning dependencies of target cognata_sdk_ros2__rosidl_typesupport_fastrtps_cpp[0m
[2.713s] [ 38%] [32mBuilding CXX object CMakeFiles/cognata_sdk_ros2__rosidl_typesupport_introspection_cpp.dir/rosidl_typesupport_introspection_cpp/cognata_sdk_ros2/msg/detail/pedestrian_msg__type_support.cpp.o[0m
[2.713s] [ 40%] [32mBuilding CXX object CMakeFiles/cognata_sdk_ros2__rosidl_typesupport_introspection_cpp.dir/rosidl_typesupport_introspection_cpp/cognata_sdk_ros2/msg/detail/gps_additional_data__type_support.cpp.o[0m
[2.713s] [ 38%] [32mBuilding CXX object CMakeFiles/cognata_sdk_ros2__rosidl_typesupport_introspection_cpp.dir/rosidl_typesupport_introspection_cpp/cognata_sdk_ros2/msg/detail/object_description__type_support.cpp.o[0m
[2.713s] [ 41%] [32mBuilding CXX object CMakeFiles/cognata_sdk_ros2__rosidl_typesupport_introspection_cpp.dir/rosidl_typesupport_introspection_cpp/cognata_sdk_ros2/msg/detail/annotation_msg__type_support.cpp.o[0m
[2.714s] [ 42%] [32mBuilding CXX object CMakeFiles/cognata_sdk_ros2__rosidl_typesupport_introspection_cpp.dir/rosidl_typesupport_introspection_cpp/cognata_sdk_ros2/msg/detail/radar_output_header__type_support.cpp.o[0m
[2.714s] [ 39%] [32mBuilding CXX object CMakeFiles/cognata_sdk_ros2__rosidl_typesupport_introspection_cpp.dir/rosidl_typesupport_introspection_cpp/cognata_sdk_ros2/msg/detail/car_telemetries_msg__type_support.cpp.o[0m
[2.714s] [ 42%] [32mBuilding CXX object CMakeFiles/cognata_sdk_ros2__rosidl_typesupport_introspection_cpp.dir/rosidl_typesupport_introspection_cpp/cognata_sdk_ros2/msg/detail/bounding_box_msg__type_support.cpp.o[0m
[2.717s] [ 42%] Built target cognata_sdk_ros2__rosidl_typesupport_c
[2.721s] [ 43%] [32mBuilding CXX object CMakeFiles/cognata_sdk_ros2__rosidl_typesupport_introspection_cpp.dir/rosidl_typesupport_introspection_cpp/cognata_sdk_ros2/msg/detail/radar_output_target__type_support.cpp.o[0m
[2.724s] [ 44%] [32mBuilding CXX object CMakeFiles/cognata_sdk_ros2__rosidl_typesupport_introspection_cpp.dir/rosidl_typesupport_introspection_cpp/cognata_sdk_ros2/msg/detail/roi_and_dogt_output__type_support.cpp.o[0m
[2.725s] [ 45%] [32mBuilding CXX object CMakeFiles/cognata_sdk_ros2__rosidl_typesupport_introspection_cpp.dir/rosidl_typesupport_introspection_cpp/cognata_sdk_ros2/msg/detail/vehicle_msg__type_support.cpp.o[0m
[2.725s] [ 45%] [32mBuilding CXX object CMakeFiles/cognata_sdk_ros2__rosidl_typesupport_introspection_cpp.dir/rosidl_typesupport_introspection_cpp/cognata_sdk_ros2/msg/detail/traffic_light_msg__type_support.cpp.o[0m
[2.728s] [ 48%] [32mBuilding CXX object CMakeFiles/cognata_sdk_ros2__rosidl_typesupport_introspection_cpp.dir/rosidl_typesupport_introspection_cpp/cognata_sdk_ros2/msg/detail/wheel_telemetries__type_support.cpp.o[0m
[2.728s] [ 48%] [32mBuilding CXX object CMakeFiles/cognata_sdk_ros2__rosidl_typesupport_fastrtps_cpp.dir/rosidl_typesupport_fastrtps_cpp/cognata_sdk_ros2/msg/detail/dds_fastrtps/bounding_box_msg__type_support.cpp.o[0m
[2.729s] [ 48%] [32mBuilding CXX object CMakeFiles/cognata_sdk_ros2__rosidl_typesupport_introspection_cpp.dir/rosidl_typesupport_introspection_cpp/cognata_sdk_ros2/msg/detail/wheel_msg__type_support.cpp.o[0m
[2.730s] [ 49%] [32mBuilding CXX object CMakeFiles/cognata_sdk_ros2__rosidl_typesupport_fastrtps_cpp.dir/rosidl_typesupport_fastrtps_cpp/cognata_sdk_ros2/msg/detail/dds_fastrtps/car_telemetries_msg__type_support.cpp.o[0m
[2.731s] [ 49%] [32mBuilding CXX object CMakeFiles/cognata_sdk_ros2__rosidl_typesupport_fastrtps_cpp.dir/rosidl_typesupport_fastrtps_cpp/cognata_sdk_ros2/msg/detail/dds_fastrtps/annotation_msg__type_support.cpp.o[0m
[2.731s] [ 49%] [32mBuilding CXX object CMakeFiles/cognata_sdk_ros2__rosidl_typesupport_fastrtps_cpp.dir/rosidl_typesupport_fastrtps_cpp/cognata_sdk_ros2/msg/detail/dds_fastrtps/object_description__type_support.cpp.o[0m
[2.731s] [ 50%] [32mBuilding CXX object CMakeFiles/cognata_sdk_ros2__rosidl_typesupport_fastrtps_cpp.dir/rosidl_typesupport_fastrtps_cpp/cognata_sdk_ros2/msg/detail/dds_fastrtps/gps_additional_data__type_support.cpp.o[0m
[2.734s] [ 51%] [32m[1mLinking CXX shared library libcognata_sdk_ros2__rosidl_typesupport_cpp.so[0m
[2.778s] [ 51%] Built target cognata_sdk_ros2__rosidl_typesupport_cpp
[2.787s] [ 52%] [32mBuilding CXX object CMakeFiles/cognata_sdk_ros2__rosidl_typesupport_fastrtps_cpp.dir/rosidl_typesupport_fastrtps_cpp/cognata_sdk_ros2/msg/detail/dds_fastrtps/pedestrian_msg__type_support.cpp.o[0m
[2.955s] [35m[1mScanning dependencies of target cognata_sdk_ros2__rosidl_typesupport_introspection_c[0m
[3.007s] [ 53%] [32mBuilding C object CMakeFiles/cognata_sdk_ros2__rosidl_typesupport_introspection_c.dir/rosidl_typesupport_introspection_c/cognata_sdk_ros2/msg/detail/annotation_msg__type_support.c.o[0m
[3.036s] [ 54%] [32mBuilding C object CMakeFiles/cognata_sdk_ros2__rosidl_typesupport_introspection_c.dir/rosidl_typesupport_introspection_c/cognata_sdk_ros2/msg/detail/bounding_box_msg__type_support.c.o[0m
[3.038s] [ 54%] [32mBuilding C object CMakeFiles/cognata_sdk_ros2__rosidl_typesupport_introspection_c.dir/rosidl_typesupport_introspection_c/cognata_sdk_ros2/msg/detail/car_telemetries_msg__type_support.c.o[0m
[3.042s] [ 55%] [32mBuilding C object CMakeFiles/cognata_sdk_ros2__rosidl_typesupport_introspection_c.dir/rosidl_typesupport_introspection_c/cognata_sdk_ros2/msg/detail/gps_additional_data__type_support.c.o[0m
[3.048s] [ 56%] [32mBuilding CXX object CMakeFiles/cognata_sdk_ros2__rosidl_typesupport_fastrtps_cpp.dir/rosidl_typesupport_fastrtps_cpp/cognata_sdk_ros2/msg/detail/dds_fastrtps/radar_output_header__type_support.cpp.o[0m
[3.062s] [ 58%] [32mBuilding CXX object CMakeFiles/cognata_sdk_ros2__rosidl_typesupport_fastrtps_cpp.dir/rosidl_typesupport_fastrtps_cpp/cognata_sdk_ros2/msg/detail/dds_fastrtps/radar_output_target__type_support.cpp.o[0m
[3.063s] [ 58%] [32mBuilding C object CMakeFiles/cognata_sdk_ros2__rosidl_typesupport_introspection_c.dir/rosidl_typesupport_introspection_c/cognata_sdk_ros2/msg/detail/object_description__type_support.c.o[0m
[3.068s] [ 59%] [32mBuilding C object CMakeFiles/cognata_sdk_ros2__rosidl_typesupport_introspection_c.dir/rosidl_typesupport_introspection_c/cognata_sdk_ros2/msg/detail/pedestrian_msg__type_support.c.o[0m
[3.069s] [ 59%] [32mBuilding C object CMakeFiles/cognata_sdk_ros2__rosidl_typesupport_introspection_c.dir/rosidl_typesupport_introspection_c/cognata_sdk_ros2/msg/detail/radar_output_header__type_support.c.o[0m
[3.073s] [ 60%] [32mBuilding CXX object CMakeFiles/cognata_sdk_ros2__rosidl_typesupport_fastrtps_cpp.dir/rosidl_typesupport_fastrtps_cpp/cognata_sdk_ros2/msg/detail/dds_fastrtps/roi_and_dogt_output__type_support.cpp.o[0m
[3.073s] [ 60%] [32mBuilding CXX object CMakeFiles/cognata_sdk_ros2__rosidl_typesupport_fastrtps_cpp.dir/rosidl_typesupport_fastrtps_cpp/cognata_sdk_ros2/msg/detail/dds_fastrtps/traffic_light_msg__type_support.cpp.o[0m
[3.077s] [ 61%] [32mBuilding CXX object CMakeFiles/cognata_sdk_ros2__rosidl_typesupport_fastrtps_cpp.dir/rosidl_typesupport_fastrtps_cpp/cognata_sdk_ros2/msg/detail/dds_fastrtps/vehicle_msg__type_support.cpp.o[0m
[3.086s] [ 62%] [32mBuilding C object CMakeFiles/cognata_sdk_ros2__rosidl_typesupport_introspection_c.dir/rosidl_typesupport_introspection_c/cognata_sdk_ros2/msg/detail/radar_output_target__type_support.c.o[0m
[3.095s] [ 63%] [32mBuilding C object CMakeFiles/cognata_sdk_ros2__rosidl_typesupport_introspection_c.dir/rosidl_typesupport_introspection_c/cognata_sdk_ros2/msg/detail/roi_and_dogt_output__type_support.c.o[0m
[3.097s] [ 64%] [32mBuilding CXX object CMakeFiles/cognata_sdk_ros2__rosidl_typesupport_fastrtps_cpp.dir/rosidl_typesupport_fastrtps_cpp/cognata_sdk_ros2/msg/detail/dds_fastrtps/wheel_telemetries__type_support.cpp.o[0m
[3.099s] [ 65%] [32mBuilding C object CMakeFiles/cognata_sdk_ros2__rosidl_typesupport_introspection_c.dir/rosidl_typesupport_introspection_c/cognata_sdk_ros2/msg/detail/traffic_light_msg__type_support.c.o[0m
[3.101s] [ 65%] [32mBuilding C object CMakeFiles/cognata_sdk_ros2__rosidl_typesupport_introspection_c.dir/rosidl_typesupport_introspection_c/cognata_sdk_ros2/msg/detail/vehicle_msg__type_support.c.o[0m
[3.103s] [ 66%] [32mBuilding CXX object CMakeFiles/cognata_sdk_ros2__rosidl_typesupport_fastrtps_cpp.dir/rosidl_typesupport_fastrtps_cpp/cognata_sdk_ros2/msg/detail/dds_fastrtps/wheel_msg__type_support.cpp.o[0m
[3.105s] [ 67%] [32mBuilding C object CMakeFiles/cognata_sdk_ros2__rosidl_typesupport_introspection_c.dir/rosidl_typesupport_introspection_c/cognata_sdk_ros2/msg/detail/wheel_msg__type_support.c.o[0m
[3.120s] [ 68%] [32mBuilding C object CMakeFiles/cognata_sdk_ros2__rosidl_typesupport_introspection_c.dir/rosidl_typesupport_introspection_c/cognata_sdk_ros2/msg/detail/wheel_telemetries__type_support.c.o[0m
[3.167s] [ 69%] [32m[1mLinking C shared library libcognata_sdk_ros2__rosidl_typesupport_introspection_c.so[0m
[3.194s] [ 69%] Built target cognata_sdk_ros2__rosidl_typesupport_introspection_c
[3.342s] [ 70%] [32m[1mLinking CXX shared library libcognata_sdk_ros2__rosidl_typesupport_introspection_cpp.so[0m
[3.404s] [ 70%] Built target cognata_sdk_ros2__rosidl_typesupport_introspection_cpp
[3.554s] [ 70%] [32m[1mLinking CXX shared library libcognata_sdk_ros2__rosidl_typesupport_fastrtps_cpp.so[0m
[3.615s] [ 70%] Built target cognata_sdk_ros2__rosidl_typesupport_fastrtps_cpp
[3.620s] [ 71%] [34m[1mGenerating C type support for eProsima Fast-RTPS[0m
[4.086s] [35m[1mScanning dependencies of target cognata_sdk_ros2__rosidl_typesupport_fastrtps_c[0m
[4.104s] [ 74%] [32mBuilding CXX object CMakeFiles/cognata_sdk_ros2__rosidl_typesupport_fastrtps_c.dir/rosidl_typesupport_fastrtps_c/cognata_sdk_ros2/msg/detail/pedestrian_msg__type_support_c.cpp.o[0m
[4.104s] [ 74%] [32mBuilding CXX object CMakeFiles/cognata_sdk_ros2__rosidl_typesupport_fastrtps_c.dir/rosidl_typesupport_fastrtps_c/cognata_sdk_ros2/msg/detail/gps_additional_data__type_support_c.cpp.o[0m
[4.105s] [ 74%] [32mBuilding CXX object CMakeFiles/cognata_sdk_ros2__rosidl_typesupport_fastrtps_c.dir/rosidl_typesupport_fastrtps_c/cognata_sdk_ros2/msg/detail/radar_output_header__type_support_c.cpp.o[0m
[4.105s] [ 74%] [32mBuilding CXX object CMakeFiles/cognata_sdk_ros2__rosidl_typesupport_fastrtps_c.dir/rosidl_typesupport_fastrtps_c/cognata_sdk_ros2/msg/detail/object_description__type_support_c.cpp.o[0m
[4.105s] [ 75%] [32mBuilding CXX object CMakeFiles/cognata_sdk_ros2__rosidl_typesupport_fastrtps_c.dir/rosidl_typesupport_fastrtps_c/cognata_sdk_ros2/msg/detail/roi_and_dogt_output__type_support_c.cpp.o[0m
[4.105s] [ 76%] [32mBuilding CXX object CMakeFiles/cognata_sdk_ros2__rosidl_typesupport_fastrtps_c.dir/rosidl_typesupport_fastrtps_c/cognata_sdk_ros2/msg/detail/annotation_msg__type_support_c.cpp.o[0m
[4.105s] [ 76%] [32mBuilding CXX object CMakeFiles/cognata_sdk_ros2__rosidl_typesupport_fastrtps_c.dir/rosidl_typesupport_fastrtps_c/cognata_sdk_ros2/msg/detail/bounding_box_msg__type_support_c.cpp.o[0m
[4.105s] [ 77%] [32mBuilding CXX object CMakeFiles/cognata_sdk_ros2__rosidl_typesupport_fastrtps_c.dir/rosidl_typesupport_fastrtps_c/cognata_sdk_ros2/msg/detail/car_telemetries_msg__type_support_c.cpp.o[0m
[4.106s] [ 78%] [32mBuilding CXX object CMakeFiles/cognata_sdk_ros2__rosidl_typesupport_fastrtps_c.dir/rosidl_typesupport_fastrtps_c/cognata_sdk_ros2/msg/detail/radar_output_target__type_support_c.cpp.o[0m
[4.106s] [ 77%] [32mBuilding CXX object CMakeFiles/cognata_sdk_ros2__rosidl_typesupport_fastrtps_c.dir/rosidl_typesupport_fastrtps_c/cognata_sdk_ros2/msg/detail/traffic_light_msg__type_support_c.cpp.o[0m
[4.106s] [ 79%] [32mBuilding CXX object CMakeFiles/cognata_sdk_ros2__rosidl_typesupport_fastrtps_c.dir/rosidl_typesupport_fastrtps_c/cognata_sdk_ros2/msg/detail/vehicle_msg__type_support_c.cpp.o[0m
[4.106s] [ 80%] [32mBuilding CXX object CMakeFiles/cognata_sdk_ros2__rosidl_typesupport_fastrtps_c.dir/rosidl_typesupport_fastrtps_c/cognata_sdk_ros2/msg/detail/wheel_msg__type_support_c.cpp.o[0m
[4.106s] [ 81%] [32mBuilding CXX object CMakeFiles/cognata_sdk_ros2__rosidl_typesupport_fastrtps_c.dir/rosidl_typesupport_fastrtps_c/cognata_sdk_ros2/msg/detail/wheel_telemetries__type_support_c.cpp.o[0m
[4.481s] [ 81%] [32m[1mLinking CXX shared library libcognata_sdk_ros2__rosidl_typesupport_fastrtps_c.so[0m
[4.534s] [ 81%] Built target cognata_sdk_ros2__rosidl_typesupport_fastrtps_c
[4.540s] [35m[1mScanning dependencies of target cognata_sdk_ros2[0m
[4.545s] [ 81%] Built target cognata_sdk_ros2
[4.551s] [35m[1mScanning dependencies of target ROS2SDK[0m
[4.551s] [35m[1mScanning dependencies of target cognata_sdk_ros2__py[0m
[4.557s] [ 82%] [34m[1mGenerating Python code for ROS interfaces[0m
[4.606s] [ 82%] [32mBuilding CXX object CMakeFiles/ROS2SDK.dir/src/ros_utility_funcs.cpp.o[0m
[4.609s] [ 83%] [32mBuilding CXX object CMakeFiles/ROS2SDK.dir/src/ros2_sample.cpp.o[0m
[4.610s] [ 84%] [32mBuilding CXX object CMakeFiles/ROS2SDK.dir/src/sensors.cpp.o[0m
[4.610s] [ 85%] [32mBuilding CXX object CMakeFiles/ROS2SDK.dir/src/main.cpp.o[0m
[5.664s] [ 85%] Built target cognata_sdk_ros2__py
[5.670s] [35m[1mScanning dependencies of target cognata_sdk_ros2__python[0m
[5.700s] [ 86%] [32mBuilding C object CMakeFiles/cognata_sdk_ros2__python.dir/rosidl_generator_py/cognata_sdk_ros2/msg/_car_telemetries_msg_s.c.o[0m
[5.700s] [ 86%] [32mBuilding C object CMakeFiles/cognata_sdk_ros2__python.dir/rosidl_generator_py/cognata_sdk_ros2/msg/_bounding_box_msg_s.c.o[0m
[5.700s] [ 87%] [32mBuilding C object CMakeFiles/cognata_sdk_ros2__python.dir/rosidl_generator_py/cognata_sdk_ros2/msg/_annotation_msg_s.c.o[0m
[5.701s] [ 88%] [32mBuilding C object CMakeFiles/cognata_sdk_ros2__python.dir/rosidl_generator_py/cognata_sdk_ros2/msg/_gps_additional_data_s.c.o[0m
[5.701s] [ 89%] [32mBuilding C object CMakeFiles/cognata_sdk_ros2__python.dir/rosidl_generator_py/cognata_sdk_ros2/msg/_object_description_s.c.o[0m
[5.701s] [ 89%] [32mBuilding C object CMakeFiles/cognata_sdk_ros2__python.dir/rosidl_generator_py/cognata_sdk_ros2/msg/_pedestrian_msg_s.c.o[0m
[5.701s] [ 90%] [32mBuilding C object CMakeFiles/cognata_sdk_ros2__python.dir/rosidl_generator_py/cognata_sdk_ros2/msg/_radar_output_target_s.c.o[0m
[5.702s] [ 91%] [32mBuilding C object CMakeFiles/cognata_sdk_ros2__python.dir/rosidl_generator_py/cognata_sdk_ros2/msg/_radar_output_header_s.c.o[0m
[5.702s] [ 92%] [32mBuilding C object CMakeFiles/cognata_sdk_ros2__python.dir/rosidl_generator_py/cognata_sdk_ros2/msg/_roi_and_dogt_output_s.c.o[0m
[5.702s] [ 93%] [32mBuilding C object CMakeFiles/cognata_sdk_ros2__python.dir/rosidl_generator_py/cognata_sdk_ros2/msg/_vehicle_msg_s.c.o[0m
[5.702s] [ 93%] [32mBuilding C object CMakeFiles/cognata_sdk_ros2__python.dir/rosidl_generator_py/cognata_sdk_ros2/msg/_traffic_light_msg_s.c.o[0m
[5.702s] [ 94%] [32mBuilding C object CMakeFiles/cognata_sdk_ros2__python.dir/rosidl_generator_py/cognata_sdk_ros2/msg/_wheel_telemetries_s.c.o[0m
[5.702s] [ 95%] [32mBuilding C object CMakeFiles/cognata_sdk_ros2__python.dir/rosidl_generator_py/cognata_sdk_ros2/msg/_wheel_msg_s.c.o[0m
[5.808s] [ 95%] [32m[1mLinking C shared library rosidl_generator_py/cognata_sdk_ros2/libcognata_sdk_ros2__python.so[0m
[5.838s] [ 95%] Built target cognata_sdk_ros2__python
[5.845s] [35m[1mScanning dependencies of target cognata_sdk_ros2__rosidl_typesupport_c__pyext[0m
[5.845s] [35m[1mScanning dependencies of target cognata_sdk_ros2__rosidl_typesupport_introspection_c__pyext[0m
[5.845s] [35m[1mScanning dependencies of target cognata_sdk_ros2__rosidl_typesupport_fastrtps_c__pyext[0m
[5.858s] [ 97%] [32mBuilding C object CMakeFiles/cognata_sdk_ros2__rosidl_typesupport_introspection_c__pyext.dir/rosidl_generator_py/cognata_sdk_ros2/_cognata_sdk_ros2_s.ep.rosidl_typesupport_introspection_c.c.o[0m
[5.858s] [ 97%] [32mBuilding C object CMakeFiles/cognata_sdk_ros2__rosidl_typesupport_fastrtps_c__pyext.dir/rosidl_generator_py/cognata_sdk_ros2/_cognata_sdk_ros2_s.ep.rosidl_typesupport_fastrtps_c.c.o[0m
[5.858s] [ 97%] [32mBuilding C object CMakeFiles/cognata_sdk_ros2__rosidl_typesupport_c__pyext.dir/rosidl_generator_py/cognata_sdk_ros2/_cognata_sdk_ros2_s.ep.rosidl_typesupport_c.c.o[0m
[5.933s] [100%] [32m[1mLinking CXX shared library rosidl_generator_py/cognata_sdk_ros2/cognata_sdk_ros2_s__rosidl_typesupport_fastrtps_c.cpython-38-x86_64-linux-gnu.so[0m
[5.933s] [100%] [32m[1mLinking C shared library rosidl_generator_py/cognata_sdk_ros2/cognata_sdk_ros2_s__rosidl_typesupport_introspection_c.cpython-38-x86_64-linux-gnu.so[0m
[5.933s] [100%] [32m[1mLinking C shared library rosidl_generator_py/cognata_sdk_ros2/cognata_sdk_ros2_s__rosidl_typesupport_c.cpython-38-x86_64-linux-gnu.so[0m
[5.964s] [100%] Built target cognata_sdk_ros2__rosidl_typesupport_introspection_c__pyext
[5.964s] [100%] Built target cognata_sdk_ros2__rosidl_typesupport_c__pyext
[5.978s] [100%] Built target cognata_sdk_ros2__rosidl_typesupport_fastrtps_c__pyext
[6.679s] [01m[K/home/kcg/copy/ROS2Sample/src/cognata_sdk_ros2/src/ros2_sample.cpp:[m[K In member function ‘[01m[Kvoid SampleCode::initSimEngineCarDriver()[m[K’:
[6.679s] [01m[K/home/kcg/copy/ROS2Sample/src/cognata_sdk_ros2/src/ros2_sample.cpp:1095:88:[m[K [01;35m[Kwarning: [m[K‘[01m[KCognata::SDK::CognataErr Cognata::SDK::CognataSim::sendCarControlAccelerationCmd(uint32_t, float)[m[K’ is deprecated [[01;35m[K-Wdeprecated-declarations[m[K]
[6.679s]  1095 |         m_Err = m_Sim->sendCarControlAccelerationCmd(EgoCarNumber,m_SrvGas - m_SrvBrake[01;35m[K)[m[K;
[6.679s]       |                                                                                        [01;35m[K^[m[K
[6.679s] In file included from [01m[K/home/kcg/copy/ROS2Sample/src/cognata_sdk_ros2/src/ros2_sample.cpp:12[m[K:
[6.679s] [01m[K/home/kcg/copy/ROS2Sample/src/cognata_sdk_ros2/include/SDKIncludes/CognataSim.h:1612:16:[m[K [01;36m[Knote: [m[Kdeclared here
[6.679s]  1612 |     CognataErr [01;36m[KsendCarControlAccelerationCmd[m[K(uint32_t carID, float accelerationValue);
[6.679s]       |                [01;36m[K^~~~~~~~~~~~~~~~~~~~~~~~~~~~~[m[K
[6.701s] [01m[K/home/kcg/copy/ROS2Sample/src/cognata_sdk_ros2/src/ros2_sample.cpp:[m[K In member function ‘[01m[Kvoid SampleCode::carAccelerationCMDCallback(std_msgs::msg::Float32_<std::allocator<void> >::SharedPtr)[m[K’:
[6.701s] [01m[K/home/kcg/copy/ROS2Sample/src/cognata_sdk_ros2/src/ros2_sample.cpp:1521:80:[m[K [01;35m[Kwarning: [m[K‘[01m[KCognata::SDK::CognataErr Cognata::SDK::CognataSim::sendCarControlAccelerationCmd(uint32_t, float)[m[K’ is deprecated [[01;35m[K-Wdeprecated-declarations[m[K]
[6.701s]  1521 |     m_Err = m_Sim->sendCarControlAccelerationCmd(EgoCarNumber,m_SrvAcceleration[01;35m[K)[m[K;
[6.701s]       |                                                                                [01;35m[K^[m[K
[6.701s] In file included from [01m[K/home/kcg/copy/ROS2Sample/src/cognata_sdk_ros2/src/ros2_sample.cpp:12[m[K:
[6.701s] [01m[K/home/kcg/copy/ROS2Sample/src/cognata_sdk_ros2/include/SDKIncludes/CognataSim.h:1612:16:[m[K [01;36m[Knote: [m[Kdeclared here
[6.701s]  1612 |     CognataErr [01;36m[KsendCarControlAccelerationCmd[m[K(uint32_t carID, float accelerationValue);
[6.701s]       |                [01;36m[K^~~~~~~~~~~~~~~~~~~~~~~~~~~~~[m[K
[14.421s] [100%] [32m[1mLinking CXX executable ROS2SDK[0m
[14.992s] [100%] Built target ROS2SDK
[15.000s] Invoked command in '/home/kcg/copy/ROS2Sample/build/cognata_sdk_ros2' returned '0': CMAKE_PREFIX_PATH=${CMAKE_PREFIX_PATH}:/home/kcg/copy/ROS2Sample/install/python_publisher:/opt/ros/foxy /usr/bin/cmake --build /home/kcg/copy/ROS2Sample/build/cognata_sdk_ros2 -- -j20 -l20
[15.103s] Invoking command in '/home/kcg/copy/ROS2Sample/build/cognata_sdk_ros2': CMAKE_PREFIX_PATH=${CMAKE_PREFIX_PATH}:/home/kcg/copy/ROS2Sample/install/python_publisher:/opt/ros/foxy /usr/bin/cmake --install /home/kcg/copy/ROS2Sample/build/cognata_sdk_ros2
[15.108s] -- Install configuration: ""
[15.108s] -- Installing: /home/kcg/copy/ROS2Sample/install/cognata_sdk_ros2/share/ament_index/resource_index/rosidl_interfaces/cognata_sdk_ros2
[15.109s] -- Installing: /home/kcg/copy/ROS2Sample/install/cognata_sdk_ros2/include/cognata_sdk_ros2
[15.109s] -- Installing: /home/kcg/copy/ROS2Sample/install/cognata_sdk_ros2/include/cognata_sdk_ros2/msg
[15.109s] -- Installing: /home/kcg/copy/ROS2Sample/install/cognata_sdk_ros2/include/cognata_sdk_ros2/msg/vehicle_msg.h
[15.109s] -- Installing: /home/kcg/copy/ROS2Sample/install/cognata_sdk_ros2/include/cognata_sdk_ros2/msg/annotation_msg.h
[15.109s] -- Installing: /home/kcg/copy/ROS2Sample/install/cognata_sdk_ros2/include/cognata_sdk_ros2/msg/rosidl_generator_c__visibility_control.h
[15.109s] -- Installing: /home/kcg/copy/ROS2Sample/install/cognata_sdk_ros2/include/cognata_sdk_ros2/msg/radar_output_target.h
[15.109s] -- Installing: /home/kcg/copy/ROS2Sample/install/cognata_sdk_ros2/include/cognata_sdk_ros2/msg/wheel_telemetries.h
[15.109s] -- Installing: /home/kcg/copy/ROS2Sample/install/cognata_sdk_ros2/include/cognata_sdk_ros2/msg/bounding_box_msg.h
[15.109s] -- Installing: /home/kcg/copy/ROS2Sample/install/cognata_sdk_ros2/include/cognata_sdk_ros2/msg/detail
[15.109s] -- Installing: /home/kcg/copy/ROS2Sample/install/cognata_sdk_ros2/include/cognata_sdk_ros2/msg/detail/pedestrian_msg__type_support.h
[15.109s] -- Installing: /home/kcg/copy/ROS2Sample/install/cognata_sdk_ros2/include/cognata_sdk_ros2/msg/detail/traffic_light_msg__functions.c
[15.109s] -- Installing: /home/kcg/copy/ROS2Sample/install/cognata_sdk_ros2/include/cognata_sdk_ros2/msg/detail/vehicle_msg__struct.h
[15.109s] -- Installing: /home/kcg/copy/ROS2Sample/install/cognata_sdk_ros2/include/cognata_sdk_ros2/msg/detail/bounding_box_msg__type_support.h
[15.109s] -- Installing: /home/kcg/copy/ROS2Sample/install/cognata_sdk_ros2/include/cognata_sdk_ros2/msg/detail/annotation_msg__type_support.h
[15.109s] -- Installing: /home/kcg/copy/ROS2Sample/install/cognata_sdk_ros2/include/cognata_sdk_ros2/msg/detail/radar_output_header__struct.h
[15.109s] -- Installing: /home/kcg/copy/ROS2Sample/install/cognata_sdk_ros2/include/cognata_sdk_ros2/msg/detail/radar_output_target__type_support.h
[15.110s] -- Installing: /home/kcg/copy/ROS2Sample/install/cognata_sdk_ros2/include/cognata_sdk_ros2/msg/detail/annotation_msg__struct.h
[15.110s] -- Installing: /home/kcg/copy/ROS2Sample/install/cognata_sdk_ros2/include/cognata_sdk_ros2/msg/detail/roi_and_dogt_output__type_support.h
[15.110s] -- Installing: /home/kcg/copy/ROS2Sample/install/cognata_sdk_ros2/include/cognata_sdk_ros2/msg/detail/wheel_telemetries__struct.h
[15.110s] -- Installing: /home/kcg/copy/ROS2Sample/install/cognata_sdk_ros2/include/cognata_sdk_ros2/msg/detail/gps_additional_data__struct.h
[15.110s] -- Installing: /home/kcg/copy/ROS2Sample/install/cognata_sdk_ros2/include/cognata_sdk_ros2/msg/detail/wheel_msg__struct.h
[15.110s] -- Installing: /home/kcg/copy/ROS2Sample/install/cognata_sdk_ros2/include/cognata_sdk_ros2/msg/detail/vehicle_msg__type_support.h
[15.110s] -- Installing: /home/kcg/copy/ROS2Sample/install/cognata_sdk_ros2/include/cognata_sdk_ros2/msg/detail/object_description__functions.h
[15.110s] -- Installing: /home/kcg/copy/ROS2Sample/install/cognata_sdk_ros2/include/cognata_sdk_ros2/msg/detail/pedestrian_msg__functions.c
[15.110s] -- Installing: /home/kcg/copy/ROS2Sample/install/cognata_sdk_ros2/include/cognata_sdk_ros2/msg/detail/car_telemetries_msg__functions.h
[15.110s] -- Installing: /home/kcg/copy/ROS2Sample/install/cognata_sdk_ros2/include/cognata_sdk_ros2/msg/detail/car_telemetries_msg__struct.h
[15.110s] -- Installing: /home/kcg/copy/ROS2Sample/install/cognata_sdk_ros2/include/cognata_sdk_ros2/msg/detail/traffic_light_msg__functions.h
[15.110s] -- Installing: /home/kcg/copy/ROS2Sample/install/cognata_sdk_ros2/include/cognata_sdk_ros2/msg/detail/traffic_light_msg__struct.h
[15.110s] -- Installing: /home/kcg/copy/ROS2Sample/install/cognata_sdk_ros2/include/cognata_sdk_ros2/msg/detail/gps_additional_data__functions.c
[15.110s] -- Installing: /home/kcg/copy/ROS2Sample/install/cognata_sdk_ros2/include/cognata_sdk_ros2/msg/detail/traffic_light_msg__type_support.h
[15.110s] -- Installing: /home/kcg/copy/ROS2Sample/install/cognata_sdk_ros2/include/cognata_sdk_ros2/msg/detail/vehicle_msg__functions.c
[15.110s] -- Installing: /home/kcg/copy/ROS2Sample/install/cognata_sdk_ros2/include/cognata_sdk_ros2/msg/detail/wheel_telemetries__functions.c
[15.110s] -- Installing: /home/kcg/copy/ROS2Sample/install/cognata_sdk_ros2/include/cognata_sdk_ros2/msg/detail/radar_output_target__functions.c
[15.110s] -- Installing: /home/kcg/copy/ROS2Sample/install/cognata_sdk_ros2/include/cognata_sdk_ros2/msg/detail/radar_output_header__functions.c
[15.110s] -- Installing: /home/kcg/copy/ROS2Sample/install/cognata_sdk_ros2/include/cognata_sdk_ros2/msg/detail/gps_additional_data__type_support.h
[15.111s] -- Installing: /home/kcg/copy/ROS2Sample/install/cognata_sdk_ros2/include/cognata_sdk_ros2/msg/detail/wheel_msg__type_support.h
[15.111s] -- Installing: /home/kcg/copy/ROS2Sample/install/cognata_sdk_ros2/include/cognata_sdk_ros2/msg/detail/radar_output_target__struct.h
[15.111s] -- Installing: /home/kcg/copy/ROS2Sample/install/cognata_sdk_ros2/include/cognata_sdk_ros2/msg/detail/object_description__struct.h
[15.111s] -- Installing: /home/kcg/copy/ROS2Sample/install/cognata_sdk_ros2/include/cognata_sdk_ros2/msg/detail/vehicle_msg__functions.h
[15.111s] -- Installing: /home/kcg/copy/ROS2Sample/install/cognata_sdk_ros2/include/cognata_sdk_ros2/msg/detail/bounding_box_msg__functions.h
[15.111s] -- Installing: /home/kcg/copy/ROS2Sample/install/cognata_sdk_ros2/include/cognata_sdk_ros2/msg/detail/roi_and_dogt_output__struct.h
[15.111s] -- Installing: /home/kcg/copy/ROS2Sample/install/cognata_sdk_ros2/include/cognata_sdk_ros2/msg/detail/pedestrian_msg__functions.h
[15.111s] -- Installing: /home/kcg/copy/ROS2Sample/install/cognata_sdk_ros2/include/cognata_sdk_ros2/msg/detail/bounding_box_msg__struct.h
[15.111s] -- Installing: /home/kcg/copy/ROS2Sample/install/cognata_sdk_ros2/include/cognata_sdk_ros2/msg/detail/wheel_msg__functions.c
[15.111s] -- Installing: /home/kcg/copy/ROS2Sample/install/cognata_sdk_ros2/include/cognata_sdk_ros2/msg/detail/wheel_msg__functions.h
[15.111s] -- Installing: /home/kcg/copy/ROS2Sample/install/cognata_sdk_ros2/include/cognata_sdk_ros2/msg/detail/radar_output_header__functions.h
[15.111s] -- Installing: /home/kcg/copy/ROS2Sample/install/cognata_sdk_ros2/include/cognata_sdk_ros2/msg/detail/wheel_telemetries__functions.h
[15.111s] -- Installing: /home/kcg/copy/ROS2Sample/install/cognata_sdk_ros2/include/cognata_sdk_ros2/msg/detail/object_description__type_support.h
[15.111s] -- Installing: /home/kcg/copy/ROS2Sample/install/cognata_sdk_ros2/include/cognata_sdk_ros2/msg/detail/radar_output_header__type_support.h
[15.111s] -- Installing: /home/kcg/copy/ROS2Sample/install/cognata_sdk_ros2/include/cognata_sdk_ros2/msg/detail/gps_additional_data__functions.h
[15.111s] -- Installing: /home/kcg/copy/ROS2Sample/install/cognata_sdk_ros2/include/cognata_sdk_ros2/msg/detail/roi_and_dogt_output__functions.h
[15.111s] -- Installing: /home/kcg/copy/ROS2Sample/install/cognata_sdk_ros2/include/cognata_sdk_ros2/msg/detail/annotation_msg__functions.c
[15.111s] -- Installing: /home/kcg/copy/ROS2Sample/install/cognata_sdk_ros2/include/cognata_sdk_ros2/msg/detail/bounding_box_msg__functions.c
[15.111s] -- Installing: /home/kcg/copy/ROS2Sample/install/cognata_sdk_ros2/include/cognata_sdk_ros2/msg/detail/wheel_telemetries__type_support.h
[15.112s] -- Installing: /home/kcg/copy/ROS2Sample/install/cognata_sdk_ros2/include/cognata_sdk_ros2/msg/detail/car_telemetries_msg__type_support.h
[15.112s] -- Installing: /home/kcg/copy/ROS2Sample/install/cognata_sdk_ros2/include/cognata_sdk_ros2/msg/detail/roi_and_dogt_output__functions.c
[15.112s] -- Installing: /home/kcg/copy/ROS2Sample/install/cognata_sdk_ros2/include/cognata_sdk_ros2/msg/detail/object_description__functions.c
[15.112s] -- Installing: /home/kcg/copy/ROS2Sample/install/cognata_sdk_ros2/include/cognata_sdk_ros2/msg/detail/pedestrian_msg__struct.h
[15.112s] -- Installing: /home/kcg/copy/ROS2Sample/install/cognata_sdk_ros2/include/cognata_sdk_ros2/msg/detail/radar_output_target__functions.h
[15.112s] -- Installing: /home/kcg/copy/ROS2Sample/install/cognata_sdk_ros2/include/cognata_sdk_ros2/msg/detail/car_telemetries_msg__functions.c
[15.112s] -- Installing: /home/kcg/copy/ROS2Sample/install/cognata_sdk_ros2/include/cognata_sdk_ros2/msg/detail/annotation_msg__functions.h
[15.112s] -- Installing: /home/kcg/copy/ROS2Sample/install/cognata_sdk_ros2/include/cognata_sdk_ros2/msg/object_description.h
[15.112s] -- Installing: /home/kcg/copy/ROS2Sample/install/cognata_sdk_ros2/include/cognata_sdk_ros2/msg/traffic_light_msg.h
[15.112s] -- Installing: /home/kcg/copy/ROS2Sample/install/cognata_sdk_ros2/include/cognata_sdk_ros2/msg/wheel_msg.h
[15.112s] -- Installing: /home/kcg/copy/ROS2Sample/install/cognata_sdk_ros2/include/cognata_sdk_ros2/msg/gps_additional_data.h
[15.112s] -- Installing: /home/kcg/copy/ROS2Sample/install/cognata_sdk_ros2/include/cognata_sdk_ros2/msg/roi_and_dogt_output.h
[15.112s] -- Installing: /home/kcg/copy/ROS2Sample/install/cognata_sdk_ros2/include/cognata_sdk_ros2/msg/pedestrian_msg.h
[15.112s] -- Installing: /home/kcg/copy/ROS2Sample/install/cognata_sdk_ros2/include/cognata_sdk_ros2/msg/car_telemetries_msg.h
[15.112s] -- Installing: /home/kcg/copy/ROS2Sample/install/cognata_sdk_ros2/include/cognata_sdk_ros2/msg/radar_output_header.h
[15.112s] -- Installing: /home/kcg/copy/ROS2Sample/install/cognata_sdk_ros2/share/cognata_sdk_ros2/environment/library_path.sh
[15.112s] -- Installing: /home/kcg/copy/ROS2Sample/install/cognata_sdk_ros2/share/cognata_sdk_ros2/environment/library_path.dsv
[15.113s] -- Installing: /home/kcg/copy/ROS2Sample/install/cognata_sdk_ros2/lib/libcognata_sdk_ros2__rosidl_generator_c.so
[15.113s] -- Set runtime path of "/home/kcg/copy/ROS2Sample/install/cognata_sdk_ros2/lib/libcognata_sdk_ros2__rosidl_generator_c.so" to ""
[15.113s] -- Up-to-date: /home/kcg/copy/ROS2Sample/install/cognata_sdk_ros2/include/cognata_sdk_ros2
[15.113s] -- Up-to-date: /home/kcg/copy/ROS2Sample/install/cognata_sdk_ros2/include/cognata_sdk_ros2/msg
[15.113s] -- Up-to-date: /home/kcg/copy/ROS2Sample/install/cognata_sdk_ros2/include/cognata_sdk_ros2/msg/detail
[15.113s] -- Installing: /home/kcg/copy/ROS2Sample/install/cognata_sdk_ros2/include/cognata_sdk_ros2/msg/detail/wheel_msg__rosidl_typesupport_fastrtps_c.h
[15.113s] -- Installing: /home/kcg/copy/ROS2Sample/install/cognata_sdk_ros2/include/cognata_sdk_ros2/msg/detail/wheel_telemetries__rosidl_typesupport_fastrtps_c.h
[15.113s] -- Installing: /home/kcg/copy/ROS2Sample/install/cognata_sdk_ros2/include/cognata_sdk_ros2/msg/detail/car_telemetries_msg__rosidl_typesupport_fastrtps_c.h
[15.113s] -- Installing: /home/kcg/copy/ROS2Sample/install/cognata_sdk_ros2/include/cognata_sdk_ros2/msg/detail/vehicle_msg__rosidl_typesupport_fastrtps_c.h
[15.113s] -- Installing: /home/kcg/copy/ROS2Sample/install/cognata_sdk_ros2/include/cognata_sdk_ros2/msg/detail/bounding_box_msg__rosidl_typesupport_fastrtps_c.h
[15.113s] -- Installing: /home/kcg/copy/ROS2Sample/install/cognata_sdk_ros2/include/cognata_sdk_ros2/msg/detail/roi_and_dogt_output__rosidl_typesupport_fastrtps_c.h
[15.113s] -- Installing: /home/kcg/copy/ROS2Sample/install/cognata_sdk_ros2/include/cognata_sdk_ros2/msg/detail/radar_output_target__rosidl_typesupport_fastrtps_c.h
[15.113s] -- Installing: /home/kcg/copy/ROS2Sample/install/cognata_sdk_ros2/include/cognata_sdk_ros2/msg/detail/gps_additional_data__rosidl_typesupport_fastrtps_c.h
[15.113s] -- Installing: /home/kcg/copy/ROS2Sample/install/cognata_sdk_ros2/include/cognata_sdk_ros2/msg/detail/traffic_light_msg__rosidl_typesupport_fastrtps_c.h
[15.113s] -- Installing: /home/kcg/copy/ROS2Sample/install/cognata_sdk_ros2/include/cognata_sdk_ros2/msg/detail/pedestrian_msg__rosidl_typesupport_fastrtps_c.h
[15.113s] -- Installing: /home/kcg/copy/ROS2Sample/install/cognata_sdk_ros2/include/cognata_sdk_ros2/msg/detail/annotation_msg__rosidl_typesupport_fastrtps_c.h
[15.113s] -- Installing: /home/kcg/copy/ROS2Sample/install/cognata_sdk_ros2/include/cognata_sdk_ros2/msg/detail/radar_output_header__rosidl_typesupport_fastrtps_c.h
[15.114s] -- Installing: /home/kcg/copy/ROS2Sample/install/cognata_sdk_ros2/include/cognata_sdk_ros2/msg/detail/object_description__rosidl_typesupport_fastrtps_c.h
[15.114s] -- Installing: /home/kcg/copy/ROS2Sample/install/cognata_sdk_ros2/include/cognata_sdk_ros2/msg/rosidl_typesupport_fastrtps_c__visibility_control.h
[15.114s] -- Installing: /home/kcg/copy/ROS2Sample/install/cognata_sdk_ros2/lib/libcognata_sdk_ros2__rosidl_typesupport_fastrtps_c.so
[15.114s] -- Set runtime path of "/home/kcg/copy/ROS2Sample/install/cognata_sdk_ros2/lib/libcognata_sdk_ros2__rosidl_typesupport_fastrtps_c.so" to ""
[15.114s] -- Up-to-date: /home/kcg/copy/ROS2Sample/install/cognata_sdk_ros2/include/cognata_sdk_ros2
[15.114s] -- Up-to-date: /home/kcg/copy/ROS2Sample/install/cognata_sdk_ros2/include/cognata_sdk_ros2/msg
[15.114s] -- Installing: /home/kcg/copy/ROS2Sample/install/cognata_sdk_ros2/include/cognata_sdk_ros2/msg/rosidl_typesupport_fastrtps_cpp__visibility_control.h
[15.114s] -- Up-to-date: /home/kcg/copy/ROS2Sample/install/cognata_sdk_ros2/include/cognata_sdk_ros2/msg/detail
[15.114s] -- Installing: /home/kcg/copy/ROS2Sample/install/cognata_sdk_ros2/include/cognata_sdk_ros2/msg/detail/radar_output_target__rosidl_typesupport_fastrtps_cpp.hpp
[15.114s] -- Installing: /home/kcg/copy/ROS2Sample/install/cognata_sdk_ros2/include/cognata_sdk_ros2/msg/detail/object_description__rosidl_typesupport_fastrtps_cpp.hpp
[15.114s] -- Installing: /home/kcg/copy/ROS2Sample/install/cognata_sdk_ros2/include/cognata_sdk_ros2/msg/detail/bounding_box_msg__rosidl_typesupport_fastrtps_cpp.hpp
[15.114s] -- Installing: /home/kcg/copy/ROS2Sample/install/cognata_sdk_ros2/include/cognata_sdk_ros2/msg/detail/pedestrian_msg__rosidl_typesupport_fastrtps_cpp.hpp
[15.114s] -- Installing: /home/kcg/copy/ROS2Sample/install/cognata_sdk_ros2/include/cognata_sdk_ros2/msg/detail/roi_and_dogt_output__rosidl_typesupport_fastrtps_cpp.hpp
[15.114s] -- Installing: /home/kcg/copy/ROS2Sample/install/cognata_sdk_ros2/include/cognata_sdk_ros2/msg/detail/dds_fastrtps
[15.114s] -- Installing: /home/kcg/copy/ROS2Sample/install/cognata_sdk_ros2/include/cognata_sdk_ros2/msg/detail/annotation_msg__rosidl_typesupport_fastrtps_cpp.hpp
[15.114s] -- Installing: /home/kcg/copy/ROS2Sample/install/cognata_sdk_ros2/include/cognata_sdk_ros2/msg/detail/vehicle_msg__rosidl_typesupport_fastrtps_cpp.hpp
[15.114s] -- Installing: /home/kcg/copy/ROS2Sample/install/cognata_sdk_ros2/include/cognata_sdk_ros2/msg/detail/radar_output_header__rosidl_typesupport_fastrtps_cpp.hpp
[15.114s] -- Installing: /home/kcg/copy/ROS2Sample/install/cognata_sdk_ros2/include/cognata_sdk_ros2/msg/detail/wheel_msg__rosidl_typesupport_fastrtps_cpp.hpp
[15.114s] -- Installing: /home/kcg/copy/ROS2Sample/install/cognata_sdk_ros2/include/cognata_sdk_ros2/msg/detail/wheel_telemetries__rosidl_typesupport_fastrtps_cpp.hpp
[15.115s] -- Installing: /home/kcg/copy/ROS2Sample/install/cognata_sdk_ros2/include/cognata_sdk_ros2/msg/detail/gps_additional_data__rosidl_typesupport_fastrtps_cpp.hpp
[15.115s] -- Installing: /home/kcg/copy/ROS2Sample/install/cognata_sdk_ros2/include/cognata_sdk_ros2/msg/detail/traffic_light_msg__rosidl_typesupport_fastrtps_cpp.hpp
[15.115s] -- Installing: /home/kcg/copy/ROS2Sample/install/cognata_sdk_ros2/include/cognata_sdk_ros2/msg/detail/car_telemetries_msg__rosidl_typesupport_fastrtps_cpp.hpp
[15.115s] -- Installing: /home/kcg/copy/ROS2Sample/install/cognata_sdk_ros2/lib/libcognata_sdk_ros2__rosidl_typesupport_fastrtps_cpp.so
[15.115s] -- Set runtime path of "/home/kcg/copy/ROS2Sample/install/cognata_sdk_ros2/lib/libcognata_sdk_ros2__rosidl_typesupport_fastrtps_cpp.so" to ""
[15.115s] -- Up-to-date: /home/kcg/copy/ROS2Sample/install/cognata_sdk_ros2/include/cognata_sdk_ros2
[15.115s] -- Up-to-date: /home/kcg/copy/ROS2Sample/install/cognata_sdk_ros2/include/cognata_sdk_ros2/msg
[15.115s] -- Up-to-date: /home/kcg/copy/ROS2Sample/install/cognata_sdk_ros2/include/cognata_sdk_ros2/msg/detail
[15.115s] -- Installing: /home/kcg/copy/ROS2Sample/install/cognata_sdk_ros2/include/cognata_sdk_ros2/msg/detail/roi_and_dogt_output__type_support.c
[15.115s] -- Installing: /home/kcg/copy/ROS2Sample/install/cognata_sdk_ros2/include/cognata_sdk_ros2/msg/detail/radar_output_target__type_support.c
[15.115s] -- Installing: /home/kcg/copy/ROS2Sample/install/cognata_sdk_ros2/include/cognata_sdk_ros2/msg/detail/traffic_light_msg__rosidl_typesupport_introspection_c.h
[15.115s] -- Installing: /home/kcg/copy/ROS2Sample/install/cognata_sdk_ros2/include/cognata_sdk_ros2/msg/detail/object_description__type_support.c
[15.115s] -- Installing: /home/kcg/copy/ROS2Sample/install/cognata_sdk_ros2/include/cognata_sdk_ros2/msg/detail/vehicle_msg__type_support.c
[15.115s] -- Installing: /home/kcg/copy/ROS2Sample/install/cognata_sdk_ros2/include/cognata_sdk_ros2/msg/detail/bounding_box_msg__rosidl_typesupport_introspection_c.h
[15.115s] -- Installing: /home/kcg/copy/ROS2Sample/install/cognata_sdk_ros2/include/cognata_sdk_ros2/msg/detail/radar_output_header__type_support.c
[15.115s] -- Installing: /home/kcg/copy/ROS2Sample/install/cognata_sdk_ros2/include/cognata_sdk_ros2/msg/detail/annotation_msg__type_support.c
[15.115s] -- Installing: /home/kcg/copy/ROS2Sample/install/cognata_sdk_ros2/include/cognata_sdk_ros2/msg/detail/radar_output_target__rosidl_typesupport_introspection_c.h
[15.115s] -- Installing: /home/kcg/copy/ROS2Sample/install/cognata_sdk_ros2/include/cognata_sdk_ros2/msg/detail/car_telemetries_msg__rosidl_typesupport_introspection_c.h
[15.116s] -- Installing: /home/kcg/copy/ROS2Sample/install/cognata_sdk_ros2/include/cognata_sdk_ros2/msg/detail/pedestrian_msg__rosidl_typesupport_introspection_c.h
[15.116s] -- Installing: /home/kcg/copy/ROS2Sample/install/cognata_sdk_ros2/include/cognata_sdk_ros2/msg/detail/vehicle_msg__rosidl_typesupport_introspection_c.h
[15.116s] -- Installing: /home/kcg/copy/ROS2Sample/install/cognata_sdk_ros2/include/cognata_sdk_ros2/msg/detail/pedestrian_msg__type_support.c
[15.116s] -- Installing: /home/kcg/copy/ROS2Sample/install/cognata_sdk_ros2/include/cognata_sdk_ros2/msg/detail/bounding_box_msg__type_support.c
[15.116s] -- Installing: /home/kcg/copy/ROS2Sample/install/cognata_sdk_ros2/include/cognata_sdk_ros2/msg/detail/gps_additional_data__type_support.c
[15.116s] -- Installing: /home/kcg/copy/ROS2Sample/install/cognata_sdk_ros2/include/cognata_sdk_ros2/msg/detail/gps_additional_data__rosidl_typesupport_introspection_c.h
[15.116s] -- Installing: /home/kcg/copy/ROS2Sample/install/cognata_sdk_ros2/include/cognata_sdk_ros2/msg/detail/annotation_msg__rosidl_typesupport_introspection_c.h
[15.116s] -- Installing: /home/kcg/copy/ROS2Sample/install/cognata_sdk_ros2/include/cognata_sdk_ros2/msg/detail/object_description__rosidl_typesupport_introspection_c.h
[15.116s] -- Installing: /home/kcg/copy/ROS2Sample/install/cognata_sdk_ros2/include/cognata_sdk_ros2/msg/detail/radar_output_header__rosidl_typesupport_introspection_c.h
[15.116s] -- Installing: /home/kcg/copy/ROS2Sample/install/cognata_sdk_ros2/include/cognata_sdk_ros2/msg/detail/car_telemetries_msg__type_support.c
[15.116s] -- Installing: /home/kcg/copy/ROS2Sample/install/cognata_sdk_ros2/include/cognata_sdk_ros2/msg/detail/roi_and_dogt_output__rosidl_typesupport_introspection_c.h
[15.116s] -- Installing: /home/kcg/copy/ROS2Sample/install/cognata_sdk_ros2/include/cognata_sdk_ros2/msg/detail/wheel_telemetries__type_support.c
[15.116s] -- Installing: /home/kcg/copy/ROS2Sample/install/cognata_sdk_ros2/include/cognata_sdk_ros2/msg/detail/wheel_telemetries__rosidl_typesupport_introspection_c.h
[15.117s] -- Installing: /home/kcg/copy/ROS2Sample/install/cognata_sdk_ros2/include/cognata_sdk_ros2/msg/detail/traffic_light_msg__type_support.c
[15.117s] -- Installing: /home/kcg/copy/ROS2Sample/install/cognata_sdk_ros2/include/cognata_sdk_ros2/msg/detail/wheel_msg__type_support.c
[15.117s] -- Installing: /home/kcg/copy/ROS2Sample/install/cognata_sdk_ros2/include/cognata_sdk_ros2/msg/detail/wheel_msg__rosidl_typesupport_introspection_c.h
[15.117s] -- Installing: /home/kcg/copy/ROS2Sample/install/cognata_sdk_ros2/include/cognata_sdk_ros2/msg/rosidl_typesupport_introspection_c__visibility_control.h
[15.117s] -- Installing: /home/kcg/copy/ROS2Sample/install/cognata_sdk_ros2/lib/libcognata_sdk_ros2__rosidl_typesupport_introspection_c.so
[15.117s] -- Set runtime path of "/home/kcg/copy/ROS2Sample/install/cognata_sdk_ros2/lib/libcognata_sdk_ros2__rosidl_typesupport_introspection_c.so" to ""
[15.117s] -- Installing: /home/kcg/copy/ROS2Sample/install/cognata_sdk_ros2/lib/libcognata_sdk_ros2__rosidl_typesupport_c.so
[15.117s] -- Set runtime path of "/home/kcg/copy/ROS2Sample/install/cognata_sdk_ros2/lib/libcognata_sdk_ros2__rosidl_typesupport_c.so" to ""
[15.117s] -- Up-to-date: /home/kcg/copy/ROS2Sample/install/cognata_sdk_ros2/include/cognata_sdk_ros2
[15.117s] -- Up-to-date: /home/kcg/copy/ROS2Sample/install/cognata_sdk_ros2/include/cognata_sdk_ros2/msg
[15.117s] -- Installing: /home/kcg/copy/ROS2Sample/install/cognata_sdk_ros2/include/cognata_sdk_ros2/msg/traffic_light_msg.hpp
[15.117s] -- Installing: /home/kcg/copy/ROS2Sample/install/cognata_sdk_ros2/include/cognata_sdk_ros2/msg/bounding_box_msg.hpp
[15.117s] -- Installing: /home/kcg/copy/ROS2Sample/install/cognata_sdk_ros2/include/cognata_sdk_ros2/msg/gps_additional_data.hpp
[15.117s] -- Installing: /home/kcg/copy/ROS2Sample/install/cognata_sdk_ros2/include/cognata_sdk_ros2/msg/object_description.hpp
[15.117s] -- Installing: /home/kcg/copy/ROS2Sample/install/cognata_sdk_ros2/include/cognata_sdk_ros2/msg/radar_output_target.hpp
[15.117s] -- Installing: /home/kcg/copy/ROS2Sample/install/cognata_sdk_ros2/include/cognata_sdk_ros2/msg/car_telemetries_msg.hpp
[15.117s] -- Installing: /home/kcg/copy/ROS2Sample/install/cognata_sdk_ros2/include/cognata_sdk_ros2/msg/roi_and_dogt_output.hpp
[15.117s] -- Up-to-date: /home/kcg/copy/ROS2Sample/install/cognata_sdk_ros2/include/cognata_sdk_ros2/msg/detail
[15.117s] -- Installing: /home/kcg/copy/ROS2Sample/install/cognata_sdk_ros2/include/cognata_sdk_ros2/msg/detail/gps_additional_data__traits.hpp
[15.118s] -- Installing: /home/kcg/copy/ROS2Sample/install/cognata_sdk_ros2/include/cognata_sdk_ros2/msg/detail/bounding_box_msg__traits.hpp
[15.118s] -- Installing: /home/kcg/copy/ROS2Sample/install/cognata_sdk_ros2/include/cognata_sdk_ros2/msg/detail/object_description__traits.hpp
[15.118s] -- Installing: /home/kcg/copy/ROS2Sample/install/cognata_sdk_ros2/include/cognata_sdk_ros2/msg/detail/wheel_msg__struct.hpp
[15.118s] -- Installing: /home/kcg/copy/ROS2Sample/install/cognata_sdk_ros2/include/cognata_sdk_ros2/msg/detail/roi_and_dogt_output__struct.hpp
[15.118s] -- Installing: /home/kcg/copy/ROS2Sample/install/cognata_sdk_ros2/include/cognata_sdk_ros2/msg/detail/annotation_msg__traits.hpp
[15.118s] -- Installing: /home/kcg/copy/ROS2Sample/install/cognata_sdk_ros2/include/cognata_sdk_ros2/msg/detail/object_description__struct.hpp
[15.118s] -- Installing: /home/kcg/copy/ROS2Sample/install/cognata_sdk_ros2/include/cognata_sdk_ros2/msg/detail/wheel_msg__builder.hpp
[15.118s] -- Installing: /home/kcg/copy/ROS2Sample/install/cognata_sdk_ros2/include/cognata_sdk_ros2/msg/detail/gps_additional_data__struct.hpp
[15.118s] -- Installing: /home/kcg/copy/ROS2Sample/install/cognata_sdk_ros2/include/cognata_sdk_ros2/msg/detail/object_description__builder.hpp
[15.118s] -- Installing: /home/kcg/copy/ROS2Sample/install/cognata_sdk_ros2/include/cognata_sdk_ros2/msg/detail/traffic_light_msg__builder.hpp
[15.118s] -- Installing: /home/kcg/copy/ROS2Sample/install/cognata_sdk_ros2/include/cognata_sdk_ros2/msg/detail/pedestrian_msg__struct.hpp
[15.118s] -- Installing: /home/kcg/copy/ROS2Sample/install/cognata_sdk_ros2/include/cognata_sdk_ros2/msg/detail/radar_output_target__struct.hpp
[15.118s] -- Installing: /home/kcg/copy/ROS2Sample/install/cognata_sdk_ros2/include/cognata_sdk_ros2/msg/detail/traffic_light_msg__struct.hpp
[15.118s] -- Installing: /home/kcg/copy/ROS2Sample/install/cognata_sdk_ros2/include/cognata_sdk_ros2/msg/detail/car_telemetries_msg__struct.hpp
[15.118s] -- Installing: /home/kcg/copy/ROS2Sample/install/cognata_sdk_ros2/include/cognata_sdk_ros2/msg/detail/gps_additional_data__builder.hpp
[15.118s] -- Installing: /home/kcg/copy/ROS2Sample/install/cognata_sdk_ros2/include/cognata_sdk_ros2/msg/detail/car_telemetries_msg__traits.hpp
[15.118s] -- Installing: /home/kcg/copy/ROS2Sample/install/cognata_sdk_ros2/include/cognata_sdk_ros2/msg/detail/bounding_box_msg__builder.hpp
[15.118s] -- Installing: /home/kcg/copy/ROS2Sample/install/cognata_sdk_ros2/include/cognata_sdk_ros2/msg/detail/radar_output_target__traits.hpp
[15.118s] -- Installing: /home/kcg/copy/ROS2Sample/install/cognata_sdk_ros2/include/cognata_sdk_ros2/msg/detail/radar_output_header__traits.hpp
[15.119s] -- Installing: /home/kcg/copy/ROS2Sample/install/cognata_sdk_ros2/include/cognata_sdk_ros2/msg/detail/wheel_telemetries__struct.hpp
[15.119s] -- Installing: /home/kcg/copy/ROS2Sample/install/cognata_sdk_ros2/include/cognata_sdk_ros2/msg/detail/roi_and_dogt_output__builder.hpp
[15.119s] -- Installing: /home/kcg/copy/ROS2Sample/install/cognata_sdk_ros2/include/cognata_sdk_ros2/msg/detail/wheel_telemetries__builder.hpp
[15.119s] -- Installing: /home/kcg/copy/ROS2Sample/install/cognata_sdk_ros2/include/cognata_sdk_ros2/msg/detail/radar_output_header__struct.hpp
[15.119s] -- Installing: /home/kcg/copy/ROS2Sample/install/cognata_sdk_ros2/include/cognata_sdk_ros2/msg/detail/traffic_light_msg__traits.hpp
[15.119s] -- Installing: /home/kcg/copy/ROS2Sample/install/cognata_sdk_ros2/include/cognata_sdk_ros2/msg/detail/pedestrian_msg__traits.hpp
[15.119s] -- Installing: /home/kcg/copy/ROS2Sample/install/cognata_sdk_ros2/include/cognata_sdk_ros2/msg/detail/roi_and_dogt_output__traits.hpp
[15.119s] -- Installing: /home/kcg/copy/ROS2Sample/install/cognata_sdk_ros2/include/cognata_sdk_ros2/msg/detail/vehicle_msg__struct.hpp
[15.119s] -- Installing: /home/kcg/copy/ROS2Sample/install/cognata_sdk_ros2/include/cognata_sdk_ros2/msg/detail/bounding_box_msg__struct.hpp
[15.119s] -- Installing: /home/kcg/copy/ROS2Sample/install/cognata_sdk_ros2/include/cognata_sdk_ros2/msg/detail/radar_output_header__builder.hpp
[15.119s] -- Installing: /home/kcg/copy/ROS2Sample/install/cognata_sdk_ros2/include/cognata_sdk_ros2/msg/detail/annotation_msg__builder.hpp
[15.119s] -- Installing: /home/kcg/copy/ROS2Sample/install/cognata_sdk_ros2/include/cognata_sdk_ros2/msg/detail/car_telemetries_msg__builder.hpp
[15.119s] -- Installing: /home/kcg/copy/ROS2Sample/install/cognata_sdk_ros2/include/cognata_sdk_ros2/msg/detail/radar_output_target__builder.hpp
[15.119s] -- Installing: /home/kcg/copy/ROS2Sample/install/cognata_sdk_ros2/include/cognata_sdk_ros2/msg/detail/pedestrian_msg__builder.hpp
[15.119s] -- Installing: /home/kcg/copy/ROS2Sample/install/cognata_sdk_ros2/include/cognata_sdk_ros2/msg/detail/wheel_msg__traits.hpp
[15.119s] -- Installing: /home/kcg/copy/ROS2Sample/install/cognata_sdk_ros2/include/cognata_sdk_ros2/msg/detail/wheel_telemetries__traits.hpp
[15.119s] -- Installing: /home/kcg/copy/ROS2Sample/install/cognata_sdk_ros2/include/cognata_sdk_ros2/msg/detail/annotation_msg__struct.hpp
[15.119s] -- Installing: /home/kcg/copy/ROS2Sample/install/cognata_sdk_ros2/include/cognata_sdk_ros2/msg/detail/vehicle_msg__traits.hpp
[15.120s] -- Installing: /home/kcg/copy/ROS2Sample/install/cognata_sdk_ros2/include/cognata_sdk_ros2/msg/detail/vehicle_msg__builder.hpp
[15.120s] -- Installing: /home/kcg/copy/ROS2Sample/install/cognata_sdk_ros2/include/cognata_sdk_ros2/msg/wheel_msg.hpp
[15.120s] -- Installing: /home/kcg/copy/ROS2Sample/install/cognata_sdk_ros2/include/cognata_sdk_ros2/msg/vehicle_msg.hpp
[15.120s] -- Installing: /home/kcg/copy/ROS2Sample/install/cognata_sdk_ros2/include/cognata_sdk_ros2/msg/pedestrian_msg.hpp
[15.120s] -- Installing: /home/kcg/copy/ROS2Sample/install/cognata_sdk_ros2/include/cognata_sdk_ros2/msg/annotation_msg.hpp
[15.120s] -- Installing: /home/kcg/copy/ROS2Sample/install/cognata_sdk_ros2/include/cognata_sdk_ros2/msg/wheel_telemetries.hpp
[15.120s] -- Installing: /home/kcg/copy/ROS2Sample/install/cognata_sdk_ros2/include/cognata_sdk_ros2/msg/radar_output_header.hpp
[15.120s] -- Up-to-date: /home/kcg/copy/ROS2Sample/install/cognata_sdk_ros2/include/cognata_sdk_ros2
[15.120s] -- Up-to-date: /home/kcg/copy/ROS2Sample/install/cognata_sdk_ros2/include/cognata_sdk_ros2/msg
[15.120s] -- Up-to-date: /home/kcg/copy/ROS2Sample/install/cognata_sdk_ros2/include/cognata_sdk_ros2/msg/detail
[15.120s] -- Installing: /home/kcg/copy/ROS2Sample/install/cognata_sdk_ros2/include/cognata_sdk_ros2/msg/detail/radar_output_target__rosidl_typesupport_introspection_cpp.hpp
[15.120s] -- Installing: /home/kcg/copy/ROS2Sample/install/cognata_sdk_ros2/include/cognata_sdk_ros2/msg/detail/wheel_msg__rosidl_typesupport_introspection_cpp.hpp
[15.120s] -- Installing: /home/kcg/copy/ROS2Sample/install/cognata_sdk_ros2/include/cognata_sdk_ros2/msg/detail/object_description__rosidl_typesupport_introspection_cpp.hpp
[15.120s] -- Installing: /home/kcg/copy/ROS2Sample/install/cognata_sdk_ros2/include/cognata_sdk_ros2/msg/detail/radar_output_header__rosidl_typesupport_introspection_cpp.hpp
[15.120s] -- Installing: /home/kcg/copy/ROS2Sample/install/cognata_sdk_ros2/include/cognata_sdk_ros2/msg/detail/radar_output_header__type_support.cpp
[15.120s] -- Installing: /home/kcg/copy/ROS2Sample/install/cognata_sdk_ros2/include/cognata_sdk_ros2/msg/detail/pedestrian_msg__rosidl_typesupport_introspection_cpp.hpp
[15.120s] -- Installing: /home/kcg/copy/ROS2Sample/install/cognata_sdk_ros2/include/cognata_sdk_ros2/msg/detail/annotation_msg__rosidl_typesupport_introspection_cpp.hpp
[15.121s] -- Installing: /home/kcg/copy/ROS2Sample/install/cognata_sdk_ros2/include/cognata_sdk_ros2/msg/detail/gps_additional_data__type_support.cpp
[15.121s] -- Installing: /home/kcg/copy/ROS2Sample/install/cognata_sdk_ros2/include/cognata_sdk_ros2/msg/detail/bounding_box_msg__rosidl_typesupport_introspection_cpp.hpp
[15.121s] -- Installing: /home/kcg/copy/ROS2Sample/install/cognata_sdk_ros2/include/cognata_sdk_ros2/msg/detail/annotation_msg__type_support.cpp
[15.121s] -- Installing: /home/kcg/copy/ROS2Sample/install/cognata_sdk_ros2/include/cognata_sdk_ros2/msg/detail/wheel_telemetries__rosidl_typesupport_introspection_cpp.hpp
[15.121s] -- Installing: /home/kcg/copy/ROS2Sample/install/cognata_sdk_ros2/include/cognata_sdk_ros2/msg/detail/bounding_box_msg__type_support.cpp
[15.121s] -- Installing: /home/kcg/copy/ROS2Sample/install/cognata_sdk_ros2/include/cognata_sdk_ros2/msg/detail/pedestrian_msg__type_support.cpp
[15.121s] -- Installing: /home/kcg/copy/ROS2Sample/install/cognata_sdk_ros2/include/cognata_sdk_ros2/msg/detail/traffic_light_msg__rosidl_typesupport_introspection_cpp.hpp
[15.121s] -- Installing: /home/kcg/copy/ROS2Sample/install/cognata_sdk_ros2/include/cognata_sdk_ros2/msg/detail/vehicle_msg__rosidl_typesupport_introspection_cpp.hpp
[15.121s] -- Installing: /home/kcg/copy/ROS2Sample/install/cognata_sdk_ros2/include/cognata_sdk_ros2/msg/detail/object_description__type_support.cpp
[15.121s] -- Installing: /home/kcg/copy/ROS2Sample/install/cognata_sdk_ros2/include/cognata_sdk_ros2/msg/detail/vehicle_msg__type_support.cpp
[15.121s] -- Installing: /home/kcg/copy/ROS2Sample/install/cognata_sdk_ros2/include/cognata_sdk_ros2/msg/detail/roi_and_dogt_output__rosidl_typesupport_introspection_cpp.hpp
[15.121s] -- Installing: /home/kcg/copy/ROS2Sample/install/cognata_sdk_ros2/include/cognata_sdk_ros2/msg/detail/radar_output_target__type_support.cpp
[15.121s] -- Installing: /home/kcg/copy/ROS2Sample/install/cognata_sdk_ros2/include/cognata_sdk_ros2/msg/detail/car_telemetries_msg__rosidl_typesupport_introspection_cpp.hpp
[15.121s] -- Installing: /home/kcg/copy/ROS2Sample/install/cognata_sdk_ros2/include/cognata_sdk_ros2/msg/detail/car_telemetries_msg__type_support.cpp
[15.121s] -- Installing: /home/kcg/copy/ROS2Sample/install/cognata_sdk_ros2/include/cognata_sdk_ros2/msg/detail/wheel_telemetries__type_support.cpp
[15.121s] -- Installing: /home/kcg/copy/ROS2Sample/install/cognata_sdk_ros2/include/cognata_sdk_ros2/msg/detail/roi_and_dogt_output__type_support.cpp
[15.121s] -- Installing: /home/kcg/copy/ROS2Sample/install/cognata_sdk_ros2/include/cognata_sdk_ros2/msg/detail/wheel_msg__type_support.cpp
[15.121s] -- Installing: /home/kcg/copy/ROS2Sample/install/cognata_sdk_ros2/include/cognata_sdk_ros2/msg/detail/gps_additional_data__rosidl_typesupport_introspection_cpp.hpp
[15.121s] -- Installing: /home/kcg/copy/ROS2Sample/install/cognata_sdk_ros2/include/cognata_sdk_ros2/msg/detail/traffic_light_msg__type_support.cpp
[15.122s] -- Installing: /home/kcg/copy/ROS2Sample/install/cognata_sdk_ros2/lib/libcognata_sdk_ros2__rosidl_typesupport_introspection_cpp.so
[15.122s] -- Set runtime path of "/home/kcg/copy/ROS2Sample/install/cognata_sdk_ros2/lib/libcognata_sdk_ros2__rosidl_typesupport_introspection_cpp.so" to ""
[15.122s] -- Installing: /home/kcg/copy/ROS2Sample/install/cognata_sdk_ros2/lib/libcognata_sdk_ros2__rosidl_typesupport_cpp.so
[15.122s] -- Set runtime path of "/home/kcg/copy/ROS2Sample/install/cognata_sdk_ros2/lib/libcognata_sdk_ros2__rosidl_typesupport_cpp.so" to ""
[15.122s] -- Installing: /home/kcg/copy/ROS2Sample/install/cognata_sdk_ros2/share/cognata_sdk_ros2/environment/pythonpath.sh
[15.122s] -- Installing: /home/kcg/copy/ROS2Sample/install/cognata_sdk_ros2/share/cognata_sdk_ros2/environment/pythonpath.dsv
[15.122s] -- Installing: /home/kcg/copy/ROS2Sample/install/cognata_sdk_ros2/lib/python3.8/site-packages/cognata_sdk_ros2/__init__.py
[15.140s] Compiling '/home/kcg/copy/ROS2Sample/install/cognata_sdk_ros2/lib/python3.8/site-packages/cognata_sdk_ros2/__init__.py'...
[15.142s] -- Installing: /home/kcg/copy/ROS2Sample/install/cognata_sdk_ros2/lib/python3.8/site-packages/cognata_sdk_ros2/msg
[15.142s] -- Installing: /home/kcg/copy/ROS2Sample/install/cognata_sdk_ros2/lib/python3.8/site-packages/cognata_sdk_ros2/msg/_radar_output_target.py
[15.142s] -- Installing: /home/kcg/copy/ROS2Sample/install/cognata_sdk_ros2/lib/python3.8/site-packages/cognata_sdk_ros2/msg/_vehicle_msg.py
[15.143s] -- Installing: /home/kcg/copy/ROS2Sample/install/cognata_sdk_ros2/lib/python3.8/site-packages/cognata_sdk_ros2/msg/_wheel_msg_s.c
[15.143s] -- Installing: /home/kcg/copy/ROS2Sample/install/cognata_sdk_ros2/lib/python3.8/site-packages/cognata_sdk_ros2/msg/_wheel_telemetries_s.c
[15.143s] -- Installing: /home/kcg/copy/ROS2Sample/install/cognata_sdk_ros2/lib/python3.8/site-packages/cognata_sdk_ros2/msg/_roi_and_dogt_output_s.c
[15.143s] -- Installing: /home/kcg/copy/ROS2Sample/install/cognata_sdk_ros2/lib/python3.8/site-packages/cognata_sdk_ros2/msg/_car_telemetries_msg_s.c
[15.143s] -- Installing: /home/kcg/copy/ROS2Sample/install/cognata_sdk_ros2/lib/python3.8/site-packages/cognata_sdk_ros2/msg/_annotation_msg.py
[15.143s] -- Installing: /home/kcg/copy/ROS2Sample/install/cognata_sdk_ros2/lib/python3.8/site-packages/cognata_sdk_ros2/msg/_gps_additional_data.py
[15.143s] -- Installing: /home/kcg/copy/ROS2Sample/install/cognata_sdk_ros2/lib/python3.8/site-packages/cognata_sdk_ros2/msg/_radar_output_target_s.c
[15.143s] -- Installing: /home/kcg/copy/ROS2Sample/install/cognata_sdk_ros2/lib/python3.8/site-packages/cognata_sdk_ros2/msg/__init__.py
[15.143s] -- Installing: /home/kcg/copy/ROS2Sample/install/cognata_sdk_ros2/lib/python3.8/site-packages/cognata_sdk_ros2/msg/_object_description.py
[15.143s] -- Installing: /home/kcg/copy/ROS2Sample/install/cognata_sdk_ros2/lib/python3.8/site-packages/cognata_sdk_ros2/msg/_vehicle_msg_s.c
[15.143s] -- Installing: /home/kcg/copy/ROS2Sample/install/cognata_sdk_ros2/lib/python3.8/site-packages/cognata_sdk_ros2/msg/_bounding_box_msg.py
[15.143s] -- Installing: /home/kcg/copy/ROS2Sample/install/cognata_sdk_ros2/lib/python3.8/site-packages/cognata_sdk_ros2/msg/_pedestrian_msg.py
[15.143s] -- Installing: /home/kcg/copy/ROS2Sample/install/cognata_sdk_ros2/lib/python3.8/site-packages/cognata_sdk_ros2/msg/_annotation_msg_s.c
[15.143s] -- Installing: /home/kcg/copy/ROS2Sample/install/cognata_sdk_ros2/lib/python3.8/site-packages/cognata_sdk_ros2/msg/_car_telemetries_msg.py
[15.143s] -- Installing: /home/kcg/copy/ROS2Sample/install/cognata_sdk_ros2/lib/python3.8/site-packages/cognata_sdk_ros2/msg/_radar_output_header_s.c
[15.143s] -- Installing: /home/kcg/copy/ROS2Sample/install/cognata_sdk_ros2/lib/python3.8/site-packages/cognata_sdk_ros2/msg/_gps_additional_data_s.c
[15.144s] -- Installing: /home/kcg/copy/ROS2Sample/install/cognata_sdk_ros2/lib/python3.8/site-packages/cognata_sdk_ros2/msg/_object_description_s.c
[15.144s] -- Installing: /home/kcg/copy/ROS2Sample/install/cognata_sdk_ros2/lib/python3.8/site-packages/cognata_sdk_ros2/msg/_wheel_msg.py
[15.144s] -- Installing: /home/kcg/copy/ROS2Sample/install/cognata_sdk_ros2/lib/python3.8/site-packages/cognata_sdk_ros2/msg/_pedestrian_msg_s.c
[15.144s] -- Installing: /home/kcg/copy/ROS2Sample/install/cognata_sdk_ros2/lib/python3.8/site-packages/cognata_sdk_ros2/msg/_traffic_light_msg_s.c
[15.144s] -- Installing: /home/kcg/copy/ROS2Sample/install/cognata_sdk_ros2/lib/python3.8/site-packages/cognata_sdk_ros2/msg/_traffic_light_msg.py
[15.144s] -- Installing: /home/kcg/copy/ROS2Sample/install/cognata_sdk_ros2/lib/python3.8/site-packages/cognata_sdk_ros2/msg/_wheel_telemetries.py
[15.144s] -- Installing: /home/kcg/copy/ROS2Sample/install/cognata_sdk_ros2/lib/python3.8/site-packages/cognata_sdk_ros2/msg/_roi_and_dogt_output.py
[15.144s] -- Installing: /home/kcg/copy/ROS2Sample/install/cognata_sdk_ros2/lib/python3.8/site-packages/cognata_sdk_ros2/msg/_radar_output_header.py
[15.144s] -- Installing: /home/kcg/copy/ROS2Sample/install/cognata_sdk_ros2/lib/python3.8/site-packages/cognata_sdk_ros2/msg/_bounding_box_msg_s.c
[15.144s] -- Installing: /home/kcg/copy/ROS2Sample/install/cognata_sdk_ros2/lib/python3.8/site-packages/cognata_sdk_ros2/cognata_sdk_ros2_s__rosidl_typesupport_fastrtps_c.cpython-38-x86_64-linux-gnu.so
[15.144s] -- Set runtime path of "/home/kcg/copy/ROS2Sample/install/cognata_sdk_ros2/lib/python3.8/site-packages/cognata_sdk_ros2/cognata_sdk_ros2_s__rosidl_typesupport_fastrtps_c.cpython-38-x86_64-linux-gnu.so" to ""
[15.144s] -- Installing: /home/kcg/copy/ROS2Sample/install/cognata_sdk_ros2/lib/python3.8/site-packages/cognata_sdk_ros2/cognata_sdk_ros2_s__rosidl_typesupport_introspection_c.cpython-38-x86_64-linux-gnu.so
[15.144s] -- Set runtime path of "/home/kcg/copy/ROS2Sample/install/cognata_sdk_ros2/lib/python3.8/site-packages/cognata_sdk_ros2/cognata_sdk_ros2_s__rosidl_typesupport_introspection_c.cpython-38-x86_64-linux-gnu.so" to ""
[15.145s] -- Installing: /home/kcg/copy/ROS2Sample/install/cognata_sdk_ros2/lib/python3.8/site-packages/cognata_sdk_ros2/cognata_sdk_ros2_s__rosidl_typesupport_c.cpython-38-x86_64-linux-gnu.so
[15.145s] -- Set runtime path of "/home/kcg/copy/ROS2Sample/install/cognata_sdk_ros2/lib/python3.8/site-packages/cognata_sdk_ros2/cognata_sdk_ros2_s__rosidl_typesupport_c.cpython-38-x86_64-linux-gnu.so" to ""
[15.145s] -- Installing: /home/kcg/copy/ROS2Sample/install/cognata_sdk_ros2/lib/libcognata_sdk_ros2__python.so
[15.145s] -- Set runtime path of "/home/kcg/copy/ROS2Sample/install/cognata_sdk_ros2/lib/libcognata_sdk_ros2__python.so" to ""
[15.145s] -- Installing: /home/kcg/copy/ROS2Sample/install/cognata_sdk_ros2/share/cognata_sdk_ros2/msg/AnnotationMsg.idl
[15.145s] -- Installing: /home/kcg/copy/ROS2Sample/install/cognata_sdk_ros2/share/cognata_sdk_ros2/msg/BoundingBoxMsg.idl
[15.145s] -- Installing: /home/kcg/copy/ROS2Sample/install/cognata_sdk_ros2/share/cognata_sdk_ros2/msg/CarTelemetriesMsg.idl
[15.145s] -- Installing: /home/kcg/copy/ROS2Sample/install/cognata_sdk_ros2/share/cognata_sdk_ros2/msg/GPSAdditionalData.idl
[15.146s] -- Installing: /home/kcg/copy/ROS2Sample/install/cognata_sdk_ros2/share/cognata_sdk_ros2/msg/ObjectDescription.idl
[15.146s] -- Installing: /home/kcg/copy/ROS2Sample/install/cognata_sdk_ros2/share/cognata_sdk_ros2/msg/PedestrianMsg.idl
[15.146s] -- Installing: /home/kcg/copy/ROS2Sample/install/cognata_sdk_ros2/share/cognata_sdk_ros2/msg/RadarOutputHeader.idl
[15.146s] -- Installing: /home/kcg/copy/ROS2Sample/install/cognata_sdk_ros2/share/cognata_sdk_ros2/msg/RadarOutputTarget.idl
[15.146s] -- Installing: /home/kcg/copy/ROS2Sample/install/cognata_sdk_ros2/share/cognata_sdk_ros2/msg/ROIAndDOGTOutput.idl
[15.146s] -- Installing: /home/kcg/copy/ROS2Sample/install/cognata_sdk_ros2/share/cognata_sdk_ros2/msg/TrafficLightMsg.idl
[15.146s] -- Installing: /home/kcg/copy/ROS2Sample/install/cognata_sdk_ros2/share/cognata_sdk_ros2/msg/VehicleMsg.idl
[15.146s] -- Installing: /home/kcg/copy/ROS2Sample/install/cognata_sdk_ros2/share/cognata_sdk_ros2/msg/WheelMsg.idl
[15.146s] -- Installing: /home/kcg/copy/ROS2Sample/install/cognata_sdk_ros2/share/cognata_sdk_ros2/msg/WheelTelemetries.idl
[15.146s] -- Installing: /home/kcg/copy/ROS2Sample/install/cognata_sdk_ros2/share/cognata_sdk_ros2/msg/AnnotationMsg.msg
[15.146s] -- Installing: /home/kcg/copy/ROS2Sample/install/cognata_sdk_ros2/share/cognata_sdk_ros2/msg/BoundingBoxMsg.msg
[15.146s] -- Installing: /home/kcg/copy/ROS2Sample/install/cognata_sdk_ros2/share/cognata_sdk_ros2/msg/CarTelemetriesMsg.msg
[15.146s] -- Installing: /home/kcg/copy/ROS2Sample/install/cognata_sdk_ros2/share/cognata_sdk_ros2/msg/GPSAdditionalData.msg
[15.146s] -- Installing: /home/kcg/copy/ROS2Sample/install/cognata_sdk_ros2/share/cognata_sdk_ros2/msg/ObjectDescription.msg
[15.147s] -- Installing: /home/kcg/copy/ROS2Sample/install/cognata_sdk_ros2/share/cognata_sdk_ros2/msg/PedestrianMsg.msg
[15.147s] -- Installing: /home/kcg/copy/ROS2Sample/install/cognata_sdk_ros2/share/cognata_sdk_ros2/msg/RadarOutputHeader.msg
[15.147s] -- Installing: /home/kcg/copy/ROS2Sample/install/cognata_sdk_ros2/share/cognata_sdk_ros2/msg/RadarOutputTarget.msg
[15.147s] -- Installing: /home/kcg/copy/ROS2Sample/install/cognata_sdk_ros2/share/cognata_sdk_ros2/msg/ROIAndDOGTOutput.msg
[15.147s] -- Installing: /home/kcg/copy/ROS2Sample/install/cognata_sdk_ros2/share/cognata_sdk_ros2/msg/TrafficLightMsg.msg
[15.147s] -- Installing: /home/kcg/copy/ROS2Sample/install/cognata_sdk_ros2/share/cognata_sdk_ros2/msg/VehicleMsg.msg
[15.147s] -- Installing: /home/kcg/copy/ROS2Sample/install/cognata_sdk_ros2/share/cognata_sdk_ros2/msg/WheelMsg.msg
[15.147s] -- Installing: /home/kcg/copy/ROS2Sample/install/cognata_sdk_ros2/share/cognata_sdk_ros2/msg/WheelTelemetries.msg
[15.147s] -- Installing: /home/kcg/copy/ROS2Sample/install/cognata_sdk_ros2/lib/cognata_sdk_ros2/ROS2SDK
[15.152s] -- Set runtime path of "/home/kcg/copy/ROS2Sample/install/cognata_sdk_ros2/lib/cognata_sdk_ros2/ROS2SDK" to ""
[15.152s] -- Installing: /home/kcg/copy/ROS2Sample/install/cognata_sdk_ros2/share/ament_index/resource_index/package_run_dependencies/cognata_sdk_ros2
[15.152s] -- Installing: /home/kcg/copy/ROS2Sample/install/cognata_sdk_ros2/share/ament_index/resource_index/parent_prefix_path/cognata_sdk_ros2
[15.152s] -- Installing: /home/kcg/copy/ROS2Sample/install/cognata_sdk_ros2/share/cognata_sdk_ros2/environment/ament_prefix_path.sh
[15.153s] -- Installing: /home/kcg/copy/ROS2Sample/install/cognata_sdk_ros2/share/cognata_sdk_ros2/environment/ament_prefix_path.dsv
[15.153s] -- Installing: /home/kcg/copy/ROS2Sample/install/cognata_sdk_ros2/share/cognata_sdk_ros2/environment/path.sh
[15.153s] -- Installing: /home/kcg/copy/ROS2Sample/install/cognata_sdk_ros2/share/cognata_sdk_ros2/environment/path.dsv
[15.153s] -- Installing: /home/kcg/copy/ROS2Sample/install/cognata_sdk_ros2/share/cognata_sdk_ros2/local_setup.bash
[15.153s] -- Installing: /home/kcg/copy/ROS2Sample/install/cognata_sdk_ros2/share/cognata_sdk_ros2/local_setup.sh
[15.153s] -- Installing: /home/kcg/copy/ROS2Sample/install/cognata_sdk_ros2/share/cognata_sdk_ros2/local_setup.zsh
[15.153s] -- Installing: /home/kcg/copy/ROS2Sample/install/cognata_sdk_ros2/share/cognata_sdk_ros2/local_setup.dsv
[15.153s] -- Installing: /home/kcg/copy/ROS2Sample/install/cognata_sdk_ros2/share/cognata_sdk_ros2/package.dsv
[15.153s] -- Installing: /home/kcg/copy/ROS2Sample/install/cognata_sdk_ros2/share/ament_index/resource_index/packages/cognata_sdk_ros2
[15.153s] -- Installing: /home/kcg/copy/ROS2Sample/install/cognata_sdk_ros2/share/cognata_sdk_ros2/cmake/cognata_sdk_ros2__rosidl_generator_cExport.cmake
[15.153s] -- Installing: /home/kcg/copy/ROS2Sample/install/cognata_sdk_ros2/share/cognata_sdk_ros2/cmake/cognata_sdk_ros2__rosidl_generator_cExport-noconfig.cmake
[15.154s] -- Installing: /home/kcg/copy/ROS2Sample/install/cognata_sdk_ros2/share/cognata_sdk_ros2/cmake/cognata_sdk_ros2__rosidl_typesupport_introspection_cExport.cmake
[15.154s] -- Installing: /home/kcg/copy/ROS2Sample/install/cognata_sdk_ros2/share/cognata_sdk_ros2/cmake/cognata_sdk_ros2__rosidl_typesupport_introspection_cExport-noconfig.cmake
[15.154s] -- Installing: /home/kcg/copy/ROS2Sample/install/cognata_sdk_ros2/share/cognata_sdk_ros2/cmake/cognata_sdk_ros2__rosidl_typesupport_cExport.cmake
[15.154s] -- Installing: /home/kcg/copy/ROS2Sample/install/cognata_sdk_ros2/share/cognata_sdk_ros2/cmake/cognata_sdk_ros2__rosidl_typesupport_cExport-noconfig.cmake
[15.154s] -- Installing: /home/kcg/copy/ROS2Sample/install/cognata_sdk_ros2/share/cognata_sdk_ros2/cmake/cognata_sdk_ros2__rosidl_generator_cppExport.cmake
[15.154s] -- Installing: /home/kcg/copy/ROS2Sample/install/cognata_sdk_ros2/share/cognata_sdk_ros2/cmake/cognata_sdk_ros2__rosidl_typesupport_introspection_cppExport.cmake
[15.154s] -- Installing: /home/kcg/copy/ROS2Sample/install/cognata_sdk_ros2/share/cognata_sdk_ros2/cmake/cognata_sdk_ros2__rosidl_typesupport_introspection_cppExport-noconfig.cmake
[15.154s] -- Installing: /home/kcg/copy/ROS2Sample/install/cognata_sdk_ros2/share/cognata_sdk_ros2/cmake/cognata_sdk_ros2__rosidl_typesupport_cppExport.cmake
[15.154s] -- Installing: /home/kcg/copy/ROS2Sample/install/cognata_sdk_ros2/share/cognata_sdk_ros2/cmake/cognata_sdk_ros2__rosidl_typesupport_cppExport-noconfig.cmake
[15.154s] -- Installing: /home/kcg/copy/ROS2Sample/install/cognata_sdk_ros2/share/cognata_sdk_ros2/cmake/rosidl_cmake-extras.cmake
[15.155s] -- Installing: /home/kcg/copy/ROS2Sample/install/cognata_sdk_ros2/share/cognata_sdk_ros2/cmake/ament_cmake_export_dependencies-extras.cmake
[15.155s] -- Installing: /home/kcg/copy/ROS2Sample/install/cognata_sdk_ros2/share/cognata_sdk_ros2/cmake/ament_cmake_export_libraries-extras.cmake
[15.155s] -- Installing: /home/kcg/copy/ROS2Sample/install/cognata_sdk_ros2/share/cognata_sdk_ros2/cmake/ament_cmake_export_targets-extras.cmake
[15.155s] -- Installing: /home/kcg/copy/ROS2Sample/install/cognata_sdk_ros2/share/cognata_sdk_ros2/cmake/ament_cmake_export_include_directories-extras.cmake
[15.155s] -- Installing: /home/kcg/copy/ROS2Sample/install/cognata_sdk_ros2/share/cognata_sdk_ros2/cmake/rosidl_cmake_export_typesupport_libraries-extras.cmake
[15.155s] -- Installing: /home/kcg/copy/ROS2Sample/install/cognata_sdk_ros2/share/cognata_sdk_ros2/cmake/rosidl_cmake_export_typesupport_targets-extras.cmake
[15.155s] -- Installing: /home/kcg/copy/ROS2Sample/install/cognata_sdk_ros2/share/cognata_sdk_ros2/cmake/cognata_sdk_ros2Config.cmake
[15.155s] -- Installing: /home/kcg/copy/ROS2Sample/install/cognata_sdk_ros2/share/cognata_sdk_ros2/cmake/cognata_sdk_ros2Config-version.cmake
[15.155s] -- Installing: /home/kcg/copy/ROS2Sample/install/cognata_sdk_ros2/share/cognata_sdk_ros2/package.xml
[15.157s] Invoked command in '/home/kcg/copy/ROS2Sample/build/cognata_sdk_ros2' returned '0': CMAKE_PREFIX_PATH=${CMAKE_PREFIX_PATH}:/home/kcg/copy/ROS2Sample/install/python_publisher:/opt/ros/foxy /usr/bin/cmake --install /home/kcg/copy/ROS2Sample/build/cognata_sdk_ros2
