[0.458s] Invoking command in '/home/kcg/ROS2Sample/src/python_publisher': PYTHONPATH=/home/kcg/ROS2Sample/src/install/python_publisher/lib/python3.8/site-packages:/home/kcg/ROS2Sample/src/install/cognata_sdk_ros2/lib/python3.8/site-packages:/home/kcg/ROS2Sample/src/install/python_publisher/lib/python3.8/site-packages:/opt/ros/foxy/lib/python3.8/site-packages /usr/bin/python3 setup.py egg_info --egg-base ../build/python_publisher build --build-base /home/kcg/ROS2Sample/src/build/python_publisher/build install --prefix /home/kcg/ROS2Sample/src/install/python_publisher --record /home/kcg/ROS2Sample/src/build/python_publisher/install.log --single-version-externally-managed
[0.610s] running egg_info
[0.610s] writing ../build/python_publisher/python_publisher.egg-info/PKG-INFO
[0.611s] writing dependency_links to ../build/python_publisher/python_publisher.egg-info/dependency_links.txt
[0.611s] writing entry points to ../build/python_publisher/python_publisher.egg-info/entry_points.txt
[0.611s] writing requirements to ../build/python_publisher/python_publisher.egg-info/requires.txt
[0.611s] writing top-level names to ../build/python_publisher/python_publisher.egg-info/top_level.txt
[0.631s] reading manifest file '../build/python_publisher/python_publisher.egg-info/SOURCES.txt'
[0.632s] writing manifest file '../build/python_publisher/python_publisher.egg-info/SOURCES.txt'
[0.632s] running build
[0.632s] running build_py
[0.632s] copying python_publisher/adaptive_cruise_control.py -> /home/kcg/ROS2Sample/src/build/python_publisher/build/lib/python_publisher
[0.632s] copying python_publisher/controllerPID.py -> /home/kcg/ROS2Sample/src/build/python_publisher/build/lib/python_publisher
[0.632s] copying python_publisher/controllerPID_test.py -> /home/kcg/ROS2Sample/src/build/python_publisher/build/lib/python_publisher
[0.632s] running install
[0.633s] running install_lib
[0.633s] copying /home/kcg/ROS2Sample/src/build/python_publisher/build/lib/python_publisher/adaptive_cruise_control.py -> /home/kcg/ROS2Sample/src/install/python_publisher/lib/python3.8/site-packages/python_publisher
[0.634s] copying /home/kcg/ROS2Sample/src/build/python_publisher/build/lib/python_publisher/controllerPID.py -> /home/kcg/ROS2Sample/src/install/python_publisher/lib/python3.8/site-packages/python_publisher
[0.634s] copying /home/kcg/ROS2Sample/src/build/python_publisher/build/lib/python_publisher/controllerPID_test.py -> /home/kcg/ROS2Sample/src/install/python_publisher/lib/python3.8/site-packages/python_publisher
[0.634s] byte-compiling /home/kcg/ROS2Sample/src/install/python_publisher/lib/python3.8/site-packages/python_publisher/adaptive_cruise_control.py to adaptive_cruise_control.cpython-38.pyc
[0.636s] byte-compiling /home/kcg/ROS2Sample/src/install/python_publisher/lib/python3.8/site-packages/python_publisher/controllerPID.py to controllerPID.cpython-38.pyc
[0.636s] byte-compiling /home/kcg/ROS2Sample/src/install/python_publisher/lib/python3.8/site-packages/python_publisher/controllerPID_test.py to controllerPID_test.cpython-38.pyc
[0.636s] running install_data
[0.637s] running install_egg_info
[0.638s] removing '/home/kcg/ROS2Sample/src/install/python_publisher/lib/python3.8/site-packages/python_publisher-0.0.0-py3.8.egg-info' (and everything under it)
[0.638s] Copying ../build/python_publisher/python_publisher.egg-info to /home/kcg/ROS2Sample/src/install/python_publisher/lib/python3.8/site-packages/python_publisher-0.0.0-py3.8.egg-info
[0.638s] running install_scripts
[0.648s] Installing acc script to /home/kcg/ROS2Sample/src/install/python_publisher/lib/python_publisher
[0.648s] Installing publisher script to /home/kcg/ROS2Sample/src/install/python_publisher/lib/python_publisher
[0.648s] writing list of installed files to '/home/kcg/ROS2Sample/src/build/python_publisher/install.log'
[0.663s] Invoked command in '/home/kcg/ROS2Sample/src/python_publisher' returned '0': PYTHONPATH=/home/kcg/ROS2Sample/src/install/python_publisher/lib/python3.8/site-packages:/home/kcg/ROS2Sample/src/install/cognata_sdk_ros2/lib/python3.8/site-packages:/home/kcg/ROS2Sample/src/install/python_publisher/lib/python3.8/site-packages:/opt/ros/foxy/lib/python3.8/site-packages /usr/bin/python3 setup.py egg_info --egg-base ../build/python_publisher build --build-base /home/kcg/ROS2Sample/src/build/python_publisher/build install --prefix /home/kcg/ROS2Sample/src/install/python_publisher --record /home/kcg/ROS2Sample/src/build/python_publisher/install.log --single-version-externally-managed
