[0.487s] Invoking command in '/home/kcg/copy/ROS2Sample/src/python_publisher': PYTHONPATH=/home/kcg/copy/ROS2Sample/src/python_publisher/install/python_publisher/lib/python3.8/site-packages:${PYTHONPATH} /usr/bin/python3 setup.py egg_info --egg-base build/python_publisher build --build-base /home/kcg/copy/ROS2Sample/src/python_publisher/build/python_publisher/build install --prefix /home/kcg/copy/ROS2Sample/src/python_publisher/install/python_publisher --record /home/kcg/copy/ROS2Sample/src/python_publisher/build/python_publisher/install.log --single-version-externally-managed
[0.644s] running egg_info
[0.644s] writing build/python_publisher/python_publisher.egg-info/PKG-INFO
[0.645s] writing dependency_links to build/python_publisher/python_publisher.egg-info/dependency_links.txt
[0.645s] writing entry points to build/python_publisher/python_publisher.egg-info/entry_points.txt
[0.645s] writing requirements to build/python_publisher/python_publisher.egg-info/requires.txt
[0.645s] writing top-level names to build/python_publisher/python_publisher.egg-info/top_level.txt
[0.665s] reading manifest file 'build/python_publisher/python_publisher.egg-info/SOURCES.txt'
[0.666s] writing manifest file 'build/python_publisher/python_publisher.egg-info/SOURCES.txt'
[0.667s] running build
[0.667s] running build_py
[0.667s] copying python_publisher/adaptive_cruise_control.py -> /home/kcg/copy/ROS2Sample/src/python_publisher/build/python_publisher/build/lib/python_publisher
[0.667s] running install
[0.667s] running install_lib
[0.668s] copying /home/kcg/copy/ROS2Sample/src/python_publisher/build/python_publisher/build/lib/python_publisher/adaptive_cruise_control.py -> /home/kcg/copy/ROS2Sample/src/python_publisher/install/python_publisher/lib/python3.8/site-packages/python_publisher
[0.668s] byte-compiling /home/kcg/copy/ROS2Sample/src/python_publisher/install/python_publisher/lib/python3.8/site-packages/python_publisher/adaptive_cruise_control.py to adaptive_cruise_control.cpython-38.pyc
[0.670s] running install_data
[0.671s] running install_egg_info
[0.671s] removing '/home/kcg/copy/ROS2Sample/src/python_publisher/install/python_publisher/lib/python3.8/site-packages/python_publisher-0.0.0-py3.8.egg-info' (and everything under it)
[0.672s] Copying build/python_publisher/python_publisher.egg-info to /home/kcg/copy/ROS2Sample/src/python_publisher/install/python_publisher/lib/python3.8/site-packages/python_publisher-0.0.0-py3.8.egg-info
[0.672s] running install_scripts
[0.682s] Installing acc script to /home/kcg/copy/ROS2Sample/src/python_publisher/install/python_publisher/lib/python_publisher
[0.682s] Installing pid script to /home/kcg/copy/ROS2Sample/src/python_publisher/install/python_publisher/lib/python_publisher
[0.683s] Installing publisher script to /home/kcg/copy/ROS2Sample/src/python_publisher/install/python_publisher/lib/python_publisher
[0.683s] Installing rcc script to /home/kcg/copy/ROS2Sample/src/python_publisher/install/python_publisher/lib/python_publisher
[0.683s] writing list of installed files to '/home/kcg/copy/ROS2Sample/src/python_publisher/build/python_publisher/install.log'
[0.694s] Invoked command in '/home/kcg/copy/ROS2Sample/src/python_publisher' returned '0': PYTHONPATH=/home/kcg/copy/ROS2Sample/src/python_publisher/install/python_publisher/lib/python3.8/site-packages:${PYTHONPATH} /usr/bin/python3 setup.py egg_info --egg-base build/python_publisher build --build-base /home/kcg/copy/ROS2Sample/src/python_publisher/build/python_publisher/build install --prefix /home/kcg/copy/ROS2Sample/src/python_publisher/install/python_publisher --record /home/kcg/copy/ROS2Sample/src/python_publisher/build/python_publisher/install.log --single-version-externally-managed
