[0.797s] Invoking command in '/home/kcg/ROS2Sample/src/python_publisher': PYTHONPATH=/home/kcg/ROS2Sample/src/python_publisher/install/python_publisher/lib/python3.8/site-packages:${PYTHONPATH} /usr/bin/python3 setup.py egg_info --egg-base build/python_publisher build --build-base /home/kcg/ROS2Sample/src/python_publisher/build/python_publisher/build install --prefix /home/kcg/ROS2Sample/src/python_publisher/install/python_publisher --record /home/kcg/ROS2Sample/src/python_publisher/build/python_publisher/install.log --single-version-externally-managed
[1.006s] running egg_info
[1.007s] creating build/python_publisher/python_publisher.egg-info
[1.007s] writing build/python_publisher/python_publisher.egg-info/PKG-INFO
[1.007s] writing dependency_links to build/python_publisher/python_publisher.egg-info/dependency_links.txt
[1.007s] writing entry points to build/python_publisher/python_publisher.egg-info/entry_points.txt
[1.007s] writing requirements to build/python_publisher/python_publisher.egg-info/requires.txt
[1.008s] writing top-level names to build/python_publisher/python_publisher.egg-info/top_level.txt
[1.012s] writing manifest file 'build/python_publisher/python_publisher.egg-info/SOURCES.txt'
[1.037s] reading manifest file 'build/python_publisher/python_publisher.egg-info/SOURCES.txt'
[1.038s] writing manifest file 'build/python_publisher/python_publisher.egg-info/SOURCES.txt'
[1.038s] running build
[1.038s] running build_py
[1.038s] creating /home/kcg/ROS2Sample/src/python_publisher/build/python_publisher/build
[1.038s] creating /home/kcg/ROS2Sample/src/python_publisher/build/python_publisher/build/lib
[1.039s] creating /home/kcg/ROS2Sample/src/python_publisher/build/python_publisher/build/lib/python_publisher
[1.039s] copying python_publisher/__init__.py -> /home/kcg/ROS2Sample/src/python_publisher/build/python_publisher/build/lib/python_publisher
[1.039s] copying python_publisher/steertry.py -> /home/kcg/ROS2Sample/src/python_publisher/build/python_publisher/build/lib/python_publisher
[1.039s] copying python_publisher/adaptive_cruise_control.py -> /home/kcg/ROS2Sample/src/python_publisher/build/python_publisher/build/lib/python_publisher
[1.039s] running install
[1.039s] running install_lib
[1.040s] creating /home/kcg/ROS2Sample/src/python_publisher/install/python_publisher/lib/python3.8/site-packages/python_publisher
[1.040s] copying /home/kcg/ROS2Sample/src/python_publisher/build/python_publisher/build/lib/python_publisher/__init__.py -> /home/kcg/ROS2Sample/src/python_publisher/install/python_publisher/lib/python3.8/site-packages/python_publisher
[1.040s] copying /home/kcg/ROS2Sample/src/python_publisher/build/python_publisher/build/lib/python_publisher/steertry.py -> /home/kcg/ROS2Sample/src/python_publisher/install/python_publisher/lib/python3.8/site-packages/python_publisher
[1.040s] copying /home/kcg/ROS2Sample/src/python_publisher/build/python_publisher/build/lib/python_publisher/adaptive_cruise_control.py -> /home/kcg/ROS2Sample/src/python_publisher/install/python_publisher/lib/python3.8/site-packages/python_publisher
[1.041s] byte-compiling /home/kcg/ROS2Sample/src/python_publisher/install/python_publisher/lib/python3.8/site-packages/python_publisher/__init__.py to __init__.cpython-38.pyc
[1.042s] byte-compiling /home/kcg/ROS2Sample/src/python_publisher/install/python_publisher/lib/python3.8/site-packages/python_publisher/steertry.py to steertry.cpython-38.pyc
[1.042s] byte-compiling /home/kcg/ROS2Sample/src/python_publisher/install/python_publisher/lib/python3.8/site-packages/python_publisher/adaptive_cruise_control.py to adaptive_cruise_control.cpython-38.pyc
[1.043s] running install_data
[1.043s] creating /home/kcg/ROS2Sample/src/python_publisher/install/python_publisher/share/ament_index
[1.043s] creating /home/kcg/ROS2Sample/src/python_publisher/install/python_publisher/share/ament_index/resource_index
[1.043s] creating /home/kcg/ROS2Sample/src/python_publisher/install/python_publisher/share/ament_index/resource_index/packages
[1.044s] copying resource/python_publisher -> /home/kcg/ROS2Sample/src/python_publisher/install/python_publisher/share/ament_index/resource_index/packages
[1.044s] copying package.xml -> /home/kcg/ROS2Sample/src/python_publisher/install/python_publisher/share/python_publisher
[1.044s] running install_egg_info
[1.045s] Copying build/python_publisher/python_publisher.egg-info to /home/kcg/ROS2Sample/src/python_publisher/install/python_publisher/lib/python3.8/site-packages/python_publisher-0.0.0-py3.8.egg-info
[1.045s] running install_scripts
[1.057s] Installing publisher script to /home/kcg/ROS2Sample/src/python_publisher/install/python_publisher/lib/python_publisher
[1.057s] writing list of installed files to '/home/kcg/ROS2Sample/src/python_publisher/build/python_publisher/install.log'
[1.072s] Invoked command in '/home/kcg/ROS2Sample/src/python_publisher' returned '0': PYTHONPATH=/home/kcg/ROS2Sample/src/python_publisher/install/python_publisher/lib/python3.8/site-packages:${PYTHONPATH} /usr/bin/python3 setup.py egg_info --egg-base build/python_publisher build --build-base /home/kcg/ROS2Sample/src/python_publisher/build/python_publisher/build install --prefix /home/kcg/ROS2Sample/src/python_publisher/install/python_publisher --record /home/kcg/ROS2Sample/src/python_publisher/build/python_publisher/install.log --single-version-externally-managed
