[0.382s] DEBUG:colcon:Command line arguments: ['/home/kcg/.local/bin/colcon', 'build']
[0.382s] DEBUG:colcon:Parsed command line arguments: Namespace(allow_overriding=[], ament_cmake_args=None, base_paths=['.'], build_base='build', catkin_cmake_args=None, catkin_skip_building_tests=False, cmake_args=None, cmake_clean_cache=False, cmake_clean_first=False, cmake_force_configure=False, cmake_target=None, cmake_target_skip_unavailable=False, continue_on_error=False, event_handlers=None, executor='parallel', ignore_user_meta=False, install_base='install', log_base=None, log_level=None, main=<bound method BuildVerb.main of <colcon_core.verb.build.BuildVerb object at 0x7f2c32d621f0>>, merge_install=False, metas=['./colcon.meta'], packages_above=None, packages_above_and_dependencies=None, packages_above_depth=None, packages_end=None, packages_ignore=None, packages_ignore_regex=None, packages_select=None, packages_select_build_failed=False, packages_select_by_dep=None, packages_select_regex=None, packages_select_test_failures=False, packages_skip=None, packages_skip_build_finished=False, packages_skip_by_dep=None, packages_skip_regex=None, packages_skip_test_passed=False, packages_skip_up_to=None, packages_start=None, packages_up_to=None, packages_up_to_regex=None, parallel_workers=20, paths=None, symlink_install=False, test_result_base=None, verb_extension=<colcon_core.verb.build.BuildVerb object at 0x7f2c32d621f0>, verb_name='build', verb_parser=<colcon_defaults.argument_parser.defaults.DefaultArgumentsDecorator object at 0x7f2c32d62730>)
[0.392s] Level 1:colcon.colcon_core.package_discovery:discover_packages(colcon_meta) check parameters
[0.392s] Level 1:colcon.colcon_core.package_discovery:discover_packages(recursive) check parameters
[0.392s] Level 1:colcon.colcon_core.package_discovery:discover_packages(ignore) check parameters
[0.392s] Level 1:colcon.colcon_core.package_discovery:discover_packages(path) check parameters
[0.392s] Level 1:colcon.colcon_core.package_discovery:discover_packages(colcon_meta) discover
[0.392s] Level 1:colcon.colcon_core.package_discovery:discover_packages(recursive) discover
[0.392s] INFO:colcon.colcon_core.package_discovery:Crawling recursively for packages in '/home/kcg/copy/idan_driver_ws/idan_driver/autoware_auto_msgs/autoware_auto_vehicle_msgs'
[0.392s] Level 1:colcon.colcon_core.package_identification:_identify(.) by extensions ['ignore', 'ignore_ament_install']
[0.392s] Level 1:colcon.colcon_core.package_identification:_identify(.) by extension 'ignore'
[0.393s] Level 1:colcon.colcon_core.package_identification:_identify(.) by extension 'ignore_ament_install'
[0.393s] Level 1:colcon.colcon_core.package_identification:_identify(.) by extensions ['colcon_pkg']
[0.393s] Level 1:colcon.colcon_core.package_identification:_identify(.) by extension 'colcon_pkg'
[0.393s] Level 1:colcon.colcon_core.package_identification:_identify(.) by extensions ['colcon_meta']
[0.393s] Level 1:colcon.colcon_core.package_identification:_identify(.) by extension 'colcon_meta'
[0.393s] Level 1:colcon.colcon_core.package_identification:_identify(.) by extensions ['ros']
[0.393s] Level 1:colcon.colcon_core.package_identification:_identify(.) by extension 'ros'
[0.407s] DEBUG:colcon.colcon_core.package_identification:Package '.' with type 'ros.ament_cmake' and name 'autoware_auto_vehicle_msgs'
[0.407s] Level 1:colcon.colcon_core.package_discovery:discover_packages(recursive) using defaults
[0.407s] Level 1:colcon.colcon_core.package_discovery:discover_packages(ignore) discover
[0.407s] Level 1:colcon.colcon_core.package_discovery:discover_packages(ignore) using defaults
[0.407s] Level 1:colcon.colcon_core.package_discovery:discover_packages(path) discover
[0.407s] Level 1:colcon.colcon_core.package_discovery:discover_packages(path) using defaults
[0.429s] Level 1:colcon.colcon_core.package_discovery:discover_packages(prefix_path) check parameters
[0.429s] Level 1:colcon.colcon_core.package_discovery:discover_packages(prefix_path) discover
[0.435s] DEBUG:colcon.colcon_installed_package_information.package_discovery:Found 257 installed packages in /opt/ros/foxy
[0.436s] Level 1:colcon.colcon_core.package_discovery:discover_packages(prefix_path) using defaults
[0.530s] Level 5:colcon.colcon_core.verb:set package 'autoware_auto_vehicle_msgs' build argument 'cmake_args' from command line to 'None'
[0.530s] Level 5:colcon.colcon_core.verb:set package 'autoware_auto_vehicle_msgs' build argument 'cmake_target' from command line to 'None'
[0.530s] Level 5:colcon.colcon_core.verb:set package 'autoware_auto_vehicle_msgs' build argument 'cmake_target_skip_unavailable' from command line to 'False'
[0.530s] Level 5:colcon.colcon_core.verb:set package 'autoware_auto_vehicle_msgs' build argument 'cmake_clean_cache' from command line to 'False'
[0.530s] Level 5:colcon.colcon_core.verb:set package 'autoware_auto_vehicle_msgs' build argument 'cmake_clean_first' from command line to 'False'
[0.530s] Level 5:colcon.colcon_core.verb:set package 'autoware_auto_vehicle_msgs' build argument 'cmake_force_configure' from command line to 'False'
[0.530s] Level 5:colcon.colcon_core.verb:set package 'autoware_auto_vehicle_msgs' build argument 'ament_cmake_args' from command line to 'None'
[0.530s] Level 5:colcon.colcon_core.verb:set package 'autoware_auto_vehicle_msgs' build argument 'catkin_cmake_args' from command line to 'None'
[0.530s] Level 5:colcon.colcon_core.verb:set package 'autoware_auto_vehicle_msgs' build argument 'catkin_skip_building_tests' from command line to 'False'
[0.530s] DEBUG:colcon.colcon_core.verb:Building package 'autoware_auto_vehicle_msgs' with the following arguments: {'ament_cmake_args': None, 'build_base': '/home/kcg/copy/idan_driver_ws/idan_driver/autoware_auto_msgs/autoware_auto_vehicle_msgs/build/autoware_auto_vehicle_msgs', 'catkin_cmake_args': None, 'catkin_skip_building_tests': False, 'cmake_args': None, 'cmake_clean_cache': False, 'cmake_clean_first': False, 'cmake_force_configure': False, 'cmake_target': None, 'cmake_target_skip_unavailable': False, 'install_base': '/home/kcg/copy/idan_driver_ws/idan_driver/autoware_auto_msgs/autoware_auto_vehicle_msgs/install/autoware_auto_vehicle_msgs', 'merge_install': False, 'path': '/home/kcg/copy/idan_driver_ws/idan_driver/autoware_auto_msgs/autoware_auto_vehicle_msgs', 'symlink_install': False, 'test_result_base': None}
[0.537s] INFO:colcon.colcon_core.executor:Executing jobs using 'parallel' executor
[0.546s] DEBUG:colcon.colcon_parallel_executor.executor.parallel:run_until_complete
[0.546s] INFO:colcon.colcon_ros.task.ament_cmake.build:Building ROS package in '/home/kcg/copy/idan_driver_ws/idan_driver/autoware_auto_msgs/autoware_auto_vehicle_msgs' with build type 'ament_cmake'
[0.546s] INFO:colcon.colcon_cmake.task.cmake.build:Building CMake package in '/home/kcg/copy/idan_driver_ws/idan_driver/autoware_auto_msgs/autoware_auto_vehicle_msgs'
[0.552s] INFO:colcon.colcon_core.plugin_system:Skipping extension 'colcon_core.shell.bat': Not used on non-Windows systems
[0.552s] INFO:colcon.colcon_core.shell:Skip shell extension 'powershell' for command environment: Not usable outside of PowerShell
[0.552s] DEBUG:colcon.colcon_core.shell:Skip shell extension 'dsv' for command environment
[0.563s] DEBUG:colcon.colcon_core.event_handler.log_command:Invoking command in '/home/kcg/copy/idan_driver_ws/idan_driver/autoware_auto_msgs/autoware_auto_vehicle_msgs/build/autoware_auto_vehicle_msgs': CMAKE_PREFIX_PATH=/opt/ros/foxy /usr/bin/cmake /home/kcg/copy/idan_driver_ws/idan_driver/autoware_auto_msgs/autoware_auto_vehicle_msgs -DCMAKE_INSTALL_PREFIX=/home/kcg/copy/idan_driver_ws/idan_driver/autoware_auto_msgs/autoware_auto_vehicle_msgs/install/autoware_auto_vehicle_msgs
[0.914s] DEBUG:colcon.colcon_core.event_handler.log_command:Invoked command in '/home/kcg/copy/idan_driver_ws/idan_driver/autoware_auto_msgs/autoware_auto_vehicle_msgs/build/autoware_auto_vehicle_msgs' returned '1': CMAKE_PREFIX_PATH=/opt/ros/foxy /usr/bin/cmake /home/kcg/copy/idan_driver_ws/idan_driver/autoware_auto_msgs/autoware_auto_vehicle_msgs -DCMAKE_INSTALL_PREFIX=/home/kcg/copy/idan_driver_ws/idan_driver/autoware_auto_msgs/autoware_auto_vehicle_msgs/install/autoware_auto_vehicle_msgs
[0.921s] Level 1:colcon.colcon_core.environment:create_environment_scripts_only(autoware_auto_vehicle_msgs)
[0.927s] Level 1:colcon.colcon_core.environment:checking '/home/kcg/copy/idan_driver_ws/idan_driver/autoware_auto_msgs/autoware_auto_vehicle_msgs/install/autoware_auto_vehicle_msgs' for CMake module files
[0.927s] Level 1:colcon.colcon_core.environment:checking '/home/kcg/copy/idan_driver_ws/idan_driver/autoware_auto_msgs/autoware_auto_vehicle_msgs/install/autoware_auto_vehicle_msgs' for CMake config files
[0.928s] Level 1:colcon.colcon_core.environment:checking '/home/kcg/copy/idan_driver_ws/idan_driver/autoware_auto_msgs/autoware_auto_vehicle_msgs/install/autoware_auto_vehicle_msgs/bin'
[0.928s] Level 1:colcon.colcon_core.environment:checking '/home/kcg/copy/idan_driver_ws/idan_driver/autoware_auto_msgs/autoware_auto_vehicle_msgs/install/autoware_auto_vehicle_msgs/lib/pkgconfig/autoware_auto_vehicle_msgs.pc'
[0.928s] Level 1:colcon.colcon_core.environment:checking '/home/kcg/copy/idan_driver_ws/idan_driver/autoware_auto_msgs/autoware_auto_vehicle_msgs/install/autoware_auto_vehicle_msgs/lib/python3.8/site-packages'
[0.931s] INFO:colcon.colcon_core.shell:Creating package script '/home/kcg/copy/idan_driver_ws/idan_driver/autoware_auto_msgs/autoware_auto_vehicle_msgs/install/autoware_auto_vehicle_msgs/share/autoware_auto_vehicle_msgs/package.ps1'
[0.932s] INFO:colcon.colcon_core.shell:Creating package descriptor '/home/kcg/copy/idan_driver_ws/idan_driver/autoware_auto_msgs/autoware_auto_vehicle_msgs/install/autoware_auto_vehicle_msgs/share/autoware_auto_vehicle_msgs/package.dsv'
[0.932s] INFO:colcon.colcon_core.shell:Creating package script '/home/kcg/copy/idan_driver_ws/idan_driver/autoware_auto_msgs/autoware_auto_vehicle_msgs/install/autoware_auto_vehicle_msgs/share/autoware_auto_vehicle_msgs/package.sh'
[0.933s] INFO:colcon.colcon_core.shell:Creating package script '/home/kcg/copy/idan_driver_ws/idan_driver/autoware_auto_msgs/autoware_auto_vehicle_msgs/install/autoware_auto_vehicle_msgs/share/autoware_auto_vehicle_msgs/package.bash'
[0.933s] INFO:colcon.colcon_core.shell:Creating package script '/home/kcg/copy/idan_driver_ws/idan_driver/autoware_auto_msgs/autoware_auto_vehicle_msgs/install/autoware_auto_vehicle_msgs/share/autoware_auto_vehicle_msgs/package.zsh'
[0.933s] Level 1:colcon.colcon_core.environment:create_file_with_runtime_dependencies(/home/kcg/copy/idan_driver_ws/idan_driver/autoware_auto_msgs/autoware_auto_vehicle_msgs/install/autoware_auto_vehicle_msgs/share/colcon-core/packages/autoware_auto_vehicle_msgs)
[0.944s] DEBUG:colcon.colcon_parallel_executor.executor.parallel:closing loop
[0.944s] DEBUG:colcon.colcon_parallel_executor.executor.parallel:loop closed
[0.945s] DEBUG:colcon.colcon_parallel_executor.executor.parallel:run_until_complete finished with '1'
[0.945s] DEBUG:colcon.colcon_core.event_reactor:joining thread
[0.956s] INFO:colcon.colcon_core.plugin_system:Skipping extension 'colcon_notification.desktop_notification.terminal_notifier': Not used on non-Darwin systems
[0.956s] INFO:colcon.colcon_core.plugin_system:Skipping extension 'colcon_notification.desktop_notification.win32': Not used on non-Windows systems
[0.956s] INFO:colcon.colcon_notification.desktop_notification:Sending desktop notification using 'notify2'
[0.966s] DEBUG:colcon.colcon_core.event_reactor:joined thread
[0.971s] INFO:colcon.colcon_core.shell:Creating prefix script '/home/kcg/copy/idan_driver_ws/idan_driver/autoware_auto_msgs/autoware_auto_vehicle_msgs/install/local_setup.ps1'
[0.971s] INFO:colcon.colcon_core.shell:Creating prefix util module '/home/kcg/copy/idan_driver_ws/idan_driver/autoware_auto_msgs/autoware_auto_vehicle_msgs/install/_local_setup_util_ps1.py'
[0.972s] INFO:colcon.colcon_core.shell:Creating prefix chain script '/home/kcg/copy/idan_driver_ws/idan_driver/autoware_auto_msgs/autoware_auto_vehicle_msgs/install/setup.ps1'
[0.976s] INFO:colcon.colcon_core.shell:Creating prefix script '/home/kcg/copy/idan_driver_ws/idan_driver/autoware_auto_msgs/autoware_auto_vehicle_msgs/install/local_setup.sh'
[0.976s] INFO:colcon.colcon_core.shell:Creating prefix util module '/home/kcg/copy/idan_driver_ws/idan_driver/autoware_auto_msgs/autoware_auto_vehicle_msgs/install/_local_setup_util_sh.py'
[0.976s] INFO:colcon.colcon_core.shell:Creating prefix chain script '/home/kcg/copy/idan_driver_ws/idan_driver/autoware_auto_msgs/autoware_auto_vehicle_msgs/install/setup.sh'
[0.980s] INFO:colcon.colcon_core.shell:Creating prefix script '/home/kcg/copy/idan_driver_ws/idan_driver/autoware_auto_msgs/autoware_auto_vehicle_msgs/install/local_setup.bash'
[0.980s] INFO:colcon.colcon_core.shell:Creating prefix chain script '/home/kcg/copy/idan_driver_ws/idan_driver/autoware_auto_msgs/autoware_auto_vehicle_msgs/install/setup.bash'
[0.984s] INFO:colcon.colcon_core.shell:Creating prefix script '/home/kcg/copy/idan_driver_ws/idan_driver/autoware_auto_msgs/autoware_auto_vehicle_msgs/install/local_setup.zsh'
[0.984s] INFO:colcon.colcon_core.shell:Creating prefix chain script '/home/kcg/copy/idan_driver_ws/idan_driver/autoware_auto_msgs/autoware_auto_vehicle_msgs/install/setup.zsh'
