running egg_info
creating build/py_pkg/py_pkg.egg-info
writing build/py_pkg/py_pkg.egg-info/PKG-INFO
writing dependency_links to build/py_pkg/py_pkg.egg-info/dependency_links.txt
writing entry points to build/py_pkg/py_pkg.egg-info/entry_points.txt
writing requirements to build/py_pkg/py_pkg.egg-info/requires.txt
writing top-level names to build/py_pkg/py_pkg.egg-info/top_level.txt
writing manifest file 'build/py_pkg/py_pkg.egg-info/SOURCES.txt'
reading manifest file 'build/py_pkg/py_pkg.egg-info/SOURCES.txt'
writing manifest file 'build/py_pkg/py_pkg.egg-info/SOURCES.txt'
running build
running build_py
creating /home/shovals/copy/py_pkg/build/py_pkg/build
creating /home/shovals/copy/py_pkg/build/py_pkg/build/lib
creating /home/shovals/copy/py_pkg/build/py_pkg/build/lib/py_pkg
copying py_pkg/__init__.py -> /home/shovals/copy/py_pkg/build/py_pkg/build/lib/py_pkg
copying py_pkg/py_node.py -> /home/shovals/copy/py_pkg/build/py_pkg/build/lib/py_pkg
running install
running install_lib
creating /home/shovals/copy/py_pkg/install/py_pkg/lib/python3.8/site-packages/py_pkg
copying /home/shovals/copy/py_pkg/build/py_pkg/build/lib/py_pkg/__init__.py -> /home/shovals/copy/py_pkg/install/py_pkg/lib/python3.8/site-packages/py_pkg
copying /home/shovals/copy/py_pkg/build/py_pkg/build/lib/py_pkg/py_node.py -> /home/shovals/copy/py_pkg/install/py_pkg/lib/python3.8/site-packages/py_pkg
byte-compiling /home/shovals/copy/py_pkg/install/py_pkg/lib/python3.8/site-packages/py_pkg/__init__.py to __init__.cpython-38.pyc
byte-compiling /home/shovals/copy/py_pkg/install/py_pkg/lib/python3.8/site-packages/py_pkg/py_node.py to py_node.cpython-38.pyc
running install_data
creating /home/shovals/copy/py_pkg/install/py_pkg/share/ament_index
creating /home/shovals/copy/py_pkg/install/py_pkg/share/ament_index/resource_index
creating /home/shovals/copy/py_pkg/install/py_pkg/share/ament_index/resource_index/packages
copying resource/py_pkg -> /home/shovals/copy/py_pkg/install/py_pkg/share/ament_index/resource_index/packages
copying package.xml -> /home/shovals/copy/py_pkg/install/py_pkg/share/py_pkg
running install_egg_info
Copying build/py_pkg/py_pkg.egg-info to /home/shovals/copy/py_pkg/install/py_pkg/lib/python3.8/site-packages/py_pkg-0.0.0-py3.8.egg-info
running install_scripts
Installing listener script to /home/shovals/copy/py_pkg/install/py_pkg/lib/py_pkg
writing list of installed files to '/home/shovals/copy/py_pkg/build/py_pkg/install.log'
