[0.716s] Invoking command in '/home/kcg/copy/ROS2Sample/src/python_publisher': PYTHONPATH=/home/kcg/copy/ROS2Sample/install/python_publisher/lib/python3.8/site-packages:/home/kcg/copy/ROS2Sample/install/cognata_sdk_ros2/lib/python3.8/site-packages:/home/kcg/copy/ROS2Sample/install/python_publisher/lib/python3.8/site-packages:/home/kcg/copy/ROS2Sample/src/python_publisher/install/python_publisher/lib/python3.8/site-packages:/home/kcg/copy/ROS2Sample/src/install/python_publisher/lib/python3.8/site-packages:/home/kcg/copy/ROS2Sample/src/install/cognata_sdk_ros2/lib/python3.8/site-packages:/opt/ros/foxy/lib/python3.8/site-packages /usr/bin/python3 setup.py egg_info --egg-base ../../build/python_publisher build --build-base /home/kcg/copy/ROS2Sample/build/python_publisher/build install --prefix /home/kcg/copy/ROS2Sample/install/python_publisher --record /home/kcg/copy/ROS2Sample/build/python_publisher/install.log --single-version-externally-managed
[0.896s] running egg_info
[0.896s] writing ../../build/python_publisher/python_publisher.egg-info/PKG-INFO
[0.907s] writing dependency_links to ../../build/python_publisher/python_publisher.egg-info/dependency_links.txt
[0.907s] writing entry points to ../../build/python_publisher/python_publisher.egg-info/entry_points.txt
[0.907s] writing requirements to ../../build/python_publisher/python_publisher.egg-info/requires.txt
[0.907s] writing top-level names to ../../build/python_publisher/python_publisher.egg-info/top_level.txt
[0.930s] reading manifest file '../../build/python_publisher/python_publisher.egg-info/SOURCES.txt'
[0.931s] writing manifest file '../../build/python_publisher/python_publisher.egg-info/SOURCES.txt'
[0.952s] running build
[0.953s] running build_py
[0.953s] copying python_publisher/adaptive_cruise_control.py -> /home/kcg/copy/ROS2Sample/build/python_publisher/build/lib/python_publisher
[0.953s] running install
[0.954s] running install_lib
[0.954s] copying /home/kcg/copy/ROS2Sample/build/python_publisher/build/lib/python_publisher/adaptive_cruise_control.py -> /home/kcg/copy/ROS2Sample/install/python_publisher/lib/python3.8/site-packages/python_publisher
[0.955s] byte-compiling /home/kcg/copy/ROS2Sample/install/python_publisher/lib/python3.8/site-packages/python_publisher/adaptive_cruise_control.py to adaptive_cruise_control.cpython-38.pyc
[2.221s] running install_data
[2.221s] running install_egg_info
[2.221s] removing '/home/kcg/copy/ROS2Sample/install/python_publisher/lib/python3.8/site-packages/python_publisher-0.0.0-py3.8.egg-info' (and everything under it)
[2.222s] Copying ../../build/python_publisher/python_publisher.egg-info to /home/kcg/copy/ROS2Sample/install/python_publisher/lib/python3.8/site-packages/python_publisher-0.0.0-py3.8.egg-info
[2.222s] running install_scripts
[2.240s] Installing acc script to /home/kcg/copy/ROS2Sample/install/python_publisher/lib/python_publisher
[2.272s] Installing pid script to /home/kcg/copy/ROS2Sample/install/python_publisher/lib/python_publisher
[2.272s] Installing publisher script to /home/kcg/copy/ROS2Sample/install/python_publisher/lib/python_publisher
[2.272s] Installing rcc script to /home/kcg/copy/ROS2Sample/install/python_publisher/lib/python_publisher
[2.272s] writing list of installed files to '/home/kcg/copy/ROS2Sample/build/python_publisher/install.log'
[2.291s] Invoked command in '/home/kcg/copy/ROS2Sample/src/python_publisher' returned '0': PYTHONPATH=/home/kcg/copy/ROS2Sample/install/python_publisher/lib/python3.8/site-packages:/home/kcg/copy/ROS2Sample/install/cognata_sdk_ros2/lib/python3.8/site-packages:/home/kcg/copy/ROS2Sample/install/python_publisher/lib/python3.8/site-packages:/home/kcg/copy/ROS2Sample/src/python_publisher/install/python_publisher/lib/python3.8/site-packages:/home/kcg/copy/ROS2Sample/src/install/python_publisher/lib/python3.8/site-packages:/home/kcg/copy/ROS2Sample/src/install/cognata_sdk_ros2/lib/python3.8/site-packages:/opt/ros/foxy/lib/python3.8/site-packages /usr/bin/python3 setup.py egg_info --egg-base ../../build/python_publisher build --build-base /home/kcg/copy/ROS2Sample/build/python_publisher/build install --prefix /home/kcg/copy/ROS2Sample/install/python_publisher --record /home/kcg/copy/ROS2Sample/build/python_publisher/install.log --single-version-externally-managed
