[0.061s] Invoking command in '/home/kcg/Autonomous_kcg/ROS2Sample/build/autoware_auto_msgs': CMAKE_PREFIX_PATH=${CMAKE_PREFIX_PATH}:/home/kcg/Autonomous_kcg/ROS2Sample/install/python_publisher:/opt/ros/foxy /usr/bin/cmake --build /home/kcg/Autonomous_kcg/ROS2Sample/build/autoware_auto_msgs -- -j8 -l8
[0.173s] [  9%] Built target autoware_auto_msgs__rosidl_generator_c
[0.176s] [ 12%] Built target autoware_auto_msgs__cpp
[0.271s] [ 22%] Built target autoware_auto_msgs__rosidl_typesupport_introspection_c
[0.286s] [ 32%] Built target autoware_auto_msgs__rosidl_typesupport_c
[0.289s] [ 41%] Built target autoware_auto_msgs__rosidl_typesupport_introspection_cpp
[0.336s] [ 51%] Built target autoware_auto_msgs__rosidl_typesupport_cpp
[0.344s] [ 61%] Built target autoware_auto_msgs__rosidl_typesupport_fastrtps_cpp
[0.384s] [ 70%] Built target autoware_auto_msgs__rosidl_typesupport_fastrtps_c
[0.422s] [ 70%] Built target autoware_auto_msgs
[0.455s] [ 74%] Built target autoware_auto_msgs__py
[0.516s] [ 80%] Built target autoware_auto_msgs__python
[0.616s] [ 87%] Built target autoware_auto_msgs__rosidl_typesupport_introspection_c__pyext
[0.626s] [ 93%] Built target autoware_auto_msgs__rosidl_typesupport_c__pyext
[0.647s] [100%] Built target autoware_auto_msgs__rosidl_typesupport_fastrtps_c__pyext
[0.692s] Invoked command in '/home/kcg/Autonomous_kcg/ROS2Sample/build/autoware_auto_msgs' returned '0': CMAKE_PREFIX_PATH=${CMAKE_PREFIX_PATH}:/home/kcg/Autonomous_kcg/ROS2Sample/install/python_publisher:/opt/ros/foxy /usr/bin/cmake --build /home/kcg/Autonomous_kcg/ROS2Sample/build/autoware_auto_msgs -- -j8 -l8
[0.844s] Invoking command in '/home/kcg/Autonomous_kcg/ROS2Sample/build/autoware_auto_msgs': CMAKE_PREFIX_PATH=${CMAKE_PREFIX_PATH}:/home/kcg/Autonomous_kcg/ROS2Sample/install/python_publisher:/opt/ros/foxy /usr/bin/cmake --install /home/kcg/Autonomous_kcg/ROS2Sample/build/autoware_auto_msgs
[0.862s] -- Install configuration: ""
[0.862s] -- Up-to-date: /home/kcg/Autonomous_kcg/ROS2Sample/install/autoware_auto_msgs/share/ament_index/resource_index/rosidl_interfaces/autoware_auto_msgs
[0.863s] -- Up-to-date: /home/kcg/Autonomous_kcg/ROS2Sample/install/autoware_auto_msgs/include/autoware_auto_msgs
[0.863s] -- Up-to-date: /home/kcg/Autonomous_kcg/ROS2Sample/install/autoware_auto_msgs/include/autoware_auto_msgs/msg
[0.863s] -- Up-to-date: /home/kcg/Autonomous_kcg/ROS2Sample/install/autoware_auto_msgs/include/autoware_auto_msgs/msg/rosidl_generator_c__visibility_control.h
[0.864s] -- Up-to-date: /home/kcg/Autonomous_kcg/ROS2Sample/install/autoware_auto_msgs/include/autoware_auto_msgs/msg/vehicle_control_command.h
[0.864s] -- Up-to-date: /home/kcg/Autonomous_kcg/ROS2Sample/install/autoware_auto_msgs/include/autoware_auto_msgs/msg/detail
[0.864s] -- Up-to-date: /home/kcg/Autonomous_kcg/ROS2Sample/install/autoware_auto_msgs/include/autoware_auto_msgs/msg/detail/vehicle_control_command__struct.h
[0.865s] -- Up-to-date: /home/kcg/Autonomous_kcg/ROS2Sample/install/autoware_auto_msgs/include/autoware_auto_msgs/msg/detail/vehicle_control_command__functions.h
[0.865s] -- Up-to-date: /home/kcg/Autonomous_kcg/ROS2Sample/install/autoware_auto_msgs/include/autoware_auto_msgs/msg/detail/vehicle_control_command__functions.c
[0.866s] -- Up-to-date: /home/kcg/Autonomous_kcg/ROS2Sample/install/autoware_auto_msgs/include/autoware_auto_msgs/msg/detail/vehicle_control_command__type_support.h
[0.867s] -- Up-to-date: /home/kcg/Autonomous_kcg/ROS2Sample/install/autoware_auto_msgs/share/autoware_auto_msgs/environment/library_path.sh
[0.874s] -- Up-to-date: /home/kcg/Autonomous_kcg/ROS2Sample/install/autoware_auto_msgs/share/autoware_auto_msgs/environment/library_path.dsv
[0.879s] -- Up-to-date: /home/kcg/Autonomous_kcg/ROS2Sample/install/autoware_auto_msgs/lib/libautoware_auto_msgs__rosidl_generator_c.so
[0.880s] -- Up-to-date: /home/kcg/Autonomous_kcg/ROS2Sample/install/autoware_auto_msgs/include/autoware_auto_msgs
[0.880s] -- Up-to-date: /home/kcg/Autonomous_kcg/ROS2Sample/install/autoware_auto_msgs/include/autoware_auto_msgs/msg
[0.880s] -- Up-to-date: /home/kcg/Autonomous_kcg/ROS2Sample/install/autoware_auto_msgs/include/autoware_auto_msgs/msg/rosidl_typesupport_fastrtps_c__visibility_control.h
[0.880s] -- Up-to-date: /home/kcg/Autonomous_kcg/ROS2Sample/install/autoware_auto_msgs/include/autoware_auto_msgs/msg/detail
[0.880s] -- Up-to-date: /home/kcg/Autonomous_kcg/ROS2Sample/install/autoware_auto_msgs/include/autoware_auto_msgs/msg/detail/vehicle_control_command__rosidl_typesupport_fastrtps_c.h
[0.881s] -- Up-to-date: /home/kcg/Autonomous_kcg/ROS2Sample/install/autoware_auto_msgs/lib/libautoware_auto_msgs__rosidl_typesupport_fastrtps_c.so
[0.881s] -- Up-to-date: /home/kcg/Autonomous_kcg/ROS2Sample/install/autoware_auto_msgs/include/autoware_auto_msgs
[0.881s] -- Up-to-date: /home/kcg/Autonomous_kcg/ROS2Sample/install/autoware_auto_msgs/include/autoware_auto_msgs/msg
[0.881s] -- Up-to-date: /home/kcg/Autonomous_kcg/ROS2Sample/install/autoware_auto_msgs/include/autoware_auto_msgs/msg/detail
[0.882s] -- Up-to-date: /home/kcg/Autonomous_kcg/ROS2Sample/install/autoware_auto_msgs/include/autoware_auto_msgs/msg/detail/dds_fastrtps
[0.882s] -- Up-to-date: /home/kcg/Autonomous_kcg/ROS2Sample/install/autoware_auto_msgs/include/autoware_auto_msgs/msg/detail/vehicle_control_command__rosidl_typesupport_fastrtps_cpp.hpp
[0.882s] -- Up-to-date: /home/kcg/Autonomous_kcg/ROS2Sample/install/autoware_auto_msgs/include/autoware_auto_msgs/msg/rosidl_typesupport_fastrtps_cpp__visibility_control.h
[0.883s] -- Up-to-date: /home/kcg/Autonomous_kcg/ROS2Sample/install/autoware_auto_msgs/lib/libautoware_auto_msgs__rosidl_typesupport_fastrtps_cpp.so
[0.889s] -- Up-to-date: /home/kcg/Autonomous_kcg/ROS2Sample/install/autoware_auto_msgs/include/autoware_auto_msgs
[0.890s] -- Up-to-date: /home/kcg/Autonomous_kcg/ROS2Sample/install/autoware_auto_msgs/include/autoware_auto_msgs/msg
[0.890s] -- Up-to-date: /home/kcg/Autonomous_kcg/ROS2Sample/install/autoware_auto_msgs/include/autoware_auto_msgs/msg/rosidl_typesupport_introspection_c__visibility_control.h
[0.890s] -- Up-to-date: /home/kcg/Autonomous_kcg/ROS2Sample/install/autoware_auto_msgs/include/autoware_auto_msgs/msg/detail
[0.894s] -- Up-to-date: /home/kcg/Autonomous_kcg/ROS2Sample/install/autoware_auto_msgs/include/autoware_auto_msgs/msg/detail/vehicle_control_command__type_support.c
[0.895s] -- Up-to-date: /home/kcg/Autonomous_kcg/ROS2Sample/install/autoware_auto_msgs/include/autoware_auto_msgs/msg/detail/vehicle_control_command__rosidl_typesupport_introspection_c.h
[0.895s] -- Up-to-date: /home/kcg/Autonomous_kcg/ROS2Sample/install/autoware_auto_msgs/lib/libautoware_auto_msgs__rosidl_typesupport_introspection_c.so
[0.895s] -- Up-to-date: /home/kcg/Autonomous_kcg/ROS2Sample/install/autoware_auto_msgs/lib/libautoware_auto_msgs__rosidl_typesupport_c.so
[0.895s] -- Up-to-date: /home/kcg/Autonomous_kcg/ROS2Sample/install/autoware_auto_msgs/include/autoware_auto_msgs
[0.895s] -- Up-to-date: /home/kcg/Autonomous_kcg/ROS2Sample/install/autoware_auto_msgs/include/autoware_auto_msgs/msg
[0.896s] -- Up-to-date: /home/kcg/Autonomous_kcg/ROS2Sample/install/autoware_auto_msgs/include/autoware_auto_msgs/msg/detail
[0.896s] -- Up-to-date: /home/kcg/Autonomous_kcg/ROS2Sample/install/autoware_auto_msgs/include/autoware_auto_msgs/msg/detail/vehicle_control_command__builder.hpp
[0.896s] -- Up-to-date: /home/kcg/Autonomous_kcg/ROS2Sample/install/autoware_auto_msgs/include/autoware_auto_msgs/msg/detail/vehicle_control_command__struct.hpp
[0.896s] -- Up-to-date: /home/kcg/Autonomous_kcg/ROS2Sample/install/autoware_auto_msgs/include/autoware_auto_msgs/msg/detail/vehicle_control_command__traits.hpp
[0.896s] -- Up-to-date: /home/kcg/Autonomous_kcg/ROS2Sample/install/autoware_auto_msgs/include/autoware_auto_msgs/msg/vehicle_control_command.hpp
[0.896s] -- Up-to-date: /home/kcg/Autonomous_kcg/ROS2Sample/install/autoware_auto_msgs/include/autoware_auto_msgs
[0.897s] -- Up-to-date: /home/kcg/Autonomous_kcg/ROS2Sample/install/autoware_auto_msgs/include/autoware_auto_msgs/msg
[0.897s] -- Up-to-date: /home/kcg/Autonomous_kcg/ROS2Sample/install/autoware_auto_msgs/include/autoware_auto_msgs/msg/detail
[0.897s] -- Up-to-date: /home/kcg/Autonomous_kcg/ROS2Sample/install/autoware_auto_msgs/include/autoware_auto_msgs/msg/detail/vehicle_control_command__rosidl_typesupport_introspection_cpp.hpp
[0.897s] -- Up-to-date: /home/kcg/Autonomous_kcg/ROS2Sample/install/autoware_auto_msgs/include/autoware_auto_msgs/msg/detail/vehicle_control_command__type_support.cpp
[0.898s] -- Up-to-date: /home/kcg/Autonomous_kcg/ROS2Sample/install/autoware_auto_msgs/lib/libautoware_auto_msgs__rosidl_typesupport_introspection_cpp.so
[0.898s] -- Up-to-date: /home/kcg/Autonomous_kcg/ROS2Sample/install/autoware_auto_msgs/lib/libautoware_auto_msgs__rosidl_typesupport_cpp.so
[0.898s] -- Up-to-date: /home/kcg/Autonomous_kcg/ROS2Sample/install/autoware_auto_msgs/share/autoware_auto_msgs/environment/pythonpath.sh
[0.898s] -- Up-to-date: /home/kcg/Autonomous_kcg/ROS2Sample/install/autoware_auto_msgs/share/autoware_auto_msgs/environment/pythonpath.dsv
[0.899s] -- Up-to-date: /home/kcg/Autonomous_kcg/ROS2Sample/install/autoware_auto_msgs/lib/python3.8/site-packages/autoware_auto_msgs/__init__.py
[0.947s] -- Up-to-date: /home/kcg/Autonomous_kcg/ROS2Sample/install/autoware_auto_msgs/lib/python3.8/site-packages/autoware_auto_msgs/msg
[0.947s] -- Up-to-date: /home/kcg/Autonomous_kcg/ROS2Sample/install/autoware_auto_msgs/lib/python3.8/site-packages/autoware_auto_msgs/msg/_vehicle_control_command.py
[0.948s] -- Up-to-date: /home/kcg/Autonomous_kcg/ROS2Sample/install/autoware_auto_msgs/lib/python3.8/site-packages/autoware_auto_msgs/msg/_vehicle_control_command_s.c
[0.948s] -- Up-to-date: /home/kcg/Autonomous_kcg/ROS2Sample/install/autoware_auto_msgs/lib/python3.8/site-packages/autoware_auto_msgs/msg/__init__.py
[0.948s] -- Up-to-date: /home/kcg/Autonomous_kcg/ROS2Sample/install/autoware_auto_msgs/lib/python3.8/site-packages/autoware_auto_msgs/autoware_auto_msgs_s__rosidl_typesupport_fastrtps_c.cpython-38-x86_64-linux-gnu.so
[0.948s] -- Up-to-date: /home/kcg/Autonomous_kcg/ROS2Sample/install/autoware_auto_msgs/lib/python3.8/site-packages/autoware_auto_msgs/autoware_auto_msgs_s__rosidl_typesupport_introspection_c.cpython-38-x86_64-linux-gnu.so
[0.948s] -- Up-to-date: /home/kcg/Autonomous_kcg/ROS2Sample/install/autoware_auto_msgs/lib/python3.8/site-packages/autoware_auto_msgs/autoware_auto_msgs_s__rosidl_typesupport_c.cpython-38-x86_64-linux-gnu.so
[0.949s] -- Up-to-date: /home/kcg/Autonomous_kcg/ROS2Sample/install/autoware_auto_msgs/lib/libautoware_auto_msgs__python.so
[0.949s] -- Up-to-date: /home/kcg/Autonomous_kcg/ROS2Sample/install/autoware_auto_msgs/share/autoware_auto_msgs/msg/VehicleControlCommand.idl
[0.949s] -- Up-to-date: /home/kcg/Autonomous_kcg/ROS2Sample/install/autoware_auto_msgs/share/ament_index/resource_index/package_run_dependencies/autoware_auto_msgs
[0.949s] -- Up-to-date: /home/kcg/Autonomous_kcg/ROS2Sample/install/autoware_auto_msgs/share/ament_index/resource_index/parent_prefix_path/autoware_auto_msgs
[0.950s] -- Up-to-date: /home/kcg/Autonomous_kcg/ROS2Sample/install/autoware_auto_msgs/share/autoware_auto_msgs/environment/ament_prefix_path.sh
[0.950s] -- Up-to-date: /home/kcg/Autonomous_kcg/ROS2Sample/install/autoware_auto_msgs/share/autoware_auto_msgs/environment/ament_prefix_path.dsv
[0.950s] -- Up-to-date: /home/kcg/Autonomous_kcg/ROS2Sample/install/autoware_auto_msgs/share/autoware_auto_msgs/environment/path.sh
[0.950s] -- Up-to-date: /home/kcg/Autonomous_kcg/ROS2Sample/install/autoware_auto_msgs/share/autoware_auto_msgs/environment/path.dsv
[0.951s] -- Up-to-date: /home/kcg/Autonomous_kcg/ROS2Sample/install/autoware_auto_msgs/share/autoware_auto_msgs/local_setup.bash
[0.951s] -- Up-to-date: /home/kcg/Autonomous_kcg/ROS2Sample/install/autoware_auto_msgs/share/autoware_auto_msgs/local_setup.sh
[0.951s] -- Up-to-date: /home/kcg/Autonomous_kcg/ROS2Sample/install/autoware_auto_msgs/share/autoware_auto_msgs/local_setup.zsh
[0.952s] -- Up-to-date: /home/kcg/Autonomous_kcg/ROS2Sample/install/autoware_auto_msgs/share/autoware_auto_msgs/local_setup.dsv
[0.952s] -- Installing: /home/kcg/Autonomous_kcg/ROS2Sample/install/autoware_auto_msgs/share/autoware_auto_msgs/package.dsv
[0.952s] -- Up-to-date: /home/kcg/Autonomous_kcg/ROS2Sample/install/autoware_auto_msgs/share/ament_index/resource_index/packages/autoware_auto_msgs
[0.953s] -- Up-to-date: /home/kcg/Autonomous_kcg/ROS2Sample/install/autoware_auto_msgs/share/autoware_auto_msgs/cmake/autoware_auto_msgs__rosidl_generator_cExport.cmake
[0.954s] -- Up-to-date: /home/kcg/Autonomous_kcg/ROS2Sample/install/autoware_auto_msgs/share/autoware_auto_msgs/cmake/autoware_auto_msgs__rosidl_generator_cExport-noconfig.cmake
[0.954s] -- Up-to-date: /home/kcg/Autonomous_kcg/ROS2Sample/install/autoware_auto_msgs/share/autoware_auto_msgs/cmake/autoware_auto_msgs__rosidl_typesupport_introspection_cExport.cmake
[0.954s] -- Up-to-date: /home/kcg/Autonomous_kcg/ROS2Sample/install/autoware_auto_msgs/share/autoware_auto_msgs/cmake/autoware_auto_msgs__rosidl_typesupport_introspection_cExport-noconfig.cmake
[0.954s] -- Up-to-date: /home/kcg/Autonomous_kcg/ROS2Sample/install/autoware_auto_msgs/share/autoware_auto_msgs/cmake/autoware_auto_msgs__rosidl_typesupport_cExport.cmake
[0.955s] -- Up-to-date: /home/kcg/Autonomous_kcg/ROS2Sample/install/autoware_auto_msgs/share/autoware_auto_msgs/cmake/autoware_auto_msgs__rosidl_typesupport_cExport-noconfig.cmake
[0.955s] -- Up-to-date: /home/kcg/Autonomous_kcg/ROS2Sample/install/autoware_auto_msgs/share/autoware_auto_msgs/cmake/autoware_auto_msgs__rosidl_generator_cppExport.cmake
[0.955s] -- Up-to-date: /home/kcg/Autonomous_kcg/ROS2Sample/install/autoware_auto_msgs/share/autoware_auto_msgs/cmake/autoware_auto_msgs__rosidl_typesupport_introspection_cppExport.cmake
[0.955s] -- Up-to-date: /home/kcg/Autonomous_kcg/ROS2Sample/install/autoware_auto_msgs/share/autoware_auto_msgs/cmake/autoware_auto_msgs__rosidl_typesupport_introspection_cppExport-noconfig.cmake
[0.955s] -- Up-to-date: /home/kcg/Autonomous_kcg/ROS2Sample/install/autoware_auto_msgs/share/autoware_auto_msgs/cmake/autoware_auto_msgs__rosidl_typesupport_cppExport.cmake
[0.955s] -- Up-to-date: /home/kcg/Autonomous_kcg/ROS2Sample/install/autoware_auto_msgs/share/autoware_auto_msgs/cmake/autoware_auto_msgs__rosidl_typesupport_cppExport-noconfig.cmake
[0.956s] -- Up-to-date: /home/kcg/Autonomous_kcg/ROS2Sample/install/autoware_auto_msgs/share/autoware_auto_msgs/cmake/rosidl_cmake-extras.cmake
[0.956s] -- Up-to-date: /home/kcg/Autonomous_kcg/ROS2Sample/install/autoware_auto_msgs/share/autoware_auto_msgs/cmake/ament_cmake_export_dependencies-extras.cmake
[0.956s] -- Up-to-date: /home/kcg/Autonomous_kcg/ROS2Sample/install/autoware_auto_msgs/share/autoware_auto_msgs/cmake/ament_cmake_export_libraries-extras.cmake
[0.956s] -- Up-to-date: /home/kcg/Autonomous_kcg/ROS2Sample/install/autoware_auto_msgs/share/autoware_auto_msgs/cmake/ament_cmake_export_targets-extras.cmake
[0.957s] -- Up-to-date: /home/kcg/Autonomous_kcg/ROS2Sample/install/autoware_auto_msgs/share/autoware_auto_msgs/cmake/ament_cmake_export_include_directories-extras.cmake
[0.960s] -- Up-to-date: /home/kcg/Autonomous_kcg/ROS2Sample/install/autoware_auto_msgs/share/autoware_auto_msgs/cmake/rosidl_cmake_export_typesupport_libraries-extras.cmake
[0.962s] -- Up-to-date: /home/kcg/Autonomous_kcg/ROS2Sample/install/autoware_auto_msgs/share/autoware_auto_msgs/cmake/rosidl_cmake_export_typesupport_targets-extras.cmake
[0.963s] -- Up-to-date: /home/kcg/Autonomous_kcg/ROS2Sample/install/autoware_auto_msgs/share/autoware_auto_msgs/cmake/autoware_auto_msgsConfig.cmake
[0.963s] -- Up-to-date: /home/kcg/Autonomous_kcg/ROS2Sample/install/autoware_auto_msgs/share/autoware_auto_msgs/cmake/autoware_auto_msgsConfig-version.cmake
[0.964s] -- Up-to-date: /home/kcg/Autonomous_kcg/ROS2Sample/install/autoware_auto_msgs/share/autoware_auto_msgs/package.xml
[0.980s] Invoked command in '/home/kcg/Autonomous_kcg/ROS2Sample/build/autoware_auto_msgs' returned '0': CMAKE_PREFIX_PATH=${CMAKE_PREFIX_PATH}:/home/kcg/Autonomous_kcg/ROS2Sample/install/python_publisher:/opt/ros/foxy /usr/bin/cmake --install /home/kcg/Autonomous_kcg/ROS2Sample/build/autoware_auto_msgs
