[0.033s] Invoking command in '/home/kcg/Autonomous_kcg/ROS2Sample/build/additional_msgs': CMAKE_PREFIX_PATH=/opt/ros/foxy /usr/bin/cmake /home/kcg/Autonomous_kcg/ROS2Sample/src/msgs/additional_msgs -DCMAKE_INSTALL_PREFIX=/home/kcg/Autonomous_kcg/ROS2Sample/install/additional_msgs
[1.500s] -- The C compiler identification is GNU 9.4.0
[2.542s] -- The CXX compiler identification is GNU 9.4.0
[2.642s] -- Check for working C compiler: /usr/bin/cc
[2.856s] -- Check for working C compiler: /usr/bin/cc -- works
[2.877s] -- Detecting C compiler ABI info
[3.096s] -- Detecting C compiler ABI info - done
[3.127s] -- Detecting C compile features
[3.129s] -- Detecting C compile features - done
[3.132s] -- Check for working CXX compiler: /usr/bin/c++
[3.234s] -- Check for working CXX compiler: /usr/bin/c++ -- works
[3.236s] -- Detecting CXX compiler ABI info
[3.334s] -- Detecting CXX compiler ABI info - done
[3.352s] -- Detecting CXX compile features
[3.353s] -- Detecting CXX compile features - done
[3.415s] -- Found ament_cmake_auto: 0.9.9 (/opt/ros/foxy/share/ament_cmake_auto/cmake)
[3.609s] -- Found PythonInterp: /usr/bin/python3 (found suitable version "3.8.10", minimum required is "3") 
[3.609s] -- Using PYTHON_EXECUTABLE: /usr/bin/python3
[4.180s] -- Using all available rosidl_typesupport_c: rosidl_typesupport_fastrtps_c;rosidl_typesupport_introspection_c
[4.282s] -- Found rosidl_adapter: 1.2.1 (/opt/ros/foxy/share/rosidl_adapter/cmake)
[5.153s] -- Found OpenSSL: /usr/lib/x86_64-linux-gnu/libcrypto.so (found version "1.1.1f")  
[5.287s] -- Found FastRTPS: /opt/ros/foxy/include  
[5.632s] -- Using all available rosidl_typesupport_cpp: rosidl_typesupport_fastrtps_cpp;rosidl_typesupport_introspection_cpp
[6.351s] -- Found ament_cmake_cppcheck: 0.9.6 (/opt/ros/foxy/share/ament_cmake_cppcheck/cmake)
[6.442s] -- Found ament_cmake_cpplint: 0.9.6 (/opt/ros/foxy/share/ament_cmake_cpplint/cmake)
[6.528s] -- Found ament_cmake_uncrustify: 0.9.6 (/opt/ros/foxy/share/ament_cmake_uncrustify/cmake)
[6.540s] -- Found ament_cmake_ros: 0.9.2 (/opt/ros/foxy/share/ament_cmake_ros/cmake)
[6.903s] -- Using all available rosidl_typesupport_c: rosidl_typesupport_fastrtps_c;rosidl_typesupport_introspection_c
[7.125s] -- Using all available rosidl_typesupport_cpp: rosidl_typesupport_fastrtps_cpp;rosidl_typesupport_introspection_cpp
[7.156s] -- Found PythonInterp: /usr/bin/python3 (found suitable version "3.8.10", minimum required is "3.5") 
[7.202s] -- Found python_cmake_module: 0.8.1 (/opt/ros/foxy/share/python_cmake_module/cmake)
[7.379s] -- Found PythonLibs: /usr/lib/x86_64-linux-gnu/libpython3.8.so (found suitable version "3.8.10", minimum required is "3.5") 
[7.380s] -- Using PYTHON_EXECUTABLE: /usr/bin/python3
[7.381s] -- Using PYTHON_INCLUDE_DIRS: /usr/include/python3.8
[7.381s] -- Using PYTHON_LIBRARIES: /usr/lib/x86_64-linux-gnu/libpython3.8.so
[7.421s] -- Found PythonExtra: .so  
[7.544s] -- Found ament_cmake_flake8: 0.9.6 (/opt/ros/foxy/share/ament_cmake_flake8/cmake)
[7.548s] -- Found ament_cmake_pep257: 0.9.6 (/opt/ros/foxy/share/ament_cmake_pep257/cmake)
[7.598s] -- Found ament_lint_auto: 0.9.6 (/opt/ros/foxy/share/ament_lint_auto/cmake)
[7.826s] -- Added test 'copyright' to check source files copyright and LICENSE
[7.827s] -- Added test 'lint_cmake' to check CMake code style
[7.827s] -- Added test 'xmllint' to check XML markup files
[7.836s] -- Configuring done
[8.129s] -- Generating done
[8.132s] -- Build files have been written to: /home/kcg/Autonomous_kcg/ROS2Sample/build/additional_msgs
[8.146s] Invoked command in '/home/kcg/Autonomous_kcg/ROS2Sample/build/additional_msgs' returned '0': CMAKE_PREFIX_PATH=/opt/ros/foxy /usr/bin/cmake /home/kcg/Autonomous_kcg/ROS2Sample/src/msgs/additional_msgs -DCMAKE_INSTALL_PREFIX=/home/kcg/Autonomous_kcg/ROS2Sample/install/additional_msgs
[8.149s] Invoking command in '/home/kcg/Autonomous_kcg/ROS2Sample/build/additional_msgs': CMAKE_PREFIX_PATH=/opt/ros/foxy /usr/bin/cmake --build /home/kcg/Autonomous_kcg/ROS2Sample/build/additional_msgs -- -j8 -l8
[8.209s] [35m[1mScanning dependencies of target additional_msgs__cpp[0m
[8.209s] [  3%] [34m[1mGenerating C code for ROS interfaces[0m
[8.221s] [  6%] [34m[1mGenerating C++ code for ROS interfaces[0m
[8.904s] [35m[1mScanning dependencies of target additional_msgs__rosidl_generator_c[0m
[8.924s] [  6%] Built target additional_msgs__cpp
[8.942s] [  9%] [34m[1mGenerating C++ type support dispatch for ROS interfaces[0m
[8.943s] [ 12%] [34m[1mGenerating C++ type support for eProsima Fast-RTPS[0m
[8.987s] [ 16%] [34m[1mGenerating C++ introspection for ROS interfaces[0m
[9.026s] [ 19%] [32mBuilding C object CMakeFiles/additional_msgs__rosidl_generator_c.dir/rosidl_generator_c/additional_msgs/msg/detail/can_packet__functions.c.o[0m
[9.332s] [ 22%] [32m[1mLinking C shared library libadditional_msgs__rosidl_generator_c.so[0m
[9.573s] [ 22%] Built target additional_msgs__rosidl_generator_c
[9.657s] [35m[1mScanning dependencies of target additional_msgs__rosidl_typesupport_introspection_cpp[0m
[9.660s] [ 25%] [34m[1mGenerating C introspection for ROS interfaces[0m
[9.663s] [ 29%] [34m[1mGenerating C type support dispatch for ROS interfaces[0m
[9.724s] [35m[1mScanning dependencies of target additional_msgs__rosidl_typesupport_fastrtps_cpp[0m
[9.904s] [ 32%] [32mBuilding CXX object CMakeFiles/additional_msgs__rosidl_typesupport_introspection_cpp.dir/rosidl_typesupport_introspection_cpp/additional_msgs/msg/detail/can_packet__type_support.cpp.o[0m
[9.926s] [35m[1mScanning dependencies of target additional_msgs__rosidl_typesupport_cpp[0m
[10.045s] [ 35%] [32mBuilding CXX object CMakeFiles/additional_msgs__rosidl_typesupport_cpp.dir/rosidl_typesupport_cpp/additional_msgs/msg/can_packet__type_support.cpp.o[0m
[10.070s] [ 38%] [32mBuilding CXX object CMakeFiles/additional_msgs__rosidl_typesupport_fastrtps_cpp.dir/rosidl_typesupport_fastrtps_cpp/additional_msgs/msg/detail/dds_fastrtps/can_packet__type_support.cpp.o[0m
[10.344s] [35m[1mScanning dependencies of target additional_msgs__rosidl_typesupport_introspection_c[0m
[10.378s] [35m[1mScanning dependencies of target additional_msgs__rosidl_typesupport_c[0m
[10.482s] [ 41%] [32mBuilding CXX object CMakeFiles/additional_msgs__rosidl_typesupport_c.dir/rosidl_typesupport_c/additional_msgs/msg/can_packet__type_support.cpp.o[0m
[10.697s] [ 45%] [32m[1mLinking CXX shared library libadditional_msgs__rosidl_typesupport_c.so[0m
[10.750s] [ 48%] [32mBuilding C object CMakeFiles/additional_msgs__rosidl_typesupport_introspection_c.dir/rosidl_typesupport_introspection_c/additional_msgs/msg/detail/can_packet__type_support.c.o[0m
[10.892s] [ 51%] [32m[1mLinking C shared library libadditional_msgs__rosidl_typesupport_introspection_c.so[0m
[10.937s] [ 51%] Built target additional_msgs__rosidl_typesupport_c
[11.055s] [ 51%] Built target additional_msgs__rosidl_typesupport_introspection_c
[12.342s] [ 54%] [32m[1mLinking CXX shared library libadditional_msgs__rosidl_typesupport_introspection_cpp.so[0m
[12.347s] [ 58%] [32m[1mLinking CXX shared library libadditional_msgs__rosidl_typesupport_cpp.so[0m
[12.431s] [ 61%] [32m[1mLinking CXX shared library libadditional_msgs__rosidl_typesupport_fastrtps_cpp.so[0m
[12.654s] [ 61%] Built target additional_msgs__rosidl_typesupport_cpp
[12.705s] [ 61%] Built target additional_msgs__rosidl_typesupport_introspection_cpp
[13.360s] [ 61%] Built target additional_msgs__rosidl_typesupport_fastrtps_cpp
[13.420s] [ 64%] [34m[1mGenerating C type support for eProsima Fast-RTPS[0m
[15.341s] [35m[1mScanning dependencies of target additional_msgs__rosidl_typesupport_fastrtps_c[0m
[15.493s] [ 67%] [32mBuilding CXX object CMakeFiles/additional_msgs__rosidl_typesupport_fastrtps_c.dir/rosidl_typesupport_fastrtps_c/additional_msgs/msg/detail/can_packet__type_support_c.cpp.o[0m
[16.442s] [ 70%] [32m[1mLinking CXX shared library libadditional_msgs__rosidl_typesupport_fastrtps_c.so[0m
[16.816s] [ 70%] Built target additional_msgs__rosidl_typesupport_fastrtps_c
[16.897s] [35m[1mScanning dependencies of target additional_msgs[0m
[16.953s] [ 70%] Built target additional_msgs
[16.998s] [35m[1mScanning dependencies of target additional_msgs__py[0m
[17.063s] [ 74%] [34m[1mGenerating Python code for ROS interfaces[0m
[18.977s] [ 74%] Built target additional_msgs__py
[19.006s] [35m[1mScanning dependencies of target additional_msgs__python[0m
[19.341s] [ 77%] [32mBuilding C object CMakeFiles/additional_msgs__python.dir/rosidl_generator_py/additional_msgs/msg/_can_packet_s.c.o[0m
[19.949s] [ 80%] [32m[1mLinking C shared library rosidl_generator_py/additional_msgs/libadditional_msgs__python.so[0m
[20.065s] [ 80%] Built target additional_msgs__python
[20.117s] [35m[1mScanning dependencies of target additional_msgs__rosidl_typesupport_fastrtps_c__pyext[0m
[20.126s] [35m[1mScanning dependencies of target additional_msgs__rosidl_typesupport_c__pyext[0m
[20.147s] [35m[1mScanning dependencies of target additional_msgs__rosidl_typesupport_introspection_c__pyext[0m
[20.212s] [ 83%] [32mBuilding C object CMakeFiles/additional_msgs__rosidl_typesupport_fastrtps_c__pyext.dir/rosidl_generator_py/additional_msgs/_additional_msgs_s.ep.rosidl_typesupport_fastrtps_c.c.o[0m
[20.233s] [ 87%] [32mBuilding C object CMakeFiles/additional_msgs__rosidl_typesupport_c__pyext.dir/rosidl_generator_py/additional_msgs/_additional_msgs_s.ep.rosidl_typesupport_c.c.o[0m
[20.248s] [ 90%] [32mBuilding C object CMakeFiles/additional_msgs__rosidl_typesupport_introspection_c__pyext.dir/rosidl_generator_py/additional_msgs/_additional_msgs_s.ep.rosidl_typesupport_introspection_c.c.o[0m
[20.364s] [ 93%] [32m[1mLinking CXX shared library rosidl_generator_py/additional_msgs/additional_msgs_s__rosidl_typesupport_fastrtps_c.cpython-38-x86_64-linux-gnu.so[0m
[20.506s] [ 93%] Built target additional_msgs__rosidl_typesupport_fastrtps_c__pyext
[20.556s] [ 96%] [32m[1mLinking C shared library rosidl_generator_py/additional_msgs/additional_msgs_s__rosidl_typesupport_c.cpython-38-x86_64-linux-gnu.so[0m
[20.561s] [100%] [32m[1mLinking C shared library rosidl_generator_py/additional_msgs/additional_msgs_s__rosidl_typesupport_introspection_c.cpython-38-x86_64-linux-gnu.so[0m
[20.667s] [100%] Built target additional_msgs__rosidl_typesupport_c__pyext
[20.689s] [100%] Built target additional_msgs__rosidl_typesupport_introspection_c__pyext
[20.730s] Invoked command in '/home/kcg/Autonomous_kcg/ROS2Sample/build/additional_msgs' returned '0': CMAKE_PREFIX_PATH=/opt/ros/foxy /usr/bin/cmake --build /home/kcg/Autonomous_kcg/ROS2Sample/build/additional_msgs -- -j8 -l8
[21.029s] Invoking command in '/home/kcg/Autonomous_kcg/ROS2Sample/build/additional_msgs': CMAKE_PREFIX_PATH=/opt/ros/foxy /usr/bin/cmake --install /home/kcg/Autonomous_kcg/ROS2Sample/build/additional_msgs
[21.044s] -- Install configuration: ""
[21.045s] -- Installing: /home/kcg/Autonomous_kcg/ROS2Sample/install/additional_msgs/share/ament_index/resource_index/rosidl_interfaces/additional_msgs
[21.045s] -- Installing: /home/kcg/Autonomous_kcg/ROS2Sample/install/additional_msgs/include/additional_msgs
[21.046s] -- Installing: /home/kcg/Autonomous_kcg/ROS2Sample/install/additional_msgs/include/additional_msgs/msg
[21.046s] -- Installing: /home/kcg/Autonomous_kcg/ROS2Sample/install/additional_msgs/include/additional_msgs/msg/rosidl_generator_c__visibility_control.h
[21.046s] -- Installing: /home/kcg/Autonomous_kcg/ROS2Sample/install/additional_msgs/include/additional_msgs/msg/can_packet.h
[21.047s] -- Installing: /home/kcg/Autonomous_kcg/ROS2Sample/install/additional_msgs/include/additional_msgs/msg/detail
[21.047s] -- Installing: /home/kcg/Autonomous_kcg/ROS2Sample/install/additional_msgs/include/additional_msgs/msg/detail/can_packet__functions.h
[21.047s] -- Installing: /home/kcg/Autonomous_kcg/ROS2Sample/install/additional_msgs/include/additional_msgs/msg/detail/can_packet__struct.h
[21.048s] -- Installing: /home/kcg/Autonomous_kcg/ROS2Sample/install/additional_msgs/include/additional_msgs/msg/detail/can_packet__type_support.h
[21.048s] -- Installing: /home/kcg/Autonomous_kcg/ROS2Sample/install/additional_msgs/include/additional_msgs/msg/detail/can_packet__functions.c
[21.049s] -- Installing: /home/kcg/Autonomous_kcg/ROS2Sample/install/additional_msgs/share/additional_msgs/environment/library_path.sh
[21.049s] -- Installing: /home/kcg/Autonomous_kcg/ROS2Sample/install/additional_msgs/share/additional_msgs/environment/library_path.dsv
[21.050s] -- Installing: /home/kcg/Autonomous_kcg/ROS2Sample/install/additional_msgs/lib/libadditional_msgs__rosidl_generator_c.so
[21.051s] -- Set runtime path of "/home/kcg/Autonomous_kcg/ROS2Sample/install/additional_msgs/lib/libadditional_msgs__rosidl_generator_c.so" to ""
[21.052s] -- Up-to-date: /home/kcg/Autonomous_kcg/ROS2Sample/install/additional_msgs/include/additional_msgs
[21.052s] -- Up-to-date: /home/kcg/Autonomous_kcg/ROS2Sample/install/additional_msgs/include/additional_msgs/msg
[21.052s] -- Installing: /home/kcg/Autonomous_kcg/ROS2Sample/install/additional_msgs/include/additional_msgs/msg/rosidl_typesupport_fastrtps_c__visibility_control.h
[21.053s] -- Up-to-date: /home/kcg/Autonomous_kcg/ROS2Sample/install/additional_msgs/include/additional_msgs/msg/detail
[21.053s] -- Installing: /home/kcg/Autonomous_kcg/ROS2Sample/install/additional_msgs/include/additional_msgs/msg/detail/can_packet__rosidl_typesupport_fastrtps_c.h
[21.054s] -- Installing: /home/kcg/Autonomous_kcg/ROS2Sample/install/additional_msgs/lib/libadditional_msgs__rosidl_typesupport_fastrtps_c.so
[21.055s] -- Set runtime path of "/home/kcg/Autonomous_kcg/ROS2Sample/install/additional_msgs/lib/libadditional_msgs__rosidl_typesupport_fastrtps_c.so" to ""
[21.055s] -- Up-to-date: /home/kcg/Autonomous_kcg/ROS2Sample/install/additional_msgs/include/additional_msgs
[21.056s] -- Up-to-date: /home/kcg/Autonomous_kcg/ROS2Sample/install/additional_msgs/include/additional_msgs/msg
[21.056s] -- Up-to-date: /home/kcg/Autonomous_kcg/ROS2Sample/install/additional_msgs/include/additional_msgs/msg/detail
[21.056s] -- Installing: /home/kcg/Autonomous_kcg/ROS2Sample/install/additional_msgs/include/additional_msgs/msg/detail/dds_fastrtps
[21.057s] -- Installing: /home/kcg/Autonomous_kcg/ROS2Sample/install/additional_msgs/include/additional_msgs/msg/detail/can_packet__rosidl_typesupport_fastrtps_cpp.hpp
[21.057s] -- Installing: /home/kcg/Autonomous_kcg/ROS2Sample/install/additional_msgs/include/additional_msgs/msg/rosidl_typesupport_fastrtps_cpp__visibility_control.h
[21.060s] -- Installing: /home/kcg/Autonomous_kcg/ROS2Sample/install/additional_msgs/lib/libadditional_msgs__rosidl_typesupport_fastrtps_cpp.so
[21.061s] -- Set runtime path of "/home/kcg/Autonomous_kcg/ROS2Sample/install/additional_msgs/lib/libadditional_msgs__rosidl_typesupport_fastrtps_cpp.so" to ""
[21.061s] -- Up-to-date: /home/kcg/Autonomous_kcg/ROS2Sample/install/additional_msgs/include/additional_msgs
[21.062s] -- Up-to-date: /home/kcg/Autonomous_kcg/ROS2Sample/install/additional_msgs/include/additional_msgs/msg
[21.062s] -- Installing: /home/kcg/Autonomous_kcg/ROS2Sample/install/additional_msgs/include/additional_msgs/msg/rosidl_typesupport_introspection_c__visibility_control.h
[21.063s] -- Up-to-date: /home/kcg/Autonomous_kcg/ROS2Sample/install/additional_msgs/include/additional_msgs/msg/detail
[21.063s] -- Installing: /home/kcg/Autonomous_kcg/ROS2Sample/install/additional_msgs/include/additional_msgs/msg/detail/can_packet__rosidl_typesupport_introspection_c.h
[21.063s] -- Installing: /home/kcg/Autonomous_kcg/ROS2Sample/install/additional_msgs/include/additional_msgs/msg/detail/can_packet__type_support.c
[21.063s] -- Installing: /home/kcg/Autonomous_kcg/ROS2Sample/install/additional_msgs/lib/libadditional_msgs__rosidl_typesupport_introspection_c.so
[21.064s] -- Set runtime path of "/home/kcg/Autonomous_kcg/ROS2Sample/install/additional_msgs/lib/libadditional_msgs__rosidl_typesupport_introspection_c.so" to ""
[21.065s] -- Installing: /home/kcg/Autonomous_kcg/ROS2Sample/install/additional_msgs/lib/libadditional_msgs__rosidl_typesupport_c.so
[21.066s] -- Set runtime path of "/home/kcg/Autonomous_kcg/ROS2Sample/install/additional_msgs/lib/libadditional_msgs__rosidl_typesupport_c.so" to ""
[21.076s] -- Up-to-date: /home/kcg/Autonomous_kcg/ROS2Sample/install/additional_msgs/include/additional_msgs
[21.076s] -- Up-to-date: /home/kcg/Autonomous_kcg/ROS2Sample/install/additional_msgs/include/additional_msgs/msg
[21.076s] -- Up-to-date: /home/kcg/Autonomous_kcg/ROS2Sample/install/additional_msgs/include/additional_msgs/msg/detail
[21.078s] -- Installing: /home/kcg/Autonomous_kcg/ROS2Sample/install/additional_msgs/include/additional_msgs/msg/detail/can_packet__traits.hpp
[21.078s] -- Installing: /home/kcg/Autonomous_kcg/ROS2Sample/install/additional_msgs/include/additional_msgs/msg/detail/can_packet__builder.hpp
[21.078s] -- Installing: /home/kcg/Autonomous_kcg/ROS2Sample/install/additional_msgs/include/additional_msgs/msg/detail/can_packet__struct.hpp
[21.078s] -- Installing: /home/kcg/Autonomous_kcg/ROS2Sample/install/additional_msgs/include/additional_msgs/msg/can_packet.hpp
[21.079s] -- Up-to-date: /home/kcg/Autonomous_kcg/ROS2Sample/install/additional_msgs/include/additional_msgs
[21.079s] -- Up-to-date: /home/kcg/Autonomous_kcg/ROS2Sample/install/additional_msgs/include/additional_msgs/msg
[21.079s] -- Up-to-date: /home/kcg/Autonomous_kcg/ROS2Sample/install/additional_msgs/include/additional_msgs/msg/detail
[21.079s] -- Installing: /home/kcg/Autonomous_kcg/ROS2Sample/install/additional_msgs/include/additional_msgs/msg/detail/can_packet__type_support.cpp
[21.079s] -- Installing: /home/kcg/Autonomous_kcg/ROS2Sample/install/additional_msgs/include/additional_msgs/msg/detail/can_packet__rosidl_typesupport_introspection_cpp.hpp
[21.079s] -- Installing: /home/kcg/Autonomous_kcg/ROS2Sample/install/additional_msgs/lib/libadditional_msgs__rosidl_typesupport_introspection_cpp.so
[21.079s] -- Set runtime path of "/home/kcg/Autonomous_kcg/ROS2Sample/install/additional_msgs/lib/libadditional_msgs__rosidl_typesupport_introspection_cpp.so" to ""
[21.079s] -- Installing: /home/kcg/Autonomous_kcg/ROS2Sample/install/additional_msgs/lib/libadditional_msgs__rosidl_typesupport_cpp.so
[21.079s] -- Set runtime path of "/home/kcg/Autonomous_kcg/ROS2Sample/install/additional_msgs/lib/libadditional_msgs__rosidl_typesupport_cpp.so" to ""
[21.079s] -- Installing: /home/kcg/Autonomous_kcg/ROS2Sample/install/additional_msgs/share/additional_msgs/environment/pythonpath.sh
[21.080s] -- Installing: /home/kcg/Autonomous_kcg/ROS2Sample/install/additional_msgs/share/additional_msgs/environment/pythonpath.dsv
[21.080s] -- Installing: /home/kcg/Autonomous_kcg/ROS2Sample/install/additional_msgs/lib/python3.8/site-packages/additional_msgs/__init__.py
[21.133s] Compiling '/home/kcg/Autonomous_kcg/ROS2Sample/install/additional_msgs/lib/python3.8/site-packages/additional_msgs/__init__.py'...
[21.136s] -- Installing: /home/kcg/Autonomous_kcg/ROS2Sample/install/additional_msgs/lib/python3.8/site-packages/additional_msgs/msg
[21.136s] -- Installing: /home/kcg/Autonomous_kcg/ROS2Sample/install/additional_msgs/lib/python3.8/site-packages/additional_msgs/msg/_can_packet_s.c
[21.136s] -- Installing: /home/kcg/Autonomous_kcg/ROS2Sample/install/additional_msgs/lib/python3.8/site-packages/additional_msgs/msg/_can_packet.py
[21.137s] -- Installing: /home/kcg/Autonomous_kcg/ROS2Sample/install/additional_msgs/lib/python3.8/site-packages/additional_msgs/msg/__init__.py
[21.137s] -- Installing: /home/kcg/Autonomous_kcg/ROS2Sample/install/additional_msgs/lib/python3.8/site-packages/additional_msgs/additional_msgs_s__rosidl_typesupport_fastrtps_c.cpython-38-x86_64-linux-gnu.so
[21.138s] -- Set runtime path of "/home/kcg/Autonomous_kcg/ROS2Sample/install/additional_msgs/lib/python3.8/site-packages/additional_msgs/additional_msgs_s__rosidl_typesupport_fastrtps_c.cpython-38-x86_64-linux-gnu.so" to ""
[21.138s] -- Installing: /home/kcg/Autonomous_kcg/ROS2Sample/install/additional_msgs/lib/python3.8/site-packages/additional_msgs/additional_msgs_s__rosidl_typesupport_introspection_c.cpython-38-x86_64-linux-gnu.so
[21.139s] -- Set runtime path of "/home/kcg/Autonomous_kcg/ROS2Sample/install/additional_msgs/lib/python3.8/site-packages/additional_msgs/additional_msgs_s__rosidl_typesupport_introspection_c.cpython-38-x86_64-linux-gnu.so" to ""
[21.140s] -- Installing: /home/kcg/Autonomous_kcg/ROS2Sample/install/additional_msgs/lib/python3.8/site-packages/additional_msgs/additional_msgs_s__rosidl_typesupport_c.cpython-38-x86_64-linux-gnu.so
[21.141s] -- Set runtime path of "/home/kcg/Autonomous_kcg/ROS2Sample/install/additional_msgs/lib/python3.8/site-packages/additional_msgs/additional_msgs_s__rosidl_typesupport_c.cpython-38-x86_64-linux-gnu.so" to ""
[21.141s] -- Installing: /home/kcg/Autonomous_kcg/ROS2Sample/install/additional_msgs/lib/libadditional_msgs__python.so
[21.141s] -- Set runtime path of "/home/kcg/Autonomous_kcg/ROS2Sample/install/additional_msgs/lib/libadditional_msgs__python.so" to ""
[21.141s] -- Installing: /home/kcg/Autonomous_kcg/ROS2Sample/install/additional_msgs/share/additional_msgs/msg/CanPacket.idl
[21.141s] -- Installing: /home/kcg/Autonomous_kcg/ROS2Sample/install/additional_msgs/share/ament_index/resource_index/package_run_dependencies/additional_msgs
[21.141s] -- Installing: /home/kcg/Autonomous_kcg/ROS2Sample/install/additional_msgs/share/ament_index/resource_index/parent_prefix_path/additional_msgs
[21.142s] -- Installing: /home/kcg/Autonomous_kcg/ROS2Sample/install/additional_msgs/share/additional_msgs/environment/ament_prefix_path.sh
[21.142s] -- Installing: /home/kcg/Autonomous_kcg/ROS2Sample/install/additional_msgs/share/additional_msgs/environment/ament_prefix_path.dsv
[21.143s] -- Installing: /home/kcg/Autonomous_kcg/ROS2Sample/install/additional_msgs/share/additional_msgs/environment/path.sh
[21.143s] -- Installing: /home/kcg/Autonomous_kcg/ROS2Sample/install/additional_msgs/share/additional_msgs/environment/path.dsv
[21.145s] -- Installing: /home/kcg/Autonomous_kcg/ROS2Sample/install/additional_msgs/share/additional_msgs/local_setup.bash
[21.145s] -- Installing: /home/kcg/Autonomous_kcg/ROS2Sample/install/additional_msgs/share/additional_msgs/local_setup.sh
[21.145s] -- Installing: /home/kcg/Autonomous_kcg/ROS2Sample/install/additional_msgs/share/additional_msgs/local_setup.zsh
[21.147s] -- Installing: /home/kcg/Autonomous_kcg/ROS2Sample/install/additional_msgs/share/additional_msgs/local_setup.dsv
[21.147s] -- Installing: /home/kcg/Autonomous_kcg/ROS2Sample/install/additional_msgs/share/additional_msgs/package.dsv
[21.147s] -- Installing: /home/kcg/Autonomous_kcg/ROS2Sample/install/additional_msgs/share/ament_index/resource_index/packages/additional_msgs
[21.148s] -- Installing: /home/kcg/Autonomous_kcg/ROS2Sample/install/additional_msgs/share/additional_msgs/cmake/additional_msgs__rosidl_generator_cExport.cmake
[21.148s] -- Installing: /home/kcg/Autonomous_kcg/ROS2Sample/install/additional_msgs/share/additional_msgs/cmake/additional_msgs__rosidl_generator_cExport-noconfig.cmake
[21.148s] -- Installing: /home/kcg/Autonomous_kcg/ROS2Sample/install/additional_msgs/share/additional_msgs/cmake/additional_msgs__rosidl_typesupport_introspection_cExport.cmake
[21.148s] -- Installing: /home/kcg/Autonomous_kcg/ROS2Sample/install/additional_msgs/share/additional_msgs/cmake/additional_msgs__rosidl_typesupport_introspection_cExport-noconfig.cmake
[21.149s] -- Installing: /home/kcg/Autonomous_kcg/ROS2Sample/install/additional_msgs/share/additional_msgs/cmake/additional_msgs__rosidl_typesupport_cExport.cmake
[21.149s] -- Installing: /home/kcg/Autonomous_kcg/ROS2Sample/install/additional_msgs/share/additional_msgs/cmake/additional_msgs__rosidl_typesupport_cExport-noconfig.cmake
[21.149s] -- Installing: /home/kcg/Autonomous_kcg/ROS2Sample/install/additional_msgs/share/additional_msgs/cmake/additional_msgs__rosidl_generator_cppExport.cmake
[21.150s] -- Installing: /home/kcg/Autonomous_kcg/ROS2Sample/install/additional_msgs/share/additional_msgs/cmake/additional_msgs__rosidl_typesupport_introspection_cppExport.cmake
[21.150s] -- Installing: /home/kcg/Autonomous_kcg/ROS2Sample/install/additional_msgs/share/additional_msgs/cmake/additional_msgs__rosidl_typesupport_introspection_cppExport-noconfig.cmake
[21.151s] -- Installing: /home/kcg/Autonomous_kcg/ROS2Sample/install/additional_msgs/share/additional_msgs/cmake/additional_msgs__rosidl_typesupport_cppExport.cmake
[21.151s] -- Installing: /home/kcg/Autonomous_kcg/ROS2Sample/install/additional_msgs/share/additional_msgs/cmake/additional_msgs__rosidl_typesupport_cppExport-noconfig.cmake
[21.151s] -- Installing: /home/kcg/Autonomous_kcg/ROS2Sample/install/additional_msgs/share/additional_msgs/cmake/rosidl_cmake-extras.cmake
[21.151s] -- Installing: /home/kcg/Autonomous_kcg/ROS2Sample/install/additional_msgs/share/additional_msgs/cmake/ament_cmake_export_dependencies-extras.cmake
[21.151s] -- Installing: /home/kcg/Autonomous_kcg/ROS2Sample/install/additional_msgs/share/additional_msgs/cmake/ament_cmake_export_libraries-extras.cmake
[21.152s] -- Installing: /home/kcg/Autonomous_kcg/ROS2Sample/install/additional_msgs/share/additional_msgs/cmake/ament_cmake_export_targets-extras.cmake
[21.152s] -- Installing: /home/kcg/Autonomous_kcg/ROS2Sample/install/additional_msgs/share/additional_msgs/cmake/ament_cmake_export_include_directories-extras.cmake
[21.152s] -- Installing: /home/kcg/Autonomous_kcg/ROS2Sample/install/additional_msgs/share/additional_msgs/cmake/rosidl_cmake_export_typesupport_libraries-extras.cmake
[21.152s] -- Installing: /home/kcg/Autonomous_kcg/ROS2Sample/install/additional_msgs/share/additional_msgs/cmake/rosidl_cmake_export_typesupport_targets-extras.cmake
[21.152s] -- Installing: /home/kcg/Autonomous_kcg/ROS2Sample/install/additional_msgs/share/additional_msgs/cmake/additional_msgsConfig.cmake
[21.152s] -- Installing: /home/kcg/Autonomous_kcg/ROS2Sample/install/additional_msgs/share/additional_msgs/cmake/additional_msgsConfig-version.cmake
[21.153s] -- Installing: /home/kcg/Autonomous_kcg/ROS2Sample/install/additional_msgs/share/additional_msgs/package.xml
[21.185s] Invoked command in '/home/kcg/Autonomous_kcg/ROS2Sample/build/additional_msgs' returned '0': CMAKE_PREFIX_PATH=/opt/ros/foxy /usr/bin/cmake --install /home/kcg/Autonomous_kcg/ROS2Sample/build/additional_msgs
