[0.102s] Invoking command in '/home/kcg/Autonomous_kcg/ROS2Sample/build/additional_msgs': CMAKE_PREFIX_PATH=/opt/ros/foxy /usr/bin/cmake /home/kcg/Autonomous_kcg/ROS2Sample/src/msgs/additional_msgs -DCMAKE_INSTALL_PREFIX=/home/kcg/Autonomous_kcg/ROS2Sample/install/additional_msgs
[1.583s] -- The C compiler identification is GNU 9.4.0
[2.792s] -- The CXX compiler identification is GNU 9.4.0
[2.906s] -- Check for working C compiler: /usr/bin/cc
[3.233s] -- Check for working C compiler: /usr/bin/cc -- works
[3.271s] -- Detecting C compiler ABI info
[3.528s] -- Detecting C compiler ABI info - done
[3.568s] -- Detecting C compile features
[3.576s] -- Detecting C compile features - done
[3.586s] -- Check for working CXX compiler: /usr/bin/c++
[3.664s] -- Check for working CXX compiler: /usr/bin/c++ -- works
[3.665s] -- Detecting CXX compiler ABI info
[3.747s] -- Detecting CXX compiler ABI info - done
[3.758s] -- Detecting CXX compile features
[3.758s] -- Detecting CXX compile features - done
[3.824s] -- Found ament_cmake_auto: 0.9.9 (/opt/ros/foxy/share/ament_cmake_auto/cmake)
[4.071s] -- Found PythonInterp: /usr/bin/python3 (found suitable version "3.8.10", minimum required is "3") 
[4.072s] -- Using PYTHON_EXECUTABLE: /usr/bin/python3
[4.820s] -- Using all available rosidl_typesupport_c: rosidl_typesupport_fastrtps_c;rosidl_typesupport_introspection_c
[4.892s] -- Found rosidl_adapter: 1.2.1 (/opt/ros/foxy/share/rosidl_adapter/cmake)
[5.700s] -- Found OpenSSL: /usr/lib/x86_64-linux-gnu/libcrypto.so (found version "1.1.1f")  
[5.833s] -- Found FastRTPS: /opt/ros/foxy/include  
[6.173s] -- Using all available rosidl_typesupport_cpp: rosidl_typesupport_fastrtps_cpp;rosidl_typesupport_introspection_cpp
[6.602s] -- Found ament_cmake_cppcheck: 0.9.6 (/opt/ros/foxy/share/ament_cmake_cppcheck/cmake)
[6.644s] -- Found ament_cmake_cpplint: 0.9.6 (/opt/ros/foxy/share/ament_cmake_cpplint/cmake)
[6.693s] -- Found ament_cmake_uncrustify: 0.9.6 (/opt/ros/foxy/share/ament_cmake_uncrustify/cmake)
[6.836s] -- Found ament_cmake_ros: 0.9.2 (/opt/ros/foxy/share/ament_cmake_ros/cmake)
[7.422s] -- Using all available rosidl_typesupport_c: rosidl_typesupport_fastrtps_c;rosidl_typesupport_introspection_c
[7.572s] -- Using all available rosidl_typesupport_cpp: rosidl_typesupport_fastrtps_cpp;rosidl_typesupport_introspection_cpp
[7.603s] -- Found PythonInterp: /usr/bin/python3 (found suitable version "3.8.10", minimum required is "3.5") 
[7.627s] -- Found python_cmake_module: 0.8.1 (/opt/ros/foxy/share/python_cmake_module/cmake)
[7.819s] -- Found PythonLibs: /usr/lib/x86_64-linux-gnu/libpython3.8.so (found suitable version "3.8.10", minimum required is "3.5") 
[7.821s] -- Using PYTHON_EXECUTABLE: /usr/bin/python3
[7.821s] -- Using PYTHON_INCLUDE_DIRS: /usr/include/python3.8
[7.821s] -- Using PYTHON_LIBRARIES: /usr/lib/x86_64-linux-gnu/libpython3.8.so
[7.870s] -- Found PythonExtra: .so  
[8.128s] -- Found ament_cmake_flake8: 0.9.6 (/opt/ros/foxy/share/ament_cmake_flake8/cmake)
[8.131s] -- Found ament_cmake_pep257: 0.9.6 (/opt/ros/foxy/share/ament_cmake_pep257/cmake)
[8.162s] -- Found ament_lint_auto: 0.9.6 (/opt/ros/foxy/share/ament_lint_auto/cmake)
[8.361s] -- Added test 'copyright' to check source files copyright and LICENSE
[8.362s] -- Added test 'lint_cmake' to check CMake code style
[8.362s] -- Added test 'xmllint' to check XML markup files
[8.373s] -- Configuring done
[8.605s] -- Generating done
[8.608s] -- Build files have been written to: /home/kcg/Autonomous_kcg/ROS2Sample/build/additional_msgs
[8.618s] Invoked command in '/home/kcg/Autonomous_kcg/ROS2Sample/build/additional_msgs' returned '0': CMAKE_PREFIX_PATH=/opt/ros/foxy /usr/bin/cmake /home/kcg/Autonomous_kcg/ROS2Sample/src/msgs/additional_msgs -DCMAKE_INSTALL_PREFIX=/home/kcg/Autonomous_kcg/ROS2Sample/install/additional_msgs
[8.619s] Invoking command in '/home/kcg/Autonomous_kcg/ROS2Sample/build/additional_msgs': CMAKE_PREFIX_PATH=/opt/ros/foxy /usr/bin/cmake --build /home/kcg/Autonomous_kcg/ROS2Sample/build/additional_msgs -- -j8 -l8
[8.663s] [35m[1mScanning dependencies of target additional_msgs__cpp[0m
[8.665s] [  3%] [34m[1mGenerating C code for ROS interfaces[0m
[8.674s] [  6%] [34m[1mGenerating C++ code for ROS interfaces[0m
[9.078s] [35m[1mScanning dependencies of target additional_msgs__rosidl_generator_c[0m
[9.160s] [  6%] Built target additional_msgs__cpp
[9.172s] [  9%] [34m[1mGenerating C++ type support dispatch for ROS interfaces[0m
[9.173s] [ 12%] [34m[1mGenerating C++ introspection for ROS interfaces[0m
[9.174s] [ 16%] [34m[1mGenerating C++ type support for eProsima Fast-RTPS[0m
[9.244s] [ 19%] [32mBuilding C object CMakeFiles/additional_msgs__rosidl_generator_c.dir/rosidl_generator_c/additional_msgs/msg/detail/can_packet__functions.c.o[0m
[9.523s] [35m[1mScanning dependencies of target additional_msgs__rosidl_typesupport_introspection_cpp[0m
[9.545s] [ 22%] [32m[1mLinking C shared library libadditional_msgs__rosidl_generator_c.so[0m
[9.547s] [35m[1mScanning dependencies of target additional_msgs__rosidl_typesupport_fastrtps_cpp[0m
[9.572s] [35m[1mScanning dependencies of target additional_msgs__rosidl_typesupport_cpp[0m
[9.731s] [ 29%] [32mBuilding CXX object CMakeFiles/additional_msgs__rosidl_typesupport_cpp.dir/rosidl_typesupport_cpp/additional_msgs/msg/can_packet__type_support.cpp.o[0m
[9.732s] [ 29%] [32mBuilding CXX object CMakeFiles/additional_msgs__rosidl_typesupport_introspection_cpp.dir/rosidl_typesupport_introspection_cpp/additional_msgs/msg/detail/can_packet__type_support.cpp.o[0m
[9.733s] [ 32%] [32mBuilding CXX object CMakeFiles/additional_msgs__rosidl_typesupport_fastrtps_cpp.dir/rosidl_typesupport_fastrtps_cpp/additional_msgs/msg/detail/dds_fastrtps/can_packet__type_support.cpp.o[0m
[9.769s] [ 32%] Built target additional_msgs__rosidl_generator_c
[9.783s] [ 38%] [34m[1mGenerating C type support dispatch for ROS interfaces[0m
[9.784s] [ 38%] [34m[1mGenerating C introspection for ROS interfaces[0m
[10.096s] [35m[1mScanning dependencies of target additional_msgs__rosidl_typesupport_c[0m
[10.121s] [35m[1mScanning dependencies of target additional_msgs__rosidl_typesupport_introspection_c[0m
[10.124s] [ 41%] [32mBuilding CXX object CMakeFiles/additional_msgs__rosidl_typesupport_c.dir/rosidl_typesupport_c/additional_msgs/msg/can_packet__type_support.cpp.o[0m
[10.247s] [ 45%] [32mBuilding C object CMakeFiles/additional_msgs__rosidl_typesupport_introspection_c.dir/rosidl_typesupport_introspection_c/additional_msgs/msg/detail/can_packet__type_support.c.o[0m
[10.285s] [ 48%] [32m[1mLinking C shared library libadditional_msgs__rosidl_typesupport_introspection_c.so[0m
[10.317s] [ 48%] Built target additional_msgs__rosidl_typesupport_introspection_c
[10.385s] [ 51%] [32m[1mLinking CXX shared library libadditional_msgs__rosidl_typesupport_c.so[0m
[10.432s] [ 51%] Built target additional_msgs__rosidl_typesupport_c
[10.934s] [ 54%] [32m[1mLinking CXX shared library libadditional_msgs__rosidl_typesupport_cpp.so[0m
[10.975s] [ 58%] [32m[1mLinking CXX shared library libadditional_msgs__rosidl_typesupport_introspection_cpp.so[0m
[11.069s] [ 58%] Built target additional_msgs__rosidl_typesupport_cpp
[11.156s] [ 58%] Built target additional_msgs__rosidl_typesupport_introspection_cpp
[11.397s] [ 61%] [32m[1mLinking CXX shared library libadditional_msgs__rosidl_typesupport_fastrtps_cpp.so[0m
[11.638s] [ 61%] Built target additional_msgs__rosidl_typesupport_fastrtps_cpp
[11.653s] [ 64%] [34m[1mGenerating C type support for eProsima Fast-RTPS[0m
[12.060s] [35m[1mScanning dependencies of target additional_msgs__rosidl_typesupport_fastrtps_c[0m
[12.146s] [ 67%] [32mBuilding CXX object CMakeFiles/additional_msgs__rosidl_typesupport_fastrtps_c.dir/rosidl_typesupport_fastrtps_c/additional_msgs/msg/detail/can_packet__type_support_c.cpp.o[0m
[12.791s] [ 70%] [32m[1mLinking CXX shared library libadditional_msgs__rosidl_typesupport_fastrtps_c.so[0m
[13.063s] [ 70%] Built target additional_msgs__rosidl_typesupport_fastrtps_c
[13.084s] [35m[1mScanning dependencies of target additional_msgs[0m
[13.111s] [ 70%] Built target additional_msgs
[13.127s] [35m[1mScanning dependencies of target additional_msgs__py[0m
[13.144s] [ 74%] [34m[1mGenerating Python code for ROS interfaces[0m
[15.504s] [ 74%] Built target additional_msgs__py
[15.519s] [35m[1mScanning dependencies of target additional_msgs__python[0m
[15.706s] [ 77%] [32mBuilding C object CMakeFiles/additional_msgs__python.dir/rosidl_generator_py/additional_msgs/msg/_can_packet_s.c.o[0m
[16.021s] [ 80%] [32m[1mLinking C shared library rosidl_generator_py/additional_msgs/libadditional_msgs__python.so[0m
[16.069s] [ 80%] Built target additional_msgs__python
[16.083s] [35m[1mScanning dependencies of target additional_msgs__rosidl_typesupport_c__pyext[0m
[16.083s] [35m[1mScanning dependencies of target additional_msgs__rosidl_typesupport_introspection_c__pyext[0m
[16.084s] [35m[1mScanning dependencies of target additional_msgs__rosidl_typesupport_fastrtps_c__pyext[0m
[16.108s] [ 83%] [32mBuilding C object CMakeFiles/additional_msgs__rosidl_typesupport_introspection_c__pyext.dir/rosidl_generator_py/additional_msgs/_additional_msgs_s.ep.rosidl_typesupport_introspection_c.c.o[0m
[16.116s] [ 87%] [32mBuilding C object CMakeFiles/additional_msgs__rosidl_typesupport_c__pyext.dir/rosidl_generator_py/additional_msgs/_additional_msgs_s.ep.rosidl_typesupport_c.c.o[0m
[16.118s] [ 90%] [32mBuilding C object CMakeFiles/additional_msgs__rosidl_typesupport_fastrtps_c__pyext.dir/rosidl_generator_py/additional_msgs/_additional_msgs_s.ep.rosidl_typesupport_fastrtps_c.c.o[0m
[16.201s] [ 93%] [32m[1mLinking C shared library rosidl_generator_py/additional_msgs/additional_msgs_s__rosidl_typesupport_c.cpython-38-x86_64-linux-gnu.so[0m
[16.238s] [ 96%] [32m[1mLinking C shared library rosidl_generator_py/additional_msgs/additional_msgs_s__rosidl_typesupport_introspection_c.cpython-38-x86_64-linux-gnu.so[0m
[16.252s] [100%] [32m[1mLinking CXX shared library rosidl_generator_py/additional_msgs/additional_msgs_s__rosidl_typesupport_fastrtps_c.cpython-38-x86_64-linux-gnu.so[0m
[16.256s] [100%] Built target additional_msgs__rosidl_typesupport_c__pyext
[16.299s] [100%] Built target additional_msgs__rosidl_typesupport_introspection_c__pyext
[16.332s] [100%] Built target additional_msgs__rosidl_typesupport_fastrtps_c__pyext
[16.344s] Invoked command in '/home/kcg/Autonomous_kcg/ROS2Sample/build/additional_msgs' returned '0': CMAKE_PREFIX_PATH=/opt/ros/foxy /usr/bin/cmake --build /home/kcg/Autonomous_kcg/ROS2Sample/build/additional_msgs -- -j8 -l8
[16.405s] Invoking command in '/home/kcg/Autonomous_kcg/ROS2Sample/build/additional_msgs': CMAKE_PREFIX_PATH=/opt/ros/foxy /usr/bin/cmake --install /home/kcg/Autonomous_kcg/ROS2Sample/build/additional_msgs
[16.414s] -- Install configuration: ""
[16.414s] -- Installing: /home/kcg/Autonomous_kcg/ROS2Sample/install/additional_msgs/share/ament_index/resource_index/rosidl_interfaces/additional_msgs
[16.414s] -- Installing: /home/kcg/Autonomous_kcg/ROS2Sample/install/additional_msgs/include/additional_msgs
[16.414s] -- Installing: /home/kcg/Autonomous_kcg/ROS2Sample/install/additional_msgs/include/additional_msgs/msg
[16.414s] -- Installing: /home/kcg/Autonomous_kcg/ROS2Sample/install/additional_msgs/include/additional_msgs/msg/rosidl_generator_c__visibility_control.h
[16.414s] -- Installing: /home/kcg/Autonomous_kcg/ROS2Sample/install/additional_msgs/include/additional_msgs/msg/can_packet.h
[16.414s] -- Installing: /home/kcg/Autonomous_kcg/ROS2Sample/install/additional_msgs/include/additional_msgs/msg/detail
[16.414s] -- Installing: /home/kcg/Autonomous_kcg/ROS2Sample/install/additional_msgs/include/additional_msgs/msg/detail/can_packet__functions.h
[16.414s] -- Installing: /home/kcg/Autonomous_kcg/ROS2Sample/install/additional_msgs/include/additional_msgs/msg/detail/can_packet__struct.h
[16.414s] -- Installing: /home/kcg/Autonomous_kcg/ROS2Sample/install/additional_msgs/include/additional_msgs/msg/detail/can_packet__type_support.h
[16.414s] -- Installing: /home/kcg/Autonomous_kcg/ROS2Sample/install/additional_msgs/include/additional_msgs/msg/detail/can_packet__functions.c
[16.415s] -- Installing: /home/kcg/Autonomous_kcg/ROS2Sample/install/additional_msgs/share/additional_msgs/environment/library_path.sh
[16.415s] -- Installing: /home/kcg/Autonomous_kcg/ROS2Sample/install/additional_msgs/share/additional_msgs/environment/library_path.dsv
[16.415s] -- Installing: /home/kcg/Autonomous_kcg/ROS2Sample/install/additional_msgs/lib/libadditional_msgs__rosidl_generator_c.so
[16.416s] -- Set runtime path of "/home/kcg/Autonomous_kcg/ROS2Sample/install/additional_msgs/lib/libadditional_msgs__rosidl_generator_c.so" to ""
[16.416s] -- Up-to-date: /home/kcg/Autonomous_kcg/ROS2Sample/install/additional_msgs/include/additional_msgs
[16.416s] -- Up-to-date: /home/kcg/Autonomous_kcg/ROS2Sample/install/additional_msgs/include/additional_msgs/msg
[16.416s] -- Installing: /home/kcg/Autonomous_kcg/ROS2Sample/install/additional_msgs/include/additional_msgs/msg/rosidl_typesupport_fastrtps_c__visibility_control.h
[16.416s] -- Up-to-date: /home/kcg/Autonomous_kcg/ROS2Sample/install/additional_msgs/include/additional_msgs/msg/detail
[16.416s] -- Installing: /home/kcg/Autonomous_kcg/ROS2Sample/install/additional_msgs/include/additional_msgs/msg/detail/can_packet__rosidl_typesupport_fastrtps_c.h
[16.416s] -- Installing: /home/kcg/Autonomous_kcg/ROS2Sample/install/additional_msgs/lib/libadditional_msgs__rosidl_typesupport_fastrtps_c.so
[16.417s] -- Set runtime path of "/home/kcg/Autonomous_kcg/ROS2Sample/install/additional_msgs/lib/libadditional_msgs__rosidl_typesupport_fastrtps_c.so" to ""
[16.417s] -- Up-to-date: /home/kcg/Autonomous_kcg/ROS2Sample/install/additional_msgs/include/additional_msgs
[16.417s] -- Up-to-date: /home/kcg/Autonomous_kcg/ROS2Sample/install/additional_msgs/include/additional_msgs/msg
[16.417s] -- Up-to-date: /home/kcg/Autonomous_kcg/ROS2Sample/install/additional_msgs/include/additional_msgs/msg/detail
[16.417s] -- Installing: /home/kcg/Autonomous_kcg/ROS2Sample/install/additional_msgs/include/additional_msgs/msg/detail/dds_fastrtps
[16.417s] -- Installing: /home/kcg/Autonomous_kcg/ROS2Sample/install/additional_msgs/include/additional_msgs/msg/detail/can_packet__rosidl_typesupport_fastrtps_cpp.hpp
[16.417s] -- Installing: /home/kcg/Autonomous_kcg/ROS2Sample/install/additional_msgs/include/additional_msgs/msg/rosidl_typesupport_fastrtps_cpp__visibility_control.h
[16.417s] -- Installing: /home/kcg/Autonomous_kcg/ROS2Sample/install/additional_msgs/lib/libadditional_msgs__rosidl_typesupport_fastrtps_cpp.so
[16.418s] -- Set runtime path of "/home/kcg/Autonomous_kcg/ROS2Sample/install/additional_msgs/lib/libadditional_msgs__rosidl_typesupport_fastrtps_cpp.so" to ""
[16.418s] -- Up-to-date: /home/kcg/Autonomous_kcg/ROS2Sample/install/additional_msgs/include/additional_msgs
[16.418s] -- Up-to-date: /home/kcg/Autonomous_kcg/ROS2Sample/install/additional_msgs/include/additional_msgs/msg
[16.418s] -- Installing: /home/kcg/Autonomous_kcg/ROS2Sample/install/additional_msgs/include/additional_msgs/msg/rosidl_typesupport_introspection_c__visibility_control.h
[16.418s] -- Up-to-date: /home/kcg/Autonomous_kcg/ROS2Sample/install/additional_msgs/include/additional_msgs/msg/detail
[16.418s] -- Installing: /home/kcg/Autonomous_kcg/ROS2Sample/install/additional_msgs/include/additional_msgs/msg/detail/can_packet__rosidl_typesupport_introspection_c.h
[16.418s] -- Installing: /home/kcg/Autonomous_kcg/ROS2Sample/install/additional_msgs/include/additional_msgs/msg/detail/can_packet__type_support.c
[16.418s] -- Installing: /home/kcg/Autonomous_kcg/ROS2Sample/install/additional_msgs/lib/libadditional_msgs__rosidl_typesupport_introspection_c.so
[16.419s] -- Set runtime path of "/home/kcg/Autonomous_kcg/ROS2Sample/install/additional_msgs/lib/libadditional_msgs__rosidl_typesupport_introspection_c.so" to ""
[16.419s] -- Installing: /home/kcg/Autonomous_kcg/ROS2Sample/install/additional_msgs/lib/libadditional_msgs__rosidl_typesupport_c.so
[16.420s] -- Set runtime path of "/home/kcg/Autonomous_kcg/ROS2Sample/install/additional_msgs/lib/libadditional_msgs__rosidl_typesupport_c.so" to ""
[16.420s] -- Up-to-date: /home/kcg/Autonomous_kcg/ROS2Sample/install/additional_msgs/include/additional_msgs
[16.420s] -- Up-to-date: /home/kcg/Autonomous_kcg/ROS2Sample/install/additional_msgs/include/additional_msgs/msg
[16.420s] -- Up-to-date: /home/kcg/Autonomous_kcg/ROS2Sample/install/additional_msgs/include/additional_msgs/msg/detail
[16.420s] -- Installing: /home/kcg/Autonomous_kcg/ROS2Sample/install/additional_msgs/include/additional_msgs/msg/detail/can_packet__traits.hpp
[16.420s] -- Installing: /home/kcg/Autonomous_kcg/ROS2Sample/install/additional_msgs/include/additional_msgs/msg/detail/can_packet__builder.hpp
[16.421s] -- Installing: /home/kcg/Autonomous_kcg/ROS2Sample/install/additional_msgs/include/additional_msgs/msg/detail/can_packet__struct.hpp
[16.421s] -- Installing: /home/kcg/Autonomous_kcg/ROS2Sample/install/additional_msgs/include/additional_msgs/msg/can_packet.hpp
[16.421s] -- Up-to-date: /home/kcg/Autonomous_kcg/ROS2Sample/install/additional_msgs/include/additional_msgs
[16.421s] -- Up-to-date: /home/kcg/Autonomous_kcg/ROS2Sample/install/additional_msgs/include/additional_msgs/msg
[16.421s] -- Up-to-date: /home/kcg/Autonomous_kcg/ROS2Sample/install/additional_msgs/include/additional_msgs/msg/detail
[16.422s] -- Installing: /home/kcg/Autonomous_kcg/ROS2Sample/install/additional_msgs/include/additional_msgs/msg/detail/can_packet__type_support.cpp
[16.422s] -- Installing: /home/kcg/Autonomous_kcg/ROS2Sample/install/additional_msgs/include/additional_msgs/msg/detail/can_packet__rosidl_typesupport_introspection_cpp.hpp
[16.422s] -- Installing: /home/kcg/Autonomous_kcg/ROS2Sample/install/additional_msgs/lib/libadditional_msgs__rosidl_typesupport_introspection_cpp.so
[16.423s] -- Set runtime path of "/home/kcg/Autonomous_kcg/ROS2Sample/install/additional_msgs/lib/libadditional_msgs__rosidl_typesupport_introspection_cpp.so" to ""
[16.423s] -- Installing: /home/kcg/Autonomous_kcg/ROS2Sample/install/additional_msgs/lib/libadditional_msgs__rosidl_typesupport_cpp.so
[16.423s] -- Set runtime path of "/home/kcg/Autonomous_kcg/ROS2Sample/install/additional_msgs/lib/libadditional_msgs__rosidl_typesupport_cpp.so" to ""
[16.423s] -- Installing: /home/kcg/Autonomous_kcg/ROS2Sample/install/additional_msgs/share/additional_msgs/environment/pythonpath.sh
[16.424s] -- Installing: /home/kcg/Autonomous_kcg/ROS2Sample/install/additional_msgs/share/additional_msgs/environment/pythonpath.dsv
[16.424s] -- Installing: /home/kcg/Autonomous_kcg/ROS2Sample/install/additional_msgs/lib/python3.8/site-packages/additional_msgs/__init__.py
[16.462s] Compiling '/home/kcg/Autonomous_kcg/ROS2Sample/install/additional_msgs/lib/python3.8/site-packages/additional_msgs/__init__.py'...
[16.466s] -- Installing: /home/kcg/Autonomous_kcg/ROS2Sample/install/additional_msgs/lib/python3.8/site-packages/additional_msgs/msg
[16.467s] -- Installing: /home/kcg/Autonomous_kcg/ROS2Sample/install/additional_msgs/lib/python3.8/site-packages/additional_msgs/msg/_can_packet_s.c
[16.467s] -- Installing: /home/kcg/Autonomous_kcg/ROS2Sample/install/additional_msgs/lib/python3.8/site-packages/additional_msgs/msg/_can_packet.py
[16.467s] -- Installing: /home/kcg/Autonomous_kcg/ROS2Sample/install/additional_msgs/lib/python3.8/site-packages/additional_msgs/msg/__init__.py
[16.467s] -- Installing: /home/kcg/Autonomous_kcg/ROS2Sample/install/additional_msgs/lib/python3.8/site-packages/additional_msgs/additional_msgs_s__rosidl_typesupport_fastrtps_c.cpython-38-x86_64-linux-gnu.so
[16.468s] -- Set runtime path of "/home/kcg/Autonomous_kcg/ROS2Sample/install/additional_msgs/lib/python3.8/site-packages/additional_msgs/additional_msgs_s__rosidl_typesupport_fastrtps_c.cpython-38-x86_64-linux-gnu.so" to ""
[16.468s] -- Installing: /home/kcg/Autonomous_kcg/ROS2Sample/install/additional_msgs/lib/python3.8/site-packages/additional_msgs/additional_msgs_s__rosidl_typesupport_introspection_c.cpython-38-x86_64-linux-gnu.so
[16.468s] -- Set runtime path of "/home/kcg/Autonomous_kcg/ROS2Sample/install/additional_msgs/lib/python3.8/site-packages/additional_msgs/additional_msgs_s__rosidl_typesupport_introspection_c.cpython-38-x86_64-linux-gnu.so" to ""
[16.469s] -- Installing: /home/kcg/Autonomous_kcg/ROS2Sample/install/additional_msgs/lib/python3.8/site-packages/additional_msgs/additional_msgs_s__rosidl_typesupport_c.cpython-38-x86_64-linux-gnu.so
[16.469s] -- Set runtime path of "/home/kcg/Autonomous_kcg/ROS2Sample/install/additional_msgs/lib/python3.8/site-packages/additional_msgs/additional_msgs_s__rosidl_typesupport_c.cpython-38-x86_64-linux-gnu.so" to ""
[16.469s] -- Installing: /home/kcg/Autonomous_kcg/ROS2Sample/install/additional_msgs/lib/libadditional_msgs__python.so
[16.470s] -- Set runtime path of "/home/kcg/Autonomous_kcg/ROS2Sample/install/additional_msgs/lib/libadditional_msgs__python.so" to ""
[16.470s] -- Installing: /home/kcg/Autonomous_kcg/ROS2Sample/install/additional_msgs/share/additional_msgs/msg/CanPacket.idl
[16.470s] -- Installing: /home/kcg/Autonomous_kcg/ROS2Sample/install/additional_msgs/share/ament_index/resource_index/package_run_dependencies/additional_msgs
[16.471s] -- Installing: /home/kcg/Autonomous_kcg/ROS2Sample/install/additional_msgs/share/ament_index/resource_index/parent_prefix_path/additional_msgs
[16.471s] -- Installing: /home/kcg/Autonomous_kcg/ROS2Sample/install/additional_msgs/share/additional_msgs/environment/ament_prefix_path.sh
[16.471s] -- Installing: /home/kcg/Autonomous_kcg/ROS2Sample/install/additional_msgs/share/additional_msgs/environment/ament_prefix_path.dsv
[16.472s] -- Installing: /home/kcg/Autonomous_kcg/ROS2Sample/install/additional_msgs/share/additional_msgs/environment/path.sh
[16.472s] -- Installing: /home/kcg/Autonomous_kcg/ROS2Sample/install/additional_msgs/share/additional_msgs/environment/path.dsv
[16.472s] -- Installing: /home/kcg/Autonomous_kcg/ROS2Sample/install/additional_msgs/share/additional_msgs/local_setup.bash
[16.472s] -- Installing: /home/kcg/Autonomous_kcg/ROS2Sample/install/additional_msgs/share/additional_msgs/local_setup.sh
[16.473s] -- Installing: /home/kcg/Autonomous_kcg/ROS2Sample/install/additional_msgs/share/additional_msgs/local_setup.zsh
[16.473s] -- Installing: /home/kcg/Autonomous_kcg/ROS2Sample/install/additional_msgs/share/additional_msgs/local_setup.dsv
[16.473s] -- Installing: /home/kcg/Autonomous_kcg/ROS2Sample/install/additional_msgs/share/additional_msgs/package.dsv
[16.474s] -- Installing: /home/kcg/Autonomous_kcg/ROS2Sample/install/additional_msgs/share/ament_index/resource_index/packages/additional_msgs
[16.474s] -- Installing: /home/kcg/Autonomous_kcg/ROS2Sample/install/additional_msgs/share/additional_msgs/cmake/additional_msgs__rosidl_generator_cExport.cmake
[16.474s] -- Installing: /home/kcg/Autonomous_kcg/ROS2Sample/install/additional_msgs/share/additional_msgs/cmake/additional_msgs__rosidl_generator_cExport-noconfig.cmake
[16.474s] -- Installing: /home/kcg/Autonomous_kcg/ROS2Sample/install/additional_msgs/share/additional_msgs/cmake/additional_msgs__rosidl_typesupport_introspection_cExport.cmake
[16.475s] -- Installing: /home/kcg/Autonomous_kcg/ROS2Sample/install/additional_msgs/share/additional_msgs/cmake/additional_msgs__rosidl_typesupport_introspection_cExport-noconfig.cmake
[16.475s] -- Installing: /home/kcg/Autonomous_kcg/ROS2Sample/install/additional_msgs/share/additional_msgs/cmake/additional_msgs__rosidl_typesupport_cExport.cmake
[16.475s] -- Installing: /home/kcg/Autonomous_kcg/ROS2Sample/install/additional_msgs/share/additional_msgs/cmake/additional_msgs__rosidl_typesupport_cExport-noconfig.cmake
[16.476s] -- Installing: /home/kcg/Autonomous_kcg/ROS2Sample/install/additional_msgs/share/additional_msgs/cmake/additional_msgs__rosidl_generator_cppExport.cmake
[16.476s] -- Installing: /home/kcg/Autonomous_kcg/ROS2Sample/install/additional_msgs/share/additional_msgs/cmake/additional_msgs__rosidl_typesupport_introspection_cppExport.cmake
[16.476s] -- Installing: /home/kcg/Autonomous_kcg/ROS2Sample/install/additional_msgs/share/additional_msgs/cmake/additional_msgs__rosidl_typesupport_introspection_cppExport-noconfig.cmake
[16.476s] -- Installing: /home/kcg/Autonomous_kcg/ROS2Sample/install/additional_msgs/share/additional_msgs/cmake/additional_msgs__rosidl_typesupport_cppExport.cmake
[16.477s] -- Installing: /home/kcg/Autonomous_kcg/ROS2Sample/install/additional_msgs/share/additional_msgs/cmake/additional_msgs__rosidl_typesupport_cppExport-noconfig.cmake
[16.477s] -- Installing: /home/kcg/Autonomous_kcg/ROS2Sample/install/additional_msgs/share/additional_msgs/cmake/rosidl_cmake-extras.cmake
[16.477s] -- Installing: /home/kcg/Autonomous_kcg/ROS2Sample/install/additional_msgs/share/additional_msgs/cmake/ament_cmake_export_dependencies-extras.cmake
[16.477s] -- Installing: /home/kcg/Autonomous_kcg/ROS2Sample/install/additional_msgs/share/additional_msgs/cmake/ament_cmake_export_libraries-extras.cmake
[16.477s] -- Installing: /home/kcg/Autonomous_kcg/ROS2Sample/install/additional_msgs/share/additional_msgs/cmake/ament_cmake_export_targets-extras.cmake
[16.478s] -- Installing: /home/kcg/Autonomous_kcg/ROS2Sample/install/additional_msgs/share/additional_msgs/cmake/ament_cmake_export_include_directories-extras.cmake
[16.478s] -- Installing: /home/kcg/Autonomous_kcg/ROS2Sample/install/additional_msgs/share/additional_msgs/cmake/rosidl_cmake_export_typesupport_libraries-extras.cmake
[16.478s] -- Installing: /home/kcg/Autonomous_kcg/ROS2Sample/install/additional_msgs/share/additional_msgs/cmake/rosidl_cmake_export_typesupport_targets-extras.cmake
[16.478s] -- Installing: /home/kcg/Autonomous_kcg/ROS2Sample/install/additional_msgs/share/additional_msgs/cmake/additional_msgsConfig.cmake
[16.479s] -- Installing: /home/kcg/Autonomous_kcg/ROS2Sample/install/additional_msgs/share/additional_msgs/cmake/additional_msgsConfig-version.cmake
[16.480s] -- Installing: /home/kcg/Autonomous_kcg/ROS2Sample/install/additional_msgs/share/additional_msgs/package.xml
[16.481s] Invoked command in '/home/kcg/Autonomous_kcg/ROS2Sample/build/additional_msgs' returned '0': CMAKE_PREFIX_PATH=/opt/ros/foxy /usr/bin/cmake --install /home/kcg/Autonomous_kcg/ROS2Sample/build/additional_msgs
