[0.045s] Invoking command in '/home/kcg/Autonomous_kcg/ROS2Sample/build/tracked_lane_msgs': CMAKE_PREFIX_PATH=${CMAKE_PREFIX_PATH}:/home/kcg/Autonomous_kcg/ROS2Sample/install/python_publisher:/opt/ros/foxy /usr/bin/cmake /home/kcg/Autonomous_kcg/ROS2Sample/src/msgs/tracked_lane_msgs -DCMAKE_INSTALL_PREFIX=/home/kcg/Autonomous_kcg/ROS2Sample/install/tracked_lane_msgs
[0.137s] -- The C compiler identification is GNU 9.4.0
[0.250s] -- The CXX compiler identification is GNU 9.4.0
[0.257s] -- Check for working C compiler: /usr/bin/cc
[0.365s] -- Check for working C compiler: /usr/bin/cc -- works
[0.366s] -- Detecting C compiler ABI info
[0.474s] -- Detecting C compiler ABI info - done
[0.491s] -- Detecting C compile features
[0.491s] -- Detecting C compile features - done
[0.497s] -- Check for working CXX compiler: /usr/bin/c++
[0.615s] -- Check for working CXX compiler: /usr/bin/c++ -- works
[0.619s] -- Detecting CXX compiler ABI info
[0.734s] -- Detecting CXX compiler ABI info - done
[0.762s] -- Detecting CXX compile features
[0.765s] -- Detecting CXX compile features - done
[0.769s] -- Found ament_cmake: 0.9.9 (/opt/ros/foxy/share/ament_cmake/cmake)
[0.787s] -- Found PythonInterp: /usr/bin/python3 (found suitable version "3.8.10", minimum required is "3") 
[0.788s] -- Using PYTHON_EXECUTABLE: /usr/bin/python3
[1.021s] -- Found std_msgs: 2.0.5 (/opt/ros/foxy/share/std_msgs/cmake)
[1.054s] -- Using all available rosidl_typesupport_c: rosidl_typesupport_fastrtps_c;rosidl_typesupport_introspection_c
[1.062s] -- Found rosidl_adapter: 1.2.1 (/opt/ros/foxy/share/rosidl_adapter/cmake)
[1.155s] -- Found OpenSSL: /usr/lib/x86_64-linux-gnu/libcrypto.so (found version "1.1.1f")  
[1.186s] -- Found FastRTPS: /opt/ros/foxy/include  
[1.268s] -- Using all available rosidl_typesupport_cpp: rosidl_typesupport_fastrtps_cpp;rosidl_typesupport_introspection_cpp
[1.311s] -- Found rosidl_default_generators: 1.0.1 (/opt/ros/foxy/share/rosidl_default_generators/cmake)
[1.346s] -- Found PythonInterp: /usr/bin/python3 (found version "3.8.10") 
[1.510s] -- Found ament_cmake_ros: 0.9.2 (/opt/ros/foxy/share/ament_cmake_ros/cmake)
[1.742s] -- Using all available rosidl_typesupport_c: rosidl_typesupport_fastrtps_c;rosidl_typesupport_introspection_c
[1.804s] -- Using all available rosidl_typesupport_cpp: rosidl_typesupport_fastrtps_cpp;rosidl_typesupport_introspection_cpp
[1.829s] -- Found PythonInterp: /usr/bin/python3 (found suitable version "3.8.10", minimum required is "3.5") 
[1.831s] -- Found python_cmake_module: 0.8.1 (/opt/ros/foxy/share/python_cmake_module/cmake)
[1.856s] -- Found PythonLibs: /usr/lib/x86_64-linux-gnu/libpython3.8.so (found suitable version "3.8.10", minimum required is "3.5") 
[1.856s] -- Using PYTHON_EXECUTABLE: /usr/bin/python3
[1.856s] -- Using PYTHON_INCLUDE_DIRS: /usr/include/python3.8
[1.856s] -- Using PYTHON_LIBRARIES: /usr/lib/x86_64-linux-gnu/libpython3.8.so
[1.876s] -- Found PythonExtra: .so  
[1.940s] -- Found ament_lint_auto: 0.9.6 (/opt/ros/foxy/share/ament_lint_auto/cmake)
[1.962s] -- Added test 'copyright' to check source files copyright and LICENSE
[1.965s] -- Added test 'lint_cmake' to check CMake code style
[1.966s] -- Added test 'xmllint' to check XML markup files
[1.973s] -- Configuring done
[2.040s] -- Generating done
[2.043s] -- Build files have been written to: /home/kcg/Autonomous_kcg/ROS2Sample/build/tracked_lane_msgs
[2.052s] Invoked command in '/home/kcg/Autonomous_kcg/ROS2Sample/build/tracked_lane_msgs' returned '0': CMAKE_PREFIX_PATH=${CMAKE_PREFIX_PATH}:/home/kcg/Autonomous_kcg/ROS2Sample/install/python_publisher:/opt/ros/foxy /usr/bin/cmake /home/kcg/Autonomous_kcg/ROS2Sample/src/msgs/tracked_lane_msgs -DCMAKE_INSTALL_PREFIX=/home/kcg/Autonomous_kcg/ROS2Sample/install/tracked_lane_msgs
[2.053s] Invoking command in '/home/kcg/Autonomous_kcg/ROS2Sample/build/tracked_lane_msgs': CMAKE_PREFIX_PATH=${CMAKE_PREFIX_PATH}:/home/kcg/Autonomous_kcg/ROS2Sample/install/python_publisher:/opt/ros/foxy /usr/bin/cmake --build /home/kcg/Autonomous_kcg/ROS2Sample/build/tracked_lane_msgs -- -j8 -l8
[2.099s] [  1%] [34m[1mGenerating C code for ROS interfaces[0m
[2.099s] [35m[1mScanning dependencies of target tracked_lane_msgs__cpp[0m
[2.111s] [  3%] [34m[1mGenerating C++ code for ROS interfaces[0m
[2.591s] [35m[1mScanning dependencies of target tracked_lane_msgs__rosidl_generator_c[0m
[2.610s] [  5%] [32mBuilding C object CMakeFiles/tracked_lane_msgs__rosidl_generator_c.dir/rosidl_generator_c/tracked_lane_msgs/msg/detail/lane_results__functions.c.o[0m
[2.613s] [  7%] [32mBuilding C object CMakeFiles/tracked_lane_msgs__rosidl_generator_c.dir/rosidl_generator_c/tracked_lane_msgs/msg/detail/lane__functions.c.o[0m
[2.620s] [ 10%] [32mBuilding C object CMakeFiles/tracked_lane_msgs__rosidl_generator_c.dir/rosidl_generator_c/tracked_lane_msgs/msg/detail/point__functions.c.o[0m
[2.620s] [ 10%] [32mBuilding C object CMakeFiles/tracked_lane_msgs__rosidl_generator_c.dir/rosidl_generator_c/tracked_lane_msgs/msg/detail/boundary__functions.c.o[0m
[2.627s] [ 10%] Built target tracked_lane_msgs__cpp
[2.643s] [ 12%] [34m[1mGenerating C++ introspection for ROS interfaces[0m
[2.658s] [ 14%] [34m[1mGenerating C++ type support for eProsima Fast-RTPS[0m
[2.666s] [ 16%] [34m[1mGenerating C++ type support dispatch for ROS interfaces[0m
[2.680s] [ 18%] [32m[1mLinking C shared library libtracked_lane_msgs__rosidl_generator_c.so[0m
[2.740s] [ 18%] Built target tracked_lane_msgs__rosidl_generator_c
[2.756s] [ 21%] [34m[1mGenerating C type support dispatch for ROS interfaces[0m
[2.756s] [ 21%] [34m[1mGenerating C introspection for ROS interfaces[0m
[3.307s] [35m[1mScanning dependencies of target tracked_lane_msgs__rosidl_typesupport_cpp[0m
[3.353s] [ 23%] [32mBuilding CXX object CMakeFiles/tracked_lane_msgs__rosidl_typesupport_cpp.dir/rosidl_typesupport_cpp/tracked_lane_msgs/msg/lane_results__type_support.cpp.o[0m
[3.391s] [35m[1mScanning dependencies of target tracked_lane_msgs__rosidl_typesupport_introspection_cpp[0m
[3.391s] [ 25%] [32mBuilding CXX object CMakeFiles/tracked_lane_msgs__rosidl_typesupport_cpp.dir/rosidl_typesupport_cpp/tracked_lane_msgs/msg/boundary__type_support.cpp.o[0m
[3.391s] [ 27%] [32mBuilding CXX object CMakeFiles/tracked_lane_msgs__rosidl_typesupport_cpp.dir/rosidl_typesupport_cpp/tracked_lane_msgs/msg/lane__type_support.cpp.o[0m
[3.403s] [35m[1mScanning dependencies of target tracked_lane_msgs__rosidl_typesupport_c[0m
[3.454s] [ 29%] [32mBuilding CXX object CMakeFiles/tracked_lane_msgs__rosidl_typesupport_c.dir/rosidl_typesupport_c/tracked_lane_msgs/msg/lane_results__type_support.cpp.o[0m
[3.458s] [ 30%] [32mBuilding CXX object CMakeFiles/tracked_lane_msgs__rosidl_typesupport_introspection_cpp.dir/rosidl_typesupport_introspection_cpp/tracked_lane_msgs/msg/detail/lane_results__type_support.cpp.o[0m
[3.479s] [ 32%] [32mBuilding CXX object CMakeFiles/tracked_lane_msgs__rosidl_typesupport_c.dir/rosidl_typesupport_c/tracked_lane_msgs/msg/lane__type_support.cpp.o[0m
[3.519s] [35m[1mScanning dependencies of target tracked_lane_msgs__rosidl_typesupport_fastrtps_cpp[0m
[3.587s] [ 34%] [32mBuilding CXX object CMakeFiles/tracked_lane_msgs__rosidl_typesupport_introspection_cpp.dir/rosidl_typesupport_introspection_cpp/tracked_lane_msgs/msg/detail/lane__type_support.cpp.o[0m
[3.607s] [ 36%] [32mBuilding CXX object CMakeFiles/tracked_lane_msgs__rosidl_typesupport_c.dir/rosidl_typesupport_c/tracked_lane_msgs/msg/boundary__type_support.cpp.o[0m
[3.636s] [35m[1mScanning dependencies of target tracked_lane_msgs__rosidl_typesupport_introspection_c[0m
[3.636s] [ 38%] [32mBuilding CXX object CMakeFiles/tracked_lane_msgs__rosidl_typesupport_fastrtps_cpp.dir/rosidl_typesupport_fastrtps_cpp/tracked_lane_msgs/msg/detail/dds_fastrtps/lane_results__type_support.cpp.o[0m
[3.670s] [ 40%] [32mBuilding C object CMakeFiles/tracked_lane_msgs__rosidl_typesupport_introspection_c.dir/rosidl_typesupport_introspection_c/tracked_lane_msgs/msg/detail/lane_results__type_support.c.o[0m
[3.752s] [ 41%] [32mBuilding CXX object CMakeFiles/tracked_lane_msgs__rosidl_typesupport_c.dir/rosidl_typesupport_c/tracked_lane_msgs/msg/point__type_support.cpp.o[0m
[3.848s] [ 43%] [32mBuilding C object CMakeFiles/tracked_lane_msgs__rosidl_typesupport_introspection_c.dir/rosidl_typesupport_introspection_c/tracked_lane_msgs/msg/detail/lane__type_support.c.o[0m
[3.921s] [ 45%] [32m[1mLinking CXX shared library libtracked_lane_msgs__rosidl_typesupport_c.so[0m
[3.941s] [ 47%] [32mBuilding CXX object CMakeFiles/tracked_lane_msgs__rosidl_typesupport_introspection_cpp.dir/rosidl_typesupport_introspection_cpp/tracked_lane_msgs/msg/detail/boundary__type_support.cpp.o[0m
[3.978s] [ 49%] [32mBuilding C object CMakeFiles/tracked_lane_msgs__rosidl_typesupport_introspection_c.dir/rosidl_typesupport_introspection_c/tracked_lane_msgs/msg/detail/boundary__type_support.c.o[0m
[4.012s] [ 50%] [32mBuilding CXX object CMakeFiles/tracked_lane_msgs__rosidl_typesupport_introspection_cpp.dir/rosidl_typesupport_introspection_cpp/tracked_lane_msgs/msg/detail/point__type_support.cpp.o[0m
[4.018s] [ 52%] [32mBuilding CXX object CMakeFiles/tracked_lane_msgs__rosidl_typesupport_cpp.dir/rosidl_typesupport_cpp/tracked_lane_msgs/msg/point__type_support.cpp.o[0m
[4.100s] [ 52%] Built target tracked_lane_msgs__rosidl_typesupport_c
[4.144s] [ 54%] [32mBuilding C object CMakeFiles/tracked_lane_msgs__rosidl_typesupport_introspection_c.dir/rosidl_typesupport_introspection_c/tracked_lane_msgs/msg/detail/point__type_support.c.o[0m
[4.164s] [ 56%] [32mBuilding CXX object CMakeFiles/tracked_lane_msgs__rosidl_typesupport_fastrtps_cpp.dir/rosidl_typesupport_fastrtps_cpp/tracked_lane_msgs/msg/detail/dds_fastrtps/lane__type_support.cpp.o[0m
[4.356s] [ 58%] [32mBuilding CXX object CMakeFiles/tracked_lane_msgs__rosidl_typesupport_fastrtps_cpp.dir/rosidl_typesupport_fastrtps_cpp/tracked_lane_msgs/msg/detail/dds_fastrtps/boundary__type_support.cpp.o[0m
[4.359s] [ 60%] [32m[1mLinking C shared library libtracked_lane_msgs__rosidl_typesupport_introspection_c.so[0m
[4.408s] [ 61%] [32mBuilding CXX object CMakeFiles/tracked_lane_msgs__rosidl_typesupport_fastrtps_cpp.dir/rosidl_typesupport_fastrtps_cpp/tracked_lane_msgs/msg/detail/dds_fastrtps/point__type_support.cpp.o[0m
[4.533s] [ 61%] Built target tracked_lane_msgs__rosidl_typesupport_introspection_c
[4.612s] [ 63%] [32m[1mLinking CXX shared library libtracked_lane_msgs__rosidl_typesupport_cpp.so[0m
[4.760s] [ 63%] Built target tracked_lane_msgs__rosidl_typesupport_cpp
[4.843s] [ 65%] [32m[1mLinking CXX shared library libtracked_lane_msgs__rosidl_typesupport_introspection_cpp.so[0m
[5.164s] [ 65%] Built target tracked_lane_msgs__rosidl_typesupport_introspection_cpp
[5.442s] [ 67%] [32m[1mLinking CXX shared library libtracked_lane_msgs__rosidl_typesupport_fastrtps_cpp.so[0m
[5.697s] [ 67%] Built target tracked_lane_msgs__rosidl_typesupport_fastrtps_cpp
[5.714s] [ 69%] [34m[1mGenerating C type support for eProsima Fast-RTPS[0m
[6.186s] [35m[1mScanning dependencies of target tracked_lane_msgs__rosidl_typesupport_fastrtps_c[0m
[6.205s] [ 72%] [32mBuilding CXX object CMakeFiles/tracked_lane_msgs__rosidl_typesupport_fastrtps_c.dir/rosidl_typesupport_fastrtps_c/tracked_lane_msgs/msg/detail/lane__type_support_c.cpp.o[0m
[6.206s] [ 72%] [32mBuilding CXX object CMakeFiles/tracked_lane_msgs__rosidl_typesupport_fastrtps_c.dir/rosidl_typesupport_fastrtps_c/tracked_lane_msgs/msg/detail/lane_results__type_support_c.cpp.o[0m
[6.207s] [ 74%] [32mBuilding CXX object CMakeFiles/tracked_lane_msgs__rosidl_typesupport_fastrtps_c.dir/rosidl_typesupport_fastrtps_c/tracked_lane_msgs/msg/detail/point__type_support_c.cpp.o[0m
[6.208s] [ 76%] [32mBuilding CXX object CMakeFiles/tracked_lane_msgs__rosidl_typesupport_fastrtps_c.dir/rosidl_typesupport_fastrtps_c/tracked_lane_msgs/msg/detail/boundary__type_support_c.cpp.o[0m
[6.658s] [ 78%] [32m[1mLinking CXX shared library libtracked_lane_msgs__rosidl_typesupport_fastrtps_c.so[0m
[6.763s] [ 78%] Built target tracked_lane_msgs__rosidl_typesupport_fastrtps_c
[6.774s] [35m[1mScanning dependencies of target tracked_lane_msgs[0m
[6.785s] [ 78%] Built target tracked_lane_msgs
[6.796s] [35m[1mScanning dependencies of target tracked_lane_msgs__py[0m
[6.808s] [ 80%] [34m[1mGenerating Python code for ROS interfaces[0m
[7.663s] [ 80%] Built target tracked_lane_msgs__py
[7.674s] [35m[1mScanning dependencies of target tracked_lane_msgs__python[0m
[7.741s] [ 81%] [32mBuilding C object CMakeFiles/tracked_lane_msgs__python.dir/rosidl_generator_py/tracked_lane_msgs/msg/_lane_results_s.c.o[0m
[7.754s] [ 83%] [32mBuilding C object CMakeFiles/tracked_lane_msgs__python.dir/rosidl_generator_py/tracked_lane_msgs/msg/_point_s.c.o[0m
[7.754s] [ 85%] [32mBuilding C object CMakeFiles/tracked_lane_msgs__python.dir/rosidl_generator_py/tracked_lane_msgs/msg/_lane_s.c.o[0m
[7.759s] [ 87%] [32mBuilding C object CMakeFiles/tracked_lane_msgs__python.dir/rosidl_generator_py/tracked_lane_msgs/msg/_boundary_s.c.o[0m
[7.920s] [ 89%] [32m[1mLinking C shared library rosidl_generator_py/tracked_lane_msgs/libtracked_lane_msgs__python.so[0m
[7.967s] [ 89%] Built target tracked_lane_msgs__python
[7.978s] [35m[1mScanning dependencies of target tracked_lane_msgs__rosidl_typesupport_introspection_c__pyext[0m
[7.978s] [35m[1mScanning dependencies of target tracked_lane_msgs__rosidl_typesupport_c__pyext[0m
[7.978s] [35m[1mScanning dependencies of target tracked_lane_msgs__rosidl_typesupport_fastrtps_c__pyext[0m
[8.000s] [ 90%] [32mBuilding C object CMakeFiles/tracked_lane_msgs__rosidl_typesupport_introspection_c__pyext.dir/rosidl_generator_py/tracked_lane_msgs/_tracked_lane_msgs_s.ep.rosidl_typesupport_introspection_c.c.o[0m
[8.002s] [ 92%] [32mBuilding C object CMakeFiles/tracked_lane_msgs__rosidl_typesupport_fastrtps_c__pyext.dir/rosidl_generator_py/tracked_lane_msgs/_tracked_lane_msgs_s.ep.rosidl_typesupport_fastrtps_c.c.o[0m
[8.004s] [ 94%] [32mBuilding C object CMakeFiles/tracked_lane_msgs__rosidl_typesupport_c__pyext.dir/rosidl_generator_py/tracked_lane_msgs/_tracked_lane_msgs_s.ep.rosidl_typesupport_c.c.o[0m
[8.087s] [ 96%] [32m[1mLinking C shared library rosidl_generator_py/tracked_lane_msgs/tracked_lane_msgs_s__rosidl_typesupport_introspection_c.cpython-38-x86_64-linux-gnu.so[0m
[8.090s] [ 98%] [32m[1mLinking CXX shared library rosidl_generator_py/tracked_lane_msgs/tracked_lane_msgs_s__rosidl_typesupport_fastrtps_c.cpython-38-x86_64-linux-gnu.so[0m
[8.091s] [100%] [32m[1mLinking C shared library rosidl_generator_py/tracked_lane_msgs/tracked_lane_msgs_s__rosidl_typesupport_c.cpython-38-x86_64-linux-gnu.so[0m
[8.131s] [100%] Built target tracked_lane_msgs__rosidl_typesupport_introspection_c__pyext
[8.133s] [100%] Built target tracked_lane_msgs__rosidl_typesupport_c__pyext
[8.163s] [100%] Built target tracked_lane_msgs__rosidl_typesupport_fastrtps_c__pyext
[8.175s] Invoked command in '/home/kcg/Autonomous_kcg/ROS2Sample/build/tracked_lane_msgs' returned '0': CMAKE_PREFIX_PATH=${CMAKE_PREFIX_PATH}:/home/kcg/Autonomous_kcg/ROS2Sample/install/python_publisher:/opt/ros/foxy /usr/bin/cmake --build /home/kcg/Autonomous_kcg/ROS2Sample/build/tracked_lane_msgs -- -j8 -l8
[8.280s] Invoking command in '/home/kcg/Autonomous_kcg/ROS2Sample/build/tracked_lane_msgs': CMAKE_PREFIX_PATH=${CMAKE_PREFIX_PATH}:/home/kcg/Autonomous_kcg/ROS2Sample/install/python_publisher:/opt/ros/foxy /usr/bin/cmake --install /home/kcg/Autonomous_kcg/ROS2Sample/build/tracked_lane_msgs
[8.289s] -- Install configuration: ""
[8.289s] -- Installing: /home/kcg/Autonomous_kcg/ROS2Sample/install/tracked_lane_msgs/share/ament_index/resource_index/rosidl_interfaces/tracked_lane_msgs
[8.289s] -- Installing: /home/kcg/Autonomous_kcg/ROS2Sample/install/tracked_lane_msgs/include/tracked_lane_msgs
[8.289s] -- Installing: /home/kcg/Autonomous_kcg/ROS2Sample/install/tracked_lane_msgs/include/tracked_lane_msgs/msg
[8.289s] -- Installing: /home/kcg/Autonomous_kcg/ROS2Sample/install/tracked_lane_msgs/include/tracked_lane_msgs/msg/point.h
[8.290s] -- Installing: /home/kcg/Autonomous_kcg/ROS2Sample/install/tracked_lane_msgs/include/tracked_lane_msgs/msg/rosidl_generator_c__visibility_control.h
[8.290s] -- Installing: /home/kcg/Autonomous_kcg/ROS2Sample/install/tracked_lane_msgs/include/tracked_lane_msgs/msg/lane.h
[8.290s] -- Installing: /home/kcg/Autonomous_kcg/ROS2Sample/install/tracked_lane_msgs/include/tracked_lane_msgs/msg/lane_results.h
[8.290s] -- Installing: /home/kcg/Autonomous_kcg/ROS2Sample/install/tracked_lane_msgs/include/tracked_lane_msgs/msg/detail
[8.290s] -- Installing: /home/kcg/Autonomous_kcg/ROS2Sample/install/tracked_lane_msgs/include/tracked_lane_msgs/msg/detail/lane__functions.h
[8.290s] -- Installing: /home/kcg/Autonomous_kcg/ROS2Sample/install/tracked_lane_msgs/include/tracked_lane_msgs/msg/detail/point__type_support.h
[8.290s] -- Installing: /home/kcg/Autonomous_kcg/ROS2Sample/install/tracked_lane_msgs/include/tracked_lane_msgs/msg/detail/lane__functions.c
[8.291s] -- Installing: /home/kcg/Autonomous_kcg/ROS2Sample/install/tracked_lane_msgs/include/tracked_lane_msgs/msg/detail/point__functions.h
[8.291s] -- Installing: /home/kcg/Autonomous_kcg/ROS2Sample/install/tracked_lane_msgs/include/tracked_lane_msgs/msg/detail/lane_results__functions.c
[8.291s] -- Installing: /home/kcg/Autonomous_kcg/ROS2Sample/install/tracked_lane_msgs/include/tracked_lane_msgs/msg/detail/boundary__type_support.h
[8.291s] -- Installing: /home/kcg/Autonomous_kcg/ROS2Sample/install/tracked_lane_msgs/include/tracked_lane_msgs/msg/detail/lane_results__struct.h
[8.291s] -- Installing: /home/kcg/Autonomous_kcg/ROS2Sample/install/tracked_lane_msgs/include/tracked_lane_msgs/msg/detail/boundary__struct.h
[8.291s] -- Installing: /home/kcg/Autonomous_kcg/ROS2Sample/install/tracked_lane_msgs/include/tracked_lane_msgs/msg/detail/boundary__functions.h
[8.291s] -- Installing: /home/kcg/Autonomous_kcg/ROS2Sample/install/tracked_lane_msgs/include/tracked_lane_msgs/msg/detail/lane_results__type_support.h
[8.291s] -- Installing: /home/kcg/Autonomous_kcg/ROS2Sample/install/tracked_lane_msgs/include/tracked_lane_msgs/msg/detail/point__struct.h
[8.291s] -- Installing: /home/kcg/Autonomous_kcg/ROS2Sample/install/tracked_lane_msgs/include/tracked_lane_msgs/msg/detail/lane_results__functions.h
[8.291s] -- Installing: /home/kcg/Autonomous_kcg/ROS2Sample/install/tracked_lane_msgs/include/tracked_lane_msgs/msg/detail/point__functions.c
[8.292s] -- Installing: /home/kcg/Autonomous_kcg/ROS2Sample/install/tracked_lane_msgs/include/tracked_lane_msgs/msg/detail/lane__type_support.h
[8.292s] -- Installing: /home/kcg/Autonomous_kcg/ROS2Sample/install/tracked_lane_msgs/include/tracked_lane_msgs/msg/detail/lane__struct.h
[8.292s] -- Installing: /home/kcg/Autonomous_kcg/ROS2Sample/install/tracked_lane_msgs/include/tracked_lane_msgs/msg/detail/boundary__functions.c
[8.292s] -- Installing: /home/kcg/Autonomous_kcg/ROS2Sample/install/tracked_lane_msgs/include/tracked_lane_msgs/msg/boundary.h
[8.292s] -- Installing: /home/kcg/Autonomous_kcg/ROS2Sample/install/tracked_lane_msgs/share/tracked_lane_msgs/environment/library_path.sh
[8.292s] -- Installing: /home/kcg/Autonomous_kcg/ROS2Sample/install/tracked_lane_msgs/share/tracked_lane_msgs/environment/library_path.dsv
[8.292s] -- Installing: /home/kcg/Autonomous_kcg/ROS2Sample/install/tracked_lane_msgs/lib/libtracked_lane_msgs__rosidl_generator_c.so
[8.293s] -- Set runtime path of "/home/kcg/Autonomous_kcg/ROS2Sample/install/tracked_lane_msgs/lib/libtracked_lane_msgs__rosidl_generator_c.so" to ""
[8.293s] -- Up-to-date: /home/kcg/Autonomous_kcg/ROS2Sample/install/tracked_lane_msgs/include/tracked_lane_msgs
[8.293s] -- Up-to-date: /home/kcg/Autonomous_kcg/ROS2Sample/install/tracked_lane_msgs/include/tracked_lane_msgs/msg
[8.293s] -- Installing: /home/kcg/Autonomous_kcg/ROS2Sample/install/tracked_lane_msgs/include/tracked_lane_msgs/msg/rosidl_typesupport_fastrtps_c__visibility_control.h
[8.293s] -- Up-to-date: /home/kcg/Autonomous_kcg/ROS2Sample/install/tracked_lane_msgs/include/tracked_lane_msgs/msg/detail
[8.294s] -- Installing: /home/kcg/Autonomous_kcg/ROS2Sample/install/tracked_lane_msgs/include/tracked_lane_msgs/msg/detail/lane_results__rosidl_typesupport_fastrtps_c.h
[8.294s] -- Installing: /home/kcg/Autonomous_kcg/ROS2Sample/install/tracked_lane_msgs/include/tracked_lane_msgs/msg/detail/point__rosidl_typesupport_fastrtps_c.h
[8.294s] -- Installing: /home/kcg/Autonomous_kcg/ROS2Sample/install/tracked_lane_msgs/include/tracked_lane_msgs/msg/detail/boundary__rosidl_typesupport_fastrtps_c.h
[8.294s] -- Installing: /home/kcg/Autonomous_kcg/ROS2Sample/install/tracked_lane_msgs/include/tracked_lane_msgs/msg/detail/lane__rosidl_typesupport_fastrtps_c.h
[8.294s] -- Installing: /home/kcg/Autonomous_kcg/ROS2Sample/install/tracked_lane_msgs/lib/libtracked_lane_msgs__rosidl_typesupport_fastrtps_c.so
[8.294s] -- Set runtime path of "/home/kcg/Autonomous_kcg/ROS2Sample/install/tracked_lane_msgs/lib/libtracked_lane_msgs__rosidl_typesupport_fastrtps_c.so" to ""
[8.294s] -- Up-to-date: /home/kcg/Autonomous_kcg/ROS2Sample/install/tracked_lane_msgs/include/tracked_lane_msgs
[8.295s] -- Up-to-date: /home/kcg/Autonomous_kcg/ROS2Sample/install/tracked_lane_msgs/include/tracked_lane_msgs/msg
[8.295s] -- Up-to-date: /home/kcg/Autonomous_kcg/ROS2Sample/install/tracked_lane_msgs/include/tracked_lane_msgs/msg/detail
[8.295s] -- Installing: /home/kcg/Autonomous_kcg/ROS2Sample/install/tracked_lane_msgs/include/tracked_lane_msgs/msg/detail/dds_fastrtps
[8.295s] -- Installing: /home/kcg/Autonomous_kcg/ROS2Sample/install/tracked_lane_msgs/include/tracked_lane_msgs/msg/detail/point__rosidl_typesupport_fastrtps_cpp.hpp
[8.295s] -- Installing: /home/kcg/Autonomous_kcg/ROS2Sample/install/tracked_lane_msgs/include/tracked_lane_msgs/msg/detail/lane__rosidl_typesupport_fastrtps_cpp.hpp
[8.295s] -- Installing: /home/kcg/Autonomous_kcg/ROS2Sample/install/tracked_lane_msgs/include/tracked_lane_msgs/msg/detail/boundary__rosidl_typesupport_fastrtps_cpp.hpp
[8.295s] -- Installing: /home/kcg/Autonomous_kcg/ROS2Sample/install/tracked_lane_msgs/include/tracked_lane_msgs/msg/detail/lane_results__rosidl_typesupport_fastrtps_cpp.hpp
[8.295s] -- Installing: /home/kcg/Autonomous_kcg/ROS2Sample/install/tracked_lane_msgs/include/tracked_lane_msgs/msg/rosidl_typesupport_fastrtps_cpp__visibility_control.h
[8.295s] -- Installing: /home/kcg/Autonomous_kcg/ROS2Sample/install/tracked_lane_msgs/lib/libtracked_lane_msgs__rosidl_typesupport_fastrtps_cpp.so
[8.296s] -- Set runtime path of "/home/kcg/Autonomous_kcg/ROS2Sample/install/tracked_lane_msgs/lib/libtracked_lane_msgs__rosidl_typesupport_fastrtps_cpp.so" to ""
[8.296s] -- Up-to-date: /home/kcg/Autonomous_kcg/ROS2Sample/install/tracked_lane_msgs/include/tracked_lane_msgs
[8.296s] -- Up-to-date: /home/kcg/Autonomous_kcg/ROS2Sample/install/tracked_lane_msgs/include/tracked_lane_msgs/msg
[8.297s] -- Installing: /home/kcg/Autonomous_kcg/ROS2Sample/install/tracked_lane_msgs/include/tracked_lane_msgs/msg/rosidl_typesupport_introspection_c__visibility_control.h
[8.297s] -- Up-to-date: /home/kcg/Autonomous_kcg/ROS2Sample/install/tracked_lane_msgs/include/tracked_lane_msgs/msg/detail
[8.297s] -- Installing: /home/kcg/Autonomous_kcg/ROS2Sample/install/tracked_lane_msgs/include/tracked_lane_msgs/msg/detail/point__type_support.c
[8.297s] -- Installing: /home/kcg/Autonomous_kcg/ROS2Sample/install/tracked_lane_msgs/include/tracked_lane_msgs/msg/detail/lane__rosidl_typesupport_introspection_c.h
[8.297s] -- Installing: /home/kcg/Autonomous_kcg/ROS2Sample/install/tracked_lane_msgs/include/tracked_lane_msgs/msg/detail/boundary__rosidl_typesupport_introspection_c.h
[8.297s] -- Installing: /home/kcg/Autonomous_kcg/ROS2Sample/install/tracked_lane_msgs/include/tracked_lane_msgs/msg/detail/lane__type_support.c
[8.297s] -- Installing: /home/kcg/Autonomous_kcg/ROS2Sample/install/tracked_lane_msgs/include/tracked_lane_msgs/msg/detail/point__rosidl_typesupport_introspection_c.h
[8.297s] -- Installing: /home/kcg/Autonomous_kcg/ROS2Sample/install/tracked_lane_msgs/include/tracked_lane_msgs/msg/detail/lane_results__rosidl_typesupport_introspection_c.h
[8.297s] -- Installing: /home/kcg/Autonomous_kcg/ROS2Sample/install/tracked_lane_msgs/include/tracked_lane_msgs/msg/detail/lane_results__type_support.c
[8.298s] -- Installing: /home/kcg/Autonomous_kcg/ROS2Sample/install/tracked_lane_msgs/include/tracked_lane_msgs/msg/detail/boundary__type_support.c
[8.298s] -- Installing: /home/kcg/Autonomous_kcg/ROS2Sample/install/tracked_lane_msgs/lib/libtracked_lane_msgs__rosidl_typesupport_introspection_c.so
[8.298s] -- Set runtime path of "/home/kcg/Autonomous_kcg/ROS2Sample/install/tracked_lane_msgs/lib/libtracked_lane_msgs__rosidl_typesupport_introspection_c.so" to ""
[8.298s] -- Installing: /home/kcg/Autonomous_kcg/ROS2Sample/install/tracked_lane_msgs/lib/libtracked_lane_msgs__rosidl_typesupport_c.so
[8.298s] -- Set runtime path of "/home/kcg/Autonomous_kcg/ROS2Sample/install/tracked_lane_msgs/lib/libtracked_lane_msgs__rosidl_typesupport_c.so" to ""
[8.299s] -- Up-to-date: /home/kcg/Autonomous_kcg/ROS2Sample/install/tracked_lane_msgs/include/tracked_lane_msgs
[8.299s] -- Up-to-date: /home/kcg/Autonomous_kcg/ROS2Sample/install/tracked_lane_msgs/include/tracked_lane_msgs/msg
[8.299s] -- Installing: /home/kcg/Autonomous_kcg/ROS2Sample/install/tracked_lane_msgs/include/tracked_lane_msgs/msg/lane_results.hpp
[8.299s] -- Installing: /home/kcg/Autonomous_kcg/ROS2Sample/install/tracked_lane_msgs/include/tracked_lane_msgs/msg/lane.hpp
[8.299s] -- Installing: /home/kcg/Autonomous_kcg/ROS2Sample/install/tracked_lane_msgs/include/tracked_lane_msgs/msg/point.hpp
[8.299s] -- Installing: /home/kcg/Autonomous_kcg/ROS2Sample/install/tracked_lane_msgs/include/tracked_lane_msgs/msg/boundary.hpp
[8.299s] -- Up-to-date: /home/kcg/Autonomous_kcg/ROS2Sample/install/tracked_lane_msgs/include/tracked_lane_msgs/msg/detail
[8.299s] -- Installing: /home/kcg/Autonomous_kcg/ROS2Sample/install/tracked_lane_msgs/include/tracked_lane_msgs/msg/detail/point__builder.hpp
[8.300s] -- Installing: /home/kcg/Autonomous_kcg/ROS2Sample/install/tracked_lane_msgs/include/tracked_lane_msgs/msg/detail/boundary__traits.hpp
[8.300s] -- Installing: /home/kcg/Autonomous_kcg/ROS2Sample/install/tracked_lane_msgs/include/tracked_lane_msgs/msg/detail/lane__builder.hpp
[8.300s] -- Installing: /home/kcg/Autonomous_kcg/ROS2Sample/install/tracked_lane_msgs/include/tracked_lane_msgs/msg/detail/boundary__struct.hpp
[8.300s] -- Installing: /home/kcg/Autonomous_kcg/ROS2Sample/install/tracked_lane_msgs/include/tracked_lane_msgs/msg/detail/lane_results__struct.hpp
[8.300s] -- Installing: /home/kcg/Autonomous_kcg/ROS2Sample/install/tracked_lane_msgs/include/tracked_lane_msgs/msg/detail/boundary__builder.hpp
[8.300s] -- Installing: /home/kcg/Autonomous_kcg/ROS2Sample/install/tracked_lane_msgs/include/tracked_lane_msgs/msg/detail/lane_results__traits.hpp
[8.300s] -- Installing: /home/kcg/Autonomous_kcg/ROS2Sample/install/tracked_lane_msgs/include/tracked_lane_msgs/msg/detail/point__struct.hpp
[8.300s] -- Installing: /home/kcg/Autonomous_kcg/ROS2Sample/install/tracked_lane_msgs/include/tracked_lane_msgs/msg/detail/lane_results__builder.hpp
[8.301s] -- Installing: /home/kcg/Autonomous_kcg/ROS2Sample/install/tracked_lane_msgs/include/tracked_lane_msgs/msg/detail/lane__traits.hpp
[8.301s] -- Installing: /home/kcg/Autonomous_kcg/ROS2Sample/install/tracked_lane_msgs/include/tracked_lane_msgs/msg/detail/lane__struct.hpp
[8.301s] -- Installing: /home/kcg/Autonomous_kcg/ROS2Sample/install/tracked_lane_msgs/include/tracked_lane_msgs/msg/detail/point__traits.hpp
[8.301s] -- Up-to-date: /home/kcg/Autonomous_kcg/ROS2Sample/install/tracked_lane_msgs/include/tracked_lane_msgs
[8.301s] -- Up-to-date: /home/kcg/Autonomous_kcg/ROS2Sample/install/tracked_lane_msgs/include/tracked_lane_msgs/msg
[8.301s] -- Up-to-date: /home/kcg/Autonomous_kcg/ROS2Sample/install/tracked_lane_msgs/include/tracked_lane_msgs/msg/detail
[8.301s] -- Installing: /home/kcg/Autonomous_kcg/ROS2Sample/install/tracked_lane_msgs/include/tracked_lane_msgs/msg/detail/lane_results__type_support.cpp
[8.301s] -- Installing: /home/kcg/Autonomous_kcg/ROS2Sample/install/tracked_lane_msgs/include/tracked_lane_msgs/msg/detail/point__type_support.cpp
[8.302s] -- Installing: /home/kcg/Autonomous_kcg/ROS2Sample/install/tracked_lane_msgs/include/tracked_lane_msgs/msg/detail/point__rosidl_typesupport_introspection_cpp.hpp
[8.302s] -- Installing: /home/kcg/Autonomous_kcg/ROS2Sample/install/tracked_lane_msgs/include/tracked_lane_msgs/msg/detail/lane_results__rosidl_typesupport_introspection_cpp.hpp
[8.302s] -- Installing: /home/kcg/Autonomous_kcg/ROS2Sample/install/tracked_lane_msgs/include/tracked_lane_msgs/msg/detail/boundary__rosidl_typesupport_introspection_cpp.hpp
[8.302s] -- Installing: /home/kcg/Autonomous_kcg/ROS2Sample/install/tracked_lane_msgs/include/tracked_lane_msgs/msg/detail/boundary__type_support.cpp
[8.302s] -- Installing: /home/kcg/Autonomous_kcg/ROS2Sample/install/tracked_lane_msgs/include/tracked_lane_msgs/msg/detail/lane__type_support.cpp
[8.302s] -- Installing: /home/kcg/Autonomous_kcg/ROS2Sample/install/tracked_lane_msgs/include/tracked_lane_msgs/msg/detail/lane__rosidl_typesupport_introspection_cpp.hpp
[8.302s] -- Installing: /home/kcg/Autonomous_kcg/ROS2Sample/install/tracked_lane_msgs/lib/libtracked_lane_msgs__rosidl_typesupport_introspection_cpp.so
[8.302s] -- Set runtime path of "/home/kcg/Autonomous_kcg/ROS2Sample/install/tracked_lane_msgs/lib/libtracked_lane_msgs__rosidl_typesupport_introspection_cpp.so" to ""
[8.302s] -- Installing: /home/kcg/Autonomous_kcg/ROS2Sample/install/tracked_lane_msgs/lib/libtracked_lane_msgs__rosidl_typesupport_cpp.so
[8.303s] -- Set runtime path of "/home/kcg/Autonomous_kcg/ROS2Sample/install/tracked_lane_msgs/lib/libtracked_lane_msgs__rosidl_typesupport_cpp.so" to ""
[8.303s] -- Installing: /home/kcg/Autonomous_kcg/ROS2Sample/install/tracked_lane_msgs/share/tracked_lane_msgs/environment/pythonpath.sh
[8.303s] -- Installing: /home/kcg/Autonomous_kcg/ROS2Sample/install/tracked_lane_msgs/share/tracked_lane_msgs/environment/pythonpath.dsv
[8.303s] -- Installing: /home/kcg/Autonomous_kcg/ROS2Sample/install/tracked_lane_msgs/lib/python3.8/site-packages/tracked_lane_msgs/__init__.py
[8.332s] Compiling '/home/kcg/Autonomous_kcg/ROS2Sample/install/tracked_lane_msgs/lib/python3.8/site-packages/tracked_lane_msgs/__init__.py'...
[8.336s] -- Installing: /home/kcg/Autonomous_kcg/ROS2Sample/install/tracked_lane_msgs/lib/python3.8/site-packages/tracked_lane_msgs/msg
[8.336s] -- Installing: /home/kcg/Autonomous_kcg/ROS2Sample/install/tracked_lane_msgs/lib/python3.8/site-packages/tracked_lane_msgs/msg/_lane.py
[8.336s] -- Installing: /home/kcg/Autonomous_kcg/ROS2Sample/install/tracked_lane_msgs/lib/python3.8/site-packages/tracked_lane_msgs/msg/_lane_s.c
[8.336s] -- Installing: /home/kcg/Autonomous_kcg/ROS2Sample/install/tracked_lane_msgs/lib/python3.8/site-packages/tracked_lane_msgs/msg/_point_s.c
[8.336s] -- Installing: /home/kcg/Autonomous_kcg/ROS2Sample/install/tracked_lane_msgs/lib/python3.8/site-packages/tracked_lane_msgs/msg/_point.py
[8.336s] -- Installing: /home/kcg/Autonomous_kcg/ROS2Sample/install/tracked_lane_msgs/lib/python3.8/site-packages/tracked_lane_msgs/msg/_lane_results_s.c
[8.336s] -- Installing: /home/kcg/Autonomous_kcg/ROS2Sample/install/tracked_lane_msgs/lib/python3.8/site-packages/tracked_lane_msgs/msg/_boundary.py
[8.336s] -- Installing: /home/kcg/Autonomous_kcg/ROS2Sample/install/tracked_lane_msgs/lib/python3.8/site-packages/tracked_lane_msgs/msg/_lane_results.py
[8.336s] -- Installing: /home/kcg/Autonomous_kcg/ROS2Sample/install/tracked_lane_msgs/lib/python3.8/site-packages/tracked_lane_msgs/msg/__init__.py
[8.337s] -- Installing: /home/kcg/Autonomous_kcg/ROS2Sample/install/tracked_lane_msgs/lib/python3.8/site-packages/tracked_lane_msgs/msg/_boundary_s.c
[8.337s] -- Installing: /home/kcg/Autonomous_kcg/ROS2Sample/install/tracked_lane_msgs/lib/python3.8/site-packages/tracked_lane_msgs/tracked_lane_msgs_s__rosidl_typesupport_fastrtps_c.cpython-38-x86_64-linux-gnu.so
[8.337s] -- Set runtime path of "/home/kcg/Autonomous_kcg/ROS2Sample/install/tracked_lane_msgs/lib/python3.8/site-packages/tracked_lane_msgs/tracked_lane_msgs_s__rosidl_typesupport_fastrtps_c.cpython-38-x86_64-linux-gnu.so" to ""
[8.338s] -- Installing: /home/kcg/Autonomous_kcg/ROS2Sample/install/tracked_lane_msgs/lib/python3.8/site-packages/tracked_lane_msgs/tracked_lane_msgs_s__rosidl_typesupport_introspection_c.cpython-38-x86_64-linux-gnu.so
[8.338s] -- Set runtime path of "/home/kcg/Autonomous_kcg/ROS2Sample/install/tracked_lane_msgs/lib/python3.8/site-packages/tracked_lane_msgs/tracked_lane_msgs_s__rosidl_typesupport_introspection_c.cpython-38-x86_64-linux-gnu.so" to ""
[8.338s] -- Installing: /home/kcg/Autonomous_kcg/ROS2Sample/install/tracked_lane_msgs/lib/python3.8/site-packages/tracked_lane_msgs/tracked_lane_msgs_s__rosidl_typesupport_c.cpython-38-x86_64-linux-gnu.so
[8.339s] -- Set runtime path of "/home/kcg/Autonomous_kcg/ROS2Sample/install/tracked_lane_msgs/lib/python3.8/site-packages/tracked_lane_msgs/tracked_lane_msgs_s__rosidl_typesupport_c.cpython-38-x86_64-linux-gnu.so" to ""
[8.339s] -- Installing: /home/kcg/Autonomous_kcg/ROS2Sample/install/tracked_lane_msgs/lib/libtracked_lane_msgs__python.so
[8.340s] -- Set runtime path of "/home/kcg/Autonomous_kcg/ROS2Sample/install/tracked_lane_msgs/lib/libtracked_lane_msgs__python.so" to ""
[8.340s] -- Installing: /home/kcg/Autonomous_kcg/ROS2Sample/install/tracked_lane_msgs/share/tracked_lane_msgs/msg/LaneResults.idl
[8.340s] -- Installing: /home/kcg/Autonomous_kcg/ROS2Sample/install/tracked_lane_msgs/share/tracked_lane_msgs/msg/Lane.idl
[8.340s] -- Installing: /home/kcg/Autonomous_kcg/ROS2Sample/install/tracked_lane_msgs/share/tracked_lane_msgs/msg/Boundary.idl
[8.341s] -- Installing: /home/kcg/Autonomous_kcg/ROS2Sample/install/tracked_lane_msgs/share/tracked_lane_msgs/msg/Point.idl
[8.341s] -- Installing: /home/kcg/Autonomous_kcg/ROS2Sample/install/tracked_lane_msgs/share/tracked_lane_msgs/msg/LaneResults.msg
[8.341s] -- Installing: /home/kcg/Autonomous_kcg/ROS2Sample/install/tracked_lane_msgs/share/tracked_lane_msgs/msg/Lane.msg
[8.341s] -- Installing: /home/kcg/Autonomous_kcg/ROS2Sample/install/tracked_lane_msgs/share/tracked_lane_msgs/msg/Boundary.msg
[8.341s] -- Installing: /home/kcg/Autonomous_kcg/ROS2Sample/install/tracked_lane_msgs/share/tracked_lane_msgs/msg/Point.msg
[8.341s] -- Installing: /home/kcg/Autonomous_kcg/ROS2Sample/install/tracked_lane_msgs/share/ament_index/resource_index/package_run_dependencies/tracked_lane_msgs
[8.341s] -- Installing: /home/kcg/Autonomous_kcg/ROS2Sample/install/tracked_lane_msgs/share/ament_index/resource_index/parent_prefix_path/tracked_lane_msgs
[8.342s] -- Installing: /home/kcg/Autonomous_kcg/ROS2Sample/install/tracked_lane_msgs/share/tracked_lane_msgs/environment/ament_prefix_path.sh
[8.342s] -- Installing: /home/kcg/Autonomous_kcg/ROS2Sample/install/tracked_lane_msgs/share/tracked_lane_msgs/environment/ament_prefix_path.dsv
[8.342s] -- Installing: /home/kcg/Autonomous_kcg/ROS2Sample/install/tracked_lane_msgs/share/tracked_lane_msgs/environment/path.sh
[8.342s] -- Installing: /home/kcg/Autonomous_kcg/ROS2Sample/install/tracked_lane_msgs/share/tracked_lane_msgs/environment/path.dsv
[8.342s] -- Installing: /home/kcg/Autonomous_kcg/ROS2Sample/install/tracked_lane_msgs/share/tracked_lane_msgs/local_setup.bash
[8.342s] -- Installing: /home/kcg/Autonomous_kcg/ROS2Sample/install/tracked_lane_msgs/share/tracked_lane_msgs/local_setup.sh
[8.343s] -- Installing: /home/kcg/Autonomous_kcg/ROS2Sample/install/tracked_lane_msgs/share/tracked_lane_msgs/local_setup.zsh
[8.343s] -- Installing: /home/kcg/Autonomous_kcg/ROS2Sample/install/tracked_lane_msgs/share/tracked_lane_msgs/local_setup.dsv
[8.343s] -- Installing: /home/kcg/Autonomous_kcg/ROS2Sample/install/tracked_lane_msgs/share/tracked_lane_msgs/package.dsv
[8.343s] -- Installing: /home/kcg/Autonomous_kcg/ROS2Sample/install/tracked_lane_msgs/share/ament_index/resource_index/packages/tracked_lane_msgs
[8.343s] -- Installing: /home/kcg/Autonomous_kcg/ROS2Sample/install/tracked_lane_msgs/share/tracked_lane_msgs/cmake/tracked_lane_msgs__rosidl_generator_cExport.cmake
[8.344s] -- Installing: /home/kcg/Autonomous_kcg/ROS2Sample/install/tracked_lane_msgs/share/tracked_lane_msgs/cmake/tracked_lane_msgs__rosidl_generator_cExport-noconfig.cmake
[8.344s] -- Installing: /home/kcg/Autonomous_kcg/ROS2Sample/install/tracked_lane_msgs/share/tracked_lane_msgs/cmake/tracked_lane_msgs__rosidl_typesupport_introspection_cExport.cmake
[8.344s] -- Installing: /home/kcg/Autonomous_kcg/ROS2Sample/install/tracked_lane_msgs/share/tracked_lane_msgs/cmake/tracked_lane_msgs__rosidl_typesupport_introspection_cExport-noconfig.cmake
[8.344s] -- Installing: /home/kcg/Autonomous_kcg/ROS2Sample/install/tracked_lane_msgs/share/tracked_lane_msgs/cmake/tracked_lane_msgs__rosidl_typesupport_cExport.cmake
[8.345s] -- Installing: /home/kcg/Autonomous_kcg/ROS2Sample/install/tracked_lane_msgs/share/tracked_lane_msgs/cmake/tracked_lane_msgs__rosidl_typesupport_cExport-noconfig.cmake
[8.345s] -- Installing: /home/kcg/Autonomous_kcg/ROS2Sample/install/tracked_lane_msgs/share/tracked_lane_msgs/cmake/tracked_lane_msgs__rosidl_generator_cppExport.cmake
[8.345s] -- Installing: /home/kcg/Autonomous_kcg/ROS2Sample/install/tracked_lane_msgs/share/tracked_lane_msgs/cmake/tracked_lane_msgs__rosidl_typesupport_introspection_cppExport.cmake
[8.345s] -- Installing: /home/kcg/Autonomous_kcg/ROS2Sample/install/tracked_lane_msgs/share/tracked_lane_msgs/cmake/tracked_lane_msgs__rosidl_typesupport_introspection_cppExport-noconfig.cmake
[8.345s] -- Installing: /home/kcg/Autonomous_kcg/ROS2Sample/install/tracked_lane_msgs/share/tracked_lane_msgs/cmake/tracked_lane_msgs__rosidl_typesupport_cppExport.cmake
[8.346s] -- Installing: /home/kcg/Autonomous_kcg/ROS2Sample/install/tracked_lane_msgs/share/tracked_lane_msgs/cmake/tracked_lane_msgs__rosidl_typesupport_cppExport-noconfig.cmake
[8.346s] -- Installing: /home/kcg/Autonomous_kcg/ROS2Sample/install/tracked_lane_msgs/share/tracked_lane_msgs/cmake/rosidl_cmake-extras.cmake
[8.346s] -- Installing: /home/kcg/Autonomous_kcg/ROS2Sample/install/tracked_lane_msgs/share/tracked_lane_msgs/cmake/ament_cmake_export_dependencies-extras.cmake
[8.346s] -- Installing: /home/kcg/Autonomous_kcg/ROS2Sample/install/tracked_lane_msgs/share/tracked_lane_msgs/cmake/ament_cmake_export_libraries-extras.cmake
[8.346s] -- Installing: /home/kcg/Autonomous_kcg/ROS2Sample/install/tracked_lane_msgs/share/tracked_lane_msgs/cmake/ament_cmake_export_targets-extras.cmake
[8.346s] -- Installing: /home/kcg/Autonomous_kcg/ROS2Sample/install/tracked_lane_msgs/share/tracked_lane_msgs/cmake/ament_cmake_export_include_directories-extras.cmake
[8.347s] -- Installing: /home/kcg/Autonomous_kcg/ROS2Sample/install/tracked_lane_msgs/share/tracked_lane_msgs/cmake/rosidl_cmake_export_typesupport_libraries-extras.cmake
[8.347s] -- Installing: /home/kcg/Autonomous_kcg/ROS2Sample/install/tracked_lane_msgs/share/tracked_lane_msgs/cmake/rosidl_cmake_export_typesupport_targets-extras.cmake
[8.347s] -- Installing: /home/kcg/Autonomous_kcg/ROS2Sample/install/tracked_lane_msgs/share/tracked_lane_msgs/cmake/tracked_lane_msgsConfig.cmake
[8.347s] -- Installing: /home/kcg/Autonomous_kcg/ROS2Sample/install/tracked_lane_msgs/share/tracked_lane_msgs/cmake/tracked_lane_msgsConfig-version.cmake
[8.347s] -- Installing: /home/kcg/Autonomous_kcg/ROS2Sample/install/tracked_lane_msgs/share/tracked_lane_msgs/package.xml
[8.353s] Invoked command in '/home/kcg/Autonomous_kcg/ROS2Sample/build/tracked_lane_msgs' returned '0': CMAKE_PREFIX_PATH=${CMAKE_PREFIX_PATH}:/home/kcg/Autonomous_kcg/ROS2Sample/install/python_publisher:/opt/ros/foxy /usr/bin/cmake --install /home/kcg/Autonomous_kcg/ROS2Sample/build/tracked_lane_msgs
