-- The C compiler identification is GNU 9.4.0
-- The CXX compiler identification is GNU 9.4.0
-- Check for working C compiler: /usr/bin/cc
-- Check for working C compiler: /usr/bin/cc -- works
-- Detecting C compiler ABI info
-- Detecting C compiler ABI info - done
-- Detecting C compile features
-- Detecting C compile features - done
-- Check for working CXX compiler: /usr/bin/c++
-- Check for working CXX compiler: /usr/bin/c++ -- works
-- Detecting CXX compiler ABI info
-- Detecting CXX compiler ABI info - done
-- Detecting CXX compile features
-- Detecting CXX compile features - done
-- Found ament_cmake_auto: 0.9.9 (/opt/ros/foxy/share/ament_cmake_auto/cmake)
-- Found PythonInterp: /usr/bin/python3 (found suitable version "3.8.10", minimum required is "3") 
-- Using PYTHON_EXECUTABLE: /usr/bin/python3
-- Using all available rosidl_typesupport_c: rosidl_typesupport_fastrtps_c;rosidl_typesupport_introspection_c
-- Found rosidl_adapter: 1.2.1 (/opt/ros/foxy/share/rosidl_adapter/cmake)
-- Found OpenSSL: /usr/lib/x86_64-linux-gnu/libcrypto.so (found version "1.1.1f")  
-- Found FastRTPS: /opt/ros/foxy/include  
-- Using all available rosidl_typesupport_cpp: rosidl_typesupport_fastrtps_cpp;rosidl_typesupport_introspection_cpp
-- Found ament_cmake_cppcheck: 0.9.6 (/opt/ros/foxy/share/ament_cmake_cppcheck/cmake)
-- Found ament_cmake_cpplint: 0.9.6 (/opt/ros/foxy/share/ament_cmake_cpplint/cmake)
-- Found ament_cmake_uncrustify: 0.9.6 (/opt/ros/foxy/share/ament_cmake_uncrustify/cmake)
-- Found ament_cmake_ros: 0.9.2 (/opt/ros/foxy/share/ament_cmake_ros/cmake)
-- Using all available rosidl_typesupport_c: rosidl_typesupport_fastrtps_c;rosidl_typesupport_introspection_c
-- Using all available rosidl_typesupport_cpp: rosidl_typesupport_fastrtps_cpp;rosidl_typesupport_introspection_cpp
-- Found PythonInterp: /usr/bin/python3 (found suitable version "3.8.10", minimum required is "3.5") 
-- Found python_cmake_module: 0.8.1 (/opt/ros/foxy/share/python_cmake_module/cmake)
-- Found PythonLibs: /usr/lib/x86_64-linux-gnu/libpython3.8.so (found suitable version "3.8.10", minimum required is "3.5") 
-- Using PYTHON_EXECUTABLE: /usr/bin/python3
-- Using PYTHON_INCLUDE_DIRS: /usr/include/python3.8
-- Using PYTHON_LIBRARIES: /usr/lib/x86_64-linux-gnu/libpython3.8.so
-- Found PythonExtra: .so  
-- Found ament_cmake_flake8: 0.9.6 (/opt/ros/foxy/share/ament_cmake_flake8/cmake)
-- Found ament_cmake_pep257: 0.9.6 (/opt/ros/foxy/share/ament_cmake_pep257/cmake)
-- Found ament_lint_auto: 0.9.6 (/opt/ros/foxy/share/ament_lint_auto/cmake)
-- Added test 'copyright' to check source files copyright and LICENSE
-- Added test 'lint_cmake' to check CMake code style
-- Added test 'xmllint' to check XML markup files
-- Configuring done
-- Generating done
-- Build files have been written to: /home/kcg/copy/idan_driver_ws/build/additional_msgs
[35m[1mScanning dependencies of target additional_msgs__cpp[0m
[  3%] [34m[1mGenerating C code for ROS interfaces[0m
[  6%] [34m[1mGenerating C++ code for ROS interfaces[0m
[35m[1mScanning dependencies of target additional_msgs__rosidl_generator_c[0m
[  6%] Built target additional_msgs__cpp
[  9%] [32mBuilding C object CMakeFiles/additional_msgs__rosidl_generator_c.dir/rosidl_generator_c/additional_msgs/msg/detail/can_packet__functions.c.o[0m
[ 12%] [34m[1mGenerating C++ type support dispatch for ROS interfaces[0m
[ 16%] [34m[1mGenerating C++ type support for eProsima Fast-RTPS[0m
[ 19%] [34m[1mGenerating C++ introspection for ROS interfaces[0m
[ 22%] [32m[1mLinking C shared library libadditional_msgs__rosidl_generator_c.so[0m
[ 22%] Built target additional_msgs__rosidl_generator_c
[ 29%] [34m[1mGenerating C introspection for ROS interfaces[0m
[ 29%] [34m[1mGenerating C type support dispatch for ROS interfaces[0m
[35m[1mScanning dependencies of target additional_msgs__rosidl_typesupport_cpp[0m
[ 32%] [32mBuilding CXX object CMakeFiles/additional_msgs__rosidl_typesupport_cpp.dir/rosidl_typesupport_cpp/additional_msgs/msg/can_packet__type_support.cpp.o[0m
[35m[1mScanning dependencies of target additional_msgs__rosidl_typesupport_introspection_cpp[0m
[35m[1mScanning dependencies of target additional_msgs__rosidl_typesupport_fastrtps_cpp[0m
[ 35%] [32mBuilding CXX object CMakeFiles/additional_msgs__rosidl_typesupport_introspection_cpp.dir/rosidl_typesupport_introspection_cpp/additional_msgs/msg/detail/can_packet__type_support.cpp.o[0m
[ 38%] [32mBuilding CXX object CMakeFiles/additional_msgs__rosidl_typesupport_fastrtps_cpp.dir/rosidl_typesupport_fastrtps_cpp/additional_msgs/msg/detail/dds_fastrtps/can_packet__type_support.cpp.o[0m
[35m[1mScanning dependencies of target additional_msgs__rosidl_typesupport_c[0m
[ 41%] [32mBuilding CXX object CMakeFiles/additional_msgs__rosidl_typesupport_c.dir/rosidl_typesupport_c/additional_msgs/msg/can_packet__type_support.cpp.o[0m
[35m[1mScanning dependencies of target additional_msgs__rosidl_typesupport_introspection_c[0m
[ 45%] [32mBuilding C object CMakeFiles/additional_msgs__rosidl_typesupport_introspection_c.dir/rosidl_typesupport_introspection_c/additional_msgs/msg/detail/can_packet__type_support.c.o[0m
[ 48%] [32m[1mLinking CXX shared library libadditional_msgs__rosidl_typesupport_c.so[0m
[ 51%] [32m[1mLinking C shared library libadditional_msgs__rosidl_typesupport_introspection_c.so[0m
[ 51%] Built target additional_msgs__rosidl_typesupport_c
[ 51%] Built target additional_msgs__rosidl_typesupport_introspection_c
[ 54%] [32m[1mLinking CXX shared library libadditional_msgs__rosidl_typesupport_cpp.so[0m
[ 54%] Built target additional_msgs__rosidl_typesupport_cpp
[ 58%] [32m[1mLinking CXX shared library libadditional_msgs__rosidl_typesupport_introspection_cpp.so[0m
[ 61%] [32m[1mLinking CXX shared library libadditional_msgs__rosidl_typesupport_fastrtps_cpp.so[0m
[ 61%] Built target additional_msgs__rosidl_typesupport_introspection_cpp
[ 61%] Built target additional_msgs__rosidl_typesupport_fastrtps_cpp
[ 64%] [34m[1mGenerating C type support for eProsima Fast-RTPS[0m
[35m[1mScanning dependencies of target additional_msgs__rosidl_typesupport_fastrtps_c[0m
[ 67%] [32mBuilding CXX object CMakeFiles/additional_msgs__rosidl_typesupport_fastrtps_c.dir/rosidl_typesupport_fastrtps_c/additional_msgs/msg/detail/can_packet__type_support_c.cpp.o[0m
[ 70%] [32m[1mLinking CXX shared library libadditional_msgs__rosidl_typesupport_fastrtps_c.so[0m
[ 70%] Built target additional_msgs__rosidl_typesupport_fastrtps_c
[35m[1mScanning dependencies of target additional_msgs[0m
[ 70%] Built target additional_msgs
[35m[1mScanning dependencies of target additional_msgs__py[0m
[ 74%] [34m[1mGenerating Python code for ROS interfaces[0m
[ 74%] Built target additional_msgs__py
[35m[1mScanning dependencies of target additional_msgs__python[0m
[ 77%] [32mBuilding C object CMakeFiles/additional_msgs__python.dir/rosidl_generator_py/additional_msgs/msg/_can_packet_s.c.o[0m
[ 80%] [32m[1mLinking C shared library rosidl_generator_py/additional_msgs/libadditional_msgs__python.so[0m
[ 80%] Built target additional_msgs__python
[35m[1mScanning dependencies of target additional_msgs__rosidl_typesupport_c__pyext[0m
[35m[1mScanning dependencies of target additional_msgs__rosidl_typesupport_introspection_c__pyext[0m
[35m[1mScanning dependencies of target additional_msgs__rosidl_typesupport_fastrtps_c__pyext[0m
[ 87%] [32mBuilding C object CMakeFiles/additional_msgs__rosidl_typesupport_introspection_c__pyext.dir/rosidl_generator_py/additional_msgs/_additional_msgs_s.ep.rosidl_typesupport_introspection_c.c.o[0m
[ 87%] [32mBuilding C object CMakeFiles/additional_msgs__rosidl_typesupport_c__pyext.dir/rosidl_generator_py/additional_msgs/_additional_msgs_s.ep.rosidl_typesupport_c.c.o[0m
[ 90%] [32mBuilding C object CMakeFiles/additional_msgs__rosidl_typesupport_fastrtps_c__pyext.dir/rosidl_generator_py/additional_msgs/_additional_msgs_s.ep.rosidl_typesupport_fastrtps_c.c.o[0m
[ 96%] [32m[1mLinking C shared library rosidl_generator_py/additional_msgs/additional_msgs_s__rosidl_typesupport_introspection_c.cpython-38-x86_64-linux-gnu.so[0m
[ 96%] [32m[1mLinking C shared library rosidl_generator_py/additional_msgs/additional_msgs_s__rosidl_typesupport_c.cpython-38-x86_64-linux-gnu.so[0m
[100%] [32m[1mLinking CXX shared library rosidl_generator_py/additional_msgs/additional_msgs_s__rosidl_typesupport_fastrtps_c.cpython-38-x86_64-linux-gnu.so[0m
[100%] Built target additional_msgs__rosidl_typesupport_introspection_c__pyext
[100%] Built target additional_msgs__rosidl_typesupport_c__pyext
[100%] Built target additional_msgs__rosidl_typesupport_fastrtps_c__pyext
