[0.103s] Invoking command in '/home/kcg/Autonomous_kcg/ROS2Sample/build/tracked_lane_msgs': CMAKE_PREFIX_PATH=${CMAKE_PREFIX_PATH}:/home/kcg/Autonomous_kcg/ROS2Sample/install/python_publisher:/opt/ros/foxy /usr/bin/cmake --build /home/kcg/Autonomous_kcg/ROS2Sample/build/tracked_lane_msgs -- -j8 -l8
[0.228s] [  1%] Built target tracked_lane_msgs__cpp
[0.235s] [ 12%] Built target tracked_lane_msgs__rosidl_generator_c
[0.356s] [ 23%] Built target tracked_lane_msgs__rosidl_typesupport_cpp
[0.397s] [ 34%] Built target tracked_lane_msgs__rosidl_typesupport_fastrtps_cpp
[0.404s] [ 45%] Built target tracked_lane_msgs__rosidl_typesupport_c
[0.410s] [ 56%] Built target tracked_lane_msgs__rosidl_typesupport_introspection_cpp
[0.416s] [ 67%] Built target tracked_lane_msgs__rosidl_typesupport_introspection_c
[0.463s] [ 78%] Built target tracked_lane_msgs__rosidl_typesupport_fastrtps_c
[0.497s] [ 78%] Built target tracked_lane_msgs
[0.535s] [ 80%] Built target tracked_lane_msgs__py
[0.589s] [ 89%] Built target tracked_lane_msgs__python
[0.668s] [ 92%] Built target tracked_lane_msgs__rosidl_typesupport_fastrtps_c__pyext
[0.684s] [ 96%] Built target tracked_lane_msgs__rosidl_typesupport_introspection_c__pyext
[0.687s] [100%] Built target tracked_lane_msgs__rosidl_typesupport_c__pyext
[0.727s] Invoked command in '/home/kcg/Autonomous_kcg/ROS2Sample/build/tracked_lane_msgs' returned '0': CMAKE_PREFIX_PATH=${CMAKE_PREFIX_PATH}:/home/kcg/Autonomous_kcg/ROS2Sample/install/python_publisher:/opt/ros/foxy /usr/bin/cmake --build /home/kcg/Autonomous_kcg/ROS2Sample/build/tracked_lane_msgs -- -j8 -l8
[0.939s] Invoking command in '/home/kcg/Autonomous_kcg/ROS2Sample/build/tracked_lane_msgs': CMAKE_PREFIX_PATH=${CMAKE_PREFIX_PATH}:/home/kcg/Autonomous_kcg/ROS2Sample/install/python_publisher:/opt/ros/foxy /usr/bin/cmake --install /home/kcg/Autonomous_kcg/ROS2Sample/build/tracked_lane_msgs
[0.948s] -- Install configuration: ""
[0.948s] -- Up-to-date: /home/kcg/Autonomous_kcg/ROS2Sample/install/tracked_lane_msgs/share/ament_index/resource_index/rosidl_interfaces/tracked_lane_msgs
[0.949s] -- Up-to-date: /home/kcg/Autonomous_kcg/ROS2Sample/install/tracked_lane_msgs/include/tracked_lane_msgs
[0.949s] -- Up-to-date: /home/kcg/Autonomous_kcg/ROS2Sample/install/tracked_lane_msgs/include/tracked_lane_msgs/msg
[0.950s] -- Up-to-date: /home/kcg/Autonomous_kcg/ROS2Sample/install/tracked_lane_msgs/include/tracked_lane_msgs/msg/point.h
[0.950s] -- Up-to-date: /home/kcg/Autonomous_kcg/ROS2Sample/install/tracked_lane_msgs/include/tracked_lane_msgs/msg/rosidl_generator_c__visibility_control.h
[0.950s] -- Up-to-date: /home/kcg/Autonomous_kcg/ROS2Sample/install/tracked_lane_msgs/include/tracked_lane_msgs/msg/lane.h
[0.950s] -- Up-to-date: /home/kcg/Autonomous_kcg/ROS2Sample/install/tracked_lane_msgs/include/tracked_lane_msgs/msg/lane_results.h
[0.950s] -- Up-to-date: /home/kcg/Autonomous_kcg/ROS2Sample/install/tracked_lane_msgs/include/tracked_lane_msgs/msg/detail
[0.951s] -- Up-to-date: /home/kcg/Autonomous_kcg/ROS2Sample/install/tracked_lane_msgs/include/tracked_lane_msgs/msg/detail/lane__functions.h
[0.951s] -- Up-to-date: /home/kcg/Autonomous_kcg/ROS2Sample/install/tracked_lane_msgs/include/tracked_lane_msgs/msg/detail/point__type_support.h
[0.951s] -- Up-to-date: /home/kcg/Autonomous_kcg/ROS2Sample/install/tracked_lane_msgs/include/tracked_lane_msgs/msg/detail/lane__functions.c
[0.951s] -- Up-to-date: /home/kcg/Autonomous_kcg/ROS2Sample/install/tracked_lane_msgs/include/tracked_lane_msgs/msg/detail/point__functions.h
[0.952s] -- Up-to-date: /home/kcg/Autonomous_kcg/ROS2Sample/install/tracked_lane_msgs/include/tracked_lane_msgs/msg/detail/lane_results__functions.c
[0.952s] -- Up-to-date: /home/kcg/Autonomous_kcg/ROS2Sample/install/tracked_lane_msgs/include/tracked_lane_msgs/msg/detail/boundary__type_support.h
[0.952s] -- Up-to-date: /home/kcg/Autonomous_kcg/ROS2Sample/install/tracked_lane_msgs/include/tracked_lane_msgs/msg/detail/lane_results__struct.h
[0.952s] -- Up-to-date: /home/kcg/Autonomous_kcg/ROS2Sample/install/tracked_lane_msgs/include/tracked_lane_msgs/msg/detail/boundary__struct.h
[0.953s] -- Up-to-date: /home/kcg/Autonomous_kcg/ROS2Sample/install/tracked_lane_msgs/include/tracked_lane_msgs/msg/detail/boundary__functions.h
[0.954s] -- Up-to-date: /home/kcg/Autonomous_kcg/ROS2Sample/install/tracked_lane_msgs/include/tracked_lane_msgs/msg/detail/lane_results__type_support.h
[0.954s] -- Up-to-date: /home/kcg/Autonomous_kcg/ROS2Sample/install/tracked_lane_msgs/include/tracked_lane_msgs/msg/detail/point__struct.h
[0.955s] -- Up-to-date: /home/kcg/Autonomous_kcg/ROS2Sample/install/tracked_lane_msgs/include/tracked_lane_msgs/msg/detail/lane_results__functions.h
[0.955s] -- Up-to-date: /home/kcg/Autonomous_kcg/ROS2Sample/install/tracked_lane_msgs/include/tracked_lane_msgs/msg/detail/point__functions.c
[0.955s] -- Up-to-date: /home/kcg/Autonomous_kcg/ROS2Sample/install/tracked_lane_msgs/include/tracked_lane_msgs/msg/detail/lane__type_support.h
[0.955s] -- Up-to-date: /home/kcg/Autonomous_kcg/ROS2Sample/install/tracked_lane_msgs/include/tracked_lane_msgs/msg/detail/lane__struct.h
[0.955s] -- Up-to-date: /home/kcg/Autonomous_kcg/ROS2Sample/install/tracked_lane_msgs/include/tracked_lane_msgs/msg/detail/boundary__functions.c
[0.956s] -- Up-to-date: /home/kcg/Autonomous_kcg/ROS2Sample/install/tracked_lane_msgs/include/tracked_lane_msgs/msg/boundary.h
[0.956s] -- Up-to-date: /home/kcg/Autonomous_kcg/ROS2Sample/install/tracked_lane_msgs/share/tracked_lane_msgs/environment/library_path.sh
[0.956s] -- Up-to-date: /home/kcg/Autonomous_kcg/ROS2Sample/install/tracked_lane_msgs/share/tracked_lane_msgs/environment/library_path.dsv
[0.956s] -- Up-to-date: /home/kcg/Autonomous_kcg/ROS2Sample/install/tracked_lane_msgs/lib/libtracked_lane_msgs__rosidl_generator_c.so
[0.956s] -- Up-to-date: /home/kcg/Autonomous_kcg/ROS2Sample/install/tracked_lane_msgs/include/tracked_lane_msgs
[0.956s] -- Up-to-date: /home/kcg/Autonomous_kcg/ROS2Sample/install/tracked_lane_msgs/include/tracked_lane_msgs/msg
[0.957s] -- Up-to-date: /home/kcg/Autonomous_kcg/ROS2Sample/install/tracked_lane_msgs/include/tracked_lane_msgs/msg/rosidl_typesupport_fastrtps_c__visibility_control.h
[0.957s] -- Up-to-date: /home/kcg/Autonomous_kcg/ROS2Sample/install/tracked_lane_msgs/include/tracked_lane_msgs/msg/detail
[0.957s] -- Up-to-date: /home/kcg/Autonomous_kcg/ROS2Sample/install/tracked_lane_msgs/include/tracked_lane_msgs/msg/detail/lane_results__rosidl_typesupport_fastrtps_c.h
[0.957s] -- Up-to-date: /home/kcg/Autonomous_kcg/ROS2Sample/install/tracked_lane_msgs/include/tracked_lane_msgs/msg/detail/point__rosidl_typesupport_fastrtps_c.h
[0.957s] -- Up-to-date: /home/kcg/Autonomous_kcg/ROS2Sample/install/tracked_lane_msgs/include/tracked_lane_msgs/msg/detail/boundary__rosidl_typesupport_fastrtps_c.h
[0.958s] -- Up-to-date: /home/kcg/Autonomous_kcg/ROS2Sample/install/tracked_lane_msgs/include/tracked_lane_msgs/msg/detail/lane__rosidl_typesupport_fastrtps_c.h
[0.958s] -- Up-to-date: /home/kcg/Autonomous_kcg/ROS2Sample/install/tracked_lane_msgs/lib/libtracked_lane_msgs__rosidl_typesupport_fastrtps_c.so
[0.958s] -- Up-to-date: /home/kcg/Autonomous_kcg/ROS2Sample/install/tracked_lane_msgs/include/tracked_lane_msgs
[0.958s] -- Up-to-date: /home/kcg/Autonomous_kcg/ROS2Sample/install/tracked_lane_msgs/include/tracked_lane_msgs/msg
[0.959s] -- Up-to-date: /home/kcg/Autonomous_kcg/ROS2Sample/install/tracked_lane_msgs/include/tracked_lane_msgs/msg/detail
[0.959s] -- Up-to-date: /home/kcg/Autonomous_kcg/ROS2Sample/install/tracked_lane_msgs/include/tracked_lane_msgs/msg/detail/dds_fastrtps
[0.959s] -- Up-to-date: /home/kcg/Autonomous_kcg/ROS2Sample/install/tracked_lane_msgs/include/tracked_lane_msgs/msg/detail/point__rosidl_typesupport_fastrtps_cpp.hpp
[0.959s] -- Up-to-date: /home/kcg/Autonomous_kcg/ROS2Sample/install/tracked_lane_msgs/include/tracked_lane_msgs/msg/detail/lane__rosidl_typesupport_fastrtps_cpp.hpp
[0.959s] -- Up-to-date: /home/kcg/Autonomous_kcg/ROS2Sample/install/tracked_lane_msgs/include/tracked_lane_msgs/msg/detail/boundary__rosidl_typesupport_fastrtps_cpp.hpp
[0.959s] -- Up-to-date: /home/kcg/Autonomous_kcg/ROS2Sample/install/tracked_lane_msgs/include/tracked_lane_msgs/msg/detail/lane_results__rosidl_typesupport_fastrtps_cpp.hpp
[0.960s] -- Up-to-date: /home/kcg/Autonomous_kcg/ROS2Sample/install/tracked_lane_msgs/include/tracked_lane_msgs/msg/rosidl_typesupport_fastrtps_cpp__visibility_control.h
[0.960s] -- Up-to-date: /home/kcg/Autonomous_kcg/ROS2Sample/install/tracked_lane_msgs/lib/libtracked_lane_msgs__rosidl_typesupport_fastrtps_cpp.so
[0.960s] -- Up-to-date: /home/kcg/Autonomous_kcg/ROS2Sample/install/tracked_lane_msgs/include/tracked_lane_msgs
[0.960s] -- Up-to-date: /home/kcg/Autonomous_kcg/ROS2Sample/install/tracked_lane_msgs/include/tracked_lane_msgs/msg
[0.960s] -- Up-to-date: /home/kcg/Autonomous_kcg/ROS2Sample/install/tracked_lane_msgs/include/tracked_lane_msgs/msg/rosidl_typesupport_introspection_c__visibility_control.h
[0.960s] -- Up-to-date: /home/kcg/Autonomous_kcg/ROS2Sample/install/tracked_lane_msgs/include/tracked_lane_msgs/msg/detail
[0.960s] -- Up-to-date: /home/kcg/Autonomous_kcg/ROS2Sample/install/tracked_lane_msgs/include/tracked_lane_msgs/msg/detail/point__type_support.c
[0.961s] -- Up-to-date: /home/kcg/Autonomous_kcg/ROS2Sample/install/tracked_lane_msgs/include/tracked_lane_msgs/msg/detail/lane__rosidl_typesupport_introspection_c.h
[0.961s] -- Up-to-date: /home/kcg/Autonomous_kcg/ROS2Sample/install/tracked_lane_msgs/include/tracked_lane_msgs/msg/detail/boundary__rosidl_typesupport_introspection_c.h
[0.961s] -- Up-to-date: /home/kcg/Autonomous_kcg/ROS2Sample/install/tracked_lane_msgs/include/tracked_lane_msgs/msg/detail/lane__type_support.c
[0.965s] -- Up-to-date: /home/kcg/Autonomous_kcg/ROS2Sample/install/tracked_lane_msgs/include/tracked_lane_msgs/msg/detail/point__rosidl_typesupport_introspection_c.h
[0.965s] -- Up-to-date: /home/kcg/Autonomous_kcg/ROS2Sample/install/tracked_lane_msgs/include/tracked_lane_msgs/msg/detail/lane_results__rosidl_typesupport_introspection_c.h
[0.965s] -- Up-to-date: /home/kcg/Autonomous_kcg/ROS2Sample/install/tracked_lane_msgs/include/tracked_lane_msgs/msg/detail/lane_results__type_support.c
[0.965s] -- Up-to-date: /home/kcg/Autonomous_kcg/ROS2Sample/install/tracked_lane_msgs/include/tracked_lane_msgs/msg/detail/boundary__type_support.c
[0.965s] -- Up-to-date: /home/kcg/Autonomous_kcg/ROS2Sample/install/tracked_lane_msgs/lib/libtracked_lane_msgs__rosidl_typesupport_introspection_c.so
[0.965s] -- Up-to-date: /home/kcg/Autonomous_kcg/ROS2Sample/install/tracked_lane_msgs/lib/libtracked_lane_msgs__rosidl_typesupport_c.so
[0.965s] -- Up-to-date: /home/kcg/Autonomous_kcg/ROS2Sample/install/tracked_lane_msgs/include/tracked_lane_msgs
[0.966s] -- Up-to-date: /home/kcg/Autonomous_kcg/ROS2Sample/install/tracked_lane_msgs/include/tracked_lane_msgs/msg
[0.966s] -- Up-to-date: /home/kcg/Autonomous_kcg/ROS2Sample/install/tracked_lane_msgs/include/tracked_lane_msgs/msg/lane_results.hpp
[0.966s] -- Up-to-date: /home/kcg/Autonomous_kcg/ROS2Sample/install/tracked_lane_msgs/include/tracked_lane_msgs/msg/lane.hpp
[0.966s] -- Up-to-date: /home/kcg/Autonomous_kcg/ROS2Sample/install/tracked_lane_msgs/include/tracked_lane_msgs/msg/point.hpp
[0.966s] -- Up-to-date: /home/kcg/Autonomous_kcg/ROS2Sample/install/tracked_lane_msgs/include/tracked_lane_msgs/msg/boundary.hpp
[0.966s] -- Up-to-date: /home/kcg/Autonomous_kcg/ROS2Sample/install/tracked_lane_msgs/include/tracked_lane_msgs/msg/detail
[0.966s] -- Up-to-date: /home/kcg/Autonomous_kcg/ROS2Sample/install/tracked_lane_msgs/include/tracked_lane_msgs/msg/detail/point__builder.hpp
[0.966s] -- Up-to-date: /home/kcg/Autonomous_kcg/ROS2Sample/install/tracked_lane_msgs/include/tracked_lane_msgs/msg/detail/boundary__traits.hpp
[0.967s] -- Up-to-date: /home/kcg/Autonomous_kcg/ROS2Sample/install/tracked_lane_msgs/include/tracked_lane_msgs/msg/detail/lane__builder.hpp
[0.967s] -- Up-to-date: /home/kcg/Autonomous_kcg/ROS2Sample/install/tracked_lane_msgs/include/tracked_lane_msgs/msg/detail/boundary__struct.hpp
[0.967s] -- Up-to-date: /home/kcg/Autonomous_kcg/ROS2Sample/install/tracked_lane_msgs/include/tracked_lane_msgs/msg/detail/lane_results__struct.hpp
[0.967s] -- Up-to-date: /home/kcg/Autonomous_kcg/ROS2Sample/install/tracked_lane_msgs/include/tracked_lane_msgs/msg/detail/boundary__builder.hpp
[0.967s] -- Up-to-date: /home/kcg/Autonomous_kcg/ROS2Sample/install/tracked_lane_msgs/include/tracked_lane_msgs/msg/detail/lane_results__traits.hpp
[0.967s] -- Up-to-date: /home/kcg/Autonomous_kcg/ROS2Sample/install/tracked_lane_msgs/include/tracked_lane_msgs/msg/detail/point__struct.hpp
[0.968s] -- Up-to-date: /home/kcg/Autonomous_kcg/ROS2Sample/install/tracked_lane_msgs/include/tracked_lane_msgs/msg/detail/lane_results__builder.hpp
[0.968s] -- Up-to-date: /home/kcg/Autonomous_kcg/ROS2Sample/install/tracked_lane_msgs/include/tracked_lane_msgs/msg/detail/lane__traits.hpp
[0.968s] -- Up-to-date: /home/kcg/Autonomous_kcg/ROS2Sample/install/tracked_lane_msgs/include/tracked_lane_msgs/msg/detail/lane__struct.hpp
[0.968s] -- Up-to-date: /home/kcg/Autonomous_kcg/ROS2Sample/install/tracked_lane_msgs/include/tracked_lane_msgs/msg/detail/point__traits.hpp
[0.968s] -- Up-to-date: /home/kcg/Autonomous_kcg/ROS2Sample/install/tracked_lane_msgs/include/tracked_lane_msgs
[0.968s] -- Up-to-date: /home/kcg/Autonomous_kcg/ROS2Sample/install/tracked_lane_msgs/include/tracked_lane_msgs/msg
[0.969s] -- Up-to-date: /home/kcg/Autonomous_kcg/ROS2Sample/install/tracked_lane_msgs/include/tracked_lane_msgs/msg/detail
[0.969s] -- Up-to-date: /home/kcg/Autonomous_kcg/ROS2Sample/install/tracked_lane_msgs/include/tracked_lane_msgs/msg/detail/lane_results__type_support.cpp
[0.969s] -- Up-to-date: /home/kcg/Autonomous_kcg/ROS2Sample/install/tracked_lane_msgs/include/tracked_lane_msgs/msg/detail/point__type_support.cpp
[0.969s] -- Up-to-date: /home/kcg/Autonomous_kcg/ROS2Sample/install/tracked_lane_msgs/include/tracked_lane_msgs/msg/detail/point__rosidl_typesupport_introspection_cpp.hpp
[0.969s] -- Up-to-date: /home/kcg/Autonomous_kcg/ROS2Sample/install/tracked_lane_msgs/include/tracked_lane_msgs/msg/detail/lane_results__rosidl_typesupport_introspection_cpp.hpp
[0.969s] -- Up-to-date: /home/kcg/Autonomous_kcg/ROS2Sample/install/tracked_lane_msgs/include/tracked_lane_msgs/msg/detail/boundary__rosidl_typesupport_introspection_cpp.hpp
[0.969s] -- Up-to-date: /home/kcg/Autonomous_kcg/ROS2Sample/install/tracked_lane_msgs/include/tracked_lane_msgs/msg/detail/boundary__type_support.cpp
[0.969s] -- Up-to-date: /home/kcg/Autonomous_kcg/ROS2Sample/install/tracked_lane_msgs/include/tracked_lane_msgs/msg/detail/lane__type_support.cpp
[0.970s] -- Up-to-date: /home/kcg/Autonomous_kcg/ROS2Sample/install/tracked_lane_msgs/include/tracked_lane_msgs/msg/detail/lane__rosidl_typesupport_introspection_cpp.hpp
[0.973s] -- Up-to-date: /home/kcg/Autonomous_kcg/ROS2Sample/install/tracked_lane_msgs/lib/libtracked_lane_msgs__rosidl_typesupport_introspection_cpp.so
[0.973s] -- Up-to-date: /home/kcg/Autonomous_kcg/ROS2Sample/install/tracked_lane_msgs/lib/libtracked_lane_msgs__rosidl_typesupport_cpp.so
[0.973s] -- Up-to-date: /home/kcg/Autonomous_kcg/ROS2Sample/install/tracked_lane_msgs/share/tracked_lane_msgs/environment/pythonpath.sh
[0.974s] -- Up-to-date: /home/kcg/Autonomous_kcg/ROS2Sample/install/tracked_lane_msgs/share/tracked_lane_msgs/environment/pythonpath.dsv
[0.975s] -- Up-to-date: /home/kcg/Autonomous_kcg/ROS2Sample/install/tracked_lane_msgs/lib/python3.8/site-packages/tracked_lane_msgs/__init__.py
[1.054s] -- Up-to-date: /home/kcg/Autonomous_kcg/ROS2Sample/install/tracked_lane_msgs/lib/python3.8/site-packages/tracked_lane_msgs/msg
[1.054s] -- Up-to-date: /home/kcg/Autonomous_kcg/ROS2Sample/install/tracked_lane_msgs/lib/python3.8/site-packages/tracked_lane_msgs/msg/_lane.py
[1.055s] -- Up-to-date: /home/kcg/Autonomous_kcg/ROS2Sample/install/tracked_lane_msgs/lib/python3.8/site-packages/tracked_lane_msgs/msg/_lane_s.c
[1.055s] -- Up-to-date: /home/kcg/Autonomous_kcg/ROS2Sample/install/tracked_lane_msgs/lib/python3.8/site-packages/tracked_lane_msgs/msg/_point_s.c
[1.055s] -- Up-to-date: /home/kcg/Autonomous_kcg/ROS2Sample/install/tracked_lane_msgs/lib/python3.8/site-packages/tracked_lane_msgs/msg/_point.py
[1.055s] -- Up-to-date: /home/kcg/Autonomous_kcg/ROS2Sample/install/tracked_lane_msgs/lib/python3.8/site-packages/tracked_lane_msgs/msg/_lane_results_s.c
[1.055s] -- Up-to-date: /home/kcg/Autonomous_kcg/ROS2Sample/install/tracked_lane_msgs/lib/python3.8/site-packages/tracked_lane_msgs/msg/_boundary.py
[1.055s] -- Up-to-date: /home/kcg/Autonomous_kcg/ROS2Sample/install/tracked_lane_msgs/lib/python3.8/site-packages/tracked_lane_msgs/msg/_lane_results.py
[1.056s] -- Up-to-date: /home/kcg/Autonomous_kcg/ROS2Sample/install/tracked_lane_msgs/lib/python3.8/site-packages/tracked_lane_msgs/msg/__init__.py
[1.056s] -- Up-to-date: /home/kcg/Autonomous_kcg/ROS2Sample/install/tracked_lane_msgs/lib/python3.8/site-packages/tracked_lane_msgs/msg/_boundary_s.c
[1.056s] -- Up-to-date: /home/kcg/Autonomous_kcg/ROS2Sample/install/tracked_lane_msgs/lib/python3.8/site-packages/tracked_lane_msgs/tracked_lane_msgs_s__rosidl_typesupport_fastrtps_c.cpython-38-x86_64-linux-gnu.so
[1.056s] -- Up-to-date: /home/kcg/Autonomous_kcg/ROS2Sample/install/tracked_lane_msgs/lib/python3.8/site-packages/tracked_lane_msgs/tracked_lane_msgs_s__rosidl_typesupport_introspection_c.cpython-38-x86_64-linux-gnu.so
[1.056s] -- Up-to-date: /home/kcg/Autonomous_kcg/ROS2Sample/install/tracked_lane_msgs/lib/python3.8/site-packages/tracked_lane_msgs/tracked_lane_msgs_s__rosidl_typesupport_c.cpython-38-x86_64-linux-gnu.so
[1.057s] -- Up-to-date: /home/kcg/Autonomous_kcg/ROS2Sample/install/tracked_lane_msgs/lib/libtracked_lane_msgs__python.so
[1.057s] -- Up-to-date: /home/kcg/Autonomous_kcg/ROS2Sample/install/tracked_lane_msgs/share/tracked_lane_msgs/msg/LaneResults.idl
[1.057s] -- Up-to-date: /home/kcg/Autonomous_kcg/ROS2Sample/install/tracked_lane_msgs/share/tracked_lane_msgs/msg/Lane.idl
[1.057s] -- Up-to-date: /home/kcg/Autonomous_kcg/ROS2Sample/install/tracked_lane_msgs/share/tracked_lane_msgs/msg/Boundary.idl
[1.057s] -- Up-to-date: /home/kcg/Autonomous_kcg/ROS2Sample/install/tracked_lane_msgs/share/tracked_lane_msgs/msg/Point.idl
[1.057s] -- Up-to-date: /home/kcg/Autonomous_kcg/ROS2Sample/install/tracked_lane_msgs/share/tracked_lane_msgs/msg/LaneResults.msg
[1.057s] -- Up-to-date: /home/kcg/Autonomous_kcg/ROS2Sample/install/tracked_lane_msgs/share/tracked_lane_msgs/msg/Lane.msg
[1.058s] -- Up-to-date: /home/kcg/Autonomous_kcg/ROS2Sample/install/tracked_lane_msgs/share/tracked_lane_msgs/msg/Boundary.msg
[1.058s] -- Up-to-date: /home/kcg/Autonomous_kcg/ROS2Sample/install/tracked_lane_msgs/share/tracked_lane_msgs/msg/Point.msg
[1.058s] -- Up-to-date: /home/kcg/Autonomous_kcg/ROS2Sample/install/tracked_lane_msgs/share/ament_index/resource_index/package_run_dependencies/tracked_lane_msgs
[1.058s] -- Up-to-date: /home/kcg/Autonomous_kcg/ROS2Sample/install/tracked_lane_msgs/share/ament_index/resource_index/parent_prefix_path/tracked_lane_msgs
[1.058s] -- Up-to-date: /home/kcg/Autonomous_kcg/ROS2Sample/install/tracked_lane_msgs/share/tracked_lane_msgs/environment/ament_prefix_path.sh
[1.058s] -- Up-to-date: /home/kcg/Autonomous_kcg/ROS2Sample/install/tracked_lane_msgs/share/tracked_lane_msgs/environment/ament_prefix_path.dsv
[1.059s] -- Up-to-date: /home/kcg/Autonomous_kcg/ROS2Sample/install/tracked_lane_msgs/share/tracked_lane_msgs/environment/path.sh
[1.059s] -- Up-to-date: /home/kcg/Autonomous_kcg/ROS2Sample/install/tracked_lane_msgs/share/tracked_lane_msgs/environment/path.dsv
[1.059s] -- Up-to-date: /home/kcg/Autonomous_kcg/ROS2Sample/install/tracked_lane_msgs/share/tracked_lane_msgs/local_setup.bash
[1.059s] -- Up-to-date: /home/kcg/Autonomous_kcg/ROS2Sample/install/tracked_lane_msgs/share/tracked_lane_msgs/local_setup.sh
[1.059s] -- Up-to-date: /home/kcg/Autonomous_kcg/ROS2Sample/install/tracked_lane_msgs/share/tracked_lane_msgs/local_setup.zsh
[1.060s] -- Up-to-date: /home/kcg/Autonomous_kcg/ROS2Sample/install/tracked_lane_msgs/share/tracked_lane_msgs/local_setup.dsv
[1.060s] -- Installing: /home/kcg/Autonomous_kcg/ROS2Sample/install/tracked_lane_msgs/share/tracked_lane_msgs/package.dsv
[1.060s] -- Up-to-date: /home/kcg/Autonomous_kcg/ROS2Sample/install/tracked_lane_msgs/share/ament_index/resource_index/packages/tracked_lane_msgs
[1.060s] -- Up-to-date: /home/kcg/Autonomous_kcg/ROS2Sample/install/tracked_lane_msgs/share/tracked_lane_msgs/cmake/tracked_lane_msgs__rosidl_generator_cExport.cmake
[1.061s] -- Up-to-date: /home/kcg/Autonomous_kcg/ROS2Sample/install/tracked_lane_msgs/share/tracked_lane_msgs/cmake/tracked_lane_msgs__rosidl_generator_cExport-noconfig.cmake
[1.061s] -- Up-to-date: /home/kcg/Autonomous_kcg/ROS2Sample/install/tracked_lane_msgs/share/tracked_lane_msgs/cmake/tracked_lane_msgs__rosidl_typesupport_introspection_cExport.cmake
[1.061s] -- Up-to-date: /home/kcg/Autonomous_kcg/ROS2Sample/install/tracked_lane_msgs/share/tracked_lane_msgs/cmake/tracked_lane_msgs__rosidl_typesupport_introspection_cExport-noconfig.cmake
[1.061s] -- Up-to-date: /home/kcg/Autonomous_kcg/ROS2Sample/install/tracked_lane_msgs/share/tracked_lane_msgs/cmake/tracked_lane_msgs__rosidl_typesupport_cExport.cmake
[1.061s] -- Up-to-date: /home/kcg/Autonomous_kcg/ROS2Sample/install/tracked_lane_msgs/share/tracked_lane_msgs/cmake/tracked_lane_msgs__rosidl_typesupport_cExport-noconfig.cmake
[1.061s] -- Up-to-date: /home/kcg/Autonomous_kcg/ROS2Sample/install/tracked_lane_msgs/share/tracked_lane_msgs/cmake/tracked_lane_msgs__rosidl_generator_cppExport.cmake
[1.062s] -- Up-to-date: /home/kcg/Autonomous_kcg/ROS2Sample/install/tracked_lane_msgs/share/tracked_lane_msgs/cmake/tracked_lane_msgs__rosidl_typesupport_introspection_cppExport.cmake
[1.062s] -- Up-to-date: /home/kcg/Autonomous_kcg/ROS2Sample/install/tracked_lane_msgs/share/tracked_lane_msgs/cmake/tracked_lane_msgs__rosidl_typesupport_introspection_cppExport-noconfig.cmake
[1.062s] -- Up-to-date: /home/kcg/Autonomous_kcg/ROS2Sample/install/tracked_lane_msgs/share/tracked_lane_msgs/cmake/tracked_lane_msgs__rosidl_typesupport_cppExport.cmake
[1.062s] -- Up-to-date: /home/kcg/Autonomous_kcg/ROS2Sample/install/tracked_lane_msgs/share/tracked_lane_msgs/cmake/tracked_lane_msgs__rosidl_typesupport_cppExport-noconfig.cmake
[1.062s] -- Up-to-date: /home/kcg/Autonomous_kcg/ROS2Sample/install/tracked_lane_msgs/share/tracked_lane_msgs/cmake/rosidl_cmake-extras.cmake
[1.062s] -- Up-to-date: /home/kcg/Autonomous_kcg/ROS2Sample/install/tracked_lane_msgs/share/tracked_lane_msgs/cmake/ament_cmake_export_dependencies-extras.cmake
[1.063s] -- Up-to-date: /home/kcg/Autonomous_kcg/ROS2Sample/install/tracked_lane_msgs/share/tracked_lane_msgs/cmake/ament_cmake_export_libraries-extras.cmake
[1.063s] -- Up-to-date: /home/kcg/Autonomous_kcg/ROS2Sample/install/tracked_lane_msgs/share/tracked_lane_msgs/cmake/ament_cmake_export_targets-extras.cmake
[1.063s] -- Up-to-date: /home/kcg/Autonomous_kcg/ROS2Sample/install/tracked_lane_msgs/share/tracked_lane_msgs/cmake/ament_cmake_export_include_directories-extras.cmake
[1.063s] -- Up-to-date: /home/kcg/Autonomous_kcg/ROS2Sample/install/tracked_lane_msgs/share/tracked_lane_msgs/cmake/rosidl_cmake_export_typesupport_libraries-extras.cmake
[1.063s] -- Up-to-date: /home/kcg/Autonomous_kcg/ROS2Sample/install/tracked_lane_msgs/share/tracked_lane_msgs/cmake/rosidl_cmake_export_typesupport_targets-extras.cmake
[1.063s] -- Up-to-date: /home/kcg/Autonomous_kcg/ROS2Sample/install/tracked_lane_msgs/share/tracked_lane_msgs/cmake/tracked_lane_msgsConfig.cmake
[1.063s] -- Up-to-date: /home/kcg/Autonomous_kcg/ROS2Sample/install/tracked_lane_msgs/share/tracked_lane_msgs/cmake/tracked_lane_msgsConfig-version.cmake
[1.064s] -- Up-to-date: /home/kcg/Autonomous_kcg/ROS2Sample/install/tracked_lane_msgs/share/tracked_lane_msgs/package.xml
[1.104s] Invoked command in '/home/kcg/Autonomous_kcg/ROS2Sample/build/tracked_lane_msgs' returned '0': CMAKE_PREFIX_PATH=${CMAKE_PREFIX_PATH}:/home/kcg/Autonomous_kcg/ROS2Sample/install/python_publisher:/opt/ros/foxy /usr/bin/cmake --install /home/kcg/Autonomous_kcg/ROS2Sample/build/tracked_lane_msgs
