[0.008s] Invoking command in '/home/shovals/copy/idan_driver_ws/idan_driver/include/autoware_auto_msgs/autoware_auto_msgs/build/autoware_auto_msgs': CMAKE_PREFIX_PATH=/opt/ros/foxy /usr/bin/cmake /home/shovals/copy/idan_driver_ws/idan_driver/include/autoware_auto_msgs/autoware_auto_msgs -DCMAKE_INSTALL_PREFIX=/home/shovals/copy/idan_driver_ws/idan_driver/include/autoware_auto_msgs/autoware_auto_msgs/install/autoware_auto_msgs
[0.041s] -- The C compiler identification is GNU 9.4.0
[0.086s] -- The CXX compiler identification is GNU 9.4.0
[0.089s] -- Check for working C compiler: /usr/bin/cc
[0.153s] -- Check for working C compiler: /usr/bin/cc -- works
[0.154s] -- Detecting C compiler ABI info
[0.198s] -- Detecting C compiler ABI info - done
[0.204s] -- Detecting C compile features
[0.205s] -- Detecting C compile features - done
[0.206s] -- Check for working CXX compiler: /usr/bin/c++
[0.259s] -- Check for working CXX compiler: /usr/bin/c++ -- works
[0.259s] -- Detecting CXX compiler ABI info
[0.332s] -- Detecting CXX compiler ABI info - done
[0.338s] -- Detecting CXX compile features
[0.339s] -- Detecting CXX compile features - done
[0.340s] -- Found ament_cmake_auto: 0.9.9 (/opt/ros/foxy/share/ament_cmake_auto/cmake)
[0.361s] -- Found PythonInterp: /usr/bin/python3 (found suitable version "3.8.10", minimum required is "3") 
[0.361s] -- Using PYTHON_EXECUTABLE: /usr/bin/python3
[0.505s] -- Found ament_lint_auto: 0.9.6 (/opt/ros/foxy/share/ament_lint_auto/cmake)
[0.514s] -- Added test 'copyright' to check source files copyright and LICENSE
[0.516s] -- Added test 'cppcheck' to perform static code analysis on C / C++ code
[0.516s] -- Configured cppcheck include dirs: 
[0.516s] -- Configured cppcheck exclude dirs and/or files: 
[0.517s] -- Added test 'cpplint' to check C / C++ code against the Google style
[0.517s] -- Configured cpplint exclude dirs and/or files: 
[0.518s] -- Added test 'lint_cmake' to check CMake code style
[0.520s] -- Added test 'uncrustify' to check C / C++ code style
[0.520s] -- Configured uncrustify additional arguments: 
[0.521s] -- Added test 'xmllint' to check XML markup files
[0.522s] -- Configuring done
[0.523s] -- Generating done
[0.523s] -- Build files have been written to: /home/shovals/copy/idan_driver_ws/idan_driver/include/autoware_auto_msgs/autoware_auto_msgs/build/autoware_auto_msgs
[0.527s] Invoked command in '/home/shovals/copy/idan_driver_ws/idan_driver/include/autoware_auto_msgs/autoware_auto_msgs/build/autoware_auto_msgs' returned '0': CMAKE_PREFIX_PATH=/opt/ros/foxy /usr/bin/cmake /home/shovals/copy/idan_driver_ws/idan_driver/include/autoware_auto_msgs/autoware_auto_msgs -DCMAKE_INSTALL_PREFIX=/home/shovals/copy/idan_driver_ws/idan_driver/include/autoware_auto_msgs/autoware_auto_msgs/install/autoware_auto_msgs
[0.527s] Invoking command in '/home/shovals/copy/idan_driver_ws/idan_driver/include/autoware_auto_msgs/autoware_auto_msgs/build/autoware_auto_msgs': CMAKE_PREFIX_PATH=/opt/ros/foxy /usr/bin/cmake --build /home/shovals/copy/idan_driver_ws/idan_driver/include/autoware_auto_msgs/autoware_auto_msgs/build/autoware_auto_msgs -- -j16 -l16
[0.556s] Invoked command in '/home/shovals/copy/idan_driver_ws/idan_driver/include/autoware_auto_msgs/autoware_auto_msgs/build/autoware_auto_msgs' returned '0': CMAKE_PREFIX_PATH=/opt/ros/foxy /usr/bin/cmake --build /home/shovals/copy/idan_driver_ws/idan_driver/include/autoware_auto_msgs/autoware_auto_msgs/build/autoware_auto_msgs -- -j16 -l16
[0.603s] Invoking command in '/home/shovals/copy/idan_driver_ws/idan_driver/include/autoware_auto_msgs/autoware_auto_msgs/build/autoware_auto_msgs': CMAKE_PREFIX_PATH=/opt/ros/foxy /usr/bin/cmake --install /home/shovals/copy/idan_driver_ws/idan_driver/include/autoware_auto_msgs/autoware_auto_msgs/build/autoware_auto_msgs
[0.611s] -- Install configuration: ""
[0.612s] -- Installing: /home/shovals/copy/idan_driver_ws/idan_driver/include/autoware_auto_msgs/autoware_auto_msgs/install/autoware_auto_msgs/share/ament_index/resource_index/package_run_dependencies/autoware_auto_msgs
[0.612s] -- Installing: /home/shovals/copy/idan_driver_ws/idan_driver/include/autoware_auto_msgs/autoware_auto_msgs/install/autoware_auto_msgs/share/ament_index/resource_index/parent_prefix_path/autoware_auto_msgs
[0.612s] -- Installing: /home/shovals/copy/idan_driver_ws/idan_driver/include/autoware_auto_msgs/autoware_auto_msgs/install/autoware_auto_msgs/share/autoware_auto_msgs/environment/ament_prefix_path.sh
[0.612s] -- Installing: /home/shovals/copy/idan_driver_ws/idan_driver/include/autoware_auto_msgs/autoware_auto_msgs/install/autoware_auto_msgs/share/autoware_auto_msgs/environment/ament_prefix_path.dsv
[0.612s] -- Installing: /home/shovals/copy/idan_driver_ws/idan_driver/include/autoware_auto_msgs/autoware_auto_msgs/install/autoware_auto_msgs/share/autoware_auto_msgs/environment/path.sh
[0.612s] -- Installing: /home/shovals/copy/idan_driver_ws/idan_driver/include/autoware_auto_msgs/autoware_auto_msgs/install/autoware_auto_msgs/share/autoware_auto_msgs/environment/path.dsv
[0.612s] -- Installing: /home/shovals/copy/idan_driver_ws/idan_driver/include/autoware_auto_msgs/autoware_auto_msgs/install/autoware_auto_msgs/share/autoware_auto_msgs/local_setup.bash
[0.612s] -- Installing: /home/shovals/copy/idan_driver_ws/idan_driver/include/autoware_auto_msgs/autoware_auto_msgs/install/autoware_auto_msgs/share/autoware_auto_msgs/local_setup.sh
[0.612s] -- Installing: /home/shovals/copy/idan_driver_ws/idan_driver/include/autoware_auto_msgs/autoware_auto_msgs/install/autoware_auto_msgs/share/autoware_auto_msgs/local_setup.zsh
[0.613s] -- Installing: /home/shovals/copy/idan_driver_ws/idan_driver/include/autoware_auto_msgs/autoware_auto_msgs/install/autoware_auto_msgs/share/autoware_auto_msgs/local_setup.dsv
[0.613s] -- Installing: /home/shovals/copy/idan_driver_ws/idan_driver/include/autoware_auto_msgs/autoware_auto_msgs/install/autoware_auto_msgs/share/autoware_auto_msgs/package.dsv
[0.613s] -- Installing: /home/shovals/copy/idan_driver_ws/idan_driver/include/autoware_auto_msgs/autoware_auto_msgs/install/autoware_auto_msgs/share/ament_index/resource_index/packages/autoware_auto_msgs
[0.613s] -- Installing: /home/shovals/copy/idan_driver_ws/idan_driver/include/autoware_auto_msgs/autoware_auto_msgs/install/autoware_auto_msgs/share/autoware_auto_msgs/cmake/autoware_auto_msgsConfig.cmake
[0.613s] -- Installing: /home/shovals/copy/idan_driver_ws/idan_driver/include/autoware_auto_msgs/autoware_auto_msgs/install/autoware_auto_msgs/share/autoware_auto_msgs/cmake/autoware_auto_msgsConfig-version.cmake
[0.613s] -- Installing: /home/shovals/copy/idan_driver_ws/idan_driver/include/autoware_auto_msgs/autoware_auto_msgs/install/autoware_auto_msgs/share/autoware_auto_msgs/package.xml
[0.615s] Invoked command in '/home/shovals/copy/idan_driver_ws/idan_driver/include/autoware_auto_msgs/autoware_auto_msgs/build/autoware_auto_msgs' returned '0': CMAKE_PREFIX_PATH=/opt/ros/foxy /usr/bin/cmake --install /home/shovals/copy/idan_driver_ws/idan_driver/include/autoware_auto_msgs/autoware_auto_msgs/build/autoware_auto_msgs
