[0.043s] Invoking command in '/home/kcg/Autonomous_kcg/ROS2Sample/build/additional_msgs': CMAKE_PREFIX_PATH=${CMAKE_PREFIX_PATH}:/home/kcg/Autonomous_kcg/ROS2Sample/install/python_publisher:/opt/ros/foxy /usr/bin/cmake --build /home/kcg/Autonomous_kcg/ROS2Sample/build/additional_msgs -- -j8 -l8
[0.245s] [  3%] Built target additional_msgs__cpp
[0.249s] [ 12%] Built target additional_msgs__rosidl_generator_c
[0.316s] [ 22%] Built target additional_msgs__rosidl_typesupport_introspection_c
[0.357s] [ 32%] Built target additional_msgs__rosidl_typesupport_fastrtps_cpp
[0.374s] [ 41%] Built target additional_msgs__rosidl_typesupport_c
[0.389s] [ 51%] Built target additional_msgs__rosidl_typesupport_cpp
[0.394s] [ 61%] Built target additional_msgs__rosidl_typesupport_introspection_cpp
[0.411s] [ 70%] Built target additional_msgs__rosidl_typesupport_fastrtps_c
[0.439s] [ 70%] Built target additional_msgs
[0.464s] [ 74%] Built target additional_msgs__py
[0.497s] [ 80%] Built target additional_msgs__python
[0.539s] [ 90%] Built target additional_msgs__rosidl_typesupport_fastrtps_c__pyext
[0.539s] [ 93%] Built target additional_msgs__rosidl_typesupport_c__pyext
[0.540s] [100%] Built target additional_msgs__rosidl_typesupport_introspection_c__pyext
[0.568s] Invoked command in '/home/kcg/Autonomous_kcg/ROS2Sample/build/additional_msgs' returned '0': CMAKE_PREFIX_PATH=${CMAKE_PREFIX_PATH}:/home/kcg/Autonomous_kcg/ROS2Sample/install/python_publisher:/opt/ros/foxy /usr/bin/cmake --build /home/kcg/Autonomous_kcg/ROS2Sample/build/additional_msgs -- -j8 -l8
[0.685s] Invoking command in '/home/kcg/Autonomous_kcg/ROS2Sample/build/additional_msgs': CMAKE_PREFIX_PATH=${CMAKE_PREFIX_PATH}:/home/kcg/Autonomous_kcg/ROS2Sample/install/python_publisher:/opt/ros/foxy /usr/bin/cmake --install /home/kcg/Autonomous_kcg/ROS2Sample/build/additional_msgs
[0.698s] -- Install configuration: ""
[0.698s] -- Up-to-date: /home/kcg/Autonomous_kcg/ROS2Sample/install/additional_msgs/share/ament_index/resource_index/rosidl_interfaces/additional_msgs
[0.698s] -- Up-to-date: /home/kcg/Autonomous_kcg/ROS2Sample/install/additional_msgs/include/additional_msgs
[0.698s] -- Up-to-date: /home/kcg/Autonomous_kcg/ROS2Sample/install/additional_msgs/include/additional_msgs/msg
[0.699s] -- Up-to-date: /home/kcg/Autonomous_kcg/ROS2Sample/install/additional_msgs/include/additional_msgs/msg/rosidl_generator_c__visibility_control.h
[0.699s] -- Up-to-date: /home/kcg/Autonomous_kcg/ROS2Sample/install/additional_msgs/include/additional_msgs/msg/can_packet.h
[0.700s] -- Up-to-date: /home/kcg/Autonomous_kcg/ROS2Sample/install/additional_msgs/include/additional_msgs/msg/detail
[0.700s] -- Up-to-date: /home/kcg/Autonomous_kcg/ROS2Sample/install/additional_msgs/include/additional_msgs/msg/detail/can_packet__functions.h
[0.700s] -- Up-to-date: /home/kcg/Autonomous_kcg/ROS2Sample/install/additional_msgs/include/additional_msgs/msg/detail/can_packet__struct.h
[0.700s] -- Up-to-date: /home/kcg/Autonomous_kcg/ROS2Sample/install/additional_msgs/include/additional_msgs/msg/detail/can_packet__type_support.h
[0.701s] -- Up-to-date: /home/kcg/Autonomous_kcg/ROS2Sample/install/additional_msgs/include/additional_msgs/msg/detail/can_packet__functions.c
[0.701s] -- Up-to-date: /home/kcg/Autonomous_kcg/ROS2Sample/install/additional_msgs/share/additional_msgs/environment/library_path.sh
[0.702s] -- Up-to-date: /home/kcg/Autonomous_kcg/ROS2Sample/install/additional_msgs/share/additional_msgs/environment/library_path.dsv
[0.702s] -- Up-to-date: /home/kcg/Autonomous_kcg/ROS2Sample/install/additional_msgs/lib/libadditional_msgs__rosidl_generator_c.so
[0.702s] -- Up-to-date: /home/kcg/Autonomous_kcg/ROS2Sample/install/additional_msgs/include/additional_msgs
[0.702s] -- Up-to-date: /home/kcg/Autonomous_kcg/ROS2Sample/install/additional_msgs/include/additional_msgs/msg
[0.703s] -- Up-to-date: /home/kcg/Autonomous_kcg/ROS2Sample/install/additional_msgs/include/additional_msgs/msg/rosidl_typesupport_fastrtps_c__visibility_control.h
[0.703s] -- Up-to-date: /home/kcg/Autonomous_kcg/ROS2Sample/install/additional_msgs/include/additional_msgs/msg/detail
[0.703s] -- Up-to-date: /home/kcg/Autonomous_kcg/ROS2Sample/install/additional_msgs/include/additional_msgs/msg/detail/can_packet__rosidl_typesupport_fastrtps_c.h
[0.704s] -- Up-to-date: /home/kcg/Autonomous_kcg/ROS2Sample/install/additional_msgs/lib/libadditional_msgs__rosidl_typesupport_fastrtps_c.so
[0.704s] -- Up-to-date: /home/kcg/Autonomous_kcg/ROS2Sample/install/additional_msgs/include/additional_msgs
[0.705s] -- Up-to-date: /home/kcg/Autonomous_kcg/ROS2Sample/install/additional_msgs/include/additional_msgs/msg
[0.705s] -- Up-to-date: /home/kcg/Autonomous_kcg/ROS2Sample/install/additional_msgs/include/additional_msgs/msg/detail
[0.705s] -- Up-to-date: /home/kcg/Autonomous_kcg/ROS2Sample/install/additional_msgs/include/additional_msgs/msg/detail/dds_fastrtps
[0.706s] -- Up-to-date: /home/kcg/Autonomous_kcg/ROS2Sample/install/additional_msgs/include/additional_msgs/msg/detail/can_packet__rosidl_typesupport_fastrtps_cpp.hpp
[0.706s] -- Up-to-date: /home/kcg/Autonomous_kcg/ROS2Sample/install/additional_msgs/include/additional_msgs/msg/rosidl_typesupport_fastrtps_cpp__visibility_control.h
[0.707s] -- Up-to-date: /home/kcg/Autonomous_kcg/ROS2Sample/install/additional_msgs/lib/libadditional_msgs__rosidl_typesupport_fastrtps_cpp.so
[0.707s] -- Up-to-date: /home/kcg/Autonomous_kcg/ROS2Sample/install/additional_msgs/include/additional_msgs
[0.707s] -- Up-to-date: /home/kcg/Autonomous_kcg/ROS2Sample/install/additional_msgs/include/additional_msgs/msg
[0.707s] -- Up-to-date: /home/kcg/Autonomous_kcg/ROS2Sample/install/additional_msgs/include/additional_msgs/msg/rosidl_typesupport_introspection_c__visibility_control.h
[0.708s] -- Up-to-date: /home/kcg/Autonomous_kcg/ROS2Sample/install/additional_msgs/include/additional_msgs/msg/detail
[0.708s] -- Up-to-date: /home/kcg/Autonomous_kcg/ROS2Sample/install/additional_msgs/include/additional_msgs/msg/detail/can_packet__rosidl_typesupport_introspection_c.h
[0.708s] -- Up-to-date: /home/kcg/Autonomous_kcg/ROS2Sample/install/additional_msgs/include/additional_msgs/msg/detail/can_packet__type_support.c
[0.708s] -- Up-to-date: /home/kcg/Autonomous_kcg/ROS2Sample/install/additional_msgs/lib/libadditional_msgs__rosidl_typesupport_introspection_c.so
[0.709s] -- Up-to-date: /home/kcg/Autonomous_kcg/ROS2Sample/install/additional_msgs/lib/libadditional_msgs__rosidl_typesupport_c.so
[0.709s] -- Up-to-date: /home/kcg/Autonomous_kcg/ROS2Sample/install/additional_msgs/include/additional_msgs
[0.709s] -- Up-to-date: /home/kcg/Autonomous_kcg/ROS2Sample/install/additional_msgs/include/additional_msgs/msg
[0.709s] -- Up-to-date: /home/kcg/Autonomous_kcg/ROS2Sample/install/additional_msgs/include/additional_msgs/msg/detail
[0.710s] -- Up-to-date: /home/kcg/Autonomous_kcg/ROS2Sample/install/additional_msgs/include/additional_msgs/msg/detail/can_packet__traits.hpp
[0.710s] -- Up-to-date: /home/kcg/Autonomous_kcg/ROS2Sample/install/additional_msgs/include/additional_msgs/msg/detail/can_packet__builder.hpp
[0.710s] -- Up-to-date: /home/kcg/Autonomous_kcg/ROS2Sample/install/additional_msgs/include/additional_msgs/msg/detail/can_packet__struct.hpp
[0.711s] -- Up-to-date: /home/kcg/Autonomous_kcg/ROS2Sample/install/additional_msgs/include/additional_msgs/msg/can_packet.hpp
[0.711s] -- Up-to-date: /home/kcg/Autonomous_kcg/ROS2Sample/install/additional_msgs/include/additional_msgs
[0.712s] -- Up-to-date: /home/kcg/Autonomous_kcg/ROS2Sample/install/additional_msgs/include/additional_msgs/msg
[0.716s] -- Up-to-date: /home/kcg/Autonomous_kcg/ROS2Sample/install/additional_msgs/include/additional_msgs/msg/detail
[0.716s] -- Up-to-date: /home/kcg/Autonomous_kcg/ROS2Sample/install/additional_msgs/include/additional_msgs/msg/detail/can_packet__type_support.cpp
[0.717s] -- Up-to-date: /home/kcg/Autonomous_kcg/ROS2Sample/install/additional_msgs/include/additional_msgs/msg/detail/can_packet__rosidl_typesupport_introspection_cpp.hpp
[0.718s] -- Up-to-date: /home/kcg/Autonomous_kcg/ROS2Sample/install/additional_msgs/lib/libadditional_msgs__rosidl_typesupport_introspection_cpp.so
[0.718s] -- Up-to-date: /home/kcg/Autonomous_kcg/ROS2Sample/install/additional_msgs/lib/libadditional_msgs__rosidl_typesupport_cpp.so
[0.718s] -- Up-to-date: /home/kcg/Autonomous_kcg/ROS2Sample/install/additional_msgs/share/additional_msgs/environment/pythonpath.sh
[0.718s] -- Up-to-date: /home/kcg/Autonomous_kcg/ROS2Sample/install/additional_msgs/share/additional_msgs/environment/pythonpath.dsv
[0.718s] -- Up-to-date: /home/kcg/Autonomous_kcg/ROS2Sample/install/additional_msgs/lib/python3.8/site-packages/additional_msgs/__init__.py
[0.761s] -- Up-to-date: /home/kcg/Autonomous_kcg/ROS2Sample/install/additional_msgs/lib/python3.8/site-packages/additional_msgs/msg
[0.762s] -- Up-to-date: /home/kcg/Autonomous_kcg/ROS2Sample/install/additional_msgs/lib/python3.8/site-packages/additional_msgs/msg/_can_packet_s.c
[0.762s] -- Up-to-date: /home/kcg/Autonomous_kcg/ROS2Sample/install/additional_msgs/lib/python3.8/site-packages/additional_msgs/msg/_can_packet.py
[0.762s] -- Up-to-date: /home/kcg/Autonomous_kcg/ROS2Sample/install/additional_msgs/lib/python3.8/site-packages/additional_msgs/msg/__init__.py
[0.762s] -- Up-to-date: /home/kcg/Autonomous_kcg/ROS2Sample/install/additional_msgs/lib/python3.8/site-packages/additional_msgs/additional_msgs_s__rosidl_typesupport_fastrtps_c.cpython-38-x86_64-linux-gnu.so
[0.763s] -- Up-to-date: /home/kcg/Autonomous_kcg/ROS2Sample/install/additional_msgs/lib/python3.8/site-packages/additional_msgs/additional_msgs_s__rosidl_typesupport_introspection_c.cpython-38-x86_64-linux-gnu.so
[0.763s] -- Up-to-date: /home/kcg/Autonomous_kcg/ROS2Sample/install/additional_msgs/lib/python3.8/site-packages/additional_msgs/additional_msgs_s__rosidl_typesupport_c.cpython-38-x86_64-linux-gnu.so
[0.764s] -- Up-to-date: /home/kcg/Autonomous_kcg/ROS2Sample/install/additional_msgs/lib/libadditional_msgs__python.so
[0.765s] -- Up-to-date: /home/kcg/Autonomous_kcg/ROS2Sample/install/additional_msgs/share/additional_msgs/msg/CanPacket.idl
[0.765s] -- Up-to-date: /home/kcg/Autonomous_kcg/ROS2Sample/install/additional_msgs/share/ament_index/resource_index/package_run_dependencies/additional_msgs
[0.765s] -- Up-to-date: /home/kcg/Autonomous_kcg/ROS2Sample/install/additional_msgs/share/ament_index/resource_index/parent_prefix_path/additional_msgs
[0.765s] -- Up-to-date: /home/kcg/Autonomous_kcg/ROS2Sample/install/additional_msgs/share/additional_msgs/environment/ament_prefix_path.sh
[0.766s] -- Up-to-date: /home/kcg/Autonomous_kcg/ROS2Sample/install/additional_msgs/share/additional_msgs/environment/ament_prefix_path.dsv
[0.767s] -- Up-to-date: /home/kcg/Autonomous_kcg/ROS2Sample/install/additional_msgs/share/additional_msgs/environment/path.sh
[0.767s] -- Up-to-date: /home/kcg/Autonomous_kcg/ROS2Sample/install/additional_msgs/share/additional_msgs/environment/path.dsv
[0.769s] -- Up-to-date: /home/kcg/Autonomous_kcg/ROS2Sample/install/additional_msgs/share/additional_msgs/local_setup.bash
[0.769s] -- Up-to-date: /home/kcg/Autonomous_kcg/ROS2Sample/install/additional_msgs/share/additional_msgs/local_setup.sh
[0.769s] -- Up-to-date: /home/kcg/Autonomous_kcg/ROS2Sample/install/additional_msgs/share/additional_msgs/local_setup.zsh
[0.770s] -- Up-to-date: /home/kcg/Autonomous_kcg/ROS2Sample/install/additional_msgs/share/additional_msgs/local_setup.dsv
[0.770s] -- Installing: /home/kcg/Autonomous_kcg/ROS2Sample/install/additional_msgs/share/additional_msgs/package.dsv
[0.771s] -- Up-to-date: /home/kcg/Autonomous_kcg/ROS2Sample/install/additional_msgs/share/ament_index/resource_index/packages/additional_msgs
[0.778s] -- Up-to-date: /home/kcg/Autonomous_kcg/ROS2Sample/install/additional_msgs/share/additional_msgs/cmake/additional_msgs__rosidl_generator_cExport.cmake
[0.778s] -- Up-to-date: /home/kcg/Autonomous_kcg/ROS2Sample/install/additional_msgs/share/additional_msgs/cmake/additional_msgs__rosidl_generator_cExport-noconfig.cmake
[0.779s] -- Up-to-date: /home/kcg/Autonomous_kcg/ROS2Sample/install/additional_msgs/share/additional_msgs/cmake/additional_msgs__rosidl_typesupport_introspection_cExport.cmake
[0.782s] -- Up-to-date: /home/kcg/Autonomous_kcg/ROS2Sample/install/additional_msgs/share/additional_msgs/cmake/additional_msgs__rosidl_typesupport_introspection_cExport-noconfig.cmake
[0.782s] -- Up-to-date: /home/kcg/Autonomous_kcg/ROS2Sample/install/additional_msgs/share/additional_msgs/cmake/additional_msgs__rosidl_typesupport_cExport.cmake
[0.782s] -- Up-to-date: /home/kcg/Autonomous_kcg/ROS2Sample/install/additional_msgs/share/additional_msgs/cmake/additional_msgs__rosidl_typesupport_cExport-noconfig.cmake
[0.783s] -- Up-to-date: /home/kcg/Autonomous_kcg/ROS2Sample/install/additional_msgs/share/additional_msgs/cmake/additional_msgs__rosidl_generator_cppExport.cmake
[0.783s] -- Up-to-date: /home/kcg/Autonomous_kcg/ROS2Sample/install/additional_msgs/share/additional_msgs/cmake/additional_msgs__rosidl_typesupport_introspection_cppExport.cmake
[0.783s] -- Up-to-date: /home/kcg/Autonomous_kcg/ROS2Sample/install/additional_msgs/share/additional_msgs/cmake/additional_msgs__rosidl_typesupport_introspection_cppExport-noconfig.cmake
[0.786s] -- Up-to-date: /home/kcg/Autonomous_kcg/ROS2Sample/install/additional_msgs/share/additional_msgs/cmake/additional_msgs__rosidl_typesupport_cppExport.cmake
[0.788s] -- Up-to-date: /home/kcg/Autonomous_kcg/ROS2Sample/install/additional_msgs/share/additional_msgs/cmake/additional_msgs__rosidl_typesupport_cppExport-noconfig.cmake
[0.788s] -- Up-to-date: /home/kcg/Autonomous_kcg/ROS2Sample/install/additional_msgs/share/additional_msgs/cmake/rosidl_cmake-extras.cmake
[0.788s] -- Up-to-date: /home/kcg/Autonomous_kcg/ROS2Sample/install/additional_msgs/share/additional_msgs/cmake/ament_cmake_export_dependencies-extras.cmake
[0.788s] -- Up-to-date: /home/kcg/Autonomous_kcg/ROS2Sample/install/additional_msgs/share/additional_msgs/cmake/ament_cmake_export_libraries-extras.cmake
[0.789s] -- Up-to-date: /home/kcg/Autonomous_kcg/ROS2Sample/install/additional_msgs/share/additional_msgs/cmake/ament_cmake_export_targets-extras.cmake
[0.790s] -- Up-to-date: /home/kcg/Autonomous_kcg/ROS2Sample/install/additional_msgs/share/additional_msgs/cmake/ament_cmake_export_include_directories-extras.cmake
[0.791s] -- Up-to-date: /home/kcg/Autonomous_kcg/ROS2Sample/install/additional_msgs/share/additional_msgs/cmake/rosidl_cmake_export_typesupport_libraries-extras.cmake
[0.791s] -- Up-to-date: /home/kcg/Autonomous_kcg/ROS2Sample/install/additional_msgs/share/additional_msgs/cmake/rosidl_cmake_export_typesupport_targets-extras.cmake
[0.791s] -- Up-to-date: /home/kcg/Autonomous_kcg/ROS2Sample/install/additional_msgs/share/additional_msgs/cmake/additional_msgsConfig.cmake
[0.792s] -- Up-to-date: /home/kcg/Autonomous_kcg/ROS2Sample/install/additional_msgs/share/additional_msgs/cmake/additional_msgsConfig-version.cmake
[0.792s] -- Up-to-date: /home/kcg/Autonomous_kcg/ROS2Sample/install/additional_msgs/share/additional_msgs/package.xml
[0.798s] Invoked command in '/home/kcg/Autonomous_kcg/ROS2Sample/build/additional_msgs' returned '0': CMAKE_PREFIX_PATH=${CMAKE_PREFIX_PATH}:/home/kcg/Autonomous_kcg/ROS2Sample/install/python_publisher:/opt/ros/foxy /usr/bin/cmake --install /home/kcg/Autonomous_kcg/ROS2Sample/build/additional_msgs
