[0.486s] Invoking command in '/home/kcg/copy/ROS2Sample/src/python_publisher': PYTHONPATH=/home/kcg/copy/ROS2Sample/src/python_publisher/install/python_publisher/lib/python3.8/site-packages:${PYTHONPATH} /usr/bin/python3 setup.py egg_info --egg-base build/python_publisher build --build-base /home/kcg/copy/ROS2Sample/src/python_publisher/build/python_publisher/build install --prefix /home/kcg/copy/ROS2Sample/src/python_publisher/install/python_publisher --record /home/kcg/copy/ROS2Sample/src/python_publisher/build/python_publisher/install.log --single-version-externally-managed
[0.651s] running egg_info
[0.651s] writing build/python_publisher/python_publisher.egg-info/PKG-INFO
[0.652s] writing dependency_links to build/python_publisher/python_publisher.egg-info/dependency_links.txt
[0.652s] writing entry points to build/python_publisher/python_publisher.egg-info/entry_points.txt
[0.652s] writing requirements to build/python_publisher/python_publisher.egg-info/requires.txt
[0.652s] writing top-level names to build/python_publisher/python_publisher.egg-info/top_level.txt
[0.672s] reading manifest file 'build/python_publisher/python_publisher.egg-info/SOURCES.txt'
[0.673s] writing manifest file 'build/python_publisher/python_publisher.egg-info/SOURCES.txt'
[0.673s] running build
[0.673s] running build_py
[0.674s] copying python_publisher/adaptive_cruise_control.py -> /home/kcg/copy/ROS2Sample/src/python_publisher/build/python_publisher/build/lib/python_publisher
[0.674s] copying python_publisher/record_sub.py -> /home/kcg/copy/ROS2Sample/src/python_publisher/build/python_publisher/build/lib/python_publisher
[0.674s] copying python_publisher/submodules/Pure_Pursuit.py -> /home/kcg/copy/ROS2Sample/src/python_publisher/build/python_publisher/build/lib/python_publisher/submodules
[0.675s] running install
[0.675s] running install_lib
[0.676s] copying /home/kcg/copy/ROS2Sample/src/python_publisher/build/python_publisher/build/lib/python_publisher/adaptive_cruise_control.py -> /home/kcg/copy/ROS2Sample/src/python_publisher/install/python_publisher/lib/python3.8/site-packages/python_publisher
[0.676s] copying /home/kcg/copy/ROS2Sample/src/python_publisher/build/python_publisher/build/lib/python_publisher/submodules/Pure_Pursuit.py -> /home/kcg/copy/ROS2Sample/src/python_publisher/install/python_publisher/lib/python3.8/site-packages/python_publisher/submodules
[0.676s] copying /home/kcg/copy/ROS2Sample/src/python_publisher/build/python_publisher/build/lib/python_publisher/record_sub.py -> /home/kcg/copy/ROS2Sample/src/python_publisher/install/python_publisher/lib/python3.8/site-packages/python_publisher
[0.677s] byte-compiling /home/kcg/copy/ROS2Sample/src/python_publisher/install/python_publisher/lib/python3.8/site-packages/python_publisher/adaptive_cruise_control.py to adaptive_cruise_control.cpython-38.pyc
[0.679s] byte-compiling /home/kcg/copy/ROS2Sample/src/python_publisher/install/python_publisher/lib/python3.8/site-packages/python_publisher/submodules/Pure_Pursuit.py to Pure_Pursuit.cpython-38.pyc
[0.680s] byte-compiling /home/kcg/copy/ROS2Sample/src/python_publisher/install/python_publisher/lib/python3.8/site-packages/python_publisher/record_sub.py to record_sub.cpython-38.pyc
[0.680s] running install_data
[0.680s] running install_egg_info
[0.681s] removing '/home/kcg/copy/ROS2Sample/src/python_publisher/install/python_publisher/lib/python3.8/site-packages/python_publisher-0.0.0-py3.8.egg-info' (and everything under it)
[0.681s] Copying build/python_publisher/python_publisher.egg-info to /home/kcg/copy/ROS2Sample/src/python_publisher/install/python_publisher/lib/python3.8/site-packages/python_publisher-0.0.0-py3.8.egg-info
[0.682s] running install_scripts
[0.692s] Installing acc script to /home/kcg/copy/ROS2Sample/src/python_publisher/install/python_publisher/lib/python_publisher
[0.692s] Installing pid script to /home/kcg/copy/ROS2Sample/src/python_publisher/install/python_publisher/lib/python_publisher
[0.692s] Installing publisher script to /home/kcg/copy/ROS2Sample/src/python_publisher/install/python_publisher/lib/python_publisher
[0.692s] Installing rcc script to /home/kcg/copy/ROS2Sample/src/python_publisher/install/python_publisher/lib/python_publisher
[0.693s] writing list of installed files to '/home/kcg/copy/ROS2Sample/src/python_publisher/build/python_publisher/install.log'
[0.705s] Invoked command in '/home/kcg/copy/ROS2Sample/src/python_publisher' returned '0': PYTHONPATH=/home/kcg/copy/ROS2Sample/src/python_publisher/install/python_publisher/lib/python3.8/site-packages:${PYTHONPATH} /usr/bin/python3 setup.py egg_info --egg-base build/python_publisher build --build-base /home/kcg/copy/ROS2Sample/src/python_publisher/build/python_publisher/build install --prefix /home/kcg/copy/ROS2Sample/src/python_publisher/install/python_publisher --record /home/kcg/copy/ROS2Sample/src/python_publisher/build/python_publisher/install.log --single-version-externally-managed
