[0.464s] Invoking command in '/home/kcg/newSample/Autonomous_kcg/g29_wheel_publisher_ws/src/py_pubsub': PYTHONPATH=/home/kcg/newSample/Autonomous_kcg/g29_wheel_publisher_ws/install/py_pubsub/lib/python3.8/site-packages:${PYTHONPATH} /usr/bin/python3 setup.py egg_info --egg-base ../../build/py_pubsub build --build-base /home/kcg/newSample/Autonomous_kcg/g29_wheel_publisher_ws/build/py_pubsub/build install --prefix /home/kcg/newSample/Autonomous_kcg/g29_wheel_publisher_ws/install/py_pubsub --record /home/kcg/newSample/Autonomous_kcg/g29_wheel_publisher_ws/build/py_pubsub/install.log --single-version-externally-managed
[0.627s] running egg_info
[0.627s] creating ../../build/py_pubsub/py_pubsub.egg-info
[0.627s] writing ../../build/py_pubsub/py_pubsub.egg-info/PKG-INFO
[0.627s] writing dependency_links to ../../build/py_pubsub/py_pubsub.egg-info/dependency_links.txt
[0.628s] writing entry points to ../../build/py_pubsub/py_pubsub.egg-info/entry_points.txt
[0.628s] writing requirements to ../../build/py_pubsub/py_pubsub.egg-info/requires.txt
[0.628s] writing top-level names to ../../build/py_pubsub/py_pubsub.egg-info/top_level.txt
[0.628s] writing manifest file '../../build/py_pubsub/py_pubsub.egg-info/SOURCES.txt'
[0.649s] reading manifest file '../../build/py_pubsub/py_pubsub.egg-info/SOURCES.txt'
[0.650s] writing manifest file '../../build/py_pubsub/py_pubsub.egg-info/SOURCES.txt'
[0.650s] running build
[0.650s] running build_py
[0.650s] creating /home/kcg/newSample/Autonomous_kcg/g29_wheel_publisher_ws/build/py_pubsub/build
[0.650s] creating /home/kcg/newSample/Autonomous_kcg/g29_wheel_publisher_ws/build/py_pubsub/build/lib
[0.650s] creating /home/kcg/newSample/Autonomous_kcg/g29_wheel_publisher_ws/build/py_pubsub/build/lib/py_pubsub
[0.650s] copying py_pubsub/__init__.py -> /home/kcg/newSample/Autonomous_kcg/g29_wheel_publisher_ws/build/py_pubsub/build/lib/py_pubsub
[0.650s] copying py_pubsub/g29_publisher.py -> /home/kcg/newSample/Autonomous_kcg/g29_wheel_publisher_ws/build/py_pubsub/build/lib/py_pubsub
[0.650s] running install
[0.650s] running install_lib
[0.651s] creating /home/kcg/newSample/Autonomous_kcg/g29_wheel_publisher_ws/install/py_pubsub/lib/python3.8/site-packages/py_pubsub
[0.651s] copying /home/kcg/newSample/Autonomous_kcg/g29_wheel_publisher_ws/build/py_pubsub/build/lib/py_pubsub/__init__.py -> /home/kcg/newSample/Autonomous_kcg/g29_wheel_publisher_ws/install/py_pubsub/lib/python3.8/site-packages/py_pubsub
[0.651s] copying /home/kcg/newSample/Autonomous_kcg/g29_wheel_publisher_ws/build/py_pubsub/build/lib/py_pubsub/g29_publisher.py -> /home/kcg/newSample/Autonomous_kcg/g29_wheel_publisher_ws/install/py_pubsub/lib/python3.8/site-packages/py_pubsub
[0.652s] byte-compiling /home/kcg/newSample/Autonomous_kcg/g29_wheel_publisher_ws/install/py_pubsub/lib/python3.8/site-packages/py_pubsub/__init__.py to __init__.cpython-38.pyc
[0.652s] byte-compiling /home/kcg/newSample/Autonomous_kcg/g29_wheel_publisher_ws/install/py_pubsub/lib/python3.8/site-packages/py_pubsub/g29_publisher.py to g29_publisher.cpython-38.pyc
[0.653s] running install_data
[0.653s] creating /home/kcg/newSample/Autonomous_kcg/g29_wheel_publisher_ws/install/py_pubsub/share/ament_index
[0.653s] creating /home/kcg/newSample/Autonomous_kcg/g29_wheel_publisher_ws/install/py_pubsub/share/ament_index/resource_index
[0.653s] creating /home/kcg/newSample/Autonomous_kcg/g29_wheel_publisher_ws/install/py_pubsub/share/ament_index/resource_index/packages
[0.653s] copying resource/py_pubsub -> /home/kcg/newSample/Autonomous_kcg/g29_wheel_publisher_ws/install/py_pubsub/share/ament_index/resource_index/packages
[0.653s] copying package.xml -> /home/kcg/newSample/Autonomous_kcg/g29_wheel_publisher_ws/install/py_pubsub/share/py_pubsub
[0.653s] running install_egg_info
[0.654s] Copying ../../build/py_pubsub/py_pubsub.egg-info to /home/kcg/newSample/Autonomous_kcg/g29_wheel_publisher_ws/install/py_pubsub/lib/python3.8/site-packages/py_pubsub-0.0.0-py3.8.egg-info
[0.655s] running install_scripts
[0.665s] Installing G29_Talker script to /home/kcg/newSample/Autonomous_kcg/g29_wheel_publisher_ws/install/py_pubsub/lib/py_pubsub
[0.665s] writing list of installed files to '/home/kcg/newSample/Autonomous_kcg/g29_wheel_publisher_ws/build/py_pubsub/install.log'
[0.676s] Invoked command in '/home/kcg/newSample/Autonomous_kcg/g29_wheel_publisher_ws/src/py_pubsub' returned '0': PYTHONPATH=/home/kcg/newSample/Autonomous_kcg/g29_wheel_publisher_ws/install/py_pubsub/lib/python3.8/site-packages:${PYTHONPATH} /usr/bin/python3 setup.py egg_info --egg-base ../../build/py_pubsub build --build-base /home/kcg/newSample/Autonomous_kcg/g29_wheel_publisher_ws/build/py_pubsub/build install --prefix /home/kcg/newSample/Autonomous_kcg/g29_wheel_publisher_ws/install/py_pubsub --record /home/kcg/newSample/Autonomous_kcg/g29_wheel_publisher_ws/build/py_pubsub/install.log --single-version-externally-managed
