[0.023s] Invoking command in '/home/shovals/copy/switch_ws/Deliverables/colcon_workspace/build/tracked_lane_msgs': CMAKE_PREFIX_PATH=${CMAKE_PREFIX_PATH}:/home/shovals/copy/py_pkg/install/py_pkg:/home/shovals/copy/ROS2Sample/install/python_publisher:/opt/ros/foxy /usr/bin/cmake /home/shovals/copy/switch_ws/Deliverables/colcon_workspace/src/tracked_lane_msgs -DCMAKE_INSTALL_PREFIX=/home/shovals/copy/switch_ws/Deliverables/colcon_workspace/install/tracked_lane_msgs
[0.076s] -- The C compiler identification is GNU 9.4.0
[0.126s] -- The CXX compiler identification is GNU 9.4.0
[0.131s] -- Check for working C compiler: /usr/bin/cc
[0.197s] -- Check for working C compiler: /usr/bin/cc -- works
[0.198s] -- Detecting C compiler ABI info
[0.267s] -- Detecting C compiler ABI info - done
[0.278s] -- Detecting C compile features
[0.278s] -- Detecting C compile features - done
[0.281s] -- Check for working CXX compiler: /usr/bin/c++
[0.357s] -- Check for working CXX compiler: /usr/bin/c++ -- works
[0.359s] -- Detecting CXX compiler ABI info
[0.437s] -- Detecting CXX compiler ABI info - done
[0.448s] -- Detecting CXX compile features
[0.448s] -- Detecting CXX compile features - done
[0.450s] -- Found ament_cmake: 0.9.9 (/opt/ros/foxy/share/ament_cmake/cmake)
[0.474s] -- Found PythonInterp: /usr/bin/python3 (found suitable version "3.8.10", minimum required is "3") 
[0.474s] -- Using PYTHON_EXECUTABLE: /usr/bin/python3
[0.636s] -- Found std_msgs: 2.0.5 (/opt/ros/foxy/share/std_msgs/cmake)
[0.661s] -- Using all available rosidl_typesupport_c: rosidl_typesupport_fastrtps_c;rosidl_typesupport_introspection_c
[0.666s] -- Found rosidl_adapter: 1.2.1 (/opt/ros/foxy/share/rosidl_adapter/cmake)
[0.744s] -- Found OpenSSL: /usr/lib/x86_64-linux-gnu/libcrypto.so (found version "1.1.1f")  
[0.771s] -- Found FastRTPS: /opt/ros/foxy/include  
[0.832s] -- Using all available rosidl_typesupport_cpp: rosidl_typesupport_fastrtps_cpp;rosidl_typesupport_introspection_cpp
[0.868s] -- Found rosidl_default_generators: 1.0.1 (/opt/ros/foxy/share/rosidl_default_generators/cmake)
[0.896s] -- Found PythonInterp: /usr/bin/python3 (found version "3.8.10") 
[1.037s] -- Found ament_cmake_ros: 0.9.2 (/opt/ros/foxy/share/ament_cmake_ros/cmake)
[1.184s] -- Using all available rosidl_typesupport_c: rosidl_typesupport_fastrtps_c;rosidl_typesupport_introspection_c
[1.235s] -- Using all available rosidl_typesupport_cpp: rosidl_typesupport_fastrtps_cpp;rosidl_typesupport_introspection_cpp
[1.257s] -- Found PythonInterp: /usr/bin/python3 (found suitable version "3.8.10", minimum required is "3.5") 
[1.259s] -- Found python_cmake_module: 0.8.1 (/opt/ros/foxy/share/python_cmake_module/cmake)
[1.282s] -- Found PythonLibs: /usr/lib/x86_64-linux-gnu/libpython3.8.so (found suitable version "3.8.10", minimum required is "3.5") 
[1.283s] -- Using PYTHON_EXECUTABLE: /usr/bin/python3
[1.283s] -- Using PYTHON_INCLUDE_DIRS: /usr/include/python3.8
[1.283s] -- Using PYTHON_LIBRARIES: /usr/lib/x86_64-linux-gnu/libpython3.8.so
[1.300s] -- Found PythonExtra: .so  
[1.356s] -- Found ament_lint_auto: 0.9.6 (/opt/ros/foxy/share/ament_lint_auto/cmake)
[1.373s] -- Added test 'copyright' to check source files copyright and LICENSE
[1.375s] -- Added test 'lint_cmake' to check CMake code style
[1.376s] -- Added test 'xmllint' to check XML markup files
[1.380s] -- Configuring done
[1.422s] -- Generating done
[1.424s] -- Build files have been written to: /home/shovals/copy/switch_ws/Deliverables/colcon_workspace/build/tracked_lane_msgs
[1.432s] Invoked command in '/home/shovals/copy/switch_ws/Deliverables/colcon_workspace/build/tracked_lane_msgs' returned '0': CMAKE_PREFIX_PATH=${CMAKE_PREFIX_PATH}:/home/shovals/copy/py_pkg/install/py_pkg:/home/shovals/copy/ROS2Sample/install/python_publisher:/opt/ros/foxy /usr/bin/cmake /home/shovals/copy/switch_ws/Deliverables/colcon_workspace/src/tracked_lane_msgs -DCMAKE_INSTALL_PREFIX=/home/shovals/copy/switch_ws/Deliverables/colcon_workspace/install/tracked_lane_msgs
[1.436s] Invoking command in '/home/shovals/copy/switch_ws/Deliverables/colcon_workspace/build/tracked_lane_msgs': CMAKE_PREFIX_PATH=${CMAKE_PREFIX_PATH}:/home/shovals/copy/py_pkg/install/py_pkg:/home/shovals/copy/ROS2Sample/install/python_publisher:/opt/ros/foxy /usr/bin/cmake --build /home/shovals/copy/switch_ws/Deliverables/colcon_workspace/build/tracked_lane_msgs -- -j16 -l16
[1.474s] [  1%] [34m[1mGenerating C code for ROS interfaces[0m
[1.474s] [35m[1mScanning dependencies of target tracked_lane_msgs__cpp[0m
[1.486s] [  3%] [34m[1mGenerating C++ code for ROS interfaces[0m
[1.943s] [  3%] Built target tracked_lane_msgs__cpp
[1.944s] [35m[1mScanning dependencies of target tracked_lane_msgs__rosidl_generator_c[0m
[1.956s] [  5%] [34m[1mGenerating C++ type support dispatch for ROS interfaces[0m
[1.956s] [  7%] [34m[1mGenerating C++ introspection for ROS interfaces[0m
[1.958s] [  9%] [34m[1mGenerating C++ type support for eProsima Fast-RTPS[0m
[1.959s] [ 10%] [32mBuilding C object CMakeFiles/tracked_lane_msgs__rosidl_generator_c.dir/rosidl_generator_c/tracked_lane_msgs/msg/detail/lane_results__functions.c.o[0m
[1.960s] [ 12%] [32mBuilding C object CMakeFiles/tracked_lane_msgs__rosidl_generator_c.dir/rosidl_generator_c/tracked_lane_msgs/msg/detail/lane__functions.c.o[0m
[1.960s] [ 14%] [32mBuilding C object CMakeFiles/tracked_lane_msgs__rosidl_generator_c.dir/rosidl_generator_c/tracked_lane_msgs/msg/detail/boundary__functions.c.o[0m
[1.962s] [ 16%] [32mBuilding C object CMakeFiles/tracked_lane_msgs__rosidl_generator_c.dir/rosidl_generator_c/tracked_lane_msgs/msg/detail/point__functions.c.o[0m
[2.025s] [ 18%] [32m[1mLinking C shared library libtracked_lane_msgs__rosidl_generator_c.so[0m
[2.068s] [ 18%] Built target tracked_lane_msgs__rosidl_generator_c
[2.081s] [ 20%] [34m[1mGenerating C introspection for ROS interfaces[0m
[2.081s] [ 21%] [34m[1mGenerating C type support dispatch for ROS interfaces[0m
[2.378s] [35m[1mScanning dependencies of target tracked_lane_msgs__rosidl_typesupport_cpp[0m
[2.394s] [ 23%] [32mBuilding CXX object CMakeFiles/tracked_lane_msgs__rosidl_typesupport_cpp.dir/rosidl_typesupport_cpp/tracked_lane_msgs/msg/lane__type_support.cpp.o[0m
[2.395s] [ 25%] [32mBuilding CXX object CMakeFiles/tracked_lane_msgs__rosidl_typesupport_cpp.dir/rosidl_typesupport_cpp/tracked_lane_msgs/msg/boundary__type_support.cpp.o[0m
[2.398s] [ 27%] [32mBuilding CXX object CMakeFiles/tracked_lane_msgs__rosidl_typesupport_cpp.dir/rosidl_typesupport_cpp/tracked_lane_msgs/msg/lane_results__type_support.cpp.o[0m
[2.399s] [ 29%] [32mBuilding CXX object CMakeFiles/tracked_lane_msgs__rosidl_typesupport_cpp.dir/rosidl_typesupport_cpp/tracked_lane_msgs/msg/point__type_support.cpp.o[0m
[2.428s] [35m[1mScanning dependencies of target tracked_lane_msgs__rosidl_typesupport_introspection_cpp[0m
[2.444s] [ 30%] [32mBuilding CXX object CMakeFiles/tracked_lane_msgs__rosidl_typesupport_introspection_cpp.dir/rosidl_typesupport_introspection_cpp/tracked_lane_msgs/msg/detail/lane_results__type_support.cpp.o[0m
[2.448s] [ 32%] [32mBuilding CXX object CMakeFiles/tracked_lane_msgs__rosidl_typesupport_introspection_cpp.dir/rosidl_typesupport_introspection_cpp/tracked_lane_msgs/msg/detail/lane__type_support.cpp.o[0m
[2.449s] [ 34%] [32mBuilding CXX object CMakeFiles/tracked_lane_msgs__rosidl_typesupport_introspection_cpp.dir/rosidl_typesupport_introspection_cpp/tracked_lane_msgs/msg/detail/boundary__type_support.cpp.o[0m
[2.449s] [ 36%] [32mBuilding CXX object CMakeFiles/tracked_lane_msgs__rosidl_typesupport_introspection_cpp.dir/rosidl_typesupport_introspection_cpp/tracked_lane_msgs/msg/detail/point__type_support.cpp.o[0m
[2.526s] [35m[1mScanning dependencies of target tracked_lane_msgs__rosidl_typesupport_fastrtps_cpp[0m
[2.537s] [35m[1mScanning dependencies of target tracked_lane_msgs__rosidl_typesupport_c[0m
[2.555s] [ 38%] [32mBuilding CXX object CMakeFiles/tracked_lane_msgs__rosidl_typesupport_fastrtps_cpp.dir/rosidl_typesupport_fastrtps_cpp/tracked_lane_msgs/msg/detail/dds_fastrtps/lane_results__type_support.cpp.o[0m
[2.555s] [ 40%] [32mBuilding CXX object CMakeFiles/tracked_lane_msgs__rosidl_typesupport_fastrtps_cpp.dir/rosidl_typesupport_fastrtps_cpp/tracked_lane_msgs/msg/detail/dds_fastrtps/lane__type_support.cpp.o[0m
[2.557s] [ 41%] [32mBuilding CXX object CMakeFiles/tracked_lane_msgs__rosidl_typesupport_fastrtps_cpp.dir/rosidl_typesupport_fastrtps_cpp/tracked_lane_msgs/msg/detail/dds_fastrtps/boundary__type_support.cpp.o[0m
[2.562s] [ 43%] [32mBuilding CXX object CMakeFiles/tracked_lane_msgs__rosidl_typesupport_c.dir/rosidl_typesupport_c/tracked_lane_msgs/msg/lane__type_support.cpp.o[0m
[2.563s] [ 45%] [32mBuilding CXX object CMakeFiles/tracked_lane_msgs__rosidl_typesupport_fastrtps_cpp.dir/rosidl_typesupport_fastrtps_cpp/tracked_lane_msgs/msg/detail/dds_fastrtps/point__type_support.cpp.o[0m
[2.568s] [ 47%] [32mBuilding CXX object CMakeFiles/tracked_lane_msgs__rosidl_typesupport_c.dir/rosidl_typesupport_c/tracked_lane_msgs/msg/lane_results__type_support.cpp.o[0m
[2.570s] [ 49%] [32mBuilding CXX object CMakeFiles/tracked_lane_msgs__rosidl_typesupport_c.dir/rosidl_typesupport_c/tracked_lane_msgs/msg/boundary__type_support.cpp.o[0m
[2.626s] [ 50%] [32mBuilding CXX object CMakeFiles/tracked_lane_msgs__rosidl_typesupport_c.dir/rosidl_typesupport_c/tracked_lane_msgs/msg/point__type_support.cpp.o[0m
[2.679s] [35m[1mScanning dependencies of target tracked_lane_msgs__rosidl_typesupport_introspection_c[0m
[2.696s] [ 52%] [32m[1mLinking CXX shared library libtracked_lane_msgs__rosidl_typesupport_c.so[0m
[2.730s] [ 54%] [32mBuilding C object CMakeFiles/tracked_lane_msgs__rosidl_typesupport_introspection_c.dir/rosidl_typesupport_introspection_c/tracked_lane_msgs/msg/detail/lane_results__type_support.c.o[0m
[2.756s] [ 56%] [32mBuilding C object CMakeFiles/tracked_lane_msgs__rosidl_typesupport_introspection_c.dir/rosidl_typesupport_introspection_c/tracked_lane_msgs/msg/detail/lane__type_support.c.o[0m
[2.773s] [ 58%] [32mBuilding C object CMakeFiles/tracked_lane_msgs__rosidl_typesupport_introspection_c.dir/rosidl_typesupport_introspection_c/tracked_lane_msgs/msg/detail/boundary__type_support.c.o[0m
[2.775s] [ 58%] Built target tracked_lane_msgs__rosidl_typesupport_c
[2.816s] [ 60%] [32mBuilding C object CMakeFiles/tracked_lane_msgs__rosidl_typesupport_introspection_c.dir/rosidl_typesupport_introspection_c/tracked_lane_msgs/msg/detail/point__type_support.c.o[0m
[2.930s] [ 61%] [32m[1mLinking C shared library libtracked_lane_msgs__rosidl_typesupport_introspection_c.so[0m
[2.944s] [ 63%] [32m[1mLinking CXX shared library libtracked_lane_msgs__rosidl_typesupport_cpp.so[0m
[2.976s] [ 63%] Built target tracked_lane_msgs__rosidl_typesupport_introspection_c
[3.001s] [ 63%] Built target tracked_lane_msgs__rosidl_typesupport_cpp
[3.106s] [ 65%] [32m[1mLinking CXX shared library libtracked_lane_msgs__rosidl_typesupport_introspection_cpp.so[0m
[3.233s] [ 65%] Built target tracked_lane_msgs__rosidl_typesupport_introspection_cpp
[3.386s] [ 67%] [32m[1mLinking CXX shared library libtracked_lane_msgs__rosidl_typesupport_fastrtps_cpp.so[0m
[3.488s] [ 67%] Built target tracked_lane_msgs__rosidl_typesupport_fastrtps_cpp
[3.500s] [ 69%] [34m[1mGenerating C type support for eProsima Fast-RTPS[0m
[4.039s] [35m[1mScanning dependencies of target tracked_lane_msgs__rosidl_typesupport_fastrtps_c[0m
[4.062s] [ 70%] [32mBuilding CXX object CMakeFiles/tracked_lane_msgs__rosidl_typesupport_fastrtps_c.dir/rosidl_typesupport_fastrtps_c/tracked_lane_msgs/msg/detail/lane__type_support_c.cpp.o[0m
[4.064s] [ 72%] [32mBuilding CXX object CMakeFiles/tracked_lane_msgs__rosidl_typesupport_fastrtps_c.dir/rosidl_typesupport_fastrtps_c/tracked_lane_msgs/msg/detail/lane_results__type_support_c.cpp.o[0m
[4.065s] [ 74%] [32mBuilding CXX object CMakeFiles/tracked_lane_msgs__rosidl_typesupport_fastrtps_c.dir/rosidl_typesupport_fastrtps_c/tracked_lane_msgs/msg/detail/boundary__type_support_c.cpp.o[0m
[4.065s] [ 76%] [32mBuilding CXX object CMakeFiles/tracked_lane_msgs__rosidl_typesupport_fastrtps_c.dir/rosidl_typesupport_fastrtps_c/tracked_lane_msgs/msg/detail/point__type_support_c.cpp.o[0m
[4.584s] [ 78%] [32m[1mLinking CXX shared library libtracked_lane_msgs__rosidl_typesupport_fastrtps_c.so[0m
[4.662s] [ 78%] Built target tracked_lane_msgs__rosidl_typesupport_fastrtps_c
[4.672s] [35m[1mScanning dependencies of target tracked_lane_msgs[0m
[4.681s] [ 78%] Built target tracked_lane_msgs
[4.691s] [35m[1mScanning dependencies of target tracked_lane_msgs__py[0m
[4.701s] [ 80%] [34m[1mGenerating Python code for ROS interfaces[0m
[5.449s] [ 80%] Built target tracked_lane_msgs__py
[5.459s] [35m[1mScanning dependencies of target tracked_lane_msgs__python[0m
[5.486s] [ 81%] [32mBuilding C object CMakeFiles/tracked_lane_msgs__python.dir/rosidl_generator_py/tracked_lane_msgs/msg/_lane_results_s.c.o[0m
[5.486s] [ 85%] [32mBuilding C object CMakeFiles/tracked_lane_msgs__python.dir/rosidl_generator_py/tracked_lane_msgs/msg/_point_s.c.o[0m
[5.486s] [ 85%] [32mBuilding C object CMakeFiles/tracked_lane_msgs__python.dir/rosidl_generator_py/tracked_lane_msgs/msg/_lane_s.c.o[0m
[5.486s] [ 87%] [32mBuilding C object CMakeFiles/tracked_lane_msgs__python.dir/rosidl_generator_py/tracked_lane_msgs/msg/_boundary_s.c.o[0m
[5.592s] [ 89%] [32m[1mLinking C shared library rosidl_generator_py/tracked_lane_msgs/libtracked_lane_msgs__python.so[0m
[5.633s] [ 89%] Built target tracked_lane_msgs__python
[5.645s] [35m[1mScanning dependencies of target tracked_lane_msgs__rosidl_typesupport_c__pyext[0m
[5.645s] [35m[1mScanning dependencies of target tracked_lane_msgs__rosidl_typesupport_introspection_c__pyext[0m
[5.646s] [35m[1mScanning dependencies of target tracked_lane_msgs__rosidl_typesupport_fastrtps_c__pyext[0m
[5.664s] [ 90%] [32mBuilding C object CMakeFiles/tracked_lane_msgs__rosidl_typesupport_c__pyext.dir/rosidl_generator_py/tracked_lane_msgs/_tracked_lane_msgs_s.ep.rosidl_typesupport_c.c.o[0m
[5.666s] [ 92%] [32mBuilding C object CMakeFiles/tracked_lane_msgs__rosidl_typesupport_introspection_c__pyext.dir/rosidl_generator_py/tracked_lane_msgs/_tracked_lane_msgs_s.ep.rosidl_typesupport_introspection_c.c.o[0m
[5.666s] [ 94%] [32mBuilding C object CMakeFiles/tracked_lane_msgs__rosidl_typesupport_fastrtps_c__pyext.dir/rosidl_generator_py/tracked_lane_msgs/_tracked_lane_msgs_s.ep.rosidl_typesupport_fastrtps_c.c.o[0m
[5.752s] [ 96%] [32m[1mLinking C shared library rosidl_generator_py/tracked_lane_msgs/tracked_lane_msgs_s__rosidl_typesupport_c.cpython-38-x86_64-linux-gnu.so[0m
[5.753s] [ 98%] [32m[1mLinking C shared library rosidl_generator_py/tracked_lane_msgs/tracked_lane_msgs_s__rosidl_typesupport_introspection_c.cpython-38-x86_64-linux-gnu.so[0m
[5.753s] [100%] [32m[1mLinking CXX shared library rosidl_generator_py/tracked_lane_msgs/tracked_lane_msgs_s__rosidl_typesupport_fastrtps_c.cpython-38-x86_64-linux-gnu.so[0m
[5.791s] [100%] Built target tracked_lane_msgs__rosidl_typesupport_c__pyext
[5.792s] [100%] Built target tracked_lane_msgs__rosidl_typesupport_introspection_c__pyext
[5.816s] [100%] Built target tracked_lane_msgs__rosidl_typesupport_fastrtps_c__pyext
[5.828s] Invoked command in '/home/shovals/copy/switch_ws/Deliverables/colcon_workspace/build/tracked_lane_msgs' returned '0': CMAKE_PREFIX_PATH=${CMAKE_PREFIX_PATH}:/home/shovals/copy/py_pkg/install/py_pkg:/home/shovals/copy/ROS2Sample/install/python_publisher:/opt/ros/foxy /usr/bin/cmake --build /home/shovals/copy/switch_ws/Deliverables/colcon_workspace/build/tracked_lane_msgs -- -j16 -l16
[5.995s] Invoking command in '/home/shovals/copy/switch_ws/Deliverables/colcon_workspace/build/tracked_lane_msgs': CMAKE_PREFIX_PATH=${CMAKE_PREFIX_PATH}:/home/shovals/copy/py_pkg/install/py_pkg:/home/shovals/copy/ROS2Sample/install/python_publisher:/opt/ros/foxy /usr/bin/cmake --install /home/shovals/copy/switch_ws/Deliverables/colcon_workspace/build/tracked_lane_msgs
[6.002s] -- Install configuration: ""
[6.003s] -- Installing: /home/shovals/copy/switch_ws/Deliverables/colcon_workspace/install/tracked_lane_msgs/share/ament_index/resource_index/rosidl_interfaces/tracked_lane_msgs
[6.003s] -- Installing: /home/shovals/copy/switch_ws/Deliverables/colcon_workspace/install/tracked_lane_msgs/include/tracked_lane_msgs
[6.003s] -- Installing: /home/shovals/copy/switch_ws/Deliverables/colcon_workspace/install/tracked_lane_msgs/include/tracked_lane_msgs/msg
[6.003s] -- Installing: /home/shovals/copy/switch_ws/Deliverables/colcon_workspace/install/tracked_lane_msgs/include/tracked_lane_msgs/msg/rosidl_generator_c__visibility_control.h
[6.003s] -- Installing: /home/shovals/copy/switch_ws/Deliverables/colcon_workspace/install/tracked_lane_msgs/include/tracked_lane_msgs/msg/lane_results.h
[6.003s] -- Installing: /home/shovals/copy/switch_ws/Deliverables/colcon_workspace/install/tracked_lane_msgs/include/tracked_lane_msgs/msg/lane.h
[6.003s] -- Installing: /home/shovals/copy/switch_ws/Deliverables/colcon_workspace/install/tracked_lane_msgs/include/tracked_lane_msgs/msg/boundary.h
[6.003s] -- Installing: /home/shovals/copy/switch_ws/Deliverables/colcon_workspace/install/tracked_lane_msgs/include/tracked_lane_msgs/msg/detail
[6.003s] -- Installing: /home/shovals/copy/switch_ws/Deliverables/colcon_workspace/install/tracked_lane_msgs/include/tracked_lane_msgs/msg/detail/lane__functions.c
[6.003s] -- Installing: /home/shovals/copy/switch_ws/Deliverables/colcon_workspace/install/tracked_lane_msgs/include/tracked_lane_msgs/msg/detail/boundary__functions.c
[6.003s] -- Installing: /home/shovals/copy/switch_ws/Deliverables/colcon_workspace/install/tracked_lane_msgs/include/tracked_lane_msgs/msg/detail/boundary__type_support.h
[6.004s] -- Installing: /home/shovals/copy/switch_ws/Deliverables/colcon_workspace/install/tracked_lane_msgs/include/tracked_lane_msgs/msg/detail/lane_results__functions.h
[6.004s] -- Installing: /home/shovals/copy/switch_ws/Deliverables/colcon_workspace/install/tracked_lane_msgs/include/tracked_lane_msgs/msg/detail/boundary__struct.h
[6.004s] -- Installing: /home/shovals/copy/switch_ws/Deliverables/colcon_workspace/install/tracked_lane_msgs/include/tracked_lane_msgs/msg/detail/lane__struct.h
[6.004s] -- Installing: /home/shovals/copy/switch_ws/Deliverables/colcon_workspace/install/tracked_lane_msgs/include/tracked_lane_msgs/msg/detail/point__type_support.h
[6.004s] -- Installing: /home/shovals/copy/switch_ws/Deliverables/colcon_workspace/install/tracked_lane_msgs/include/tracked_lane_msgs/msg/detail/lane_results__type_support.h
[6.004s] -- Installing: /home/shovals/copy/switch_ws/Deliverables/colcon_workspace/install/tracked_lane_msgs/include/tracked_lane_msgs/msg/detail/point__functions.h
[6.004s] -- Installing: /home/shovals/copy/switch_ws/Deliverables/colcon_workspace/install/tracked_lane_msgs/include/tracked_lane_msgs/msg/detail/point__struct.h
[6.004s] -- Installing: /home/shovals/copy/switch_ws/Deliverables/colcon_workspace/install/tracked_lane_msgs/include/tracked_lane_msgs/msg/detail/lane__type_support.h
[6.004s] -- Installing: /home/shovals/copy/switch_ws/Deliverables/colcon_workspace/install/tracked_lane_msgs/include/tracked_lane_msgs/msg/detail/lane_results__struct.h
[6.004s] -- Installing: /home/shovals/copy/switch_ws/Deliverables/colcon_workspace/install/tracked_lane_msgs/include/tracked_lane_msgs/msg/detail/lane__functions.h
[6.004s] -- Installing: /home/shovals/copy/switch_ws/Deliverables/colcon_workspace/install/tracked_lane_msgs/include/tracked_lane_msgs/msg/detail/boundary__functions.h
[6.004s] -- Installing: /home/shovals/copy/switch_ws/Deliverables/colcon_workspace/install/tracked_lane_msgs/include/tracked_lane_msgs/msg/detail/lane_results__functions.c
[6.004s] -- Installing: /home/shovals/copy/switch_ws/Deliverables/colcon_workspace/install/tracked_lane_msgs/include/tracked_lane_msgs/msg/detail/point__functions.c
[6.004s] -- Installing: /home/shovals/copy/switch_ws/Deliverables/colcon_workspace/install/tracked_lane_msgs/include/tracked_lane_msgs/msg/point.h
[6.005s] -- Installing: /home/shovals/copy/switch_ws/Deliverables/colcon_workspace/install/tracked_lane_msgs/share/tracked_lane_msgs/environment/library_path.sh
[6.005s] -- Installing: /home/shovals/copy/switch_ws/Deliverables/colcon_workspace/install/tracked_lane_msgs/share/tracked_lane_msgs/environment/library_path.dsv
[6.005s] -- Installing: /home/shovals/copy/switch_ws/Deliverables/colcon_workspace/install/tracked_lane_msgs/lib/libtracked_lane_msgs__rosidl_generator_c.so
[6.005s] -- Set runtime path of "/home/shovals/copy/switch_ws/Deliverables/colcon_workspace/install/tracked_lane_msgs/lib/libtracked_lane_msgs__rosidl_generator_c.so" to ""
[6.005s] -- Up-to-date: /home/shovals/copy/switch_ws/Deliverables/colcon_workspace/install/tracked_lane_msgs/include/tracked_lane_msgs
[6.005s] -- Up-to-date: /home/shovals/copy/switch_ws/Deliverables/colcon_workspace/install/tracked_lane_msgs/include/tracked_lane_msgs/msg
[6.005s] -- Installing: /home/shovals/copy/switch_ws/Deliverables/colcon_workspace/install/tracked_lane_msgs/include/tracked_lane_msgs/msg/rosidl_typesupport_fastrtps_c__visibility_control.h
[6.005s] -- Up-to-date: /home/shovals/copy/switch_ws/Deliverables/colcon_workspace/install/tracked_lane_msgs/include/tracked_lane_msgs/msg/detail
[6.005s] -- Installing: /home/shovals/copy/switch_ws/Deliverables/colcon_workspace/install/tracked_lane_msgs/include/tracked_lane_msgs/msg/detail/lane_results__rosidl_typesupport_fastrtps_c.h
[6.005s] -- Installing: /home/shovals/copy/switch_ws/Deliverables/colcon_workspace/install/tracked_lane_msgs/include/tracked_lane_msgs/msg/detail/point__rosidl_typesupport_fastrtps_c.h
[6.005s] -- Installing: /home/shovals/copy/switch_ws/Deliverables/colcon_workspace/install/tracked_lane_msgs/include/tracked_lane_msgs/msg/detail/lane__rosidl_typesupport_fastrtps_c.h
[6.005s] -- Installing: /home/shovals/copy/switch_ws/Deliverables/colcon_workspace/install/tracked_lane_msgs/include/tracked_lane_msgs/msg/detail/boundary__rosidl_typesupport_fastrtps_c.h
[6.006s] -- Installing: /home/shovals/copy/switch_ws/Deliverables/colcon_workspace/install/tracked_lane_msgs/lib/libtracked_lane_msgs__rosidl_typesupport_fastrtps_c.so
[6.006s] -- Set runtime path of "/home/shovals/copy/switch_ws/Deliverables/colcon_workspace/install/tracked_lane_msgs/lib/libtracked_lane_msgs__rosidl_typesupport_fastrtps_c.so" to ""
[6.006s] -- Up-to-date: /home/shovals/copy/switch_ws/Deliverables/colcon_workspace/install/tracked_lane_msgs/include/tracked_lane_msgs
[6.006s] -- Up-to-date: /home/shovals/copy/switch_ws/Deliverables/colcon_workspace/install/tracked_lane_msgs/include/tracked_lane_msgs/msg
[6.006s] -- Installing: /home/shovals/copy/switch_ws/Deliverables/colcon_workspace/install/tracked_lane_msgs/include/tracked_lane_msgs/msg/rosidl_typesupport_fastrtps_cpp__visibility_control.h
[6.006s] -- Up-to-date: /home/shovals/copy/switch_ws/Deliverables/colcon_workspace/install/tracked_lane_msgs/include/tracked_lane_msgs/msg/detail
[6.007s] -- Installing: /home/shovals/copy/switch_ws/Deliverables/colcon_workspace/install/tracked_lane_msgs/include/tracked_lane_msgs/msg/detail/boundary__rosidl_typesupport_fastrtps_cpp.hpp
[6.007s] -- Installing: /home/shovals/copy/switch_ws/Deliverables/colcon_workspace/install/tracked_lane_msgs/include/tracked_lane_msgs/msg/detail/lane__rosidl_typesupport_fastrtps_cpp.hpp
[6.007s] -- Installing: /home/shovals/copy/switch_ws/Deliverables/colcon_workspace/install/tracked_lane_msgs/include/tracked_lane_msgs/msg/detail/dds_fastrtps
[6.007s] -- Installing: /home/shovals/copy/switch_ws/Deliverables/colcon_workspace/install/tracked_lane_msgs/include/tracked_lane_msgs/msg/detail/point__rosidl_typesupport_fastrtps_cpp.hpp
[6.007s] -- Installing: /home/shovals/copy/switch_ws/Deliverables/colcon_workspace/install/tracked_lane_msgs/include/tracked_lane_msgs/msg/detail/lane_results__rosidl_typesupport_fastrtps_cpp.hpp
[6.007s] -- Installing: /home/shovals/copy/switch_ws/Deliverables/colcon_workspace/install/tracked_lane_msgs/lib/libtracked_lane_msgs__rosidl_typesupport_fastrtps_cpp.so
[6.007s] -- Set runtime path of "/home/shovals/copy/switch_ws/Deliverables/colcon_workspace/install/tracked_lane_msgs/lib/libtracked_lane_msgs__rosidl_typesupport_fastrtps_cpp.so" to ""
[6.007s] -- Up-to-date: /home/shovals/copy/switch_ws/Deliverables/colcon_workspace/install/tracked_lane_msgs/include/tracked_lane_msgs
[6.007s] -- Up-to-date: /home/shovals/copy/switch_ws/Deliverables/colcon_workspace/install/tracked_lane_msgs/include/tracked_lane_msgs/msg
[6.007s] -- Up-to-date: /home/shovals/copy/switch_ws/Deliverables/colcon_workspace/install/tracked_lane_msgs/include/tracked_lane_msgs/msg/detail
[6.007s] -- Installing: /home/shovals/copy/switch_ws/Deliverables/colcon_workspace/install/tracked_lane_msgs/include/tracked_lane_msgs/msg/detail/lane_results__type_support.c
[6.008s] -- Installing: /home/shovals/copy/switch_ws/Deliverables/colcon_workspace/install/tracked_lane_msgs/include/tracked_lane_msgs/msg/detail/lane__type_support.c
[6.008s] -- Installing: /home/shovals/copy/switch_ws/Deliverables/colcon_workspace/install/tracked_lane_msgs/include/tracked_lane_msgs/msg/detail/boundary__type_support.c
[6.008s] -- Installing: /home/shovals/copy/switch_ws/Deliverables/colcon_workspace/install/tracked_lane_msgs/include/tracked_lane_msgs/msg/detail/point__rosidl_typesupport_introspection_c.h
[6.008s] -- Installing: /home/shovals/copy/switch_ws/Deliverables/colcon_workspace/install/tracked_lane_msgs/include/tracked_lane_msgs/msg/detail/point__type_support.c
[6.008s] -- Installing: /home/shovals/copy/switch_ws/Deliverables/colcon_workspace/install/tracked_lane_msgs/include/tracked_lane_msgs/msg/detail/lane_results__rosidl_typesupport_introspection_c.h
[6.008s] -- Installing: /home/shovals/copy/switch_ws/Deliverables/colcon_workspace/install/tracked_lane_msgs/include/tracked_lane_msgs/msg/detail/lane__rosidl_typesupport_introspection_c.h
[6.008s] -- Installing: /home/shovals/copy/switch_ws/Deliverables/colcon_workspace/install/tracked_lane_msgs/include/tracked_lane_msgs/msg/detail/boundary__rosidl_typesupport_introspection_c.h
[6.008s] -- Installing: /home/shovals/copy/switch_ws/Deliverables/colcon_workspace/install/tracked_lane_msgs/include/tracked_lane_msgs/msg/rosidl_typesupport_introspection_c__visibility_control.h
[6.008s] -- Installing: /home/shovals/copy/switch_ws/Deliverables/colcon_workspace/install/tracked_lane_msgs/lib/libtracked_lane_msgs__rosidl_typesupport_introspection_c.so
[6.008s] -- Set runtime path of "/home/shovals/copy/switch_ws/Deliverables/colcon_workspace/install/tracked_lane_msgs/lib/libtracked_lane_msgs__rosidl_typesupport_introspection_c.so" to ""
[6.008s] -- Installing: /home/shovals/copy/switch_ws/Deliverables/colcon_workspace/install/tracked_lane_msgs/lib/libtracked_lane_msgs__rosidl_typesupport_c.so
[6.009s] -- Set runtime path of "/home/shovals/copy/switch_ws/Deliverables/colcon_workspace/install/tracked_lane_msgs/lib/libtracked_lane_msgs__rosidl_typesupport_c.so" to ""
[6.009s] -- Up-to-date: /home/shovals/copy/switch_ws/Deliverables/colcon_workspace/install/tracked_lane_msgs/include/tracked_lane_msgs
[6.009s] -- Up-to-date: /home/shovals/copy/switch_ws/Deliverables/colcon_workspace/install/tracked_lane_msgs/include/tracked_lane_msgs/msg
[6.009s] -- Installing: /home/shovals/copy/switch_ws/Deliverables/colcon_workspace/install/tracked_lane_msgs/include/tracked_lane_msgs/msg/lane.hpp
[6.009s] -- Installing: /home/shovals/copy/switch_ws/Deliverables/colcon_workspace/install/tracked_lane_msgs/include/tracked_lane_msgs/msg/boundary.hpp
[6.009s] -- Installing: /home/shovals/copy/switch_ws/Deliverables/colcon_workspace/install/tracked_lane_msgs/include/tracked_lane_msgs/msg/lane_results.hpp
[6.009s] -- Up-to-date: /home/shovals/copy/switch_ws/Deliverables/colcon_workspace/install/tracked_lane_msgs/include/tracked_lane_msgs/msg/detail
[6.009s] -- Installing: /home/shovals/copy/switch_ws/Deliverables/colcon_workspace/install/tracked_lane_msgs/include/tracked_lane_msgs/msg/detail/lane__traits.hpp
[6.009s] -- Installing: /home/shovals/copy/switch_ws/Deliverables/colcon_workspace/install/tracked_lane_msgs/include/tracked_lane_msgs/msg/detail/lane_results__traits.hpp
[6.009s] -- Installing: /home/shovals/copy/switch_ws/Deliverables/colcon_workspace/install/tracked_lane_msgs/include/tracked_lane_msgs/msg/detail/point__struct.hpp
[6.010s] -- Installing: /home/shovals/copy/switch_ws/Deliverables/colcon_workspace/install/tracked_lane_msgs/include/tracked_lane_msgs/msg/detail/lane_results__builder.hpp
[6.010s] -- Installing: /home/shovals/copy/switch_ws/Deliverables/colcon_workspace/install/tracked_lane_msgs/include/tracked_lane_msgs/msg/detail/lane__struct.hpp
[6.010s] -- Installing: /home/shovals/copy/switch_ws/Deliverables/colcon_workspace/install/tracked_lane_msgs/include/tracked_lane_msgs/msg/detail/point__traits.hpp
[6.010s] -- Installing: /home/shovals/copy/switch_ws/Deliverables/colcon_workspace/install/tracked_lane_msgs/include/tracked_lane_msgs/msg/detail/boundary__builder.hpp
[6.010s] -- Installing: /home/shovals/copy/switch_ws/Deliverables/colcon_workspace/install/tracked_lane_msgs/include/tracked_lane_msgs/msg/detail/boundary__traits.hpp
[6.010s] -- Installing: /home/shovals/copy/switch_ws/Deliverables/colcon_workspace/install/tracked_lane_msgs/include/tracked_lane_msgs/msg/detail/boundary__struct.hpp
[6.010s] -- Installing: /home/shovals/copy/switch_ws/Deliverables/colcon_workspace/install/tracked_lane_msgs/include/tracked_lane_msgs/msg/detail/lane__builder.hpp
[6.010s] -- Installing: /home/shovals/copy/switch_ws/Deliverables/colcon_workspace/install/tracked_lane_msgs/include/tracked_lane_msgs/msg/detail/point__builder.hpp
[6.010s] -- Installing: /home/shovals/copy/switch_ws/Deliverables/colcon_workspace/install/tracked_lane_msgs/include/tracked_lane_msgs/msg/detail/lane_results__struct.hpp
[6.010s] -- Installing: /home/shovals/copy/switch_ws/Deliverables/colcon_workspace/install/tracked_lane_msgs/include/tracked_lane_msgs/msg/point.hpp
[6.010s] -- Up-to-date: /home/shovals/copy/switch_ws/Deliverables/colcon_workspace/install/tracked_lane_msgs/include/tracked_lane_msgs
[6.010s] -- Up-to-date: /home/shovals/copy/switch_ws/Deliverables/colcon_workspace/install/tracked_lane_msgs/include/tracked_lane_msgs/msg
[6.011s] -- Up-to-date: /home/shovals/copy/switch_ws/Deliverables/colcon_workspace/install/tracked_lane_msgs/include/tracked_lane_msgs/msg/detail
[6.011s] -- Installing: /home/shovals/copy/switch_ws/Deliverables/colcon_workspace/install/tracked_lane_msgs/include/tracked_lane_msgs/msg/detail/point__rosidl_typesupport_introspection_cpp.hpp
[6.011s] -- Installing: /home/shovals/copy/switch_ws/Deliverables/colcon_workspace/install/tracked_lane_msgs/include/tracked_lane_msgs/msg/detail/lane__rosidl_typesupport_introspection_cpp.hpp
[6.011s] -- Installing: /home/shovals/copy/switch_ws/Deliverables/colcon_workspace/install/tracked_lane_msgs/include/tracked_lane_msgs/msg/detail/lane__type_support.cpp
[6.011s] -- Installing: /home/shovals/copy/switch_ws/Deliverables/colcon_workspace/install/tracked_lane_msgs/include/tracked_lane_msgs/msg/detail/point__type_support.cpp
[6.011s] -- Installing: /home/shovals/copy/switch_ws/Deliverables/colcon_workspace/install/tracked_lane_msgs/include/tracked_lane_msgs/msg/detail/boundary__rosidl_typesupport_introspection_cpp.hpp
[6.011s] -- Installing: /home/shovals/copy/switch_ws/Deliverables/colcon_workspace/install/tracked_lane_msgs/include/tracked_lane_msgs/msg/detail/boundary__type_support.cpp
[6.011s] -- Installing: /home/shovals/copy/switch_ws/Deliverables/colcon_workspace/install/tracked_lane_msgs/include/tracked_lane_msgs/msg/detail/lane_results__rosidl_typesupport_introspection_cpp.hpp
[6.011s] -- Installing: /home/shovals/copy/switch_ws/Deliverables/colcon_workspace/install/tracked_lane_msgs/include/tracked_lane_msgs/msg/detail/lane_results__type_support.cpp
[6.011s] -- Installing: /home/shovals/copy/switch_ws/Deliverables/colcon_workspace/install/tracked_lane_msgs/lib/libtracked_lane_msgs__rosidl_typesupport_introspection_cpp.so
[6.011s] -- Set runtime path of "/home/shovals/copy/switch_ws/Deliverables/colcon_workspace/install/tracked_lane_msgs/lib/libtracked_lane_msgs__rosidl_typesupport_introspection_cpp.so" to ""
[6.012s] -- Installing: /home/shovals/copy/switch_ws/Deliverables/colcon_workspace/install/tracked_lane_msgs/lib/libtracked_lane_msgs__rosidl_typesupport_cpp.so
[6.012s] -- Set runtime path of "/home/shovals/copy/switch_ws/Deliverables/colcon_workspace/install/tracked_lane_msgs/lib/libtracked_lane_msgs__rosidl_typesupport_cpp.so" to ""
[6.012s] -- Installing: /home/shovals/copy/switch_ws/Deliverables/colcon_workspace/install/tracked_lane_msgs/share/tracked_lane_msgs/environment/pythonpath.sh
[6.012s] -- Installing: /home/shovals/copy/switch_ws/Deliverables/colcon_workspace/install/tracked_lane_msgs/share/tracked_lane_msgs/environment/pythonpath.dsv
[6.012s] -- Installing: /home/shovals/copy/switch_ws/Deliverables/colcon_workspace/install/tracked_lane_msgs/lib/python3.8/site-packages/tracked_lane_msgs/__init__.py
[6.039s] Compiling '/home/shovals/copy/switch_ws/Deliverables/colcon_workspace/install/tracked_lane_msgs/lib/python3.8/site-packages/tracked_lane_msgs/__init__.py'...
[6.043s] -- Installing: /home/shovals/copy/switch_ws/Deliverables/colcon_workspace/install/tracked_lane_msgs/lib/python3.8/site-packages/tracked_lane_msgs/msg
[6.043s] -- Installing: /home/shovals/copy/switch_ws/Deliverables/colcon_workspace/install/tracked_lane_msgs/lib/python3.8/site-packages/tracked_lane_msgs/msg/_lane_results_s.c
[6.044s] -- Installing: /home/shovals/copy/switch_ws/Deliverables/colcon_workspace/install/tracked_lane_msgs/lib/python3.8/site-packages/tracked_lane_msgs/msg/__init__.py
[6.044s] -- Installing: /home/shovals/copy/switch_ws/Deliverables/colcon_workspace/install/tracked_lane_msgs/lib/python3.8/site-packages/tracked_lane_msgs/msg/_lane.py
[6.044s] -- Installing: /home/shovals/copy/switch_ws/Deliverables/colcon_workspace/install/tracked_lane_msgs/lib/python3.8/site-packages/tracked_lane_msgs/msg/_lane_s.c
[6.044s] -- Installing: /home/shovals/copy/switch_ws/Deliverables/colcon_workspace/install/tracked_lane_msgs/lib/python3.8/site-packages/tracked_lane_msgs/msg/_point.py
[6.044s] -- Installing: /home/shovals/copy/switch_ws/Deliverables/colcon_workspace/install/tracked_lane_msgs/lib/python3.8/site-packages/tracked_lane_msgs/msg/_boundary_s.c
[6.044s] -- Installing: /home/shovals/copy/switch_ws/Deliverables/colcon_workspace/install/tracked_lane_msgs/lib/python3.8/site-packages/tracked_lane_msgs/msg/_lane_results.py
[6.044s] -- Installing: /home/shovals/copy/switch_ws/Deliverables/colcon_workspace/install/tracked_lane_msgs/lib/python3.8/site-packages/tracked_lane_msgs/msg/_point_s.c
[6.044s] -- Installing: /home/shovals/copy/switch_ws/Deliverables/colcon_workspace/install/tracked_lane_msgs/lib/python3.8/site-packages/tracked_lane_msgs/msg/_boundary.py
[6.044s] -- Installing: /home/shovals/copy/switch_ws/Deliverables/colcon_workspace/install/tracked_lane_msgs/lib/python3.8/site-packages/tracked_lane_msgs/tracked_lane_msgs_s__rosidl_typesupport_fastrtps_c.cpython-38-x86_64-linux-gnu.so
[6.045s] -- Set runtime path of "/home/shovals/copy/switch_ws/Deliverables/colcon_workspace/install/tracked_lane_msgs/lib/python3.8/site-packages/tracked_lane_msgs/tracked_lane_msgs_s__rosidl_typesupport_fastrtps_c.cpython-38-x86_64-linux-gnu.so" to ""
[6.045s] -- Installing: /home/shovals/copy/switch_ws/Deliverables/colcon_workspace/install/tracked_lane_msgs/lib/python3.8/site-packages/tracked_lane_msgs/tracked_lane_msgs_s__rosidl_typesupport_introspection_c.cpython-38-x86_64-linux-gnu.so
[6.046s] -- Set runtime path of "/home/shovals/copy/switch_ws/Deliverables/colcon_workspace/install/tracked_lane_msgs/lib/python3.8/site-packages/tracked_lane_msgs/tracked_lane_msgs_s__rosidl_typesupport_introspection_c.cpython-38-x86_64-linux-gnu.so" to ""
[6.046s] -- Installing: /home/shovals/copy/switch_ws/Deliverables/colcon_workspace/install/tracked_lane_msgs/lib/python3.8/site-packages/tracked_lane_msgs/tracked_lane_msgs_s__rosidl_typesupport_c.cpython-38-x86_64-linux-gnu.so
[6.046s] -- Set runtime path of "/home/shovals/copy/switch_ws/Deliverables/colcon_workspace/install/tracked_lane_msgs/lib/python3.8/site-packages/tracked_lane_msgs/tracked_lane_msgs_s__rosidl_typesupport_c.cpython-38-x86_64-linux-gnu.so" to ""
[6.046s] -- Installing: /home/shovals/copy/switch_ws/Deliverables/colcon_workspace/install/tracked_lane_msgs/lib/libtracked_lane_msgs__python.so
[6.047s] -- Set runtime path of "/home/shovals/copy/switch_ws/Deliverables/colcon_workspace/install/tracked_lane_msgs/lib/libtracked_lane_msgs__python.so" to ""
[6.047s] -- Installing: /home/shovals/copy/switch_ws/Deliverables/colcon_workspace/install/tracked_lane_msgs/share/tracked_lane_msgs/msg/LaneResults.idl
[6.047s] -- Installing: /home/shovals/copy/switch_ws/Deliverables/colcon_workspace/install/tracked_lane_msgs/share/tracked_lane_msgs/msg/Lane.idl
[6.047s] -- Installing: /home/shovals/copy/switch_ws/Deliverables/colcon_workspace/install/tracked_lane_msgs/share/tracked_lane_msgs/msg/Boundary.idl
[6.047s] -- Installing: /home/shovals/copy/switch_ws/Deliverables/colcon_workspace/install/tracked_lane_msgs/share/tracked_lane_msgs/msg/Point.idl
[6.047s] -- Installing: /home/shovals/copy/switch_ws/Deliverables/colcon_workspace/install/tracked_lane_msgs/share/tracked_lane_msgs/msg/LaneResults.msg
[6.047s] -- Installing: /home/shovals/copy/switch_ws/Deliverables/colcon_workspace/install/tracked_lane_msgs/share/tracked_lane_msgs/msg/Lane.msg
[6.047s] -- Installing: /home/shovals/copy/switch_ws/Deliverables/colcon_workspace/install/tracked_lane_msgs/share/tracked_lane_msgs/msg/Boundary.msg
[6.047s] -- Installing: /home/shovals/copy/switch_ws/Deliverables/colcon_workspace/install/tracked_lane_msgs/share/tracked_lane_msgs/msg/Point.msg
[6.048s] -- Installing: /home/shovals/copy/switch_ws/Deliverables/colcon_workspace/install/tracked_lane_msgs/share/ament_index/resource_index/package_run_dependencies/tracked_lane_msgs
[6.048s] -- Installing: /home/shovals/copy/switch_ws/Deliverables/colcon_workspace/install/tracked_lane_msgs/share/ament_index/resource_index/parent_prefix_path/tracked_lane_msgs
[6.048s] -- Installing: /home/shovals/copy/switch_ws/Deliverables/colcon_workspace/install/tracked_lane_msgs/share/tracked_lane_msgs/environment/ament_prefix_path.sh
[6.048s] -- Installing: /home/shovals/copy/switch_ws/Deliverables/colcon_workspace/install/tracked_lane_msgs/share/tracked_lane_msgs/environment/ament_prefix_path.dsv
[6.048s] -- Installing: /home/shovals/copy/switch_ws/Deliverables/colcon_workspace/install/tracked_lane_msgs/share/tracked_lane_msgs/environment/path.sh
[6.048s] -- Installing: /home/shovals/copy/switch_ws/Deliverables/colcon_workspace/install/tracked_lane_msgs/share/tracked_lane_msgs/environment/path.dsv
[6.048s] -- Installing: /home/shovals/copy/switch_ws/Deliverables/colcon_workspace/install/tracked_lane_msgs/share/tracked_lane_msgs/local_setup.bash
[6.048s] -- Installing: /home/shovals/copy/switch_ws/Deliverables/colcon_workspace/install/tracked_lane_msgs/share/tracked_lane_msgs/local_setup.sh
[6.048s] -- Installing: /home/shovals/copy/switch_ws/Deliverables/colcon_workspace/install/tracked_lane_msgs/share/tracked_lane_msgs/local_setup.zsh
[6.049s] -- Installing: /home/shovals/copy/switch_ws/Deliverables/colcon_workspace/install/tracked_lane_msgs/share/tracked_lane_msgs/local_setup.dsv
[6.049s] -- Installing: /home/shovals/copy/switch_ws/Deliverables/colcon_workspace/install/tracked_lane_msgs/share/tracked_lane_msgs/package.dsv
[6.049s] -- Installing: /home/shovals/copy/switch_ws/Deliverables/colcon_workspace/install/tracked_lane_msgs/share/ament_index/resource_index/packages/tracked_lane_msgs
[6.049s] -- Installing: /home/shovals/copy/switch_ws/Deliverables/colcon_workspace/install/tracked_lane_msgs/share/tracked_lane_msgs/cmake/tracked_lane_msgs__rosidl_generator_cExport.cmake
[6.049s] -- Installing: /home/shovals/copy/switch_ws/Deliverables/colcon_workspace/install/tracked_lane_msgs/share/tracked_lane_msgs/cmake/tracked_lane_msgs__rosidl_generator_cExport-noconfig.cmake
[6.049s] -- Installing: /home/shovals/copy/switch_ws/Deliverables/colcon_workspace/install/tracked_lane_msgs/share/tracked_lane_msgs/cmake/tracked_lane_msgs__rosidl_typesupport_introspection_cExport.cmake
[6.049s] -- Installing: /home/shovals/copy/switch_ws/Deliverables/colcon_workspace/install/tracked_lane_msgs/share/tracked_lane_msgs/cmake/tracked_lane_msgs__rosidl_typesupport_introspection_cExport-noconfig.cmake
[6.049s] -- Installing: /home/shovals/copy/switch_ws/Deliverables/colcon_workspace/install/tracked_lane_msgs/share/tracked_lane_msgs/cmake/tracked_lane_msgs__rosidl_typesupport_cExport.cmake
[6.050s] -- Installing: /home/shovals/copy/switch_ws/Deliverables/colcon_workspace/install/tracked_lane_msgs/share/tracked_lane_msgs/cmake/tracked_lane_msgs__rosidl_typesupport_cExport-noconfig.cmake
[6.050s] -- Installing: /home/shovals/copy/switch_ws/Deliverables/colcon_workspace/install/tracked_lane_msgs/share/tracked_lane_msgs/cmake/tracked_lane_msgs__rosidl_generator_cppExport.cmake
[6.050s] -- Installing: /home/shovals/copy/switch_ws/Deliverables/colcon_workspace/install/tracked_lane_msgs/share/tracked_lane_msgs/cmake/tracked_lane_msgs__rosidl_typesupport_introspection_cppExport.cmake
[6.050s] -- Installing: /home/shovals/copy/switch_ws/Deliverables/colcon_workspace/install/tracked_lane_msgs/share/tracked_lane_msgs/cmake/tracked_lane_msgs__rosidl_typesupport_introspection_cppExport-noconfig.cmake
[6.050s] -- Installing: /home/shovals/copy/switch_ws/Deliverables/colcon_workspace/install/tracked_lane_msgs/share/tracked_lane_msgs/cmake/tracked_lane_msgs__rosidl_typesupport_cppExport.cmake
[6.050s] -- Installing: /home/shovals/copy/switch_ws/Deliverables/colcon_workspace/install/tracked_lane_msgs/share/tracked_lane_msgs/cmake/tracked_lane_msgs__rosidl_typesupport_cppExport-noconfig.cmake
[6.050s] -- Installing: /home/shovals/copy/switch_ws/Deliverables/colcon_workspace/install/tracked_lane_msgs/share/tracked_lane_msgs/cmake/rosidl_cmake-extras.cmake
[6.050s] -- Installing: /home/shovals/copy/switch_ws/Deliverables/colcon_workspace/install/tracked_lane_msgs/share/tracked_lane_msgs/cmake/ament_cmake_export_dependencies-extras.cmake
[6.050s] -- Installing: /home/shovals/copy/switch_ws/Deliverables/colcon_workspace/install/tracked_lane_msgs/share/tracked_lane_msgs/cmake/ament_cmake_export_libraries-extras.cmake
[6.051s] -- Installing: /home/shovals/copy/switch_ws/Deliverables/colcon_workspace/install/tracked_lane_msgs/share/tracked_lane_msgs/cmake/ament_cmake_export_targets-extras.cmake
[6.051s] -- Installing: /home/shovals/copy/switch_ws/Deliverables/colcon_workspace/install/tracked_lane_msgs/share/tracked_lane_msgs/cmake/ament_cmake_export_include_directories-extras.cmake
[6.051s] -- Installing: /home/shovals/copy/switch_ws/Deliverables/colcon_workspace/install/tracked_lane_msgs/share/tracked_lane_msgs/cmake/rosidl_cmake_export_typesupport_libraries-extras.cmake
[6.051s] -- Installing: /home/shovals/copy/switch_ws/Deliverables/colcon_workspace/install/tracked_lane_msgs/share/tracked_lane_msgs/cmake/rosidl_cmake_export_typesupport_targets-extras.cmake
[6.051s] -- Installing: /home/shovals/copy/switch_ws/Deliverables/colcon_workspace/install/tracked_lane_msgs/share/tracked_lane_msgs/cmake/tracked_lane_msgsConfig.cmake
[6.051s] -- Installing: /home/shovals/copy/switch_ws/Deliverables/colcon_workspace/install/tracked_lane_msgs/share/tracked_lane_msgs/cmake/tracked_lane_msgsConfig-version.cmake
[6.051s] -- Installing: /home/shovals/copy/switch_ws/Deliverables/colcon_workspace/install/tracked_lane_msgs/share/tracked_lane_msgs/package.xml
[6.054s] Invoked command in '/home/shovals/copy/switch_ws/Deliverables/colcon_workspace/build/tracked_lane_msgs' returned '0': CMAKE_PREFIX_PATH=${CMAKE_PREFIX_PATH}:/home/shovals/copy/py_pkg/install/py_pkg:/home/shovals/copy/ROS2Sample/install/python_publisher:/opt/ros/foxy /usr/bin/cmake --install /home/shovals/copy/switch_ws/Deliverables/colcon_workspace/build/tracked_lane_msgs
