[0.015s] Invoking command in '/home/kcg/AlonBarak-Joy/ros2_ws/build/ros_g29_force_feedback': CMAKE_PREFIX_PATH=/opt/ros/foxy /usr/bin/cmake /home/kcg/AlonBarak-Joy/ros2_ws/src/ros-g29-force-feedback -DCMAKE_INSTALL_PREFIX=/home/kcg/AlonBarak-Joy/ros2_ws/install/ros_g29_force_feedback
[0.096s] -- The C compiler identification is GNU 9.4.0
[0.162s] -- The CXX compiler identification is GNU 9.4.0
[0.174s] -- Check for working C compiler: /usr/bin/cc
[0.223s] -- Check for working C compiler: /usr/bin/cc -- works
[0.225s] -- Detecting C compiler ABI info
[0.281s] -- Detecting C compiler ABI info - done
[0.289s] -- Detecting C compile features
[0.290s] -- Detecting C compile features - done
[0.293s] -- Check for working CXX compiler: /usr/bin/c++
[0.342s] -- Check for working CXX compiler: /usr/bin/c++ -- works
[0.342s] -- Detecting CXX compiler ABI info
[0.408s] -- Detecting CXX compiler ABI info - done
[0.423s] -- Detecting CXX compile features
[0.424s] -- Detecting CXX compile features - done
[0.427s] -- Found ament_cmake: 0.9.9 (/opt/ros/foxy/share/ament_cmake/cmake)
[0.448s] -- Found PythonInterp: /usr/bin/python3 (found suitable version "3.8.10", minimum required is "3") 
[0.448s] -- Using PYTHON_EXECUTABLE: /usr/bin/python3
[0.595s] -- Found rclcpp: 2.4.1 (/opt/ros/foxy/share/rclcpp/cmake)
[0.622s] -- Using all available rosidl_typesupport_c: rosidl_typesupport_fastrtps_c;rosidl_typesupport_introspection_c
[0.626s] -- Found rosidl_adapter: 1.2.1 (/opt/ros/foxy/share/rosidl_adapter/cmake)
[0.681s] -- Found OpenSSL: /usr/lib/x86_64-linux-gnu/libcrypto.so (found version "1.1.1f")  
[0.698s] -- Found FastRTPS: /opt/ros/foxy/include  
[0.744s] -- Using all available rosidl_typesupport_cpp: rosidl_typesupport_fastrtps_cpp;rosidl_typesupport_introspection_cpp
[0.778s] -- Found rmw_implementation_cmake: 1.0.3 (/opt/ros/foxy/share/rmw_implementation_cmake/cmake)
[0.779s] -- Using RMW implementation 'rmw_fastrtps_cpp' as default
[0.782s] -- Looking for pthread.h
[0.830s] -- Looking for pthread.h - found
[0.830s] -- Performing Test CMAKE_HAVE_LIBC_PTHREAD
[0.873s] -- Performing Test CMAKE_HAVE_LIBC_PTHREAD - Failed
[0.873s] -- Looking for pthread_create in pthreads
[0.916s] -- Looking for pthread_create in pthreads - not found
[0.917s] -- Looking for pthread_create in pthread
[1.040s] -- Looking for pthread_create in pthread - found
[1.042s] -- Found Threads: TRUE  
[1.180s] -- Found rosidl_default_generators: 1.0.1 (/opt/ros/foxy/share/rosidl_default_generators/cmake)
[1.200s] -- Found PythonInterp: /usr/bin/python3 (found version "3.8.10") 
[1.291s] -- Found ament_cmake_ros: 0.9.2 (/opt/ros/foxy/share/ament_cmake_ros/cmake)
[1.397s] -- Using all available rosidl_typesupport_c: rosidl_typesupport_fastrtps_c;rosidl_typesupport_introspection_c
[1.438s] -- Using all available rosidl_typesupport_cpp: rosidl_typesupport_fastrtps_cpp;rosidl_typesupport_introspection_cpp
[1.452s] -- Found PythonInterp: /usr/bin/python3 (found suitable version "3.8.10", minimum required is "3.5") 
[1.453s] -- Found python_cmake_module: 0.8.1 (/opt/ros/foxy/share/python_cmake_module/cmake)
[1.476s] -- Found PythonLibs: /usr/lib/x86_64-linux-gnu/libpython3.8.so (found suitable version "3.8.10", minimum required is "3.5") 
[1.476s] -- Using PYTHON_EXECUTABLE: /usr/bin/python3
[1.477s] -- Using PYTHON_INCLUDE_DIRS: /usr/include/python3.8
[1.477s] -- Using PYTHON_LIBRARIES: /usr/lib/x86_64-linux-gnu/libpython3.8.so
[1.489s] -- Found PythonExtra: .so  
[1.529s] -- Found ament_lint_auto: 0.9.6 (/opt/ros/foxy/share/ament_lint_auto/cmake)
[1.543s] -- Added test 'copyright' to check source files copyright and LICENSE
[1.545s] -- Added test 'cppcheck' to perform static code analysis on C / C++ code
[1.546s] -- Configured cppcheck include dirs: 
[1.546s] -- Configured cppcheck exclude dirs and/or files: 
[1.547s] -- Added test 'cpplint' to check C / C++ code against the Google style
[1.547s] -- Configured cpplint exclude dirs and/or files: 
[1.547s] -- Added test 'flake8' to check Python code syntax and style conventions
[1.548s] -- Added test 'lint_cmake' to check CMake code style
[1.551s] -- Added test 'pep257' to check Python code against some of the style conventions in PEP 257
[1.552s] -- Added test 'uncrustify' to check C / C++ code style
[1.552s] -- Configured uncrustify additional arguments: 
[1.553s] -- Added test 'xmllint' to check XML markup files
[1.556s] -- Configuring done
[1.601s] -- Generating done
[1.602s] -- Build files have been written to: /home/kcg/AlonBarak-Joy/ros2_ws/build/ros_g29_force_feedback
[1.608s] Invoked command in '/home/kcg/AlonBarak-Joy/ros2_ws/build/ros_g29_force_feedback' returned '0': CMAKE_PREFIX_PATH=/opt/ros/foxy /usr/bin/cmake /home/kcg/AlonBarak-Joy/ros2_ws/src/ros-g29-force-feedback -DCMAKE_INSTALL_PREFIX=/home/kcg/AlonBarak-Joy/ros2_ws/install/ros_g29_force_feedback
[1.610s] Invoking command in '/home/kcg/AlonBarak-Joy/ros2_ws/build/ros_g29_force_feedback': CMAKE_PREFIX_PATH=/opt/ros/foxy /usr/bin/cmake --build /home/kcg/AlonBarak-Joy/ros2_ws/build/ros_g29_force_feedback -- -j20 -l20
[1.633s] [35m[1mScanning dependencies of target ros_g29_force_feedback__cpp[0m
[1.634s] [  3%] [34m[1mGenerating C code for ROS interfaces[0m
[1.639s] [  6%] [34m[1mGenerating C++ code for ROS interfaces[0m
[1.768s] [35m[1mScanning dependencies of target ros_g29_force_feedback__rosidl_generator_c[0m
[1.773s] [  6%] Built target ros_g29_force_feedback__cpp
[1.775s] [  9%] [32mBuilding C object CMakeFiles/ros_g29_force_feedback__rosidl_generator_c.dir/rosidl_generator_c/ros_g29_force_feedback/msg/detail/force_feedback__functions.c.o[0m
[1.780s] [ 15%] [34m[1mGenerating C++ type support for eProsima Fast-RTPS[0m
[1.780s] [ 15%] [34m[1mGenerating C++ type support dispatch for ROS interfaces[0m
[1.780s] [ 18%] [34m[1mGenerating C++ introspection for ROS interfaces[0m
[1.800s] [ 21%] [32m[1mLinking C shared library libros_g29_force_feedback__rosidl_generator_c.so[0m
[1.822s] [ 21%] Built target ros_g29_force_feedback__rosidl_generator_c
[1.828s] [ 27%] [34m[1mGenerating C type support dispatch for ROS interfaces[0m
[1.828s] [ 27%] [34m[1mGenerating C introspection for ROS interfaces[0m
[1.903s] [35m[1mScanning dependencies of target ros_g29_force_feedback__rosidl_typesupport_cpp[0m
[1.910s] [ 30%] [32mBuilding CXX object CMakeFiles/ros_g29_force_feedback__rosidl_typesupport_cpp.dir/rosidl_typesupport_cpp/ros_g29_force_feedback/msg/force_feedback__type_support.cpp.o[0m
[1.914s] [35m[1mScanning dependencies of target ros_g29_force_feedback__rosidl_typesupport_introspection_cpp[0m
[1.918s] [35m[1mScanning dependencies of target ros_g29_force_feedback__rosidl_typesupport_fastrtps_cpp[0m
[1.922s] [ 33%] [32mBuilding CXX object CMakeFiles/ros_g29_force_feedback__rosidl_typesupport_introspection_cpp.dir/rosidl_typesupport_introspection_cpp/ros_g29_force_feedback/msg/detail/force_feedback__type_support.cpp.o[0m
[1.926s] [ 36%] [32mBuilding CXX object CMakeFiles/ros_g29_force_feedback__rosidl_typesupport_fastrtps_cpp.dir/rosidl_typesupport_fastrtps_cpp/ros_g29_force_feedback/msg/detail/dds_fastrtps/force_feedback__type_support.cpp.o[0m
[1.953s] [35m[1mScanning dependencies of target ros_g29_force_feedback__rosidl_typesupport_c[0m
[1.960s] [ 39%] [32mBuilding CXX object CMakeFiles/ros_g29_force_feedback__rosidl_typesupport_c.dir/rosidl_typesupport_c/ros_g29_force_feedback/msg/force_feedback__type_support.cpp.o[0m
[1.964s] [35m[1mScanning dependencies of target ros_g29_force_feedback__rosidl_typesupport_introspection_c[0m
[1.972s] [ 42%] [32mBuilding C object CMakeFiles/ros_g29_force_feedback__rosidl_typesupport_introspection_c.dir/rosidl_typesupport_introspection_c/ros_g29_force_feedback/msg/detail/force_feedback__type_support.c.o[0m
[1.979s] [ 45%] [32m[1mLinking CXX shared library libros_g29_force_feedback__rosidl_typesupport_c.so[0m
[1.993s] [ 48%] [32m[1mLinking C shared library libros_g29_force_feedback__rosidl_typesupport_introspection_c.so[0m
[2.004s] [ 48%] Built target ros_g29_force_feedback__rosidl_typesupport_c
[2.012s] [ 48%] Built target ros_g29_force_feedback__rosidl_typesupport_introspection_c
[2.095s] [ 51%] [32m[1mLinking CXX shared library libros_g29_force_feedback__rosidl_typesupport_cpp.so[0m
[2.106s] [ 54%] [32m[1mLinking CXX shared library libros_g29_force_feedback__rosidl_typesupport_introspection_cpp.so[0m
[2.120s] [ 54%] Built target ros_g29_force_feedback__rosidl_typesupport_cpp
[2.143s] [ 54%] Built target ros_g29_force_feedback__rosidl_typesupport_introspection_cpp
[2.200s] [ 57%] [32m[1mLinking CXX shared library libros_g29_force_feedback__rosidl_typesupport_fastrtps_cpp.so[0m
[2.249s] [ 57%] Built target ros_g29_force_feedback__rosidl_typesupport_fastrtps_cpp
[2.255s] [ 60%] [34m[1mGenerating C type support for eProsima Fast-RTPS[0m
[2.382s] [35m[1mScanning dependencies of target ros_g29_force_feedback__rosidl_typesupport_fastrtps_c[0m
[2.390s] [ 63%] [32mBuilding CXX object CMakeFiles/ros_g29_force_feedback__rosidl_typesupport_fastrtps_c.dir/rosidl_typesupport_fastrtps_c/ros_g29_force_feedback/msg/detail/force_feedback__type_support_c.cpp.o[0m
[2.608s] [ 66%] [32m[1mLinking CXX shared library libros_g29_force_feedback__rosidl_typesupport_fastrtps_c.so[0m
[2.656s] [ 66%] Built target ros_g29_force_feedback__rosidl_typesupport_fastrtps_c
[2.662s] [35m[1mScanning dependencies of target ros_g29_force_feedback[0m
[2.667s] [ 66%] Built target ros_g29_force_feedback
[2.673s] [35m[1mScanning dependencies of target g29_force_feedback[0m
[2.673s] [35m[1mScanning dependencies of target ros_g29_force_feedback__py[0m
[2.678s] [ 69%] [34m[1mGenerating Python code for ROS interfaces[0m
[2.692s] [ 72%] [32mBuilding CXX object CMakeFiles/g29_force_feedback.dir/src/g29_force_feedback.cpp.o[0m
[2.896s] [ 72%] Built target ros_g29_force_feedback__py
[2.901s] [35m[1mScanning dependencies of target ros_g29_force_feedback__python[0m
[2.978s] [ 75%] [32mBuilding C object CMakeFiles/ros_g29_force_feedback__python.dir/rosidl_generator_py/ros_g29_force_feedback/msg/_force_feedback_s.c.o[0m
[3.047s] [ 78%] [32m[1mLinking C shared library rosidl_generator_py/ros_g29_force_feedback/libros_g29_force_feedback__python.so[0m
[3.072s] [ 78%] Built target ros_g29_force_feedback__python
[3.078s] [35m[1mScanning dependencies of target ros_g29_force_feedback__rosidl_typesupport_introspection_c__pyext[0m
[3.078s] [35m[1mScanning dependencies of target ros_g29_force_feedback__rosidl_typesupport_c__pyext[0m
[3.078s] [35m[1mScanning dependencies of target ros_g29_force_feedback__rosidl_typesupport_fastrtps_c__pyext[0m
[3.090s] [ 87%] [32mBuilding C object CMakeFiles/ros_g29_force_feedback__rosidl_typesupport_c__pyext.dir/rosidl_generator_py/ros_g29_force_feedback/_ros_g29_force_feedback_s.ep.rosidl_typesupport_c.c.o[0m
[3.090s] [ 87%] [32mBuilding C object CMakeFiles/ros_g29_force_feedback__rosidl_typesupport_fastrtps_c__pyext.dir/rosidl_generator_py/ros_g29_force_feedback/_ros_g29_force_feedback_s.ep.rosidl_typesupport_fastrtps_c.c.o[0m
[3.090s] [ 87%] [32mBuilding C object CMakeFiles/ros_g29_force_feedback__rosidl_typesupport_introspection_c__pyext.dir/rosidl_generator_py/ros_g29_force_feedback/_ros_g29_force_feedback_s.ep.rosidl_typesupport_introspection_c.c.o[0m
[3.139s] [ 96%] [32m[1mLinking C shared library rosidl_generator_py/ros_g29_force_feedback/ros_g29_force_feedback_s__rosidl_typesupport_c.cpython-38-x86_64-linux-gnu.so[0m
[3.139s] [ 96%] [32m[1mLinking CXX shared library rosidl_generator_py/ros_g29_force_feedback/ros_g29_force_feedback_s__rosidl_typesupport_fastrtps_c.cpython-38-x86_64-linux-gnu.so[0m
[3.139s] [ 96%] [32m[1mLinking C shared library rosidl_generator_py/ros_g29_force_feedback/ros_g29_force_feedback_s__rosidl_typesupport_introspection_c.cpython-38-x86_64-linux-gnu.so[0m
[3.162s] [ 96%] Built target ros_g29_force_feedback__rosidl_typesupport_c__pyext
[3.162s] [ 96%] Built target ros_g29_force_feedback__rosidl_typesupport_introspection_c__pyext
[3.180s] [ 96%] Built target ros_g29_force_feedback__rosidl_typesupport_fastrtps_c__pyext
[3.535s] [01m[K/home/kcg/AlonBarak-Joy/ros2_ws/src/ros-g29-force-feedback/src/g29_force_feedback.cpp:[m[K In member function ‘[01m[Kvoid G29ForceFeedback::loop()[m[K’:
[3.535s] [01m[K/home/kcg/AlonBarak-Joy/ros2_ws/src/ros-g29-force-feedback/src/g29_force_feedback.cpp:113:12:[m[K [01;35m[Kwarning: [m[Kunused variable ‘[01m[Klast_position[m[K’ [[01;35m[K-Wunused-variable[m[K]
[3.535s]   113 |     double [01;35m[Klast_position[m[K = m_position;
[3.535s]       |            [01;35m[K^~~~~~~~~~~~~[m[K
[3.536s] [01m[K/home/kcg/AlonBarak-Joy/ros2_ws/src/ros-g29-force-feedback/src/g29_force_feedback.cpp:[m[K In member function ‘[01m[Kvoid G29ForceFeedback::uploadForce(const double&, const double&, const double&)[m[K’:
[3.536s] [01m[K/home/kcg/AlonBarak-Joy/ros2_ws/src/ros-g29-force-feedback/src/g29_force_feedback.cpp:178:50:[m[K [01;35m[Kwarning: [m[Kunused parameter ‘[01m[Kposition[m[K’ [[01;35m[K-Wunused-parameter[m[K]
[3.536s]   178 | void G29ForceFeedback::uploadForce([01;35m[Kconst double &position[m[K,
[3.536s]       |                                    [01;35m[K~~~~~~~~~~~~~~^~~~~~~~[m[K
[3.539s] [01m[K/home/kcg/AlonBarak-Joy/ros2_ws/src/ros-g29-force-feedback/src/g29_force_feedback.cpp:[m[K In member function ‘[01m[Kvoid G29ForceFeedback::initDevice()[m[K’:
[3.539s] [01m[K/home/kcg/AlonBarak-Joy/ros2_ws/src/ros-g29-force-feedback/src/g29_force_feedback.cpp:216:19:[m[K [01;35m[Kwarning: [m[Kunused variable ‘[01m[Kkey_bits[m[K’ [[01;35m[K-Wunused-variable[m[K]
[3.539s]   216 |     unsigned char [01;35m[Kkey_bits[m[K[1+KEY_MAX/8/sizeof(unsigned char)];
[3.539s]       |                   [01;35m[K^~~~~~~~[m[K
[5.746s] [100%] [32m[1mLinking CXX executable g29_force_feedback[0m
[5.872s] [100%] Built target g29_force_feedback
[5.880s] Invoked command in '/home/kcg/AlonBarak-Joy/ros2_ws/build/ros_g29_force_feedback' returned '0': CMAKE_PREFIX_PATH=/opt/ros/foxy /usr/bin/cmake --build /home/kcg/AlonBarak-Joy/ros2_ws/build/ros_g29_force_feedback -- -j20 -l20
[5.912s] Invoking command in '/home/kcg/AlonBarak-Joy/ros2_ws/build/ros_g29_force_feedback': CMAKE_PREFIX_PATH=/opt/ros/foxy /usr/bin/cmake --install /home/kcg/AlonBarak-Joy/ros2_ws/build/ros_g29_force_feedback
[5.917s] -- Install configuration: ""
[5.918s] -- Installing: /home/kcg/AlonBarak-Joy/ros2_ws/install/ros_g29_force_feedback/share/ament_index/resource_index/rosidl_interfaces/ros_g29_force_feedback
[5.918s] -- Installing: /home/kcg/AlonBarak-Joy/ros2_ws/install/ros_g29_force_feedback/include/ros_g29_force_feedback
[5.918s] -- Installing: /home/kcg/AlonBarak-Joy/ros2_ws/install/ros_g29_force_feedback/include/ros_g29_force_feedback/msg
[5.918s] -- Installing: /home/kcg/AlonBarak-Joy/ros2_ws/install/ros_g29_force_feedback/include/ros_g29_force_feedback/msg/rosidl_generator_c__visibility_control.h
[5.918s] -- Installing: /home/kcg/AlonBarak-Joy/ros2_ws/install/ros_g29_force_feedback/include/ros_g29_force_feedback/msg/force_feedback.h
[5.918s] -- Installing: /home/kcg/AlonBarak-Joy/ros2_ws/install/ros_g29_force_feedback/include/ros_g29_force_feedback/msg/detail
[5.918s] -- Installing: /home/kcg/AlonBarak-Joy/ros2_ws/install/ros_g29_force_feedback/include/ros_g29_force_feedback/msg/detail/force_feedback__functions.h
[5.918s] -- Installing: /home/kcg/AlonBarak-Joy/ros2_ws/install/ros_g29_force_feedback/include/ros_g29_force_feedback/msg/detail/force_feedback__struct.h
[5.918s] -- Installing: /home/kcg/AlonBarak-Joy/ros2_ws/install/ros_g29_force_feedback/include/ros_g29_force_feedback/msg/detail/force_feedback__type_support.h
[5.918s] -- Installing: /home/kcg/AlonBarak-Joy/ros2_ws/install/ros_g29_force_feedback/include/ros_g29_force_feedback/msg/detail/force_feedback__functions.c
[5.918s] -- Installing: /home/kcg/AlonBarak-Joy/ros2_ws/install/ros_g29_force_feedback/share/ros_g29_force_feedback/environment/library_path.sh
[5.919s] -- Installing: /home/kcg/AlonBarak-Joy/ros2_ws/install/ros_g29_force_feedback/share/ros_g29_force_feedback/environment/library_path.dsv
[5.919s] -- Installing: /home/kcg/AlonBarak-Joy/ros2_ws/install/ros_g29_force_feedback/lib/libros_g29_force_feedback__rosidl_generator_c.so
[5.919s] -- Set runtime path of "/home/kcg/AlonBarak-Joy/ros2_ws/install/ros_g29_force_feedback/lib/libros_g29_force_feedback__rosidl_generator_c.so" to ""
[5.919s] -- Up-to-date: /home/kcg/AlonBarak-Joy/ros2_ws/install/ros_g29_force_feedback/include/ros_g29_force_feedback
[5.919s] -- Up-to-date: /home/kcg/AlonBarak-Joy/ros2_ws/install/ros_g29_force_feedback/include/ros_g29_force_feedback/msg
[5.919s] -- Installing: /home/kcg/AlonBarak-Joy/ros2_ws/install/ros_g29_force_feedback/include/ros_g29_force_feedback/msg/rosidl_typesupport_fastrtps_c__visibility_control.h
[5.919s] -- Up-to-date: /home/kcg/AlonBarak-Joy/ros2_ws/install/ros_g29_force_feedback/include/ros_g29_force_feedback/msg/detail
[5.919s] -- Installing: /home/kcg/AlonBarak-Joy/ros2_ws/install/ros_g29_force_feedback/include/ros_g29_force_feedback/msg/detail/force_feedback__rosidl_typesupport_fastrtps_c.h
[5.919s] -- Installing: /home/kcg/AlonBarak-Joy/ros2_ws/install/ros_g29_force_feedback/lib/libros_g29_force_feedback__rosidl_typesupport_fastrtps_c.so
[5.919s] -- Set runtime path of "/home/kcg/AlonBarak-Joy/ros2_ws/install/ros_g29_force_feedback/lib/libros_g29_force_feedback__rosidl_typesupport_fastrtps_c.so" to ""
[5.919s] -- Up-to-date: /home/kcg/AlonBarak-Joy/ros2_ws/install/ros_g29_force_feedback/include/ros_g29_force_feedback
[5.919s] -- Up-to-date: /home/kcg/AlonBarak-Joy/ros2_ws/install/ros_g29_force_feedback/include/ros_g29_force_feedback/msg
[5.919s] -- Installing: /home/kcg/AlonBarak-Joy/ros2_ws/install/ros_g29_force_feedback/include/ros_g29_force_feedback/msg/rosidl_typesupport_fastrtps_cpp__visibility_control.h
[5.919s] -- Up-to-date: /home/kcg/AlonBarak-Joy/ros2_ws/install/ros_g29_force_feedback/include/ros_g29_force_feedback/msg/detail
[5.919s] -- Installing: /home/kcg/AlonBarak-Joy/ros2_ws/install/ros_g29_force_feedback/include/ros_g29_force_feedback/msg/detail/dds_fastrtps
[5.921s] -- Installing: /home/kcg/AlonBarak-Joy/ros2_ws/install/ros_g29_force_feedback/include/ros_g29_force_feedback/msg/detail/force_feedback__rosidl_typesupport_fastrtps_cpp.hpp
[5.921s] -- Installing: /home/kcg/AlonBarak-Joy/ros2_ws/install/ros_g29_force_feedback/lib/libros_g29_force_feedback__rosidl_typesupport_fastrtps_cpp.so
[5.922s] -- Set runtime path of "/home/kcg/AlonBarak-Joy/ros2_ws/install/ros_g29_force_feedback/lib/libros_g29_force_feedback__rosidl_typesupport_fastrtps_cpp.so" to ""
[5.922s] -- Up-to-date: /home/kcg/AlonBarak-Joy/ros2_ws/install/ros_g29_force_feedback/include/ros_g29_force_feedback
[5.922s] -- Up-to-date: /home/kcg/AlonBarak-Joy/ros2_ws/install/ros_g29_force_feedback/include/ros_g29_force_feedback/msg
[5.922s] -- Installing: /home/kcg/AlonBarak-Joy/ros2_ws/install/ros_g29_force_feedback/include/ros_g29_force_feedback/msg/rosidl_typesupport_introspection_c__visibility_control.h
[5.922s] -- Up-to-date: /home/kcg/AlonBarak-Joy/ros2_ws/install/ros_g29_force_feedback/include/ros_g29_force_feedback/msg/detail
[5.922s] -- Installing: /home/kcg/AlonBarak-Joy/ros2_ws/install/ros_g29_force_feedback/include/ros_g29_force_feedback/msg/detail/force_feedback__rosidl_typesupport_introspection_c.h
[5.922s] -- Installing: /home/kcg/AlonBarak-Joy/ros2_ws/install/ros_g29_force_feedback/include/ros_g29_force_feedback/msg/detail/force_feedback__type_support.c
[5.922s] -- Installing: /home/kcg/AlonBarak-Joy/ros2_ws/install/ros_g29_force_feedback/lib/libros_g29_force_feedback__rosidl_typesupport_introspection_c.so
[5.922s] -- Set runtime path of "/home/kcg/AlonBarak-Joy/ros2_ws/install/ros_g29_force_feedback/lib/libros_g29_force_feedback__rosidl_typesupport_introspection_c.so" to ""
[5.922s] -- Installing: /home/kcg/AlonBarak-Joy/ros2_ws/install/ros_g29_force_feedback/lib/libros_g29_force_feedback__rosidl_typesupport_c.so
[5.922s] -- Set runtime path of "/home/kcg/AlonBarak-Joy/ros2_ws/install/ros_g29_force_feedback/lib/libros_g29_force_feedback__rosidl_typesupport_c.so" to ""
[5.923s] -- Up-to-date: /home/kcg/AlonBarak-Joy/ros2_ws/install/ros_g29_force_feedback/include/ros_g29_force_feedback
[5.923s] -- Up-to-date: /home/kcg/AlonBarak-Joy/ros2_ws/install/ros_g29_force_feedback/include/ros_g29_force_feedback/msg
[5.923s] -- Installing: /home/kcg/AlonBarak-Joy/ros2_ws/install/ros_g29_force_feedback/include/ros_g29_force_feedback/msg/force_feedback.hpp
[5.923s] -- Up-to-date: /home/kcg/AlonBarak-Joy/ros2_ws/install/ros_g29_force_feedback/include/ros_g29_force_feedback/msg/detail
[5.923s] -- Installing: /home/kcg/AlonBarak-Joy/ros2_ws/install/ros_g29_force_feedback/include/ros_g29_force_feedback/msg/detail/force_feedback__builder.hpp
[5.923s] -- Installing: /home/kcg/AlonBarak-Joy/ros2_ws/install/ros_g29_force_feedback/include/ros_g29_force_feedback/msg/detail/force_feedback__traits.hpp
[5.923s] -- Installing: /home/kcg/AlonBarak-Joy/ros2_ws/install/ros_g29_force_feedback/include/ros_g29_force_feedback/msg/detail/force_feedback__struct.hpp
[5.923s] -- Up-to-date: /home/kcg/AlonBarak-Joy/ros2_ws/install/ros_g29_force_feedback/include/ros_g29_force_feedback
[5.923s] -- Up-to-date: /home/kcg/AlonBarak-Joy/ros2_ws/install/ros_g29_force_feedback/include/ros_g29_force_feedback/msg
[5.923s] -- Up-to-date: /home/kcg/AlonBarak-Joy/ros2_ws/install/ros_g29_force_feedback/include/ros_g29_force_feedback/msg/detail
[5.923s] -- Installing: /home/kcg/AlonBarak-Joy/ros2_ws/install/ros_g29_force_feedback/include/ros_g29_force_feedback/msg/detail/force_feedback__type_support.cpp
[5.923s] -- Installing: /home/kcg/AlonBarak-Joy/ros2_ws/install/ros_g29_force_feedback/include/ros_g29_force_feedback/msg/detail/force_feedback__rosidl_typesupport_introspection_cpp.hpp
[5.923s] -- Installing: /home/kcg/AlonBarak-Joy/ros2_ws/install/ros_g29_force_feedback/lib/libros_g29_force_feedback__rosidl_typesupport_introspection_cpp.so
[5.923s] -- Set runtime path of "/home/kcg/AlonBarak-Joy/ros2_ws/install/ros_g29_force_feedback/lib/libros_g29_force_feedback__rosidl_typesupport_introspection_cpp.so" to ""
[5.923s] -- Installing: /home/kcg/AlonBarak-Joy/ros2_ws/install/ros_g29_force_feedback/lib/libros_g29_force_feedback__rosidl_typesupport_cpp.so
[5.923s] -- Set runtime path of "/home/kcg/AlonBarak-Joy/ros2_ws/install/ros_g29_force_feedback/lib/libros_g29_force_feedback__rosidl_typesupport_cpp.so" to ""
[5.923s] -- Installing: /home/kcg/AlonBarak-Joy/ros2_ws/install/ros_g29_force_feedback/share/ros_g29_force_feedback/environment/pythonpath.sh
[5.923s] -- Installing: /home/kcg/AlonBarak-Joy/ros2_ws/install/ros_g29_force_feedback/share/ros_g29_force_feedback/environment/pythonpath.dsv
[5.924s] -- Installing: /home/kcg/AlonBarak-Joy/ros2_ws/install/ros_g29_force_feedback/lib/python3.8/site-packages/ros_g29_force_feedback/__init__.py
[5.943s] Compiling '/home/kcg/AlonBarak-Joy/ros2_ws/install/ros_g29_force_feedback/lib/python3.8/site-packages/ros_g29_force_feedback/__init__.py'...
[5.946s] -- Installing: /home/kcg/AlonBarak-Joy/ros2_ws/install/ros_g29_force_feedback/lib/python3.8/site-packages/ros_g29_force_feedback/msg
[5.946s] -- Installing: /home/kcg/AlonBarak-Joy/ros2_ws/install/ros_g29_force_feedback/lib/python3.8/site-packages/ros_g29_force_feedback/msg/__init__.py
[5.946s] -- Installing: /home/kcg/AlonBarak-Joy/ros2_ws/install/ros_g29_force_feedback/lib/python3.8/site-packages/ros_g29_force_feedback/msg/_force_feedback_s.c
[5.946s] -- Installing: /home/kcg/AlonBarak-Joy/ros2_ws/install/ros_g29_force_feedback/lib/python3.8/site-packages/ros_g29_force_feedback/msg/_force_feedback.py
[5.946s] -- Installing: /home/kcg/AlonBarak-Joy/ros2_ws/install/ros_g29_force_feedback/lib/python3.8/site-packages/ros_g29_force_feedback/ros_g29_force_feedback_s__rosidl_typesupport_fastrtps_c.cpython-38-x86_64-linux-gnu.so
[5.947s] -- Set runtime path of "/home/kcg/AlonBarak-Joy/ros2_ws/install/ros_g29_force_feedback/lib/python3.8/site-packages/ros_g29_force_feedback/ros_g29_force_feedback_s__rosidl_typesupport_fastrtps_c.cpython-38-x86_64-linux-gnu.so" to ""
[5.947s] -- Installing: /home/kcg/AlonBarak-Joy/ros2_ws/install/ros_g29_force_feedback/lib/python3.8/site-packages/ros_g29_force_feedback/ros_g29_force_feedback_s__rosidl_typesupport_introspection_c.cpython-38-x86_64-linux-gnu.so
[5.947s] -- Set runtime path of "/home/kcg/AlonBarak-Joy/ros2_ws/install/ros_g29_force_feedback/lib/python3.8/site-packages/ros_g29_force_feedback/ros_g29_force_feedback_s__rosidl_typesupport_introspection_c.cpython-38-x86_64-linux-gnu.so" to ""
[5.947s] -- Installing: /home/kcg/AlonBarak-Joy/ros2_ws/install/ros_g29_force_feedback/lib/python3.8/site-packages/ros_g29_force_feedback/ros_g29_force_feedback_s__rosidl_typesupport_c.cpython-38-x86_64-linux-gnu.so
[5.947s] -- Set runtime path of "/home/kcg/AlonBarak-Joy/ros2_ws/install/ros_g29_force_feedback/lib/python3.8/site-packages/ros_g29_force_feedback/ros_g29_force_feedback_s__rosidl_typesupport_c.cpython-38-x86_64-linux-gnu.so" to ""
[5.947s] -- Installing: /home/kcg/AlonBarak-Joy/ros2_ws/install/ros_g29_force_feedback/lib/libros_g29_force_feedback__python.so
[5.948s] -- Set runtime path of "/home/kcg/AlonBarak-Joy/ros2_ws/install/ros_g29_force_feedback/lib/libros_g29_force_feedback__python.so" to ""
[5.948s] -- Installing: /home/kcg/AlonBarak-Joy/ros2_ws/install/ros_g29_force_feedback/share/ros_g29_force_feedback/msg/ForceFeedback.idl
[5.948s] -- Installing: /home/kcg/AlonBarak-Joy/ros2_ws/install/ros_g29_force_feedback/share/ros_g29_force_feedback/msg/ForceFeedback.msg
[5.948s] -- Installing: /home/kcg/AlonBarak-Joy/ros2_ws/install/ros_g29_force_feedback/lib/ros_g29_force_feedback/g29_force_feedback
[5.949s] -- Set runtime path of "/home/kcg/AlonBarak-Joy/ros2_ws/install/ros_g29_force_feedback/lib/ros_g29_force_feedback/g29_force_feedback" to ""
[5.949s] -- Installing: /home/kcg/AlonBarak-Joy/ros2_ws/install/ros_g29_force_feedback/share/ros_g29_force_feedback/config
[5.949s] -- Installing: /home/kcg/AlonBarak-Joy/ros2_ws/install/ros_g29_force_feedback/share/ros_g29_force_feedback/config/g29.yaml
[5.949s] -- Installing: /home/kcg/AlonBarak-Joy/ros2_ws/install/ros_g29_force_feedback/share/ros_g29_force_feedback/launch
[5.951s] -- Installing: /home/kcg/AlonBarak-Joy/ros2_ws/install/ros_g29_force_feedback/share/ros_g29_force_feedback/launch/g29_feedback.launch.py
[5.951s] -- Installing: /home/kcg/AlonBarak-Joy/ros2_ws/install/ros_g29_force_feedback/share/ament_index/resource_index/package_run_dependencies/ros_g29_force_feedback
[5.951s] -- Installing: /home/kcg/AlonBarak-Joy/ros2_ws/install/ros_g29_force_feedback/share/ament_index/resource_index/parent_prefix_path/ros_g29_force_feedback
[5.951s] -- Installing: /home/kcg/AlonBarak-Joy/ros2_ws/install/ros_g29_force_feedback/share/ros_g29_force_feedback/environment/ament_prefix_path.sh
[5.952s] -- Installing: /home/kcg/AlonBarak-Joy/ros2_ws/install/ros_g29_force_feedback/share/ros_g29_force_feedback/environment/ament_prefix_path.dsv
[5.952s] -- Installing: /home/kcg/AlonBarak-Joy/ros2_ws/install/ros_g29_force_feedback/share/ros_g29_force_feedback/environment/path.sh
[5.952s] -- Installing: /home/kcg/AlonBarak-Joy/ros2_ws/install/ros_g29_force_feedback/share/ros_g29_force_feedback/environment/path.dsv
[5.952s] -- Installing: /home/kcg/AlonBarak-Joy/ros2_ws/install/ros_g29_force_feedback/share/ros_g29_force_feedback/local_setup.bash
[5.952s] -- Installing: /home/kcg/AlonBarak-Joy/ros2_ws/install/ros_g29_force_feedback/share/ros_g29_force_feedback/local_setup.sh
[5.952s] -- Installing: /home/kcg/AlonBarak-Joy/ros2_ws/install/ros_g29_force_feedback/share/ros_g29_force_feedback/local_setup.zsh
[5.952s] -- Installing: /home/kcg/AlonBarak-Joy/ros2_ws/install/ros_g29_force_feedback/share/ros_g29_force_feedback/local_setup.dsv
[5.952s] -- Installing: /home/kcg/AlonBarak-Joy/ros2_ws/install/ros_g29_force_feedback/share/ros_g29_force_feedback/package.dsv
[5.952s] -- Installing: /home/kcg/AlonBarak-Joy/ros2_ws/install/ros_g29_force_feedback/share/ament_index/resource_index/packages/ros_g29_force_feedback
[5.952s] -- Installing: /home/kcg/AlonBarak-Joy/ros2_ws/install/ros_g29_force_feedback/share/ros_g29_force_feedback/cmake/ros_g29_force_feedback__rosidl_generator_cExport.cmake
[5.952s] -- Installing: /home/kcg/AlonBarak-Joy/ros2_ws/install/ros_g29_force_feedback/share/ros_g29_force_feedback/cmake/ros_g29_force_feedback__rosidl_generator_cExport-noconfig.cmake
[5.952s] -- Installing: /home/kcg/AlonBarak-Joy/ros2_ws/install/ros_g29_force_feedback/share/ros_g29_force_feedback/cmake/ros_g29_force_feedback__rosidl_typesupport_introspection_cExport.cmake
[5.952s] -- Installing: /home/kcg/AlonBarak-Joy/ros2_ws/install/ros_g29_force_feedback/share/ros_g29_force_feedback/cmake/ros_g29_force_feedback__rosidl_typesupport_introspection_cExport-noconfig.cmake
[5.953s] -- Installing: /home/kcg/AlonBarak-Joy/ros2_ws/install/ros_g29_force_feedback/share/ros_g29_force_feedback/cmake/ros_g29_force_feedback__rosidl_typesupport_cExport.cmake
[5.953s] -- Installing: /home/kcg/AlonBarak-Joy/ros2_ws/install/ros_g29_force_feedback/share/ros_g29_force_feedback/cmake/ros_g29_force_feedback__rosidl_typesupport_cExport-noconfig.cmake
[5.953s] -- Installing: /home/kcg/AlonBarak-Joy/ros2_ws/install/ros_g29_force_feedback/share/ros_g29_force_feedback/cmake/ros_g29_force_feedback__rosidl_generator_cppExport.cmake
[5.953s] -- Installing: /home/kcg/AlonBarak-Joy/ros2_ws/install/ros_g29_force_feedback/share/ros_g29_force_feedback/cmake/ros_g29_force_feedback__rosidl_typesupport_introspection_cppExport.cmake
[5.953s] -- Installing: /home/kcg/AlonBarak-Joy/ros2_ws/install/ros_g29_force_feedback/share/ros_g29_force_feedback/cmake/ros_g29_force_feedback__rosidl_typesupport_introspection_cppExport-noconfig.cmake
[5.953s] -- Installing: /home/kcg/AlonBarak-Joy/ros2_ws/install/ros_g29_force_feedback/share/ros_g29_force_feedback/cmake/ros_g29_force_feedback__rosidl_typesupport_cppExport.cmake
[5.953s] -- Installing: /home/kcg/AlonBarak-Joy/ros2_ws/install/ros_g29_force_feedback/share/ros_g29_force_feedback/cmake/ros_g29_force_feedback__rosidl_typesupport_cppExport-noconfig.cmake
[5.953s] -- Installing: /home/kcg/AlonBarak-Joy/ros2_ws/install/ros_g29_force_feedback/share/ros_g29_force_feedback/cmake/rosidl_cmake-extras.cmake
[5.953s] -- Installing: /home/kcg/AlonBarak-Joy/ros2_ws/install/ros_g29_force_feedback/share/ros_g29_force_feedback/cmake/ament_cmake_export_dependencies-extras.cmake
[5.953s] -- Installing: /home/kcg/AlonBarak-Joy/ros2_ws/install/ros_g29_force_feedback/share/ros_g29_force_feedback/cmake/ament_cmake_export_libraries-extras.cmake
[5.954s] -- Installing: /home/kcg/AlonBarak-Joy/ros2_ws/install/ros_g29_force_feedback/share/ros_g29_force_feedback/cmake/ament_cmake_export_targets-extras.cmake
[5.954s] -- Installing: /home/kcg/AlonBarak-Joy/ros2_ws/install/ros_g29_force_feedback/share/ros_g29_force_feedback/cmake/ament_cmake_export_include_directories-extras.cmake
[5.954s] -- Installing: /home/kcg/AlonBarak-Joy/ros2_ws/install/ros_g29_force_feedback/share/ros_g29_force_feedback/cmake/rosidl_cmake_export_typesupport_libraries-extras.cmake
[5.954s] -- Installing: /home/kcg/AlonBarak-Joy/ros2_ws/install/ros_g29_force_feedback/share/ros_g29_force_feedback/cmake/rosidl_cmake_export_typesupport_targets-extras.cmake
[5.954s] -- Installing: /home/kcg/AlonBarak-Joy/ros2_ws/install/ros_g29_force_feedback/share/ros_g29_force_feedback/cmake/ros_g29_force_feedbackConfig.cmake
[5.954s] -- Installing: /home/kcg/AlonBarak-Joy/ros2_ws/install/ros_g29_force_feedback/share/ros_g29_force_feedback/cmake/ros_g29_force_feedbackConfig-version.cmake
[5.954s] -- Installing: /home/kcg/AlonBarak-Joy/ros2_ws/install/ros_g29_force_feedback/share/ros_g29_force_feedback/package.xml
[5.955s] Invoked command in '/home/kcg/AlonBarak-Joy/ros2_ws/build/ros_g29_force_feedback' returned '0': CMAKE_PREFIX_PATH=/opt/ros/foxy /usr/bin/cmake --install /home/kcg/AlonBarak-Joy/ros2_ws/build/ros_g29_force_feedback
