[0.351s] DEBUG:colcon:Command line arguments: ['/home/kcg/.local/bin/colcon', 'build']
[0.351s] DEBUG:colcon:Parsed command line arguments: Namespace(allow_overriding=[], ament_cmake_args=None, base_paths=['.'], build_base='build', catkin_cmake_args=None, catkin_skip_building_tests=False, cmake_args=None, cmake_clean_cache=False, cmake_clean_first=False, cmake_force_configure=False, cmake_target=None, cmake_target_skip_unavailable=False, continue_on_error=False, event_handlers=None, executor='parallel', ignore_user_meta=False, install_base='install', log_base=None, log_level=None, main=<bound method BuildVerb.main of <colcon_core.verb.build.BuildVerb object at 0x7ff9fdd7dca0>>, merge_install=False, metas=['./colcon.meta'], packages_above=None, packages_above_and_dependencies=None, packages_above_depth=None, packages_end=None, packages_ignore=None, packages_ignore_regex=None, packages_select=None, packages_select_build_failed=False, packages_select_by_dep=None, packages_select_regex=None, packages_select_test_failures=False, packages_skip=None, packages_skip_build_finished=False, packages_skip_by_dep=None, packages_skip_regex=None, packages_skip_test_passed=False, packages_skip_up_to=None, packages_start=None, packages_up_to=None, packages_up_to_regex=None, parallel_workers=20, paths=None, symlink_install=False, test_result_base=None, verb_extension=<colcon_core.verb.build.BuildVerb object at 0x7ff9fdd7dca0>, verb_name='build', verb_parser=<colcon_defaults.argument_parser.defaults.DefaultArgumentsDecorator object at 0x7ff9fdd8d250>)
[0.361s] Level 1:colcon.colcon_core.package_discovery:discover_packages(colcon_meta) check parameters
[0.361s] Level 1:colcon.colcon_core.package_discovery:discover_packages(recursive) check parameters
[0.361s] Level 1:colcon.colcon_core.package_discovery:discover_packages(ignore) check parameters
[0.361s] Level 1:colcon.colcon_core.package_discovery:discover_packages(path) check parameters
[0.361s] Level 1:colcon.colcon_core.package_discovery:discover_packages(colcon_meta) discover
[0.362s] Level 1:colcon.colcon_core.package_discovery:discover_packages(recursive) discover
[0.362s] INFO:colcon.colcon_core.package_discovery:Crawling recursively for packages in '/home/kcg/copy/AlonBarak-Joy-workspaces/ros2_ws'
[0.362s] Level 1:colcon.colcon_core.package_identification:_identify(.) by extensions ['ignore', 'ignore_ament_install']
[0.362s] Level 1:colcon.colcon_core.package_identification:_identify(.) by extension 'ignore'
[0.362s] Level 1:colcon.colcon_core.package_identification:_identify(.) by extension 'ignore_ament_install'
[0.362s] Level 1:colcon.colcon_core.package_identification:_identify(.) by extensions ['colcon_pkg']
[0.362s] Level 1:colcon.colcon_core.package_identification:_identify(.) by extension 'colcon_pkg'
[0.362s] Level 1:colcon.colcon_core.package_identification:_identify(.) by extensions ['colcon_meta']
[0.362s] Level 1:colcon.colcon_core.package_identification:_identify(.) by extension 'colcon_meta'
[0.362s] Level 1:colcon.colcon_core.package_identification:_identify(.) by extensions ['ros']
[0.362s] Level 1:colcon.colcon_core.package_identification:_identify(.) by extension 'ros'
[0.374s] Level 1:colcon.colcon_core.package_identification:_identify(.) by extensions ['cmake', 'python']
[0.374s] Level 1:colcon.colcon_core.package_identification:_identify(.) by extension 'cmake'
[0.374s] Level 1:colcon.colcon_core.package_identification:_identify(.) by extension 'python'
[0.374s] Level 1:colcon.colcon_core.package_identification:_identify(.) by extensions ['python_setup_py']
[0.374s] Level 1:colcon.colcon_core.package_identification:_identify(.) by extension 'python_setup_py'
[0.374s] Level 1:colcon.colcon_core.package_identification:_identify(AutonmousCar) by extensions ['ignore', 'ignore_ament_install']
[0.374s] Level 1:colcon.colcon_core.package_identification:_identify(AutonmousCar) by extension 'ignore'
[0.374s] Level 1:colcon.colcon_core.package_identification:_identify(AutonmousCar) by extension 'ignore_ament_install'
[0.374s] Level 1:colcon.colcon_core.package_identification:_identify(AutonmousCar) by extensions ['colcon_pkg']
[0.374s] Level 1:colcon.colcon_core.package_identification:_identify(AutonmousCar) by extension 'colcon_pkg'
[0.374s] Level 1:colcon.colcon_core.package_identification:_identify(AutonmousCar) by extensions ['colcon_meta']
[0.374s] Level 1:colcon.colcon_core.package_identification:_identify(AutonmousCar) by extension 'colcon_meta'
[0.374s] Level 1:colcon.colcon_core.package_identification:_identify(AutonmousCar) by extensions ['ros']
[0.375s] Level 1:colcon.colcon_core.package_identification:_identify(AutonmousCar) by extension 'ros'
[0.375s] Level 1:colcon.colcon_core.package_identification:_identify(AutonmousCar) by extensions ['cmake', 'python']
[0.375s] Level 1:colcon.colcon_core.package_identification:_identify(AutonmousCar) by extension 'cmake'
[0.375s] Level 1:colcon.colcon_core.package_identification:_identify(AutonmousCar) by extension 'python'
[0.375s] Level 1:colcon.colcon_core.package_identification:_identify(AutonmousCar) by extensions ['python_setup_py']
[0.375s] Level 1:colcon.colcon_core.package_identification:_identify(AutonmousCar) by extension 'python_setup_py'
[0.375s] Level 1:colcon.colcon_core.package_identification:_identify(build) by extensions ['ignore', 'ignore_ament_install']
[0.375s] Level 1:colcon.colcon_core.package_identification:_identify(build) by extension 'ignore'
[0.375s] Level 1:colcon.colcon_core.package_identification:_identify(build) ignored
[0.375s] Level 1:colcon.colcon_core.package_identification:_identify(install) by extensions ['ignore', 'ignore_ament_install']
[0.375s] Level 1:colcon.colcon_core.package_identification:_identify(install) by extension 'ignore'
[0.375s] Level 1:colcon.colcon_core.package_identification:_identify(install) ignored
[0.375s] Level 1:colcon.colcon_core.package_identification:_identify(log) by extensions ['ignore', 'ignore_ament_install']
[0.375s] Level 1:colcon.colcon_core.package_identification:_identify(log) by extension 'ignore'
[0.375s] Level 1:colcon.colcon_core.package_identification:_identify(log) ignored
[0.375s] Level 1:colcon.colcon_core.package_identification:_identify(src) by extensions ['ignore', 'ignore_ament_install']
[0.375s] Level 1:colcon.colcon_core.package_identification:_identify(src) by extension 'ignore'
[0.375s] Level 1:colcon.colcon_core.package_identification:_identify(src) by extension 'ignore_ament_install'
[0.375s] Level 1:colcon.colcon_core.package_identification:_identify(src) by extensions ['colcon_pkg']
[0.375s] Level 1:colcon.colcon_core.package_identification:_identify(src) by extension 'colcon_pkg'
[0.375s] Level 1:colcon.colcon_core.package_identification:_identify(src) by extensions ['colcon_meta']
[0.375s] Level 1:colcon.colcon_core.package_identification:_identify(src) by extension 'colcon_meta'
[0.375s] Level 1:colcon.colcon_core.package_identification:_identify(src) by extensions ['ros']
[0.375s] Level 1:colcon.colcon_core.package_identification:_identify(src) by extension 'ros'
[0.375s] Level 1:colcon.colcon_core.package_identification:_identify(src) by extensions ['cmake', 'python']
[0.375s] Level 1:colcon.colcon_core.package_identification:_identify(src) by extension 'cmake'
[0.376s] Level 1:colcon.colcon_core.package_identification:_identify(src) by extension 'python'
[0.376s] Level 1:colcon.colcon_core.package_identification:_identify(src) by extensions ['python_setup_py']
[0.376s] Level 1:colcon.colcon_core.package_identification:_identify(src) by extension 'python_setup_py'
[0.376s] Level 1:colcon.colcon_core.package_identification:_identify(src/ros-g29-force-feedback) by extensions ['ignore', 'ignore_ament_install']
[0.376s] Level 1:colcon.colcon_core.package_identification:_identify(src/ros-g29-force-feedback) by extension 'ignore'
[0.376s] Level 1:colcon.colcon_core.package_identification:_identify(src/ros-g29-force-feedback) by extension 'ignore_ament_install'
[0.376s] Level 1:colcon.colcon_core.package_identification:_identify(src/ros-g29-force-feedback) by extensions ['colcon_pkg']
[0.376s] Level 1:colcon.colcon_core.package_identification:_identify(src/ros-g29-force-feedback) by extension 'colcon_pkg'
[0.376s] Level 1:colcon.colcon_core.package_identification:_identify(src/ros-g29-force-feedback) by extensions ['colcon_meta']
[0.376s] Level 1:colcon.colcon_core.package_identification:_identify(src/ros-g29-force-feedback) by extension 'colcon_meta'
[0.376s] Level 1:colcon.colcon_core.package_identification:_identify(src/ros-g29-force-feedback) by extensions ['ros']
[0.376s] Level 1:colcon.colcon_core.package_identification:_identify(src/ros-g29-force-feedback) by extension 'ros'
[0.377s] DEBUG:colcon.colcon_core.package_identification:Package 'src/ros-g29-force-feedback' with type 'ros.ament_cmake' and name 'ros_g29_force_feedback'
[0.377s] Level 1:colcon.colcon_core.package_discovery:discover_packages(recursive) using defaults
[0.377s] Level 1:colcon.colcon_core.package_discovery:discover_packages(ignore) discover
[0.377s] Level 1:colcon.colcon_core.package_discovery:discover_packages(ignore) using defaults
[0.377s] Level 1:colcon.colcon_core.package_discovery:discover_packages(path) discover
[0.377s] Level 1:colcon.colcon_core.package_discovery:discover_packages(path) using defaults
[0.397s] Level 1:colcon.colcon_core.package_discovery:discover_packages(prefix_path) check parameters
[0.397s] Level 1:colcon.colcon_core.package_discovery:discover_packages(prefix_path) discover
[0.403s] DEBUG:colcon.colcon_installed_package_information.package_discovery:Found 257 installed packages in /opt/ros/foxy
[0.404s] Level 1:colcon.colcon_core.package_discovery:discover_packages(prefix_path) using defaults
[0.491s] Level 5:colcon.colcon_core.verb:set package 'ros_g29_force_feedback' build argument 'cmake_args' from command line to 'None'
[0.491s] Level 5:colcon.colcon_core.verb:set package 'ros_g29_force_feedback' build argument 'cmake_target' from command line to 'None'
[0.491s] Level 5:colcon.colcon_core.verb:set package 'ros_g29_force_feedback' build argument 'cmake_target_skip_unavailable' from command line to 'False'
[0.491s] Level 5:colcon.colcon_core.verb:set package 'ros_g29_force_feedback' build argument 'cmake_clean_cache' from command line to 'False'
[0.491s] Level 5:colcon.colcon_core.verb:set package 'ros_g29_force_feedback' build argument 'cmake_clean_first' from command line to 'False'
[0.491s] Level 5:colcon.colcon_core.verb:set package 'ros_g29_force_feedback' build argument 'cmake_force_configure' from command line to 'False'
[0.491s] Level 5:colcon.colcon_core.verb:set package 'ros_g29_force_feedback' build argument 'ament_cmake_args' from command line to 'None'
[0.491s] Level 5:colcon.colcon_core.verb:set package 'ros_g29_force_feedback' build argument 'catkin_cmake_args' from command line to 'None'
[0.491s] Level 5:colcon.colcon_core.verb:set package 'ros_g29_force_feedback' build argument 'catkin_skip_building_tests' from command line to 'False'
[0.491s] DEBUG:colcon.colcon_core.verb:Building package 'ros_g29_force_feedback' with the following arguments: {'ament_cmake_args': None, 'build_base': '/home/kcg/copy/AlonBarak-Joy-workspaces/ros2_ws/build/ros_g29_force_feedback', 'catkin_cmake_args': None, 'catkin_skip_building_tests': False, 'cmake_args': None, 'cmake_clean_cache': False, 'cmake_clean_first': False, 'cmake_force_configure': False, 'cmake_target': None, 'cmake_target_skip_unavailable': False, 'install_base': '/home/kcg/copy/AlonBarak-Joy-workspaces/ros2_ws/install/ros_g29_force_feedback', 'merge_install': False, 'path': '/home/kcg/copy/AlonBarak-Joy-workspaces/ros2_ws/src/ros-g29-force-feedback', 'symlink_install': False, 'test_result_base': None}
[0.498s] INFO:colcon.colcon_core.executor:Executing jobs using 'parallel' executor
[0.506s] DEBUG:colcon.colcon_parallel_executor.executor.parallel:run_until_complete
[0.506s] INFO:colcon.colcon_ros.task.ament_cmake.build:Building ROS package in '/home/kcg/copy/AlonBarak-Joy-workspaces/ros2_ws/src/ros-g29-force-feedback' with build type 'ament_cmake'
[0.507s] INFO:colcon.colcon_cmake.task.cmake.build:Building CMake package in '/home/kcg/copy/AlonBarak-Joy-workspaces/ros2_ws/src/ros-g29-force-feedback'
[0.512s] INFO:colcon.colcon_core.plugin_system:Skipping extension 'colcon_core.shell.bat': Not used on non-Windows systems
[0.512s] INFO:colcon.colcon_core.shell:Skip shell extension 'powershell' for command environment: Not usable outside of PowerShell
[0.512s] DEBUG:colcon.colcon_core.shell:Skip shell extension 'dsv' for command environment
[0.525s] DEBUG:colcon.colcon_core.event_handler.log_command:Invoking command in '/home/kcg/copy/AlonBarak-Joy-workspaces/ros2_ws/build/ros_g29_force_feedback': CMAKE_PREFIX_PATH=/opt/ros/foxy /usr/bin/cmake /home/kcg/copy/AlonBarak-Joy-workspaces/ros2_ws/src/ros-g29-force-feedback -DCMAKE_INSTALL_PREFIX=/home/kcg/copy/AlonBarak-Joy-workspaces/ros2_ws/install/ros_g29_force_feedback
[1.982s] DEBUG:colcon.colcon_core.event_handler.log_command:Invoked command in '/home/kcg/copy/AlonBarak-Joy-workspaces/ros2_ws/build/ros_g29_force_feedback' returned '0': CMAKE_PREFIX_PATH=/opt/ros/foxy /usr/bin/cmake /home/kcg/copy/AlonBarak-Joy-workspaces/ros2_ws/src/ros-g29-force-feedback -DCMAKE_INSTALL_PREFIX=/home/kcg/copy/AlonBarak-Joy-workspaces/ros2_ws/install/ros_g29_force_feedback
[1.983s] DEBUG:colcon.colcon_core.event_handler.log_command:Invoking command in '/home/kcg/copy/AlonBarak-Joy-workspaces/ros2_ws/build/ros_g29_force_feedback': CMAKE_PREFIX_PATH=/opt/ros/foxy /usr/bin/cmake --build /home/kcg/copy/AlonBarak-Joy-workspaces/ros2_ws/build/ros_g29_force_feedback -- -j20 -l20
[6.222s] DEBUG:colcon.colcon_core.event_handler.log_command:Invoked command in '/home/kcg/copy/AlonBarak-Joy-workspaces/ros2_ws/build/ros_g29_force_feedback' returned '0': CMAKE_PREFIX_PATH=/opt/ros/foxy /usr/bin/cmake --build /home/kcg/copy/AlonBarak-Joy-workspaces/ros2_ws/build/ros_g29_force_feedback -- -j20 -l20
[6.254s] DEBUG:colcon.colcon_core.event_handler.log_command:Invoking command in '/home/kcg/copy/AlonBarak-Joy-workspaces/ros2_ws/build/ros_g29_force_feedback': CMAKE_PREFIX_PATH=/opt/ros/foxy /usr/bin/cmake --install /home/kcg/copy/AlonBarak-Joy-workspaces/ros2_ws/build/ros_g29_force_feedback
[6.292s] Level 1:colcon.colcon_core.environment:create_environment_scripts_only(ros_g29_force_feedback)
[6.294s] DEBUG:colcon.colcon_core.event_handler.log_command:Invoked command in '/home/kcg/copy/AlonBarak-Joy-workspaces/ros2_ws/build/ros_g29_force_feedback' returned '0': CMAKE_PREFIX_PATH=/opt/ros/foxy /usr/bin/cmake --install /home/kcg/copy/AlonBarak-Joy-workspaces/ros2_ws/build/ros_g29_force_feedback
[6.298s] Level 1:colcon.colcon_core.environment:checking '/home/kcg/copy/AlonBarak-Joy-workspaces/ros2_ws/install/ros_g29_force_feedback' for CMake module files
[6.299s] Level 1:colcon.colcon_core.environment:checking '/home/kcg/copy/AlonBarak-Joy-workspaces/ros2_ws/install/ros_g29_force_feedback' for CMake config files
[6.299s] Level 1:colcon.colcon_core.shell:create_environment_hook('ros_g29_force_feedback', 'cmake_prefix_path')
[6.302s] INFO:colcon.colcon_core.shell:Creating environment hook '/home/kcg/copy/AlonBarak-Joy-workspaces/ros2_ws/install/ros_g29_force_feedback/share/ros_g29_force_feedback/hook/cmake_prefix_path.ps1'
[6.303s] INFO:colcon.colcon_core.shell:Creating environment descriptor '/home/kcg/copy/AlonBarak-Joy-workspaces/ros2_ws/install/ros_g29_force_feedback/share/ros_g29_force_feedback/hook/cmake_prefix_path.dsv'
[6.303s] INFO:colcon.colcon_core.shell:Creating environment hook '/home/kcg/copy/AlonBarak-Joy-workspaces/ros2_ws/install/ros_g29_force_feedback/share/ros_g29_force_feedback/hook/cmake_prefix_path.sh'
[6.304s] Level 1:colcon.colcon_core.environment:checking '/home/kcg/copy/AlonBarak-Joy-workspaces/ros2_ws/install/ros_g29_force_feedback/lib'
[6.304s] Level 1:colcon.colcon_core.shell:create_environment_hook('ros_g29_force_feedback', 'ld_library_path_lib')
[6.307s] INFO:colcon.colcon_core.shell:Creating environment hook '/home/kcg/copy/AlonBarak-Joy-workspaces/ros2_ws/install/ros_g29_force_feedback/share/ros_g29_force_feedback/hook/ld_library_path_lib.ps1'
[6.307s] INFO:colcon.colcon_core.shell:Creating environment descriptor '/home/kcg/copy/AlonBarak-Joy-workspaces/ros2_ws/install/ros_g29_force_feedback/share/ros_g29_force_feedback/hook/ld_library_path_lib.dsv'
[6.308s] INFO:colcon.colcon_core.shell:Creating environment hook '/home/kcg/copy/AlonBarak-Joy-workspaces/ros2_ws/install/ros_g29_force_feedback/share/ros_g29_force_feedback/hook/ld_library_path_lib.sh'
[6.308s] Level 1:colcon.colcon_core.environment:checking '/home/kcg/copy/AlonBarak-Joy-workspaces/ros2_ws/install/ros_g29_force_feedback/bin'
[6.308s] Level 1:colcon.colcon_core.environment:checking '/home/kcg/copy/AlonBarak-Joy-workspaces/ros2_ws/install/ros_g29_force_feedback/lib/pkgconfig/ros_g29_force_feedback.pc'
[6.308s] Level 1:colcon.colcon_core.environment:checking '/home/kcg/copy/AlonBarak-Joy-workspaces/ros2_ws/install/ros_g29_force_feedback/lib/python3.8/site-packages'
[6.308s] Level 1:colcon.colcon_core.shell:create_environment_hook('ros_g29_force_feedback', 'pythonpath')
[6.311s] INFO:colcon.colcon_core.shell:Creating environment hook '/home/kcg/copy/AlonBarak-Joy-workspaces/ros2_ws/install/ros_g29_force_feedback/share/ros_g29_force_feedback/hook/pythonpath.ps1'
[6.311s] INFO:colcon.colcon_core.shell:Creating environment descriptor '/home/kcg/copy/AlonBarak-Joy-workspaces/ros2_ws/install/ros_g29_force_feedback/share/ros_g29_force_feedback/hook/pythonpath.dsv'
[6.312s] INFO:colcon.colcon_core.shell:Creating environment hook '/home/kcg/copy/AlonBarak-Joy-workspaces/ros2_ws/install/ros_g29_force_feedback/share/ros_g29_force_feedback/hook/pythonpath.sh'
[6.315s] INFO:colcon.colcon_core.shell:Creating package script '/home/kcg/copy/AlonBarak-Joy-workspaces/ros2_ws/install/ros_g29_force_feedback/share/ros_g29_force_feedback/package.ps1'
[6.316s] INFO:colcon.colcon_core.shell:Creating package descriptor '/home/kcg/copy/AlonBarak-Joy-workspaces/ros2_ws/install/ros_g29_force_feedback/share/ros_g29_force_feedback/package.dsv'
[6.316s] INFO:colcon.colcon_core.shell:Creating package script '/home/kcg/copy/AlonBarak-Joy-workspaces/ros2_ws/install/ros_g29_force_feedback/share/ros_g29_force_feedback/package.sh'
[6.317s] INFO:colcon.colcon_core.shell:Creating package script '/home/kcg/copy/AlonBarak-Joy-workspaces/ros2_ws/install/ros_g29_force_feedback/share/ros_g29_force_feedback/package.bash'
[6.317s] INFO:colcon.colcon_core.shell:Creating package script '/home/kcg/copy/AlonBarak-Joy-workspaces/ros2_ws/install/ros_g29_force_feedback/share/ros_g29_force_feedback/package.zsh'
[6.318s] Level 1:colcon.colcon_core.environment:create_file_with_runtime_dependencies(/home/kcg/copy/AlonBarak-Joy-workspaces/ros2_ws/install/ros_g29_force_feedback/share/colcon-core/packages/ros_g29_force_feedback)
[6.349s] Level 1:colcon.colcon_core.environment:create_environment_scripts_only(ros_g29_force_feedback)
[6.353s] Level 1:colcon.colcon_core.environment:checking '/home/kcg/copy/AlonBarak-Joy-workspaces/ros2_ws/install/ros_g29_force_feedback' for CMake module files
[6.353s] Level 1:colcon.colcon_core.environment:checking '/home/kcg/copy/AlonBarak-Joy-workspaces/ros2_ws/install/ros_g29_force_feedback' for CMake config files
[6.354s] Level 1:colcon.colcon_core.shell:create_environment_hook('ros_g29_force_feedback', 'cmake_prefix_path')
[6.357s] INFO:colcon.colcon_core.shell:Creating environment hook '/home/kcg/copy/AlonBarak-Joy-workspaces/ros2_ws/install/ros_g29_force_feedback/share/ros_g29_force_feedback/hook/cmake_prefix_path.ps1'
[6.358s] INFO:colcon.colcon_core.shell:Creating environment descriptor '/home/kcg/copy/AlonBarak-Joy-workspaces/ros2_ws/install/ros_g29_force_feedback/share/ros_g29_force_feedback/hook/cmake_prefix_path.dsv'
[6.358s] INFO:colcon.colcon_core.shell:Creating environment hook '/home/kcg/copy/AlonBarak-Joy-workspaces/ros2_ws/install/ros_g29_force_feedback/share/ros_g29_force_feedback/hook/cmake_prefix_path.sh'
[6.358s] Level 1:colcon.colcon_core.environment:checking '/home/kcg/copy/AlonBarak-Joy-workspaces/ros2_ws/install/ros_g29_force_feedback/lib'
[6.358s] Level 1:colcon.colcon_core.shell:create_environment_hook('ros_g29_force_feedback', 'ld_library_path_lib')
[6.362s] INFO:colcon.colcon_core.shell:Creating environment hook '/home/kcg/copy/AlonBarak-Joy-workspaces/ros2_ws/install/ros_g29_force_feedback/share/ros_g29_force_feedback/hook/ld_library_path_lib.ps1'
[6.362s] INFO:colcon.colcon_core.shell:Creating environment descriptor '/home/kcg/copy/AlonBarak-Joy-workspaces/ros2_ws/install/ros_g29_force_feedback/share/ros_g29_force_feedback/hook/ld_library_path_lib.dsv'
[6.362s] INFO:colcon.colcon_core.shell:Creating environment hook '/home/kcg/copy/AlonBarak-Joy-workspaces/ros2_ws/install/ros_g29_force_feedback/share/ros_g29_force_feedback/hook/ld_library_path_lib.sh'
[6.362s] Level 1:colcon.colcon_core.environment:checking '/home/kcg/copy/AlonBarak-Joy-workspaces/ros2_ws/install/ros_g29_force_feedback/bin'
[6.362s] Level 1:colcon.colcon_core.environment:checking '/home/kcg/copy/AlonBarak-Joy-workspaces/ros2_ws/install/ros_g29_force_feedback/lib/pkgconfig/ros_g29_force_feedback.pc'
[6.363s] Level 1:colcon.colcon_core.environment:checking '/home/kcg/copy/AlonBarak-Joy-workspaces/ros2_ws/install/ros_g29_force_feedback/lib/python3.8/site-packages'
[6.363s] Level 1:colcon.colcon_core.shell:create_environment_hook('ros_g29_force_feedback', 'pythonpath')
[6.366s] INFO:colcon.colcon_core.shell:Creating environment hook '/home/kcg/copy/AlonBarak-Joy-workspaces/ros2_ws/install/ros_g29_force_feedback/share/ros_g29_force_feedback/hook/pythonpath.ps1'
[6.366s] INFO:colcon.colcon_core.shell:Creating environment descriptor '/home/kcg/copy/AlonBarak-Joy-workspaces/ros2_ws/install/ros_g29_force_feedback/share/ros_g29_force_feedback/hook/pythonpath.dsv'
[6.366s] INFO:colcon.colcon_core.shell:Creating environment hook '/home/kcg/copy/AlonBarak-Joy-workspaces/ros2_ws/install/ros_g29_force_feedback/share/ros_g29_force_feedback/hook/pythonpath.sh'
[6.370s] INFO:colcon.colcon_core.shell:Creating package script '/home/kcg/copy/AlonBarak-Joy-workspaces/ros2_ws/install/ros_g29_force_feedback/share/ros_g29_force_feedback/package.ps1'
[6.371s] INFO:colcon.colcon_core.shell:Creating package descriptor '/home/kcg/copy/AlonBarak-Joy-workspaces/ros2_ws/install/ros_g29_force_feedback/share/ros_g29_force_feedback/package.dsv'
[6.371s] INFO:colcon.colcon_core.shell:Creating package script '/home/kcg/copy/AlonBarak-Joy-workspaces/ros2_ws/install/ros_g29_force_feedback/share/ros_g29_force_feedback/package.sh'
[6.371s] INFO:colcon.colcon_core.shell:Creating package script '/home/kcg/copy/AlonBarak-Joy-workspaces/ros2_ws/install/ros_g29_force_feedback/share/ros_g29_force_feedback/package.bash'
[6.372s] INFO:colcon.colcon_core.shell:Creating package script '/home/kcg/copy/AlonBarak-Joy-workspaces/ros2_ws/install/ros_g29_force_feedback/share/ros_g29_force_feedback/package.zsh'
[6.372s] Level 1:colcon.colcon_core.environment:create_file_with_runtime_dependencies(/home/kcg/copy/AlonBarak-Joy-workspaces/ros2_ws/install/ros_g29_force_feedback/share/colcon-core/packages/ros_g29_force_feedback)
[6.372s] DEBUG:colcon.colcon_parallel_executor.executor.parallel:closing loop
[6.372s] DEBUG:colcon.colcon_parallel_executor.executor.parallel:loop closed
[6.372s] DEBUG:colcon.colcon_parallel_executor.executor.parallel:run_until_complete finished with '0'
[6.372s] DEBUG:colcon.colcon_core.event_reactor:joining thread
[6.379s] INFO:colcon.colcon_core.plugin_system:Skipping extension 'colcon_notification.desktop_notification.terminal_notifier': Not used on non-Darwin systems
[6.379s] INFO:colcon.colcon_core.plugin_system:Skipping extension 'colcon_notification.desktop_notification.win32': Not used on non-Windows systems
[6.379s] INFO:colcon.colcon_notification.desktop_notification:Sending desktop notification using 'notify2'
[6.389s] DEBUG:colcon.colcon_core.event_reactor:joined thread
[6.393s] INFO:colcon.colcon_core.shell:Creating prefix script '/home/kcg/copy/AlonBarak-Joy-workspaces/ros2_ws/install/local_setup.ps1'
[6.393s] INFO:colcon.colcon_core.shell:Creating prefix util module '/home/kcg/copy/AlonBarak-Joy-workspaces/ros2_ws/install/_local_setup_util_ps1.py'
[6.402s] INFO:colcon.colcon_core.shell:Creating prefix chain script '/home/kcg/copy/AlonBarak-Joy-workspaces/ros2_ws/install/setup.ps1'
[6.405s] INFO:colcon.colcon_core.shell:Creating prefix script '/home/kcg/copy/AlonBarak-Joy-workspaces/ros2_ws/install/local_setup.sh'
[6.405s] INFO:colcon.colcon_core.shell:Creating prefix util module '/home/kcg/copy/AlonBarak-Joy-workspaces/ros2_ws/install/_local_setup_util_sh.py'
[6.406s] INFO:colcon.colcon_core.shell:Creating prefix chain script '/home/kcg/copy/AlonBarak-Joy-workspaces/ros2_ws/install/setup.sh'
[6.409s] INFO:colcon.colcon_core.shell:Creating prefix script '/home/kcg/copy/AlonBarak-Joy-workspaces/ros2_ws/install/local_setup.bash'
[6.409s] INFO:colcon.colcon_core.shell:Creating prefix chain script '/home/kcg/copy/AlonBarak-Joy-workspaces/ros2_ws/install/setup.bash'
[6.412s] INFO:colcon.colcon_core.shell:Creating prefix script '/home/kcg/copy/AlonBarak-Joy-workspaces/ros2_ws/install/local_setup.zsh'
[6.412s] INFO:colcon.colcon_core.shell:Creating prefix chain script '/home/kcg/copy/AlonBarak-Joy-workspaces/ros2_ws/install/setup.zsh'
