[0.183s] Invoking command in '/home/kcg/AlonBarak-Joy/ros2_ws/build/ros_g29_force_feedback': CMAKE_PREFIX_PATH=${CMAKE_PREFIX_PATH}:/opt/ros/foxy PS1=(venv) \[\e]0;\u@\h: \w\a\]${debian_chroot:+($debian_chroot)}\[\033[01;32m\]\u@\h\[\033[00m\]:\[\033[01;34m\]\w\[\033[00m\]\$ /usr/bin/cmake --build /home/kcg/AlonBarak-Joy/ros2_ws/build/ros_g29_force_feedback -- -j20 -l20
[0.370s] [  3%] Built target ros_g29_force_feedback__cpp
[0.393s] [ 12%] Built target ros_g29_force_feedback__rosidl_generator_c
[0.414s] [ 21%] Built target ros_g29_force_feedback__rosidl_typesupport_cpp
[0.414s] [ 30%] Built target ros_g29_force_feedback__rosidl_typesupport_introspection_cpp
[0.417s] [ 39%] Built target ros_g29_force_feedback__rosidl_typesupport_fastrtps_cpp
[0.436s] [ 48%] Built target ros_g29_force_feedback__rosidl_typesupport_c
[0.436s] [ 57%] Built target ros_g29_force_feedback__rosidl_typesupport_introspection_c
[0.449s] [ 66%] Built target ros_g29_force_feedback__rosidl_typesupport_fastrtps_c
[0.466s] [ 66%] Built target ros_g29_force_feedback
[0.494s] [ 69%] Built target ros_g29_force_feedback__py
[0.519s] [ 75%] Built target g29_force_feedback
[0.542s] [ 81%] Built target ros_g29_force_feedback__python
[0.575s] [100%] Built target ros_g29_force_feedback__rosidl_typesupport_c__pyext
[0.575s] [100%] Built target ros_g29_force_feedback__rosidl_typesupport_introspection_c__pyext
[0.575s] [100%] Built target ros_g29_force_feedback__rosidl_typesupport_fastrtps_c__pyext
[0.583s] Invoked command in '/home/kcg/AlonBarak-Joy/ros2_ws/build/ros_g29_force_feedback' returned '0': CMAKE_PREFIX_PATH=${CMAKE_PREFIX_PATH}:/opt/ros/foxy PS1=(venv) \[\e]0;\u@\h: \w\a\]${debian_chroot:+($debian_chroot)}\[\033[01;32m\]\u@\h\[\033[00m\]:\[\033[01;34m\]\w\[\033[00m\]\$ /usr/bin/cmake --build /home/kcg/AlonBarak-Joy/ros2_ws/build/ros_g29_force_feedback -- -j20 -l20
[0.617s] Invoking command in '/home/kcg/AlonBarak-Joy/ros2_ws/build/ros_g29_force_feedback': CMAKE_PREFIX_PATH=${CMAKE_PREFIX_PATH}:/opt/ros/foxy PS1=(venv) \[\e]0;\u@\h: \w\a\]${debian_chroot:+($debian_chroot)}\[\033[01;32m\]\u@\h\[\033[00m\]:\[\033[01;34m\]\w\[\033[00m\]\$ /usr/bin/cmake --install /home/kcg/AlonBarak-Joy/ros2_ws/build/ros_g29_force_feedback
[0.629s] -- Install configuration: ""
[0.629s] -- Up-to-date: /home/kcg/AlonBarak-Joy/ros2_ws/install/ros_g29_force_feedback/share/ament_index/resource_index/rosidl_interfaces/ros_g29_force_feedback
[0.630s] -- Up-to-date: /home/kcg/AlonBarak-Joy/ros2_ws/install/ros_g29_force_feedback/include/ros_g29_force_feedback
[0.630s] -- Up-to-date: /home/kcg/AlonBarak-Joy/ros2_ws/install/ros_g29_force_feedback/include/ros_g29_force_feedback/msg
[0.631s] -- Up-to-date: /home/kcg/AlonBarak-Joy/ros2_ws/install/ros_g29_force_feedback/include/ros_g29_force_feedback/msg/rosidl_generator_c__visibility_control.h
[0.631s] -- Up-to-date: /home/kcg/AlonBarak-Joy/ros2_ws/install/ros_g29_force_feedback/include/ros_g29_force_feedback/msg/force_feedback.h
[0.631s] -- Up-to-date: /home/kcg/AlonBarak-Joy/ros2_ws/install/ros_g29_force_feedback/include/ros_g29_force_feedback/msg/detail
[0.632s] -- Up-to-date: /home/kcg/AlonBarak-Joy/ros2_ws/install/ros_g29_force_feedback/include/ros_g29_force_feedback/msg/detail/force_feedback__functions.h
[0.632s] -- Up-to-date: /home/kcg/AlonBarak-Joy/ros2_ws/install/ros_g29_force_feedback/include/ros_g29_force_feedback/msg/detail/force_feedback__struct.h
[0.632s] -- Up-to-date: /home/kcg/AlonBarak-Joy/ros2_ws/install/ros_g29_force_feedback/include/ros_g29_force_feedback/msg/detail/force_feedback__type_support.h
[0.632s] -- Up-to-date: /home/kcg/AlonBarak-Joy/ros2_ws/install/ros_g29_force_feedback/include/ros_g29_force_feedback/msg/detail/force_feedback__functions.c
[0.632s] -- Up-to-date: /home/kcg/AlonBarak-Joy/ros2_ws/install/ros_g29_force_feedback/share/ros_g29_force_feedback/environment/library_path.sh
[0.632s] -- Up-to-date: /home/kcg/AlonBarak-Joy/ros2_ws/install/ros_g29_force_feedback/share/ros_g29_force_feedback/environment/library_path.dsv
[0.632s] -- Up-to-date: /home/kcg/AlonBarak-Joy/ros2_ws/install/ros_g29_force_feedback/lib/libros_g29_force_feedback__rosidl_generator_c.so
[0.632s] -- Up-to-date: /home/kcg/AlonBarak-Joy/ros2_ws/install/ros_g29_force_feedback/include/ros_g29_force_feedback
[0.632s] -- Up-to-date: /home/kcg/AlonBarak-Joy/ros2_ws/install/ros_g29_force_feedback/include/ros_g29_force_feedback/msg
[0.633s] -- Up-to-date: /home/kcg/AlonBarak-Joy/ros2_ws/install/ros_g29_force_feedback/include/ros_g29_force_feedback/msg/rosidl_typesupport_fastrtps_c__visibility_control.h
[0.633s] -- Up-to-date: /home/kcg/AlonBarak-Joy/ros2_ws/install/ros_g29_force_feedback/include/ros_g29_force_feedback/msg/detail
[0.633s] -- Up-to-date: /home/kcg/AlonBarak-Joy/ros2_ws/install/ros_g29_force_feedback/include/ros_g29_force_feedback/msg/detail/force_feedback__rosidl_typesupport_fastrtps_c.h
[0.633s] -- Up-to-date: /home/kcg/AlonBarak-Joy/ros2_ws/install/ros_g29_force_feedback/lib/libros_g29_force_feedback__rosidl_typesupport_fastrtps_c.so
[0.633s] -- Up-to-date: /home/kcg/AlonBarak-Joy/ros2_ws/install/ros_g29_force_feedback/include/ros_g29_force_feedback
[0.633s] -- Up-to-date: /home/kcg/AlonBarak-Joy/ros2_ws/install/ros_g29_force_feedback/include/ros_g29_force_feedback/msg
[0.633s] -- Up-to-date: /home/kcg/AlonBarak-Joy/ros2_ws/install/ros_g29_force_feedback/include/ros_g29_force_feedback/msg/rosidl_typesupport_fastrtps_cpp__visibility_control.h
[0.633s] -- Up-to-date: /home/kcg/AlonBarak-Joy/ros2_ws/install/ros_g29_force_feedback/include/ros_g29_force_feedback/msg/detail
[0.633s] -- Up-to-date: /home/kcg/AlonBarak-Joy/ros2_ws/install/ros_g29_force_feedback/include/ros_g29_force_feedback/msg/detail/dds_fastrtps
[0.633s] -- Up-to-date: /home/kcg/AlonBarak-Joy/ros2_ws/install/ros_g29_force_feedback/include/ros_g29_force_feedback/msg/detail/force_feedback__rosidl_typesupport_fastrtps_cpp.hpp
[0.633s] -- Up-to-date: /home/kcg/AlonBarak-Joy/ros2_ws/install/ros_g29_force_feedback/lib/libros_g29_force_feedback__rosidl_typesupport_fastrtps_cpp.so
[0.634s] -- Up-to-date: /home/kcg/AlonBarak-Joy/ros2_ws/install/ros_g29_force_feedback/include/ros_g29_force_feedback
[0.634s] -- Up-to-date: /home/kcg/AlonBarak-Joy/ros2_ws/install/ros_g29_force_feedback/include/ros_g29_force_feedback/msg
[0.634s] -- Up-to-date: /home/kcg/AlonBarak-Joy/ros2_ws/install/ros_g29_force_feedback/include/ros_g29_force_feedback/msg/rosidl_typesupport_introspection_c__visibility_control.h
[0.634s] -- Up-to-date: /home/kcg/AlonBarak-Joy/ros2_ws/install/ros_g29_force_feedback/include/ros_g29_force_feedback/msg/detail
[0.634s] -- Up-to-date: /home/kcg/AlonBarak-Joy/ros2_ws/install/ros_g29_force_feedback/include/ros_g29_force_feedback/msg/detail/force_feedback__rosidl_typesupport_introspection_c.h
[0.634s] -- Up-to-date: /home/kcg/AlonBarak-Joy/ros2_ws/install/ros_g29_force_feedback/include/ros_g29_force_feedback/msg/detail/force_feedback__type_support.c
[0.635s] -- Up-to-date: /home/kcg/AlonBarak-Joy/ros2_ws/install/ros_g29_force_feedback/lib/libros_g29_force_feedback__rosidl_typesupport_introspection_c.so
[0.635s] -- Up-to-date: /home/kcg/AlonBarak-Joy/ros2_ws/install/ros_g29_force_feedback/lib/libros_g29_force_feedback__rosidl_typesupport_c.so
[0.635s] -- Up-to-date: /home/kcg/AlonBarak-Joy/ros2_ws/install/ros_g29_force_feedback/include/ros_g29_force_feedback
[0.635s] -- Up-to-date: /home/kcg/AlonBarak-Joy/ros2_ws/install/ros_g29_force_feedback/include/ros_g29_force_feedback/msg
[0.635s] -- Up-to-date: /home/kcg/AlonBarak-Joy/ros2_ws/install/ros_g29_force_feedback/include/ros_g29_force_feedback/msg/force_feedback.hpp
[0.636s] -- Up-to-date: /home/kcg/AlonBarak-Joy/ros2_ws/install/ros_g29_force_feedback/include/ros_g29_force_feedback/msg/detail
[0.636s] -- Up-to-date: /home/kcg/AlonBarak-Joy/ros2_ws/install/ros_g29_force_feedback/include/ros_g29_force_feedback/msg/detail/force_feedback__builder.hpp
[0.636s] -- Up-to-date: /home/kcg/AlonBarak-Joy/ros2_ws/install/ros_g29_force_feedback/include/ros_g29_force_feedback/msg/detail/force_feedback__traits.hpp
[0.636s] -- Up-to-date: /home/kcg/AlonBarak-Joy/ros2_ws/install/ros_g29_force_feedback/include/ros_g29_force_feedback/msg/detail/force_feedback__struct.hpp
[0.636s] -- Up-to-date: /home/kcg/AlonBarak-Joy/ros2_ws/install/ros_g29_force_feedback/include/ros_g29_force_feedback
[0.636s] -- Up-to-date: /home/kcg/AlonBarak-Joy/ros2_ws/install/ros_g29_force_feedback/include/ros_g29_force_feedback/msg
[0.636s] -- Up-to-date: /home/kcg/AlonBarak-Joy/ros2_ws/install/ros_g29_force_feedback/include/ros_g29_force_feedback/msg/detail
[0.636s] -- Up-to-date: /home/kcg/AlonBarak-Joy/ros2_ws/install/ros_g29_force_feedback/include/ros_g29_force_feedback/msg/detail/force_feedback__type_support.cpp
[0.636s] -- Up-to-date: /home/kcg/AlonBarak-Joy/ros2_ws/install/ros_g29_force_feedback/include/ros_g29_force_feedback/msg/detail/force_feedback__rosidl_typesupport_introspection_cpp.hpp
[0.637s] -- Up-to-date: /home/kcg/AlonBarak-Joy/ros2_ws/install/ros_g29_force_feedback/lib/libros_g29_force_feedback__rosidl_typesupport_introspection_cpp.so
[0.637s] -- Up-to-date: /home/kcg/AlonBarak-Joy/ros2_ws/install/ros_g29_force_feedback/lib/libros_g29_force_feedback__rosidl_typesupport_cpp.so
[0.638s] -- Up-to-date: /home/kcg/AlonBarak-Joy/ros2_ws/install/ros_g29_force_feedback/share/ros_g29_force_feedback/environment/pythonpath.sh
[0.638s] -- Up-to-date: /home/kcg/AlonBarak-Joy/ros2_ws/install/ros_g29_force_feedback/share/ros_g29_force_feedback/environment/pythonpath.dsv
[0.638s] -- Up-to-date: /home/kcg/AlonBarak-Joy/ros2_ws/install/ros_g29_force_feedback/lib/python3.8/site-packages/ros_g29_force_feedback/__init__.py
[0.660s] -- Up-to-date: /home/kcg/AlonBarak-Joy/ros2_ws/install/ros_g29_force_feedback/lib/python3.8/site-packages/ros_g29_force_feedback/msg
[0.660s] -- Up-to-date: /home/kcg/AlonBarak-Joy/ros2_ws/install/ros_g29_force_feedback/lib/python3.8/site-packages/ros_g29_force_feedback/msg/__init__.py
[0.660s] -- Up-to-date: /home/kcg/AlonBarak-Joy/ros2_ws/install/ros_g29_force_feedback/lib/python3.8/site-packages/ros_g29_force_feedback/msg/_force_feedback_s.c
[0.660s] -- Up-to-date: /home/kcg/AlonBarak-Joy/ros2_ws/install/ros_g29_force_feedback/lib/python3.8/site-packages/ros_g29_force_feedback/msg/_force_feedback.py
[0.661s] -- Up-to-date: /home/kcg/AlonBarak-Joy/ros2_ws/install/ros_g29_force_feedback/lib/python3.8/site-packages/ros_g29_force_feedback/ros_g29_force_feedback_s__rosidl_typesupport_fastrtps_c.cpython-38-x86_64-linux-gnu.so
[0.662s] -- Up-to-date: /home/kcg/AlonBarak-Joy/ros2_ws/install/ros_g29_force_feedback/lib/python3.8/site-packages/ros_g29_force_feedback/ros_g29_force_feedback_s__rosidl_typesupport_introspection_c.cpython-38-x86_64-linux-gnu.so
[0.662s] -- Up-to-date: /home/kcg/AlonBarak-Joy/ros2_ws/install/ros_g29_force_feedback/lib/python3.8/site-packages/ros_g29_force_feedback/ros_g29_force_feedback_s__rosidl_typesupport_c.cpython-38-x86_64-linux-gnu.so
[0.663s] -- Up-to-date: /home/kcg/AlonBarak-Joy/ros2_ws/install/ros_g29_force_feedback/lib/libros_g29_force_feedback__python.so
[0.663s] -- Up-to-date: /home/kcg/AlonBarak-Joy/ros2_ws/install/ros_g29_force_feedback/share/ros_g29_force_feedback/msg/ForceFeedback.idl
[0.663s] -- Up-to-date: /home/kcg/AlonBarak-Joy/ros2_ws/install/ros_g29_force_feedback/share/ros_g29_force_feedback/msg/ForceFeedback.msg
[0.664s] -- Up-to-date: /home/kcg/AlonBarak-Joy/ros2_ws/install/ros_g29_force_feedback/lib/ros_g29_force_feedback/g29_force_feedback
[0.664s] -- Up-to-date: /home/kcg/AlonBarak-Joy/ros2_ws/install/ros_g29_force_feedback/share/ros_g29_force_feedback/config
[0.664s] -- Up-to-date: /home/kcg/AlonBarak-Joy/ros2_ws/install/ros_g29_force_feedback/share/ros_g29_force_feedback/config/g29.yaml
[0.664s] -- Up-to-date: /home/kcg/AlonBarak-Joy/ros2_ws/install/ros_g29_force_feedback/share/ros_g29_force_feedback/launch
[0.665s] -- Up-to-date: /home/kcg/AlonBarak-Joy/ros2_ws/install/ros_g29_force_feedback/share/ros_g29_force_feedback/launch/g29_feedback.launch.py
[0.665s] -- Up-to-date: /home/kcg/AlonBarak-Joy/ros2_ws/install/ros_g29_force_feedback/share/ros_g29_force_feedback/launch/msg
[0.666s] -- Up-to-date: /home/kcg/AlonBarak-Joy/ros2_ws/install/ros_g29_force_feedback/share/ros_g29_force_feedback/launch/msg/__init__.py
[0.666s] -- Up-to-date: /home/kcg/AlonBarak-Joy/ros2_ws/install/ros_g29_force_feedback/share/ros_g29_force_feedback/launch/msg/__pycache__
[0.666s] -- Up-to-date: /home/kcg/AlonBarak-Joy/ros2_ws/install/ros_g29_force_feedback/share/ros_g29_force_feedback/launch/msg/__pycache__/_ForceFeedback.cpython-38.pyc
[0.666s] -- Up-to-date: /home/kcg/AlonBarak-Joy/ros2_ws/install/ros_g29_force_feedback/share/ros_g29_force_feedback/launch/msg/__pycache__/__init__.cpython-38.pyc
[0.666s] -- Up-to-date: /home/kcg/AlonBarak-Joy/ros2_ws/install/ros_g29_force_feedback/share/ros_g29_force_feedback/launch/msg/_ForceFeedback.py
[0.667s] -- Up-to-date: /home/kcg/AlonBarak-Joy/ros2_ws/install/ros_g29_force_feedback/share/ament_index/resource_index/package_run_dependencies/ros_g29_force_feedback
[0.667s] -- Up-to-date: /home/kcg/AlonBarak-Joy/ros2_ws/install/ros_g29_force_feedback/share/ament_index/resource_index/parent_prefix_path/ros_g29_force_feedback
[0.667s] -- Up-to-date: /home/kcg/AlonBarak-Joy/ros2_ws/install/ros_g29_force_feedback/share/ros_g29_force_feedback/environment/ament_prefix_path.sh
[0.667s] -- Up-to-date: /home/kcg/AlonBarak-Joy/ros2_ws/install/ros_g29_force_feedback/share/ros_g29_force_feedback/environment/ament_prefix_path.dsv
[0.667s] -- Up-to-date: /home/kcg/AlonBarak-Joy/ros2_ws/install/ros_g29_force_feedback/share/ros_g29_force_feedback/environment/path.sh
[0.667s] -- Up-to-date: /home/kcg/AlonBarak-Joy/ros2_ws/install/ros_g29_force_feedback/share/ros_g29_force_feedback/environment/path.dsv
[0.668s] -- Up-to-date: /home/kcg/AlonBarak-Joy/ros2_ws/install/ros_g29_force_feedback/share/ros_g29_force_feedback/local_setup.bash
[0.668s] -- Up-to-date: /home/kcg/AlonBarak-Joy/ros2_ws/install/ros_g29_force_feedback/share/ros_g29_force_feedback/local_setup.sh
[0.668s] -- Up-to-date: /home/kcg/AlonBarak-Joy/ros2_ws/install/ros_g29_force_feedback/share/ros_g29_force_feedback/local_setup.zsh
[0.668s] -- Up-to-date: /home/kcg/AlonBarak-Joy/ros2_ws/install/ros_g29_force_feedback/share/ros_g29_force_feedback/local_setup.dsv
[0.668s] -- Installing: /home/kcg/AlonBarak-Joy/ros2_ws/install/ros_g29_force_feedback/share/ros_g29_force_feedback/package.dsv
[0.668s] -- Up-to-date: /home/kcg/AlonBarak-Joy/ros2_ws/install/ros_g29_force_feedback/share/ament_index/resource_index/packages/ros_g29_force_feedback
[0.671s] -- Up-to-date: /home/kcg/AlonBarak-Joy/ros2_ws/install/ros_g29_force_feedback/share/ros_g29_force_feedback/cmake/ros_g29_force_feedback__rosidl_generator_cExport.cmake
[0.671s] -- Up-to-date: /home/kcg/AlonBarak-Joy/ros2_ws/install/ros_g29_force_feedback/share/ros_g29_force_feedback/cmake/ros_g29_force_feedback__rosidl_generator_cExport-noconfig.cmake
[0.672s] -- Up-to-date: /home/kcg/AlonBarak-Joy/ros2_ws/install/ros_g29_force_feedback/share/ros_g29_force_feedback/cmake/ros_g29_force_feedback__rosidl_typesupport_introspection_cExport.cmake
[0.672s] -- Up-to-date: /home/kcg/AlonBarak-Joy/ros2_ws/install/ros_g29_force_feedback/share/ros_g29_force_feedback/cmake/ros_g29_force_feedback__rosidl_typesupport_introspection_cExport-noconfig.cmake
[0.673s] -- Up-to-date: /home/kcg/AlonBarak-Joy/ros2_ws/install/ros_g29_force_feedback/share/ros_g29_force_feedback/cmake/ros_g29_force_feedback__rosidl_typesupport_cExport.cmake
[0.673s] -- Up-to-date: /home/kcg/AlonBarak-Joy/ros2_ws/install/ros_g29_force_feedback/share/ros_g29_force_feedback/cmake/ros_g29_force_feedback__rosidl_typesupport_cExport-noconfig.cmake
[0.674s] -- Up-to-date: /home/kcg/AlonBarak-Joy/ros2_ws/install/ros_g29_force_feedback/share/ros_g29_force_feedback/cmake/ros_g29_force_feedback__rosidl_generator_cppExport.cmake
[0.678s] -- Up-to-date: /home/kcg/AlonBarak-Joy/ros2_ws/install/ros_g29_force_feedback/share/ros_g29_force_feedback/cmake/ros_g29_force_feedback__rosidl_typesupport_introspection_cppExport.cmake
[0.679s] -- Up-to-date: /home/kcg/AlonBarak-Joy/ros2_ws/install/ros_g29_force_feedback/share/ros_g29_force_feedback/cmake/ros_g29_force_feedback__rosidl_typesupport_introspection_cppExport-noconfig.cmake
[0.679s] -- Up-to-date: /home/kcg/AlonBarak-Joy/ros2_ws/install/ros_g29_force_feedback/share/ros_g29_force_feedback/cmake/ros_g29_force_feedback__rosidl_typesupport_cppExport.cmake
[0.680s] -- Up-to-date: /home/kcg/AlonBarak-Joy/ros2_ws/install/ros_g29_force_feedback/share/ros_g29_force_feedback/cmake/ros_g29_force_feedback__rosidl_typesupport_cppExport-noconfig.cmake
[0.680s] -- Up-to-date: /home/kcg/AlonBarak-Joy/ros2_ws/install/ros_g29_force_feedback/share/ros_g29_force_feedback/cmake/rosidl_cmake-extras.cmake
[0.680s] -- Up-to-date: /home/kcg/AlonBarak-Joy/ros2_ws/install/ros_g29_force_feedback/share/ros_g29_force_feedback/cmake/ament_cmake_export_dependencies-extras.cmake
[0.680s] -- Up-to-date: /home/kcg/AlonBarak-Joy/ros2_ws/install/ros_g29_force_feedback/share/ros_g29_force_feedback/cmake/ament_cmake_export_libraries-extras.cmake
[0.680s] -- Up-to-date: /home/kcg/AlonBarak-Joy/ros2_ws/install/ros_g29_force_feedback/share/ros_g29_force_feedback/cmake/ament_cmake_export_targets-extras.cmake
[0.680s] -- Up-to-date: /home/kcg/AlonBarak-Joy/ros2_ws/install/ros_g29_force_feedback/share/ros_g29_force_feedback/cmake/ament_cmake_export_include_directories-extras.cmake
[0.680s] -- Up-to-date: /home/kcg/AlonBarak-Joy/ros2_ws/install/ros_g29_force_feedback/share/ros_g29_force_feedback/cmake/rosidl_cmake_export_typesupport_libraries-extras.cmake
[0.680s] -- Up-to-date: /home/kcg/AlonBarak-Joy/ros2_ws/install/ros_g29_force_feedback/share/ros_g29_force_feedback/cmake/rosidl_cmake_export_typesupport_targets-extras.cmake
[0.680s] -- Up-to-date: /home/kcg/AlonBarak-Joy/ros2_ws/install/ros_g29_force_feedback/share/ros_g29_force_feedback/cmake/ros_g29_force_feedbackConfig.cmake
[0.680s] -- Up-to-date: /home/kcg/AlonBarak-Joy/ros2_ws/install/ros_g29_force_feedback/share/ros_g29_force_feedback/cmake/ros_g29_force_feedbackConfig-version.cmake
[0.680s] -- Up-to-date: /home/kcg/AlonBarak-Joy/ros2_ws/install/ros_g29_force_feedback/share/ros_g29_force_feedback/package.xml
[0.685s] Invoked command in '/home/kcg/AlonBarak-Joy/ros2_ws/build/ros_g29_force_feedback' returned '0': CMAKE_PREFIX_PATH=${CMAKE_PREFIX_PATH}:/opt/ros/foxy PS1=(venv) \[\e]0;\u@\h: \w\a\]${debian_chroot:+($debian_chroot)}\[\033[01;32m\]\u@\h\[\033[00m\]:\[\033[01;34m\]\w\[\033[00m\]\$ /usr/bin/cmake --install /home/kcg/AlonBarak-Joy/ros2_ws/build/ros_g29_force_feedback
