[0.458s] Invoking command in '/home/kcg/ROS2Sample/src/python_publisher': PYTHONPATH=/home/kcg/ROS2Sample/src/install/python_publisher/lib/python3.8/site-packages:/home/kcg/ROS2Sample/src/install/cognata_sdk_ros2/lib/python3.8/site-packages:/home/kcg/ROS2Sample/src/install/python_publisher/lib/python3.8/site-packages:/opt/ros/foxy/lib/python3.8/site-packages /usr/bin/python3 setup.py egg_info --egg-base ../build/python_publisher build --build-base /home/kcg/ROS2Sample/src/build/python_publisher/build install --prefix /home/kcg/ROS2Sample/src/install/python_publisher --record /home/kcg/ROS2Sample/src/build/python_publisher/install.log --single-version-externally-managed
[0.615s] running egg_info
[0.616s] writing ../build/python_publisher/python_publisher.egg-info/PKG-INFO
[0.616s] writing dependency_links to ../build/python_publisher/python_publisher.egg-info/dependency_links.txt
[0.616s] writing entry points to ../build/python_publisher/python_publisher.egg-info/entry_points.txt
[0.616s] writing requirements to ../build/python_publisher/python_publisher.egg-info/requires.txt
[0.617s] writing top-level names to ../build/python_publisher/python_publisher.egg-info/top_level.txt
[0.637s] reading manifest file '../build/python_publisher/python_publisher.egg-info/SOURCES.txt'
[0.638s] writing manifest file '../build/python_publisher/python_publisher.egg-info/SOURCES.txt'
[0.638s] running build
[0.638s] running build_py
[0.638s] running install
[0.639s] running install_lib
[0.639s] running install_data
[0.640s] running install_egg_info
[0.641s] removing '/home/kcg/ROS2Sample/src/install/python_publisher/lib/python3.8/site-packages/python_publisher-0.0.0-py3.8.egg-info' (and everything under it)
[0.641s] Copying ../build/python_publisher/python_publisher.egg-info to /home/kcg/ROS2Sample/src/install/python_publisher/lib/python3.8/site-packages/python_publisher-0.0.0-py3.8.egg-info
[0.642s] running install_scripts
[0.651s] Installing acc script to /home/kcg/ROS2Sample/src/install/python_publisher/lib/python_publisher
[0.652s] Installing pid script to /home/kcg/ROS2Sample/src/install/python_publisher/lib/python_publisher
[0.652s] Installing publisher script to /home/kcg/ROS2Sample/src/install/python_publisher/lib/python_publisher
[0.652s] writing list of installed files to '/home/kcg/ROS2Sample/src/build/python_publisher/install.log'
[0.666s] Invoked command in '/home/kcg/ROS2Sample/src/python_publisher' returned '0': PYTHONPATH=/home/kcg/ROS2Sample/src/install/python_publisher/lib/python3.8/site-packages:/home/kcg/ROS2Sample/src/install/cognata_sdk_ros2/lib/python3.8/site-packages:/home/kcg/ROS2Sample/src/install/python_publisher/lib/python3.8/site-packages:/opt/ros/foxy/lib/python3.8/site-packages /usr/bin/python3 setup.py egg_info --egg-base ../build/python_publisher build --build-base /home/kcg/ROS2Sample/src/build/python_publisher/build install --prefix /home/kcg/ROS2Sample/src/install/python_publisher --record /home/kcg/ROS2Sample/src/build/python_publisher/install.log --single-version-externally-managed
