[0.081s] DEBUG:colcon:Command line arguments: ['/usr/bin/colcon', 'build']
[0.081s] DEBUG:colcon:Parsed command line arguments: Namespace(allow_overriding=[], ament_cmake_args=None, base_paths=['.'], build_base='build', catkin_cmake_args=None, catkin_skip_building_tests=False, cmake_args=None, cmake_clean_cache=False, cmake_clean_first=False, cmake_force_configure=False, cmake_target=None, cmake_target_skip_unavailable=False, continue_on_error=False, event_handlers=None, executor='parallel', ignore_user_meta=False, install_base='install', log_base=None, log_level=None, main=<bound method BuildVerb.main of <colcon_core.verb.build.BuildVerb object at 0x7fbcb7fe8c70>>, merge_install=False, metas=['./colcon.meta'], packages_above=None, packages_above_and_dependencies=None, packages_above_depth=None, packages_end=None, packages_ignore=None, packages_ignore_regex=None, packages_select=None, packages_select_build_failed=False, packages_select_by_dep=None, packages_select_regex=None, packages_select_test_failures=False, packages_skip=None, packages_skip_build_finished=False, packages_skip_by_dep=None, packages_skip_regex=None, packages_skip_test_passed=False, packages_skip_up_to=None, packages_start=None, packages_up_to=None, packages_up_to_regex=None, parallel_workers=16, paths=None, symlink_install=False, test_result_base=None, verb_extension=<colcon_core.verb.build.BuildVerb object at 0x7fbcb7fe8c70>, verb_name='build', verb_parser=<colcon_defaults.argument_parser.defaults.DefaultArgumentsDecorator object at 0x7fbcb7ff5220>)
[0.095s] Level 1:colcon.colcon_core.package_discovery:discover_packages(colcon_meta) check parameters
[0.095s] Level 1:colcon.colcon_core.package_discovery:discover_packages(recursive) check parameters
[0.095s] Level 1:colcon.colcon_core.package_discovery:discover_packages(ignore) check parameters
[0.095s] Level 1:colcon.colcon_core.package_discovery:discover_packages(path) check parameters
[0.095s] Level 1:colcon.colcon_core.package_discovery:discover_packages(colcon_meta) discover
[0.095s] Level 1:colcon.colcon_core.package_discovery:discover_packages(recursive) discover
[0.095s] INFO:colcon.colcon_core.package_discovery:Crawling recursively for packages in '/home/shovals/copy/vayav_objects_details'
[0.095s] Level 1:colcon.colcon_core.package_identification:_identify(.) by extensions ['ignore', 'ignore_ament_install']
[0.095s] Level 1:colcon.colcon_core.package_identification:_identify(.) by extension 'ignore'
[0.095s] Level 1:colcon.colcon_core.package_identification:_identify(.) by extension 'ignore_ament_install'
[0.095s] Level 1:colcon.colcon_core.package_identification:_identify(.) by extensions ['colcon_pkg']
[0.095s] Level 1:colcon.colcon_core.package_identification:_identify(.) by extension 'colcon_pkg'
[0.095s] Level 1:colcon.colcon_core.package_identification:_identify(.) by extensions ['colcon_meta']
[0.095s] Level 1:colcon.colcon_core.package_identification:_identify(.) by extension 'colcon_meta'
[0.095s] Level 1:colcon.colcon_core.package_identification:_identify(.) by extensions ['ros']
[0.095s] Level 1:colcon.colcon_core.package_identification:_identify(.) by extension 'ros'
[0.102s] Level 1:colcon.colcon_core.package_identification:_identify(.) by extensions ['cmake', 'python']
[0.102s] Level 1:colcon.colcon_core.package_identification:_identify(.) by extension 'cmake'
[0.102s] Level 1:colcon.colcon_core.package_identification:_identify(.) by extension 'python'
[0.102s] Level 1:colcon.colcon_core.package_identification:_identify(.) by extensions ['python_setup_py']
[0.102s] Level 1:colcon.colcon_core.package_identification:_identify(.) by extension 'python_setup_py'
[0.102s] Level 1:colcon.colcon_core.package_identification:_identify(build) by extensions ['ignore', 'ignore_ament_install']
[0.102s] Level 1:colcon.colcon_core.package_identification:_identify(build) by extension 'ignore'
[0.102s] Level 1:colcon.colcon_core.package_identification:_identify(build) ignored
[0.102s] Level 1:colcon.colcon_core.package_identification:_identify(install) by extensions ['ignore', 'ignore_ament_install']
[0.102s] Level 1:colcon.colcon_core.package_identification:_identify(install) by extension 'ignore'
[0.102s] Level 1:colcon.colcon_core.package_identification:_identify(install) ignored
[0.102s] Level 1:colcon.colcon_core.package_identification:_identify(log) by extensions ['ignore', 'ignore_ament_install']
[0.102s] Level 1:colcon.colcon_core.package_identification:_identify(log) by extension 'ignore'
[0.102s] Level 1:colcon.colcon_core.package_identification:_identify(log) ignored
[0.102s] Level 1:colcon.colcon_core.package_identification:_identify(rosbag2_2022_07_04-17_41_29) by extensions ['ignore', 'ignore_ament_install']
[0.103s] Level 1:colcon.colcon_core.package_identification:_identify(rosbag2_2022_07_04-17_41_29) by extension 'ignore'
[0.103s] Level 1:colcon.colcon_core.package_identification:_identify(rosbag2_2022_07_04-17_41_29) by extension 'ignore_ament_install'
[0.103s] Level 1:colcon.colcon_core.package_identification:_identify(rosbag2_2022_07_04-17_41_29) by extensions ['colcon_pkg']
[0.103s] Level 1:colcon.colcon_core.package_identification:_identify(rosbag2_2022_07_04-17_41_29) by extension 'colcon_pkg'
[0.103s] Level 1:colcon.colcon_core.package_identification:_identify(rosbag2_2022_07_04-17_41_29) by extensions ['colcon_meta']
[0.103s] Level 1:colcon.colcon_core.package_identification:_identify(rosbag2_2022_07_04-17_41_29) by extension 'colcon_meta'
[0.103s] Level 1:colcon.colcon_core.package_identification:_identify(rosbag2_2022_07_04-17_41_29) by extensions ['ros']
[0.103s] Level 1:colcon.colcon_core.package_identification:_identify(rosbag2_2022_07_04-17_41_29) by extension 'ros'
[0.103s] Level 1:colcon.colcon_core.package_identification:_identify(rosbag2_2022_07_04-17_41_29) by extensions ['cmake', 'python']
[0.103s] Level 1:colcon.colcon_core.package_identification:_identify(rosbag2_2022_07_04-17_41_29) by extension 'cmake'
[0.103s] Level 1:colcon.colcon_core.package_identification:_identify(rosbag2_2022_07_04-17_41_29) by extension 'python'
[0.103s] Level 1:colcon.colcon_core.package_identification:_identify(rosbag2_2022_07_04-17_41_29) by extensions ['python_setup_py']
[0.103s] Level 1:colcon.colcon_core.package_identification:_identify(rosbag2_2022_07_04-17_41_29) by extension 'python_setup_py'
[0.103s] Level 1:colcon.colcon_core.package_identification:_identify(src) by extensions ['ignore', 'ignore_ament_install']
[0.103s] Level 1:colcon.colcon_core.package_identification:_identify(src) by extension 'ignore'
[0.103s] Level 1:colcon.colcon_core.package_identification:_identify(src) by extension 'ignore_ament_install'
[0.103s] Level 1:colcon.colcon_core.package_identification:_identify(src) by extensions ['colcon_pkg']
[0.103s] Level 1:colcon.colcon_core.package_identification:_identify(src) by extension 'colcon_pkg'
[0.103s] Level 1:colcon.colcon_core.package_identification:_identify(src) by extensions ['colcon_meta']
[0.103s] Level 1:colcon.colcon_core.package_identification:_identify(src) by extension 'colcon_meta'
[0.103s] Level 1:colcon.colcon_core.package_identification:_identify(src) by extensions ['ros']
[0.103s] Level 1:colcon.colcon_core.package_identification:_identify(src) by extension 'ros'
[0.103s] Level 1:colcon.colcon_core.package_identification:_identify(src) by extensions ['cmake', 'python']
[0.103s] Level 1:colcon.colcon_core.package_identification:_identify(src) by extension 'cmake'
[0.103s] Level 1:colcon.colcon_core.package_identification:_identify(src) by extension 'python'
[0.103s] Level 1:colcon.colcon_core.package_identification:_identify(src) by extensions ['python_setup_py']
[0.103s] Level 1:colcon.colcon_core.package_identification:_identify(src) by extension 'python_setup_py'
[0.103s] Level 1:colcon.colcon_core.package_identification:_identify(src/tracked_lane_msgs) by extensions ['ignore', 'ignore_ament_install']
[0.103s] Level 1:colcon.colcon_core.package_identification:_identify(src/tracked_lane_msgs) by extension 'ignore'
[0.103s] Level 1:colcon.colcon_core.package_identification:_identify(src/tracked_lane_msgs) by extension 'ignore_ament_install'
[0.103s] Level 1:colcon.colcon_core.package_identification:_identify(src/tracked_lane_msgs) by extensions ['colcon_pkg']
[0.103s] Level 1:colcon.colcon_core.package_identification:_identify(src/tracked_lane_msgs) by extension 'colcon_pkg'
[0.103s] Level 1:colcon.colcon_core.package_identification:_identify(src/tracked_lane_msgs) by extensions ['colcon_meta']
[0.103s] Level 1:colcon.colcon_core.package_identification:_identify(src/tracked_lane_msgs) by extension 'colcon_meta'
[0.103s] Level 1:colcon.colcon_core.package_identification:_identify(src/tracked_lane_msgs) by extensions ['ros']
[0.103s] Level 1:colcon.colcon_core.package_identification:_identify(src/tracked_lane_msgs) by extension 'ros'
[0.105s] DEBUG:colcon.colcon_core.package_identification:Package 'src/tracked_lane_msgs' with type 'ros.ament_cmake' and name 'tracked_lane_msgs'
[0.105s] Level 1:colcon.colcon_core.package_identification:_identify(src/tracked_object_msgs) by extensions ['ignore', 'ignore_ament_install']
[0.105s] Level 1:colcon.colcon_core.package_identification:_identify(src/tracked_object_msgs) by extension 'ignore'
[0.105s] Level 1:colcon.colcon_core.package_identification:_identify(src/tracked_object_msgs) by extension 'ignore_ament_install'
[0.105s] Level 1:colcon.colcon_core.package_identification:_identify(src/tracked_object_msgs) by extensions ['colcon_pkg']
[0.105s] Level 1:colcon.colcon_core.package_identification:_identify(src/tracked_object_msgs) by extension 'colcon_pkg'
[0.105s] Level 1:colcon.colcon_core.package_identification:_identify(src/tracked_object_msgs) by extensions ['colcon_meta']
[0.105s] Level 1:colcon.colcon_core.package_identification:_identify(src/tracked_object_msgs) by extension 'colcon_meta'
[0.105s] Level 1:colcon.colcon_core.package_identification:_identify(src/tracked_object_msgs) by extensions ['ros']
[0.105s] Level 1:colcon.colcon_core.package_identification:_identify(src/tracked_object_msgs) by extension 'ros'
[0.108s] DEBUG:colcon.colcon_core.package_identification:Package 'src/tracked_object_msgs' with type 'ros.ament_cmake' and name 'tracked_object_msgs'
[0.108s] Level 1:colcon.colcon_core.package_discovery:discover_packages(recursive) using defaults
[0.108s] Level 1:colcon.colcon_core.package_discovery:discover_packages(ignore) discover
[0.108s] Level 1:colcon.colcon_core.package_discovery:discover_packages(ignore) using defaults
[0.108s] Level 1:colcon.colcon_core.package_discovery:discover_packages(path) discover
[0.108s] Level 1:colcon.colcon_core.package_discovery:discover_packages(path) using defaults
[0.124s] Level 1:colcon.colcon_core.package_discovery:discover_packages(prefix_path) check parameters
[0.124s] Level 1:colcon.colcon_core.package_discovery:discover_packages(prefix_path) discover
[0.125s] WARNING:colcon.colcon_core.prefix_path.colcon:The path '/home/shovals/copy/colcon_workspace/install' in the environment variable COLCON_PREFIX_PATH doesn't exist
[0.125s] WARNING:colcon.colcon_ros.prefix_path.ament:The path '/home/shovals/copy/colcon_workspace/install/tracked_object_msgs' in the environment variable AMENT_PREFIX_PATH doesn't exist
[0.125s] WARNING:colcon.colcon_ros.prefix_path.ament:The path '/home/shovals/copy/colcon_workspace/install/tracked_lane_msgs' in the environment variable AMENT_PREFIX_PATH doesn't exist
[0.125s] WARNING:colcon.colcon_ros.prefix_path.catkin:The path '/home/shovals/copy/colcon_workspace/install/tracked_object_msgs' in the environment variable CMAKE_PREFIX_PATH doesn't exist
[0.125s] WARNING:colcon.colcon_ros.prefix_path.catkin:The path '/home/shovals/copy/colcon_workspace/install/tracked_lane_msgs' in the environment variable CMAKE_PREFIX_PATH doesn't exist
[0.125s] DEBUG:colcon.colcon_installed_package_information.package_discovery:Found 1 installed packages in /home/shovals/copy/py_pkg/install
[0.126s] DEBUG:colcon.colcon_installed_package_information.package_discovery:Found 2 installed packages in /home/shovals/copy/ROS2Sample/install
[0.127s] DEBUG:colcon.colcon_installed_package_information.package_discovery:Found 256 installed packages in /opt/ros/foxy
[0.128s] Level 1:colcon.colcon_core.package_discovery:discover_packages(prefix_path) using defaults
[0.166s] Level 5:colcon.colcon_core.verb:set package 'tracked_lane_msgs' build argument 'cmake_args' from command line to 'None'
[0.166s] Level 5:colcon.colcon_core.verb:set package 'tracked_lane_msgs' build argument 'cmake_target' from command line to 'None'
[0.166s] Level 5:colcon.colcon_core.verb:set package 'tracked_lane_msgs' build argument 'cmake_target_skip_unavailable' from command line to 'False'
[0.166s] Level 5:colcon.colcon_core.verb:set package 'tracked_lane_msgs' build argument 'cmake_clean_cache' from command line to 'False'
[0.166s] Level 5:colcon.colcon_core.verb:set package 'tracked_lane_msgs' build argument 'cmake_clean_first' from command line to 'False'
[0.166s] Level 5:colcon.colcon_core.verb:set package 'tracked_lane_msgs' build argument 'cmake_force_configure' from command line to 'False'
[0.166s] Level 5:colcon.colcon_core.verb:set package 'tracked_lane_msgs' build argument 'ament_cmake_args' from command line to 'None'
[0.166s] Level 5:colcon.colcon_core.verb:set package 'tracked_lane_msgs' build argument 'catkin_cmake_args' from command line to 'None'
[0.166s] Level 5:colcon.colcon_core.verb:set package 'tracked_lane_msgs' build argument 'catkin_skip_building_tests' from command line to 'False'
[0.166s] DEBUG:colcon.colcon_core.verb:Building package 'tracked_lane_msgs' with the following arguments: {'ament_cmake_args': None, 'build_base': '/home/shovals/copy/vayav_objects_details/build/tracked_lane_msgs', 'catkin_cmake_args': None, 'catkin_skip_building_tests': False, 'cmake_args': None, 'cmake_clean_cache': False, 'cmake_clean_first': False, 'cmake_force_configure': False, 'cmake_target': None, 'cmake_target_skip_unavailable': False, 'install_base': '/home/shovals/copy/vayav_objects_details/install/tracked_lane_msgs', 'merge_install': False, 'path': '/home/shovals/copy/vayav_objects_details/src/tracked_lane_msgs', 'symlink_install': False, 'test_result_base': None}
[0.166s] Level 5:colcon.colcon_core.verb:set package 'tracked_object_msgs' build argument 'cmake_args' from command line to 'None'
[0.166s] Level 5:colcon.colcon_core.verb:set package 'tracked_object_msgs' build argument 'cmake_target' from command line to 'None'
[0.166s] Level 5:colcon.colcon_core.verb:set package 'tracked_object_msgs' build argument 'cmake_target_skip_unavailable' from command line to 'False'
[0.166s] Level 5:colcon.colcon_core.verb:set package 'tracked_object_msgs' build argument 'cmake_clean_cache' from command line to 'False'
[0.166s] Level 5:colcon.colcon_core.verb:set package 'tracked_object_msgs' build argument 'cmake_clean_first' from command line to 'False'
[0.166s] Level 5:colcon.colcon_core.verb:set package 'tracked_object_msgs' build argument 'cmake_force_configure' from command line to 'False'
[0.166s] Level 5:colcon.colcon_core.verb:set package 'tracked_object_msgs' build argument 'ament_cmake_args' from command line to 'None'
[0.166s] Level 5:colcon.colcon_core.verb:set package 'tracked_object_msgs' build argument 'catkin_cmake_args' from command line to 'None'
[0.166s] Level 5:colcon.colcon_core.verb:set package 'tracked_object_msgs' build argument 'catkin_skip_building_tests' from command line to 'False'
[0.166s] DEBUG:colcon.colcon_core.verb:Building package 'tracked_object_msgs' with the following arguments: {'ament_cmake_args': None, 'build_base': '/home/shovals/copy/vayav_objects_details/build/tracked_object_msgs', 'catkin_cmake_args': None, 'catkin_skip_building_tests': False, 'cmake_args': None, 'cmake_clean_cache': False, 'cmake_clean_first': False, 'cmake_force_configure': False, 'cmake_target': None, 'cmake_target_skip_unavailable': False, 'install_base': '/home/shovals/copy/vayav_objects_details/install/tracked_object_msgs', 'merge_install': False, 'path': '/home/shovals/copy/vayav_objects_details/src/tracked_object_msgs', 'symlink_install': False, 'test_result_base': None}
[0.167s] INFO:colcon.colcon_core.executor:Executing jobs using 'parallel' executor
[0.169s] DEBUG:colcon.colcon_parallel_executor.executor.parallel:run_until_complete
[0.170s] INFO:colcon.colcon_ros.task.ament_cmake.build:Building ROS package in '/home/shovals/copy/vayav_objects_details/src/tracked_lane_msgs' with build type 'ament_cmake'
[0.170s] INFO:colcon.colcon_cmake.task.cmake.build:Building CMake package in '/home/shovals/copy/vayav_objects_details/src/tracked_lane_msgs'
[0.172s] INFO:colcon.colcon_core.plugin_system:Skipping extension 'colcon_core.shell.bat': Not used on non-Windows systems
[0.172s] INFO:colcon.colcon_core.shell:Skip shell extension 'powershell' for command environment: Not usable outside of PowerShell
[0.172s] DEBUG:colcon.colcon_core.shell:Skip shell extension 'dsv' for command environment
[0.176s] INFO:colcon.colcon_ros.task.ament_cmake.build:Building ROS package in '/home/shovals/copy/vayav_objects_details/src/tracked_object_msgs' with build type 'ament_cmake'
[0.176s] INFO:colcon.colcon_cmake.task.cmake.build:Building CMake package in '/home/shovals/copy/vayav_objects_details/src/tracked_object_msgs'
[0.177s] INFO:colcon.colcon_core.shell:Skip shell extension 'powershell' for command environment: Not usable outside of PowerShell
[0.177s] DEBUG:colcon.colcon_core.shell:Skip shell extension 'dsv' for command environment
[0.185s] DEBUG:colcon.colcon_core.event_handler.log_command:Invoking command in '/home/shovals/copy/vayav_objects_details/build/tracked_lane_msgs': CMAKE_PREFIX_PATH=${CMAKE_PREFIX_PATH}:/home/shovals/copy/py_pkg/install/py_pkg:/home/shovals/copy/ROS2Sample/install/python_publisher:/opt/ros/foxy /usr/bin/cmake /home/shovals/copy/vayav_objects_details/src/tracked_lane_msgs -DCMAKE_INSTALL_PREFIX=/home/shovals/copy/vayav_objects_details/install/tracked_lane_msgs
[0.190s] DEBUG:colcon.colcon_core.event_handler.log_command:Invoking command in '/home/shovals/copy/vayav_objects_details/build/tracked_object_msgs': CMAKE_PREFIX_PATH=${CMAKE_PREFIX_PATH}:/home/shovals/copy/py_pkg/install/py_pkg:/home/shovals/copy/ROS2Sample/install/python_publisher:/opt/ros/foxy /usr/bin/cmake /home/shovals/copy/vayav_objects_details/src/tracked_object_msgs -DCMAKE_INSTALL_PREFIX=/home/shovals/copy/vayav_objects_details/install/tracked_object_msgs
[1.131s] DEBUG:colcon.colcon_core.event_handler.log_command:Invoked command in '/home/shovals/copy/vayav_objects_details/build/tracked_lane_msgs' returned '0': CMAKE_PREFIX_PATH=${CMAKE_PREFIX_PATH}:/home/shovals/copy/py_pkg/install/py_pkg:/home/shovals/copy/ROS2Sample/install/python_publisher:/opt/ros/foxy /usr/bin/cmake /home/shovals/copy/vayav_objects_details/src/tracked_lane_msgs -DCMAKE_INSTALL_PREFIX=/home/shovals/copy/vayav_objects_details/install/tracked_lane_msgs
[1.133s] DEBUG:colcon.colcon_core.event_handler.log_command:Invoking command in '/home/shovals/copy/vayav_objects_details/build/tracked_lane_msgs': CMAKE_PREFIX_PATH=${CMAKE_PREFIX_PATH}:/home/shovals/copy/py_pkg/install/py_pkg:/home/shovals/copy/ROS2Sample/install/python_publisher:/opt/ros/foxy /usr/bin/cmake --build /home/shovals/copy/vayav_objects_details/build/tracked_lane_msgs -- -j16 -l16
[1.280s] DEBUG:colcon.colcon_core.event_handler.log_command:Invoked command in '/home/shovals/copy/vayav_objects_details/build/tracked_object_msgs' returned '0': CMAKE_PREFIX_PATH=${CMAKE_PREFIX_PATH}:/home/shovals/copy/py_pkg/install/py_pkg:/home/shovals/copy/ROS2Sample/install/python_publisher:/opt/ros/foxy /usr/bin/cmake /home/shovals/copy/vayav_objects_details/src/tracked_object_msgs -DCMAKE_INSTALL_PREFIX=/home/shovals/copy/vayav_objects_details/install/tracked_object_msgs
[1.281s] DEBUG:colcon.colcon_core.event_handler.log_command:Invoking command in '/home/shovals/copy/vayav_objects_details/build/tracked_object_msgs': CMAKE_PREFIX_PATH=${CMAKE_PREFIX_PATH}:/home/shovals/copy/py_pkg/install/py_pkg:/home/shovals/copy/ROS2Sample/install/python_publisher:/opt/ros/foxy /usr/bin/cmake --build /home/shovals/copy/vayav_objects_details/build/tracked_object_msgs -- -j16 -l16
[3.990s] DEBUG:colcon.colcon_core.event_handler.log_command:Invoked command in '/home/shovals/copy/vayav_objects_details/build/tracked_lane_msgs' returned '0': CMAKE_PREFIX_PATH=${CMAKE_PREFIX_PATH}:/home/shovals/copy/py_pkg/install/py_pkg:/home/shovals/copy/ROS2Sample/install/python_publisher:/opt/ros/foxy /usr/bin/cmake --build /home/shovals/copy/vayav_objects_details/build/tracked_lane_msgs -- -j16 -l16
[4.083s] DEBUG:colcon.colcon_core.event_handler.log_command:Invoking command in '/home/shovals/copy/vayav_objects_details/build/tracked_lane_msgs': CMAKE_PREFIX_PATH=${CMAKE_PREFIX_PATH}:/home/shovals/copy/py_pkg/install/py_pkg:/home/shovals/copy/ROS2Sample/install/python_publisher:/opt/ros/foxy /usr/bin/cmake --install /home/shovals/copy/vayav_objects_details/build/tracked_lane_msgs
[4.122s] Level 1:colcon.colcon_core.environment:create_environment_scripts_only(tracked_lane_msgs)
[4.122s] DEBUG:colcon.colcon_core.event_handler.log_command:Invoked command in '/home/shovals/copy/vayav_objects_details/build/tracked_lane_msgs' returned '0': CMAKE_PREFIX_PATH=${CMAKE_PREFIX_PATH}:/home/shovals/copy/py_pkg/install/py_pkg:/home/shovals/copy/ROS2Sample/install/python_publisher:/opt/ros/foxy /usr/bin/cmake --install /home/shovals/copy/vayav_objects_details/build/tracked_lane_msgs
[4.125s] Level 1:colcon.colcon_core.environment:checking '/home/shovals/copy/vayav_objects_details/install/tracked_lane_msgs' for CMake module files
[4.125s] Level 1:colcon.colcon_core.environment:checking '/home/shovals/copy/vayav_objects_details/install/tracked_lane_msgs' for CMake config files
[4.125s] Level 1:colcon.colcon_core.shell:create_environment_hook('tracked_lane_msgs', 'cmake_prefix_path')
[4.126s] INFO:colcon.colcon_core.shell:Creating environment hook '/home/shovals/copy/vayav_objects_details/install/tracked_lane_msgs/share/tracked_lane_msgs/hook/cmake_prefix_path.ps1'
[4.127s] INFO:colcon.colcon_core.shell:Creating environment descriptor '/home/shovals/copy/vayav_objects_details/install/tracked_lane_msgs/share/tracked_lane_msgs/hook/cmake_prefix_path.dsv'
[4.127s] INFO:colcon.colcon_core.shell:Creating environment hook '/home/shovals/copy/vayav_objects_details/install/tracked_lane_msgs/share/tracked_lane_msgs/hook/cmake_prefix_path.sh'
[4.127s] Level 1:colcon.colcon_core.environment:checking '/home/shovals/copy/vayav_objects_details/install/tracked_lane_msgs/lib'
[4.127s] Level 1:colcon.colcon_core.shell:create_environment_hook('tracked_lane_msgs', 'ld_library_path_lib')
[4.128s] INFO:colcon.colcon_core.shell:Creating environment hook '/home/shovals/copy/vayav_objects_details/install/tracked_lane_msgs/share/tracked_lane_msgs/hook/ld_library_path_lib.ps1'
[4.128s] INFO:colcon.colcon_core.shell:Creating environment descriptor '/home/shovals/copy/vayav_objects_details/install/tracked_lane_msgs/share/tracked_lane_msgs/hook/ld_library_path_lib.dsv'
[4.128s] INFO:colcon.colcon_core.shell:Creating environment hook '/home/shovals/copy/vayav_objects_details/install/tracked_lane_msgs/share/tracked_lane_msgs/hook/ld_library_path_lib.sh'
[4.129s] Level 1:colcon.colcon_core.environment:checking '/home/shovals/copy/vayav_objects_details/install/tracked_lane_msgs/bin'
[4.129s] Level 1:colcon.colcon_core.environment:checking '/home/shovals/copy/vayav_objects_details/install/tracked_lane_msgs/lib/pkgconfig/tracked_lane_msgs.pc'
[4.129s] Level 1:colcon.colcon_core.environment:checking '/home/shovals/copy/vayav_objects_details/install/tracked_lane_msgs/lib/python3.8/site-packages'
[4.129s] Level 1:colcon.colcon_core.shell:create_environment_hook('tracked_lane_msgs', 'pythonpath')
[4.130s] INFO:colcon.colcon_core.shell:Creating environment hook '/home/shovals/copy/vayav_objects_details/install/tracked_lane_msgs/share/tracked_lane_msgs/hook/pythonpath.ps1'
[4.130s] INFO:colcon.colcon_core.shell:Creating environment descriptor '/home/shovals/copy/vayav_objects_details/install/tracked_lane_msgs/share/tracked_lane_msgs/hook/pythonpath.dsv'
[4.130s] INFO:colcon.colcon_core.shell:Creating environment hook '/home/shovals/copy/vayav_objects_details/install/tracked_lane_msgs/share/tracked_lane_msgs/hook/pythonpath.sh'
[4.130s] Level 1:colcon.colcon_core.environment:checking '/home/shovals/copy/vayav_objects_details/install/tracked_lane_msgs/bin'
[4.131s] INFO:colcon.colcon_core.shell:Creating package script '/home/shovals/copy/vayav_objects_details/install/tracked_lane_msgs/share/tracked_lane_msgs/package.ps1'
[4.132s] INFO:colcon.colcon_core.shell:Creating package descriptor '/home/shovals/copy/vayav_objects_details/install/tracked_lane_msgs/share/tracked_lane_msgs/package.dsv'
[4.132s] INFO:colcon.colcon_core.shell:Creating package script '/home/shovals/copy/vayav_objects_details/install/tracked_lane_msgs/share/tracked_lane_msgs/package.sh'
[4.132s] INFO:colcon.colcon_core.shell:Creating package script '/home/shovals/copy/vayav_objects_details/install/tracked_lane_msgs/share/tracked_lane_msgs/package.bash'
[4.133s] INFO:colcon.colcon_core.shell:Creating package script '/home/shovals/copy/vayav_objects_details/install/tracked_lane_msgs/share/tracked_lane_msgs/package.zsh'
[4.133s] Level 1:colcon.colcon_core.environment:create_file_with_runtime_dependencies(/home/shovals/copy/vayav_objects_details/install/tracked_lane_msgs/share/colcon-core/packages/tracked_lane_msgs)
[4.224s] Level 1:colcon.colcon_core.environment:create_environment_scripts_only(tracked_lane_msgs)
[4.225s] Level 1:colcon.colcon_core.environment:checking '/home/shovals/copy/vayav_objects_details/install/tracked_lane_msgs' for CMake module files
[4.226s] Level 1:colcon.colcon_core.environment:checking '/home/shovals/copy/vayav_objects_details/install/tracked_lane_msgs' for CMake config files
[4.226s] Level 1:colcon.colcon_core.shell:create_environment_hook('tracked_lane_msgs', 'cmake_prefix_path')
[4.227s] INFO:colcon.colcon_core.shell:Creating environment hook '/home/shovals/copy/vayav_objects_details/install/tracked_lane_msgs/share/tracked_lane_msgs/hook/cmake_prefix_path.ps1'
[4.227s] INFO:colcon.colcon_core.shell:Creating environment descriptor '/home/shovals/copy/vayav_objects_details/install/tracked_lane_msgs/share/tracked_lane_msgs/hook/cmake_prefix_path.dsv'
[4.227s] INFO:colcon.colcon_core.shell:Creating environment hook '/home/shovals/copy/vayav_objects_details/install/tracked_lane_msgs/share/tracked_lane_msgs/hook/cmake_prefix_path.sh'
[4.227s] Level 1:colcon.colcon_core.environment:checking '/home/shovals/copy/vayav_objects_details/install/tracked_lane_msgs/lib'
[4.227s] Level 1:colcon.colcon_core.shell:create_environment_hook('tracked_lane_msgs', 'ld_library_path_lib')
[4.228s] INFO:colcon.colcon_core.shell:Creating environment hook '/home/shovals/copy/vayav_objects_details/install/tracked_lane_msgs/share/tracked_lane_msgs/hook/ld_library_path_lib.ps1'
[4.228s] INFO:colcon.colcon_core.shell:Creating environment descriptor '/home/shovals/copy/vayav_objects_details/install/tracked_lane_msgs/share/tracked_lane_msgs/hook/ld_library_path_lib.dsv'
[4.228s] INFO:colcon.colcon_core.shell:Creating environment hook '/home/shovals/copy/vayav_objects_details/install/tracked_lane_msgs/share/tracked_lane_msgs/hook/ld_library_path_lib.sh'
[4.229s] Level 1:colcon.colcon_core.environment:checking '/home/shovals/copy/vayav_objects_details/install/tracked_lane_msgs/bin'
[4.229s] Level 1:colcon.colcon_core.environment:checking '/home/shovals/copy/vayav_objects_details/install/tracked_lane_msgs/lib/pkgconfig/tracked_lane_msgs.pc'
[4.229s] Level 1:colcon.colcon_core.environment:checking '/home/shovals/copy/vayav_objects_details/install/tracked_lane_msgs/lib/python3.8/site-packages'
[4.229s] Level 1:colcon.colcon_core.shell:create_environment_hook('tracked_lane_msgs', 'pythonpath')
[4.230s] INFO:colcon.colcon_core.shell:Creating environment hook '/home/shovals/copy/vayav_objects_details/install/tracked_lane_msgs/share/tracked_lane_msgs/hook/pythonpath.ps1'
[4.230s] INFO:colcon.colcon_core.shell:Creating environment descriptor '/home/shovals/copy/vayav_objects_details/install/tracked_lane_msgs/share/tracked_lane_msgs/hook/pythonpath.dsv'
[4.230s] INFO:colcon.colcon_core.shell:Creating environment hook '/home/shovals/copy/vayav_objects_details/install/tracked_lane_msgs/share/tracked_lane_msgs/hook/pythonpath.sh'
[4.230s] Level 1:colcon.colcon_core.environment:checking '/home/shovals/copy/vayav_objects_details/install/tracked_lane_msgs/bin'
[4.231s] INFO:colcon.colcon_core.shell:Creating package script '/home/shovals/copy/vayav_objects_details/install/tracked_lane_msgs/share/tracked_lane_msgs/package.ps1'
[4.231s] INFO:colcon.colcon_core.shell:Creating package descriptor '/home/shovals/copy/vayav_objects_details/install/tracked_lane_msgs/share/tracked_lane_msgs/package.dsv'
[4.232s] INFO:colcon.colcon_core.shell:Creating package script '/home/shovals/copy/vayav_objects_details/install/tracked_lane_msgs/share/tracked_lane_msgs/package.sh'
[4.232s] INFO:colcon.colcon_core.shell:Creating package script '/home/shovals/copy/vayav_objects_details/install/tracked_lane_msgs/share/tracked_lane_msgs/package.bash'
[4.232s] INFO:colcon.colcon_core.shell:Creating package script '/home/shovals/copy/vayav_objects_details/install/tracked_lane_msgs/share/tracked_lane_msgs/package.zsh'
[4.232s] Level 1:colcon.colcon_core.environment:create_file_with_runtime_dependencies(/home/shovals/copy/vayav_objects_details/install/tracked_lane_msgs/share/colcon-core/packages/tracked_lane_msgs)
[4.989s] DEBUG:colcon.colcon_core.event_handler.log_command:Invoked command in '/home/shovals/copy/vayav_objects_details/build/tracked_object_msgs' returned '0': CMAKE_PREFIX_PATH=${CMAKE_PREFIX_PATH}:/home/shovals/copy/py_pkg/install/py_pkg:/home/shovals/copy/ROS2Sample/install/python_publisher:/opt/ros/foxy /usr/bin/cmake --build /home/shovals/copy/vayav_objects_details/build/tracked_object_msgs -- -j16 -l16
[5.061s] DEBUG:colcon.colcon_core.event_handler.log_command:Invoking command in '/home/shovals/copy/vayav_objects_details/build/tracked_object_msgs': CMAKE_PREFIX_PATH=${CMAKE_PREFIX_PATH}:/home/shovals/copy/py_pkg/install/py_pkg:/home/shovals/copy/ROS2Sample/install/python_publisher:/opt/ros/foxy /usr/bin/cmake --install /home/shovals/copy/vayav_objects_details/build/tracked_object_msgs
[5.098s] Level 1:colcon.colcon_core.environment:create_environment_scripts_only(tracked_object_msgs)
[5.099s] Level 1:colcon.colcon_core.environment:checking '/home/shovals/copy/vayav_objects_details/install/tracked_object_msgs' for CMake module files
[5.100s] DEBUG:colcon.colcon_core.event_handler.log_command:Invoked command in '/home/shovals/copy/vayav_objects_details/build/tracked_object_msgs' returned '0': CMAKE_PREFIX_PATH=${CMAKE_PREFIX_PATH}:/home/shovals/copy/py_pkg/install/py_pkg:/home/shovals/copy/ROS2Sample/install/python_publisher:/opt/ros/foxy /usr/bin/cmake --install /home/shovals/copy/vayav_objects_details/build/tracked_object_msgs
[5.100s] Level 1:colcon.colcon_core.environment:checking '/home/shovals/copy/vayav_objects_details/install/tracked_object_msgs' for CMake config files
[5.100s] Level 1:colcon.colcon_core.shell:create_environment_hook('tracked_object_msgs', 'cmake_prefix_path')
[5.101s] INFO:colcon.colcon_core.shell:Creating environment hook '/home/shovals/copy/vayav_objects_details/install/tracked_object_msgs/share/tracked_object_msgs/hook/cmake_prefix_path.ps1'
[5.101s] INFO:colcon.colcon_core.shell:Creating environment descriptor '/home/shovals/copy/vayav_objects_details/install/tracked_object_msgs/share/tracked_object_msgs/hook/cmake_prefix_path.dsv'
[5.101s] INFO:colcon.colcon_core.shell:Creating environment hook '/home/shovals/copy/vayav_objects_details/install/tracked_object_msgs/share/tracked_object_msgs/hook/cmake_prefix_path.sh'
[5.101s] Level 1:colcon.colcon_core.environment:checking '/home/shovals/copy/vayav_objects_details/install/tracked_object_msgs/lib'
[5.101s] Level 1:colcon.colcon_core.shell:create_environment_hook('tracked_object_msgs', 'ld_library_path_lib')
[5.102s] INFO:colcon.colcon_core.shell:Creating environment hook '/home/shovals/copy/vayav_objects_details/install/tracked_object_msgs/share/tracked_object_msgs/hook/ld_library_path_lib.ps1'
[5.102s] INFO:colcon.colcon_core.shell:Creating environment descriptor '/home/shovals/copy/vayav_objects_details/install/tracked_object_msgs/share/tracked_object_msgs/hook/ld_library_path_lib.dsv'
[5.103s] INFO:colcon.colcon_core.shell:Creating environment hook '/home/shovals/copy/vayav_objects_details/install/tracked_object_msgs/share/tracked_object_msgs/hook/ld_library_path_lib.sh'
[5.103s] Level 1:colcon.colcon_core.environment:checking '/home/shovals/copy/vayav_objects_details/install/tracked_object_msgs/bin'
[5.103s] Level 1:colcon.colcon_core.environment:checking '/home/shovals/copy/vayav_objects_details/install/tracked_object_msgs/lib/pkgconfig/tracked_object_msgs.pc'
[5.103s] Level 1:colcon.colcon_core.environment:checking '/home/shovals/copy/vayav_objects_details/install/tracked_object_msgs/lib/python3.8/site-packages'
[5.103s] Level 1:colcon.colcon_core.shell:create_environment_hook('tracked_object_msgs', 'pythonpath')
[5.104s] INFO:colcon.colcon_core.shell:Creating environment hook '/home/shovals/copy/vayav_objects_details/install/tracked_object_msgs/share/tracked_object_msgs/hook/pythonpath.ps1'
[5.104s] INFO:colcon.colcon_core.shell:Creating environment descriptor '/home/shovals/copy/vayav_objects_details/install/tracked_object_msgs/share/tracked_object_msgs/hook/pythonpath.dsv'
[5.104s] INFO:colcon.colcon_core.shell:Creating environment hook '/home/shovals/copy/vayav_objects_details/install/tracked_object_msgs/share/tracked_object_msgs/hook/pythonpath.sh'
[5.104s] Level 1:colcon.colcon_core.environment:checking '/home/shovals/copy/vayav_objects_details/install/tracked_object_msgs/bin'
[5.105s] INFO:colcon.colcon_core.shell:Creating package script '/home/shovals/copy/vayav_objects_details/install/tracked_object_msgs/share/tracked_object_msgs/package.ps1'
[5.105s] INFO:colcon.colcon_core.shell:Creating package descriptor '/home/shovals/copy/vayav_objects_details/install/tracked_object_msgs/share/tracked_object_msgs/package.dsv'
[5.106s] INFO:colcon.colcon_core.shell:Creating package script '/home/shovals/copy/vayav_objects_details/install/tracked_object_msgs/share/tracked_object_msgs/package.sh'
[5.106s] INFO:colcon.colcon_core.shell:Creating package script '/home/shovals/copy/vayav_objects_details/install/tracked_object_msgs/share/tracked_object_msgs/package.bash'
[5.106s] INFO:colcon.colcon_core.shell:Creating package script '/home/shovals/copy/vayav_objects_details/install/tracked_object_msgs/share/tracked_object_msgs/package.zsh'
[5.106s] Level 1:colcon.colcon_core.environment:create_file_with_runtime_dependencies(/home/shovals/copy/vayav_objects_details/install/tracked_object_msgs/share/colcon-core/packages/tracked_object_msgs)
[5.230s] Level 1:colcon.colcon_core.environment:create_environment_scripts_only(tracked_object_msgs)
[5.233s] Level 1:colcon.colcon_core.environment:checking '/home/shovals/copy/vayav_objects_details/install/tracked_object_msgs' for CMake module files
[5.234s] Level 1:colcon.colcon_core.environment:checking '/home/shovals/copy/vayav_objects_details/install/tracked_object_msgs' for CMake config files
[5.235s] Level 1:colcon.colcon_core.shell:create_environment_hook('tracked_object_msgs', 'cmake_prefix_path')
[5.237s] INFO:colcon.colcon_core.shell:Creating environment hook '/home/shovals/copy/vayav_objects_details/install/tracked_object_msgs/share/tracked_object_msgs/hook/cmake_prefix_path.ps1'
[5.237s] INFO:colcon.colcon_core.shell:Creating environment descriptor '/home/shovals/copy/vayav_objects_details/install/tracked_object_msgs/share/tracked_object_msgs/hook/cmake_prefix_path.dsv'
[5.238s] INFO:colcon.colcon_core.shell:Creating environment hook '/home/shovals/copy/vayav_objects_details/install/tracked_object_msgs/share/tracked_object_msgs/hook/cmake_prefix_path.sh'
[5.239s] Level 1:colcon.colcon_core.environment:checking '/home/shovals/copy/vayav_objects_details/install/tracked_object_msgs/lib'
[5.239s] Level 1:colcon.colcon_core.shell:create_environment_hook('tracked_object_msgs', 'ld_library_path_lib')
[5.241s] INFO:colcon.colcon_core.shell:Creating environment hook '/home/shovals/copy/vayav_objects_details/install/tracked_object_msgs/share/tracked_object_msgs/hook/ld_library_path_lib.ps1'
[5.241s] INFO:colcon.colcon_core.shell:Creating environment descriptor '/home/shovals/copy/vayav_objects_details/install/tracked_object_msgs/share/tracked_object_msgs/hook/ld_library_path_lib.dsv'
[5.241s] INFO:colcon.colcon_core.shell:Creating environment hook '/home/shovals/copy/vayav_objects_details/install/tracked_object_msgs/share/tracked_object_msgs/hook/ld_library_path_lib.sh'
[5.242s] Level 1:colcon.colcon_core.environment:checking '/home/shovals/copy/vayav_objects_details/install/tracked_object_msgs/bin'
[5.242s] Level 1:colcon.colcon_core.environment:checking '/home/shovals/copy/vayav_objects_details/install/tracked_object_msgs/lib/pkgconfig/tracked_object_msgs.pc'
[5.242s] Level 1:colcon.colcon_core.environment:checking '/home/shovals/copy/vayav_objects_details/install/tracked_object_msgs/lib/python3.8/site-packages'
[5.242s] Level 1:colcon.colcon_core.shell:create_environment_hook('tracked_object_msgs', 'pythonpath')
[5.244s] INFO:colcon.colcon_core.shell:Creating environment hook '/home/shovals/copy/vayav_objects_details/install/tracked_object_msgs/share/tracked_object_msgs/hook/pythonpath.ps1'
[5.244s] INFO:colcon.colcon_core.shell:Creating environment descriptor '/home/shovals/copy/vayav_objects_details/install/tracked_object_msgs/share/tracked_object_msgs/hook/pythonpath.dsv'
[5.244s] INFO:colcon.colcon_core.shell:Creating environment hook '/home/shovals/copy/vayav_objects_details/install/tracked_object_msgs/share/tracked_object_msgs/hook/pythonpath.sh'
[5.245s] Level 1:colcon.colcon_core.environment:checking '/home/shovals/copy/vayav_objects_details/install/tracked_object_msgs/bin'
[5.246s] INFO:colcon.colcon_core.shell:Creating package script '/home/shovals/copy/vayav_objects_details/install/tracked_object_msgs/share/tracked_object_msgs/package.ps1'
[5.246s] INFO:colcon.colcon_core.shell:Creating package descriptor '/home/shovals/copy/vayav_objects_details/install/tracked_object_msgs/share/tracked_object_msgs/package.dsv'
[5.247s] INFO:colcon.colcon_core.shell:Creating package script '/home/shovals/copy/vayav_objects_details/install/tracked_object_msgs/share/tracked_object_msgs/package.sh'
[5.247s] INFO:colcon.colcon_core.shell:Creating package script '/home/shovals/copy/vayav_objects_details/install/tracked_object_msgs/share/tracked_object_msgs/package.bash'
[5.247s] INFO:colcon.colcon_core.shell:Creating package script '/home/shovals/copy/vayav_objects_details/install/tracked_object_msgs/share/tracked_object_msgs/package.zsh'
[5.247s] Level 1:colcon.colcon_core.environment:create_file_with_runtime_dependencies(/home/shovals/copy/vayav_objects_details/install/tracked_object_msgs/share/colcon-core/packages/tracked_object_msgs)
[5.247s] DEBUG:colcon.colcon_parallel_executor.executor.parallel:closing loop
[5.248s] DEBUG:colcon.colcon_parallel_executor.executor.parallel:loop closed
[5.248s] DEBUG:colcon.colcon_parallel_executor.executor.parallel:run_until_complete finished with '0'
[5.248s] DEBUG:colcon.colcon_core.event_reactor:joining thread
[5.251s] INFO:colcon.colcon_core.plugin_system:Skipping extension 'colcon_notification.desktop_notification.terminal_notifier': Not used on non-Darwin systems
[5.251s] INFO:colcon.colcon_core.plugin_system:Skipping extension 'colcon_notification.desktop_notification.win32': Not used on non-Windows systems
[5.251s] INFO:colcon.colcon_notification.desktop_notification:Sending desktop notification using 'notify2'
[5.260s] DEBUG:colcon.colcon_core.event_reactor:joined thread
[5.261s] INFO:colcon.colcon_core.shell:Creating prefix script '/home/shovals/copy/vayav_objects_details/install/local_setup.ps1'
[5.261s] INFO:colcon.colcon_core.shell:Creating prefix util module '/home/shovals/copy/vayav_objects_details/install/_local_setup_util_ps1.py'
[5.262s] INFO:colcon.colcon_core.shell:Creating prefix chain script '/home/shovals/copy/vayav_objects_details/install/setup.ps1'
[5.263s] INFO:colcon.colcon_core.shell:Creating prefix script '/home/shovals/copy/vayav_objects_details/install/local_setup.sh'
[5.263s] INFO:colcon.colcon_core.shell:Creating prefix util module '/home/shovals/copy/vayav_objects_details/install/_local_setup_util_sh.py'
[5.263s] INFO:colcon.colcon_core.shell:Creating prefix chain script '/home/shovals/copy/vayav_objects_details/install/setup.sh'
[5.264s] INFO:colcon.colcon_core.shell:Creating prefix script '/home/shovals/copy/vayav_objects_details/install/local_setup.bash'
[5.264s] INFO:colcon.colcon_core.shell:Creating prefix chain script '/home/shovals/copy/vayav_objects_details/install/setup.bash'
[5.265s] INFO:colcon.colcon_core.shell:Creating prefix script '/home/shovals/copy/vayav_objects_details/install/local_setup.zsh'
[5.265s] INFO:colcon.colcon_core.shell:Creating prefix chain script '/home/shovals/copy/vayav_objects_details/install/setup.zsh'
