[0.097s] DEBUG:colcon:Command line arguments: ['/usr/bin/colcon', 'build']
[0.097s] DEBUG:colcon:Parsed command line arguments: Namespace(allow_overriding=[], ament_cmake_args=None, base_paths=['.'], build_base='build', catkin_cmake_args=None, catkin_skip_building_tests=False, cmake_args=None, cmake_clean_cache=False, cmake_clean_first=False, cmake_force_configure=False, cmake_target=None, cmake_target_skip_unavailable=False, continue_on_error=False, event_handlers=None, executor='parallel', ignore_user_meta=False, install_base='install', log_base=None, log_level=None, main=<bound method BuildVerb.main of <colcon_core.verb.build.BuildVerb object at 0x7f2badedd0d0>>, merge_install=False, metas=['./colcon.meta'], packages_above=None, packages_above_and_dependencies=None, packages_above_depth=None, packages_end=None, packages_ignore=None, packages_ignore_regex=None, packages_select=None, packages_select_build_failed=False, packages_select_by_dep=None, packages_select_regex=None, packages_select_test_failures=False, packages_skip=None, packages_skip_build_finished=False, packages_skip_by_dep=None, packages_skip_regex=None, packages_skip_test_passed=False, packages_skip_up_to=None, packages_start=None, packages_up_to=None, packages_up_to_regex=None, parallel_workers=20, paths=None, symlink_install=False, test_result_base=None, verb_extension=<colcon_core.verb.build.BuildVerb object at 0x7f2badedd0d0>, verb_name='build', verb_parser=<colcon_defaults.argument_parser.defaults.DefaultArgumentsDecorator object at 0x7f2badedd610>)
[0.114s] Level 1:colcon.colcon_core.package_discovery:discover_packages(colcon_meta) check parameters
[0.114s] Level 1:colcon.colcon_core.package_discovery:discover_packages(recursive) check parameters
[0.114s] Level 1:colcon.colcon_core.package_discovery:discover_packages(ignore) check parameters
[0.114s] Level 1:colcon.colcon_core.package_discovery:discover_packages(path) check parameters
[0.114s] Level 1:colcon.colcon_core.package_discovery:discover_packages(colcon_meta) discover
[0.114s] Level 1:colcon.colcon_core.package_discovery:discover_packages(recursive) discover
[0.114s] INFO:colcon.colcon_core.package_discovery:Crawling recursively for packages in '/home/kcg/copy/AlonBarak-Joy-workspaces/ros2_ws'
[0.114s] Level 1:colcon.colcon_core.package_identification:_identify(.) by extensions ['ignore', 'ignore_ament_install']
[0.114s] Level 1:colcon.colcon_core.package_identification:_identify(.) by extension 'ignore'
[0.114s] Level 1:colcon.colcon_core.package_identification:_identify(.) by extension 'ignore_ament_install'
[0.114s] Level 1:colcon.colcon_core.package_identification:_identify(.) by extensions ['colcon_pkg']
[0.114s] Level 1:colcon.colcon_core.package_identification:_identify(.) by extension 'colcon_pkg'
[0.114s] Level 1:colcon.colcon_core.package_identification:_identify(.) by extensions ['colcon_meta']
[0.114s] Level 1:colcon.colcon_core.package_identification:_identify(.) by extension 'colcon_meta'
[0.114s] Level 1:colcon.colcon_core.package_identification:_identify(.) by extensions ['ros']
[0.115s] Level 1:colcon.colcon_core.package_identification:_identify(.) by extension 'ros'
[0.122s] Level 1:colcon.colcon_core.package_identification:_identify(.) by extensions ['cmake', 'python']
[0.122s] Level 1:colcon.colcon_core.package_identification:_identify(.) by extension 'cmake'
[0.122s] Level 1:colcon.colcon_core.package_identification:_identify(.) by extension 'python'
[0.122s] Level 1:colcon.colcon_core.package_identification:_identify(.) by extensions ['python_setup_py']
[0.122s] Level 1:colcon.colcon_core.package_identification:_identify(.) by extension 'python_setup_py'
[0.122s] Level 1:colcon.colcon_core.package_identification:_identify(AutonmousCar) by extensions ['ignore', 'ignore_ament_install']
[0.122s] Level 1:colcon.colcon_core.package_identification:_identify(AutonmousCar) by extension 'ignore'
[0.122s] Level 1:colcon.colcon_core.package_identification:_identify(AutonmousCar) by extension 'ignore_ament_install'
[0.122s] Level 1:colcon.colcon_core.package_identification:_identify(AutonmousCar) by extensions ['colcon_pkg']
[0.122s] Level 1:colcon.colcon_core.package_identification:_identify(AutonmousCar) by extension 'colcon_pkg'
[0.122s] Level 1:colcon.colcon_core.package_identification:_identify(AutonmousCar) by extensions ['colcon_meta']
[0.122s] Level 1:colcon.colcon_core.package_identification:_identify(AutonmousCar) by extension 'colcon_meta'
[0.122s] Level 1:colcon.colcon_core.package_identification:_identify(AutonmousCar) by extensions ['ros']
[0.122s] Level 1:colcon.colcon_core.package_identification:_identify(AutonmousCar) by extension 'ros'
[0.122s] Level 1:colcon.colcon_core.package_identification:_identify(AutonmousCar) by extensions ['cmake', 'python']
[0.122s] Level 1:colcon.colcon_core.package_identification:_identify(AutonmousCar) by extension 'cmake'
[0.122s] Level 1:colcon.colcon_core.package_identification:_identify(AutonmousCar) by extension 'python'
[0.122s] Level 1:colcon.colcon_core.package_identification:_identify(AutonmousCar) by extensions ['python_setup_py']
[0.122s] Level 1:colcon.colcon_core.package_identification:_identify(AutonmousCar) by extension 'python_setup_py'
[0.123s] Level 1:colcon.colcon_core.package_identification:_identify(build) by extensions ['ignore', 'ignore_ament_install']
[0.123s] Level 1:colcon.colcon_core.package_identification:_identify(build) by extension 'ignore'
[0.123s] Level 1:colcon.colcon_core.package_identification:_identify(build) ignored
[0.123s] Level 1:colcon.colcon_core.package_identification:_identify(install) by extensions ['ignore', 'ignore_ament_install']
[0.123s] Level 1:colcon.colcon_core.package_identification:_identify(install) by extension 'ignore'
[0.123s] Level 1:colcon.colcon_core.package_identification:_identify(install) ignored
[0.123s] Level 1:colcon.colcon_core.package_identification:_identify(log) by extensions ['ignore', 'ignore_ament_install']
[0.123s] Level 1:colcon.colcon_core.package_identification:_identify(log) by extension 'ignore'
[0.123s] Level 1:colcon.colcon_core.package_identification:_identify(log) ignored
[0.123s] Level 1:colcon.colcon_core.package_identification:_identify(src) by extensions ['ignore', 'ignore_ament_install']
[0.123s] Level 1:colcon.colcon_core.package_identification:_identify(src) by extension 'ignore'
[0.123s] Level 1:colcon.colcon_core.package_identification:_identify(src) by extension 'ignore_ament_install'
[0.123s] Level 1:colcon.colcon_core.package_identification:_identify(src) by extensions ['colcon_pkg']
[0.123s] Level 1:colcon.colcon_core.package_identification:_identify(src) by extension 'colcon_pkg'
[0.123s] Level 1:colcon.colcon_core.package_identification:_identify(src) by extensions ['colcon_meta']
[0.123s] Level 1:colcon.colcon_core.package_identification:_identify(src) by extension 'colcon_meta'
[0.123s] Level 1:colcon.colcon_core.package_identification:_identify(src) by extensions ['ros']
[0.123s] Level 1:colcon.colcon_core.package_identification:_identify(src) by extension 'ros'
[0.123s] Level 1:colcon.colcon_core.package_identification:_identify(src) by extensions ['cmake', 'python']
[0.123s] Level 1:colcon.colcon_core.package_identification:_identify(src) by extension 'cmake'
[0.123s] Level 1:colcon.colcon_core.package_identification:_identify(src) by extension 'python'
[0.123s] Level 1:colcon.colcon_core.package_identification:_identify(src) by extensions ['python_setup_py']
[0.123s] Level 1:colcon.colcon_core.package_identification:_identify(src) by extension 'python_setup_py'
[0.124s] Level 1:colcon.colcon_core.package_identification:_identify(src/ros-g29-force-feedback) by extensions ['ignore', 'ignore_ament_install']
[0.124s] Level 1:colcon.colcon_core.package_identification:_identify(src/ros-g29-force-feedback) by extension 'ignore'
[0.124s] Level 1:colcon.colcon_core.package_identification:_identify(src/ros-g29-force-feedback) by extension 'ignore_ament_install'
[0.124s] Level 1:colcon.colcon_core.package_identification:_identify(src/ros-g29-force-feedback) by extensions ['colcon_pkg']
[0.124s] Level 1:colcon.colcon_core.package_identification:_identify(src/ros-g29-force-feedback) by extension 'colcon_pkg'
[0.124s] Level 1:colcon.colcon_core.package_identification:_identify(src/ros-g29-force-feedback) by extensions ['colcon_meta']
[0.124s] Level 1:colcon.colcon_core.package_identification:_identify(src/ros-g29-force-feedback) by extension 'colcon_meta'
[0.124s] Level 1:colcon.colcon_core.package_identification:_identify(src/ros-g29-force-feedback) by extensions ['ros']
[0.124s] Level 1:colcon.colcon_core.package_identification:_identify(src/ros-g29-force-feedback) by extension 'ros'
[0.125s] DEBUG:colcon.colcon_core.package_identification:Package 'src/ros-g29-force-feedback' with type 'ros.ament_cmake' and name 'ros_g29_force_feedback'
[0.125s] Level 1:colcon.colcon_core.package_discovery:discover_packages(recursive) using defaults
[0.125s] Level 1:colcon.colcon_core.package_discovery:discover_packages(ignore) discover
[0.126s] Level 1:colcon.colcon_core.package_discovery:discover_packages(ignore) using defaults
[0.126s] Level 1:colcon.colcon_core.package_discovery:discover_packages(path) discover
[0.126s] Level 1:colcon.colcon_core.package_discovery:discover_packages(path) using defaults
[0.139s] Level 1:colcon.colcon_core.package_discovery:discover_packages(prefix_path) check parameters
[0.139s] Level 1:colcon.colcon_core.package_discovery:discover_packages(prefix_path) discover
[0.141s] DEBUG:colcon.colcon_installed_package_information.package_discovery:Found 256 installed packages in /opt/ros/foxy
[0.147s] Level 1:colcon.colcon_core.package_discovery:discover_packages(prefix_path) using defaults
[0.193s] Level 5:colcon.colcon_core.verb:set package 'ros_g29_force_feedback' build argument 'cmake_args' from command line to 'None'
[0.193s] Level 5:colcon.colcon_core.verb:set package 'ros_g29_force_feedback' build argument 'cmake_target' from command line to 'None'
[0.193s] Level 5:colcon.colcon_core.verb:set package 'ros_g29_force_feedback' build argument 'cmake_target_skip_unavailable' from command line to 'False'
[0.193s] Level 5:colcon.colcon_core.verb:set package 'ros_g29_force_feedback' build argument 'cmake_clean_cache' from command line to 'False'
[0.193s] Level 5:colcon.colcon_core.verb:set package 'ros_g29_force_feedback' build argument 'cmake_clean_first' from command line to 'False'
[0.193s] Level 5:colcon.colcon_core.verb:set package 'ros_g29_force_feedback' build argument 'cmake_force_configure' from command line to 'False'
[0.193s] Level 5:colcon.colcon_core.verb:set package 'ros_g29_force_feedback' build argument 'ament_cmake_args' from command line to 'None'
[0.193s] Level 5:colcon.colcon_core.verb:set package 'ros_g29_force_feedback' build argument 'catkin_cmake_args' from command line to 'None'
[0.193s] Level 5:colcon.colcon_core.verb:set package 'ros_g29_force_feedback' build argument 'catkin_skip_building_tests' from command line to 'False'
[0.193s] DEBUG:colcon.colcon_core.verb:Building package 'ros_g29_force_feedback' with the following arguments: {'ament_cmake_args': None, 'build_base': '/home/kcg/copy/AlonBarak-Joy-workspaces/ros2_ws/build/ros_g29_force_feedback', 'catkin_cmake_args': None, 'catkin_skip_building_tests': False, 'cmake_args': None, 'cmake_clean_cache': False, 'cmake_clean_first': False, 'cmake_force_configure': False, 'cmake_target': None, 'cmake_target_skip_unavailable': False, 'install_base': '/home/kcg/copy/AlonBarak-Joy-workspaces/ros2_ws/install/ros_g29_force_feedback', 'merge_install': False, 'path': '/home/kcg/copy/AlonBarak-Joy-workspaces/ros2_ws/src/ros-g29-force-feedback', 'symlink_install': False, 'test_result_base': None}
[0.194s] INFO:colcon.colcon_core.executor:Executing jobs using 'parallel' executor
[0.197s] DEBUG:colcon.colcon_parallel_executor.executor.parallel:run_until_complete
[0.197s] INFO:colcon.colcon_ros.task.ament_cmake.build:Building ROS package in '/home/kcg/copy/AlonBarak-Joy-workspaces/ros2_ws/src/ros-g29-force-feedback' with build type 'ament_cmake'
[0.197s] INFO:colcon.colcon_cmake.task.cmake.build:Building CMake package in '/home/kcg/copy/AlonBarak-Joy-workspaces/ros2_ws/src/ros-g29-force-feedback'
[0.200s] INFO:colcon.colcon_core.plugin_system:Skipping extension 'colcon_core.shell.bat': Not used on non-Windows systems
[0.200s] INFO:colcon.colcon_core.shell:Skip shell extension 'powershell' for command environment: Not usable outside of PowerShell
[0.200s] DEBUG:colcon.colcon_core.shell:Skip shell extension 'dsv' for command environment
[0.206s] DEBUG:colcon.colcon_core.event_handler.log_command:Invoking command in '/home/kcg/copy/AlonBarak-Joy-workspaces/ros2_ws/build/ros_g29_force_feedback': CMAKE_PREFIX_PATH=/opt/ros/foxy /usr/bin/cmake /home/kcg/copy/AlonBarak-Joy-workspaces/ros2_ws/src/ros-g29-force-feedback -DCMAKE_INSTALL_PREFIX=/home/kcg/copy/AlonBarak-Joy-workspaces/ros2_ws/install/ros_g29_force_feedback
[1.529s] DEBUG:colcon.colcon_core.event_handler.log_command:Invoked command in '/home/kcg/copy/AlonBarak-Joy-workspaces/ros2_ws/build/ros_g29_force_feedback' returned '0': CMAKE_PREFIX_PATH=/opt/ros/foxy /usr/bin/cmake /home/kcg/copy/AlonBarak-Joy-workspaces/ros2_ws/src/ros-g29-force-feedback -DCMAKE_INSTALL_PREFIX=/home/kcg/copy/AlonBarak-Joy-workspaces/ros2_ws/install/ros_g29_force_feedback
[1.529s] DEBUG:colcon.colcon_core.event_handler.log_command:Invoking command in '/home/kcg/copy/AlonBarak-Joy-workspaces/ros2_ws/build/ros_g29_force_feedback': CMAKE_PREFIX_PATH=/opt/ros/foxy /usr/bin/cmake --build /home/kcg/copy/AlonBarak-Joy-workspaces/ros2_ws/build/ros_g29_force_feedback -- -j20 -l20
[5.911s] DEBUG:colcon.colcon_core.event_handler.log_command:Invoked command in '/home/kcg/copy/AlonBarak-Joy-workspaces/ros2_ws/build/ros_g29_force_feedback' returned '0': CMAKE_PREFIX_PATH=/opt/ros/foxy /usr/bin/cmake --build /home/kcg/copy/AlonBarak-Joy-workspaces/ros2_ws/build/ros_g29_force_feedback -- -j20 -l20
[5.940s] DEBUG:colcon.colcon_core.event_handler.log_command:Invoking command in '/home/kcg/copy/AlonBarak-Joy-workspaces/ros2_ws/build/ros_g29_force_feedback': CMAKE_PREFIX_PATH=/opt/ros/foxy /usr/bin/cmake --install /home/kcg/copy/AlonBarak-Joy-workspaces/ros2_ws/build/ros_g29_force_feedback
[5.975s] Level 1:colcon.colcon_core.environment:create_environment_scripts_only(ros_g29_force_feedback)
[5.976s] DEBUG:colcon.colcon_core.event_handler.log_command:Invoked command in '/home/kcg/copy/AlonBarak-Joy-workspaces/ros2_ws/build/ros_g29_force_feedback' returned '0': CMAKE_PREFIX_PATH=/opt/ros/foxy /usr/bin/cmake --install /home/kcg/copy/AlonBarak-Joy-workspaces/ros2_ws/build/ros_g29_force_feedback
[5.979s] Level 1:colcon.colcon_core.environment:checking '/home/kcg/copy/AlonBarak-Joy-workspaces/ros2_ws/install/ros_g29_force_feedback' for CMake module files
[5.980s] Level 1:colcon.colcon_core.environment:checking '/home/kcg/copy/AlonBarak-Joy-workspaces/ros2_ws/install/ros_g29_force_feedback' for CMake config files
[5.980s] Level 1:colcon.colcon_core.shell:create_environment_hook('ros_g29_force_feedback', 'cmake_prefix_path')
[5.981s] INFO:colcon.colcon_core.shell:Creating environment hook '/home/kcg/copy/AlonBarak-Joy-workspaces/ros2_ws/install/ros_g29_force_feedback/share/ros_g29_force_feedback/hook/cmake_prefix_path.ps1'
[5.981s] INFO:colcon.colcon_core.shell:Creating environment descriptor '/home/kcg/copy/AlonBarak-Joy-workspaces/ros2_ws/install/ros_g29_force_feedback/share/ros_g29_force_feedback/hook/cmake_prefix_path.dsv'
[5.982s] INFO:colcon.colcon_core.shell:Creating environment hook '/home/kcg/copy/AlonBarak-Joy-workspaces/ros2_ws/install/ros_g29_force_feedback/share/ros_g29_force_feedback/hook/cmake_prefix_path.sh'
[5.982s] Level 1:colcon.colcon_core.environment:checking '/home/kcg/copy/AlonBarak-Joy-workspaces/ros2_ws/install/ros_g29_force_feedback/lib'
[5.982s] Level 1:colcon.colcon_core.shell:create_environment_hook('ros_g29_force_feedback', 'ld_library_path_lib')
[5.983s] INFO:colcon.colcon_core.shell:Creating environment hook '/home/kcg/copy/AlonBarak-Joy-workspaces/ros2_ws/install/ros_g29_force_feedback/share/ros_g29_force_feedback/hook/ld_library_path_lib.ps1'
[5.983s] INFO:colcon.colcon_core.shell:Creating environment descriptor '/home/kcg/copy/AlonBarak-Joy-workspaces/ros2_ws/install/ros_g29_force_feedback/share/ros_g29_force_feedback/hook/ld_library_path_lib.dsv'
[5.984s] INFO:colcon.colcon_core.shell:Creating environment hook '/home/kcg/copy/AlonBarak-Joy-workspaces/ros2_ws/install/ros_g29_force_feedback/share/ros_g29_force_feedback/hook/ld_library_path_lib.sh'
[5.984s] Level 1:colcon.colcon_core.environment:checking '/home/kcg/copy/AlonBarak-Joy-workspaces/ros2_ws/install/ros_g29_force_feedback/bin'
[5.984s] Level 1:colcon.colcon_core.environment:checking '/home/kcg/copy/AlonBarak-Joy-workspaces/ros2_ws/install/ros_g29_force_feedback/lib/pkgconfig/ros_g29_force_feedback.pc'
[5.984s] Level 1:colcon.colcon_core.environment:checking '/home/kcg/copy/AlonBarak-Joy-workspaces/ros2_ws/install/ros_g29_force_feedback/lib/python3.8/site-packages'
[5.984s] Level 1:colcon.colcon_core.shell:create_environment_hook('ros_g29_force_feedback', 'pythonpath')
[5.985s] INFO:colcon.colcon_core.shell:Creating environment hook '/home/kcg/copy/AlonBarak-Joy-workspaces/ros2_ws/install/ros_g29_force_feedback/share/ros_g29_force_feedback/hook/pythonpath.ps1'
[5.985s] INFO:colcon.colcon_core.shell:Creating environment descriptor '/home/kcg/copy/AlonBarak-Joy-workspaces/ros2_ws/install/ros_g29_force_feedback/share/ros_g29_force_feedback/hook/pythonpath.dsv'
[5.985s] INFO:colcon.colcon_core.shell:Creating environment hook '/home/kcg/copy/AlonBarak-Joy-workspaces/ros2_ws/install/ros_g29_force_feedback/share/ros_g29_force_feedback/hook/pythonpath.sh'
[5.986s] Level 1:colcon.colcon_core.environment:checking '/home/kcg/copy/AlonBarak-Joy-workspaces/ros2_ws/install/ros_g29_force_feedback/bin'
[5.987s] INFO:colcon.colcon_core.shell:Creating package script '/home/kcg/copy/AlonBarak-Joy-workspaces/ros2_ws/install/ros_g29_force_feedback/share/ros_g29_force_feedback/package.ps1'
[5.987s] INFO:colcon.colcon_core.shell:Creating package descriptor '/home/kcg/copy/AlonBarak-Joy-workspaces/ros2_ws/install/ros_g29_force_feedback/share/ros_g29_force_feedback/package.dsv'
[5.988s] INFO:colcon.colcon_core.shell:Creating package script '/home/kcg/copy/AlonBarak-Joy-workspaces/ros2_ws/install/ros_g29_force_feedback/share/ros_g29_force_feedback/package.sh'
[5.988s] INFO:colcon.colcon_core.shell:Creating package script '/home/kcg/copy/AlonBarak-Joy-workspaces/ros2_ws/install/ros_g29_force_feedback/share/ros_g29_force_feedback/package.bash'
[5.988s] INFO:colcon.colcon_core.shell:Creating package script '/home/kcg/copy/AlonBarak-Joy-workspaces/ros2_ws/install/ros_g29_force_feedback/share/ros_g29_force_feedback/package.zsh'
[5.989s] Level 1:colcon.colcon_core.environment:create_file_with_runtime_dependencies(/home/kcg/copy/AlonBarak-Joy-workspaces/ros2_ws/install/ros_g29_force_feedback/share/colcon-core/packages/ros_g29_force_feedback)
[6.013s] Level 1:colcon.colcon_core.environment:create_environment_scripts_only(ros_g29_force_feedback)
[6.015s] Level 1:colcon.colcon_core.environment:checking '/home/kcg/copy/AlonBarak-Joy-workspaces/ros2_ws/install/ros_g29_force_feedback' for CMake module files
[6.015s] Level 1:colcon.colcon_core.environment:checking '/home/kcg/copy/AlonBarak-Joy-workspaces/ros2_ws/install/ros_g29_force_feedback' for CMake config files
[6.015s] Level 1:colcon.colcon_core.shell:create_environment_hook('ros_g29_force_feedback', 'cmake_prefix_path')
[6.016s] INFO:colcon.colcon_core.shell:Creating environment hook '/home/kcg/copy/AlonBarak-Joy-workspaces/ros2_ws/install/ros_g29_force_feedback/share/ros_g29_force_feedback/hook/cmake_prefix_path.ps1'
[6.017s] INFO:colcon.colcon_core.shell:Creating environment descriptor '/home/kcg/copy/AlonBarak-Joy-workspaces/ros2_ws/install/ros_g29_force_feedback/share/ros_g29_force_feedback/hook/cmake_prefix_path.dsv'
[6.017s] INFO:colcon.colcon_core.shell:Creating environment hook '/home/kcg/copy/AlonBarak-Joy-workspaces/ros2_ws/install/ros_g29_force_feedback/share/ros_g29_force_feedback/hook/cmake_prefix_path.sh'
[6.017s] Level 1:colcon.colcon_core.environment:checking '/home/kcg/copy/AlonBarak-Joy-workspaces/ros2_ws/install/ros_g29_force_feedback/lib'
[6.017s] Level 1:colcon.colcon_core.shell:create_environment_hook('ros_g29_force_feedback', 'ld_library_path_lib')
[6.018s] INFO:colcon.colcon_core.shell:Creating environment hook '/home/kcg/copy/AlonBarak-Joy-workspaces/ros2_ws/install/ros_g29_force_feedback/share/ros_g29_force_feedback/hook/ld_library_path_lib.ps1'
[6.018s] INFO:colcon.colcon_core.shell:Creating environment descriptor '/home/kcg/copy/AlonBarak-Joy-workspaces/ros2_ws/install/ros_g29_force_feedback/share/ros_g29_force_feedback/hook/ld_library_path_lib.dsv'
[6.018s] INFO:colcon.colcon_core.shell:Creating environment hook '/home/kcg/copy/AlonBarak-Joy-workspaces/ros2_ws/install/ros_g29_force_feedback/share/ros_g29_force_feedback/hook/ld_library_path_lib.sh'
[6.019s] Level 1:colcon.colcon_core.environment:checking '/home/kcg/copy/AlonBarak-Joy-workspaces/ros2_ws/install/ros_g29_force_feedback/bin'
[6.019s] Level 1:colcon.colcon_core.environment:checking '/home/kcg/copy/AlonBarak-Joy-workspaces/ros2_ws/install/ros_g29_force_feedback/lib/pkgconfig/ros_g29_force_feedback.pc'
[6.019s] Level 1:colcon.colcon_core.environment:checking '/home/kcg/copy/AlonBarak-Joy-workspaces/ros2_ws/install/ros_g29_force_feedback/lib/python3.8/site-packages'
[6.019s] Level 1:colcon.colcon_core.shell:create_environment_hook('ros_g29_force_feedback', 'pythonpath')
[6.020s] INFO:colcon.colcon_core.shell:Creating environment hook '/home/kcg/copy/AlonBarak-Joy-workspaces/ros2_ws/install/ros_g29_force_feedback/share/ros_g29_force_feedback/hook/pythonpath.ps1'
[6.020s] INFO:colcon.colcon_core.shell:Creating environment descriptor '/home/kcg/copy/AlonBarak-Joy-workspaces/ros2_ws/install/ros_g29_force_feedback/share/ros_g29_force_feedback/hook/pythonpath.dsv'
[6.020s] INFO:colcon.colcon_core.shell:Creating environment hook '/home/kcg/copy/AlonBarak-Joy-workspaces/ros2_ws/install/ros_g29_force_feedback/share/ros_g29_force_feedback/hook/pythonpath.sh'
[6.021s] Level 1:colcon.colcon_core.environment:checking '/home/kcg/copy/AlonBarak-Joy-workspaces/ros2_ws/install/ros_g29_force_feedback/bin'
[6.022s] INFO:colcon.colcon_core.shell:Creating package script '/home/kcg/copy/AlonBarak-Joy-workspaces/ros2_ws/install/ros_g29_force_feedback/share/ros_g29_force_feedback/package.ps1'
[6.022s] INFO:colcon.colcon_core.shell:Creating package descriptor '/home/kcg/copy/AlonBarak-Joy-workspaces/ros2_ws/install/ros_g29_force_feedback/share/ros_g29_force_feedback/package.dsv'
[6.022s] INFO:colcon.colcon_core.shell:Creating package script '/home/kcg/copy/AlonBarak-Joy-workspaces/ros2_ws/install/ros_g29_force_feedback/share/ros_g29_force_feedback/package.sh'
[6.023s] INFO:colcon.colcon_core.shell:Creating package script '/home/kcg/copy/AlonBarak-Joy-workspaces/ros2_ws/install/ros_g29_force_feedback/share/ros_g29_force_feedback/package.bash'
[6.023s] INFO:colcon.colcon_core.shell:Creating package script '/home/kcg/copy/AlonBarak-Joy-workspaces/ros2_ws/install/ros_g29_force_feedback/share/ros_g29_force_feedback/package.zsh'
[6.023s] Level 1:colcon.colcon_core.environment:create_file_with_runtime_dependencies(/home/kcg/copy/AlonBarak-Joy-workspaces/ros2_ws/install/ros_g29_force_feedback/share/colcon-core/packages/ros_g29_force_feedback)
[6.023s] DEBUG:colcon.colcon_parallel_executor.executor.parallel:closing loop
[6.023s] DEBUG:colcon.colcon_parallel_executor.executor.parallel:loop closed
[6.023s] DEBUG:colcon.colcon_parallel_executor.executor.parallel:run_until_complete finished with '0'
[6.023s] DEBUG:colcon.colcon_core.event_reactor:joining thread
[6.028s] INFO:colcon.colcon_core.plugin_system:Skipping extension 'colcon_notification.desktop_notification.terminal_notifier': Not used on non-Darwin systems
[6.028s] INFO:colcon.colcon_core.plugin_system:Skipping extension 'colcon_notification.desktop_notification.win32': Not used on non-Windows systems
[6.028s] INFO:colcon.colcon_notification.desktop_notification:Sending desktop notification using 'notify2'
[6.039s] DEBUG:colcon.colcon_core.event_reactor:joined thread
[6.040s] INFO:colcon.colcon_core.shell:Creating prefix script '/home/kcg/copy/AlonBarak-Joy-workspaces/ros2_ws/install/local_setup.ps1'
[6.040s] INFO:colcon.colcon_core.shell:Creating prefix util module '/home/kcg/copy/AlonBarak-Joy-workspaces/ros2_ws/install/_local_setup_util_ps1.py'
[6.041s] INFO:colcon.colcon_core.shell:Creating prefix chain script '/home/kcg/copy/AlonBarak-Joy-workspaces/ros2_ws/install/setup.ps1'
[6.042s] INFO:colcon.colcon_core.shell:Creating prefix script '/home/kcg/copy/AlonBarak-Joy-workspaces/ros2_ws/install/local_setup.sh'
[6.042s] INFO:colcon.colcon_core.shell:Creating prefix util module '/home/kcg/copy/AlonBarak-Joy-workspaces/ros2_ws/install/_local_setup_util_sh.py'
[6.042s] INFO:colcon.colcon_core.shell:Creating prefix chain script '/home/kcg/copy/AlonBarak-Joy-workspaces/ros2_ws/install/setup.sh'
[6.043s] INFO:colcon.colcon_core.shell:Creating prefix script '/home/kcg/copy/AlonBarak-Joy-workspaces/ros2_ws/install/local_setup.bash'
[6.043s] INFO:colcon.colcon_core.shell:Creating prefix chain script '/home/kcg/copy/AlonBarak-Joy-workspaces/ros2_ws/install/setup.bash'
[6.044s] INFO:colcon.colcon_core.shell:Creating prefix script '/home/kcg/copy/AlonBarak-Joy-workspaces/ros2_ws/install/local_setup.zsh'
[6.044s] INFO:colcon.colcon_core.shell:Creating prefix chain script '/home/kcg/copy/AlonBarak-Joy-workspaces/ros2_ws/install/setup.zsh'
