[0.021s] Invoking command in '/home/shovals/Documents/Autonomous_kcg/ROS2Sample/build/tracked_lane_msgs': CMAKE_PREFIX_PATH=/opt/ros/foxy /usr/bin/cmake /home/shovals/Documents/Autonomous_kcg/ROS2Sample/src/msgs/tracked_lane_msgs -DCMAKE_INSTALL_PREFIX=/home/shovals/Documents/Autonomous_kcg/ROS2Sample/install/tracked_lane_msgs
[0.059s] -- The C compiler identification is GNU 9.4.0
[0.099s] -- The CXX compiler identification is GNU 9.4.0
[0.102s] -- Check for working C compiler: /usr/bin/cc
[0.155s] -- Check for working C compiler: /usr/bin/cc -- works
[0.156s] -- Detecting C compiler ABI info
[0.208s] -- Detecting C compiler ABI info - done
[0.216s] -- Detecting C compile features
[0.216s] -- Detecting C compile features - done
[0.218s] -- Check for working CXX compiler: /usr/bin/c++
[0.276s] -- Check for working CXX compiler: /usr/bin/c++ -- works
[0.277s] -- Detecting CXX compiler ABI info
[0.334s] -- Detecting CXX compiler ABI info - done
[0.342s] -- Detecting CXX compile features
[0.342s] -- Detecting CXX compile features - done
[0.343s] -- Found ament_cmake: 0.9.9 (/opt/ros/foxy/share/ament_cmake/cmake)
[0.361s] -- Found PythonInterp: /usr/bin/python3 (found suitable version "3.8.10", minimum required is "3") 
[0.361s] -- Using PYTHON_EXECUTABLE: /usr/bin/python3
[0.499s] -- Found std_msgs: 2.0.5 (/opt/ros/foxy/share/std_msgs/cmake)
[0.523s] -- Using all available rosidl_typesupport_c: rosidl_typesupport_fastrtps_c;rosidl_typesupport_introspection_c
[0.528s] -- Found rosidl_adapter: 1.2.1 (/opt/ros/foxy/share/rosidl_adapter/cmake)
[0.584s] -- Found OpenSSL: /usr/lib/x86_64-linux-gnu/libcrypto.so (found version "1.1.1f")  
[0.608s] -- Found FastRTPS: /opt/ros/foxy/include  
[0.672s] -- Using all available rosidl_typesupport_cpp: rosidl_typesupport_fastrtps_cpp;rosidl_typesupport_introspection_cpp
[0.701s] -- Found rosidl_default_generators: 1.0.1 (/opt/ros/foxy/share/rosidl_default_generators/cmake)
[0.724s] -- Found PythonInterp: /usr/bin/python3 (found version "3.8.10") 
[0.846s] -- Found ament_cmake_ros: 0.9.2 (/opt/ros/foxy/share/ament_cmake_ros/cmake)
[1.004s] -- Using all available rosidl_typesupport_c: rosidl_typesupport_fastrtps_c;rosidl_typesupport_introspection_c
[1.046s] -- Using all available rosidl_typesupport_cpp: rosidl_typesupport_fastrtps_cpp;rosidl_typesupport_introspection_cpp
[1.064s] -- Found PythonInterp: /usr/bin/python3 (found suitable version "3.8.10", minimum required is "3.5") 
[1.065s] -- Found python_cmake_module: 0.8.1 (/opt/ros/foxy/share/python_cmake_module/cmake)
[1.084s] -- Found PythonLibs: /usr/lib/x86_64-linux-gnu/libpython3.8.so (found suitable version "3.8.10", minimum required is "3.5") 
[1.085s] -- Using PYTHON_EXECUTABLE: /usr/bin/python3
[1.085s] -- Using PYTHON_INCLUDE_DIRS: /usr/include/python3.8
[1.085s] -- Using PYTHON_LIBRARIES: /usr/lib/x86_64-linux-gnu/libpython3.8.so
[1.101s] -- Found PythonExtra: .so  
[1.143s] -- Found ament_lint_auto: 0.9.6 (/opt/ros/foxy/share/ament_lint_auto/cmake)
[1.159s] -- Added test 'copyright' to check source files copyright and LICENSE
[1.159s] -- Added test 'lint_cmake' to check CMake code style
[1.159s] -- Added test 'xmllint' to check XML markup files
[1.161s] -- Configuring done
[1.195s] -- Generating done
[1.197s] -- Build files have been written to: /home/shovals/Documents/Autonomous_kcg/ROS2Sample/build/tracked_lane_msgs
[1.205s] Invoked command in '/home/shovals/Documents/Autonomous_kcg/ROS2Sample/build/tracked_lane_msgs' returned '0': CMAKE_PREFIX_PATH=/opt/ros/foxy /usr/bin/cmake /home/shovals/Documents/Autonomous_kcg/ROS2Sample/src/msgs/tracked_lane_msgs -DCMAKE_INSTALL_PREFIX=/home/shovals/Documents/Autonomous_kcg/ROS2Sample/install/tracked_lane_msgs
[1.208s] Invoking command in '/home/shovals/Documents/Autonomous_kcg/ROS2Sample/build/tracked_lane_msgs': CMAKE_PREFIX_PATH=/opt/ros/foxy /usr/bin/cmake --build /home/shovals/Documents/Autonomous_kcg/ROS2Sample/build/tracked_lane_msgs -- -j16 -l16
[1.237s] [  1%] [34m[1mGenerating C code for ROS interfaces[0m
[1.237s] [35m[1mScanning dependencies of target tracked_lane_msgs__cpp[0m
[1.245s] [  3%] [34m[1mGenerating C++ code for ROS interfaces[0m
[1.721s] [  3%] Built target tracked_lane_msgs__cpp
[1.737s] [  7%] [34m[1mGenerating C++ type support for eProsima Fast-RTPS[0m
[1.737s] [  7%] [34m[1mGenerating C++ type support dispatch for ROS interfaces[0m
[1.741s] [  9%] [34m[1mGenerating C++ introspection for ROS interfaces[0m
[1.792s] [35m[1mScanning dependencies of target tracked_lane_msgs__rosidl_generator_c[0m
[1.818s] [ 10%] [32mBuilding C object CMakeFiles/tracked_lane_msgs__rosidl_generator_c.dir/rosidl_generator_c/tracked_lane_msgs/msg/detail/boundary__functions.c.o[0m
[1.823s] [ 12%] [32mBuilding C object CMakeFiles/tracked_lane_msgs__rosidl_generator_c.dir/rosidl_generator_c/tracked_lane_msgs/msg/detail/point__functions.c.o[0m
[1.828s] [ 14%] [32mBuilding C object CMakeFiles/tracked_lane_msgs__rosidl_generator_c.dir/rosidl_generator_c/tracked_lane_msgs/msg/detail/lane_results__functions.c.o[0m
[1.833s] [ 16%] [32mBuilding C object CMakeFiles/tracked_lane_msgs__rosidl_generator_c.dir/rosidl_generator_c/tracked_lane_msgs/msg/detail/lane__functions.c.o[0m
[1.918s] [ 18%] [32m[1mLinking C shared library libtracked_lane_msgs__rosidl_generator_c.so[0m
[1.958s] [ 18%] Built target tracked_lane_msgs__rosidl_generator_c
[1.969s] [ 21%] [34m[1mGenerating C type support dispatch for ROS interfaces[0m
[1.969s] [ 21%] [34m[1mGenerating C introspection for ROS interfaces[0m
[2.174s] [35m[1mScanning dependencies of target tracked_lane_msgs__rosidl_typesupport_introspection_cpp[0m
[2.185s] [ 25%] [32mBuilding CXX object CMakeFiles/tracked_lane_msgs__rosidl_typesupport_introspection_cpp.dir/rosidl_typesupport_introspection_cpp/tracked_lane_msgs/msg/detail/point__type_support.cpp.o[0m
[2.185s] [ 25%] [32mBuilding CXX object CMakeFiles/tracked_lane_msgs__rosidl_typesupport_introspection_cpp.dir/rosidl_typesupport_introspection_cpp/tracked_lane_msgs/msg/detail/boundary__type_support.cpp.o[0m
[2.186s] [ 27%] [32mBuilding CXX object CMakeFiles/tracked_lane_msgs__rosidl_typesupport_introspection_cpp.dir/rosidl_typesupport_introspection_cpp/tracked_lane_msgs/msg/detail/lane_results__type_support.cpp.o[0m
[2.186s] [ 29%] [32mBuilding CXX object CMakeFiles/tracked_lane_msgs__rosidl_typesupport_introspection_cpp.dir/rosidl_typesupport_introspection_cpp/tracked_lane_msgs/msg/detail/lane__type_support.cpp.o[0m
[2.222s] [35m[1mScanning dependencies of target tracked_lane_msgs__rosidl_typesupport_cpp[0m
[2.237s] [ 30%] [32mBuilding CXX object CMakeFiles/tracked_lane_msgs__rosidl_typesupport_cpp.dir/rosidl_typesupport_cpp/tracked_lane_msgs/msg/lane_results__type_support.cpp.o[0m
[2.237s] [ 32%] [32mBuilding CXX object CMakeFiles/tracked_lane_msgs__rosidl_typesupport_cpp.dir/rosidl_typesupport_cpp/tracked_lane_msgs/msg/lane__type_support.cpp.o[0m
[2.238s] [ 34%] [32mBuilding CXX object CMakeFiles/tracked_lane_msgs__rosidl_typesupport_cpp.dir/rosidl_typesupport_cpp/tracked_lane_msgs/msg/point__type_support.cpp.o[0m
[2.241s] [ 36%] [32mBuilding CXX object CMakeFiles/tracked_lane_msgs__rosidl_typesupport_cpp.dir/rosidl_typesupport_cpp/tracked_lane_msgs/msg/boundary__type_support.cpp.o[0m
[2.369s] [35m[1mScanning dependencies of target tracked_lane_msgs__rosidl_typesupport_fastrtps_cpp[0m
[2.394s] [ 38%] [32mBuilding CXX object CMakeFiles/tracked_lane_msgs__rosidl_typesupport_fastrtps_cpp.dir/rosidl_typesupport_fastrtps_cpp/tracked_lane_msgs/msg/detail/dds_fastrtps/lane_results__type_support.cpp.o[0m
[2.404s] [ 40%] [32mBuilding CXX object CMakeFiles/tracked_lane_msgs__rosidl_typesupport_fastrtps_cpp.dir/rosidl_typesupport_fastrtps_cpp/tracked_lane_msgs/msg/detail/dds_fastrtps/lane__type_support.cpp.o[0m
[2.425s] [ 41%] [32mBuilding CXX object CMakeFiles/tracked_lane_msgs__rosidl_typesupport_fastrtps_cpp.dir/rosidl_typesupport_fastrtps_cpp/tracked_lane_msgs/msg/detail/dds_fastrtps/boundary__type_support.cpp.o[0m
[2.489s] [ 43%] [32mBuilding CXX object CMakeFiles/tracked_lane_msgs__rosidl_typesupport_fastrtps_cpp.dir/rosidl_typesupport_fastrtps_cpp/tracked_lane_msgs/msg/detail/dds_fastrtps/point__type_support.cpp.o[0m
[2.550s] [35m[1mScanning dependencies of target tracked_lane_msgs__rosidl_typesupport_c[0m
[2.577s] [ 45%] [32mBuilding CXX object CMakeFiles/tracked_lane_msgs__rosidl_typesupport_c.dir/rosidl_typesupport_c/tracked_lane_msgs/msg/boundary__type_support.cpp.o[0m
[2.577s] [ 47%] [32mBuilding CXX object CMakeFiles/tracked_lane_msgs__rosidl_typesupport_c.dir/rosidl_typesupport_c/tracked_lane_msgs/msg/point__type_support.cpp.o[0m
[2.586s] [35m[1mScanning dependencies of target tracked_lane_msgs__rosidl_typesupport_introspection_c[0m
[2.588s] [ 50%] [32m[1mLinking CXX shared library libtracked_lane_msgs__rosidl_typesupport_cpp.so[0m
[2.588s] [ 50%] [32mBuilding CXX object CMakeFiles/tracked_lane_msgs__rosidl_typesupport_c.dir/rosidl_typesupport_c/tracked_lane_msgs/msg/lane__type_support.cpp.o[0m
[2.588s] [ 52%] [32mBuilding CXX object CMakeFiles/tracked_lane_msgs__rosidl_typesupport_c.dir/rosidl_typesupport_c/tracked_lane_msgs/msg/lane_results__type_support.cpp.o[0m
[2.617s] [ 54%] [32mBuilding C object CMakeFiles/tracked_lane_msgs__rosidl_typesupport_introspection_c.dir/rosidl_typesupport_introspection_c/tracked_lane_msgs/msg/detail/lane_results__type_support.c.o[0m
[2.620s] [ 56%] [32mBuilding C object CMakeFiles/tracked_lane_msgs__rosidl_typesupport_introspection_c.dir/rosidl_typesupport_introspection_c/tracked_lane_msgs/msg/detail/lane__type_support.c.o[0m
[2.632s] [ 56%] Built target tracked_lane_msgs__rosidl_typesupport_cpp
[2.632s] [ 58%] [32mBuilding C object CMakeFiles/tracked_lane_msgs__rosidl_typesupport_introspection_c.dir/rosidl_typesupport_introspection_c/tracked_lane_msgs/msg/detail/point__type_support.c.o[0m
[2.633s] [ 60%] [32m[1mLinking CXX shared library libtracked_lane_msgs__rosidl_typesupport_c.so[0m
[2.641s] [ 61%] [32mBuilding C object CMakeFiles/tracked_lane_msgs__rosidl_typesupport_introspection_c.dir/rosidl_typesupport_introspection_c/tracked_lane_msgs/msg/detail/boundary__type_support.c.o[0m
[2.682s] [ 63%] [32m[1mLinking CXX shared library libtracked_lane_msgs__rosidl_typesupport_introspection_cpp.so[0m
[2.693s] [ 65%] [32m[1mLinking C shared library libtracked_lane_msgs__rosidl_typesupport_introspection_c.so[0m
[2.694s] [ 65%] Built target tracked_lane_msgs__rosidl_typesupport_c
[2.725s] [ 65%] Built target tracked_lane_msgs__rosidl_typesupport_introspection_c
[2.767s] [ 65%] Built target tracked_lane_msgs__rosidl_typesupport_introspection_cpp
[3.007s] [ 67%] [32m[1mLinking CXX shared library libtracked_lane_msgs__rosidl_typesupport_fastrtps_cpp.so[0m
[3.074s] [ 67%] Built target tracked_lane_msgs__rosidl_typesupport_fastrtps_cpp
[3.082s] [ 69%] [34m[1mGenerating C type support for eProsima Fast-RTPS[0m
[3.625s] [35m[1mScanning dependencies of target tracked_lane_msgs__rosidl_typesupport_fastrtps_c[0m
[3.645s] [ 70%] [32mBuilding CXX object CMakeFiles/tracked_lane_msgs__rosidl_typesupport_fastrtps_c.dir/rosidl_typesupport_fastrtps_c/tracked_lane_msgs/msg/detail/lane_results__type_support_c.cpp.o[0m
[3.654s] [ 72%] [32mBuilding CXX object CMakeFiles/tracked_lane_msgs__rosidl_typesupport_fastrtps_c.dir/rosidl_typesupport_fastrtps_c/tracked_lane_msgs/msg/detail/boundary__type_support_c.cpp.o[0m
[3.656s] [ 74%] [32mBuilding CXX object CMakeFiles/tracked_lane_msgs__rosidl_typesupport_fastrtps_c.dir/rosidl_typesupport_fastrtps_c/tracked_lane_msgs/msg/detail/lane__type_support_c.cpp.o[0m
[3.660s] [ 76%] [32mBuilding CXX object CMakeFiles/tracked_lane_msgs__rosidl_typesupport_fastrtps_c.dir/rosidl_typesupport_fastrtps_c/tracked_lane_msgs/msg/detail/point__type_support_c.cpp.o[0m
[4.088s] [ 78%] [32m[1mLinking CXX shared library libtracked_lane_msgs__rosidl_typesupport_fastrtps_c.so[0m
[4.184s] [ 78%] Built target tracked_lane_msgs__rosidl_typesupport_fastrtps_c
[4.190s] [35m[1mScanning dependencies of target tracked_lane_msgs[0m
[4.199s] [ 78%] Built target tracked_lane_msgs
[4.210s] [35m[1mScanning dependencies of target tracked_lane_msgs__py[0m
[4.217s] [ 80%] [34m[1mGenerating Python code for ROS interfaces[0m
[5.443s] [ 80%] Built target tracked_lane_msgs__py
[5.452s] [35m[1mScanning dependencies of target tracked_lane_msgs__python[0m
[5.487s] [ 81%] [32mBuilding C object CMakeFiles/tracked_lane_msgs__python.dir/rosidl_generator_py/tracked_lane_msgs/msg/_lane_s.c.o[0m
[5.493s] [ 83%] [32mBuilding C object CMakeFiles/tracked_lane_msgs__python.dir/rosidl_generator_py/tracked_lane_msgs/msg/_lane_results_s.c.o[0m
[5.496s] [ 85%] [32mBuilding C object CMakeFiles/tracked_lane_msgs__python.dir/rosidl_generator_py/tracked_lane_msgs/msg/_boundary_s.c.o[0m
[5.553s] [ 87%] [32mBuilding C object CMakeFiles/tracked_lane_msgs__python.dir/rosidl_generator_py/tracked_lane_msgs/msg/_point_s.c.o[0m
[5.723s] [ 89%] [32m[1mLinking C shared library rosidl_generator_py/tracked_lane_msgs/libtracked_lane_msgs__python.so[0m
[5.756s] [ 89%] Built target tracked_lane_msgs__python
[5.764s] [35m[1mScanning dependencies of target tracked_lane_msgs__rosidl_typesupport_fastrtps_c__pyext[0m
[5.764s] [35m[1mScanning dependencies of target tracked_lane_msgs__rosidl_typesupport_introspection_c__pyext[0m
[5.765s] [35m[1mScanning dependencies of target tracked_lane_msgs__rosidl_typesupport_c__pyext[0m
[5.777s] [ 90%] [32mBuilding C object CMakeFiles/tracked_lane_msgs__rosidl_typesupport_introspection_c__pyext.dir/rosidl_generator_py/tracked_lane_msgs/_tracked_lane_msgs_s.ep.rosidl_typesupport_introspection_c.c.o[0m
[5.778s] [ 92%] [32mBuilding C object CMakeFiles/tracked_lane_msgs__rosidl_typesupport_fastrtps_c__pyext.dir/rosidl_generator_py/tracked_lane_msgs/_tracked_lane_msgs_s.ep.rosidl_typesupport_fastrtps_c.c.o[0m
[5.782s] [ 94%] [32mBuilding C object CMakeFiles/tracked_lane_msgs__rosidl_typesupport_c__pyext.dir/rosidl_generator_py/tracked_lane_msgs/_tracked_lane_msgs_s.ep.rosidl_typesupport_c.c.o[0m
[5.844s] [ 96%] [32m[1mLinking C shared library rosidl_generator_py/tracked_lane_msgs/tracked_lane_msgs_s__rosidl_typesupport_introspection_c.cpython-38-x86_64-linux-gnu.so[0m
[5.844s] [ 98%] [32m[1mLinking CXX shared library rosidl_generator_py/tracked_lane_msgs/tracked_lane_msgs_s__rosidl_typesupport_fastrtps_c.cpython-38-x86_64-linux-gnu.so[0m
[5.847s] [100%] [32m[1mLinking C shared library rosidl_generator_py/tracked_lane_msgs/tracked_lane_msgs_s__rosidl_typesupport_c.cpython-38-x86_64-linux-gnu.so[0m
[5.871s] [100%] Built target tracked_lane_msgs__rosidl_typesupport_introspection_c__pyext
[5.873s] [100%] Built target tracked_lane_msgs__rosidl_typesupport_c__pyext
[5.889s] [100%] Built target tracked_lane_msgs__rosidl_typesupport_fastrtps_c__pyext
[5.897s] Invoked command in '/home/shovals/Documents/Autonomous_kcg/ROS2Sample/build/tracked_lane_msgs' returned '0': CMAKE_PREFIX_PATH=/opt/ros/foxy /usr/bin/cmake --build /home/shovals/Documents/Autonomous_kcg/ROS2Sample/build/tracked_lane_msgs -- -j16 -l16
[5.984s] Invoking command in '/home/shovals/Documents/Autonomous_kcg/ROS2Sample/build/tracked_lane_msgs': CMAKE_PREFIX_PATH=/opt/ros/foxy /usr/bin/cmake --install /home/shovals/Documents/Autonomous_kcg/ROS2Sample/build/tracked_lane_msgs
[5.989s] -- Install configuration: ""
[5.990s] -- Installing: /home/shovals/Documents/Autonomous_kcg/ROS2Sample/install/tracked_lane_msgs/share/ament_index/resource_index/rosidl_interfaces/tracked_lane_msgs
[5.990s] -- Installing: /home/shovals/Documents/Autonomous_kcg/ROS2Sample/install/tracked_lane_msgs/include/tracked_lane_msgs
[5.990s] -- Installing: /home/shovals/Documents/Autonomous_kcg/ROS2Sample/install/tracked_lane_msgs/include/tracked_lane_msgs/msg
[5.990s] -- Installing: /home/shovals/Documents/Autonomous_kcg/ROS2Sample/install/tracked_lane_msgs/include/tracked_lane_msgs/msg/rosidl_generator_c__visibility_control.h
[5.990s] -- Installing: /home/shovals/Documents/Autonomous_kcg/ROS2Sample/install/tracked_lane_msgs/include/tracked_lane_msgs/msg/lane_results.h
[5.990s] -- Installing: /home/shovals/Documents/Autonomous_kcg/ROS2Sample/install/tracked_lane_msgs/include/tracked_lane_msgs/msg/lane.h
[5.990s] -- Installing: /home/shovals/Documents/Autonomous_kcg/ROS2Sample/install/tracked_lane_msgs/include/tracked_lane_msgs/msg/boundary.h
[5.991s] -- Installing: /home/shovals/Documents/Autonomous_kcg/ROS2Sample/install/tracked_lane_msgs/include/tracked_lane_msgs/msg/detail
[5.991s] -- Installing: /home/shovals/Documents/Autonomous_kcg/ROS2Sample/install/tracked_lane_msgs/include/tracked_lane_msgs/msg/detail/lane__functions.c
[5.991s] -- Installing: /home/shovals/Documents/Autonomous_kcg/ROS2Sample/install/tracked_lane_msgs/include/tracked_lane_msgs/msg/detail/boundary__functions.c
[5.991s] -- Installing: /home/shovals/Documents/Autonomous_kcg/ROS2Sample/install/tracked_lane_msgs/include/tracked_lane_msgs/msg/detail/boundary__type_support.h
[5.991s] -- Installing: /home/shovals/Documents/Autonomous_kcg/ROS2Sample/install/tracked_lane_msgs/include/tracked_lane_msgs/msg/detail/lane_results__functions.h
[5.991s] -- Installing: /home/shovals/Documents/Autonomous_kcg/ROS2Sample/install/tracked_lane_msgs/include/tracked_lane_msgs/msg/detail/boundary__struct.h
[5.991s] -- Installing: /home/shovals/Documents/Autonomous_kcg/ROS2Sample/install/tracked_lane_msgs/include/tracked_lane_msgs/msg/detail/lane__struct.h
[5.991s] -- Installing: /home/shovals/Documents/Autonomous_kcg/ROS2Sample/install/tracked_lane_msgs/include/tracked_lane_msgs/msg/detail/point__type_support.h
[5.991s] -- Installing: /home/shovals/Documents/Autonomous_kcg/ROS2Sample/install/tracked_lane_msgs/include/tracked_lane_msgs/msg/detail/lane_results__type_support.h
[5.991s] -- Installing: /home/shovals/Documents/Autonomous_kcg/ROS2Sample/install/tracked_lane_msgs/include/tracked_lane_msgs/msg/detail/point__functions.h
[5.991s] -- Installing: /home/shovals/Documents/Autonomous_kcg/ROS2Sample/install/tracked_lane_msgs/include/tracked_lane_msgs/msg/detail/point__struct.h
[5.991s] -- Installing: /home/shovals/Documents/Autonomous_kcg/ROS2Sample/install/tracked_lane_msgs/include/tracked_lane_msgs/msg/detail/lane__type_support.h
[5.991s] -- Installing: /home/shovals/Documents/Autonomous_kcg/ROS2Sample/install/tracked_lane_msgs/include/tracked_lane_msgs/msg/detail/lane_results__struct.h
[5.991s] -- Installing: /home/shovals/Documents/Autonomous_kcg/ROS2Sample/install/tracked_lane_msgs/include/tracked_lane_msgs/msg/detail/lane__functions.h
[5.991s] -- Installing: /home/shovals/Documents/Autonomous_kcg/ROS2Sample/install/tracked_lane_msgs/include/tracked_lane_msgs/msg/detail/boundary__functions.h
[5.991s] -- Installing: /home/shovals/Documents/Autonomous_kcg/ROS2Sample/install/tracked_lane_msgs/include/tracked_lane_msgs/msg/detail/lane_results__functions.c
[5.991s] -- Installing: /home/shovals/Documents/Autonomous_kcg/ROS2Sample/install/tracked_lane_msgs/include/tracked_lane_msgs/msg/detail/point__functions.c
[5.991s] -- Installing: /home/shovals/Documents/Autonomous_kcg/ROS2Sample/install/tracked_lane_msgs/include/tracked_lane_msgs/msg/point.h
[5.991s] -- Installing: /home/shovals/Documents/Autonomous_kcg/ROS2Sample/install/tracked_lane_msgs/share/tracked_lane_msgs/environment/library_path.sh
[5.991s] -- Installing: /home/shovals/Documents/Autonomous_kcg/ROS2Sample/install/tracked_lane_msgs/share/tracked_lane_msgs/environment/library_path.dsv
[5.991s] -- Installing: /home/shovals/Documents/Autonomous_kcg/ROS2Sample/install/tracked_lane_msgs/lib/libtracked_lane_msgs__rosidl_generator_c.so
[5.991s] -- Set runtime path of "/home/shovals/Documents/Autonomous_kcg/ROS2Sample/install/tracked_lane_msgs/lib/libtracked_lane_msgs__rosidl_generator_c.so" to ""
[5.991s] -- Up-to-date: /home/shovals/Documents/Autonomous_kcg/ROS2Sample/install/tracked_lane_msgs/include/tracked_lane_msgs
[5.992s] -- Up-to-date: /home/shovals/Documents/Autonomous_kcg/ROS2Sample/install/tracked_lane_msgs/include/tracked_lane_msgs/msg
[5.992s] -- Installing: /home/shovals/Documents/Autonomous_kcg/ROS2Sample/install/tracked_lane_msgs/include/tracked_lane_msgs/msg/rosidl_typesupport_fastrtps_c__visibility_control.h
[5.992s] -- Up-to-date: /home/shovals/Documents/Autonomous_kcg/ROS2Sample/install/tracked_lane_msgs/include/tracked_lane_msgs/msg/detail
[5.992s] -- Installing: /home/shovals/Documents/Autonomous_kcg/ROS2Sample/install/tracked_lane_msgs/include/tracked_lane_msgs/msg/detail/lane_results__rosidl_typesupport_fastrtps_c.h
[5.992s] -- Installing: /home/shovals/Documents/Autonomous_kcg/ROS2Sample/install/tracked_lane_msgs/include/tracked_lane_msgs/msg/detail/point__rosidl_typesupport_fastrtps_c.h
[5.992s] -- Installing: /home/shovals/Documents/Autonomous_kcg/ROS2Sample/install/tracked_lane_msgs/include/tracked_lane_msgs/msg/detail/lane__rosidl_typesupport_fastrtps_c.h
[5.992s] -- Installing: /home/shovals/Documents/Autonomous_kcg/ROS2Sample/install/tracked_lane_msgs/include/tracked_lane_msgs/msg/detail/boundary__rosidl_typesupport_fastrtps_c.h
[5.992s] -- Installing: /home/shovals/Documents/Autonomous_kcg/ROS2Sample/install/tracked_lane_msgs/lib/libtracked_lane_msgs__rosidl_typesupport_fastrtps_c.so
[5.992s] -- Set runtime path of "/home/shovals/Documents/Autonomous_kcg/ROS2Sample/install/tracked_lane_msgs/lib/libtracked_lane_msgs__rosidl_typesupport_fastrtps_c.so" to ""
[5.992s] -- Up-to-date: /home/shovals/Documents/Autonomous_kcg/ROS2Sample/install/tracked_lane_msgs/include/tracked_lane_msgs
[5.992s] -- Up-to-date: /home/shovals/Documents/Autonomous_kcg/ROS2Sample/install/tracked_lane_msgs/include/tracked_lane_msgs/msg
[5.992s] -- Installing: /home/shovals/Documents/Autonomous_kcg/ROS2Sample/install/tracked_lane_msgs/include/tracked_lane_msgs/msg/rosidl_typesupport_fastrtps_cpp__visibility_control.h
[5.992s] -- Up-to-date: /home/shovals/Documents/Autonomous_kcg/ROS2Sample/install/tracked_lane_msgs/include/tracked_lane_msgs/msg/detail
[5.992s] -- Installing: /home/shovals/Documents/Autonomous_kcg/ROS2Sample/install/tracked_lane_msgs/include/tracked_lane_msgs/msg/detail/boundary__rosidl_typesupport_fastrtps_cpp.hpp
[5.992s] -- Installing: /home/shovals/Documents/Autonomous_kcg/ROS2Sample/install/tracked_lane_msgs/include/tracked_lane_msgs/msg/detail/lane__rosidl_typesupport_fastrtps_cpp.hpp
[5.992s] -- Installing: /home/shovals/Documents/Autonomous_kcg/ROS2Sample/install/tracked_lane_msgs/include/tracked_lane_msgs/msg/detail/dds_fastrtps
[5.992s] -- Installing: /home/shovals/Documents/Autonomous_kcg/ROS2Sample/install/tracked_lane_msgs/include/tracked_lane_msgs/msg/detail/point__rosidl_typesupport_fastrtps_cpp.hpp
[5.992s] -- Installing: /home/shovals/Documents/Autonomous_kcg/ROS2Sample/install/tracked_lane_msgs/include/tracked_lane_msgs/msg/detail/lane_results__rosidl_typesupport_fastrtps_cpp.hpp
[5.992s] -- Installing: /home/shovals/Documents/Autonomous_kcg/ROS2Sample/install/tracked_lane_msgs/lib/libtracked_lane_msgs__rosidl_typesupport_fastrtps_cpp.so
[5.992s] -- Set runtime path of "/home/shovals/Documents/Autonomous_kcg/ROS2Sample/install/tracked_lane_msgs/lib/libtracked_lane_msgs__rosidl_typesupport_fastrtps_cpp.so" to ""
[5.992s] -- Up-to-date: /home/shovals/Documents/Autonomous_kcg/ROS2Sample/install/tracked_lane_msgs/include/tracked_lane_msgs
[5.993s] -- Up-to-date: /home/shovals/Documents/Autonomous_kcg/ROS2Sample/install/tracked_lane_msgs/include/tracked_lane_msgs/msg
[5.993s] -- Up-to-date: /home/shovals/Documents/Autonomous_kcg/ROS2Sample/install/tracked_lane_msgs/include/tracked_lane_msgs/msg/detail
[5.993s] -- Installing: /home/shovals/Documents/Autonomous_kcg/ROS2Sample/install/tracked_lane_msgs/include/tracked_lane_msgs/msg/detail/lane_results__type_support.c
[5.993s] -- Installing: /home/shovals/Documents/Autonomous_kcg/ROS2Sample/install/tracked_lane_msgs/include/tracked_lane_msgs/msg/detail/lane__type_support.c
[5.993s] -- Installing: /home/shovals/Documents/Autonomous_kcg/ROS2Sample/install/tracked_lane_msgs/include/tracked_lane_msgs/msg/detail/boundary__type_support.c
[5.993s] -- Installing: /home/shovals/Documents/Autonomous_kcg/ROS2Sample/install/tracked_lane_msgs/include/tracked_lane_msgs/msg/detail/point__rosidl_typesupport_introspection_c.h
[5.993s] -- Installing: /home/shovals/Documents/Autonomous_kcg/ROS2Sample/install/tracked_lane_msgs/include/tracked_lane_msgs/msg/detail/point__type_support.c
[5.993s] -- Installing: /home/shovals/Documents/Autonomous_kcg/ROS2Sample/install/tracked_lane_msgs/include/tracked_lane_msgs/msg/detail/lane_results__rosidl_typesupport_introspection_c.h
[5.993s] -- Installing: /home/shovals/Documents/Autonomous_kcg/ROS2Sample/install/tracked_lane_msgs/include/tracked_lane_msgs/msg/detail/lane__rosidl_typesupport_introspection_c.h
[5.993s] -- Installing: /home/shovals/Documents/Autonomous_kcg/ROS2Sample/install/tracked_lane_msgs/include/tracked_lane_msgs/msg/detail/boundary__rosidl_typesupport_introspection_c.h
[5.993s] -- Installing: /home/shovals/Documents/Autonomous_kcg/ROS2Sample/install/tracked_lane_msgs/include/tracked_lane_msgs/msg/rosidl_typesupport_introspection_c__visibility_control.h
[5.993s] -- Installing: /home/shovals/Documents/Autonomous_kcg/ROS2Sample/install/tracked_lane_msgs/lib/libtracked_lane_msgs__rosidl_typesupport_introspection_c.so
[5.993s] -- Set runtime path of "/home/shovals/Documents/Autonomous_kcg/ROS2Sample/install/tracked_lane_msgs/lib/libtracked_lane_msgs__rosidl_typesupport_introspection_c.so" to ""
[5.993s] -- Installing: /home/shovals/Documents/Autonomous_kcg/ROS2Sample/install/tracked_lane_msgs/lib/libtracked_lane_msgs__rosidl_typesupport_c.so
[5.993s] -- Set runtime path of "/home/shovals/Documents/Autonomous_kcg/ROS2Sample/install/tracked_lane_msgs/lib/libtracked_lane_msgs__rosidl_typesupport_c.so" to ""
[5.993s] -- Up-to-date: /home/shovals/Documents/Autonomous_kcg/ROS2Sample/install/tracked_lane_msgs/include/tracked_lane_msgs
[5.993s] -- Up-to-date: /home/shovals/Documents/Autonomous_kcg/ROS2Sample/install/tracked_lane_msgs/include/tracked_lane_msgs/msg
[5.994s] -- Installing: /home/shovals/Documents/Autonomous_kcg/ROS2Sample/install/tracked_lane_msgs/include/tracked_lane_msgs/msg/lane.hpp
[5.994s] -- Installing: /home/shovals/Documents/Autonomous_kcg/ROS2Sample/install/tracked_lane_msgs/include/tracked_lane_msgs/msg/boundary.hpp
[5.994s] -- Installing: /home/shovals/Documents/Autonomous_kcg/ROS2Sample/install/tracked_lane_msgs/include/tracked_lane_msgs/msg/lane_results.hpp
[5.994s] -- Up-to-date: /home/shovals/Documents/Autonomous_kcg/ROS2Sample/install/tracked_lane_msgs/include/tracked_lane_msgs/msg/detail
[5.994s] -- Installing: /home/shovals/Documents/Autonomous_kcg/ROS2Sample/install/tracked_lane_msgs/include/tracked_lane_msgs/msg/detail/lane__traits.hpp
[5.994s] -- Installing: /home/shovals/Documents/Autonomous_kcg/ROS2Sample/install/tracked_lane_msgs/include/tracked_lane_msgs/msg/detail/lane_results__traits.hpp
[5.994s] -- Installing: /home/shovals/Documents/Autonomous_kcg/ROS2Sample/install/tracked_lane_msgs/include/tracked_lane_msgs/msg/detail/point__struct.hpp
[5.994s] -- Installing: /home/shovals/Documents/Autonomous_kcg/ROS2Sample/install/tracked_lane_msgs/include/tracked_lane_msgs/msg/detail/lane_results__builder.hpp
[5.994s] -- Installing: /home/shovals/Documents/Autonomous_kcg/ROS2Sample/install/tracked_lane_msgs/include/tracked_lane_msgs/msg/detail/lane__struct.hpp
[5.994s] -- Installing: /home/shovals/Documents/Autonomous_kcg/ROS2Sample/install/tracked_lane_msgs/include/tracked_lane_msgs/msg/detail/point__traits.hpp
[5.994s] -- Installing: /home/shovals/Documents/Autonomous_kcg/ROS2Sample/install/tracked_lane_msgs/include/tracked_lane_msgs/msg/detail/boundary__builder.hpp
[5.994s] -- Installing: /home/shovals/Documents/Autonomous_kcg/ROS2Sample/install/tracked_lane_msgs/include/tracked_lane_msgs/msg/detail/boundary__traits.hpp
[5.994s] -- Installing: /home/shovals/Documents/Autonomous_kcg/ROS2Sample/install/tracked_lane_msgs/include/tracked_lane_msgs/msg/detail/boundary__struct.hpp
[5.994s] -- Installing: /home/shovals/Documents/Autonomous_kcg/ROS2Sample/install/tracked_lane_msgs/include/tracked_lane_msgs/msg/detail/lane__builder.hpp
[5.994s] -- Installing: /home/shovals/Documents/Autonomous_kcg/ROS2Sample/install/tracked_lane_msgs/include/tracked_lane_msgs/msg/detail/point__builder.hpp
[5.994s] -- Installing: /home/shovals/Documents/Autonomous_kcg/ROS2Sample/install/tracked_lane_msgs/include/tracked_lane_msgs/msg/detail/lane_results__struct.hpp
[5.994s] -- Installing: /home/shovals/Documents/Autonomous_kcg/ROS2Sample/install/tracked_lane_msgs/include/tracked_lane_msgs/msg/point.hpp
[5.994s] -- Up-to-date: /home/shovals/Documents/Autonomous_kcg/ROS2Sample/install/tracked_lane_msgs/include/tracked_lane_msgs
[5.994s] -- Up-to-date: /home/shovals/Documents/Autonomous_kcg/ROS2Sample/install/tracked_lane_msgs/include/tracked_lane_msgs/msg
[5.995s] -- Up-to-date: /home/shovals/Documents/Autonomous_kcg/ROS2Sample/install/tracked_lane_msgs/include/tracked_lane_msgs/msg/detail
[5.995s] -- Installing: /home/shovals/Documents/Autonomous_kcg/ROS2Sample/install/tracked_lane_msgs/include/tracked_lane_msgs/msg/detail/point__rosidl_typesupport_introspection_cpp.hpp
[5.995s] -- Installing: /home/shovals/Documents/Autonomous_kcg/ROS2Sample/install/tracked_lane_msgs/include/tracked_lane_msgs/msg/detail/lane__rosidl_typesupport_introspection_cpp.hpp
[5.995s] -- Installing: /home/shovals/Documents/Autonomous_kcg/ROS2Sample/install/tracked_lane_msgs/include/tracked_lane_msgs/msg/detail/lane__type_support.cpp
[5.995s] -- Installing: /home/shovals/Documents/Autonomous_kcg/ROS2Sample/install/tracked_lane_msgs/include/tracked_lane_msgs/msg/detail/point__type_support.cpp
[5.995s] -- Installing: /home/shovals/Documents/Autonomous_kcg/ROS2Sample/install/tracked_lane_msgs/include/tracked_lane_msgs/msg/detail/boundary__rosidl_typesupport_introspection_cpp.hpp
[5.995s] -- Installing: /home/shovals/Documents/Autonomous_kcg/ROS2Sample/install/tracked_lane_msgs/include/tracked_lane_msgs/msg/detail/boundary__type_support.cpp
[5.995s] -- Installing: /home/shovals/Documents/Autonomous_kcg/ROS2Sample/install/tracked_lane_msgs/include/tracked_lane_msgs/msg/detail/lane_results__rosidl_typesupport_introspection_cpp.hpp
[5.995s] -- Installing: /home/shovals/Documents/Autonomous_kcg/ROS2Sample/install/tracked_lane_msgs/include/tracked_lane_msgs/msg/detail/lane_results__type_support.cpp
[5.995s] -- Installing: /home/shovals/Documents/Autonomous_kcg/ROS2Sample/install/tracked_lane_msgs/lib/libtracked_lane_msgs__rosidl_typesupport_introspection_cpp.so
[5.995s] -- Set runtime path of "/home/shovals/Documents/Autonomous_kcg/ROS2Sample/install/tracked_lane_msgs/lib/libtracked_lane_msgs__rosidl_typesupport_introspection_cpp.so" to ""
[5.995s] -- Installing: /home/shovals/Documents/Autonomous_kcg/ROS2Sample/install/tracked_lane_msgs/lib/libtracked_lane_msgs__rosidl_typesupport_cpp.so
[5.996s] -- Set runtime path of "/home/shovals/Documents/Autonomous_kcg/ROS2Sample/install/tracked_lane_msgs/lib/libtracked_lane_msgs__rosidl_typesupport_cpp.so" to ""
[5.996s] -- Installing: /home/shovals/Documents/Autonomous_kcg/ROS2Sample/install/tracked_lane_msgs/share/tracked_lane_msgs/environment/pythonpath.sh
[5.996s] -- Installing: /home/shovals/Documents/Autonomous_kcg/ROS2Sample/install/tracked_lane_msgs/share/tracked_lane_msgs/environment/pythonpath.dsv
[5.996s] -- Installing: /home/shovals/Documents/Autonomous_kcg/ROS2Sample/install/tracked_lane_msgs/lib/python3.8/site-packages/tracked_lane_msgs/__init__.py
[6.016s] Compiling '/home/shovals/Documents/Autonomous_kcg/ROS2Sample/install/tracked_lane_msgs/lib/python3.8/site-packages/tracked_lane_msgs/__init__.py'...
[6.019s] -- Installing: /home/shovals/Documents/Autonomous_kcg/ROS2Sample/install/tracked_lane_msgs/lib/python3.8/site-packages/tracked_lane_msgs/msg
[6.019s] -- Installing: /home/shovals/Documents/Autonomous_kcg/ROS2Sample/install/tracked_lane_msgs/lib/python3.8/site-packages/tracked_lane_msgs/msg/_lane_results_s.c
[6.019s] -- Installing: /home/shovals/Documents/Autonomous_kcg/ROS2Sample/install/tracked_lane_msgs/lib/python3.8/site-packages/tracked_lane_msgs/msg/__init__.py
[6.019s] -- Installing: /home/shovals/Documents/Autonomous_kcg/ROS2Sample/install/tracked_lane_msgs/lib/python3.8/site-packages/tracked_lane_msgs/msg/_lane.py
[6.019s] -- Installing: /home/shovals/Documents/Autonomous_kcg/ROS2Sample/install/tracked_lane_msgs/lib/python3.8/site-packages/tracked_lane_msgs/msg/_lane_s.c
[6.019s] -- Installing: /home/shovals/Documents/Autonomous_kcg/ROS2Sample/install/tracked_lane_msgs/lib/python3.8/site-packages/tracked_lane_msgs/msg/_point.py
[6.019s] -- Installing: /home/shovals/Documents/Autonomous_kcg/ROS2Sample/install/tracked_lane_msgs/lib/python3.8/site-packages/tracked_lane_msgs/msg/_boundary_s.c
[6.019s] -- Installing: /home/shovals/Documents/Autonomous_kcg/ROS2Sample/install/tracked_lane_msgs/lib/python3.8/site-packages/tracked_lane_msgs/msg/_lane_results.py
[6.020s] -- Installing: /home/shovals/Documents/Autonomous_kcg/ROS2Sample/install/tracked_lane_msgs/lib/python3.8/site-packages/tracked_lane_msgs/msg/_point_s.c
[6.020s] -- Installing: /home/shovals/Documents/Autonomous_kcg/ROS2Sample/install/tracked_lane_msgs/lib/python3.8/site-packages/tracked_lane_msgs/msg/_boundary.py
[6.020s] -- Installing: /home/shovals/Documents/Autonomous_kcg/ROS2Sample/install/tracked_lane_msgs/lib/python3.8/site-packages/tracked_lane_msgs/tracked_lane_msgs_s__rosidl_typesupport_fastrtps_c.cpython-38-x86_64-linux-gnu.so
[6.020s] -- Set runtime path of "/home/shovals/Documents/Autonomous_kcg/ROS2Sample/install/tracked_lane_msgs/lib/python3.8/site-packages/tracked_lane_msgs/tracked_lane_msgs_s__rosidl_typesupport_fastrtps_c.cpython-38-x86_64-linux-gnu.so" to ""
[6.020s] -- Installing: /home/shovals/Documents/Autonomous_kcg/ROS2Sample/install/tracked_lane_msgs/lib/python3.8/site-packages/tracked_lane_msgs/tracked_lane_msgs_s__rosidl_typesupport_introspection_c.cpython-38-x86_64-linux-gnu.so
[6.021s] -- Set runtime path of "/home/shovals/Documents/Autonomous_kcg/ROS2Sample/install/tracked_lane_msgs/lib/python3.8/site-packages/tracked_lane_msgs/tracked_lane_msgs_s__rosidl_typesupport_introspection_c.cpython-38-x86_64-linux-gnu.so" to ""
[6.021s] -- Installing: /home/shovals/Documents/Autonomous_kcg/ROS2Sample/install/tracked_lane_msgs/lib/python3.8/site-packages/tracked_lane_msgs/tracked_lane_msgs_s__rosidl_typesupport_c.cpython-38-x86_64-linux-gnu.so
[6.021s] -- Set runtime path of "/home/shovals/Documents/Autonomous_kcg/ROS2Sample/install/tracked_lane_msgs/lib/python3.8/site-packages/tracked_lane_msgs/tracked_lane_msgs_s__rosidl_typesupport_c.cpython-38-x86_64-linux-gnu.so" to ""
[6.021s] -- Installing: /home/shovals/Documents/Autonomous_kcg/ROS2Sample/install/tracked_lane_msgs/lib/libtracked_lane_msgs__python.so
[6.021s] -- Set runtime path of "/home/shovals/Documents/Autonomous_kcg/ROS2Sample/install/tracked_lane_msgs/lib/libtracked_lane_msgs__python.so" to ""
[6.022s] -- Installing: /home/shovals/Documents/Autonomous_kcg/ROS2Sample/install/tracked_lane_msgs/share/tracked_lane_msgs/msg/LaneResults.idl
[6.022s] -- Installing: /home/shovals/Documents/Autonomous_kcg/ROS2Sample/install/tracked_lane_msgs/share/tracked_lane_msgs/msg/Lane.idl
[6.022s] -- Installing: /home/shovals/Documents/Autonomous_kcg/ROS2Sample/install/tracked_lane_msgs/share/tracked_lane_msgs/msg/Boundary.idl
[6.022s] -- Installing: /home/shovals/Documents/Autonomous_kcg/ROS2Sample/install/tracked_lane_msgs/share/tracked_lane_msgs/msg/Point.idl
[6.022s] -- Installing: /home/shovals/Documents/Autonomous_kcg/ROS2Sample/install/tracked_lane_msgs/share/tracked_lane_msgs/msg/LaneResults.msg
[6.022s] -- Installing: /home/shovals/Documents/Autonomous_kcg/ROS2Sample/install/tracked_lane_msgs/share/tracked_lane_msgs/msg/Lane.msg
[6.022s] -- Installing: /home/shovals/Documents/Autonomous_kcg/ROS2Sample/install/tracked_lane_msgs/share/tracked_lane_msgs/msg/Boundary.msg
[6.022s] -- Installing: /home/shovals/Documents/Autonomous_kcg/ROS2Sample/install/tracked_lane_msgs/share/tracked_lane_msgs/msg/Point.msg
[6.022s] -- Installing: /home/shovals/Documents/Autonomous_kcg/ROS2Sample/install/tracked_lane_msgs/share/ament_index/resource_index/package_run_dependencies/tracked_lane_msgs
[6.022s] -- Installing: /home/shovals/Documents/Autonomous_kcg/ROS2Sample/install/tracked_lane_msgs/share/ament_index/resource_index/parent_prefix_path/tracked_lane_msgs
[6.022s] -- Installing: /home/shovals/Documents/Autonomous_kcg/ROS2Sample/install/tracked_lane_msgs/share/tracked_lane_msgs/environment/ament_prefix_path.sh
[6.022s] -- Installing: /home/shovals/Documents/Autonomous_kcg/ROS2Sample/install/tracked_lane_msgs/share/tracked_lane_msgs/environment/ament_prefix_path.dsv
[6.023s] -- Installing: /home/shovals/Documents/Autonomous_kcg/ROS2Sample/install/tracked_lane_msgs/share/tracked_lane_msgs/environment/path.sh
[6.023s] -- Installing: /home/shovals/Documents/Autonomous_kcg/ROS2Sample/install/tracked_lane_msgs/share/tracked_lane_msgs/environment/path.dsv
[6.023s] -- Installing: /home/shovals/Documents/Autonomous_kcg/ROS2Sample/install/tracked_lane_msgs/share/tracked_lane_msgs/local_setup.bash
[6.023s] -- Installing: /home/shovals/Documents/Autonomous_kcg/ROS2Sample/install/tracked_lane_msgs/share/tracked_lane_msgs/local_setup.sh
[6.023s] -- Installing: /home/shovals/Documents/Autonomous_kcg/ROS2Sample/install/tracked_lane_msgs/share/tracked_lane_msgs/local_setup.zsh
[6.023s] -- Installing: /home/shovals/Documents/Autonomous_kcg/ROS2Sample/install/tracked_lane_msgs/share/tracked_lane_msgs/local_setup.dsv
[6.023s] -- Installing: /home/shovals/Documents/Autonomous_kcg/ROS2Sample/install/tracked_lane_msgs/share/tracked_lane_msgs/package.dsv
[6.023s] -- Installing: /home/shovals/Documents/Autonomous_kcg/ROS2Sample/install/tracked_lane_msgs/share/ament_index/resource_index/packages/tracked_lane_msgs
[6.023s] -- Installing: /home/shovals/Documents/Autonomous_kcg/ROS2Sample/install/tracked_lane_msgs/share/tracked_lane_msgs/cmake/tracked_lane_msgs__rosidl_generator_cExport.cmake
[6.023s] -- Installing: /home/shovals/Documents/Autonomous_kcg/ROS2Sample/install/tracked_lane_msgs/share/tracked_lane_msgs/cmake/tracked_lane_msgs__rosidl_generator_cExport-noconfig.cmake
[6.023s] -- Installing: /home/shovals/Documents/Autonomous_kcg/ROS2Sample/install/tracked_lane_msgs/share/tracked_lane_msgs/cmake/tracked_lane_msgs__rosidl_typesupport_introspection_cExport.cmake
[6.023s] -- Installing: /home/shovals/Documents/Autonomous_kcg/ROS2Sample/install/tracked_lane_msgs/share/tracked_lane_msgs/cmake/tracked_lane_msgs__rosidl_typesupport_introspection_cExport-noconfig.cmake
[6.024s] -- Installing: /home/shovals/Documents/Autonomous_kcg/ROS2Sample/install/tracked_lane_msgs/share/tracked_lane_msgs/cmake/tracked_lane_msgs__rosidl_typesupport_cExport.cmake
[6.024s] -- Installing: /home/shovals/Documents/Autonomous_kcg/ROS2Sample/install/tracked_lane_msgs/share/tracked_lane_msgs/cmake/tracked_lane_msgs__rosidl_typesupport_cExport-noconfig.cmake
[6.024s] -- Installing: /home/shovals/Documents/Autonomous_kcg/ROS2Sample/install/tracked_lane_msgs/share/tracked_lane_msgs/cmake/tracked_lane_msgs__rosidl_generator_cppExport.cmake
[6.024s] -- Installing: /home/shovals/Documents/Autonomous_kcg/ROS2Sample/install/tracked_lane_msgs/share/tracked_lane_msgs/cmake/tracked_lane_msgs__rosidl_typesupport_introspection_cppExport.cmake
[6.024s] -- Installing: /home/shovals/Documents/Autonomous_kcg/ROS2Sample/install/tracked_lane_msgs/share/tracked_lane_msgs/cmake/tracked_lane_msgs__rosidl_typesupport_introspection_cppExport-noconfig.cmake
[6.024s] -- Installing: /home/shovals/Documents/Autonomous_kcg/ROS2Sample/install/tracked_lane_msgs/share/tracked_lane_msgs/cmake/tracked_lane_msgs__rosidl_typesupport_cppExport.cmake
[6.024s] -- Installing: /home/shovals/Documents/Autonomous_kcg/ROS2Sample/install/tracked_lane_msgs/share/tracked_lane_msgs/cmake/tracked_lane_msgs__rosidl_typesupport_cppExport-noconfig.cmake
[6.024s] -- Installing: /home/shovals/Documents/Autonomous_kcg/ROS2Sample/install/tracked_lane_msgs/share/tracked_lane_msgs/cmake/rosidl_cmake-extras.cmake
[6.024s] -- Installing: /home/shovals/Documents/Autonomous_kcg/ROS2Sample/install/tracked_lane_msgs/share/tracked_lane_msgs/cmake/ament_cmake_export_dependencies-extras.cmake
[6.024s] -- Installing: /home/shovals/Documents/Autonomous_kcg/ROS2Sample/install/tracked_lane_msgs/share/tracked_lane_msgs/cmake/ament_cmake_export_libraries-extras.cmake
[6.024s] -- Installing: /home/shovals/Documents/Autonomous_kcg/ROS2Sample/install/tracked_lane_msgs/share/tracked_lane_msgs/cmake/ament_cmake_export_targets-extras.cmake
[6.024s] -- Installing: /home/shovals/Documents/Autonomous_kcg/ROS2Sample/install/tracked_lane_msgs/share/tracked_lane_msgs/cmake/ament_cmake_export_include_directories-extras.cmake
[6.025s] -- Installing: /home/shovals/Documents/Autonomous_kcg/ROS2Sample/install/tracked_lane_msgs/share/tracked_lane_msgs/cmake/rosidl_cmake_export_typesupport_libraries-extras.cmake
[6.025s] -- Installing: /home/shovals/Documents/Autonomous_kcg/ROS2Sample/install/tracked_lane_msgs/share/tracked_lane_msgs/cmake/rosidl_cmake_export_typesupport_targets-extras.cmake
[6.025s] -- Installing: /home/shovals/Documents/Autonomous_kcg/ROS2Sample/install/tracked_lane_msgs/share/tracked_lane_msgs/cmake/tracked_lane_msgsConfig.cmake
[6.025s] -- Installing: /home/shovals/Documents/Autonomous_kcg/ROS2Sample/install/tracked_lane_msgs/share/tracked_lane_msgs/cmake/tracked_lane_msgsConfig-version.cmake
[6.025s] -- Installing: /home/shovals/Documents/Autonomous_kcg/ROS2Sample/install/tracked_lane_msgs/share/tracked_lane_msgs/package.xml
[6.028s] Invoked command in '/home/shovals/Documents/Autonomous_kcg/ROS2Sample/build/tracked_lane_msgs' returned '0': CMAKE_PREFIX_PATH=/opt/ros/foxy /usr/bin/cmake --install /home/shovals/Documents/Autonomous_kcg/ROS2Sample/build/tracked_lane_msgs
