[0.763s] Invoking command in '/home/kcg/Downloads/py_pkg': PYTHONPATH=/home/kcg/Downloads/py_pkg/install/py_pkg/lib/python3.8/site-packages:${PYTHONPATH} /usr/bin/python3 setup.py egg_info --egg-base build/py_pkg build --build-base /home/kcg/Downloads/py_pkg/build/py_pkg/build install --prefix /home/kcg/Downloads/py_pkg/install/py_pkg --record /home/kcg/Downloads/py_pkg/build/py_pkg/install.log --single-version-externally-managed
[0.959s] running egg_info
[0.959s] writing build/py_pkg/py_pkg.egg-info/PKG-INFO
[0.960s] writing dependency_links to build/py_pkg/py_pkg.egg-info/dependency_links.txt
[0.960s] writing entry points to build/py_pkg/py_pkg.egg-info/entry_points.txt
[0.960s] writing requirements to build/py_pkg/py_pkg.egg-info/requires.txt
[0.960s] writing top-level names to build/py_pkg/py_pkg.egg-info/top_level.txt
[0.992s] reading manifest file 'build/py_pkg/py_pkg.egg-info/SOURCES.txt'
[0.993s] writing manifest file 'build/py_pkg/py_pkg.egg-info/SOURCES.txt'
[0.993s] running build
[0.993s] running build_py
[0.993s] copying py_pkg/py_node.py -> /home/kcg/Downloads/py_pkg/build/py_pkg/build/lib/py_pkg
[0.993s] running install
[0.994s] running install_lib
[0.995s] copying /home/kcg/Downloads/py_pkg/build/py_pkg/build/lib/py_pkg/py_node.py -> /home/kcg/Downloads/py_pkg/install/py_pkg/lib/python3.8/site-packages/py_pkg
[0.996s] byte-compiling /home/kcg/Downloads/py_pkg/install/py_pkg/lib/python3.8/site-packages/py_pkg/py_node.py to py_node.cpython-38.pyc
[0.997s] running install_data
[0.998s] running install_egg_info
[0.999s] removing '/home/kcg/Downloads/py_pkg/install/py_pkg/lib/python3.8/site-packages/py_pkg-0.0.0-py3.8.egg-info' (and everything under it)
[0.999s] Copying build/py_pkg/py_pkg.egg-info to /home/kcg/Downloads/py_pkg/install/py_pkg/lib/python3.8/site-packages/py_pkg-0.0.0-py3.8.egg-info
[1.000s] running install_scripts
[1.017s] Installing listener script to /home/kcg/Downloads/py_pkg/install/py_pkg/lib/py_pkg
[1.017s] writing list of installed files to '/home/kcg/Downloads/py_pkg/build/py_pkg/install.log'
[1.043s] Invoked command in '/home/kcg/Downloads/py_pkg' returned '0': PYTHONPATH=/home/kcg/Downloads/py_pkg/install/py_pkg/lib/python3.8/site-packages:${PYTHONPATH} /usr/bin/python3 setup.py egg_info --egg-base build/py_pkg build --build-base /home/kcg/Downloads/py_pkg/build/py_pkg/build install --prefix /home/kcg/Downloads/py_pkg/install/py_pkg --record /home/kcg/Downloads/py_pkg/build/py_pkg/install.log --single-version-externally-managed
