[0.249s] Invoking command in '/home/kcg/Autonomous_kcg/ROS2Sample/build/cognata_sdk_ros2': CMAKE_PREFIX_PATH=${CMAKE_PREFIX_PATH}:/home/kcg/Autonomous_kcg/ROS2Sample/install/python_publisher:/opt/ros/foxy /usr/bin/cmake --build /home/kcg/Autonomous_kcg/ROS2Sample/build/cognata_sdk_ros2 -- -j8 -l8
[0.494s] [  1%] Built target cognata_sdk_ros2__cpp
[0.494s] [ 13%] Built target cognata_sdk_ros2__rosidl_generator_c
[0.494s] [ 24%] Built target cognata_sdk_ros2__rosidl_typesupport_cpp
[0.494s] [ 36%] Built target cognata_sdk_ros2__rosidl_typesupport_introspection_cpp
[0.494s] [ 47%] Built target cognata_sdk_ros2__rosidl_typesupport_c
[0.494s] [ 58%] Built target cognata_sdk_ros2__rosidl_typesupport_fastrtps_cpp
[0.495s] [ 70%] Built target cognata_sdk_ros2__rosidl_typesupport_introspection_c
[0.495s] [ 81%] Built target cognata_sdk_ros2__rosidl_typesupport_fastrtps_c
[0.495s] [ 81%] Built target cognata_sdk_ros2
[0.495s] [ 82%] Built target cognata_sdk_ros2__py
[0.537s] [ 85%] Built target ROS2SDK
[0.547s] [ 95%] Built target cognata_sdk_ros2__python
[0.579s] [ 97%] Built target cognata_sdk_ros2__rosidl_typesupport_introspection_c__pyext
[0.580s] [ 98%] Built target cognata_sdk_ros2__rosidl_typesupport_c__pyext
[0.580s] [100%] Built target cognata_sdk_ros2__rosidl_typesupport_fastrtps_c__pyext
[0.594s] Invoked command in '/home/kcg/Autonomous_kcg/ROS2Sample/build/cognata_sdk_ros2' returned '0': CMAKE_PREFIX_PATH=${CMAKE_PREFIX_PATH}:/home/kcg/Autonomous_kcg/ROS2Sample/install/python_publisher:/opt/ros/foxy /usr/bin/cmake --build /home/kcg/Autonomous_kcg/ROS2Sample/build/cognata_sdk_ros2 -- -j8 -l8
[1.201s] Invoking command in '/home/kcg/Autonomous_kcg/ROS2Sample/build/cognata_sdk_ros2': CMAKE_PREFIX_PATH=${CMAKE_PREFIX_PATH}:/home/kcg/Autonomous_kcg/ROS2Sample/install/python_publisher:/opt/ros/foxy /usr/bin/cmake --install /home/kcg/Autonomous_kcg/ROS2Sample/build/cognata_sdk_ros2
[1.202s] -- Install configuration: ""
[1.204s] -- Up-to-date: /home/kcg/Autonomous_kcg/ROS2Sample/install/cognata_sdk_ros2/share/ament_index/resource_index/rosidl_interfaces/cognata_sdk_ros2
[1.205s] -- Up-to-date: /home/kcg/Autonomous_kcg/ROS2Sample/install/cognata_sdk_ros2/include/cognata_sdk_ros2
[1.205s] -- Up-to-date: /home/kcg/Autonomous_kcg/ROS2Sample/install/cognata_sdk_ros2/include/cognata_sdk_ros2/msg
[1.206s] -- Up-to-date: /home/kcg/Autonomous_kcg/ROS2Sample/install/cognata_sdk_ros2/include/cognata_sdk_ros2/msg/roi_and_dogt_output.h
[1.212s] -- Up-to-date: /home/kcg/Autonomous_kcg/ROS2Sample/install/cognata_sdk_ros2/include/cognata_sdk_ros2/msg/wheel_telemetries.h
[1.212s] -- Up-to-date: /home/kcg/Autonomous_kcg/ROS2Sample/install/cognata_sdk_ros2/include/cognata_sdk_ros2/msg/bounding_box_msg.h
[1.212s] -- Up-to-date: /home/kcg/Autonomous_kcg/ROS2Sample/install/cognata_sdk_ros2/include/cognata_sdk_ros2/msg/vehicle_msg.h
[1.213s] -- Up-to-date: /home/kcg/Autonomous_kcg/ROS2Sample/install/cognata_sdk_ros2/include/cognata_sdk_ros2/msg/annotation_msg.h
[1.213s] -- Up-to-date: /home/kcg/Autonomous_kcg/ROS2Sample/install/cognata_sdk_ros2/include/cognata_sdk_ros2/msg/radar_output_target.h
[1.213s] -- Up-to-date: /home/kcg/Autonomous_kcg/ROS2Sample/install/cognata_sdk_ros2/include/cognata_sdk_ros2/msg/gps_additional_data.h
[1.214s] -- Up-to-date: /home/kcg/Autonomous_kcg/ROS2Sample/install/cognata_sdk_ros2/include/cognata_sdk_ros2/msg/rosidl_generator_c__visibility_control.h
[1.214s] -- Up-to-date: /home/kcg/Autonomous_kcg/ROS2Sample/install/cognata_sdk_ros2/include/cognata_sdk_ros2/msg/wheel_msg.h
[1.214s] -- Up-to-date: /home/kcg/Autonomous_kcg/ROS2Sample/install/cognata_sdk_ros2/include/cognata_sdk_ros2/msg/car_telemetries_msg.h
[1.214s] -- Up-to-date: /home/kcg/Autonomous_kcg/ROS2Sample/install/cognata_sdk_ros2/include/cognata_sdk_ros2/msg/radar_output_header.h
[1.214s] -- Up-to-date: /home/kcg/Autonomous_kcg/ROS2Sample/install/cognata_sdk_ros2/include/cognata_sdk_ros2/msg/traffic_light_msg.h
[1.215s] -- Up-to-date: /home/kcg/Autonomous_kcg/ROS2Sample/install/cognata_sdk_ros2/include/cognata_sdk_ros2/msg/detail
[1.215s] -- Up-to-date: /home/kcg/Autonomous_kcg/ROS2Sample/install/cognata_sdk_ros2/include/cognata_sdk_ros2/msg/detail/wheel_telemetries__struct.h
[1.215s] -- Up-to-date: /home/kcg/Autonomous_kcg/ROS2Sample/install/cognata_sdk_ros2/include/cognata_sdk_ros2/msg/detail/gps_additional_data__functions.c
[1.215s] -- Up-to-date: /home/kcg/Autonomous_kcg/ROS2Sample/install/cognata_sdk_ros2/include/cognata_sdk_ros2/msg/detail/pedestrian_msg__functions.h
[1.215s] -- Up-to-date: /home/kcg/Autonomous_kcg/ROS2Sample/install/cognata_sdk_ros2/include/cognata_sdk_ros2/msg/detail/wheel_msg__functions.c
[1.215s] -- Up-to-date: /home/kcg/Autonomous_kcg/ROS2Sample/install/cognata_sdk_ros2/include/cognata_sdk_ros2/msg/detail/annotation_msg__struct.h
[1.216s] -- Up-to-date: /home/kcg/Autonomous_kcg/ROS2Sample/install/cognata_sdk_ros2/include/cognata_sdk_ros2/msg/detail/traffic_light_msg__struct.h
[1.216s] -- Up-to-date: /home/kcg/Autonomous_kcg/ROS2Sample/install/cognata_sdk_ros2/include/cognata_sdk_ros2/msg/detail/object_description__functions.c
[1.216s] -- Up-to-date: /home/kcg/Autonomous_kcg/ROS2Sample/install/cognata_sdk_ros2/include/cognata_sdk_ros2/msg/detail/wheel_msg__struct.h
[1.216s] -- Up-to-date: /home/kcg/Autonomous_kcg/ROS2Sample/install/cognata_sdk_ros2/include/cognata_sdk_ros2/msg/detail/radar_output_target__struct.h
[1.216s] -- Up-to-date: /home/kcg/Autonomous_kcg/ROS2Sample/install/cognata_sdk_ros2/include/cognata_sdk_ros2/msg/detail/vehicle_msg__functions.h
[1.216s] -- Up-to-date: /home/kcg/Autonomous_kcg/ROS2Sample/install/cognata_sdk_ros2/include/cognata_sdk_ros2/msg/detail/bounding_box_msg__functions.h
[1.216s] -- Up-to-date: /home/kcg/Autonomous_kcg/ROS2Sample/install/cognata_sdk_ros2/include/cognata_sdk_ros2/msg/detail/radar_output_target__type_support.h
[1.217s] -- Up-to-date: /home/kcg/Autonomous_kcg/ROS2Sample/install/cognata_sdk_ros2/include/cognata_sdk_ros2/msg/detail/radar_output_header__type_support.h
[1.217s] -- Up-to-date: /home/kcg/Autonomous_kcg/ROS2Sample/install/cognata_sdk_ros2/include/cognata_sdk_ros2/msg/detail/gps_additional_data__functions.h
[1.217s] -- Up-to-date: /home/kcg/Autonomous_kcg/ROS2Sample/install/cognata_sdk_ros2/include/cognata_sdk_ros2/msg/detail/car_telemetries_msg__struct.h
[1.217s] -- Up-to-date: /home/kcg/Autonomous_kcg/ROS2Sample/install/cognata_sdk_ros2/include/cognata_sdk_ros2/msg/detail/bounding_box_msg__type_support.h
[1.217s] -- Up-to-date: /home/kcg/Autonomous_kcg/ROS2Sample/install/cognata_sdk_ros2/include/cognata_sdk_ros2/msg/detail/annotation_msg__functions.c
[1.217s] -- Up-to-date: /home/kcg/Autonomous_kcg/ROS2Sample/install/cognata_sdk_ros2/include/cognata_sdk_ros2/msg/detail/traffic_light_msg__functions.h
[1.217s] -- Up-to-date: /home/kcg/Autonomous_kcg/ROS2Sample/install/cognata_sdk_ros2/include/cognata_sdk_ros2/msg/detail/traffic_light_msg__functions.c
[1.217s] -- Up-to-date: /home/kcg/Autonomous_kcg/ROS2Sample/install/cognata_sdk_ros2/include/cognata_sdk_ros2/msg/detail/car_telemetries_msg__type_support.h
[1.218s] -- Up-to-date: /home/kcg/Autonomous_kcg/ROS2Sample/install/cognata_sdk_ros2/include/cognata_sdk_ros2/msg/detail/wheel_telemetries__functions.h
[1.218s] -- Up-to-date: /home/kcg/Autonomous_kcg/ROS2Sample/install/cognata_sdk_ros2/include/cognata_sdk_ros2/msg/detail/bounding_box_msg__functions.c
[1.218s] -- Up-to-date: /home/kcg/Autonomous_kcg/ROS2Sample/install/cognata_sdk_ros2/include/cognata_sdk_ros2/msg/detail/car_telemetries_msg__functions.c
[1.218s] -- Up-to-date: /home/kcg/Autonomous_kcg/ROS2Sample/install/cognata_sdk_ros2/include/cognata_sdk_ros2/msg/detail/object_description__type_support.h
[1.218s] -- Up-to-date: /home/kcg/Autonomous_kcg/ROS2Sample/install/cognata_sdk_ros2/include/cognata_sdk_ros2/msg/detail/pedestrian_msg__struct.h
[1.219s] -- Up-to-date: /home/kcg/Autonomous_kcg/ROS2Sample/install/cognata_sdk_ros2/include/cognata_sdk_ros2/msg/detail/roi_and_dogt_output__type_support.h
[1.219s] -- Up-to-date: /home/kcg/Autonomous_kcg/ROS2Sample/install/cognata_sdk_ros2/include/cognata_sdk_ros2/msg/detail/bounding_box_msg__struct.h
[1.219s] -- Up-to-date: /home/kcg/Autonomous_kcg/ROS2Sample/install/cognata_sdk_ros2/include/cognata_sdk_ros2/msg/detail/gps_additional_data__type_support.h
[1.219s] -- Up-to-date: /home/kcg/Autonomous_kcg/ROS2Sample/install/cognata_sdk_ros2/include/cognata_sdk_ros2/msg/detail/annotation_msg__type_support.h
[1.219s] -- Up-to-date: /home/kcg/Autonomous_kcg/ROS2Sample/install/cognata_sdk_ros2/include/cognata_sdk_ros2/msg/detail/wheel_msg__functions.h
[1.219s] -- Up-to-date: /home/kcg/Autonomous_kcg/ROS2Sample/install/cognata_sdk_ros2/include/cognata_sdk_ros2/msg/detail/radar_output_target__functions.c
[1.219s] -- Up-to-date: /home/kcg/Autonomous_kcg/ROS2Sample/install/cognata_sdk_ros2/include/cognata_sdk_ros2/msg/detail/radar_output_header__struct.h
[1.220s] -- Up-to-date: /home/kcg/Autonomous_kcg/ROS2Sample/install/cognata_sdk_ros2/include/cognata_sdk_ros2/msg/detail/pedestrian_msg__functions.c
[1.220s] -- Up-to-date: /home/kcg/Autonomous_kcg/ROS2Sample/install/cognata_sdk_ros2/include/cognata_sdk_ros2/msg/detail/vehicle_msg__type_support.h
[1.220s] -- Up-to-date: /home/kcg/Autonomous_kcg/ROS2Sample/install/cognata_sdk_ros2/include/cognata_sdk_ros2/msg/detail/object_description__struct.h
[1.220s] -- Up-to-date: /home/kcg/Autonomous_kcg/ROS2Sample/install/cognata_sdk_ros2/include/cognata_sdk_ros2/msg/detail/roi_and_dogt_output__struct.h
[1.220s] -- Up-to-date: /home/kcg/Autonomous_kcg/ROS2Sample/install/cognata_sdk_ros2/include/cognata_sdk_ros2/msg/detail/wheel_telemetries__functions.c
[1.220s] -- Up-to-date: /home/kcg/Autonomous_kcg/ROS2Sample/install/cognata_sdk_ros2/include/cognata_sdk_ros2/msg/detail/radar_output_target__functions.h
[1.220s] -- Up-to-date: /home/kcg/Autonomous_kcg/ROS2Sample/install/cognata_sdk_ros2/include/cognata_sdk_ros2/msg/detail/car_telemetries_msg__functions.h
[1.220s] -- Up-to-date: /home/kcg/Autonomous_kcg/ROS2Sample/install/cognata_sdk_ros2/include/cognata_sdk_ros2/msg/detail/radar_output_header__functions.c
[1.220s] -- Up-to-date: /home/kcg/Autonomous_kcg/ROS2Sample/install/cognata_sdk_ros2/include/cognata_sdk_ros2/msg/detail/pedestrian_msg__type_support.h
[1.221s] -- Up-to-date: /home/kcg/Autonomous_kcg/ROS2Sample/install/cognata_sdk_ros2/include/cognata_sdk_ros2/msg/detail/traffic_light_msg__type_support.h
[1.221s] -- Up-to-date: /home/kcg/Autonomous_kcg/ROS2Sample/install/cognata_sdk_ros2/include/cognata_sdk_ros2/msg/detail/vehicle_msg__functions.c
[1.221s] -- Up-to-date: /home/kcg/Autonomous_kcg/ROS2Sample/install/cognata_sdk_ros2/include/cognata_sdk_ros2/msg/detail/gps_additional_data__struct.h
[1.221s] -- Up-to-date: /home/kcg/Autonomous_kcg/ROS2Sample/install/cognata_sdk_ros2/include/cognata_sdk_ros2/msg/detail/object_description__functions.h
[1.221s] -- Up-to-date: /home/kcg/Autonomous_kcg/ROS2Sample/install/cognata_sdk_ros2/include/cognata_sdk_ros2/msg/detail/wheel_telemetries__type_support.h
[1.222s] -- Up-to-date: /home/kcg/Autonomous_kcg/ROS2Sample/install/cognata_sdk_ros2/include/cognata_sdk_ros2/msg/detail/roi_and_dogt_output__functions.h
[1.222s] -- Up-to-date: /home/kcg/Autonomous_kcg/ROS2Sample/install/cognata_sdk_ros2/include/cognata_sdk_ros2/msg/detail/vehicle_msg__struct.h
[1.222s] -- Up-to-date: /home/kcg/Autonomous_kcg/ROS2Sample/install/cognata_sdk_ros2/include/cognata_sdk_ros2/msg/detail/annotation_msg__functions.h
[1.222s] -- Up-to-date: /home/kcg/Autonomous_kcg/ROS2Sample/install/cognata_sdk_ros2/include/cognata_sdk_ros2/msg/detail/radar_output_header__functions.h
[1.222s] -- Up-to-date: /home/kcg/Autonomous_kcg/ROS2Sample/install/cognata_sdk_ros2/include/cognata_sdk_ros2/msg/detail/wheel_msg__type_support.h
[1.222s] -- Up-to-date: /home/kcg/Autonomous_kcg/ROS2Sample/install/cognata_sdk_ros2/include/cognata_sdk_ros2/msg/detail/roi_and_dogt_output__functions.c
[1.223s] -- Up-to-date: /home/kcg/Autonomous_kcg/ROS2Sample/install/cognata_sdk_ros2/include/cognata_sdk_ros2/msg/pedestrian_msg.h
[1.223s] -- Up-to-date: /home/kcg/Autonomous_kcg/ROS2Sample/install/cognata_sdk_ros2/include/cognata_sdk_ros2/msg/object_description.h
[1.223s] -- Up-to-date: /home/kcg/Autonomous_kcg/ROS2Sample/install/cognata_sdk_ros2/share/cognata_sdk_ros2/environment/library_path.sh
[1.223s] -- Up-to-date: /home/kcg/Autonomous_kcg/ROS2Sample/install/cognata_sdk_ros2/share/cognata_sdk_ros2/environment/library_path.dsv
[1.223s] -- Up-to-date: /home/kcg/Autonomous_kcg/ROS2Sample/install/cognata_sdk_ros2/lib/libcognata_sdk_ros2__rosidl_generator_c.so
[1.223s] -- Up-to-date: /home/kcg/Autonomous_kcg/ROS2Sample/install/cognata_sdk_ros2/include/cognata_sdk_ros2
[1.224s] -- Up-to-date: /home/kcg/Autonomous_kcg/ROS2Sample/install/cognata_sdk_ros2/include/cognata_sdk_ros2/msg
[1.224s] -- Up-to-date: /home/kcg/Autonomous_kcg/ROS2Sample/install/cognata_sdk_ros2/include/cognata_sdk_ros2/msg/rosidl_typesupport_fastrtps_c__visibility_control.h
[1.224s] -- Up-to-date: /home/kcg/Autonomous_kcg/ROS2Sample/install/cognata_sdk_ros2/include/cognata_sdk_ros2/msg/detail
[1.224s] -- Up-to-date: /home/kcg/Autonomous_kcg/ROS2Sample/install/cognata_sdk_ros2/include/cognata_sdk_ros2/msg/detail/gps_additional_data__rosidl_typesupport_fastrtps_c.h
[1.224s] -- Up-to-date: /home/kcg/Autonomous_kcg/ROS2Sample/install/cognata_sdk_ros2/include/cognata_sdk_ros2/msg/detail/pedestrian_msg__rosidl_typesupport_fastrtps_c.h
[1.225s] -- Up-to-date: /home/kcg/Autonomous_kcg/ROS2Sample/install/cognata_sdk_ros2/include/cognata_sdk_ros2/msg/detail/radar_output_target__rosidl_typesupport_fastrtps_c.h
[1.225s] -- Up-to-date: /home/kcg/Autonomous_kcg/ROS2Sample/install/cognata_sdk_ros2/include/cognata_sdk_ros2/msg/detail/annotation_msg__rosidl_typesupport_fastrtps_c.h
[1.225s] -- Up-to-date: /home/kcg/Autonomous_kcg/ROS2Sample/install/cognata_sdk_ros2/include/cognata_sdk_ros2/msg/detail/car_telemetries_msg__rosidl_typesupport_fastrtps_c.h
[1.228s] -- Up-to-date: /home/kcg/Autonomous_kcg/ROS2Sample/install/cognata_sdk_ros2/include/cognata_sdk_ros2/msg/detail/roi_and_dogt_output__rosidl_typesupport_fastrtps_c.h
[1.228s] -- Up-to-date: /home/kcg/Autonomous_kcg/ROS2Sample/install/cognata_sdk_ros2/include/cognata_sdk_ros2/msg/detail/object_description__rosidl_typesupport_fastrtps_c.h
[1.229s] -- Up-to-date: /home/kcg/Autonomous_kcg/ROS2Sample/install/cognata_sdk_ros2/include/cognata_sdk_ros2/msg/detail/bounding_box_msg__rosidl_typesupport_fastrtps_c.h
[1.229s] -- Up-to-date: /home/kcg/Autonomous_kcg/ROS2Sample/install/cognata_sdk_ros2/include/cognata_sdk_ros2/msg/detail/wheel_msg__rosidl_typesupport_fastrtps_c.h
[1.230s] -- Up-to-date: /home/kcg/Autonomous_kcg/ROS2Sample/install/cognata_sdk_ros2/include/cognata_sdk_ros2/msg/detail/vehicle_msg__rosidl_typesupport_fastrtps_c.h
[1.230s] -- Up-to-date: /home/kcg/Autonomous_kcg/ROS2Sample/install/cognata_sdk_ros2/include/cognata_sdk_ros2/msg/detail/traffic_light_msg__rosidl_typesupport_fastrtps_c.h
[1.230s] -- Up-to-date: /home/kcg/Autonomous_kcg/ROS2Sample/install/cognata_sdk_ros2/include/cognata_sdk_ros2/msg/detail/wheel_telemetries__rosidl_typesupport_fastrtps_c.h
[1.230s] -- Up-to-date: /home/kcg/Autonomous_kcg/ROS2Sample/install/cognata_sdk_ros2/include/cognata_sdk_ros2/msg/detail/radar_output_header__rosidl_typesupport_fastrtps_c.h
[1.231s] -- Up-to-date: /home/kcg/Autonomous_kcg/ROS2Sample/install/cognata_sdk_ros2/lib/libcognata_sdk_ros2__rosidl_typesupport_fastrtps_c.so
[1.231s] -- Up-to-date: /home/kcg/Autonomous_kcg/ROS2Sample/install/cognata_sdk_ros2/include/cognata_sdk_ros2
[1.231s] -- Up-to-date: /home/kcg/Autonomous_kcg/ROS2Sample/install/cognata_sdk_ros2/include/cognata_sdk_ros2/msg
[1.232s] -- Up-to-date: /home/kcg/Autonomous_kcg/ROS2Sample/install/cognata_sdk_ros2/include/cognata_sdk_ros2/msg/detail
[1.232s] -- Up-to-date: /home/kcg/Autonomous_kcg/ROS2Sample/install/cognata_sdk_ros2/include/cognata_sdk_ros2/msg/detail/wheel_msg__rosidl_typesupport_fastrtps_cpp.hpp
[1.235s] -- Up-to-date: /home/kcg/Autonomous_kcg/ROS2Sample/install/cognata_sdk_ros2/include/cognata_sdk_ros2/msg/detail/bounding_box_msg__rosidl_typesupport_fastrtps_cpp.hpp
[1.235s] -- Up-to-date: /home/kcg/Autonomous_kcg/ROS2Sample/install/cognata_sdk_ros2/include/cognata_sdk_ros2/msg/detail/object_description__rosidl_typesupport_fastrtps_cpp.hpp
[1.236s] -- Up-to-date: /home/kcg/Autonomous_kcg/ROS2Sample/install/cognata_sdk_ros2/include/cognata_sdk_ros2/msg/detail/gps_additional_data__rosidl_typesupport_fastrtps_cpp.hpp
[1.236s] -- Up-to-date: /home/kcg/Autonomous_kcg/ROS2Sample/install/cognata_sdk_ros2/include/cognata_sdk_ros2/msg/detail/radar_output_target__rosidl_typesupport_fastrtps_cpp.hpp
[1.236s] -- Up-to-date: /home/kcg/Autonomous_kcg/ROS2Sample/install/cognata_sdk_ros2/include/cognata_sdk_ros2/msg/detail/roi_and_dogt_output__rosidl_typesupport_fastrtps_cpp.hpp
[1.237s] -- Up-to-date: /home/kcg/Autonomous_kcg/ROS2Sample/install/cognata_sdk_ros2/include/cognata_sdk_ros2/msg/detail/dds_fastrtps
[1.237s] -- Up-to-date: /home/kcg/Autonomous_kcg/ROS2Sample/install/cognata_sdk_ros2/include/cognata_sdk_ros2/msg/detail/radar_output_header__rosidl_typesupport_fastrtps_cpp.hpp
[1.237s] -- Up-to-date: /home/kcg/Autonomous_kcg/ROS2Sample/install/cognata_sdk_ros2/include/cognata_sdk_ros2/msg/detail/vehicle_msg__rosidl_typesupport_fastrtps_cpp.hpp
[1.238s] -- Up-to-date: /home/kcg/Autonomous_kcg/ROS2Sample/install/cognata_sdk_ros2/include/cognata_sdk_ros2/msg/detail/car_telemetries_msg__rosidl_typesupport_fastrtps_cpp.hpp
[1.238s] -- Up-to-date: /home/kcg/Autonomous_kcg/ROS2Sample/install/cognata_sdk_ros2/include/cognata_sdk_ros2/msg/detail/traffic_light_msg__rosidl_typesupport_fastrtps_cpp.hpp
[1.239s] -- Up-to-date: /home/kcg/Autonomous_kcg/ROS2Sample/install/cognata_sdk_ros2/include/cognata_sdk_ros2/msg/detail/annotation_msg__rosidl_typesupport_fastrtps_cpp.hpp
[1.242s] -- Up-to-date: /home/kcg/Autonomous_kcg/ROS2Sample/install/cognata_sdk_ros2/include/cognata_sdk_ros2/msg/detail/wheel_telemetries__rosidl_typesupport_fastrtps_cpp.hpp
[1.242s] -- Up-to-date: /home/kcg/Autonomous_kcg/ROS2Sample/install/cognata_sdk_ros2/include/cognata_sdk_ros2/msg/detail/pedestrian_msg__rosidl_typesupport_fastrtps_cpp.hpp
[1.242s] -- Up-to-date: /home/kcg/Autonomous_kcg/ROS2Sample/install/cognata_sdk_ros2/include/cognata_sdk_ros2/msg/rosidl_typesupport_fastrtps_cpp__visibility_control.h
[1.243s] -- Up-to-date: /home/kcg/Autonomous_kcg/ROS2Sample/install/cognata_sdk_ros2/lib/libcognata_sdk_ros2__rosidl_typesupport_fastrtps_cpp.so
[1.243s] -- Up-to-date: /home/kcg/Autonomous_kcg/ROS2Sample/install/cognata_sdk_ros2/include/cognata_sdk_ros2
[1.244s] -- Up-to-date: /home/kcg/Autonomous_kcg/ROS2Sample/install/cognata_sdk_ros2/include/cognata_sdk_ros2/msg
[1.244s] -- Up-to-date: /home/kcg/Autonomous_kcg/ROS2Sample/install/cognata_sdk_ros2/include/cognata_sdk_ros2/msg/rosidl_typesupport_introspection_c__visibility_control.h
[1.244s] -- Up-to-date: /home/kcg/Autonomous_kcg/ROS2Sample/install/cognata_sdk_ros2/include/cognata_sdk_ros2/msg/detail
[1.245s] -- Up-to-date: /home/kcg/Autonomous_kcg/ROS2Sample/install/cognata_sdk_ros2/include/cognata_sdk_ros2/msg/detail/radar_output_header__type_support.c
[1.245s] -- Up-to-date: /home/kcg/Autonomous_kcg/ROS2Sample/install/cognata_sdk_ros2/include/cognata_sdk_ros2/msg/detail/vehicle_msg__type_support.c
[1.245s] -- Up-to-date: /home/kcg/Autonomous_kcg/ROS2Sample/install/cognata_sdk_ros2/include/cognata_sdk_ros2/msg/detail/traffic_light_msg__rosidl_typesupport_introspection_c.h
[1.249s] -- Up-to-date: /home/kcg/Autonomous_kcg/ROS2Sample/install/cognata_sdk_ros2/include/cognata_sdk_ros2/msg/detail/radar_output_target__type_support.c
[1.250s] -- Up-to-date: /home/kcg/Autonomous_kcg/ROS2Sample/install/cognata_sdk_ros2/include/cognata_sdk_ros2/msg/detail/car_telemetries_msg__rosidl_typesupport_introspection_c.h
[1.250s] -- Up-to-date: /home/kcg/Autonomous_kcg/ROS2Sample/install/cognata_sdk_ros2/include/cognata_sdk_ros2/msg/detail/gps_additional_data__type_support.c
[1.251s] -- Up-to-date: /home/kcg/Autonomous_kcg/ROS2Sample/install/cognata_sdk_ros2/include/cognata_sdk_ros2/msg/detail/traffic_light_msg__type_support.c
[1.251s] -- Up-to-date: /home/kcg/Autonomous_kcg/ROS2Sample/install/cognata_sdk_ros2/include/cognata_sdk_ros2/msg/detail/annotation_msg__type_support.c
[1.251s] -- Up-to-date: /home/kcg/Autonomous_kcg/ROS2Sample/install/cognata_sdk_ros2/include/cognata_sdk_ros2/msg/detail/object_description__rosidl_typesupport_introspection_c.h
[1.251s] -- Up-to-date: /home/kcg/Autonomous_kcg/ROS2Sample/install/cognata_sdk_ros2/include/cognata_sdk_ros2/msg/detail/object_description__type_support.c
[1.251s] -- Up-to-date: /home/kcg/Autonomous_kcg/ROS2Sample/install/cognata_sdk_ros2/include/cognata_sdk_ros2/msg/detail/wheel_msg__rosidl_typesupport_introspection_c.h
[1.252s] -- Up-to-date: /home/kcg/Autonomous_kcg/ROS2Sample/install/cognata_sdk_ros2/include/cognata_sdk_ros2/msg/detail/wheel_telemetries__type_support.c
[1.252s] -- Up-to-date: /home/kcg/Autonomous_kcg/ROS2Sample/install/cognata_sdk_ros2/include/cognata_sdk_ros2/msg/detail/radar_output_header__rosidl_typesupport_introspection_c.h
[1.252s] -- Up-to-date: /home/kcg/Autonomous_kcg/ROS2Sample/install/cognata_sdk_ros2/include/cognata_sdk_ros2/msg/detail/annotation_msg__rosidl_typesupport_introspection_c.h
[1.252s] -- Up-to-date: /home/kcg/Autonomous_kcg/ROS2Sample/install/cognata_sdk_ros2/include/cognata_sdk_ros2/msg/detail/wheel_telemetries__rosidl_typesupport_introspection_c.h
[1.253s] -- Up-to-date: /home/kcg/Autonomous_kcg/ROS2Sample/install/cognata_sdk_ros2/include/cognata_sdk_ros2/msg/detail/bounding_box_msg__rosidl_typesupport_introspection_c.h
[1.253s] -- Up-to-date: /home/kcg/Autonomous_kcg/ROS2Sample/install/cognata_sdk_ros2/include/cognata_sdk_ros2/msg/detail/vehicle_msg__rosidl_typesupport_introspection_c.h
[1.253s] -- Up-to-date: /home/kcg/Autonomous_kcg/ROS2Sample/install/cognata_sdk_ros2/include/cognata_sdk_ros2/msg/detail/bounding_box_msg__type_support.c
[1.253s] -- Up-to-date: /home/kcg/Autonomous_kcg/ROS2Sample/install/cognata_sdk_ros2/include/cognata_sdk_ros2/msg/detail/roi_and_dogt_output__rosidl_typesupport_introspection_c.h
[1.253s] -- Up-to-date: /home/kcg/Autonomous_kcg/ROS2Sample/install/cognata_sdk_ros2/include/cognata_sdk_ros2/msg/detail/gps_additional_data__rosidl_typesupport_introspection_c.h
[1.254s] -- Up-to-date: /home/kcg/Autonomous_kcg/ROS2Sample/install/cognata_sdk_ros2/include/cognata_sdk_ros2/msg/detail/roi_and_dogt_output__type_support.c
[1.254s] -- Up-to-date: /home/kcg/Autonomous_kcg/ROS2Sample/install/cognata_sdk_ros2/include/cognata_sdk_ros2/msg/detail/pedestrian_msg__type_support.c
[1.254s] -- Up-to-date: /home/kcg/Autonomous_kcg/ROS2Sample/install/cognata_sdk_ros2/include/cognata_sdk_ros2/msg/detail/wheel_msg__type_support.c
[1.255s] -- Up-to-date: /home/kcg/Autonomous_kcg/ROS2Sample/install/cognata_sdk_ros2/include/cognata_sdk_ros2/msg/detail/radar_output_target__rosidl_typesupport_introspection_c.h
[1.255s] -- Up-to-date: /home/kcg/Autonomous_kcg/ROS2Sample/install/cognata_sdk_ros2/include/cognata_sdk_ros2/msg/detail/car_telemetries_msg__type_support.c
[1.255s] -- Up-to-date: /home/kcg/Autonomous_kcg/ROS2Sample/install/cognata_sdk_ros2/include/cognata_sdk_ros2/msg/detail/pedestrian_msg__rosidl_typesupport_introspection_c.h
[1.257s] -- Up-to-date: /home/kcg/Autonomous_kcg/ROS2Sample/install/cognata_sdk_ros2/lib/libcognata_sdk_ros2__rosidl_typesupport_introspection_c.so
[1.257s] -- Up-to-date: /home/kcg/Autonomous_kcg/ROS2Sample/install/cognata_sdk_ros2/lib/libcognata_sdk_ros2__rosidl_typesupport_c.so
[1.258s] -- Up-to-date: /home/kcg/Autonomous_kcg/ROS2Sample/install/cognata_sdk_ros2/include/cognata_sdk_ros2
[1.258s] -- Up-to-date: /home/kcg/Autonomous_kcg/ROS2Sample/install/cognata_sdk_ros2/include/cognata_sdk_ros2/msg
[1.259s] -- Up-to-date: /home/kcg/Autonomous_kcg/ROS2Sample/install/cognata_sdk_ros2/include/cognata_sdk_ros2/msg/radar_output_target.hpp
[1.259s] -- Up-to-date: /home/kcg/Autonomous_kcg/ROS2Sample/install/cognata_sdk_ros2/include/cognata_sdk_ros2/msg/object_description.hpp
[1.259s] -- Up-to-date: /home/kcg/Autonomous_kcg/ROS2Sample/install/cognata_sdk_ros2/include/cognata_sdk_ros2/msg/annotation_msg.hpp
[1.260s] -- Up-to-date: /home/kcg/Autonomous_kcg/ROS2Sample/install/cognata_sdk_ros2/include/cognata_sdk_ros2/msg/gps_additional_data.hpp
[1.260s] -- Up-to-date: /home/kcg/Autonomous_kcg/ROS2Sample/install/cognata_sdk_ros2/include/cognata_sdk_ros2/msg/wheel_msg.hpp
[1.261s] -- Up-to-date: /home/kcg/Autonomous_kcg/ROS2Sample/install/cognata_sdk_ros2/include/cognata_sdk_ros2/msg/car_telemetries_msg.hpp
[1.267s] -- Up-to-date: /home/kcg/Autonomous_kcg/ROS2Sample/install/cognata_sdk_ros2/include/cognata_sdk_ros2/msg/bounding_box_msg.hpp
[1.267s] -- Up-to-date: /home/kcg/Autonomous_kcg/ROS2Sample/install/cognata_sdk_ros2/include/cognata_sdk_ros2/msg/radar_output_header.hpp
[1.267s] -- Up-to-date: /home/kcg/Autonomous_kcg/ROS2Sample/install/cognata_sdk_ros2/include/cognata_sdk_ros2/msg/wheel_telemetries.hpp
[1.267s] -- Up-to-date: /home/kcg/Autonomous_kcg/ROS2Sample/install/cognata_sdk_ros2/include/cognata_sdk_ros2/msg/vehicle_msg.hpp
[1.268s] -- Up-to-date: /home/kcg/Autonomous_kcg/ROS2Sample/install/cognata_sdk_ros2/include/cognata_sdk_ros2/msg/detail
[1.268s] -- Up-to-date: /home/kcg/Autonomous_kcg/ROS2Sample/install/cognata_sdk_ros2/include/cognata_sdk_ros2/msg/detail/roi_and_dogt_output__builder.hpp
[1.268s] -- Up-to-date: /home/kcg/Autonomous_kcg/ROS2Sample/install/cognata_sdk_ros2/include/cognata_sdk_ros2/msg/detail/bounding_box_msg__traits.hpp
[1.268s] -- Up-to-date: /home/kcg/Autonomous_kcg/ROS2Sample/install/cognata_sdk_ros2/include/cognata_sdk_ros2/msg/detail/wheel_msg__builder.hpp
[1.268s] -- Up-to-date: /home/kcg/Autonomous_kcg/ROS2Sample/install/cognata_sdk_ros2/include/cognata_sdk_ros2/msg/detail/roi_and_dogt_output__struct.hpp
[1.269s] -- Up-to-date: /home/kcg/Autonomous_kcg/ROS2Sample/install/cognata_sdk_ros2/include/cognata_sdk_ros2/msg/detail/pedestrian_msg__builder.hpp
[1.269s] -- Up-to-date: /home/kcg/Autonomous_kcg/ROS2Sample/install/cognata_sdk_ros2/include/cognata_sdk_ros2/msg/detail/pedestrian_msg__traits.hpp
[1.269s] -- Up-to-date: /home/kcg/Autonomous_kcg/ROS2Sample/install/cognata_sdk_ros2/include/cognata_sdk_ros2/msg/detail/traffic_light_msg__builder.hpp
[1.269s] -- Up-to-date: /home/kcg/Autonomous_kcg/ROS2Sample/install/cognata_sdk_ros2/include/cognata_sdk_ros2/msg/detail/object_description__traits.hpp
[1.269s] -- Up-to-date: /home/kcg/Autonomous_kcg/ROS2Sample/install/cognata_sdk_ros2/include/cognata_sdk_ros2/msg/detail/vehicle_msg__builder.hpp
[1.270s] -- Up-to-date: /home/kcg/Autonomous_kcg/ROS2Sample/install/cognata_sdk_ros2/include/cognata_sdk_ros2/msg/detail/gps_additional_data__builder.hpp
[1.270s] -- Up-to-date: /home/kcg/Autonomous_kcg/ROS2Sample/install/cognata_sdk_ros2/include/cognata_sdk_ros2/msg/detail/object_description__struct.hpp
[1.270s] -- Up-to-date: /home/kcg/Autonomous_kcg/ROS2Sample/install/cognata_sdk_ros2/include/cognata_sdk_ros2/msg/detail/car_telemetries_msg__traits.hpp
[1.270s] -- Up-to-date: /home/kcg/Autonomous_kcg/ROS2Sample/install/cognata_sdk_ros2/include/cognata_sdk_ros2/msg/detail/annotation_msg__builder.hpp
[1.270s] -- Up-to-date: /home/kcg/Autonomous_kcg/ROS2Sample/install/cognata_sdk_ros2/include/cognata_sdk_ros2/msg/detail/wheel_telemetries__builder.hpp
[1.271s] -- Up-to-date: /home/kcg/Autonomous_kcg/ROS2Sample/install/cognata_sdk_ros2/include/cognata_sdk_ros2/msg/detail/radar_output_target__builder.hpp
[1.271s] -- Up-to-date: /home/kcg/Autonomous_kcg/ROS2Sample/install/cognata_sdk_ros2/include/cognata_sdk_ros2/msg/detail/traffic_light_msg__traits.hpp
[1.271s] -- Up-to-date: /home/kcg/Autonomous_kcg/ROS2Sample/install/cognata_sdk_ros2/include/cognata_sdk_ros2/msg/detail/wheel_msg__traits.hpp
[1.271s] -- Up-to-date: /home/kcg/Autonomous_kcg/ROS2Sample/install/cognata_sdk_ros2/include/cognata_sdk_ros2/msg/detail/vehicle_msg__traits.hpp
[1.271s] -- Up-to-date: /home/kcg/Autonomous_kcg/ROS2Sample/install/cognata_sdk_ros2/include/cognata_sdk_ros2/msg/detail/radar_output_header__builder.hpp
[1.271s] -- Up-to-date: /home/kcg/Autonomous_kcg/ROS2Sample/install/cognata_sdk_ros2/include/cognata_sdk_ros2/msg/detail/gps_additional_data__struct.hpp
[1.272s] -- Up-to-date: /home/kcg/Autonomous_kcg/ROS2Sample/install/cognata_sdk_ros2/include/cognata_sdk_ros2/msg/detail/wheel_msg__struct.hpp
[1.272s] -- Up-to-date: /home/kcg/Autonomous_kcg/ROS2Sample/install/cognata_sdk_ros2/include/cognata_sdk_ros2/msg/detail/car_telemetries_msg__builder.hpp
[1.272s] -- Up-to-date: /home/kcg/Autonomous_kcg/ROS2Sample/install/cognata_sdk_ros2/include/cognata_sdk_ros2/msg/detail/annotation_msg__traits.hpp
[1.272s] -- Up-to-date: /home/kcg/Autonomous_kcg/ROS2Sample/install/cognata_sdk_ros2/include/cognata_sdk_ros2/msg/detail/bounding_box_msg__builder.hpp
[1.272s] -- Up-to-date: /home/kcg/Autonomous_kcg/ROS2Sample/install/cognata_sdk_ros2/include/cognata_sdk_ros2/msg/detail/gps_additional_data__traits.hpp
[1.272s] -- Up-to-date: /home/kcg/Autonomous_kcg/ROS2Sample/install/cognata_sdk_ros2/include/cognata_sdk_ros2/msg/detail/radar_output_target__traits.hpp
[1.273s] -- Up-to-date: /home/kcg/Autonomous_kcg/ROS2Sample/install/cognata_sdk_ros2/include/cognata_sdk_ros2/msg/detail/object_description__builder.hpp
[1.273s] -- Up-to-date: /home/kcg/Autonomous_kcg/ROS2Sample/install/cognata_sdk_ros2/include/cognata_sdk_ros2/msg/detail/wheel_telemetries__struct.hpp
[1.273s] -- Up-to-date: /home/kcg/Autonomous_kcg/ROS2Sample/install/cognata_sdk_ros2/include/cognata_sdk_ros2/msg/detail/radar_output_target__struct.hpp
[1.273s] -- Up-to-date: /home/kcg/Autonomous_kcg/ROS2Sample/install/cognata_sdk_ros2/include/cognata_sdk_ros2/msg/detail/radar_output_header__struct.hpp
[1.273s] -- Up-to-date: /home/kcg/Autonomous_kcg/ROS2Sample/install/cognata_sdk_ros2/include/cognata_sdk_ros2/msg/detail/wheel_telemetries__traits.hpp
[1.274s] -- Up-to-date: /home/kcg/Autonomous_kcg/ROS2Sample/install/cognata_sdk_ros2/include/cognata_sdk_ros2/msg/detail/bounding_box_msg__struct.hpp
[1.274s] -- Up-to-date: /home/kcg/Autonomous_kcg/ROS2Sample/install/cognata_sdk_ros2/include/cognata_sdk_ros2/msg/detail/traffic_light_msg__struct.hpp
[1.274s] -- Up-to-date: /home/kcg/Autonomous_kcg/ROS2Sample/install/cognata_sdk_ros2/include/cognata_sdk_ros2/msg/detail/radar_output_header__traits.hpp
[1.277s] -- Up-to-date: /home/kcg/Autonomous_kcg/ROS2Sample/install/cognata_sdk_ros2/include/cognata_sdk_ros2/msg/detail/pedestrian_msg__struct.hpp
[1.277s] -- Up-to-date: /home/kcg/Autonomous_kcg/ROS2Sample/install/cognata_sdk_ros2/include/cognata_sdk_ros2/msg/detail/car_telemetries_msg__struct.hpp
[1.277s] -- Up-to-date: /home/kcg/Autonomous_kcg/ROS2Sample/install/cognata_sdk_ros2/include/cognata_sdk_ros2/msg/detail/vehicle_msg__struct.hpp
[1.278s] -- Up-to-date: /home/kcg/Autonomous_kcg/ROS2Sample/install/cognata_sdk_ros2/include/cognata_sdk_ros2/msg/detail/annotation_msg__struct.hpp
[1.278s] -- Up-to-date: /home/kcg/Autonomous_kcg/ROS2Sample/install/cognata_sdk_ros2/include/cognata_sdk_ros2/msg/detail/roi_and_dogt_output__traits.hpp
[1.278s] -- Up-to-date: /home/kcg/Autonomous_kcg/ROS2Sample/install/cognata_sdk_ros2/include/cognata_sdk_ros2/msg/roi_and_dogt_output.hpp
[1.278s] -- Up-to-date: /home/kcg/Autonomous_kcg/ROS2Sample/install/cognata_sdk_ros2/include/cognata_sdk_ros2/msg/traffic_light_msg.hpp
[1.279s] -- Up-to-date: /home/kcg/Autonomous_kcg/ROS2Sample/install/cognata_sdk_ros2/include/cognata_sdk_ros2/msg/pedestrian_msg.hpp
[1.279s] -- Up-to-date: /home/kcg/Autonomous_kcg/ROS2Sample/install/cognata_sdk_ros2/include/cognata_sdk_ros2
[1.279s] -- Up-to-date: /home/kcg/Autonomous_kcg/ROS2Sample/install/cognata_sdk_ros2/include/cognata_sdk_ros2/msg
[1.280s] -- Up-to-date: /home/kcg/Autonomous_kcg/ROS2Sample/install/cognata_sdk_ros2/include/cognata_sdk_ros2/msg/detail
[1.282s] -- Up-to-date: /home/kcg/Autonomous_kcg/ROS2Sample/install/cognata_sdk_ros2/include/cognata_sdk_ros2/msg/detail/annotation_msg__rosidl_typesupport_introspection_cpp.hpp
[1.282s] -- Up-to-date: /home/kcg/Autonomous_kcg/ROS2Sample/install/cognata_sdk_ros2/include/cognata_sdk_ros2/msg/detail/object_description__rosidl_typesupport_introspection_cpp.hpp
[1.282s] -- Up-to-date: /home/kcg/Autonomous_kcg/ROS2Sample/install/cognata_sdk_ros2/include/cognata_sdk_ros2/msg/detail/wheel_telemetries__type_support.cpp
[1.282s] -- Up-to-date: /home/kcg/Autonomous_kcg/ROS2Sample/install/cognata_sdk_ros2/include/cognata_sdk_ros2/msg/detail/vehicle_msg__type_support.cpp
[1.283s] -- Up-to-date: /home/kcg/Autonomous_kcg/ROS2Sample/install/cognata_sdk_ros2/include/cognata_sdk_ros2/msg/detail/gps_additional_data__type_support.cpp
[1.283s] -- Up-to-date: /home/kcg/Autonomous_kcg/ROS2Sample/install/cognata_sdk_ros2/include/cognata_sdk_ros2/msg/detail/bounding_box_msg__type_support.cpp
[1.283s] -- Up-to-date: /home/kcg/Autonomous_kcg/ROS2Sample/install/cognata_sdk_ros2/include/cognata_sdk_ros2/msg/detail/object_description__type_support.cpp
[1.284s] -- Up-to-date: /home/kcg/Autonomous_kcg/ROS2Sample/install/cognata_sdk_ros2/include/cognata_sdk_ros2/msg/detail/radar_output_target__rosidl_typesupport_introspection_cpp.hpp
[1.284s] -- Up-to-date: /home/kcg/Autonomous_kcg/ROS2Sample/install/cognata_sdk_ros2/include/cognata_sdk_ros2/msg/detail/annotation_msg__type_support.cpp
[1.284s] -- Up-to-date: /home/kcg/Autonomous_kcg/ROS2Sample/install/cognata_sdk_ros2/include/cognata_sdk_ros2/msg/detail/roi_and_dogt_output__rosidl_typesupport_introspection_cpp.hpp
[1.285s] -- Up-to-date: /home/kcg/Autonomous_kcg/ROS2Sample/install/cognata_sdk_ros2/include/cognata_sdk_ros2/msg/detail/wheel_telemetries__rosidl_typesupport_introspection_cpp.hpp
[1.287s] -- Up-to-date: /home/kcg/Autonomous_kcg/ROS2Sample/install/cognata_sdk_ros2/include/cognata_sdk_ros2/msg/detail/vehicle_msg__rosidl_typesupport_introspection_cpp.hpp
[1.288s] -- Up-to-date: /home/kcg/Autonomous_kcg/ROS2Sample/install/cognata_sdk_ros2/include/cognata_sdk_ros2/msg/detail/traffic_light_msg__rosidl_typesupport_introspection_cpp.hpp
[1.288s] -- Up-to-date: /home/kcg/Autonomous_kcg/ROS2Sample/install/cognata_sdk_ros2/include/cognata_sdk_ros2/msg/detail/wheel_msg__type_support.cpp
[1.288s] -- Up-to-date: /home/kcg/Autonomous_kcg/ROS2Sample/install/cognata_sdk_ros2/include/cognata_sdk_ros2/msg/detail/radar_output_target__type_support.cpp
[1.289s] -- Up-to-date: /home/kcg/Autonomous_kcg/ROS2Sample/install/cognata_sdk_ros2/include/cognata_sdk_ros2/msg/detail/car_telemetries_msg__rosidl_typesupport_introspection_cpp.hpp
[1.289s] -- Up-to-date: /home/kcg/Autonomous_kcg/ROS2Sample/install/cognata_sdk_ros2/include/cognata_sdk_ros2/msg/detail/radar_output_header__type_support.cpp
[1.289s] -- Up-to-date: /home/kcg/Autonomous_kcg/ROS2Sample/install/cognata_sdk_ros2/include/cognata_sdk_ros2/msg/detail/gps_additional_data__rosidl_typesupport_introspection_cpp.hpp
[1.290s] -- Up-to-date: /home/kcg/Autonomous_kcg/ROS2Sample/install/cognata_sdk_ros2/include/cognata_sdk_ros2/msg/detail/wheel_msg__rosidl_typesupport_introspection_cpp.hpp
[1.290s] -- Up-to-date: /home/kcg/Autonomous_kcg/ROS2Sample/install/cognata_sdk_ros2/include/cognata_sdk_ros2/msg/detail/bounding_box_msg__rosidl_typesupport_introspection_cpp.hpp
[1.290s] -- Up-to-date: /home/kcg/Autonomous_kcg/ROS2Sample/install/cognata_sdk_ros2/include/cognata_sdk_ros2/msg/detail/car_telemetries_msg__type_support.cpp
[1.293s] -- Up-to-date: /home/kcg/Autonomous_kcg/ROS2Sample/install/cognata_sdk_ros2/include/cognata_sdk_ros2/msg/detail/traffic_light_msg__type_support.cpp
[1.294s] -- Up-to-date: /home/kcg/Autonomous_kcg/ROS2Sample/install/cognata_sdk_ros2/include/cognata_sdk_ros2/msg/detail/radar_output_header__rosidl_typesupport_introspection_cpp.hpp
[1.294s] -- Up-to-date: /home/kcg/Autonomous_kcg/ROS2Sample/install/cognata_sdk_ros2/include/cognata_sdk_ros2/msg/detail/pedestrian_msg__rosidl_typesupport_introspection_cpp.hpp
[1.294s] -- Up-to-date: /home/kcg/Autonomous_kcg/ROS2Sample/install/cognata_sdk_ros2/include/cognata_sdk_ros2/msg/detail/pedestrian_msg__type_support.cpp
[1.295s] -- Up-to-date: /home/kcg/Autonomous_kcg/ROS2Sample/install/cognata_sdk_ros2/include/cognata_sdk_ros2/msg/detail/roi_and_dogt_output__type_support.cpp
[1.295s] -- Up-to-date: /home/kcg/Autonomous_kcg/ROS2Sample/install/cognata_sdk_ros2/lib/libcognata_sdk_ros2__rosidl_typesupport_introspection_cpp.so
[1.295s] -- Up-to-date: /home/kcg/Autonomous_kcg/ROS2Sample/install/cognata_sdk_ros2/lib/libcognata_sdk_ros2__rosidl_typesupport_cpp.so
[1.296s] -- Up-to-date: /home/kcg/Autonomous_kcg/ROS2Sample/install/cognata_sdk_ros2/share/cognata_sdk_ros2/environment/pythonpath.sh
[1.296s] -- Up-to-date: /home/kcg/Autonomous_kcg/ROS2Sample/install/cognata_sdk_ros2/share/cognata_sdk_ros2/environment/pythonpath.dsv
[1.296s] -- Up-to-date: /home/kcg/Autonomous_kcg/ROS2Sample/install/cognata_sdk_ros2/lib/python3.8/site-packages/cognata_sdk_ros2/__init__.py
[1.297s] -- Up-to-date: /home/kcg/Autonomous_kcg/ROS2Sample/install/cognata_sdk_ros2/lib/python3.8/site-packages/cognata_sdk_ros2/msg
[1.298s] -- Up-to-date: /home/kcg/Autonomous_kcg/ROS2Sample/install/cognata_sdk_ros2/lib/python3.8/site-packages/cognata_sdk_ros2/msg/_radar_output_header_s.c
[1.298s] -- Up-to-date: /home/kcg/Autonomous_kcg/ROS2Sample/install/cognata_sdk_ros2/lib/python3.8/site-packages/cognata_sdk_ros2/msg/_traffic_light_msg.py
[1.298s] -- Up-to-date: /home/kcg/Autonomous_kcg/ROS2Sample/install/cognata_sdk_ros2/lib/python3.8/site-packages/cognata_sdk_ros2/msg/_roi_and_dogt_output.py
[1.298s] -- Up-to-date: /home/kcg/Autonomous_kcg/ROS2Sample/install/cognata_sdk_ros2/lib/python3.8/site-packages/cognata_sdk_ros2/msg/_wheel_msg.py
[1.299s] -- Up-to-date: /home/kcg/Autonomous_kcg/ROS2Sample/install/cognata_sdk_ros2/lib/python3.8/site-packages/cognata_sdk_ros2/msg/_car_telemetries_msg_s.c
[1.299s] -- Up-to-date: /home/kcg/Autonomous_kcg/ROS2Sample/install/cognata_sdk_ros2/lib/python3.8/site-packages/cognata_sdk_ros2/msg/_wheel_telemetries_s.c
[1.305s] -- Up-to-date: /home/kcg/Autonomous_kcg/ROS2Sample/install/cognata_sdk_ros2/lib/python3.8/site-packages/cognata_sdk_ros2/msg/_roi_and_dogt_output_s.c
[1.306s] -- Up-to-date: /home/kcg/Autonomous_kcg/ROS2Sample/install/cognata_sdk_ros2/lib/python3.8/site-packages/cognata_sdk_ros2/msg/_radar_output_target_s.c
[1.306s] -- Up-to-date: /home/kcg/Autonomous_kcg/ROS2Sample/install/cognata_sdk_ros2/lib/python3.8/site-packages/cognata_sdk_ros2/msg/_car_telemetries_msg.py
[1.306s] -- Up-to-date: /home/kcg/Autonomous_kcg/ROS2Sample/install/cognata_sdk_ros2/lib/python3.8/site-packages/cognata_sdk_ros2/msg/_pedestrian_msg_s.c
[1.306s] -- Up-to-date: /home/kcg/Autonomous_kcg/ROS2Sample/install/cognata_sdk_ros2/lib/python3.8/site-packages/cognata_sdk_ros2/msg/_gps_additional_data_s.c
[1.306s] -- Up-to-date: /home/kcg/Autonomous_kcg/ROS2Sample/install/cognata_sdk_ros2/lib/python3.8/site-packages/cognata_sdk_ros2/msg/_wheel_msg_s.c
[1.307s] -- Up-to-date: /home/kcg/Autonomous_kcg/ROS2Sample/install/cognata_sdk_ros2/lib/python3.8/site-packages/cognata_sdk_ros2/msg/_radar_output_header.py
[1.307s] -- Up-to-date: /home/kcg/Autonomous_kcg/ROS2Sample/install/cognata_sdk_ros2/lib/python3.8/site-packages/cognata_sdk_ros2/msg/_object_description.py
[1.307s] -- Up-to-date: /home/kcg/Autonomous_kcg/ROS2Sample/install/cognata_sdk_ros2/lib/python3.8/site-packages/cognata_sdk_ros2/msg/_pedestrian_msg.py
[1.307s] -- Up-to-date: /home/kcg/Autonomous_kcg/ROS2Sample/install/cognata_sdk_ros2/lib/python3.8/site-packages/cognata_sdk_ros2/msg/_annotation_msg_s.c
[1.307s] -- Up-to-date: /home/kcg/Autonomous_kcg/ROS2Sample/install/cognata_sdk_ros2/lib/python3.8/site-packages/cognata_sdk_ros2/msg/_radar_output_target.py
[1.308s] -- Up-to-date: /home/kcg/Autonomous_kcg/ROS2Sample/install/cognata_sdk_ros2/lib/python3.8/site-packages/cognata_sdk_ros2/msg/_object_description_s.c
[1.308s] -- Up-to-date: /home/kcg/Autonomous_kcg/ROS2Sample/install/cognata_sdk_ros2/lib/python3.8/site-packages/cognata_sdk_ros2/msg/__init__.py
[1.308s] -- Up-to-date: /home/kcg/Autonomous_kcg/ROS2Sample/install/cognata_sdk_ros2/lib/python3.8/site-packages/cognata_sdk_ros2/msg/_vehicle_msg_s.c
[1.308s] -- Up-to-date: /home/kcg/Autonomous_kcg/ROS2Sample/install/cognata_sdk_ros2/lib/python3.8/site-packages/cognata_sdk_ros2/msg/_vehicle_msg.py
[1.308s] -- Up-to-date: /home/kcg/Autonomous_kcg/ROS2Sample/install/cognata_sdk_ros2/lib/python3.8/site-packages/cognata_sdk_ros2/msg/_traffic_light_msg_s.c
[1.309s] -- Up-to-date: /home/kcg/Autonomous_kcg/ROS2Sample/install/cognata_sdk_ros2/lib/python3.8/site-packages/cognata_sdk_ros2/msg/_bounding_box_msg.py
[1.309s] -- Up-to-date: /home/kcg/Autonomous_kcg/ROS2Sample/install/cognata_sdk_ros2/lib/python3.8/site-packages/cognata_sdk_ros2/msg/_bounding_box_msg_s.c
[1.309s] -- Up-to-date: /home/kcg/Autonomous_kcg/ROS2Sample/install/cognata_sdk_ros2/lib/python3.8/site-packages/cognata_sdk_ros2/msg/_gps_additional_data.py
[1.309s] -- Up-to-date: /home/kcg/Autonomous_kcg/ROS2Sample/install/cognata_sdk_ros2/lib/python3.8/site-packages/cognata_sdk_ros2/msg/_annotation_msg.py
[1.309s] -- Up-to-date: /home/kcg/Autonomous_kcg/ROS2Sample/install/cognata_sdk_ros2/lib/python3.8/site-packages/cognata_sdk_ros2/msg/_wheel_telemetries.py
[1.310s] -- Up-to-date: /home/kcg/Autonomous_kcg/ROS2Sample/install/cognata_sdk_ros2/lib/python3.8/site-packages/cognata_sdk_ros2/cognata_sdk_ros2_s__rosidl_typesupport_fastrtps_c.cpython-38-x86_64-linux-gnu.so
[1.310s] -- Up-to-date: /home/kcg/Autonomous_kcg/ROS2Sample/install/cognata_sdk_ros2/lib/python3.8/site-packages/cognata_sdk_ros2/cognata_sdk_ros2_s__rosidl_typesupport_introspection_c.cpython-38-x86_64-linux-gnu.so
[1.310s] -- Up-to-date: /home/kcg/Autonomous_kcg/ROS2Sample/install/cognata_sdk_ros2/lib/python3.8/site-packages/cognata_sdk_ros2/cognata_sdk_ros2_s__rosidl_typesupport_c.cpython-38-x86_64-linux-gnu.so
[1.310s] -- Up-to-date: /home/kcg/Autonomous_kcg/ROS2Sample/install/cognata_sdk_ros2/lib/libcognata_sdk_ros2__python.so
[1.310s] -- Up-to-date: /home/kcg/Autonomous_kcg/ROS2Sample/install/cognata_sdk_ros2/share/cognata_sdk_ros2/msg/AnnotationMsg.idl
[1.310s] -- Up-to-date: /home/kcg/Autonomous_kcg/ROS2Sample/install/cognata_sdk_ros2/share/cognata_sdk_ros2/msg/BoundingBoxMsg.idl
[1.311s] -- Up-to-date: /home/kcg/Autonomous_kcg/ROS2Sample/install/cognata_sdk_ros2/share/cognata_sdk_ros2/msg/CarTelemetriesMsg.idl
[1.311s] -- Up-to-date: /home/kcg/Autonomous_kcg/ROS2Sample/install/cognata_sdk_ros2/share/cognata_sdk_ros2/msg/GPSAdditionalData.idl
[1.311s] -- Up-to-date: /home/kcg/Autonomous_kcg/ROS2Sample/install/cognata_sdk_ros2/share/cognata_sdk_ros2/msg/ObjectDescription.idl
[1.311s] -- Up-to-date: /home/kcg/Autonomous_kcg/ROS2Sample/install/cognata_sdk_ros2/share/cognata_sdk_ros2/msg/PedestrianMsg.idl
[1.311s] -- Up-to-date: /home/kcg/Autonomous_kcg/ROS2Sample/install/cognata_sdk_ros2/share/cognata_sdk_ros2/msg/RadarOutputHeader.idl
[1.311s] -- Up-to-date: /home/kcg/Autonomous_kcg/ROS2Sample/install/cognata_sdk_ros2/share/cognata_sdk_ros2/msg/RadarOutputTarget.idl
[1.311s] -- Up-to-date: /home/kcg/Autonomous_kcg/ROS2Sample/install/cognata_sdk_ros2/share/cognata_sdk_ros2/msg/ROIAndDOGTOutput.idl
[1.312s] -- Up-to-date: /home/kcg/Autonomous_kcg/ROS2Sample/install/cognata_sdk_ros2/share/cognata_sdk_ros2/msg/TrafficLightMsg.idl
[1.312s] -- Up-to-date: /home/kcg/Autonomous_kcg/ROS2Sample/install/cognata_sdk_ros2/share/cognata_sdk_ros2/msg/VehicleMsg.idl
[1.312s] -- Up-to-date: /home/kcg/Autonomous_kcg/ROS2Sample/install/cognata_sdk_ros2/share/cognata_sdk_ros2/msg/WheelMsg.idl
[1.312s] -- Up-to-date: /home/kcg/Autonomous_kcg/ROS2Sample/install/cognata_sdk_ros2/share/cognata_sdk_ros2/msg/WheelTelemetries.idl
[1.312s] -- Up-to-date: /home/kcg/Autonomous_kcg/ROS2Sample/install/cognata_sdk_ros2/share/cognata_sdk_ros2/msg/AnnotationMsg.msg
[1.315s] -- Up-to-date: /home/kcg/Autonomous_kcg/ROS2Sample/install/cognata_sdk_ros2/share/cognata_sdk_ros2/msg/BoundingBoxMsg.msg
[1.315s] -- Up-to-date: /home/kcg/Autonomous_kcg/ROS2Sample/install/cognata_sdk_ros2/share/cognata_sdk_ros2/msg/CarTelemetriesMsg.msg
[1.316s] -- Up-to-date: /home/kcg/Autonomous_kcg/ROS2Sample/install/cognata_sdk_ros2/share/cognata_sdk_ros2/msg/GPSAdditionalData.msg
[1.316s] -- Up-to-date: /home/kcg/Autonomous_kcg/ROS2Sample/install/cognata_sdk_ros2/share/cognata_sdk_ros2/msg/ObjectDescription.msg
[1.316s] -- Up-to-date: /home/kcg/Autonomous_kcg/ROS2Sample/install/cognata_sdk_ros2/share/cognata_sdk_ros2/msg/PedestrianMsg.msg
[1.316s] -- Up-to-date: /home/kcg/Autonomous_kcg/ROS2Sample/install/cognata_sdk_ros2/share/cognata_sdk_ros2/msg/RadarOutputHeader.msg
[1.317s] -- Up-to-date: /home/kcg/Autonomous_kcg/ROS2Sample/install/cognata_sdk_ros2/share/cognata_sdk_ros2/msg/RadarOutputTarget.msg
[1.317s] -- Up-to-date: /home/kcg/Autonomous_kcg/ROS2Sample/install/cognata_sdk_ros2/share/cognata_sdk_ros2/msg/ROIAndDOGTOutput.msg
[1.317s] -- Up-to-date: /home/kcg/Autonomous_kcg/ROS2Sample/install/cognata_sdk_ros2/share/cognata_sdk_ros2/msg/TrafficLightMsg.msg
[1.317s] -- Up-to-date: /home/kcg/Autonomous_kcg/ROS2Sample/install/cognata_sdk_ros2/share/cognata_sdk_ros2/msg/VehicleMsg.msg
[1.318s] -- Up-to-date: /home/kcg/Autonomous_kcg/ROS2Sample/install/cognata_sdk_ros2/share/cognata_sdk_ros2/msg/WheelMsg.msg
[1.318s] -- Up-to-date: /home/kcg/Autonomous_kcg/ROS2Sample/install/cognata_sdk_ros2/share/cognata_sdk_ros2/msg/WheelTelemetries.msg
[1.318s] -- Up-to-date: /home/kcg/Autonomous_kcg/ROS2Sample/install/cognata_sdk_ros2/lib/cognata_sdk_ros2/ROS2SDK
[1.321s] -- Up-to-date: /home/kcg/Autonomous_kcg/ROS2Sample/install/cognata_sdk_ros2/share/ament_index/resource_index/package_run_dependencies/cognata_sdk_ros2
[1.321s] -- Up-to-date: /home/kcg/Autonomous_kcg/ROS2Sample/install/cognata_sdk_ros2/share/ament_index/resource_index/parent_prefix_path/cognata_sdk_ros2
[1.321s] -- Up-to-date: /home/kcg/Autonomous_kcg/ROS2Sample/install/cognata_sdk_ros2/share/cognata_sdk_ros2/environment/ament_prefix_path.sh
[1.322s] -- Up-to-date: /home/kcg/Autonomous_kcg/ROS2Sample/install/cognata_sdk_ros2/share/cognata_sdk_ros2/environment/ament_prefix_path.dsv
[1.322s] -- Up-to-date: /home/kcg/Autonomous_kcg/ROS2Sample/install/cognata_sdk_ros2/share/cognata_sdk_ros2/environment/path.sh
[1.322s] -- Up-to-date: /home/kcg/Autonomous_kcg/ROS2Sample/install/cognata_sdk_ros2/share/cognata_sdk_ros2/environment/path.dsv
[1.322s] -- Up-to-date: /home/kcg/Autonomous_kcg/ROS2Sample/install/cognata_sdk_ros2/share/cognata_sdk_ros2/local_setup.bash
[1.323s] -- Up-to-date: /home/kcg/Autonomous_kcg/ROS2Sample/install/cognata_sdk_ros2/share/cognata_sdk_ros2/local_setup.sh
[1.323s] -- Up-to-date: /home/kcg/Autonomous_kcg/ROS2Sample/install/cognata_sdk_ros2/share/cognata_sdk_ros2/local_setup.zsh
[1.323s] -- Up-to-date: /home/kcg/Autonomous_kcg/ROS2Sample/install/cognata_sdk_ros2/share/cognata_sdk_ros2/local_setup.dsv
[1.323s] -- Installing: /home/kcg/Autonomous_kcg/ROS2Sample/install/cognata_sdk_ros2/share/cognata_sdk_ros2/package.dsv
[1.324s] -- Up-to-date: /home/kcg/Autonomous_kcg/ROS2Sample/install/cognata_sdk_ros2/share/ament_index/resource_index/packages/cognata_sdk_ros2
[1.327s] -- Up-to-date: /home/kcg/Autonomous_kcg/ROS2Sample/install/cognata_sdk_ros2/share/cognata_sdk_ros2/cmake/cognata_sdk_ros2__rosidl_generator_cExport.cmake
[1.327s] -- Up-to-date: /home/kcg/Autonomous_kcg/ROS2Sample/install/cognata_sdk_ros2/share/cognata_sdk_ros2/cmake/cognata_sdk_ros2__rosidl_generator_cExport-noconfig.cmake
[1.327s] -- Up-to-date: /home/kcg/Autonomous_kcg/ROS2Sample/install/cognata_sdk_ros2/share/cognata_sdk_ros2/cmake/cognata_sdk_ros2__rosidl_typesupport_introspection_cExport.cmake
[1.327s] -- Up-to-date: /home/kcg/Autonomous_kcg/ROS2Sample/install/cognata_sdk_ros2/share/cognata_sdk_ros2/cmake/cognata_sdk_ros2__rosidl_typesupport_introspection_cExport-noconfig.cmake
[1.328s] -- Up-to-date: /home/kcg/Autonomous_kcg/ROS2Sample/install/cognata_sdk_ros2/share/cognata_sdk_ros2/cmake/cognata_sdk_ros2__rosidl_typesupport_cExport.cmake
[1.328s] -- Up-to-date: /home/kcg/Autonomous_kcg/ROS2Sample/install/cognata_sdk_ros2/share/cognata_sdk_ros2/cmake/cognata_sdk_ros2__rosidl_typesupport_cExport-noconfig.cmake
[1.328s] -- Up-to-date: /home/kcg/Autonomous_kcg/ROS2Sample/install/cognata_sdk_ros2/share/cognata_sdk_ros2/cmake/cognata_sdk_ros2__rosidl_generator_cppExport.cmake
[1.328s] -- Up-to-date: /home/kcg/Autonomous_kcg/ROS2Sample/install/cognata_sdk_ros2/share/cognata_sdk_ros2/cmake/cognata_sdk_ros2__rosidl_typesupport_introspection_cppExport.cmake
[1.331s] -- Up-to-date: /home/kcg/Autonomous_kcg/ROS2Sample/install/cognata_sdk_ros2/share/cognata_sdk_ros2/cmake/cognata_sdk_ros2__rosidl_typesupport_introspection_cppExport-noconfig.cmake
[1.332s] -- Up-to-date: /home/kcg/Autonomous_kcg/ROS2Sample/install/cognata_sdk_ros2/share/cognata_sdk_ros2/cmake/cognata_sdk_ros2__rosidl_typesupport_cppExport.cmake
[1.332s] -- Up-to-date: /home/kcg/Autonomous_kcg/ROS2Sample/install/cognata_sdk_ros2/share/cognata_sdk_ros2/cmake/cognata_sdk_ros2__rosidl_typesupport_cppExport-noconfig.cmake
[1.332s] -- Up-to-date: /home/kcg/Autonomous_kcg/ROS2Sample/install/cognata_sdk_ros2/share/cognata_sdk_ros2/cmake/rosidl_cmake-extras.cmake
[1.333s] -- Up-to-date: /home/kcg/Autonomous_kcg/ROS2Sample/install/cognata_sdk_ros2/share/cognata_sdk_ros2/cmake/ament_cmake_export_dependencies-extras.cmake
[1.333s] -- Up-to-date: /home/kcg/Autonomous_kcg/ROS2Sample/install/cognata_sdk_ros2/share/cognata_sdk_ros2/cmake/ament_cmake_export_libraries-extras.cmake
[1.333s] -- Up-to-date: /home/kcg/Autonomous_kcg/ROS2Sample/install/cognata_sdk_ros2/share/cognata_sdk_ros2/cmake/ament_cmake_export_targets-extras.cmake
[1.333s] -- Up-to-date: /home/kcg/Autonomous_kcg/ROS2Sample/install/cognata_sdk_ros2/share/cognata_sdk_ros2/cmake/ament_cmake_export_include_directories-extras.cmake
[1.334s] -- Up-to-date: /home/kcg/Autonomous_kcg/ROS2Sample/install/cognata_sdk_ros2/share/cognata_sdk_ros2/cmake/rosidl_cmake_export_typesupport_libraries-extras.cmake
[1.334s] -- Up-to-date: /home/kcg/Autonomous_kcg/ROS2Sample/install/cognata_sdk_ros2/share/cognata_sdk_ros2/cmake/rosidl_cmake_export_typesupport_targets-extras.cmake
[1.334s] -- Up-to-date: /home/kcg/Autonomous_kcg/ROS2Sample/install/cognata_sdk_ros2/share/cognata_sdk_ros2/cmake/cognata_sdk_ros2Config.cmake
[1.334s] -- Up-to-date: /home/kcg/Autonomous_kcg/ROS2Sample/install/cognata_sdk_ros2/share/cognata_sdk_ros2/cmake/cognata_sdk_ros2Config-version.cmake
[1.334s] -- Up-to-date: /home/kcg/Autonomous_kcg/ROS2Sample/install/cognata_sdk_ros2/share/cognata_sdk_ros2/package.xml
[1.340s] Invoked command in '/home/kcg/Autonomous_kcg/ROS2Sample/build/cognata_sdk_ros2' returned '0': CMAKE_PREFIX_PATH=${CMAKE_PREFIX_PATH}:/home/kcg/Autonomous_kcg/ROS2Sample/install/python_publisher:/opt/ros/foxy /usr/bin/cmake --install /home/kcg/Autonomous_kcg/ROS2Sample/build/cognata_sdk_ros2
