[0.555s] Invoking command in '/home/eyal/AutowareAuto/my_packages/py_pkg': PYTHONPATH=/home/eyal/AutowareAuto/my_packages/py_pkg/install/py_pkg/lib/python3.8/site-packages:${PYTHONPATH} /usr/bin/python3 setup.py egg_info --egg-base build/py_pkg build --build-base /home/eyal/AutowareAuto/my_packages/py_pkg/build/py_pkg/build install --prefix /home/eyal/AutowareAuto/my_packages/py_pkg/install/py_pkg --record /home/eyal/AutowareAuto/my_packages/py_pkg/build/py_pkg/install.log --single-version-externally-managed
[0.718s] running egg_info
[0.719s] writing build/py_pkg/py_pkg.egg-info/PKG-INFO
[0.719s] writing dependency_links to build/py_pkg/py_pkg.egg-info/dependency_links.txt
[0.719s] writing entry points to build/py_pkg/py_pkg.egg-info/entry_points.txt
[0.719s] writing requirements to build/py_pkg/py_pkg.egg-info/requires.txt
[0.720s] writing top-level names to build/py_pkg/py_pkg.egg-info/top_level.txt
[0.747s] reading manifest file 'build/py_pkg/py_pkg.egg-info/SOURCES.txt'
[0.748s] writing manifest file 'build/py_pkg/py_pkg.egg-info/SOURCES.txt'
[0.748s] running build
[0.748s] running build_py
[0.748s] copying py_pkg/py_node.py -> /home/eyal/AutowareAuto/my_packages/py_pkg/build/py_pkg/build/lib/py_pkg
[0.748s] running install
[0.749s] running install_lib
[0.750s] copying /home/eyal/AutowareAuto/my_packages/py_pkg/build/py_pkg/build/lib/py_pkg/py_node.py -> /home/eyal/AutowareAuto/my_packages/py_pkg/install/py_pkg/lib/python3.8/site-packages/py_pkg
[0.750s] byte-compiling /home/eyal/AutowareAuto/my_packages/py_pkg/install/py_pkg/lib/python3.8/site-packages/py_pkg/py_node.py to py_node.cpython-38.pyc
[0.751s] running install_data
[0.752s] running install_egg_info
[0.753s] removing '/home/eyal/AutowareAuto/my_packages/py_pkg/install/py_pkg/lib/python3.8/site-packages/py_pkg-0.0.0-py3.8.egg-info' (and everything under it)
[0.753s] Copying build/py_pkg/py_pkg.egg-info to /home/eyal/AutowareAuto/my_packages/py_pkg/install/py_pkg/lib/python3.8/site-packages/py_pkg-0.0.0-py3.8.egg-info
[0.754s] running install_scripts
[0.768s] Installing listener script to /home/eyal/AutowareAuto/my_packages/py_pkg/install/py_pkg/lib/py_pkg
[0.768s] writing list of installed files to '/home/eyal/AutowareAuto/my_packages/py_pkg/build/py_pkg/install.log'
[0.785s] Invoked command in '/home/eyal/AutowareAuto/my_packages/py_pkg' returned '0': PYTHONPATH=/home/eyal/AutowareAuto/my_packages/py_pkg/install/py_pkg/lib/python3.8/site-packages:${PYTHONPATH} /usr/bin/python3 setup.py egg_info --egg-base build/py_pkg build --build-base /home/eyal/AutowareAuto/my_packages/py_pkg/build/py_pkg/build install --prefix /home/eyal/AutowareAuto/my_packages/py_pkg/install/py_pkg --record /home/eyal/AutowareAuto/my_packages/py_pkg/build/py_pkg/install.log --single-version-externally-managed
