[0.396s] Invoking command in '/home/kcg/copy/ROS2Sample/src/python_publisher': PYTHONPATH=/home/kcg/copy/ROS2Sample/install/python_publisher/lib/python3.8/site-packages:/home/kcg/copy/ROS2Sample/install/cognata_sdk_ros2/lib/python3.8/site-packages:/home/kcg/copy/ROS2Sample/install/python_publisher/lib/python3.8/site-packages:/opt/ros/foxy/lib/python3.8/site-packages /usr/bin/python3 setup.py egg_info --egg-base ../../build/python_publisher build --build-base /home/kcg/copy/ROS2Sample/build/python_publisher/build install --prefix /home/kcg/copy/ROS2Sample/install/python_publisher --record /home/kcg/copy/ROS2Sample/build/python_publisher/install.log --single-version-externally-managed
[0.527s] running egg_info
[0.527s] writing ../../build/python_publisher/python_publisher.egg-info/PKG-INFO
[0.528s] writing dependency_links to ../../build/python_publisher/python_publisher.egg-info/dependency_links.txt
[0.528s] writing entry points to ../../build/python_publisher/python_publisher.egg-info/entry_points.txt
[0.528s] writing requirements to ../../build/python_publisher/python_publisher.egg-info/requires.txt
[0.528s] writing top-level names to ../../build/python_publisher/python_publisher.egg-info/top_level.txt
[0.548s] reading manifest file '../../build/python_publisher/python_publisher.egg-info/SOURCES.txt'
[0.549s] writing manifest file '../../build/python_publisher/python_publisher.egg-info/SOURCES.txt'
[0.549s] running build
[0.549s] running build_py
[0.550s] running install
[0.550s] running install_lib
[0.551s] running install_data
[0.551s] running install_egg_info
[0.552s] removing '/home/kcg/copy/ROS2Sample/install/python_publisher/lib/python3.8/site-packages/python_publisher-0.0.0-py3.8.egg-info' (and everything under it)
[0.553s] Copying ../../build/python_publisher/python_publisher.egg-info to /home/kcg/copy/ROS2Sample/install/python_publisher/lib/python3.8/site-packages/python_publisher-0.0.0-py3.8.egg-info
[0.553s] running install_scripts
[0.563s] Installing acc script to /home/kcg/copy/ROS2Sample/install/python_publisher/lib/python_publisher
[0.563s] Installing gev script to /home/kcg/copy/ROS2Sample/install/python_publisher/lib/python_publisher
[0.564s] Installing pid script to /home/kcg/copy/ROS2Sample/install/python_publisher/lib/python_publisher
[0.564s] Installing publisher script to /home/kcg/copy/ROS2Sample/install/python_publisher/lib/python_publisher
[0.564s] Installing rcc script to /home/kcg/copy/ROS2Sample/install/python_publisher/lib/python_publisher
[0.564s] writing list of installed files to '/home/kcg/copy/ROS2Sample/build/python_publisher/install.log'
[0.576s] Invoked command in '/home/kcg/copy/ROS2Sample/src/python_publisher' returned '0': PYTHONPATH=/home/kcg/copy/ROS2Sample/install/python_publisher/lib/python3.8/site-packages:/home/kcg/copy/ROS2Sample/install/cognata_sdk_ros2/lib/python3.8/site-packages:/home/kcg/copy/ROS2Sample/install/python_publisher/lib/python3.8/site-packages:/opt/ros/foxy/lib/python3.8/site-packages /usr/bin/python3 setup.py egg_info --egg-base ../../build/python_publisher build --build-base /home/kcg/copy/ROS2Sample/build/python_publisher/build install --prefix /home/kcg/copy/ROS2Sample/install/python_publisher --record /home/kcg/copy/ROS2Sample/build/python_publisher/install.log --single-version-externally-managed
