[0.016s] Invoking command in '/home/kcg/newSample/Autonomous_kcg/AlonBarak-Joy-workspaces/ros2_ws/build/ros_g29_force_feedback': CMAKE_PREFIX_PATH=/opt/ros/foxy /usr/bin/cmake /home/kcg/newSample/Autonomous_kcg/AlonBarak-Joy-workspaces/ros2_ws/src/ros-g29-force-feedback -DCMAKE_INSTALL_PREFIX=/home/kcg/newSample/Autonomous_kcg/AlonBarak-Joy-workspaces/ros2_ws/install/ros_g29_force_feedback
[0.048s] -- The C compiler identification is GNU 9.4.0
[0.080s] -- The CXX compiler identification is GNU 9.4.0
[0.083s] -- Check for working C compiler: /usr/bin/cc
[0.128s] -- Check for working C compiler: /usr/bin/cc -- works
[0.128s] -- Detecting C compiler ABI info
[0.171s] -- Detecting C compiler ABI info - done
[0.179s] -- Detecting C compile features
[0.179s] -- Detecting C compile features - done
[0.181s] -- Check for working CXX compiler: /usr/bin/c++
[0.242s] -- Check for working CXX compiler: /usr/bin/c++ -- works
[0.243s] -- Detecting CXX compiler ABI info
[0.320s] -- Detecting CXX compiler ABI info - done
[0.333s] -- Detecting CXX compile features
[0.334s] -- Detecting CXX compile features - done
[0.336s] -- Found ament_cmake: 0.9.9 (/opt/ros/foxy/share/ament_cmake/cmake)
[0.355s] -- Found PythonInterp: /usr/bin/python3 (found suitable version "3.8.10", minimum required is "3") 
[0.355s] -- Using PYTHON_EXECUTABLE: /usr/bin/python3
[0.499s] -- Found rclcpp: 2.4.1 (/opt/ros/foxy/share/rclcpp/cmake)
[0.524s] -- Using all available rosidl_typesupport_c: rosidl_typesupport_fastrtps_c;rosidl_typesupport_introspection_c
[0.528s] -- Found rosidl_adapter: 1.2.1 (/opt/ros/foxy/share/rosidl_adapter/cmake)
[0.570s] -- Found OpenSSL: /usr/lib/x86_64-linux-gnu/libcrypto.so (found version "1.1.1f")  
[0.588s] -- Found FastRTPS: /opt/ros/foxy/include  
[0.637s] -- Using all available rosidl_typesupport_cpp: rosidl_typesupport_fastrtps_cpp;rosidl_typesupport_introspection_cpp
[0.672s] -- Found rmw_implementation_cmake: 1.0.3 (/opt/ros/foxy/share/rmw_implementation_cmake/cmake)
[0.673s] -- Using RMW implementation 'rmw_fastrtps_cpp' as default
[0.674s] -- Looking for pthread.h
[0.717s] -- Looking for pthread.h - found
[0.717s] -- Performing Test CMAKE_HAVE_LIBC_PTHREAD
[0.763s] -- Performing Test CMAKE_HAVE_LIBC_PTHREAD - Failed
[0.764s] -- Looking for pthread_create in pthreads
[0.800s] -- Looking for pthread_create in pthreads - not found
[0.800s] -- Looking for pthread_create in pthread
[0.846s] -- Looking for pthread_create in pthread - found
[0.847s] -- Found Threads: TRUE  
[0.962s] -- Found rosidl_default_generators: 1.0.1 (/opt/ros/foxy/share/rosidl_default_generators/cmake)
[0.984s] -- Found PythonInterp: /usr/bin/python3 (found version "3.8.10") 
[1.084s] -- Found ament_cmake_ros: 0.9.2 (/opt/ros/foxy/share/ament_cmake_ros/cmake)
[1.191s] -- Using all available rosidl_typesupport_c: rosidl_typesupport_fastrtps_c;rosidl_typesupport_introspection_c
[1.230s] -- Using all available rosidl_typesupport_cpp: rosidl_typesupport_fastrtps_cpp;rosidl_typesupport_introspection_cpp
[1.246s] -- Found PythonInterp: /usr/bin/python3 (found suitable version "3.8.10", minimum required is "3.5") 
[1.246s] -- Found python_cmake_module: 0.8.1 (/opt/ros/foxy/share/python_cmake_module/cmake)
[1.263s] -- Found PythonLibs: /usr/lib/x86_64-linux-gnu/libpython3.8.so (found suitable version "3.8.10", minimum required is "3.5") 
[1.263s] -- Using PYTHON_EXECUTABLE: /usr/bin/python3
[1.263s] -- Using PYTHON_INCLUDE_DIRS: /usr/include/python3.8
[1.263s] -- Using PYTHON_LIBRARIES: /usr/lib/x86_64-linux-gnu/libpython3.8.so
[1.276s] -- Found PythonExtra: .so  
[1.315s] -- Found ament_lint_auto: 0.9.6 (/opt/ros/foxy/share/ament_lint_auto/cmake)
[1.326s] -- Added test 'copyright' to check source files copyright and LICENSE
[1.353s] -- Added test 'cppcheck' to perform static code analysis on C / C++ code
[1.353s] -- Configured cppcheck include dirs: 
[1.353s] -- Configured cppcheck exclude dirs and/or files: 
[1.378s] -- Added test 'cpplint' to check C / C++ code against the Google style
[1.378s] -- Configured cpplint exclude dirs and/or files: 
[1.381s] -- Added test 'flake8' to check Python code syntax and style conventions
[1.387s] -- Added test 'lint_cmake' to check CMake code style
[1.391s] -- Added test 'pep257' to check Python code against some of the style conventions in PEP 257
[1.416s] -- Added test 'uncrustify' to check C / C++ code style
[1.416s] -- Configured uncrustify additional arguments: 
[1.420s] -- Added test 'xmllint' to check XML markup files
[1.423s] -- Configuring done
[1.450s] -- Generating done
[1.452s] -- Build files have been written to: /home/kcg/newSample/Autonomous_kcg/AlonBarak-Joy-workspaces/ros2_ws/build/ros_g29_force_feedback
[1.458s] Invoked command in '/home/kcg/newSample/Autonomous_kcg/AlonBarak-Joy-workspaces/ros2_ws/build/ros_g29_force_feedback' returned '0': CMAKE_PREFIX_PATH=/opt/ros/foxy /usr/bin/cmake /home/kcg/newSample/Autonomous_kcg/AlonBarak-Joy-workspaces/ros2_ws/src/ros-g29-force-feedback -DCMAKE_INSTALL_PREFIX=/home/kcg/newSample/Autonomous_kcg/AlonBarak-Joy-workspaces/ros2_ws/install/ros_g29_force_feedback
[1.460s] Invoking command in '/home/kcg/newSample/Autonomous_kcg/AlonBarak-Joy-workspaces/ros2_ws/build/ros_g29_force_feedback': CMAKE_PREFIX_PATH=/opt/ros/foxy /usr/bin/cmake --build /home/kcg/newSample/Autonomous_kcg/AlonBarak-Joy-workspaces/ros2_ws/build/ros_g29_force_feedback -- -j20 -l20
[1.483s] [35m[1mScanning dependencies of target ros_g29_force_feedback__cpp[0m
[1.484s] [  3%] [34m[1mGenerating C code for ROS interfaces[0m
[1.489s] [  6%] [34m[1mGenerating C++ code for ROS interfaces[0m
[1.626s] [35m[1mScanning dependencies of target ros_g29_force_feedback__rosidl_generator_c[0m
[1.627s] [  6%] Built target ros_g29_force_feedback__cpp
[1.633s] [ 15%] [34m[1mGenerating C++ type support for eProsima Fast-RTPS[0m
[1.633s] [ 15%] [32mBuilding C object CMakeFiles/ros_g29_force_feedback__rosidl_generator_c.dir/rosidl_generator_c/ros_g29_force_feedback/msg/detail/force_feedback__functions.c.o[0m
[1.633s] [ 15%] [34m[1mGenerating C++ type support dispatch for ROS interfaces[0m
[1.633s] [ 18%] [34m[1mGenerating C++ introspection for ROS interfaces[0m
[1.658s] [ 21%] [32m[1mLinking C shared library libros_g29_force_feedback__rosidl_generator_c.so[0m
[1.681s] [ 21%] Built target ros_g29_force_feedback__rosidl_generator_c
[1.687s] [ 27%] [34m[1mGenerating C introspection for ROS interfaces[0m
[1.687s] [ 27%] [34m[1mGenerating C type support dispatch for ROS interfaces[0m
[1.759s] [35m[1mScanning dependencies of target ros_g29_force_feedback__rosidl_typesupport_cpp[0m
[1.767s] [ 30%] [32mBuilding CXX object CMakeFiles/ros_g29_force_feedback__rosidl_typesupport_cpp.dir/rosidl_typesupport_cpp/ros_g29_force_feedback/msg/force_feedback__type_support.cpp.o[0m
[1.767s] [35m[1mScanning dependencies of target ros_g29_force_feedback__rosidl_typesupport_introspection_cpp[0m
[1.774s] [35m[1mScanning dependencies of target ros_g29_force_feedback__rosidl_typesupport_fastrtps_cpp[0m
[1.774s] [ 33%] [32mBuilding CXX object CMakeFiles/ros_g29_force_feedback__rosidl_typesupport_introspection_cpp.dir/rosidl_typesupport_introspection_cpp/ros_g29_force_feedback/msg/detail/force_feedback__type_support.cpp.o[0m
[1.783s] [ 36%] [32mBuilding CXX object CMakeFiles/ros_g29_force_feedback__rosidl_typesupport_fastrtps_cpp.dir/rosidl_typesupport_fastrtps_cpp/ros_g29_force_feedback/msg/detail/dds_fastrtps/force_feedback__type_support.cpp.o[0m
[1.812s] [35m[1mScanning dependencies of target ros_g29_force_feedback__rosidl_typesupport_c[0m
[1.820s] [ 39%] [32mBuilding CXX object CMakeFiles/ros_g29_force_feedback__rosidl_typesupport_c.dir/rosidl_typesupport_c/ros_g29_force_feedback/msg/force_feedback__type_support.cpp.o[0m
[1.824s] [35m[1mScanning dependencies of target ros_g29_force_feedback__rosidl_typesupport_introspection_c[0m
[1.832s] [ 42%] [32mBuilding C object CMakeFiles/ros_g29_force_feedback__rosidl_typesupport_introspection_c.dir/rosidl_typesupport_introspection_c/ros_g29_force_feedback/msg/detail/force_feedback__type_support.c.o[0m
[1.840s] [ 45%] [32m[1mLinking CXX shared library libros_g29_force_feedback__rosidl_typesupport_c.so[0m
[1.853s] [ 48%] [32m[1mLinking C shared library libros_g29_force_feedback__rosidl_typesupport_introspection_c.so[0m
[1.866s] [ 48%] Built target ros_g29_force_feedback__rosidl_typesupport_c
[1.873s] [ 48%] Built target ros_g29_force_feedback__rosidl_typesupport_introspection_c
[1.951s] [ 51%] [32m[1mLinking CXX shared library libros_g29_force_feedback__rosidl_typesupport_cpp.so[0m
[1.962s] [ 54%] [32m[1mLinking CXX shared library libros_g29_force_feedback__rosidl_typesupport_introspection_cpp.so[0m
[1.976s] [ 54%] Built target ros_g29_force_feedback__rosidl_typesupport_cpp
[1.999s] [ 54%] Built target ros_g29_force_feedback__rosidl_typesupport_introspection_cpp
[2.057s] [ 57%] [32m[1mLinking CXX shared library libros_g29_force_feedback__rosidl_typesupport_fastrtps_cpp.so[0m
[2.108s] [ 57%] Built target ros_g29_force_feedback__rosidl_typesupport_fastrtps_cpp
[2.114s] [ 60%] [34m[1mGenerating C type support for eProsima Fast-RTPS[0m
[2.249s] [35m[1mScanning dependencies of target ros_g29_force_feedback__rosidl_typesupport_fastrtps_c[0m
[2.258s] [ 63%] [32mBuilding CXX object CMakeFiles/ros_g29_force_feedback__rosidl_typesupport_fastrtps_c.dir/rosidl_typesupport_fastrtps_c/ros_g29_force_feedback/msg/detail/force_feedback__type_support_c.cpp.o[0m
[2.480s] [ 66%] [32m[1mLinking CXX shared library libros_g29_force_feedback__rosidl_typesupport_fastrtps_c.so[0m
[2.528s] [ 66%] Built target ros_g29_force_feedback__rosidl_typesupport_fastrtps_c
[2.534s] [35m[1mScanning dependencies of target ros_g29_force_feedback[0m
[2.540s] [ 66%] Built target ros_g29_force_feedback
[2.546s] [35m[1mScanning dependencies of target ros_g29_force_feedback__py[0m
[2.546s] [35m[1mScanning dependencies of target g29_force_feedback[0m
[2.552s] [ 69%] [34m[1mGenerating Python code for ROS interfaces[0m
[2.566s] [ 72%] [32mBuilding CXX object CMakeFiles/g29_force_feedback.dir/src/g29_force_feedback.cpp.o[0m
[2.771s] [ 72%] Built target ros_g29_force_feedback__py
[2.777s] [35m[1mScanning dependencies of target ros_g29_force_feedback__python[0m
[2.788s] [ 75%] [32mBuilding C object CMakeFiles/ros_g29_force_feedback__python.dir/rosidl_generator_py/ros_g29_force_feedback/msg/_force_feedback_s.c.o[0m
[2.844s] [ 78%] [32m[1mLinking C shared library rosidl_generator_py/ros_g29_force_feedback/libros_g29_force_feedback__python.so[0m
[2.870s] [ 78%] Built target ros_g29_force_feedback__python
[2.877s] [35m[1mScanning dependencies of target ros_g29_force_feedback__rosidl_typesupport_c__pyext[0m
[2.877s] [35m[1mScanning dependencies of target ros_g29_force_feedback__rosidl_typesupport_introspection_c__pyext[0m
[2.877s] [35m[1mScanning dependencies of target ros_g29_force_feedback__rosidl_typesupport_fastrtps_c__pyext[0m
[2.888s] [ 87%] [32mBuilding C object CMakeFiles/ros_g29_force_feedback__rosidl_typesupport_c__pyext.dir/rosidl_generator_py/ros_g29_force_feedback/_ros_g29_force_feedback_s.ep.rosidl_typesupport_c.c.o[0m
[2.888s] [ 87%] [32mBuilding C object CMakeFiles/ros_g29_force_feedback__rosidl_typesupport_fastrtps_c__pyext.dir/rosidl_generator_py/ros_g29_force_feedback/_ros_g29_force_feedback_s.ep.rosidl_typesupport_fastrtps_c.c.o[0m
[2.888s] [ 87%] [32mBuilding C object CMakeFiles/ros_g29_force_feedback__rosidl_typesupport_introspection_c__pyext.dir/rosidl_generator_py/ros_g29_force_feedback/_ros_g29_force_feedback_s.ep.rosidl_typesupport_introspection_c.c.o[0m
[2.937s] [ 96%] [32m[1mLinking C shared library rosidl_generator_py/ros_g29_force_feedback/ros_g29_force_feedback_s__rosidl_typesupport_c.cpython-38-x86_64-linux-gnu.so[0m
[2.938s] [ 96%] [32m[1mLinking CXX shared library rosidl_generator_py/ros_g29_force_feedback/ros_g29_force_feedback_s__rosidl_typesupport_fastrtps_c.cpython-38-x86_64-linux-gnu.so[0m
[2.938s] [ 96%] [32m[1mLinking C shared library rosidl_generator_py/ros_g29_force_feedback/ros_g29_force_feedback_s__rosidl_typesupport_introspection_c.cpython-38-x86_64-linux-gnu.so[0m
[2.961s] [ 96%] Built target ros_g29_force_feedback__rosidl_typesupport_c__pyext
[2.961s] [ 96%] Built target ros_g29_force_feedback__rosidl_typesupport_introspection_c__pyext
[2.980s] [ 96%] Built target ros_g29_force_feedback__rosidl_typesupport_fastrtps_c__pyext
[5.588s] [100%] [32m[1mLinking CXX executable g29_force_feedback[0m
[5.711s] [100%] Built target g29_force_feedback
[5.720s] Invoked command in '/home/kcg/newSample/Autonomous_kcg/AlonBarak-Joy-workspaces/ros2_ws/build/ros_g29_force_feedback' returned '0': CMAKE_PREFIX_PATH=/opt/ros/foxy /usr/bin/cmake --build /home/kcg/newSample/Autonomous_kcg/AlonBarak-Joy-workspaces/ros2_ws/build/ros_g29_force_feedback -- -j20 -l20
[5.753s] Invoking command in '/home/kcg/newSample/Autonomous_kcg/AlonBarak-Joy-workspaces/ros2_ws/build/ros_g29_force_feedback': CMAKE_PREFIX_PATH=/opt/ros/foxy /usr/bin/cmake --install /home/kcg/newSample/Autonomous_kcg/AlonBarak-Joy-workspaces/ros2_ws/build/ros_g29_force_feedback
[5.758s] -- Install configuration: ""
[5.758s] -- Installing: /home/kcg/newSample/Autonomous_kcg/AlonBarak-Joy-workspaces/ros2_ws/install/ros_g29_force_feedback/share/ament_index/resource_index/rosidl_interfaces/ros_g29_force_feedback
[5.758s] -- Installing: /home/kcg/newSample/Autonomous_kcg/AlonBarak-Joy-workspaces/ros2_ws/install/ros_g29_force_feedback/include/ros_g29_force_feedback
[5.759s] -- Installing: /home/kcg/newSample/Autonomous_kcg/AlonBarak-Joy-workspaces/ros2_ws/install/ros_g29_force_feedback/include/ros_g29_force_feedback/msg
[5.759s] -- Installing: /home/kcg/newSample/Autonomous_kcg/AlonBarak-Joy-workspaces/ros2_ws/install/ros_g29_force_feedback/include/ros_g29_force_feedback/msg/rosidl_generator_c__visibility_control.h
[5.759s] -- Installing: /home/kcg/newSample/Autonomous_kcg/AlonBarak-Joy-workspaces/ros2_ws/install/ros_g29_force_feedback/include/ros_g29_force_feedback/msg/force_feedback.h
[5.759s] -- Installing: /home/kcg/newSample/Autonomous_kcg/AlonBarak-Joy-workspaces/ros2_ws/install/ros_g29_force_feedback/include/ros_g29_force_feedback/msg/detail
[5.759s] -- Installing: /home/kcg/newSample/Autonomous_kcg/AlonBarak-Joy-workspaces/ros2_ws/install/ros_g29_force_feedback/include/ros_g29_force_feedback/msg/detail/force_feedback__functions.h
[5.759s] -- Installing: /home/kcg/newSample/Autonomous_kcg/AlonBarak-Joy-workspaces/ros2_ws/install/ros_g29_force_feedback/include/ros_g29_force_feedback/msg/detail/force_feedback__struct.h
[5.759s] -- Installing: /home/kcg/newSample/Autonomous_kcg/AlonBarak-Joy-workspaces/ros2_ws/install/ros_g29_force_feedback/include/ros_g29_force_feedback/msg/detail/force_feedback__type_support.h
[5.759s] -- Installing: /home/kcg/newSample/Autonomous_kcg/AlonBarak-Joy-workspaces/ros2_ws/install/ros_g29_force_feedback/include/ros_g29_force_feedback/msg/detail/force_feedback__functions.c
[5.759s] -- Installing: /home/kcg/newSample/Autonomous_kcg/AlonBarak-Joy-workspaces/ros2_ws/install/ros_g29_force_feedback/share/ros_g29_force_feedback/environment/library_path.sh
[5.759s] -- Installing: /home/kcg/newSample/Autonomous_kcg/AlonBarak-Joy-workspaces/ros2_ws/install/ros_g29_force_feedback/share/ros_g29_force_feedback/environment/library_path.dsv
[5.759s] -- Installing: /home/kcg/newSample/Autonomous_kcg/AlonBarak-Joy-workspaces/ros2_ws/install/ros_g29_force_feedback/lib/libros_g29_force_feedback__rosidl_generator_c.so
[5.759s] -- Set runtime path of "/home/kcg/newSample/Autonomous_kcg/AlonBarak-Joy-workspaces/ros2_ws/install/ros_g29_force_feedback/lib/libros_g29_force_feedback__rosidl_generator_c.so" to ""
[5.759s] -- Up-to-date: /home/kcg/newSample/Autonomous_kcg/AlonBarak-Joy-workspaces/ros2_ws/install/ros_g29_force_feedback/include/ros_g29_force_feedback
[5.759s] -- Up-to-date: /home/kcg/newSample/Autonomous_kcg/AlonBarak-Joy-workspaces/ros2_ws/install/ros_g29_force_feedback/include/ros_g29_force_feedback/msg
[5.759s] -- Installing: /home/kcg/newSample/Autonomous_kcg/AlonBarak-Joy-workspaces/ros2_ws/install/ros_g29_force_feedback/include/ros_g29_force_feedback/msg/rosidl_typesupport_fastrtps_c__visibility_control.h
[5.759s] -- Up-to-date: /home/kcg/newSample/Autonomous_kcg/AlonBarak-Joy-workspaces/ros2_ws/install/ros_g29_force_feedback/include/ros_g29_force_feedback/msg/detail
[5.759s] -- Installing: /home/kcg/newSample/Autonomous_kcg/AlonBarak-Joy-workspaces/ros2_ws/install/ros_g29_force_feedback/include/ros_g29_force_feedback/msg/detail/force_feedback__rosidl_typesupport_fastrtps_c.h
[5.760s] -- Installing: /home/kcg/newSample/Autonomous_kcg/AlonBarak-Joy-workspaces/ros2_ws/install/ros_g29_force_feedback/lib/libros_g29_force_feedback__rosidl_typesupport_fastrtps_c.so
[5.760s] -- Set runtime path of "/home/kcg/newSample/Autonomous_kcg/AlonBarak-Joy-workspaces/ros2_ws/install/ros_g29_force_feedback/lib/libros_g29_force_feedback__rosidl_typesupport_fastrtps_c.so" to ""
[5.760s] -- Up-to-date: /home/kcg/newSample/Autonomous_kcg/AlonBarak-Joy-workspaces/ros2_ws/install/ros_g29_force_feedback/include/ros_g29_force_feedback
[5.760s] -- Up-to-date: /home/kcg/newSample/Autonomous_kcg/AlonBarak-Joy-workspaces/ros2_ws/install/ros_g29_force_feedback/include/ros_g29_force_feedback/msg
[5.760s] -- Installing: /home/kcg/newSample/Autonomous_kcg/AlonBarak-Joy-workspaces/ros2_ws/install/ros_g29_force_feedback/include/ros_g29_force_feedback/msg/rosidl_typesupport_fastrtps_cpp__visibility_control.h
[5.760s] -- Up-to-date: /home/kcg/newSample/Autonomous_kcg/AlonBarak-Joy-workspaces/ros2_ws/install/ros_g29_force_feedback/include/ros_g29_force_feedback/msg/detail
[5.760s] -- Installing: /home/kcg/newSample/Autonomous_kcg/AlonBarak-Joy-workspaces/ros2_ws/install/ros_g29_force_feedback/include/ros_g29_force_feedback/msg/detail/dds_fastrtps
[5.760s] -- Installing: /home/kcg/newSample/Autonomous_kcg/AlonBarak-Joy-workspaces/ros2_ws/install/ros_g29_force_feedback/include/ros_g29_force_feedback/msg/detail/force_feedback__rosidl_typesupport_fastrtps_cpp.hpp
[5.760s] -- Installing: /home/kcg/newSample/Autonomous_kcg/AlonBarak-Joy-workspaces/ros2_ws/install/ros_g29_force_feedback/lib/libros_g29_force_feedback__rosidl_typesupport_fastrtps_cpp.so
[5.760s] -- Set runtime path of "/home/kcg/newSample/Autonomous_kcg/AlonBarak-Joy-workspaces/ros2_ws/install/ros_g29_force_feedback/lib/libros_g29_force_feedback__rosidl_typesupport_fastrtps_cpp.so" to ""
[5.760s] -- Up-to-date: /home/kcg/newSample/Autonomous_kcg/AlonBarak-Joy-workspaces/ros2_ws/install/ros_g29_force_feedback/include/ros_g29_force_feedback
[5.760s] -- Up-to-date: /home/kcg/newSample/Autonomous_kcg/AlonBarak-Joy-workspaces/ros2_ws/install/ros_g29_force_feedback/include/ros_g29_force_feedback/msg
[5.760s] -- Installing: /home/kcg/newSample/Autonomous_kcg/AlonBarak-Joy-workspaces/ros2_ws/install/ros_g29_force_feedback/include/ros_g29_force_feedback/msg/rosidl_typesupport_introspection_c__visibility_control.h
[5.760s] -- Up-to-date: /home/kcg/newSample/Autonomous_kcg/AlonBarak-Joy-workspaces/ros2_ws/install/ros_g29_force_feedback/include/ros_g29_force_feedback/msg/detail
[5.760s] -- Installing: /home/kcg/newSample/Autonomous_kcg/AlonBarak-Joy-workspaces/ros2_ws/install/ros_g29_force_feedback/include/ros_g29_force_feedback/msg/detail/force_feedback__rosidl_typesupport_introspection_c.h
[5.760s] -- Installing: /home/kcg/newSample/Autonomous_kcg/AlonBarak-Joy-workspaces/ros2_ws/install/ros_g29_force_feedback/include/ros_g29_force_feedback/msg/detail/force_feedback__type_support.c
[5.761s] -- Installing: /home/kcg/newSample/Autonomous_kcg/AlonBarak-Joy-workspaces/ros2_ws/install/ros_g29_force_feedback/lib/libros_g29_force_feedback__rosidl_typesupport_introspection_c.so
[5.761s] -- Set runtime path of "/home/kcg/newSample/Autonomous_kcg/AlonBarak-Joy-workspaces/ros2_ws/install/ros_g29_force_feedback/lib/libros_g29_force_feedback__rosidl_typesupport_introspection_c.so" to ""
[5.761s] -- Installing: /home/kcg/newSample/Autonomous_kcg/AlonBarak-Joy-workspaces/ros2_ws/install/ros_g29_force_feedback/lib/libros_g29_force_feedback__rosidl_typesupport_c.so
[5.761s] -- Set runtime path of "/home/kcg/newSample/Autonomous_kcg/AlonBarak-Joy-workspaces/ros2_ws/install/ros_g29_force_feedback/lib/libros_g29_force_feedback__rosidl_typesupport_c.so" to ""
[5.761s] -- Up-to-date: /home/kcg/newSample/Autonomous_kcg/AlonBarak-Joy-workspaces/ros2_ws/install/ros_g29_force_feedback/include/ros_g29_force_feedback
[5.761s] -- Up-to-date: /home/kcg/newSample/Autonomous_kcg/AlonBarak-Joy-workspaces/ros2_ws/install/ros_g29_force_feedback/include/ros_g29_force_feedback/msg
[5.761s] -- Installing: /home/kcg/newSample/Autonomous_kcg/AlonBarak-Joy-workspaces/ros2_ws/install/ros_g29_force_feedback/include/ros_g29_force_feedback/msg/force_feedback.hpp
[5.761s] -- Up-to-date: /home/kcg/newSample/Autonomous_kcg/AlonBarak-Joy-workspaces/ros2_ws/install/ros_g29_force_feedback/include/ros_g29_force_feedback/msg/detail
[5.761s] -- Installing: /home/kcg/newSample/Autonomous_kcg/AlonBarak-Joy-workspaces/ros2_ws/install/ros_g29_force_feedback/include/ros_g29_force_feedback/msg/detail/force_feedback__builder.hpp
[5.761s] -- Installing: /home/kcg/newSample/Autonomous_kcg/AlonBarak-Joy-workspaces/ros2_ws/install/ros_g29_force_feedback/include/ros_g29_force_feedback/msg/detail/force_feedback__traits.hpp
[5.761s] -- Installing: /home/kcg/newSample/Autonomous_kcg/AlonBarak-Joy-workspaces/ros2_ws/install/ros_g29_force_feedback/include/ros_g29_force_feedback/msg/detail/force_feedback__struct.hpp
[5.761s] -- Up-to-date: /home/kcg/newSample/Autonomous_kcg/AlonBarak-Joy-workspaces/ros2_ws/install/ros_g29_force_feedback/include/ros_g29_force_feedback
[5.761s] -- Up-to-date: /home/kcg/newSample/Autonomous_kcg/AlonBarak-Joy-workspaces/ros2_ws/install/ros_g29_force_feedback/include/ros_g29_force_feedback/msg
[5.761s] -- Up-to-date: /home/kcg/newSample/Autonomous_kcg/AlonBarak-Joy-workspaces/ros2_ws/install/ros_g29_force_feedback/include/ros_g29_force_feedback/msg/detail
[5.762s] -- Installing: /home/kcg/newSample/Autonomous_kcg/AlonBarak-Joy-workspaces/ros2_ws/install/ros_g29_force_feedback/include/ros_g29_force_feedback/msg/detail/force_feedback__type_support.cpp
[5.762s] -- Installing: /home/kcg/newSample/Autonomous_kcg/AlonBarak-Joy-workspaces/ros2_ws/install/ros_g29_force_feedback/include/ros_g29_force_feedback/msg/detail/force_feedback__rosidl_typesupport_introspection_cpp.hpp
[5.762s] -- Installing: /home/kcg/newSample/Autonomous_kcg/AlonBarak-Joy-workspaces/ros2_ws/install/ros_g29_force_feedback/lib/libros_g29_force_feedback__rosidl_typesupport_introspection_cpp.so
[5.762s] -- Set runtime path of "/home/kcg/newSample/Autonomous_kcg/AlonBarak-Joy-workspaces/ros2_ws/install/ros_g29_force_feedback/lib/libros_g29_force_feedback__rosidl_typesupport_introspection_cpp.so" to ""
[5.762s] -- Installing: /home/kcg/newSample/Autonomous_kcg/AlonBarak-Joy-workspaces/ros2_ws/install/ros_g29_force_feedback/lib/libros_g29_force_feedback__rosidl_typesupport_cpp.so
[5.762s] -- Set runtime path of "/home/kcg/newSample/Autonomous_kcg/AlonBarak-Joy-workspaces/ros2_ws/install/ros_g29_force_feedback/lib/libros_g29_force_feedback__rosidl_typesupport_cpp.so" to ""
[5.762s] -- Installing: /home/kcg/newSample/Autonomous_kcg/AlonBarak-Joy-workspaces/ros2_ws/install/ros_g29_force_feedback/share/ros_g29_force_feedback/environment/pythonpath.sh
[5.762s] -- Installing: /home/kcg/newSample/Autonomous_kcg/AlonBarak-Joy-workspaces/ros2_ws/install/ros_g29_force_feedback/share/ros_g29_force_feedback/environment/pythonpath.dsv
[5.762s] -- Installing: /home/kcg/newSample/Autonomous_kcg/AlonBarak-Joy-workspaces/ros2_ws/install/ros_g29_force_feedback/lib/python3.8/site-packages/ros_g29_force_feedback/__init__.py
[5.782s] Compiling '/home/kcg/newSample/Autonomous_kcg/AlonBarak-Joy-workspaces/ros2_ws/install/ros_g29_force_feedback/lib/python3.8/site-packages/ros_g29_force_feedback/__init__.py'...
[5.784s] -- Installing: /home/kcg/newSample/Autonomous_kcg/AlonBarak-Joy-workspaces/ros2_ws/install/ros_g29_force_feedback/lib/python3.8/site-packages/ros_g29_force_feedback/msg
[5.784s] -- Installing: /home/kcg/newSample/Autonomous_kcg/AlonBarak-Joy-workspaces/ros2_ws/install/ros_g29_force_feedback/lib/python3.8/site-packages/ros_g29_force_feedback/msg/__init__.py
[5.784s] -- Installing: /home/kcg/newSample/Autonomous_kcg/AlonBarak-Joy-workspaces/ros2_ws/install/ros_g29_force_feedback/lib/python3.8/site-packages/ros_g29_force_feedback/msg/_force_feedback_s.c
[5.784s] -- Installing: /home/kcg/newSample/Autonomous_kcg/AlonBarak-Joy-workspaces/ros2_ws/install/ros_g29_force_feedback/lib/python3.8/site-packages/ros_g29_force_feedback/msg/_force_feedback.py
[5.784s] -- Installing: /home/kcg/newSample/Autonomous_kcg/AlonBarak-Joy-workspaces/ros2_ws/install/ros_g29_force_feedback/lib/python3.8/site-packages/ros_g29_force_feedback/ros_g29_force_feedback_s__rosidl_typesupport_fastrtps_c.cpython-38-x86_64-linux-gnu.so
[5.785s] -- Set runtime path of "/home/kcg/newSample/Autonomous_kcg/AlonBarak-Joy-workspaces/ros2_ws/install/ros_g29_force_feedback/lib/python3.8/site-packages/ros_g29_force_feedback/ros_g29_force_feedback_s__rosidl_typesupport_fastrtps_c.cpython-38-x86_64-linux-gnu.so" to ""
[5.785s] -- Installing: /home/kcg/newSample/Autonomous_kcg/AlonBarak-Joy-workspaces/ros2_ws/install/ros_g29_force_feedback/lib/python3.8/site-packages/ros_g29_force_feedback/ros_g29_force_feedback_s__rosidl_typesupport_introspection_c.cpython-38-x86_64-linux-gnu.so
[5.785s] -- Set runtime path of "/home/kcg/newSample/Autonomous_kcg/AlonBarak-Joy-workspaces/ros2_ws/install/ros_g29_force_feedback/lib/python3.8/site-packages/ros_g29_force_feedback/ros_g29_force_feedback_s__rosidl_typesupport_introspection_c.cpython-38-x86_64-linux-gnu.so" to ""
[5.785s] -- Installing: /home/kcg/newSample/Autonomous_kcg/AlonBarak-Joy-workspaces/ros2_ws/install/ros_g29_force_feedback/lib/python3.8/site-packages/ros_g29_force_feedback/ros_g29_force_feedback_s__rosidl_typesupport_c.cpython-38-x86_64-linux-gnu.so
[5.786s] -- Set runtime path of "/home/kcg/newSample/Autonomous_kcg/AlonBarak-Joy-workspaces/ros2_ws/install/ros_g29_force_feedback/lib/python3.8/site-packages/ros_g29_force_feedback/ros_g29_force_feedback_s__rosidl_typesupport_c.cpython-38-x86_64-linux-gnu.so" to ""
[5.786s] -- Installing: /home/kcg/newSample/Autonomous_kcg/AlonBarak-Joy-workspaces/ros2_ws/install/ros_g29_force_feedback/lib/libros_g29_force_feedback__python.so
[5.786s] -- Set runtime path of "/home/kcg/newSample/Autonomous_kcg/AlonBarak-Joy-workspaces/ros2_ws/install/ros_g29_force_feedback/lib/libros_g29_force_feedback__python.so" to ""
[5.786s] -- Installing: /home/kcg/newSample/Autonomous_kcg/AlonBarak-Joy-workspaces/ros2_ws/install/ros_g29_force_feedback/share/ros_g29_force_feedback/msg/ForceFeedback.idl
[5.786s] -- Installing: /home/kcg/newSample/Autonomous_kcg/AlonBarak-Joy-workspaces/ros2_ws/install/ros_g29_force_feedback/share/ros_g29_force_feedback/msg/ForceFeedback.msg
[5.786s] -- Installing: /home/kcg/newSample/Autonomous_kcg/AlonBarak-Joy-workspaces/ros2_ws/install/ros_g29_force_feedback/lib/ros_g29_force_feedback/g29_force_feedback
[5.787s] -- Set runtime path of "/home/kcg/newSample/Autonomous_kcg/AlonBarak-Joy-workspaces/ros2_ws/install/ros_g29_force_feedback/lib/ros_g29_force_feedback/g29_force_feedback" to ""
[5.787s] -- Installing: /home/kcg/newSample/Autonomous_kcg/AlonBarak-Joy-workspaces/ros2_ws/install/ros_g29_force_feedback/share/ros_g29_force_feedback/config
[5.787s] -- Installing: /home/kcg/newSample/Autonomous_kcg/AlonBarak-Joy-workspaces/ros2_ws/install/ros_g29_force_feedback/share/ros_g29_force_feedback/config/g29.yaml
[5.787s] -- Installing: /home/kcg/newSample/Autonomous_kcg/AlonBarak-Joy-workspaces/ros2_ws/install/ros_g29_force_feedback/share/ros_g29_force_feedback/launch
[5.787s] -- Installing: /home/kcg/newSample/Autonomous_kcg/AlonBarak-Joy-workspaces/ros2_ws/install/ros_g29_force_feedback/share/ros_g29_force_feedback/launch/g29_feedback.launch.py
[5.787s] -- Installing: /home/kcg/newSample/Autonomous_kcg/AlonBarak-Joy-workspaces/ros2_ws/install/ros_g29_force_feedback/share/ros_g29_force_feedback/launch/msg
[5.787s] -- Installing: /home/kcg/newSample/Autonomous_kcg/AlonBarak-Joy-workspaces/ros2_ws/install/ros_g29_force_feedback/share/ros_g29_force_feedback/launch/msg/__init__.py
[5.787s] -- Installing: /home/kcg/newSample/Autonomous_kcg/AlonBarak-Joy-workspaces/ros2_ws/install/ros_g29_force_feedback/share/ros_g29_force_feedback/launch/msg/__pycache__
[5.788s] -- Installing: /home/kcg/newSample/Autonomous_kcg/AlonBarak-Joy-workspaces/ros2_ws/install/ros_g29_force_feedback/share/ros_g29_force_feedback/launch/msg/__pycache__/_ForceFeedback.cpython-38.pyc
[5.788s] -- Installing: /home/kcg/newSample/Autonomous_kcg/AlonBarak-Joy-workspaces/ros2_ws/install/ros_g29_force_feedback/share/ros_g29_force_feedback/launch/msg/__pycache__/__init__.cpython-38.pyc
[5.788s] -- Installing: /home/kcg/newSample/Autonomous_kcg/AlonBarak-Joy-workspaces/ros2_ws/install/ros_g29_force_feedback/share/ros_g29_force_feedback/launch/msg/_ForceFeedback.py
[5.788s] -- Installing: /home/kcg/newSample/Autonomous_kcg/AlonBarak-Joy-workspaces/ros2_ws/install/ros_g29_force_feedback/share/ament_index/resource_index/package_run_dependencies/ros_g29_force_feedback
[5.788s] -- Installing: /home/kcg/newSample/Autonomous_kcg/AlonBarak-Joy-workspaces/ros2_ws/install/ros_g29_force_feedback/share/ament_index/resource_index/parent_prefix_path/ros_g29_force_feedback
[5.788s] -- Installing: /home/kcg/newSample/Autonomous_kcg/AlonBarak-Joy-workspaces/ros2_ws/install/ros_g29_force_feedback/share/ros_g29_force_feedback/environment/ament_prefix_path.sh
[5.788s] -- Installing: /home/kcg/newSample/Autonomous_kcg/AlonBarak-Joy-workspaces/ros2_ws/install/ros_g29_force_feedback/share/ros_g29_force_feedback/environment/ament_prefix_path.dsv
[5.788s] -- Installing: /home/kcg/newSample/Autonomous_kcg/AlonBarak-Joy-workspaces/ros2_ws/install/ros_g29_force_feedback/share/ros_g29_force_feedback/environment/path.sh
[5.788s] -- Installing: /home/kcg/newSample/Autonomous_kcg/AlonBarak-Joy-workspaces/ros2_ws/install/ros_g29_force_feedback/share/ros_g29_force_feedback/environment/path.dsv
[5.788s] -- Installing: /home/kcg/newSample/Autonomous_kcg/AlonBarak-Joy-workspaces/ros2_ws/install/ros_g29_force_feedback/share/ros_g29_force_feedback/local_setup.bash
[5.788s] -- Installing: /home/kcg/newSample/Autonomous_kcg/AlonBarak-Joy-workspaces/ros2_ws/install/ros_g29_force_feedback/share/ros_g29_force_feedback/local_setup.sh
[5.788s] -- Installing: /home/kcg/newSample/Autonomous_kcg/AlonBarak-Joy-workspaces/ros2_ws/install/ros_g29_force_feedback/share/ros_g29_force_feedback/local_setup.zsh
[5.788s] -- Installing: /home/kcg/newSample/Autonomous_kcg/AlonBarak-Joy-workspaces/ros2_ws/install/ros_g29_force_feedback/share/ros_g29_force_feedback/local_setup.dsv
[5.788s] -- Installing: /home/kcg/newSample/Autonomous_kcg/AlonBarak-Joy-workspaces/ros2_ws/install/ros_g29_force_feedback/share/ros_g29_force_feedback/package.dsv
[5.788s] -- Installing: /home/kcg/newSample/Autonomous_kcg/AlonBarak-Joy-workspaces/ros2_ws/install/ros_g29_force_feedback/share/ament_index/resource_index/packages/ros_g29_force_feedback
[5.789s] -- Installing: /home/kcg/newSample/Autonomous_kcg/AlonBarak-Joy-workspaces/ros2_ws/install/ros_g29_force_feedback/share/ros_g29_force_feedback/cmake/ros_g29_force_feedback__rosidl_generator_cExport.cmake
[5.789s] -- Installing: /home/kcg/newSample/Autonomous_kcg/AlonBarak-Joy-workspaces/ros2_ws/install/ros_g29_force_feedback/share/ros_g29_force_feedback/cmake/ros_g29_force_feedback__rosidl_generator_cExport-noconfig.cmake
[5.789s] -- Installing: /home/kcg/newSample/Autonomous_kcg/AlonBarak-Joy-workspaces/ros2_ws/install/ros_g29_force_feedback/share/ros_g29_force_feedback/cmake/ros_g29_force_feedback__rosidl_typesupport_introspection_cExport.cmake
[5.789s] -- Installing: /home/kcg/newSample/Autonomous_kcg/AlonBarak-Joy-workspaces/ros2_ws/install/ros_g29_force_feedback/share/ros_g29_force_feedback/cmake/ros_g29_force_feedback__rosidl_typesupport_introspection_cExport-noconfig.cmake
[5.789s] -- Installing: /home/kcg/newSample/Autonomous_kcg/AlonBarak-Joy-workspaces/ros2_ws/install/ros_g29_force_feedback/share/ros_g29_force_feedback/cmake/ros_g29_force_feedback__rosidl_typesupport_cExport.cmake
[5.789s] -- Installing: /home/kcg/newSample/Autonomous_kcg/AlonBarak-Joy-workspaces/ros2_ws/install/ros_g29_force_feedback/share/ros_g29_force_feedback/cmake/ros_g29_force_feedback__rosidl_typesupport_cExport-noconfig.cmake
[5.789s] -- Installing: /home/kcg/newSample/Autonomous_kcg/AlonBarak-Joy-workspaces/ros2_ws/install/ros_g29_force_feedback/share/ros_g29_force_feedback/cmake/ros_g29_force_feedback__rosidl_generator_cppExport.cmake
[5.789s] -- Installing: /home/kcg/newSample/Autonomous_kcg/AlonBarak-Joy-workspaces/ros2_ws/install/ros_g29_force_feedback/share/ros_g29_force_feedback/cmake/ros_g29_force_feedback__rosidl_typesupport_introspection_cppExport.cmake
[5.790s] -- Installing: /home/kcg/newSample/Autonomous_kcg/AlonBarak-Joy-workspaces/ros2_ws/install/ros_g29_force_feedback/share/ros_g29_force_feedback/cmake/ros_g29_force_feedback__rosidl_typesupport_introspection_cppExport-noconfig.cmake
[5.790s] -- Installing: /home/kcg/newSample/Autonomous_kcg/AlonBarak-Joy-workspaces/ros2_ws/install/ros_g29_force_feedback/share/ros_g29_force_feedback/cmake/ros_g29_force_feedback__rosidl_typesupport_cppExport.cmake
[5.790s] -- Installing: /home/kcg/newSample/Autonomous_kcg/AlonBarak-Joy-workspaces/ros2_ws/install/ros_g29_force_feedback/share/ros_g29_force_feedback/cmake/ros_g29_force_feedback__rosidl_typesupport_cppExport-noconfig.cmake
[5.790s] -- Installing: /home/kcg/newSample/Autonomous_kcg/AlonBarak-Joy-workspaces/ros2_ws/install/ros_g29_force_feedback/share/ros_g29_force_feedback/cmake/rosidl_cmake-extras.cmake
[5.790s] -- Installing: /home/kcg/newSample/Autonomous_kcg/AlonBarak-Joy-workspaces/ros2_ws/install/ros_g29_force_feedback/share/ros_g29_force_feedback/cmake/ament_cmake_export_dependencies-extras.cmake
[5.790s] -- Installing: /home/kcg/newSample/Autonomous_kcg/AlonBarak-Joy-workspaces/ros2_ws/install/ros_g29_force_feedback/share/ros_g29_force_feedback/cmake/ament_cmake_export_libraries-extras.cmake
[5.790s] -- Installing: /home/kcg/newSample/Autonomous_kcg/AlonBarak-Joy-workspaces/ros2_ws/install/ros_g29_force_feedback/share/ros_g29_force_feedback/cmake/ament_cmake_export_targets-extras.cmake
[5.790s] -- Installing: /home/kcg/newSample/Autonomous_kcg/AlonBarak-Joy-workspaces/ros2_ws/install/ros_g29_force_feedback/share/ros_g29_force_feedback/cmake/ament_cmake_export_include_directories-extras.cmake
[5.790s] -- Installing: /home/kcg/newSample/Autonomous_kcg/AlonBarak-Joy-workspaces/ros2_ws/install/ros_g29_force_feedback/share/ros_g29_force_feedback/cmake/rosidl_cmake_export_typesupport_libraries-extras.cmake
[5.790s] -- Installing: /home/kcg/newSample/Autonomous_kcg/AlonBarak-Joy-workspaces/ros2_ws/install/ros_g29_force_feedback/share/ros_g29_force_feedback/cmake/rosidl_cmake_export_typesupport_targets-extras.cmake
[5.790s] -- Installing: /home/kcg/newSample/Autonomous_kcg/AlonBarak-Joy-workspaces/ros2_ws/install/ros_g29_force_feedback/share/ros_g29_force_feedback/cmake/ros_g29_force_feedbackConfig.cmake
[5.790s] -- Installing: /home/kcg/newSample/Autonomous_kcg/AlonBarak-Joy-workspaces/ros2_ws/install/ros_g29_force_feedback/share/ros_g29_force_feedback/cmake/ros_g29_force_feedbackConfig-version.cmake
[5.790s] -- Installing: /home/kcg/newSample/Autonomous_kcg/AlonBarak-Joy-workspaces/ros2_ws/install/ros_g29_force_feedback/share/ros_g29_force_feedback/package.xml
[5.792s] Invoked command in '/home/kcg/newSample/Autonomous_kcg/AlonBarak-Joy-workspaces/ros2_ws/build/ros_g29_force_feedback' returned '0': CMAKE_PREFIX_PATH=/opt/ros/foxy /usr/bin/cmake --install /home/kcg/newSample/Autonomous_kcg/AlonBarak-Joy-workspaces/ros2_ws/build/ros_g29_force_feedback
