[0.071s] Invoking command in '/home/kcg/Autonomous_kcg/ROS2Sample/build/tracked_lane_msgs': CMAKE_PREFIX_PATH=${CMAKE_PREFIX_PATH}:/home/kcg/Autonomous_kcg/ROS2Sample/install/python_publisher:/opt/ros/foxy /usr/bin/cmake --build /home/kcg/Autonomous_kcg/ROS2Sample/build/tracked_lane_msgs -- -j8 -l8
[0.161s] [  1%] Built target tracked_lane_msgs__cpp
[0.171s] [ 12%] Built target tracked_lane_msgs__rosidl_generator_c
[0.274s] [ 23%] Built target tracked_lane_msgs__rosidl_typesupport_cpp
[0.279s] [ 34%] Built target tracked_lane_msgs__rosidl_typesupport_introspection_c
[0.297s] [ 45%] Built target tracked_lane_msgs__rosidl_typesupport_c
[0.306s] [ 56%] Built target tracked_lane_msgs__rosidl_typesupport_introspection_cpp
[0.332s] [ 67%] Built target tracked_lane_msgs__rosidl_typesupport_fastrtps_cpp
[0.404s] [ 78%] Built target tracked_lane_msgs__rosidl_typesupport_fastrtps_c
[0.440s] [ 78%] Built target tracked_lane_msgs
[0.473s] [ 80%] Built target tracked_lane_msgs__py
[0.522s] [ 89%] Built target tracked_lane_msgs__python
[0.594s] [ 92%] Built target tracked_lane_msgs__rosidl_typesupport_introspection_c__pyext
[0.610s] [ 96%] Built target tracked_lane_msgs__rosidl_typesupport_c__pyext
[0.627s] [100%] Built target tracked_lane_msgs__rosidl_typesupport_fastrtps_c__pyext
[0.663s] Invoked command in '/home/kcg/Autonomous_kcg/ROS2Sample/build/tracked_lane_msgs' returned '0': CMAKE_PREFIX_PATH=${CMAKE_PREFIX_PATH}:/home/kcg/Autonomous_kcg/ROS2Sample/install/python_publisher:/opt/ros/foxy /usr/bin/cmake --build /home/kcg/Autonomous_kcg/ROS2Sample/build/tracked_lane_msgs -- -j8 -l8
[0.847s] Invoking command in '/home/kcg/Autonomous_kcg/ROS2Sample/build/tracked_lane_msgs': CMAKE_PREFIX_PATH=${CMAKE_PREFIX_PATH}:/home/kcg/Autonomous_kcg/ROS2Sample/install/python_publisher:/opt/ros/foxy /usr/bin/cmake --install /home/kcg/Autonomous_kcg/ROS2Sample/build/tracked_lane_msgs
[0.889s] -- Install configuration: ""
[0.889s] -- Up-to-date: /home/kcg/Autonomous_kcg/ROS2Sample/install/tracked_lane_msgs/share/ament_index/resource_index/rosidl_interfaces/tracked_lane_msgs
[0.897s] -- Up-to-date: /home/kcg/Autonomous_kcg/ROS2Sample/install/tracked_lane_msgs/include/tracked_lane_msgs
[0.897s] -- Up-to-date: /home/kcg/Autonomous_kcg/ROS2Sample/install/tracked_lane_msgs/include/tracked_lane_msgs/msg
[0.898s] -- Up-to-date: /home/kcg/Autonomous_kcg/ROS2Sample/install/tracked_lane_msgs/include/tracked_lane_msgs/msg/point.h
[0.898s] -- Up-to-date: /home/kcg/Autonomous_kcg/ROS2Sample/install/tracked_lane_msgs/include/tracked_lane_msgs/msg/rosidl_generator_c__visibility_control.h
[0.898s] -- Up-to-date: /home/kcg/Autonomous_kcg/ROS2Sample/install/tracked_lane_msgs/include/tracked_lane_msgs/msg/lane.h
[0.898s] -- Up-to-date: /home/kcg/Autonomous_kcg/ROS2Sample/install/tracked_lane_msgs/include/tracked_lane_msgs/msg/lane_results.h
[0.899s] -- Up-to-date: /home/kcg/Autonomous_kcg/ROS2Sample/install/tracked_lane_msgs/include/tracked_lane_msgs/msg/detail
[0.899s] -- Up-to-date: /home/kcg/Autonomous_kcg/ROS2Sample/install/tracked_lane_msgs/include/tracked_lane_msgs/msg/detail/lane__functions.h
[0.899s] -- Up-to-date: /home/kcg/Autonomous_kcg/ROS2Sample/install/tracked_lane_msgs/include/tracked_lane_msgs/msg/detail/point__type_support.h
[0.904s] -- Up-to-date: /home/kcg/Autonomous_kcg/ROS2Sample/install/tracked_lane_msgs/include/tracked_lane_msgs/msg/detail/lane__functions.c
[0.905s] -- Up-to-date: /home/kcg/Autonomous_kcg/ROS2Sample/install/tracked_lane_msgs/include/tracked_lane_msgs/msg/detail/point__functions.h
[0.905s] -- Up-to-date: /home/kcg/Autonomous_kcg/ROS2Sample/install/tracked_lane_msgs/include/tracked_lane_msgs/msg/detail/lane_results__functions.c
[0.906s] -- Up-to-date: /home/kcg/Autonomous_kcg/ROS2Sample/install/tracked_lane_msgs/include/tracked_lane_msgs/msg/detail/boundary__type_support.h
[0.906s] -- Up-to-date: /home/kcg/Autonomous_kcg/ROS2Sample/install/tracked_lane_msgs/include/tracked_lane_msgs/msg/detail/lane_results__struct.h
[0.906s] -- Up-to-date: /home/kcg/Autonomous_kcg/ROS2Sample/install/tracked_lane_msgs/include/tracked_lane_msgs/msg/detail/boundary__struct.h
[0.906s] -- Up-to-date: /home/kcg/Autonomous_kcg/ROS2Sample/install/tracked_lane_msgs/include/tracked_lane_msgs/msg/detail/boundary__functions.h
[0.908s] -- Up-to-date: /home/kcg/Autonomous_kcg/ROS2Sample/install/tracked_lane_msgs/include/tracked_lane_msgs/msg/detail/lane_results__type_support.h
[0.908s] -- Up-to-date: /home/kcg/Autonomous_kcg/ROS2Sample/install/tracked_lane_msgs/include/tracked_lane_msgs/msg/detail/point__struct.h
[0.908s] -- Up-to-date: /home/kcg/Autonomous_kcg/ROS2Sample/install/tracked_lane_msgs/include/tracked_lane_msgs/msg/detail/lane_results__functions.h
[0.908s] -- Up-to-date: /home/kcg/Autonomous_kcg/ROS2Sample/install/tracked_lane_msgs/include/tracked_lane_msgs/msg/detail/point__functions.c
[0.909s] -- Up-to-date: /home/kcg/Autonomous_kcg/ROS2Sample/install/tracked_lane_msgs/include/tracked_lane_msgs/msg/detail/lane__type_support.h
[0.909s] -- Up-to-date: /home/kcg/Autonomous_kcg/ROS2Sample/install/tracked_lane_msgs/include/tracked_lane_msgs/msg/detail/lane__struct.h
[0.910s] -- Up-to-date: /home/kcg/Autonomous_kcg/ROS2Sample/install/tracked_lane_msgs/include/tracked_lane_msgs/msg/detail/boundary__functions.c
[0.910s] -- Up-to-date: /home/kcg/Autonomous_kcg/ROS2Sample/install/tracked_lane_msgs/include/tracked_lane_msgs/msg/boundary.h
[0.910s] -- Up-to-date: /home/kcg/Autonomous_kcg/ROS2Sample/install/tracked_lane_msgs/share/tracked_lane_msgs/environment/library_path.sh
[0.911s] -- Up-to-date: /home/kcg/Autonomous_kcg/ROS2Sample/install/tracked_lane_msgs/share/tracked_lane_msgs/environment/library_path.dsv
[0.911s] -- Up-to-date: /home/kcg/Autonomous_kcg/ROS2Sample/install/tracked_lane_msgs/lib/libtracked_lane_msgs__rosidl_generator_c.so
[0.911s] -- Up-to-date: /home/kcg/Autonomous_kcg/ROS2Sample/install/tracked_lane_msgs/include/tracked_lane_msgs
[0.911s] -- Up-to-date: /home/kcg/Autonomous_kcg/ROS2Sample/install/tracked_lane_msgs/include/tracked_lane_msgs/msg
[0.912s] -- Up-to-date: /home/kcg/Autonomous_kcg/ROS2Sample/install/tracked_lane_msgs/include/tracked_lane_msgs/msg/rosidl_typesupport_fastrtps_c__visibility_control.h
[0.912s] -- Up-to-date: /home/kcg/Autonomous_kcg/ROS2Sample/install/tracked_lane_msgs/include/tracked_lane_msgs/msg/detail
[0.914s] -- Up-to-date: /home/kcg/Autonomous_kcg/ROS2Sample/install/tracked_lane_msgs/include/tracked_lane_msgs/msg/detail/lane_results__rosidl_typesupport_fastrtps_c.h
[0.915s] -- Up-to-date: /home/kcg/Autonomous_kcg/ROS2Sample/install/tracked_lane_msgs/include/tracked_lane_msgs/msg/detail/point__rosidl_typesupport_fastrtps_c.h
[0.915s] -- Up-to-date: /home/kcg/Autonomous_kcg/ROS2Sample/install/tracked_lane_msgs/include/tracked_lane_msgs/msg/detail/boundary__rosidl_typesupport_fastrtps_c.h
[0.916s] -- Up-to-date: /home/kcg/Autonomous_kcg/ROS2Sample/install/tracked_lane_msgs/include/tracked_lane_msgs/msg/detail/lane__rosidl_typesupport_fastrtps_c.h
[0.917s] -- Up-to-date: /home/kcg/Autonomous_kcg/ROS2Sample/install/tracked_lane_msgs/lib/libtracked_lane_msgs__rosidl_typesupport_fastrtps_c.so
[0.922s] -- Up-to-date: /home/kcg/Autonomous_kcg/ROS2Sample/install/tracked_lane_msgs/include/tracked_lane_msgs
[0.923s] -- Up-to-date: /home/kcg/Autonomous_kcg/ROS2Sample/install/tracked_lane_msgs/include/tracked_lane_msgs/msg
[0.923s] -- Up-to-date: /home/kcg/Autonomous_kcg/ROS2Sample/install/tracked_lane_msgs/include/tracked_lane_msgs/msg/detail
[0.923s] -- Up-to-date: /home/kcg/Autonomous_kcg/ROS2Sample/install/tracked_lane_msgs/include/tracked_lane_msgs/msg/detail/dds_fastrtps
[0.923s] -- Up-to-date: /home/kcg/Autonomous_kcg/ROS2Sample/install/tracked_lane_msgs/include/tracked_lane_msgs/msg/detail/point__rosidl_typesupport_fastrtps_cpp.hpp
[0.924s] -- Up-to-date: /home/kcg/Autonomous_kcg/ROS2Sample/install/tracked_lane_msgs/include/tracked_lane_msgs/msg/detail/lane__rosidl_typesupport_fastrtps_cpp.hpp
[0.924s] -- Up-to-date: /home/kcg/Autonomous_kcg/ROS2Sample/install/tracked_lane_msgs/include/tracked_lane_msgs/msg/detail/boundary__rosidl_typesupport_fastrtps_cpp.hpp
[0.924s] -- Up-to-date: /home/kcg/Autonomous_kcg/ROS2Sample/install/tracked_lane_msgs/include/tracked_lane_msgs/msg/detail/lane_results__rosidl_typesupport_fastrtps_cpp.hpp
[0.924s] -- Up-to-date: /home/kcg/Autonomous_kcg/ROS2Sample/install/tracked_lane_msgs/include/tracked_lane_msgs/msg/rosidl_typesupport_fastrtps_cpp__visibility_control.h
[0.924s] -- Up-to-date: /home/kcg/Autonomous_kcg/ROS2Sample/install/tracked_lane_msgs/lib/libtracked_lane_msgs__rosidl_typesupport_fastrtps_cpp.so
[0.925s] -- Up-to-date: /home/kcg/Autonomous_kcg/ROS2Sample/install/tracked_lane_msgs/include/tracked_lane_msgs
[0.925s] -- Up-to-date: /home/kcg/Autonomous_kcg/ROS2Sample/install/tracked_lane_msgs/include/tracked_lane_msgs/msg
[0.925s] -- Up-to-date: /home/kcg/Autonomous_kcg/ROS2Sample/install/tracked_lane_msgs/include/tracked_lane_msgs/msg/rosidl_typesupport_introspection_c__visibility_control.h
[0.926s] -- Up-to-date: /home/kcg/Autonomous_kcg/ROS2Sample/install/tracked_lane_msgs/include/tracked_lane_msgs/msg/detail
[0.926s] -- Up-to-date: /home/kcg/Autonomous_kcg/ROS2Sample/install/tracked_lane_msgs/include/tracked_lane_msgs/msg/detail/point__type_support.c
[0.926s] -- Up-to-date: /home/kcg/Autonomous_kcg/ROS2Sample/install/tracked_lane_msgs/include/tracked_lane_msgs/msg/detail/lane__rosidl_typesupport_introspection_c.h
[0.926s] -- Up-to-date: /home/kcg/Autonomous_kcg/ROS2Sample/install/tracked_lane_msgs/include/tracked_lane_msgs/msg/detail/boundary__rosidl_typesupport_introspection_c.h
[0.927s] -- Up-to-date: /home/kcg/Autonomous_kcg/ROS2Sample/install/tracked_lane_msgs/include/tracked_lane_msgs/msg/detail/lane__type_support.c
[0.927s] -- Up-to-date: /home/kcg/Autonomous_kcg/ROS2Sample/install/tracked_lane_msgs/include/tracked_lane_msgs/msg/detail/point__rosidl_typesupport_introspection_c.h
[0.927s] -- Up-to-date: /home/kcg/Autonomous_kcg/ROS2Sample/install/tracked_lane_msgs/include/tracked_lane_msgs/msg/detail/lane_results__rosidl_typesupport_introspection_c.h
[0.927s] -- Up-to-date: /home/kcg/Autonomous_kcg/ROS2Sample/install/tracked_lane_msgs/include/tracked_lane_msgs/msg/detail/lane_results__type_support.c
[0.927s] -- Up-to-date: /home/kcg/Autonomous_kcg/ROS2Sample/install/tracked_lane_msgs/include/tracked_lane_msgs/msg/detail/boundary__type_support.c
[0.928s] -- Up-to-date: /home/kcg/Autonomous_kcg/ROS2Sample/install/tracked_lane_msgs/lib/libtracked_lane_msgs__rosidl_typesupport_introspection_c.so
[0.928s] -- Up-to-date: /home/kcg/Autonomous_kcg/ROS2Sample/install/tracked_lane_msgs/lib/libtracked_lane_msgs__rosidl_typesupport_c.so
[0.928s] -- Up-to-date: /home/kcg/Autonomous_kcg/ROS2Sample/install/tracked_lane_msgs/include/tracked_lane_msgs
[0.928s] -- Up-to-date: /home/kcg/Autonomous_kcg/ROS2Sample/install/tracked_lane_msgs/include/tracked_lane_msgs/msg
[0.929s] -- Up-to-date: /home/kcg/Autonomous_kcg/ROS2Sample/install/tracked_lane_msgs/include/tracked_lane_msgs/msg/lane_results.hpp
[0.929s] -- Up-to-date: /home/kcg/Autonomous_kcg/ROS2Sample/install/tracked_lane_msgs/include/tracked_lane_msgs/msg/lane.hpp
[0.929s] -- Up-to-date: /home/kcg/Autonomous_kcg/ROS2Sample/install/tracked_lane_msgs/include/tracked_lane_msgs/msg/point.hpp
[0.929s] -- Up-to-date: /home/kcg/Autonomous_kcg/ROS2Sample/install/tracked_lane_msgs/include/tracked_lane_msgs/msg/boundary.hpp
[0.929s] -- Up-to-date: /home/kcg/Autonomous_kcg/ROS2Sample/install/tracked_lane_msgs/include/tracked_lane_msgs/msg/detail
[0.930s] -- Up-to-date: /home/kcg/Autonomous_kcg/ROS2Sample/install/tracked_lane_msgs/include/tracked_lane_msgs/msg/detail/point__builder.hpp
[0.930s] -- Up-to-date: /home/kcg/Autonomous_kcg/ROS2Sample/install/tracked_lane_msgs/include/tracked_lane_msgs/msg/detail/boundary__traits.hpp
[0.930s] -- Up-to-date: /home/kcg/Autonomous_kcg/ROS2Sample/install/tracked_lane_msgs/include/tracked_lane_msgs/msg/detail/lane__builder.hpp
[0.930s] -- Up-to-date: /home/kcg/Autonomous_kcg/ROS2Sample/install/tracked_lane_msgs/include/tracked_lane_msgs/msg/detail/boundary__struct.hpp
[0.930s] -- Up-to-date: /home/kcg/Autonomous_kcg/ROS2Sample/install/tracked_lane_msgs/include/tracked_lane_msgs/msg/detail/lane_results__struct.hpp
[0.931s] -- Up-to-date: /home/kcg/Autonomous_kcg/ROS2Sample/install/tracked_lane_msgs/include/tracked_lane_msgs/msg/detail/boundary__builder.hpp
[0.931s] -- Up-to-date: /home/kcg/Autonomous_kcg/ROS2Sample/install/tracked_lane_msgs/include/tracked_lane_msgs/msg/detail/lane_results__traits.hpp
[0.934s] -- Up-to-date: /home/kcg/Autonomous_kcg/ROS2Sample/install/tracked_lane_msgs/include/tracked_lane_msgs/msg/detail/point__struct.hpp
[0.934s] -- Up-to-date: /home/kcg/Autonomous_kcg/ROS2Sample/install/tracked_lane_msgs/include/tracked_lane_msgs/msg/detail/lane_results__builder.hpp
[0.935s] -- Up-to-date: /home/kcg/Autonomous_kcg/ROS2Sample/install/tracked_lane_msgs/include/tracked_lane_msgs/msg/detail/lane__traits.hpp
[0.935s] -- Up-to-date: /home/kcg/Autonomous_kcg/ROS2Sample/install/tracked_lane_msgs/include/tracked_lane_msgs/msg/detail/lane__struct.hpp
[0.935s] -- Up-to-date: /home/kcg/Autonomous_kcg/ROS2Sample/install/tracked_lane_msgs/include/tracked_lane_msgs/msg/detail/point__traits.hpp
[0.936s] -- Up-to-date: /home/kcg/Autonomous_kcg/ROS2Sample/install/tracked_lane_msgs/include/tracked_lane_msgs
[0.936s] -- Up-to-date: /home/kcg/Autonomous_kcg/ROS2Sample/install/tracked_lane_msgs/include/tracked_lane_msgs/msg
[0.936s] -- Up-to-date: /home/kcg/Autonomous_kcg/ROS2Sample/install/tracked_lane_msgs/include/tracked_lane_msgs/msg/detail
[0.936s] -- Up-to-date: /home/kcg/Autonomous_kcg/ROS2Sample/install/tracked_lane_msgs/include/tracked_lane_msgs/msg/detail/lane_results__type_support.cpp
[0.937s] -- Up-to-date: /home/kcg/Autonomous_kcg/ROS2Sample/install/tracked_lane_msgs/include/tracked_lane_msgs/msg/detail/point__type_support.cpp
[0.937s] -- Up-to-date: /home/kcg/Autonomous_kcg/ROS2Sample/install/tracked_lane_msgs/include/tracked_lane_msgs/msg/detail/point__rosidl_typesupport_introspection_cpp.hpp
[0.937s] -- Up-to-date: /home/kcg/Autonomous_kcg/ROS2Sample/install/tracked_lane_msgs/include/tracked_lane_msgs/msg/detail/lane_results__rosidl_typesupport_introspection_cpp.hpp
[0.938s] -- Up-to-date: /home/kcg/Autonomous_kcg/ROS2Sample/install/tracked_lane_msgs/include/tracked_lane_msgs/msg/detail/boundary__rosidl_typesupport_introspection_cpp.hpp
[0.938s] -- Up-to-date: /home/kcg/Autonomous_kcg/ROS2Sample/install/tracked_lane_msgs/include/tracked_lane_msgs/msg/detail/boundary__type_support.cpp
[0.941s] -- Up-to-date: /home/kcg/Autonomous_kcg/ROS2Sample/install/tracked_lane_msgs/include/tracked_lane_msgs/msg/detail/lane__type_support.cpp
[0.941s] -- Up-to-date: /home/kcg/Autonomous_kcg/ROS2Sample/install/tracked_lane_msgs/include/tracked_lane_msgs/msg/detail/lane__rosidl_typesupport_introspection_cpp.hpp
[0.941s] -- Up-to-date: /home/kcg/Autonomous_kcg/ROS2Sample/install/tracked_lane_msgs/lib/libtracked_lane_msgs__rosidl_typesupport_introspection_cpp.so
[0.941s] -- Up-to-date: /home/kcg/Autonomous_kcg/ROS2Sample/install/tracked_lane_msgs/lib/libtracked_lane_msgs__rosidl_typesupport_cpp.so
[0.942s] -- Up-to-date: /home/kcg/Autonomous_kcg/ROS2Sample/install/tracked_lane_msgs/share/tracked_lane_msgs/environment/pythonpath.sh
[0.942s] -- Up-to-date: /home/kcg/Autonomous_kcg/ROS2Sample/install/tracked_lane_msgs/share/tracked_lane_msgs/environment/pythonpath.dsv
[0.942s] -- Up-to-date: /home/kcg/Autonomous_kcg/ROS2Sample/install/tracked_lane_msgs/lib/python3.8/site-packages/tracked_lane_msgs/__init__.py
[0.970s] -- Up-to-date: /home/kcg/Autonomous_kcg/ROS2Sample/install/tracked_lane_msgs/lib/python3.8/site-packages/tracked_lane_msgs/msg
[0.970s] -- Up-to-date: /home/kcg/Autonomous_kcg/ROS2Sample/install/tracked_lane_msgs/lib/python3.8/site-packages/tracked_lane_msgs/msg/_lane.py
[0.970s] -- Up-to-date: /home/kcg/Autonomous_kcg/ROS2Sample/install/tracked_lane_msgs/lib/python3.8/site-packages/tracked_lane_msgs/msg/_lane_s.c
[0.970s] -- Up-to-date: /home/kcg/Autonomous_kcg/ROS2Sample/install/tracked_lane_msgs/lib/python3.8/site-packages/tracked_lane_msgs/msg/_point_s.c
[0.971s] -- Up-to-date: /home/kcg/Autonomous_kcg/ROS2Sample/install/tracked_lane_msgs/lib/python3.8/site-packages/tracked_lane_msgs/msg/_point.py
[0.971s] -- Up-to-date: /home/kcg/Autonomous_kcg/ROS2Sample/install/tracked_lane_msgs/lib/python3.8/site-packages/tracked_lane_msgs/msg/_lane_results_s.c
[0.971s] -- Up-to-date: /home/kcg/Autonomous_kcg/ROS2Sample/install/tracked_lane_msgs/lib/python3.8/site-packages/tracked_lane_msgs/msg/_boundary.py
[0.971s] -- Up-to-date: /home/kcg/Autonomous_kcg/ROS2Sample/install/tracked_lane_msgs/lib/python3.8/site-packages/tracked_lane_msgs/msg/_lane_results.py
[0.971s] -- Up-to-date: /home/kcg/Autonomous_kcg/ROS2Sample/install/tracked_lane_msgs/lib/python3.8/site-packages/tracked_lane_msgs/msg/__init__.py
[0.971s] -- Up-to-date: /home/kcg/Autonomous_kcg/ROS2Sample/install/tracked_lane_msgs/lib/python3.8/site-packages/tracked_lane_msgs/msg/_boundary_s.c
[0.972s] -- Up-to-date: /home/kcg/Autonomous_kcg/ROS2Sample/install/tracked_lane_msgs/lib/python3.8/site-packages/tracked_lane_msgs/tracked_lane_msgs_s__rosidl_typesupport_fastrtps_c.cpython-38-x86_64-linux-gnu.so
[0.972s] -- Up-to-date: /home/kcg/Autonomous_kcg/ROS2Sample/install/tracked_lane_msgs/lib/python3.8/site-packages/tracked_lane_msgs/tracked_lane_msgs_s__rosidl_typesupport_introspection_c.cpython-38-x86_64-linux-gnu.so
[0.972s] -- Up-to-date: /home/kcg/Autonomous_kcg/ROS2Sample/install/tracked_lane_msgs/lib/python3.8/site-packages/tracked_lane_msgs/tracked_lane_msgs_s__rosidl_typesupport_c.cpython-38-x86_64-linux-gnu.so
[0.972s] -- Up-to-date: /home/kcg/Autonomous_kcg/ROS2Sample/install/tracked_lane_msgs/lib/libtracked_lane_msgs__python.so
[0.972s] -- Up-to-date: /home/kcg/Autonomous_kcg/ROS2Sample/install/tracked_lane_msgs/share/tracked_lane_msgs/msg/LaneResults.idl
[0.972s] -- Up-to-date: /home/kcg/Autonomous_kcg/ROS2Sample/install/tracked_lane_msgs/share/tracked_lane_msgs/msg/Lane.idl
[0.973s] -- Up-to-date: /home/kcg/Autonomous_kcg/ROS2Sample/install/tracked_lane_msgs/share/tracked_lane_msgs/msg/Boundary.idl
[0.973s] -- Up-to-date: /home/kcg/Autonomous_kcg/ROS2Sample/install/tracked_lane_msgs/share/tracked_lane_msgs/msg/Point.idl
[0.973s] -- Up-to-date: /home/kcg/Autonomous_kcg/ROS2Sample/install/tracked_lane_msgs/share/tracked_lane_msgs/msg/LaneResults.msg
[0.973s] -- Up-to-date: /home/kcg/Autonomous_kcg/ROS2Sample/install/tracked_lane_msgs/share/tracked_lane_msgs/msg/Lane.msg
[0.973s] -- Up-to-date: /home/kcg/Autonomous_kcg/ROS2Sample/install/tracked_lane_msgs/share/tracked_lane_msgs/msg/Boundary.msg
[0.973s] -- Up-to-date: /home/kcg/Autonomous_kcg/ROS2Sample/install/tracked_lane_msgs/share/tracked_lane_msgs/msg/Point.msg
[0.974s] -- Up-to-date: /home/kcg/Autonomous_kcg/ROS2Sample/install/tracked_lane_msgs/share/ament_index/resource_index/package_run_dependencies/tracked_lane_msgs
[0.976s] -- Up-to-date: /home/kcg/Autonomous_kcg/ROS2Sample/install/tracked_lane_msgs/share/ament_index/resource_index/parent_prefix_path/tracked_lane_msgs
[0.977s] -- Up-to-date: /home/kcg/Autonomous_kcg/ROS2Sample/install/tracked_lane_msgs/share/tracked_lane_msgs/environment/ament_prefix_path.sh
[0.977s] -- Up-to-date: /home/kcg/Autonomous_kcg/ROS2Sample/install/tracked_lane_msgs/share/tracked_lane_msgs/environment/ament_prefix_path.dsv
[0.977s] -- Up-to-date: /home/kcg/Autonomous_kcg/ROS2Sample/install/tracked_lane_msgs/share/tracked_lane_msgs/environment/path.sh
[0.978s] -- Up-to-date: /home/kcg/Autonomous_kcg/ROS2Sample/install/tracked_lane_msgs/share/tracked_lane_msgs/environment/path.dsv
[0.978s] -- Up-to-date: /home/kcg/Autonomous_kcg/ROS2Sample/install/tracked_lane_msgs/share/tracked_lane_msgs/local_setup.bash
[0.978s] -- Up-to-date: /home/kcg/Autonomous_kcg/ROS2Sample/install/tracked_lane_msgs/share/tracked_lane_msgs/local_setup.sh
[0.978s] -- Up-to-date: /home/kcg/Autonomous_kcg/ROS2Sample/install/tracked_lane_msgs/share/tracked_lane_msgs/local_setup.zsh
[0.979s] -- Up-to-date: /home/kcg/Autonomous_kcg/ROS2Sample/install/tracked_lane_msgs/share/tracked_lane_msgs/local_setup.dsv
[0.979s] -- Installing: /home/kcg/Autonomous_kcg/ROS2Sample/install/tracked_lane_msgs/share/tracked_lane_msgs/package.dsv
[0.979s] -- Up-to-date: /home/kcg/Autonomous_kcg/ROS2Sample/install/tracked_lane_msgs/share/ament_index/resource_index/packages/tracked_lane_msgs
[0.980s] -- Up-to-date: /home/kcg/Autonomous_kcg/ROS2Sample/install/tracked_lane_msgs/share/tracked_lane_msgs/cmake/tracked_lane_msgs__rosidl_generator_cExport.cmake
[0.980s] -- Up-to-date: /home/kcg/Autonomous_kcg/ROS2Sample/install/tracked_lane_msgs/share/tracked_lane_msgs/cmake/tracked_lane_msgs__rosidl_generator_cExport-noconfig.cmake
[0.980s] -- Up-to-date: /home/kcg/Autonomous_kcg/ROS2Sample/install/tracked_lane_msgs/share/tracked_lane_msgs/cmake/tracked_lane_msgs__rosidl_typesupport_introspection_cExport.cmake
[0.981s] -- Up-to-date: /home/kcg/Autonomous_kcg/ROS2Sample/install/tracked_lane_msgs/share/tracked_lane_msgs/cmake/tracked_lane_msgs__rosidl_typesupport_introspection_cExport-noconfig.cmake
[0.984s] -- Up-to-date: /home/kcg/Autonomous_kcg/ROS2Sample/install/tracked_lane_msgs/share/tracked_lane_msgs/cmake/tracked_lane_msgs__rosidl_typesupport_cExport.cmake
[0.984s] -- Up-to-date: /home/kcg/Autonomous_kcg/ROS2Sample/install/tracked_lane_msgs/share/tracked_lane_msgs/cmake/tracked_lane_msgs__rosidl_typesupport_cExport-noconfig.cmake
[0.985s] -- Up-to-date: /home/kcg/Autonomous_kcg/ROS2Sample/install/tracked_lane_msgs/share/tracked_lane_msgs/cmake/tracked_lane_msgs__rosidl_generator_cppExport.cmake
[0.985s] -- Up-to-date: /home/kcg/Autonomous_kcg/ROS2Sample/install/tracked_lane_msgs/share/tracked_lane_msgs/cmake/tracked_lane_msgs__rosidl_typesupport_introspection_cppExport.cmake
[0.986s] -- Up-to-date: /home/kcg/Autonomous_kcg/ROS2Sample/install/tracked_lane_msgs/share/tracked_lane_msgs/cmake/tracked_lane_msgs__rosidl_typesupport_introspection_cppExport-noconfig.cmake
[0.986s] -- Up-to-date: /home/kcg/Autonomous_kcg/ROS2Sample/install/tracked_lane_msgs/share/tracked_lane_msgs/cmake/tracked_lane_msgs__rosidl_typesupport_cppExport.cmake
[0.986s] -- Up-to-date: /home/kcg/Autonomous_kcg/ROS2Sample/install/tracked_lane_msgs/share/tracked_lane_msgs/cmake/tracked_lane_msgs__rosidl_typesupport_cppExport-noconfig.cmake
[0.986s] -- Up-to-date: /home/kcg/Autonomous_kcg/ROS2Sample/install/tracked_lane_msgs/share/tracked_lane_msgs/cmake/rosidl_cmake-extras.cmake
[0.987s] -- Up-to-date: /home/kcg/Autonomous_kcg/ROS2Sample/install/tracked_lane_msgs/share/tracked_lane_msgs/cmake/ament_cmake_export_dependencies-extras.cmake
[0.987s] -- Up-to-date: /home/kcg/Autonomous_kcg/ROS2Sample/install/tracked_lane_msgs/share/tracked_lane_msgs/cmake/ament_cmake_export_libraries-extras.cmake
[0.987s] -- Up-to-date: /home/kcg/Autonomous_kcg/ROS2Sample/install/tracked_lane_msgs/share/tracked_lane_msgs/cmake/ament_cmake_export_targets-extras.cmake
[0.988s] -- Up-to-date: /home/kcg/Autonomous_kcg/ROS2Sample/install/tracked_lane_msgs/share/tracked_lane_msgs/cmake/ament_cmake_export_include_directories-extras.cmake
[0.988s] -- Up-to-date: /home/kcg/Autonomous_kcg/ROS2Sample/install/tracked_lane_msgs/share/tracked_lane_msgs/cmake/rosidl_cmake_export_typesupport_libraries-extras.cmake
[0.991s] -- Up-to-date: /home/kcg/Autonomous_kcg/ROS2Sample/install/tracked_lane_msgs/share/tracked_lane_msgs/cmake/rosidl_cmake_export_typesupport_targets-extras.cmake
[0.991s] -- Up-to-date: /home/kcg/Autonomous_kcg/ROS2Sample/install/tracked_lane_msgs/share/tracked_lane_msgs/cmake/tracked_lane_msgsConfig.cmake
[0.992s] -- Up-to-date: /home/kcg/Autonomous_kcg/ROS2Sample/install/tracked_lane_msgs/share/tracked_lane_msgs/cmake/tracked_lane_msgsConfig-version.cmake
[0.992s] -- Up-to-date: /home/kcg/Autonomous_kcg/ROS2Sample/install/tracked_lane_msgs/share/tracked_lane_msgs/package.xml
[1.007s] Invoked command in '/home/kcg/Autonomous_kcg/ROS2Sample/build/tracked_lane_msgs' returned '0': CMAKE_PREFIX_PATH=${CMAKE_PREFIX_PATH}:/home/kcg/Autonomous_kcg/ROS2Sample/install/python_publisher:/opt/ros/foxy /usr/bin/cmake --install /home/kcg/Autonomous_kcg/ROS2Sample/build/tracked_lane_msgs
