running egg_info
writing ../../build/python_publisher/python_publisher.egg-info/PKG-INFO
writing dependency_links to ../../build/python_publisher/python_publisher.egg-info/dependency_links.txt
writing entry points to ../../build/python_publisher/python_publisher.egg-info/entry_points.txt
writing requirements to ../../build/python_publisher/python_publisher.egg-info/requires.txt
writing top-level names to ../../build/python_publisher/python_publisher.egg-info/top_level.txt
reading manifest file '../../build/python_publisher/python_publisher.egg-info/SOURCES.txt'
writing manifest file '../../build/python_publisher/python_publisher.egg-info/SOURCES.txt'
running build
running build_py
copying python_publisher/adaptive_cruise_control.py -> /home/kcg/copy/ROS2Sample/build/python_publisher/build/lib/python_publisher
creating /home/kcg/copy/ROS2Sample/build/python_publisher/build/lib/python_publisher/submodules
copying python_publisher/submodules/__init__.py -> /home/kcg/copy/ROS2Sample/build/python_publisher/build/lib/python_publisher/submodules
copying python_publisher/submodules/Pure_Pursuit.py -> /home/kcg/copy/ROS2Sample/build/python_publisher/build/lib/python_publisher/submodules
running install
running install_lib
copying /home/kcg/copy/ROS2Sample/build/python_publisher/build/lib/python_publisher/adaptive_cruise_control.py -> /home/kcg/copy/ROS2Sample/install/python_publisher/lib/python3.8/site-packages/python_publisher
creating /home/kcg/copy/ROS2Sample/install/python_publisher/lib/python3.8/site-packages/python_publisher/submodules
copying /home/kcg/copy/ROS2Sample/build/python_publisher/build/lib/python_publisher/submodules/__init__.py -> /home/kcg/copy/ROS2Sample/install/python_publisher/lib/python3.8/site-packages/python_publisher/submodules
copying /home/kcg/copy/ROS2Sample/build/python_publisher/build/lib/python_publisher/submodules/Pure_Pursuit.py -> /home/kcg/copy/ROS2Sample/install/python_publisher/lib/python3.8/site-packages/python_publisher/submodules
byte-compiling /home/kcg/copy/ROS2Sample/install/python_publisher/lib/python3.8/site-packages/python_publisher/adaptive_cruise_control.py to adaptive_cruise_control.cpython-38.pyc
byte-compiling /home/kcg/copy/ROS2Sample/install/python_publisher/lib/python3.8/site-packages/python_publisher/submodules/__init__.py to __init__.cpython-38.pyc
byte-compiling /home/kcg/copy/ROS2Sample/install/python_publisher/lib/python3.8/site-packages/python_publisher/submodules/Pure_Pursuit.py to Pure_Pursuit.cpython-38.pyc
running install_data
running install_egg_info
removing '/home/kcg/copy/ROS2Sample/install/python_publisher/lib/python3.8/site-packages/python_publisher-0.0.0-py3.8.egg-info' (and everything under it)
Copying ../../build/python_publisher/python_publisher.egg-info to /home/kcg/copy/ROS2Sample/install/python_publisher/lib/python3.8/site-packages/python_publisher-0.0.0-py3.8.egg-info
running install_scripts
Installing acc script to /home/kcg/copy/ROS2Sample/install/python_publisher/lib/python_publisher
Installing pid script to /home/kcg/copy/ROS2Sample/install/python_publisher/lib/python_publisher
Installing publisher script to /home/kcg/copy/ROS2Sample/install/python_publisher/lib/python_publisher
Installing rcc script to /home/kcg/copy/ROS2Sample/install/python_publisher/lib/python_publisher
writing list of installed files to '/home/kcg/copy/ROS2Sample/build/python_publisher/install.log'
