[8.302s] Invoking command in '/home/kcg/Autonomous_kcg/ROS2Sample/src/python_publisher': AMENT_PREFIX_PATH=/home/kcg/Autonomous_kcg/ROS2Sample/install/tracked_object_msgs:/home/kcg/Autonomous_kcg/ROS2Sample/install/tracked_lane_msgs:/home/kcg/Autonomous_kcg/ROS2Sample/install/cognata_sdk_ros2:${AMENT_PREFIX_PATH} CMAKE_PREFIX_PATH=/home/kcg/Autonomous_kcg/ROS2Sample/install/tracked_object_msgs:/home/kcg/Autonomous_kcg/ROS2Sample/install/tracked_lane_msgs:/home/kcg/Autonomous_kcg/ROS2Sample/install/cognata_sdk_ros2 LD_LIBRARY_PATH=/home/kcg/Autonomous_kcg/ROS2Sample/install/tracked_object_msgs/lib:/home/kcg/Autonomous_kcg/ROS2Sample/install/tracked_lane_msgs/lib:/home/kcg/Autonomous_kcg/ROS2Sample/install/cognata_sdk_ros2/lib:${LD_LIBRARY_PATH} PYTHONPATH=/home/kcg/Autonomous_kcg/ROS2Sample/install/python_publisher/lib/python3.8/site-packages:/home/kcg/Autonomous_kcg/ROS2Sample/install/tracked_object_msgs/lib/python3.8/site-packages:/home/kcg/Autonomous_kcg/ROS2Sample/install/tracked_lane_msgs/lib/python3.8/site-packages:/home/kcg/Autonomous_kcg/ROS2Sample/install/cognata_sdk_ros2/lib/python3.8/site-packages:${PYTHONPATH} /usr/bin/python3 setup.py egg_info --egg-base ../../build/python_publisher build --build-base /home/kcg/Autonomous_kcg/ROS2Sample/build/python_publisher/build install --prefix /home/kcg/Autonomous_kcg/ROS2Sample/install/python_publisher --record /home/kcg/Autonomous_kcg/ROS2Sample/build/python_publisher/install.log --single-version-externally-managed
[8.496s] running egg_info
[8.496s] creating ../../build/python_publisher/python_publisher.egg-info
[8.497s] writing ../../build/python_publisher/python_publisher.egg-info/PKG-INFO
[8.497s] writing dependency_links to ../../build/python_publisher/python_publisher.egg-info/dependency_links.txt
[8.497s] writing entry points to ../../build/python_publisher/python_publisher.egg-info/entry_points.txt
[8.497s] writing requirements to ../../build/python_publisher/python_publisher.egg-info/requires.txt
[8.497s] writing top-level names to ../../build/python_publisher/python_publisher.egg-info/top_level.txt
[8.530s] writing manifest file '../../build/python_publisher/python_publisher.egg-info/SOURCES.txt'
[8.560s] reading manifest file '../../build/python_publisher/python_publisher.egg-info/SOURCES.txt'
[8.560s] writing manifest file '../../build/python_publisher/python_publisher.egg-info/SOURCES.txt'
[8.560s] running build
[8.561s] running build_py
[8.561s] creating /home/kcg/Autonomous_kcg/ROS2Sample/build/python_publisher/build
[8.561s] creating /home/kcg/Autonomous_kcg/ROS2Sample/build/python_publisher/build/lib
[8.561s] creating /home/kcg/Autonomous_kcg/ROS2Sample/build/python_publisher/build/lib/python_publisher
[8.561s] copying python_publisher/controllerPID.py -> /home/kcg/Autonomous_kcg/ROS2Sample/build/python_publisher/build/lib/python_publisher
[8.561s] copying python_publisher/steertry.py -> /home/kcg/Autonomous_kcg/ROS2Sample/build/python_publisher/build/lib/python_publisher
[8.577s] copying python_publisher/controllerPID_test.py -> /home/kcg/Autonomous_kcg/ROS2Sample/build/python_publisher/build/lib/python_publisher
[8.582s] copying python_publisher/adaptive_cruise_control_vaya.py -> /home/kcg/Autonomous_kcg/ROS2Sample/build/python_publisher/build/lib/python_publisher
[8.609s] copying python_publisher/adaptive_cruise_control.py -> /home/kcg/Autonomous_kcg/ROS2Sample/build/python_publisher/build/lib/python_publisher
[8.620s] copying python_publisher/google_earth_viz.py -> /home/kcg/Autonomous_kcg/ROS2Sample/build/python_publisher/build/lib/python_publisher
[8.644s] copying python_publisher/__init__.py -> /home/kcg/Autonomous_kcg/ROS2Sample/build/python_publisher/build/lib/python_publisher
[8.645s] copying python_publisher/record_sub.py -> /home/kcg/Autonomous_kcg/ROS2Sample/build/python_publisher/build/lib/python_publisher
[8.646s] creating /home/kcg/Autonomous_kcg/ROS2Sample/build/python_publisher/build/lib/python_publisher/submodules
[8.647s] copying python_publisher/submodules/lane_reader.py -> /home/kcg/Autonomous_kcg/ROS2Sample/build/python_publisher/build/lib/python_publisher/submodules
[8.647s] copying python_publisher/submodules/Pure_Pursuit.py -> /home/kcg/Autonomous_kcg/ROS2Sample/build/python_publisher/build/lib/python_publisher/submodules
[8.665s] copying python_publisher/submodules/switch_cognata.py -> /home/kcg/Autonomous_kcg/ROS2Sample/build/python_publisher/build/lib/python_publisher/submodules
[8.666s] copying python_publisher/submodules/__init__.py -> /home/kcg/Autonomous_kcg/ROS2Sample/build/python_publisher/build/lib/python_publisher/submodules
[8.666s] copying python_publisher/submodules/switch_vaya.py -> /home/kcg/Autonomous_kcg/ROS2Sample/build/python_publisher/build/lib/python_publisher/submodules
[8.689s] running install
[8.692s] running install_lib
[8.696s] creating /home/kcg/Autonomous_kcg/ROS2Sample/install/python_publisher/lib/python3.8/site-packages/python_publisher
[8.697s] copying /home/kcg/Autonomous_kcg/ROS2Sample/build/python_publisher/build/lib/python_publisher/controllerPID.py -> /home/kcg/Autonomous_kcg/ROS2Sample/install/python_publisher/lib/python3.8/site-packages/python_publisher
[8.698s] creating /home/kcg/Autonomous_kcg/ROS2Sample/install/python_publisher/lib/python3.8/site-packages/python_publisher/submodules
[8.698s] copying /home/kcg/Autonomous_kcg/ROS2Sample/build/python_publisher/build/lib/python_publisher/submodules/lane_reader.py -> /home/kcg/Autonomous_kcg/ROS2Sample/install/python_publisher/lib/python3.8/site-packages/python_publisher/submodules
[8.699s] copying /home/kcg/Autonomous_kcg/ROS2Sample/build/python_publisher/build/lib/python_publisher/submodules/Pure_Pursuit.py -> /home/kcg/Autonomous_kcg/ROS2Sample/install/python_publisher/lib/python3.8/site-packages/python_publisher/submodules
[8.700s] copying /home/kcg/Autonomous_kcg/ROS2Sample/build/python_publisher/build/lib/python_publisher/submodules/switch_cognata.py -> /home/kcg/Autonomous_kcg/ROS2Sample/install/python_publisher/lib/python3.8/site-packages/python_publisher/submodules
[8.700s] copying /home/kcg/Autonomous_kcg/ROS2Sample/build/python_publisher/build/lib/python_publisher/submodules/__init__.py -> /home/kcg/Autonomous_kcg/ROS2Sample/install/python_publisher/lib/python3.8/site-packages/python_publisher/submodules
[8.700s] copying /home/kcg/Autonomous_kcg/ROS2Sample/build/python_publisher/build/lib/python_publisher/submodules/switch_vaya.py -> /home/kcg/Autonomous_kcg/ROS2Sample/install/python_publisher/lib/python3.8/site-packages/python_publisher/submodules
[8.701s] copying /home/kcg/Autonomous_kcg/ROS2Sample/build/python_publisher/build/lib/python_publisher/steertry.py -> /home/kcg/Autonomous_kcg/ROS2Sample/install/python_publisher/lib/python3.8/site-packages/python_publisher
[8.702s] copying /home/kcg/Autonomous_kcg/ROS2Sample/build/python_publisher/build/lib/python_publisher/controllerPID_test.py -> /home/kcg/Autonomous_kcg/ROS2Sample/install/python_publisher/lib/python3.8/site-packages/python_publisher
[8.702s] copying /home/kcg/Autonomous_kcg/ROS2Sample/build/python_publisher/build/lib/python_publisher/adaptive_cruise_control_vaya.py -> /home/kcg/Autonomous_kcg/ROS2Sample/install/python_publisher/lib/python3.8/site-packages/python_publisher
[8.703s] copying /home/kcg/Autonomous_kcg/ROS2Sample/build/python_publisher/build/lib/python_publisher/adaptive_cruise_control.py -> /home/kcg/Autonomous_kcg/ROS2Sample/install/python_publisher/lib/python3.8/site-packages/python_publisher
[8.703s] copying /home/kcg/Autonomous_kcg/ROS2Sample/build/python_publisher/build/lib/python_publisher/google_earth_viz.py -> /home/kcg/Autonomous_kcg/ROS2Sample/install/python_publisher/lib/python3.8/site-packages/python_publisher
[8.704s] copying /home/kcg/Autonomous_kcg/ROS2Sample/build/python_publisher/build/lib/python_publisher/__init__.py -> /home/kcg/Autonomous_kcg/ROS2Sample/install/python_publisher/lib/python3.8/site-packages/python_publisher
[8.704s] copying /home/kcg/Autonomous_kcg/ROS2Sample/build/python_publisher/build/lib/python_publisher/record_sub.py -> /home/kcg/Autonomous_kcg/ROS2Sample/install/python_publisher/lib/python3.8/site-packages/python_publisher
[8.707s] byte-compiling /home/kcg/Autonomous_kcg/ROS2Sample/install/python_publisher/lib/python3.8/site-packages/python_publisher/controllerPID.py to controllerPID.cpython-38.pyc
[8.713s] byte-compiling /home/kcg/Autonomous_kcg/ROS2Sample/install/python_publisher/lib/python3.8/site-packages/python_publisher/submodules/lane_reader.py to lane_reader.cpython-38.pyc
[8.716s] byte-compiling /home/kcg/Autonomous_kcg/ROS2Sample/install/python_publisher/lib/python3.8/site-packages/python_publisher/submodules/Pure_Pursuit.py to Pure_Pursuit.cpython-38.pyc
[8.719s] byte-compiling /home/kcg/Autonomous_kcg/ROS2Sample/install/python_publisher/lib/python3.8/site-packages/python_publisher/submodules/switch_cognata.py to switch_cognata.cpython-38.pyc
[8.722s] byte-compiling /home/kcg/Autonomous_kcg/ROS2Sample/install/python_publisher/lib/python3.8/site-packages/python_publisher/submodules/__init__.py to __init__.cpython-38.pyc
[8.722s] byte-compiling /home/kcg/Autonomous_kcg/ROS2Sample/install/python_publisher/lib/python3.8/site-packages/python_publisher/submodules/switch_vaya.py to switch_vaya.cpython-38.pyc
[8.725s] byte-compiling /home/kcg/Autonomous_kcg/ROS2Sample/install/python_publisher/lib/python3.8/site-packages/python_publisher/steertry.py to steertry.cpython-38.pyc
[8.726s] byte-compiling /home/kcg/Autonomous_kcg/ROS2Sample/install/python_publisher/lib/python3.8/site-packages/python_publisher/controllerPID_test.py to controllerPID_test.cpython-38.pyc
[8.727s] byte-compiling /home/kcg/Autonomous_kcg/ROS2Sample/install/python_publisher/lib/python3.8/site-packages/python_publisher/adaptive_cruise_control_vaya.py to adaptive_cruise_control_vaya.cpython-38.pyc
[8.732s] byte-compiling /home/kcg/Autonomous_kcg/ROS2Sample/install/python_publisher/lib/python3.8/site-packages/python_publisher/adaptive_cruise_control.py to adaptive_cruise_control.cpython-38.pyc
[8.735s] byte-compiling /home/kcg/Autonomous_kcg/ROS2Sample/install/python_publisher/lib/python3.8/site-packages/python_publisher/google_earth_viz.py to google_earth_viz.cpython-38.pyc
[8.736s] byte-compiling /home/kcg/Autonomous_kcg/ROS2Sample/install/python_publisher/lib/python3.8/site-packages/python_publisher/__init__.py to __init__.cpython-38.pyc
[8.736s] byte-compiling /home/kcg/Autonomous_kcg/ROS2Sample/install/python_publisher/lib/python3.8/site-packages/python_publisher/record_sub.py to record_sub.cpython-38.pyc
[8.737s] running install_data
[8.738s] creating /home/kcg/Autonomous_kcg/ROS2Sample/install/python_publisher/share/ament_index
[8.738s] creating /home/kcg/Autonomous_kcg/ROS2Sample/install/python_publisher/share/ament_index/resource_index
[8.738s] creating /home/kcg/Autonomous_kcg/ROS2Sample/install/python_publisher/share/ament_index/resource_index/packages
[8.770s] copying resource/python_publisher -> /home/kcg/Autonomous_kcg/ROS2Sample/install/python_publisher/share/ament_index/resource_index/packages
[8.770s] copying package.xml -> /home/kcg/Autonomous_kcg/ROS2Sample/install/python_publisher/share/python_publisher
[8.795s] running install_egg_info
[8.799s] Copying ../../build/python_publisher/python_publisher.egg-info to /home/kcg/Autonomous_kcg/ROS2Sample/install/python_publisher/lib/python3.8/site-packages/python_publisher-0.0.0-py3.8.egg-info
[8.801s] running install_scripts
[8.835s] Installing acc script to /home/kcg/Autonomous_kcg/ROS2Sample/install/python_publisher/lib/python_publisher
[8.835s] Installing acc_vaya script to /home/kcg/Autonomous_kcg/ROS2Sample/install/python_publisher/lib/python_publisher
[8.835s] Installing gev script to /home/kcg/Autonomous_kcg/ROS2Sample/install/python_publisher/lib/python_publisher
[8.835s] Installing pid script to /home/kcg/Autonomous_kcg/ROS2Sample/install/python_publisher/lib/python_publisher
[8.836s] Installing publisher script to /home/kcg/Autonomous_kcg/ROS2Sample/install/python_publisher/lib/python_publisher
[8.836s] Installing rcc script to /home/kcg/Autonomous_kcg/ROS2Sample/install/python_publisher/lib/python_publisher
[8.836s] writing list of installed files to '/home/kcg/Autonomous_kcg/ROS2Sample/build/python_publisher/install.log'
[8.857s] Invoked command in '/home/kcg/Autonomous_kcg/ROS2Sample/src/python_publisher' returned '0': AMENT_PREFIX_PATH=/home/kcg/Autonomous_kcg/ROS2Sample/install/tracked_object_msgs:/home/kcg/Autonomous_kcg/ROS2Sample/install/tracked_lane_msgs:/home/kcg/Autonomous_kcg/ROS2Sample/install/cognata_sdk_ros2:${AMENT_PREFIX_PATH} CMAKE_PREFIX_PATH=/home/kcg/Autonomous_kcg/ROS2Sample/install/tracked_object_msgs:/home/kcg/Autonomous_kcg/ROS2Sample/install/tracked_lane_msgs:/home/kcg/Autonomous_kcg/ROS2Sample/install/cognata_sdk_ros2 LD_LIBRARY_PATH=/home/kcg/Autonomous_kcg/ROS2Sample/install/tracked_object_msgs/lib:/home/kcg/Autonomous_kcg/ROS2Sample/install/tracked_lane_msgs/lib:/home/kcg/Autonomous_kcg/ROS2Sample/install/cognata_sdk_ros2/lib:${LD_LIBRARY_PATH} PYTHONPATH=/home/kcg/Autonomous_kcg/ROS2Sample/install/python_publisher/lib/python3.8/site-packages:/home/kcg/Autonomous_kcg/ROS2Sample/install/tracked_object_msgs/lib/python3.8/site-packages:/home/kcg/Autonomous_kcg/ROS2Sample/install/tracked_lane_msgs/lib/python3.8/site-packages:/home/kcg/Autonomous_kcg/ROS2Sample/install/cognata_sdk_ros2/lib/python3.8/site-packages:${PYTHONPATH} /usr/bin/python3 setup.py egg_info --egg-base ../../build/python_publisher build --build-base /home/kcg/Autonomous_kcg/ROS2Sample/build/python_publisher/build install --prefix /home/kcg/Autonomous_kcg/ROS2Sample/install/python_publisher --record /home/kcg/Autonomous_kcg/ROS2Sample/build/python_publisher/install.log --single-version-externally-managed
