-- The C compiler identification is GNU 9.4.0
-- The CXX compiler identification is GNU 9.4.0
-- Check for working C compiler: /usr/bin/cc
-- Check for working C compiler: /usr/bin/cc -- works
-- Detecting C compiler ABI info
-- Detecting C compiler ABI info - done
-- Detecting C compile features
-- Detecting C compile features - done
-- Check for working CXX compiler: /usr/bin/c++
-- Check for working CXX compiler: /usr/bin/c++ -- works
-- Detecting CXX compiler ABI info
-- Detecting CXX compiler ABI info - done
-- Detecting CXX compile features
-- Detecting CXX compile features - done
-- Found ament_cmake: 0.9.9 (/opt/ros/foxy/share/ament_cmake/cmake)
-- Found PythonInterp: /usr/bin/python3 (found suitable version "3.8.10", minimum required is "3") 
-- Using PYTHON_EXECUTABLE: /usr/bin/python3
-- Found std_msgs: 2.0.5 (/opt/ros/foxy/share/std_msgs/cmake)
-- Using all available rosidl_typesupport_c: rosidl_typesupport_fastrtps_c;rosidl_typesupport_introspection_c
-- Found rosidl_adapter: 1.2.1 (/opt/ros/foxy/share/rosidl_adapter/cmake)
-- Found OpenSSL: /usr/lib/x86_64-linux-gnu/libcrypto.so (found version "1.1.1f")  
-- Found FastRTPS: /opt/ros/foxy/include  
-- Using all available rosidl_typesupport_cpp: rosidl_typesupport_fastrtps_cpp;rosidl_typesupport_introspection_cpp
-- Found rosidl_default_generators: 1.0.1 (/opt/ros/foxy/share/rosidl_default_generators/cmake)
-- Found PythonInterp: /usr/bin/python3 (found version "3.8.10") 
-- Found ament_cmake_ros: 0.9.2 (/opt/ros/foxy/share/ament_cmake_ros/cmake)
-- Using all available rosidl_typesupport_c: rosidl_typesupport_fastrtps_c;rosidl_typesupport_introspection_c
-- Using all available rosidl_typesupport_cpp: rosidl_typesupport_fastrtps_cpp;rosidl_typesupport_introspection_cpp
-- Found PythonInterp: /usr/bin/python3 (found suitable version "3.8.10", minimum required is "3.5") 
-- Found python_cmake_module: 0.8.1 (/opt/ros/foxy/share/python_cmake_module/cmake)
-- Found PythonLibs: /usr/lib/x86_64-linux-gnu/libpython3.8.so (found suitable version "3.8.10", minimum required is "3.5") 
-- Using PYTHON_EXECUTABLE: /usr/bin/python3
-- Using PYTHON_INCLUDE_DIRS: /usr/include/python3.8
-- Using PYTHON_LIBRARIES: /usr/lib/x86_64-linux-gnu/libpython3.8.so
-- Found PythonExtra: .so  
-- Found ament_lint_auto: 0.9.6 (/opt/ros/foxy/share/ament_lint_auto/cmake)
-- Added test 'copyright' to check source files copyright and LICENSE
-- Added test 'lint_cmake' to check CMake code style
-- Added test 'xmllint' to check XML markup files
-- Configuring done
-- Generating done
-- Build files have been written to: /home/kcg/Autonomous_kcg/switch_ws/Deliverables/colcon_workspace/build/tracked_lane_msgs
[  1%] [34m[1mGenerating C code for ROS interfaces[0m
[35m[1mScanning dependencies of target tracked_lane_msgs__cpp[0m
[  3%] [34m[1mGenerating C++ code for ROS interfaces[0m
[  3%] Built target tracked_lane_msgs__cpp
[  7%] [34m[1mGenerating C++ type support dispatch for ROS interfaces[0m
[  7%] [34m[1mGenerating C++ type support for eProsima Fast-RTPS[0m
[  9%] [34m[1mGenerating C++ introspection for ROS interfaces[0m
[35m[1mScanning dependencies of target tracked_lane_msgs__rosidl_generator_c[0m
[ 14%] [32mBuilding C object CMakeFiles/tracked_lane_msgs__rosidl_generator_c.dir/rosidl_generator_c/tracked_lane_msgs/msg/detail/lane_results__functions.c.o[0m
[ 14%] [32mBuilding C object CMakeFiles/tracked_lane_msgs__rosidl_generator_c.dir/rosidl_generator_c/tracked_lane_msgs/msg/detail/boundary__functions.c.o[0m
[ 16%] [32mBuilding C object CMakeFiles/tracked_lane_msgs__rosidl_generator_c.dir/rosidl_generator_c/tracked_lane_msgs/msg/detail/point__functions.c.o[0m
[ 14%] [32mBuilding C object CMakeFiles/tracked_lane_msgs__rosidl_generator_c.dir/rosidl_generator_c/tracked_lane_msgs/msg/detail/lane__functions.c.o[0m
[ 18%] [32m[1mLinking C shared library libtracked_lane_msgs__rosidl_generator_c.so[0m
[ 18%] Built target tracked_lane_msgs__rosidl_generator_c
[ 21%] [34m[1mGenerating C introspection for ROS interfaces[0m
[ 21%] [34m[1mGenerating C type support dispatch for ROS interfaces[0m
[35m[1mScanning dependencies of target tracked_lane_msgs__rosidl_typesupport_cpp[0m
[ 23%] [32mBuilding CXX object CMakeFiles/tracked_lane_msgs__rosidl_typesupport_cpp.dir/rosidl_typesupport_cpp/tracked_lane_msgs/msg/lane_results__type_support.cpp.o[0m
[ 25%] [32mBuilding CXX object CMakeFiles/tracked_lane_msgs__rosidl_typesupport_cpp.dir/rosidl_typesupport_cpp/tracked_lane_msgs/msg/lane__type_support.cpp.o[0m
[ 27%] [32mBuilding CXX object CMakeFiles/tracked_lane_msgs__rosidl_typesupport_cpp.dir/rosidl_typesupport_cpp/tracked_lane_msgs/msg/boundary__type_support.cpp.o[0m
[ 29%] [32mBuilding CXX object CMakeFiles/tracked_lane_msgs__rosidl_typesupport_cpp.dir/rosidl_typesupport_cpp/tracked_lane_msgs/msg/point__type_support.cpp.o[0m
[35m[1mScanning dependencies of target tracked_lane_msgs__rosidl_typesupport_introspection_cpp[0m
[ 30%] [32mBuilding CXX object CMakeFiles/tracked_lane_msgs__rosidl_typesupport_introspection_cpp.dir/rosidl_typesupport_introspection_cpp/tracked_lane_msgs/msg/detail/lane_results__type_support.cpp.o[0m
[35m[1mScanning dependencies of target tracked_lane_msgs__rosidl_typesupport_fastrtps_cpp[0m
[ 32%] [32mBuilding CXX object CMakeFiles/tracked_lane_msgs__rosidl_typesupport_fastrtps_cpp.dir/rosidl_typesupport_fastrtps_cpp/tracked_lane_msgs/msg/detail/dds_fastrtps/lane_results__type_support.cpp.o[0m
[35m[1mScanning dependencies of target tracked_lane_msgs__rosidl_typesupport_c[0m
[ 34%] [32mBuilding CXX object CMakeFiles/tracked_lane_msgs__rosidl_typesupport_c.dir/rosidl_typesupport_c/tracked_lane_msgs/msg/lane_results__type_support.cpp.o[0m
[ 36%] [32mBuilding CXX object CMakeFiles/tracked_lane_msgs__rosidl_typesupport_introspection_cpp.dir/rosidl_typesupport_introspection_cpp/tracked_lane_msgs/msg/detail/lane__type_support.cpp.o[0m
[ 38%] [32mBuilding CXX object CMakeFiles/tracked_lane_msgs__rosidl_typesupport_introspection_cpp.dir/rosidl_typesupport_introspection_cpp/tracked_lane_msgs/msg/detail/boundary__type_support.cpp.o[0m
[ 40%] [32mBuilding CXX object CMakeFiles/tracked_lane_msgs__rosidl_typesupport_fastrtps_cpp.dir/rosidl_typesupport_fastrtps_cpp/tracked_lane_msgs/msg/detail/dds_fastrtps/lane__type_support.cpp.o[0m
[35m[1mScanning dependencies of target tracked_lane_msgs__rosidl_typesupport_introspection_c[0m
[ 41%] [32mBuilding CXX object CMakeFiles/tracked_lane_msgs__rosidl_typesupport_c.dir/rosidl_typesupport_c/tracked_lane_msgs/msg/lane__type_support.cpp.o[0m
[ 43%] [32m[1mLinking CXX shared library libtracked_lane_msgs__rosidl_typesupport_cpp.so[0m
[ 45%] [32mBuilding C object CMakeFiles/tracked_lane_msgs__rosidl_typesupport_introspection_c.dir/rosidl_typesupport_introspection_c/tracked_lane_msgs/msg/detail/lane_results__type_support.c.o[0m
[ 47%] [32mBuilding CXX object CMakeFiles/tracked_lane_msgs__rosidl_typesupport_c.dir/rosidl_typesupport_c/tracked_lane_msgs/msg/boundary__type_support.cpp.o[0m
[ 49%] [32mBuilding C object CMakeFiles/tracked_lane_msgs__rosidl_typesupport_introspection_c.dir/rosidl_typesupport_introspection_c/tracked_lane_msgs/msg/detail/lane__type_support.c.o[0m
[ 49%] Built target tracked_lane_msgs__rosidl_typesupport_cpp
[ 50%] [32mBuilding CXX object CMakeFiles/tracked_lane_msgs__rosidl_typesupport_c.dir/rosidl_typesupport_c/tracked_lane_msgs/msg/point__type_support.cpp.o[0m
[ 52%] [32mBuilding CXX object CMakeFiles/tracked_lane_msgs__rosidl_typesupport_introspection_cpp.dir/rosidl_typesupport_introspection_cpp/tracked_lane_msgs/msg/detail/point__type_support.cpp.o[0m
[ 54%] [32mBuilding C object CMakeFiles/tracked_lane_msgs__rosidl_typesupport_introspection_c.dir/rosidl_typesupport_introspection_c/tracked_lane_msgs/msg/detail/point__type_support.c.o[0m
[ 56%] [32mBuilding C object CMakeFiles/tracked_lane_msgs__rosidl_typesupport_introspection_c.dir/rosidl_typesupport_introspection_c/tracked_lane_msgs/msg/detail/boundary__type_support.c.o[0m
[ 58%] [32mBuilding CXX object CMakeFiles/tracked_lane_msgs__rosidl_typesupport_fastrtps_cpp.dir/rosidl_typesupport_fastrtps_cpp/tracked_lane_msgs/msg/detail/dds_fastrtps/boundary__type_support.cpp.o[0m
[ 60%] [32m[1mLinking CXX shared library libtracked_lane_msgs__rosidl_typesupport_c.so[0m
[ 61%] [32m[1mLinking C shared library libtracked_lane_msgs__rosidl_typesupport_introspection_c.so[0m
[ 63%] [32mBuilding CXX object CMakeFiles/tracked_lane_msgs__rosidl_typesupport_fastrtps_cpp.dir/rosidl_typesupport_fastrtps_cpp/tracked_lane_msgs/msg/detail/dds_fastrtps/point__type_support.cpp.o[0m
[ 63%] Built target tracked_lane_msgs__rosidl_typesupport_c
[ 63%] Built target tracked_lane_msgs__rosidl_typesupport_introspection_c
[ 65%] [32m[1mLinking CXX shared library libtracked_lane_msgs__rosidl_typesupport_introspection_cpp.so[0m
[ 65%] Built target tracked_lane_msgs__rosidl_typesupport_introspection_cpp
[ 67%] [32m[1mLinking CXX shared library libtracked_lane_msgs__rosidl_typesupport_fastrtps_cpp.so[0m
[ 67%] Built target tracked_lane_msgs__rosidl_typesupport_fastrtps_cpp
[ 69%] [34m[1mGenerating C type support for eProsima Fast-RTPS[0m
[35m[1mScanning dependencies of target tracked_lane_msgs__rosidl_typesupport_fastrtps_c[0m
[ 70%] [32mBuilding CXX object CMakeFiles/tracked_lane_msgs__rosidl_typesupport_fastrtps_c.dir/rosidl_typesupport_fastrtps_c/tracked_lane_msgs/msg/detail/lane_results__type_support_c.cpp.o[0m
[ 72%] [32mBuilding CXX object CMakeFiles/tracked_lane_msgs__rosidl_typesupport_fastrtps_c.dir/rosidl_typesupport_fastrtps_c/tracked_lane_msgs/msg/detail/lane__type_support_c.cpp.o[0m
[ 74%] [32mBuilding CXX object CMakeFiles/tracked_lane_msgs__rosidl_typesupport_fastrtps_c.dir/rosidl_typesupport_fastrtps_c/tracked_lane_msgs/msg/detail/boundary__type_support_c.cpp.o[0m
[ 76%] [32mBuilding CXX object CMakeFiles/tracked_lane_msgs__rosidl_typesupport_fastrtps_c.dir/rosidl_typesupport_fastrtps_c/tracked_lane_msgs/msg/detail/point__type_support_c.cpp.o[0m
[ 78%] [32m[1mLinking CXX shared library libtracked_lane_msgs__rosidl_typesupport_fastrtps_c.so[0m
[ 78%] Built target tracked_lane_msgs__rosidl_typesupport_fastrtps_c
[35m[1mScanning dependencies of target tracked_lane_msgs[0m
[ 78%] Built target tracked_lane_msgs
[35m[1mScanning dependencies of target tracked_lane_msgs__py[0m
[ 80%] [34m[1mGenerating Python code for ROS interfaces[0m
[ 80%] Built target tracked_lane_msgs__py
[35m[1mScanning dependencies of target tracked_lane_msgs__python[0m
[ 81%] [32mBuilding C object CMakeFiles/tracked_lane_msgs__python.dir/rosidl_generator_py/tracked_lane_msgs/msg/_boundary_s.c.o[0m
[ 83%] [32mBuilding C object CMakeFiles/tracked_lane_msgs__python.dir/rosidl_generator_py/tracked_lane_msgs/msg/_point_s.c.o[0m
[ 85%] [32mBuilding C object CMakeFiles/tracked_lane_msgs__python.dir/rosidl_generator_py/tracked_lane_msgs/msg/_lane_s.c.o[0m
[ 87%] [32mBuilding C object CMakeFiles/tracked_lane_msgs__python.dir/rosidl_generator_py/tracked_lane_msgs/msg/_lane_results_s.c.o[0m
[ 89%] [32m[1mLinking C shared library rosidl_generator_py/tracked_lane_msgs/libtracked_lane_msgs__python.so[0m
[ 89%] Built target tracked_lane_msgs__python
[35m[1mScanning dependencies of target tracked_lane_msgs__rosidl_typesupport_c__pyext[0m
[35m[1mScanning dependencies of target tracked_lane_msgs__rosidl_typesupport_introspection_c__pyext[0m
[35m[1mScanning dependencies of target tracked_lane_msgs__rosidl_typesupport_fastrtps_c__pyext[0m
[ 92%] [32mBuilding C object CMakeFiles/tracked_lane_msgs__rosidl_typesupport_c__pyext.dir/rosidl_generator_py/tracked_lane_msgs/_tracked_lane_msgs_s.ep.rosidl_typesupport_c.c.o[0m
[ 92%] [32mBuilding C object CMakeFiles/tracked_lane_msgs__rosidl_typesupport_introspection_c__pyext.dir/rosidl_generator_py/tracked_lane_msgs/_tracked_lane_msgs_s.ep.rosidl_typesupport_introspection_c.c.o[0m
[ 94%] [32mBuilding C object CMakeFiles/tracked_lane_msgs__rosidl_typesupport_fastrtps_c__pyext.dir/rosidl_generator_py/tracked_lane_msgs/_tracked_lane_msgs_s.ep.rosidl_typesupport_fastrtps_c.c.o[0m
[ 98%] [32m[1mLinking C shared library rosidl_generator_py/tracked_lane_msgs/tracked_lane_msgs_s__rosidl_typesupport_c.cpython-38-x86_64-linux-gnu.so[0m
[ 98%] [32m[1mLinking C shared library rosidl_generator_py/tracked_lane_msgs/tracked_lane_msgs_s__rosidl_typesupport_introspection_c.cpython-38-x86_64-linux-gnu.so[0m
[100%] [32m[1mLinking CXX shared library rosidl_generator_py/tracked_lane_msgs/tracked_lane_msgs_s__rosidl_typesupport_fastrtps_c.cpython-38-x86_64-linux-gnu.so[0m
[100%] Built target tracked_lane_msgs__rosidl_typesupport_introspection_c__pyext
[100%] Built target tracked_lane_msgs__rosidl_typesupport_c__pyext
[100%] Built target tracked_lane_msgs__rosidl_typesupport_fastrtps_c__pyext
-- Install configuration: ""
-- Installing: /home/kcg/Autonomous_kcg/switch_ws/Deliverables/colcon_workspace/install/tracked_lane_msgs/share/ament_index/resource_index/rosidl_interfaces/tracked_lane_msgs
-- Installing: /home/kcg/Autonomous_kcg/switch_ws/Deliverables/colcon_workspace/install/tracked_lane_msgs/include/tracked_lane_msgs
-- Installing: /home/kcg/Autonomous_kcg/switch_ws/Deliverables/colcon_workspace/install/tracked_lane_msgs/include/tracked_lane_msgs/msg
-- Installing: /home/kcg/Autonomous_kcg/switch_ws/Deliverables/colcon_workspace/install/tracked_lane_msgs/include/tracked_lane_msgs/msg/point.h
-- Installing: /home/kcg/Autonomous_kcg/switch_ws/Deliverables/colcon_workspace/install/tracked_lane_msgs/include/tracked_lane_msgs/msg/rosidl_generator_c__visibility_control.h
-- Installing: /home/kcg/Autonomous_kcg/switch_ws/Deliverables/colcon_workspace/install/tracked_lane_msgs/include/tracked_lane_msgs/msg/lane.h
-- Installing: /home/kcg/Autonomous_kcg/switch_ws/Deliverables/colcon_workspace/install/tracked_lane_msgs/include/tracked_lane_msgs/msg/lane_results.h
-- Installing: /home/kcg/Autonomous_kcg/switch_ws/Deliverables/colcon_workspace/install/tracked_lane_msgs/include/tracked_lane_msgs/msg/detail
-- Installing: /home/kcg/Autonomous_kcg/switch_ws/Deliverables/colcon_workspace/install/tracked_lane_msgs/include/tracked_lane_msgs/msg/detail/lane__functions.h
-- Installing: /home/kcg/Autonomous_kcg/switch_ws/Deliverables/colcon_workspace/install/tracked_lane_msgs/include/tracked_lane_msgs/msg/detail/point__type_support.h
-- Installing: /home/kcg/Autonomous_kcg/switch_ws/Deliverables/colcon_workspace/install/tracked_lane_msgs/include/tracked_lane_msgs/msg/detail/lane__functions.c
-- Installing: /home/kcg/Autonomous_kcg/switch_ws/Deliverables/colcon_workspace/install/tracked_lane_msgs/include/tracked_lane_msgs/msg/detail/point__functions.h
-- Installing: /home/kcg/Autonomous_kcg/switch_ws/Deliverables/colcon_workspace/install/tracked_lane_msgs/include/tracked_lane_msgs/msg/detail/lane_results__functions.c
-- Installing: /home/kcg/Autonomous_kcg/switch_ws/Deliverables/colcon_workspace/install/tracked_lane_msgs/include/tracked_lane_msgs/msg/detail/boundary__type_support.h
-- Installing: /home/kcg/Autonomous_kcg/switch_ws/Deliverables/colcon_workspace/install/tracked_lane_msgs/include/tracked_lane_msgs/msg/detail/lane_results__struct.h
-- Installing: /home/kcg/Autonomous_kcg/switch_ws/Deliverables/colcon_workspace/install/tracked_lane_msgs/include/tracked_lane_msgs/msg/detail/boundary__struct.h
-- Installing: /home/kcg/Autonomous_kcg/switch_ws/Deliverables/colcon_workspace/install/tracked_lane_msgs/include/tracked_lane_msgs/msg/detail/boundary__functions.h
-- Installing: /home/kcg/Autonomous_kcg/switch_ws/Deliverables/colcon_workspace/install/tracked_lane_msgs/include/tracked_lane_msgs/msg/detail/lane_results__type_support.h
-- Installing: /home/kcg/Autonomous_kcg/switch_ws/Deliverables/colcon_workspace/install/tracked_lane_msgs/include/tracked_lane_msgs/msg/detail/point__struct.h
-- Installing: /home/kcg/Autonomous_kcg/switch_ws/Deliverables/colcon_workspace/install/tracked_lane_msgs/include/tracked_lane_msgs/msg/detail/lane_results__functions.h
-- Installing: /home/kcg/Autonomous_kcg/switch_ws/Deliverables/colcon_workspace/install/tracked_lane_msgs/include/tracked_lane_msgs/msg/detail/point__functions.c
-- Installing: /home/kcg/Autonomous_kcg/switch_ws/Deliverables/colcon_workspace/install/tracked_lane_msgs/include/tracked_lane_msgs/msg/detail/lane__type_support.h
-- Installing: /home/kcg/Autonomous_kcg/switch_ws/Deliverables/colcon_workspace/install/tracked_lane_msgs/include/tracked_lane_msgs/msg/detail/lane__struct.h
-- Installing: /home/kcg/Autonomous_kcg/switch_ws/Deliverables/colcon_workspace/install/tracked_lane_msgs/include/tracked_lane_msgs/msg/detail/boundary__functions.c
-- Installing: /home/kcg/Autonomous_kcg/switch_ws/Deliverables/colcon_workspace/install/tracked_lane_msgs/include/tracked_lane_msgs/msg/boundary.h
-- Installing: /home/kcg/Autonomous_kcg/switch_ws/Deliverables/colcon_workspace/install/tracked_lane_msgs/share/tracked_lane_msgs/environment/library_path.sh
-- Installing: /home/kcg/Autonomous_kcg/switch_ws/Deliverables/colcon_workspace/install/tracked_lane_msgs/share/tracked_lane_msgs/environment/library_path.dsv
-- Installing: /home/kcg/Autonomous_kcg/switch_ws/Deliverables/colcon_workspace/install/tracked_lane_msgs/lib/libtracked_lane_msgs__rosidl_generator_c.so
-- Set runtime path of "/home/kcg/Autonomous_kcg/switch_ws/Deliverables/colcon_workspace/install/tracked_lane_msgs/lib/libtracked_lane_msgs__rosidl_generator_c.so" to ""
-- Up-to-date: /home/kcg/Autonomous_kcg/switch_ws/Deliverables/colcon_workspace/install/tracked_lane_msgs/include/tracked_lane_msgs
-- Up-to-date: /home/kcg/Autonomous_kcg/switch_ws/Deliverables/colcon_workspace/install/tracked_lane_msgs/include/tracked_lane_msgs/msg
-- Installing: /home/kcg/Autonomous_kcg/switch_ws/Deliverables/colcon_workspace/install/tracked_lane_msgs/include/tracked_lane_msgs/msg/rosidl_typesupport_fastrtps_c__visibility_control.h
-- Up-to-date: /home/kcg/Autonomous_kcg/switch_ws/Deliverables/colcon_workspace/install/tracked_lane_msgs/include/tracked_lane_msgs/msg/detail
-- Installing: /home/kcg/Autonomous_kcg/switch_ws/Deliverables/colcon_workspace/install/tracked_lane_msgs/include/tracked_lane_msgs/msg/detail/lane_results__rosidl_typesupport_fastrtps_c.h
-- Installing: /home/kcg/Autonomous_kcg/switch_ws/Deliverables/colcon_workspace/install/tracked_lane_msgs/include/tracked_lane_msgs/msg/detail/point__rosidl_typesupport_fastrtps_c.h
-- Installing: /home/kcg/Autonomous_kcg/switch_ws/Deliverables/colcon_workspace/install/tracked_lane_msgs/include/tracked_lane_msgs/msg/detail/boundary__rosidl_typesupport_fastrtps_c.h
-- Installing: /home/kcg/Autonomous_kcg/switch_ws/Deliverables/colcon_workspace/install/tracked_lane_msgs/include/tracked_lane_msgs/msg/detail/lane__rosidl_typesupport_fastrtps_c.h
-- Installing: /home/kcg/Autonomous_kcg/switch_ws/Deliverables/colcon_workspace/install/tracked_lane_msgs/lib/libtracked_lane_msgs__rosidl_typesupport_fastrtps_c.so
-- Set runtime path of "/home/kcg/Autonomous_kcg/switch_ws/Deliverables/colcon_workspace/install/tracked_lane_msgs/lib/libtracked_lane_msgs__rosidl_typesupport_fastrtps_c.so" to ""
-- Up-to-date: /home/kcg/Autonomous_kcg/switch_ws/Deliverables/colcon_workspace/install/tracked_lane_msgs/include/tracked_lane_msgs
-- Up-to-date: /home/kcg/Autonomous_kcg/switch_ws/Deliverables/colcon_workspace/install/tracked_lane_msgs/include/tracked_lane_msgs/msg
-- Up-to-date: /home/kcg/Autonomous_kcg/switch_ws/Deliverables/colcon_workspace/install/tracked_lane_msgs/include/tracked_lane_msgs/msg/detail
-- Installing: /home/kcg/Autonomous_kcg/switch_ws/Deliverables/colcon_workspace/install/tracked_lane_msgs/include/tracked_lane_msgs/msg/detail/dds_fastrtps
-- Installing: /home/kcg/Autonomous_kcg/switch_ws/Deliverables/colcon_workspace/install/tracked_lane_msgs/include/tracked_lane_msgs/msg/detail/point__rosidl_typesupport_fastrtps_cpp.hpp
-- Installing: /home/kcg/Autonomous_kcg/switch_ws/Deliverables/colcon_workspace/install/tracked_lane_msgs/include/tracked_lane_msgs/msg/detail/lane__rosidl_typesupport_fastrtps_cpp.hpp
-- Installing: /home/kcg/Autonomous_kcg/switch_ws/Deliverables/colcon_workspace/install/tracked_lane_msgs/include/tracked_lane_msgs/msg/detail/boundary__rosidl_typesupport_fastrtps_cpp.hpp
-- Installing: /home/kcg/Autonomous_kcg/switch_ws/Deliverables/colcon_workspace/install/tracked_lane_msgs/include/tracked_lane_msgs/msg/detail/lane_results__rosidl_typesupport_fastrtps_cpp.hpp
-- Installing: /home/kcg/Autonomous_kcg/switch_ws/Deliverables/colcon_workspace/install/tracked_lane_msgs/include/tracked_lane_msgs/msg/rosidl_typesupport_fastrtps_cpp__visibility_control.h
-- Installing: /home/kcg/Autonomous_kcg/switch_ws/Deliverables/colcon_workspace/install/tracked_lane_msgs/lib/libtracked_lane_msgs__rosidl_typesupport_fastrtps_cpp.so
-- Set runtime path of "/home/kcg/Autonomous_kcg/switch_ws/Deliverables/colcon_workspace/install/tracked_lane_msgs/lib/libtracked_lane_msgs__rosidl_typesupport_fastrtps_cpp.so" to ""
-- Up-to-date: /home/kcg/Autonomous_kcg/switch_ws/Deliverables/colcon_workspace/install/tracked_lane_msgs/include/tracked_lane_msgs
-- Up-to-date: /home/kcg/Autonomous_kcg/switch_ws/Deliverables/colcon_workspace/install/tracked_lane_msgs/include/tracked_lane_msgs/msg
-- Installing: /home/kcg/Autonomous_kcg/switch_ws/Deliverables/colcon_workspace/install/tracked_lane_msgs/include/tracked_lane_msgs/msg/rosidl_typesupport_introspection_c__visibility_control.h
-- Up-to-date: /home/kcg/Autonomous_kcg/switch_ws/Deliverables/colcon_workspace/install/tracked_lane_msgs/include/tracked_lane_msgs/msg/detail
-- Installing: /home/kcg/Autonomous_kcg/switch_ws/Deliverables/colcon_workspace/install/tracked_lane_msgs/include/tracked_lane_msgs/msg/detail/point__type_support.c
-- Installing: /home/kcg/Autonomous_kcg/switch_ws/Deliverables/colcon_workspace/install/tracked_lane_msgs/include/tracked_lane_msgs/msg/detail/lane__rosidl_typesupport_introspection_c.h
-- Installing: /home/kcg/Autonomous_kcg/switch_ws/Deliverables/colcon_workspace/install/tracked_lane_msgs/include/tracked_lane_msgs/msg/detail/boundary__rosidl_typesupport_introspection_c.h
-- Installing: /home/kcg/Autonomous_kcg/switch_ws/Deliverables/colcon_workspace/install/tracked_lane_msgs/include/tracked_lane_msgs/msg/detail/lane__type_support.c
-- Installing: /home/kcg/Autonomous_kcg/switch_ws/Deliverables/colcon_workspace/install/tracked_lane_msgs/include/tracked_lane_msgs/msg/detail/point__rosidl_typesupport_introspection_c.h
-- Installing: /home/kcg/Autonomous_kcg/switch_ws/Deliverables/colcon_workspace/install/tracked_lane_msgs/include/tracked_lane_msgs/msg/detail/lane_results__rosidl_typesupport_introspection_c.h
-- Installing: /home/kcg/Autonomous_kcg/switch_ws/Deliverables/colcon_workspace/install/tracked_lane_msgs/include/tracked_lane_msgs/msg/detail/lane_results__type_support.c
-- Installing: /home/kcg/Autonomous_kcg/switch_ws/Deliverables/colcon_workspace/install/tracked_lane_msgs/include/tracked_lane_msgs/msg/detail/boundary__type_support.c
-- Installing: /home/kcg/Autonomous_kcg/switch_ws/Deliverables/colcon_workspace/install/tracked_lane_msgs/lib/libtracked_lane_msgs__rosidl_typesupport_introspection_c.so
-- Set runtime path of "/home/kcg/Autonomous_kcg/switch_ws/Deliverables/colcon_workspace/install/tracked_lane_msgs/lib/libtracked_lane_msgs__rosidl_typesupport_introspection_c.so" to ""
-- Installing: /home/kcg/Autonomous_kcg/switch_ws/Deliverables/colcon_workspace/install/tracked_lane_msgs/lib/libtracked_lane_msgs__rosidl_typesupport_c.so
-- Set runtime path of "/home/kcg/Autonomous_kcg/switch_ws/Deliverables/colcon_workspace/install/tracked_lane_msgs/lib/libtracked_lane_msgs__rosidl_typesupport_c.so" to ""
-- Up-to-date: /home/kcg/Autonomous_kcg/switch_ws/Deliverables/colcon_workspace/install/tracked_lane_msgs/include/tracked_lane_msgs
-- Up-to-date: /home/kcg/Autonomous_kcg/switch_ws/Deliverables/colcon_workspace/install/tracked_lane_msgs/include/tracked_lane_msgs/msg
-- Installing: /home/kcg/Autonomous_kcg/switch_ws/Deliverables/colcon_workspace/install/tracked_lane_msgs/include/tracked_lane_msgs/msg/lane_results.hpp
-- Installing: /home/kcg/Autonomous_kcg/switch_ws/Deliverables/colcon_workspace/install/tracked_lane_msgs/include/tracked_lane_msgs/msg/lane.hpp
-- Installing: /home/kcg/Autonomous_kcg/switch_ws/Deliverables/colcon_workspace/install/tracked_lane_msgs/include/tracked_lane_msgs/msg/point.hpp
-- Installing: /home/kcg/Autonomous_kcg/switch_ws/Deliverables/colcon_workspace/install/tracked_lane_msgs/include/tracked_lane_msgs/msg/boundary.hpp
-- Up-to-date: /home/kcg/Autonomous_kcg/switch_ws/Deliverables/colcon_workspace/install/tracked_lane_msgs/include/tracked_lane_msgs/msg/detail
-- Installing: /home/kcg/Autonomous_kcg/switch_ws/Deliverables/colcon_workspace/install/tracked_lane_msgs/include/tracked_lane_msgs/msg/detail/point__builder.hpp
-- Installing: /home/kcg/Autonomous_kcg/switch_ws/Deliverables/colcon_workspace/install/tracked_lane_msgs/include/tracked_lane_msgs/msg/detail/boundary__traits.hpp
-- Installing: /home/kcg/Autonomous_kcg/switch_ws/Deliverables/colcon_workspace/install/tracked_lane_msgs/include/tracked_lane_msgs/msg/detail/lane__builder.hpp
-- Installing: /home/kcg/Autonomous_kcg/switch_ws/Deliverables/colcon_workspace/install/tracked_lane_msgs/include/tracked_lane_msgs/msg/detail/boundary__struct.hpp
-- Installing: /home/kcg/Autonomous_kcg/switch_ws/Deliverables/colcon_workspace/install/tracked_lane_msgs/include/tracked_lane_msgs/msg/detail/lane_results__struct.hpp
-- Installing: /home/kcg/Autonomous_kcg/switch_ws/Deliverables/colcon_workspace/install/tracked_lane_msgs/include/tracked_lane_msgs/msg/detail/boundary__builder.hpp
-- Installing: /home/kcg/Autonomous_kcg/switch_ws/Deliverables/colcon_workspace/install/tracked_lane_msgs/include/tracked_lane_msgs/msg/detail/lane_results__traits.hpp
-- Installing: /home/kcg/Autonomous_kcg/switch_ws/Deliverables/colcon_workspace/install/tracked_lane_msgs/include/tracked_lane_msgs/msg/detail/point__struct.hpp
-- Installing: /home/kcg/Autonomous_kcg/switch_ws/Deliverables/colcon_workspace/install/tracked_lane_msgs/include/tracked_lane_msgs/msg/detail/lane_results__builder.hpp
-- Installing: /home/kcg/Autonomous_kcg/switch_ws/Deliverables/colcon_workspace/install/tracked_lane_msgs/include/tracked_lane_msgs/msg/detail/lane__traits.hpp
-- Installing: /home/kcg/Autonomous_kcg/switch_ws/Deliverables/colcon_workspace/install/tracked_lane_msgs/include/tracked_lane_msgs/msg/detail/lane__struct.hpp
-- Installing: /home/kcg/Autonomous_kcg/switch_ws/Deliverables/colcon_workspace/install/tracked_lane_msgs/include/tracked_lane_msgs/msg/detail/point__traits.hpp
-- Up-to-date: /home/kcg/Autonomous_kcg/switch_ws/Deliverables/colcon_workspace/install/tracked_lane_msgs/include/tracked_lane_msgs
-- Up-to-date: /home/kcg/Autonomous_kcg/switch_ws/Deliverables/colcon_workspace/install/tracked_lane_msgs/include/tracked_lane_msgs/msg
-- Up-to-date: /home/kcg/Autonomous_kcg/switch_ws/Deliverables/colcon_workspace/install/tracked_lane_msgs/include/tracked_lane_msgs/msg/detail
-- Installing: /home/kcg/Autonomous_kcg/switch_ws/Deliverables/colcon_workspace/install/tracked_lane_msgs/include/tracked_lane_msgs/msg/detail/lane_results__type_support.cpp
-- Installing: /home/kcg/Autonomous_kcg/switch_ws/Deliverables/colcon_workspace/install/tracked_lane_msgs/include/tracked_lane_msgs/msg/detail/point__type_support.cpp
-- Installing: /home/kcg/Autonomous_kcg/switch_ws/Deliverables/colcon_workspace/install/tracked_lane_msgs/include/tracked_lane_msgs/msg/detail/point__rosidl_typesupport_introspection_cpp.hpp
-- Installing: /home/kcg/Autonomous_kcg/switch_ws/Deliverables/colcon_workspace/install/tracked_lane_msgs/include/tracked_lane_msgs/msg/detail/lane_results__rosidl_typesupport_introspection_cpp.hpp
-- Installing: /home/kcg/Autonomous_kcg/switch_ws/Deliverables/colcon_workspace/install/tracked_lane_msgs/include/tracked_lane_msgs/msg/detail/boundary__rosidl_typesupport_introspection_cpp.hpp
-- Installing: /home/kcg/Autonomous_kcg/switch_ws/Deliverables/colcon_workspace/install/tracked_lane_msgs/include/tracked_lane_msgs/msg/detail/boundary__type_support.cpp
-- Installing: /home/kcg/Autonomous_kcg/switch_ws/Deliverables/colcon_workspace/install/tracked_lane_msgs/include/tracked_lane_msgs/msg/detail/lane__type_support.cpp
-- Installing: /home/kcg/Autonomous_kcg/switch_ws/Deliverables/colcon_workspace/install/tracked_lane_msgs/include/tracked_lane_msgs/msg/detail/lane__rosidl_typesupport_introspection_cpp.hpp
-- Installing: /home/kcg/Autonomous_kcg/switch_ws/Deliverables/colcon_workspace/install/tracked_lane_msgs/lib/libtracked_lane_msgs__rosidl_typesupport_introspection_cpp.so
-- Set runtime path of "/home/kcg/Autonomous_kcg/switch_ws/Deliverables/colcon_workspace/install/tracked_lane_msgs/lib/libtracked_lane_msgs__rosidl_typesupport_introspection_cpp.so" to ""
-- Installing: /home/kcg/Autonomous_kcg/switch_ws/Deliverables/colcon_workspace/install/tracked_lane_msgs/lib/libtracked_lane_msgs__rosidl_typesupport_cpp.so
-- Set runtime path of "/home/kcg/Autonomous_kcg/switch_ws/Deliverables/colcon_workspace/install/tracked_lane_msgs/lib/libtracked_lane_msgs__rosidl_typesupport_cpp.so" to ""
-- Installing: /home/kcg/Autonomous_kcg/switch_ws/Deliverables/colcon_workspace/install/tracked_lane_msgs/share/tracked_lane_msgs/environment/pythonpath.sh
-- Installing: /home/kcg/Autonomous_kcg/switch_ws/Deliverables/colcon_workspace/install/tracked_lane_msgs/share/tracked_lane_msgs/environment/pythonpath.dsv
-- Installing: /home/kcg/Autonomous_kcg/switch_ws/Deliverables/colcon_workspace/install/tracked_lane_msgs/lib/python3.8/site-packages/tracked_lane_msgs/__init__.py
Compiling '/home/kcg/Autonomous_kcg/switch_ws/Deliverables/colcon_workspace/install/tracked_lane_msgs/lib/python3.8/site-packages/tracked_lane_msgs/__init__.py'...
-- Installing: /home/kcg/Autonomous_kcg/switch_ws/Deliverables/colcon_workspace/install/tracked_lane_msgs/lib/python3.8/site-packages/tracked_lane_msgs/msg
-- Installing: /home/kcg/Autonomous_kcg/switch_ws/Deliverables/colcon_workspace/install/tracked_lane_msgs/lib/python3.8/site-packages/tracked_lane_msgs/msg/_lane.py
-- Installing: /home/kcg/Autonomous_kcg/switch_ws/Deliverables/colcon_workspace/install/tracked_lane_msgs/lib/python3.8/site-packages/tracked_lane_msgs/msg/_lane_s.c
-- Installing: /home/kcg/Autonomous_kcg/switch_ws/Deliverables/colcon_workspace/install/tracked_lane_msgs/lib/python3.8/site-packages/tracked_lane_msgs/msg/_point_s.c
-- Installing: /home/kcg/Autonomous_kcg/switch_ws/Deliverables/colcon_workspace/install/tracked_lane_msgs/lib/python3.8/site-packages/tracked_lane_msgs/msg/_point.py
-- Installing: /home/kcg/Autonomous_kcg/switch_ws/Deliverables/colcon_workspace/install/tracked_lane_msgs/lib/python3.8/site-packages/tracked_lane_msgs/msg/_lane_results_s.c
-- Installing: /home/kcg/Autonomous_kcg/switch_ws/Deliverables/colcon_workspace/install/tracked_lane_msgs/lib/python3.8/site-packages/tracked_lane_msgs/msg/_boundary.py
-- Installing: /home/kcg/Autonomous_kcg/switch_ws/Deliverables/colcon_workspace/install/tracked_lane_msgs/lib/python3.8/site-packages/tracked_lane_msgs/msg/_lane_results.py
-- Installing: /home/kcg/Autonomous_kcg/switch_ws/Deliverables/colcon_workspace/install/tracked_lane_msgs/lib/python3.8/site-packages/tracked_lane_msgs/msg/__init__.py
-- Installing: /home/kcg/Autonomous_kcg/switch_ws/Deliverables/colcon_workspace/install/tracked_lane_msgs/lib/python3.8/site-packages/tracked_lane_msgs/msg/_boundary_s.c
-- Installing: /home/kcg/Autonomous_kcg/switch_ws/Deliverables/colcon_workspace/install/tracked_lane_msgs/lib/python3.8/site-packages/tracked_lane_msgs/tracked_lane_msgs_s__rosidl_typesupport_fastrtps_c.cpython-38-x86_64-linux-gnu.so
-- Set runtime path of "/home/kcg/Autonomous_kcg/switch_ws/Deliverables/colcon_workspace/install/tracked_lane_msgs/lib/python3.8/site-packages/tracked_lane_msgs/tracked_lane_msgs_s__rosidl_typesupport_fastrtps_c.cpython-38-x86_64-linux-gnu.so" to ""
-- Installing: /home/kcg/Autonomous_kcg/switch_ws/Deliverables/colcon_workspace/install/tracked_lane_msgs/lib/python3.8/site-packages/tracked_lane_msgs/tracked_lane_msgs_s__rosidl_typesupport_introspection_c.cpython-38-x86_64-linux-gnu.so
-- Set runtime path of "/home/kcg/Autonomous_kcg/switch_ws/Deliverables/colcon_workspace/install/tracked_lane_msgs/lib/python3.8/site-packages/tracked_lane_msgs/tracked_lane_msgs_s__rosidl_typesupport_introspection_c.cpython-38-x86_64-linux-gnu.so" to ""
-- Installing: /home/kcg/Autonomous_kcg/switch_ws/Deliverables/colcon_workspace/install/tracked_lane_msgs/lib/python3.8/site-packages/tracked_lane_msgs/tracked_lane_msgs_s__rosidl_typesupport_c.cpython-38-x86_64-linux-gnu.so
-- Set runtime path of "/home/kcg/Autonomous_kcg/switch_ws/Deliverables/colcon_workspace/install/tracked_lane_msgs/lib/python3.8/site-packages/tracked_lane_msgs/tracked_lane_msgs_s__rosidl_typesupport_c.cpython-38-x86_64-linux-gnu.so" to ""
-- Installing: /home/kcg/Autonomous_kcg/switch_ws/Deliverables/colcon_workspace/install/tracked_lane_msgs/lib/libtracked_lane_msgs__python.so
-- Set runtime path of "/home/kcg/Autonomous_kcg/switch_ws/Deliverables/colcon_workspace/install/tracked_lane_msgs/lib/libtracked_lane_msgs__python.so" to ""
-- Installing: /home/kcg/Autonomous_kcg/switch_ws/Deliverables/colcon_workspace/install/tracked_lane_msgs/share/tracked_lane_msgs/msg/LaneResults.idl
-- Installing: /home/kcg/Autonomous_kcg/switch_ws/Deliverables/colcon_workspace/install/tracked_lane_msgs/share/tracked_lane_msgs/msg/Lane.idl
-- Installing: /home/kcg/Autonomous_kcg/switch_ws/Deliverables/colcon_workspace/install/tracked_lane_msgs/share/tracked_lane_msgs/msg/Boundary.idl
-- Installing: /home/kcg/Autonomous_kcg/switch_ws/Deliverables/colcon_workspace/install/tracked_lane_msgs/share/tracked_lane_msgs/msg/Point.idl
-- Installing: /home/kcg/Autonomous_kcg/switch_ws/Deliverables/colcon_workspace/install/tracked_lane_msgs/share/tracked_lane_msgs/msg/LaneResults.msg
-- Installing: /home/kcg/Autonomous_kcg/switch_ws/Deliverables/colcon_workspace/install/tracked_lane_msgs/share/tracked_lane_msgs/msg/Lane.msg
-- Installing: /home/kcg/Autonomous_kcg/switch_ws/Deliverables/colcon_workspace/install/tracked_lane_msgs/share/tracked_lane_msgs/msg/Boundary.msg
-- Installing: /home/kcg/Autonomous_kcg/switch_ws/Deliverables/colcon_workspace/install/tracked_lane_msgs/share/tracked_lane_msgs/msg/Point.msg
-- Installing: /home/kcg/Autonomous_kcg/switch_ws/Deliverables/colcon_workspace/install/tracked_lane_msgs/share/ament_index/resource_index/package_run_dependencies/tracked_lane_msgs
-- Installing: /home/kcg/Autonomous_kcg/switch_ws/Deliverables/colcon_workspace/install/tracked_lane_msgs/share/ament_index/resource_index/parent_prefix_path/tracked_lane_msgs
-- Installing: /home/kcg/Autonomous_kcg/switch_ws/Deliverables/colcon_workspace/install/tracked_lane_msgs/share/tracked_lane_msgs/environment/ament_prefix_path.sh
-- Installing: /home/kcg/Autonomous_kcg/switch_ws/Deliverables/colcon_workspace/install/tracked_lane_msgs/share/tracked_lane_msgs/environment/ament_prefix_path.dsv
-- Installing: /home/kcg/Autonomous_kcg/switch_ws/Deliverables/colcon_workspace/install/tracked_lane_msgs/share/tracked_lane_msgs/environment/path.sh
-- Installing: /home/kcg/Autonomous_kcg/switch_ws/Deliverables/colcon_workspace/install/tracked_lane_msgs/share/tracked_lane_msgs/environment/path.dsv
-- Installing: /home/kcg/Autonomous_kcg/switch_ws/Deliverables/colcon_workspace/install/tracked_lane_msgs/share/tracked_lane_msgs/local_setup.bash
-- Installing: /home/kcg/Autonomous_kcg/switch_ws/Deliverables/colcon_workspace/install/tracked_lane_msgs/share/tracked_lane_msgs/local_setup.sh
-- Installing: /home/kcg/Autonomous_kcg/switch_ws/Deliverables/colcon_workspace/install/tracked_lane_msgs/share/tracked_lane_msgs/local_setup.zsh
-- Installing: /home/kcg/Autonomous_kcg/switch_ws/Deliverables/colcon_workspace/install/tracked_lane_msgs/share/tracked_lane_msgs/local_setup.dsv
-- Installing: /home/kcg/Autonomous_kcg/switch_ws/Deliverables/colcon_workspace/install/tracked_lane_msgs/share/tracked_lane_msgs/package.dsv
-- Installing: /home/kcg/Autonomous_kcg/switch_ws/Deliverables/colcon_workspace/install/tracked_lane_msgs/share/ament_index/resource_index/packages/tracked_lane_msgs
-- Installing: /home/kcg/Autonomous_kcg/switch_ws/Deliverables/colcon_workspace/install/tracked_lane_msgs/share/tracked_lane_msgs/cmake/tracked_lane_msgs__rosidl_generator_cExport.cmake
-- Installing: /home/kcg/Autonomous_kcg/switch_ws/Deliverables/colcon_workspace/install/tracked_lane_msgs/share/tracked_lane_msgs/cmake/tracked_lane_msgs__rosidl_generator_cExport-noconfig.cmake
-- Installing: /home/kcg/Autonomous_kcg/switch_ws/Deliverables/colcon_workspace/install/tracked_lane_msgs/share/tracked_lane_msgs/cmake/tracked_lane_msgs__rosidl_typesupport_introspection_cExport.cmake
-- Installing: /home/kcg/Autonomous_kcg/switch_ws/Deliverables/colcon_workspace/install/tracked_lane_msgs/share/tracked_lane_msgs/cmake/tracked_lane_msgs__rosidl_typesupport_introspection_cExport-noconfig.cmake
-- Installing: /home/kcg/Autonomous_kcg/switch_ws/Deliverables/colcon_workspace/install/tracked_lane_msgs/share/tracked_lane_msgs/cmake/tracked_lane_msgs__rosidl_typesupport_cExport.cmake
-- Installing: /home/kcg/Autonomous_kcg/switch_ws/Deliverables/colcon_workspace/install/tracked_lane_msgs/share/tracked_lane_msgs/cmake/tracked_lane_msgs__rosidl_typesupport_cExport-noconfig.cmake
-- Installing: /home/kcg/Autonomous_kcg/switch_ws/Deliverables/colcon_workspace/install/tracked_lane_msgs/share/tracked_lane_msgs/cmake/tracked_lane_msgs__rosidl_generator_cppExport.cmake
-- Installing: /home/kcg/Autonomous_kcg/switch_ws/Deliverables/colcon_workspace/install/tracked_lane_msgs/share/tracked_lane_msgs/cmake/tracked_lane_msgs__rosidl_typesupport_introspection_cppExport.cmake
-- Installing: /home/kcg/Autonomous_kcg/switch_ws/Deliverables/colcon_workspace/install/tracked_lane_msgs/share/tracked_lane_msgs/cmake/tracked_lane_msgs__rosidl_typesupport_introspection_cppExport-noconfig.cmake
-- Installing: /home/kcg/Autonomous_kcg/switch_ws/Deliverables/colcon_workspace/install/tracked_lane_msgs/share/tracked_lane_msgs/cmake/tracked_lane_msgs__rosidl_typesupport_cppExport.cmake
-- Installing: /home/kcg/Autonomous_kcg/switch_ws/Deliverables/colcon_workspace/install/tracked_lane_msgs/share/tracked_lane_msgs/cmake/tracked_lane_msgs__rosidl_typesupport_cppExport-noconfig.cmake
-- Installing: /home/kcg/Autonomous_kcg/switch_ws/Deliverables/colcon_workspace/install/tracked_lane_msgs/share/tracked_lane_msgs/cmake/rosidl_cmake-extras.cmake
-- Installing: /home/kcg/Autonomous_kcg/switch_ws/Deliverables/colcon_workspace/install/tracked_lane_msgs/share/tracked_lane_msgs/cmake/ament_cmake_export_dependencies-extras.cmake
-- Installing: /home/kcg/Autonomous_kcg/switch_ws/Deliverables/colcon_workspace/install/tracked_lane_msgs/share/tracked_lane_msgs/cmake/ament_cmake_export_libraries-extras.cmake
-- Installing: /home/kcg/Autonomous_kcg/switch_ws/Deliverables/colcon_workspace/install/tracked_lane_msgs/share/tracked_lane_msgs/cmake/ament_cmake_export_targets-extras.cmake
-- Installing: /home/kcg/Autonomous_kcg/switch_ws/Deliverables/colcon_workspace/install/tracked_lane_msgs/share/tracked_lane_msgs/cmake/ament_cmake_export_include_directories-extras.cmake
-- Installing: /home/kcg/Autonomous_kcg/switch_ws/Deliverables/colcon_workspace/install/tracked_lane_msgs/share/tracked_lane_msgs/cmake/rosidl_cmake_export_typesupport_libraries-extras.cmake
-- Installing: /home/kcg/Autonomous_kcg/switch_ws/Deliverables/colcon_workspace/install/tracked_lane_msgs/share/tracked_lane_msgs/cmake/rosidl_cmake_export_typesupport_targets-extras.cmake
-- Installing: /home/kcg/Autonomous_kcg/switch_ws/Deliverables/colcon_workspace/install/tracked_lane_msgs/share/tracked_lane_msgs/cmake/tracked_lane_msgsConfig.cmake
-- Installing: /home/kcg/Autonomous_kcg/switch_ws/Deliverables/colcon_workspace/install/tracked_lane_msgs/share/tracked_lane_msgs/cmake/tracked_lane_msgsConfig-version.cmake
-- Installing: /home/kcg/Autonomous_kcg/switch_ws/Deliverables/colcon_workspace/install/tracked_lane_msgs/share/tracked_lane_msgs/package.xml
